Set parameter TSPort to value 51199
Set parameter TokenServer to value "open-license1.lanl.gov"
Set parameter TimeLimit to value 8192
Set parameter Threads to value 1
Gurobi Optimizer version 10.0.3 build v10.0.3rc0 (linux64)

CPU model: Intel(R) Xeon(R) CPU E5-2695 v4 @ 2.10GHz, instruction set [SSE2|AVX|AVX2]
Thread count: 36 physical cores, 72 logical processors, using up to 1 threads

Optimize a model with 0 rows, 2396 columns and 0 nonzeros
Model fingerprint: 0x908cd62c
Model has 11006 quadratic objective terms
Variable types: 0 continuous, 2396 integer (2396 binary)
Coefficient statistics:
  Matrix range     [0e+00, 0e+00]
  Objective range  [2e+00, 3e+01]
  QObjective range [8e+00, 8e+00]
  Bounds range     [1e+00, 1e+00]
  RHS range        [0e+00, 0e+00]
Found heuristic solution: objective 0.0000000
Found heuristic solution: objective -4104.000000
Found heuristic solution: objective -14834.00000
Found heuristic solution: objective -14890.00000
Presolve removed 0 rows and 3 columns
Presolve time: 0.35s
Presolved: 11002 rows, 13395 columns, 33006 nonzeros
Variable types: 0 continuous, 13395 integer (13395 binary)

Root relaxation: objective -2.076100e+04, 3409 iterations, 0.05 seconds (0.02 work units)

    Nodes    |    Current Node    |     Objective Bounds      |     Work
 Expl Unexpl |  Obj  Depth IntInf | Incumbent    BestBd   Gap | It/Node Time

     0     0 -20761.000    0 2393 -14890.000 -20761.000  39.4%     -    0s
     0     0 -19390.000    0 3078 -14890.000 -19390.000  30.2%     -    1s
     0     0 -19242.500    0 3159 -14890.000 -19242.500  29.2%     -    1s
     0     0 -19236.500    0 3160 -14890.000 -19236.500  29.2%     -    1s
     0     0 -18945.000    0 3367 -14890.000 -18945.000  27.2%     -    2s
     0     0 -18945.000    0 3353 -14890.000 -18945.000  27.2%     -    2s
     0     2 -18945.000    0 3345 -14890.000 -18945.000  27.2%     -    3s
    95    97 -18482.500   48 3759 -14890.000 -18931.000  27.1%   118    5s
   365   367 -17395.333  183 4368 -14890.000 -18931.000  27.1%  95.6   10s
   648   650 -16462.250  324 4576 -14890.000 -18931.000  27.1%  83.4   15s
H  675   675                    -14896.00000 -18931.000  27.1%  82.6   15s
   864   866 -15795.000  433 4690 -14896.000 -18931.000  27.1%  77.9   21s
  1094  1096 -15288.500  550 4463 -14896.000 -18931.000  27.1%  72.8   25s
H 1144  1144                    -14898.00000 -18931.000  27.1%  72.0   25s
H 1222  1222                    -14900.00000 -18931.000  27.1%  69.7   26s
H 1300  1300                    -14902.00000 -18931.000  27.0%  67.8   27s
H 1352  1305                    -14908.00000 -18931.000  27.0%  66.2   29s
  1360  1306 -17623.500  154 5501 -14908.000 -18931.000  27.0%  66.0   32s
  1364  1309 -18340.500    8 3729 -14908.000 -18340.500  23.0%  65.8   35s
  1373  1315 -17704.582  128 4662 -14908.000 -17704.582  18.8%  65.4   50s
  1374  1315 -16672.917  293 4997 -14908.000 -17611.184  18.1%  65.3   61s
  1375  1316 -17024.000  236 5012 -14908.000 -17591.328  18.0%  65.3   66s
  1376  1317 -17063.500  229 5142 -14908.000 -17583.508  17.9%  65.2   70s
  1382  1321 -16060.250  388 5409 -14908.000 -17579.338  17.9%  64.9   75s
  1385  1323 -15320.500  545 5759 -14908.000 -17294.922  16.0%  64.8  118s
  1386  1323 -16978.833  242 6217 -14908.000 -17237.175  15.6%  64.8  156s
  1387  1324 -17220.602   20 6468 -14908.000 -17220.602  15.5%  64.7  179s
  1388  1325 -15712.500  451 6565 -14908.000 -17216.153  15.5%  64.7  186s
  1390  1326 -15604.000  489 6687 -14908.000 -17213.975  15.5%  64.6  191s
  1395  1329 -15264.000  557 6821 -14908.000 -17213.436  15.5%  64.3  195s
  1398  1331 -16175.250  370 6989 -14908.000 -17020.603  14.2%  64.2  278s
  1399  1332 -15137.500  586 7330 -14908.000 -16971.458  13.8%  64.2  342s
  1400  1333 -15489.500  514 7615 -14908.000 -16960.593  13.8%  64.1  361s
  1401  1333 -16956.987   22 7694 -14908.000 -16956.987  13.7%  64.1  372s
  1402  1334 -16955.481  207 7812 -14908.000 -16955.481  13.7%  64.0  378s
  1403  1335 -15708.500  452 7860 -14908.000 -16954.960  13.7%  64.0  382s
  1405  1336 -14940.667  653 7905 -14908.000 -16954.562  13.7%  63.9  385s
  1410  1339 -16797.810  224 8393 -14908.000 -16797.810  12.7%  63.7  506s
  1411  1340 -15634.000  471 8720 -14908.000 -16766.560  12.5%  63.6  585s
  1412  1341 -16758.690   87 8966 -14908.000 -16758.690  12.4%  63.6  613s
  1413  1341 -16756.253   19 9058 -14908.000 -16756.253  12.4%  63.5  626s
  1414  1342 -16506.000  318 9063 -14908.000 -16755.216  12.4%  63.5  634s
  1415  1343 -15186.000  576 9111 -14908.000 -16754.320  12.4%  63.4  640s
  1417  1344 -16754.014  173 9181 -14908.000 -16754.014  12.4%  63.3  645s
  1420  1346 -16393.250  337 9200 -14908.000 -16753.973  12.4%  63.2  650s
  1421  1347 -16049.250  389 9530 -14908.000 -16630.201  11.6%  63.2  796s
  1422  1347 -16505.750  318 10017 -14908.000 -16607.137  11.4%  63.1  890s
  1423  1348 -16603.066  213 10161 -14908.000 -16603.066  11.4%  63.1  918s
  1424  1349 -16601.327  280 10143 -14908.000 -16601.327  11.4%  63.0  932s
  1425  1349 -16600.692  106 10260 -14908.000 -16600.692  11.4%  63.0  941s
  1426  1350 -15933.250  410 10345 -14908.000 -16600.324  11.4%  62.9  946s
  1428  1351 -16322.250  348 10351 -14908.000 -16600.198  11.4%  62.9  950s
  1431  1353 -16540.622  223 10313 -14908.000 -16540.622  11.0%  62.7 1077s
  1432  1354 -15818.250  429 10722 -14908.000 -16526.524  10.9%  62.7 1154s
  1433  1355 -15797.000  434 10773 -14908.000 -16523.847  10.8%  62.6 1183s
  1434  1355 -16523.077  242 10733 -14908.000 -16523.077  10.8%  62.6 1193s
  1435  1356 -16522.816   60 10768 -14908.000 -16522.816  10.8%  62.5 1198s
  1436  1357 -16522.712  192 10790 -14908.000 -16522.712  10.8%  62.5 1202s
  1437  1357 -15913.250  413 10788 -14908.000 -16522.660  10.8%  62.5 1205s
  1441  1360 -16469.616  283 10882 -14908.000 -16469.616  10.5%  62.3 1341s
  1442  1361 -15623.500  478 11024 -14908.000 -16460.716  10.4%  62.2 1411s
  1443  1361 -16459.019  181 11100 -14908.000 -16459.019  10.4%  62.2 1431s
  1444  1362 -15155.500  580 11112 -14908.000 -16458.456  10.4%  62.2 1444s
  1445  1363 -15733.500  446 11145 -14908.000 -16458.320  10.4%  62.1 1448s
  1446  1363 -16458.245  250 11163 -14908.000 -16458.245  10.4%  62.1 1452s
  1449  1365 -15393.500  534 11192 -14908.000 -16458.215  10.4%  61.9 1457s
  1450  1366 -16426.284  170 11033 -14908.000 -16426.284  10.2%  61.9 1582s
  1451  1367 -16419.221  225 11147 -14908.000 -16419.221  10.1%  61.9 1648s
  1452  1367 -16418.148  164 11175 -14908.000 -16418.148  10.1%  61.8 1663s
  1453  1368 -16417.848  276 11219 -14908.000 -16417.848  10.1%  61.8 1670s
  1454  1369 -16417.723  289 11229 -14908.000 -16417.723  10.1%  61.7 1676s
  1456  1370 -15215.000  567 11258 -14908.000 -16417.674  10.1%  61.6 1680s
  1458  1371 -15459.500  521 11162 -14908.000 -16389.551  9.94%  61.6 1802s
  1459  1372 -16384.449   78 11268 -14908.000 -16384.449  9.90%  61.5 1853s
  1460  1373 -16383.261  154 11305 -14908.000 -16383.261  9.90%  61.5 1870s
  1461  1373 -16382.753   27 11337 -14908.000 -16382.753  9.89%  61.4 1883s
  1462  1374 -15169.000  578 11348 -14908.000 -16382.620  9.89%  61.4 1887s
  1464  1375 -16382.570    8 11362 -14908.000 -16382.570  9.89%  61.3 1891s
  1467  1377 -15642.000  470 11300 -14908.000 -16359.701  9.74%  61.2 2005s
  1468  1378 -16355.515  222 11384 -14908.000 -16355.515  9.71%  61.1 2052s
  1469  1379 -16354.437  188 11456 -14908.000 -16354.437  9.70%  61.1 2070s
  1470  1379 -16354.121  237 11455 -14908.000 -16354.121  9.70%  61.1 2078s
  1471  1380 -16354.046  192 11508 -14908.000 -16354.046  9.70%  61.0 2081s
  1474  1382 -16354.015  293 11517 -14908.000 -16354.015  9.70%  60.9 2087s
  1475  1383 -16338.473  236 11380 -14908.000 -16338.473  9.60%  60.9 2183s
  1476  1383 -16335.494  229 11454 -14908.000 -16335.494  9.58%  60.8 2229s
  1477  1384 -15393.500  534 11507 -14908.000 -16334.965  9.57%  60.8 2241s
  1478  1385 -15203.000  571 11529 -14908.000 -16334.842  9.57%  60.7 2246s
  1480  1386 -15489.500  514 11555 -14908.000 -16334.786  9.57%  60.6 2250s
  1482  1387 -16060.250  388 11472 -14908.000 -16314.585  9.44%  60.6 2371s
  1483  1388 -16309.644  162 11556 -14908.000 -16309.644  9.40%  60.5 2429s
  1484  1389 -15348.500  541 11591 -14908.000 -16308.845  9.40%  60.5 2445s
  1485  1389 -15320.500  545 11613 -14908.000 -16308.586  9.39%  60.4 2453s
  1486  1390 -16308.521  242 11626 -14908.000 -16308.521  9.39%  60.4 2456s
  1488  1391 -15712.500  451 11646 -14908.000 -16308.497  9.39%  60.3 2460s
  1489  1392 -16096.500  381 11566 -14908.000 -16296.080  9.31%  60.3 2558s
  1490  1393 -15604.000  489 11636 -14908.000 -16292.780  9.29%  60.2 2604s
  1491  1393 -16292.189  283 11706 -14908.000 -16292.189  9.28%  60.2 2618s
  1492  1394 -16292.074  268 11717 -14908.000 -16292.074  9.28%  60.2 2623s
  1493  1395 -16291.992  103 11729 -14908.000 -16291.992  9.28%  60.1 2627s
  1495  1396 -15264.000  557 11770 -14908.000 -16291.935  9.28%  60.0 2630s
  1498  1398 -16175.250  370 11609 -14908.000 -16282.191  9.22%  59.9 2721s
  1499  1399 -15137.500  586 11678 -14908.000 -16280.139  9.20%  59.9 2761s
  1500  1399 -15489.500  514 11728 -14908.000 -16279.692  9.20%  59.8 2777s
  1501  1400 -16279.581   22 11746 -14908.000 -16279.581  9.20%  59.8 2782s
  1502  1401 -16279.529  207 11769 -14908.000 -16279.529  9.20%  59.8 2785s
  1506  1403 -16270.368  166 11673 -14908.000 -16270.368  9.14%  59.6 2875s
  1507  1404 -16267.814  293 11735 -14908.000 -16267.814  9.12%  59.6 2914s
  1508  1405 -16267.238   25 11782 -14908.000 -16267.238  9.12%  59.5 2928s
  1509  1405 -16267.101  355 11778 -14908.000 -16267.101  9.12%  59.5 2933s
  1510  1406 -16267.048  224 11798 -14908.000 -16267.048  9.12%  59.4 2936s
  1513  1408 -16267.022   19 11813 -14908.000 -16267.022  9.12%  59.3 2941s
  1514  1409 -16258.675  318 11732 -14908.000 -16258.675  9.06%  59.3 3024s
  1515  1409 -15186.000  576 11808 -14908.000 -16256.323  9.04%  59.2 3071s
  1516  1410 -15265.000  556 11850 -14908.000 -16255.753  9.04%  59.2 3086s
  1517  1411 -16255.612  173 11888 -14908.000 -16255.612  9.04%  59.2 3094s
  1518  1411 -16255.580   51 11883 -14908.000 -16255.580  9.04%  59.1 3097s
  1520  1413 -16255.560  337 11903 -14908.000 -16255.560  9.04%  59.0 3100s
  1522  1414 -16247.241  318 11751 -14908.000 -16247.241  8.98%  59.0 3197s
  1523  1415 -16245.286  213 11832 -14908.000 -16245.286  8.97%  58.9 3238s
  1524  1415 -16244.929  280 11888 -14908.000 -16244.929  8.97%  58.9 3252s
  1525  1416 -16244.850  106 11899 -14908.000 -16244.850  8.97%  58.9 3258s
  1526  1417 -15933.250  410 11893 -14908.000 -16244.827  8.97%  58.8 3260s
  1531  1420 -16238.520  223 11810 -14908.000 -16238.520  8.92%  58.6 3334s
  1532  1421 -15818.250  429 11881 -14908.000 -16236.624  8.91%  58.6 3372s
  1533  1421 -15797.000  434 11897 -14908.000 -16236.316  8.91%  58.5 3384s
  1534  1422 -16236.252  242 11916 -14908.000 -16236.252  8.91%  58.5 3389s
  1535  1423 -16236.233   60 11932 -14908.000 -16236.233  8.91%  58.5 3391s
  1538  1425 -16230.867   65 11853 -14908.000 -16230.867  8.87%  58.4 3464s
  1539  1425 -16229.004   47 11902 -14908.000 -16229.004  8.86%  58.3 3504s
  1540  1426 -15658.000  465 11937 -14908.000 -16228.632  8.86%  58.3 3518s
  1541  1427 -16228.464  283 11959 -14908.000 -16228.464  8.86%  58.2 3527s
  1542  1427 -15623.500  478 11984 -14908.000 -16228.428  8.86%  58.2 3531s
  1549  1432 -15393.500  534 11998 -14908.000 -16228.417  8.86%  57.9 3535s
  1557  1438 -15426.000  528 4585 -14908.000 -16228.417  8.86%  1505 3546s
  1558  1439 -15459.500  521 6118 -14908.000 -16228.417  8.86%  1504 3579s
  1559  1440 -16228.417   78 7928 -14908.000 -16228.417  8.86%  1503 3679s
  1560  1440 -16228.417  154 9484 -14908.000 -16228.417  8.86%  1502 3836s
  1561  1441 -16228.417   27 11152 -14908.000 -16228.417  8.86%  1501 4065s
  1562  1442 -15169.000  578 11581 -14908.000 -16228.417  8.86%  1500 4282s
  1563  1442 -15115.500  594 11737 -14908.000 -16228.417  8.86%  1499 4387s
  1564  1443 -16228.417    8 11840 -14908.000 -16228.417  8.86%  1498 4429s
  1565  1444 -15678.000  459 11898 -14908.000 -16228.417  8.86%  1497 4447s
  1566  1444 -16228.417   84 11903 -14908.000 -16228.417  8.86%  1496 4457s
  1567  1445 -15642.000  470 11919 -14908.000 -16228.417  8.86%  1495 4462s
  1568  1446 -16228.417  222 11951 -14908.000 -16228.417  8.86%  1494 4465s
  1571  1448 -16228.417  192 11966 -14908.000 -16228.417  8.86%  1491 4471s
  1572  1448 -16209.935  321 11875 -14908.000 -16209.935  8.73%  1490 4619s
  1573  1449 -16207.495  128 11905 -14908.000 -16207.495  8.72%  1489 4660s
  1574  1450 -16207.214  293 11936 -14908.000 -16207.214  8.71%  1488 4669s
  1575  1450 -16207.127  236 11951 -14908.000 -16207.127  8.71%  1487 4674s
  1576  1451 -16207.109  229 11961 -14908.000 -16207.109  8.71%  1486 4677s
  1577  1452 -15393.500  534 11965 -14908.000 -16207.106  8.71%  1485 4680s
  1578  1452 -15203.000  571 11888 -14908.000 -16194.647  8.63%  1485 4794s
  1579  1453 -16192.862   48 11951 -14908.000 -16192.862  8.62%  1484 4833s
  1580  1454 -15489.500  514 11965 -14908.000 -16192.464  8.62%  1483 4848s
  1581  1454 -16192.407  201 11979 -14908.000 -16192.407  8.62%  1482 4852s
  1582  1455 -16060.250  388 11988 -14908.000 -16192.383  8.62%  1481 4855s
  1584  1456 -15348.500  541 12000 -14908.000 -16192.376  8.62%  1479 4861s
  1585  1457 -15320.500  545 11967 -14908.000 -16181.539  8.54%  1478 4976s
  1586  1458 -16180.112  242 12037 -14908.000 -16180.112  8.53%  1477 5011s
  1587  1458 -16179.858   20 12074 -14908.000 -16179.858  8.53%  1476 5022s
  1588  1459 -15712.500  451 12095 -14908.000 -16179.796  8.53%  1475 5026s
  1590  1460 -15604.000  489 12095 -14908.000 -16179.762  8.53%  1473 5030s
  1592  1462 -16171.630  268 12022 -14908.000 -16171.630  8.48%  1471 5134s
  1593  1462 -16169.604  103 12085 -14908.000 -16169.604  8.46%  1471 5177s
  1594  1463 -16169.176  292 12123 -14908.000 -16169.176  8.46%  1470 5193s
  1595  1464 -15264.000  557 12141 -14908.000 -16169.024  8.46%  1469 5203s
  1596  1464 -16169.003  313 12154 -14908.000 -16169.003  8.46%  1468 5205s
  1598  1466 -16168.996  370 12174 -14908.000 -16168.996  8.46%  1466 5210s
  1599  1466 -15137.500  586 12100 -14908.000 -16160.754  8.40%  1465 5314s
  1600  1467 -15489.500  514 12166 -14908.000 -16159.470  8.39%  1464 5349s
  1601  1468 -16159.191   22 12197 -14908.000 -16159.191  8.39%  1463 5361s
  1602  1468 -16159.117  207 12222 -14908.000 -16159.117  8.39%  1462 5367s
  1604  1470 -16159.101  268 12231 -14908.000 -16159.101  8.39%  1460 5374s
  1605  1470 -14940.667  653 12147 -14908.000 -16153.320  8.35%  1460 5458s
  1606  1471 -16152.348  166 12208 -14908.000 -16152.348  8.35%  1459 5490s
  1607  1472 -16152.104  293 12241 -14908.000 -16152.104  8.35%  1458 5502s
  1608  1472 -16152.049   25 12247 -14908.000 -16152.049  8.34%  1457 5508s
  1609  1473 -16152.029  355 12269 -14908.000 -16152.029  8.34%  1456 5511s
  1610  1474 -16152.026  224 12277 -14908.000 -16152.026  8.34%  1455 5515s
  1611  1474 -15634.000  471 12174 -14908.000 -16147.778  8.32%  1454 5590s
  1612  1475 -16146.866   87 12224 -14908.000 -16146.866  8.31%  1453 5617s
  1613  1476 -16146.697   19 12239 -14908.000 -16146.697  8.31%  1452 5627s
  1614  1476 -16146.652  318 12267 -14908.000 -16146.652  8.31%  1451 5631s
  1616  1478 -15265.000  556 12286 -14908.000 -16146.635  8.31%  1450 5638s
  1617  1478 -16142.453  173 12245 -14908.000 -16142.453  8.28%  1449 5712s
  1618  1479 -16141.752   51 12276 -14908.000 -16141.752  8.28%  1448 5739s
  1619  1480 -16141.582  249 12304 -14908.000 -16141.582  8.27%  1447 5749s
  1620  1480 -16141.522  337 12320 -14908.000 -16141.522  8.27%  1446 5754s
  1621  1481 -16049.250  389 12332 -14908.000 -16141.512  8.27%  1445 5756s
  1623  1482 -16141.507  213 12337 -14908.000 -16141.507  8.27%  1443 5761s
  1624  1483 -16137.391  280 12240 -14908.000 -16137.391  8.25%  1442 5835s
  1625  1484 -16136.311  106 12280 -14908.000 -16136.311  8.24%  1442 5868s
  1626  1484 -15933.250  410 12306 -14908.000 -16136.066  8.24%  1441 5881s
  1627  1485 -16136.002   82 12318 -14908.000 -16136.002  8.24%  1440 5887s
  1628  1486 -16135.981  348 12336 -14908.000 -16135.981  8.24%  1439 5890s
  1630  1487 -15553.500  497 12335 -14908.000 -16135.973  8.24%  1437 5895s
  1631  1488 -16132.477  223 12294 -14908.000 -16132.477  8.21%  1436 5962s
  1632  1488 -15818.250  429 12357 -14908.000 -16131.654  8.21%  1435 5992s
  1633  1489 -15797.000  434 12370 -14908.000 -16131.444  8.21%  1435 6002s
  1634  1490 -16131.385  242 12381 -14908.000 -16131.385  8.21%  1434 6007s
  1636  1491 -16131.364  192 12402 -14908.000 -16131.364  8.21%  1432 6014s
  1637  1492 -15913.250  413 12290 -14908.000 -16127.296  8.18%  1431 6092s
  1638  1492 -16126.483   65 12327 -14908.000 -16126.483  8.17%  1430 6123s
  1639  1493 -16126.316   47 12341 -14908.000 -16126.316  8.17%  1429 6134s
  1640  1494 -15658.000  465 12368 -14908.000 -16126.278  8.17%  1428 6138s
  1642  1495 -15623.500  478 12383 -14908.000 -16126.268  8.17%  1427 6144s
  1643  1496 -16122.890  181 12299 -14908.000 -16122.890  8.15%  1426 6212s
  1644  1496 -15155.500  580 12345 -14908.000 -16122.120  8.14%  1425 6241s
  1645  1497 -15733.500  446 12355 -14908.000 -16121.994  8.14%  1424 6250s
  1646  1498 -16121.946  250 12380 -14908.000 -16121.946  8.14%  1423 6255s
  1648  1499 -16121.931  267 12401 -14908.000 -16121.931  8.14%  1421 6262s
  1649  1500 -15393.500  534 12371 -14908.000 -16119.666  8.13%  1421 6318s
  1650  1500 -16119.121  170 12369 -14908.000 -16119.121  8.12%  1420 6340s
  1651  1501 -16118.986  225 12379 -14908.000 -16118.986  8.12%  1419 6349s
  1652  1502 -16118.952  164 12397 -14908.000 -16118.952  8.12%  1418 6353s
  1653  1502 -16118.939  276 12410 -14908.000 -16118.939  8.12%  1417 6356s
  1655  1504 -15201.000  571 12416 -14908.000 -16118.930  8.12%  1415 6362s
  1656  1504 -15215.000  567 12339 -14908.000 -16117.122  8.11%  1415 6407s
  1657  1505 -15426.000  528 12389 -14908.000 -16116.649  8.11%  1414 6426s
  1658  1506 -15459.500  521 12405 -14908.000 -16116.533  8.11%  1413 6434s
  1659  1506 -16116.509   78 12411 -14908.000 -16116.509  8.11%  1412 6437s
  1661  1508 -16116.493   27 12417 -14908.000 -16116.493  8.11%  1410 6443s
  1662  1508 -15169.000  578 12327 -14908.000 -16113.557  8.09%  1410 6509s
  1663  1509 -15115.500  594 12384 -14908.000 -16112.878  8.08%  1409 6536s
  1664  1510 -16112.739    8 12392 -14908.000 -16112.739  8.08%  1408 6545s
  1665  1510 -15678.000  459 12401 -14908.000 -16112.622  8.08%  1407 6553s
  1666  1511 -16112.563   84 12421 -14908.000 -16112.563  8.08%  1406 6558s
  1667  1512 -15642.000  470 12428 -14908.000 -16112.535  8.08%  1405 6562s
  1669  1513 -16112.519  188 12440 -14908.000 -16112.519  8.08%  1404 6568s
  1670  1514 -16109.707  237 12350 -14908.000 -16109.707  8.06%  1403 6630s
  1671  1514 -16109.021  192 12397 -14908.000 -16109.021  8.06%  1402 6659s
  1672  1515 -16108.894  321 12406 -14908.000 -16108.894  8.06%  1401 6668s
  1673  1516 -16108.862  128 12416 -14908.000 -16108.862  8.06%  1400 6671s
  1675  1517 -16108.844  236 12431 -14908.000 -16108.844  8.06%  1399 6678s
  1676  1518 -16107.215  229 12373 -14908.000 -16107.215  8.04%  1398 6723s
  1677  1518 -15393.500  534 12385 -14908.000 -16106.763  8.04%  1397 6744s
  1678  1519 -15203.000  571 12404 -14908.000 -16106.701  8.04%  1396 6750s
  1679  1520 -16106.658   48 12427 -14908.000 -16106.658  8.04%  1395 6755s
  1681  1521 -16106.621  201 12441 -14908.000 -16106.621  8.04%  1394 6760s
  1683  1522 -16106.613  162 12457 -14908.000 -16106.613  8.04%  1392 6765s
  1684  1523 -15348.500  541 12394 -14908.000 -16105.443  8.03%  1391 6801s
  1685  1524 -15320.500  545 12435 -14908.000 -16105.051  8.03%  1390 6819s
  1686  1524 -16104.938  242 12438 -14908.000 -16104.938  8.03%  1389 6827s
  1687  1525 -16104.914   20 12455 -14908.000 -16104.914  8.03%  1389 6830s
  1689  1526 -16096.500  381 12460 -14908.000 -16104.900  8.03%  1387 6835s
  1690  1527 -15604.000  489 12367 -14908.000 -16103.399  8.02%  1386 6877s
  1691  1528 -16102.850  283 12409 -14908.000 -16102.850  8.01%  1385 6903s
  1692  1528 -16102.707  268 12434 -14908.000 -16102.707  8.01%  1385 6913s
  1693  1529 -16102.654  103 12439 -14908.000 -16102.654  8.01%  1384 6919s
  1694  1530 -16102.645  292 12458 -14908.000 -16102.645  8.01%  1383 6921s
  1695  1530 -15264.000  557 12463 -14908.000 -16102.640  8.01%  1382 6925s
  1696  1531 -16100.937  313 12408 -14908.000 -16100.937  8.00%  1381 6969s
  1697  1532 -16100.260   38 12430 -14908.000 -16100.260  8.00%  1380 6998s
  1698  1532 -16100.143  370 12444 -14908.000 -16100.143  8.00%  1380 7008s
  1699  1533 -15137.500  586 12468 -14908.000 -16100.116  8.00%  1379 7012s
  1701  1534 -16100.104   22 12476 -14908.000 -16100.104  8.00%  1377 7017s
  1702  1535 -16098.844  207 12411 -14908.000 -16098.844  7.99%  1376 7055s
  1703  1536 -15708.500  452 12445 -14908.000 -16098.480  7.99%  1376 7073s
  1704  1536 -16098.414  268 12448 -14908.000 -16098.414  7.99%  1375 7080s
  1705  1537 -14940.667  653 12443 -14908.000 -16098.368  7.98%  1374 7085s
  1706  1538 -16098.302  166 12452 -14908.000 -16098.302  7.98%  1373 7090s
  1709  1540 -16098.285  355 12466 -14908.000 -16098.285  7.98%  1371 7096s
  1710  1540 -16096.928  224 12440 -14908.000 -16096.928  7.98%  1370 7139s
  1711  1541 -15634.000  471 12475 -14908.000 -16096.592  7.97%  1369 7157s
  1712  1542 -16096.525   87 12501 -14908.000 -16096.525  7.97%  1368 7164s
  1713  1542 -16096.510   19 12513 -14908.000 -16096.510  7.97%  1368 7166s
  1714  1543 -16096.506  318 12515 -14908.000 -16096.506  7.97%  1367 7170s
  1715  1544 -15186.000  576 12440 -14908.000 -16095.042  7.96%  1366 7211s
  1716  1544 -15265.000  556 12472 -14908.000 -16094.701  7.96%  1365 7230s
  1717  1545 -16094.629  173 12487 -14908.000 -16094.629  7.96%  1364 7237s
  1719  1546 -16094.606  249 12517 -14908.000 -16094.606  7.96%  1363 7241s
  1721  1548 -16049.250  389 12436 -14908.000 -16093.854  7.95%  1361 7271s
  1722  1548 -16093.608  318 12469 -14908.000 -16093.608  7.95%  1360 7284s
  1723  1549 -16093.536  213 12473 -14908.000 -16093.536  7.95%  1360 7291s
  1725  1550 -16093.513  106 12500 -14908.000 -16093.513  7.95%  1358 7295s
  1727  1552 -16092.489   82 12455 -14908.000 -16092.489  7.95%  1356 7332s
  1728  1552 -16092.082  348 12476 -14908.000 -16092.082  7.94%  1356 7352s
  1729  1553 -15246.000  560 12498 -14908.000 -16092.010  7.94%  1355 7358s
  1730  1554 -15553.500  497 12506 -14908.000 -16091.974  7.94%  1354 7362s
  1732  1555 -15818.250  429 12515 -14908.000 -16091.956  7.94%  1353 7369s
  1733  1556 -15797.000  434 12424 -14908.000 -16090.541  7.93%  1352 7410s
  1734  1556 -16090.170  242 12472 -14908.000 -16090.170  7.93%  1351 7430s
  1735  1557 -16090.097   60 12490 -14908.000 -16090.097  7.93%  1350 7437s
  1736  1558 -16090.076  192 12489 -14908.000 -16090.076  7.93%  1349 7440s
  1738  1559 -16090.068   65 12506 -14908.000 -16090.068  7.93%  1348 7445s
  1739  1560 -16089.024   47 12446 -14908.000 -16089.024  7.92%  1347 7479s
  1740  1560 -15658.000  465 12488 -14908.000 -16088.743  7.92%  1346 7495s
  1741  1561 -16088.701  283 12503 -14908.000 -16088.701  7.92%  1346 7500s
  1744  1563 -15155.500  580 12519 -14908.000 -16088.677  7.92%  1343 7508s
  1745  1564 -15733.500  446 12470 -14908.000 -16087.384  7.91%  1342 7546s
  1746  1564 -16086.942  250 12505 -14908.000 -16086.942  7.91%  1342 7567s
  1747  1565 -15491.500  513 12514 -14908.000 -16086.873  7.91%  1341 7573s
  1748  1566 -16086.859  267 12526 -14908.000 -16086.859  7.91%  1340 7576s
  1749  1566 -15393.500  534 12533 -14908.000 -16086.855  7.91%  1339 7580s
  1750  1567 -16085.727  170 12464 -14908.000 -16085.727  7.90%  1339 7616s
  1751  1568 -16085.335  225 12507 -14908.000 -16085.335  7.90%  1338 7635s
  1752  1568 -16085.225  164 12532 -14908.000 -16085.225  7.90%  1337 7644s
  1753  1569 -16085.201  276 12549 -14908.000 -16085.201  7.90%  1336 7648s
  1754  1570 -16085.191  289 12546 -14908.000 -16085.191  7.90%  1336 7650s
  1756  1571 -15215.000  567 12492 -14908.000 -16084.288  7.89%  1334 7687s
  1757  1572 -15426.000  528 12532 -14908.000 -16083.955  7.89%  1333 7707s
  1758  1572 -15459.500  521 12542 -14908.000 -16083.871  7.89%  1333 7716s
  1759  1573 -16083.828   78 12560 -14908.000 -16083.828  7.89%  1332 7720s
  1761  1574 -16083.814   27 12573 -14908.000 -16083.814  7.89%  1330 7727s
  1762  1575 -15169.000  578 12492 -14908.000 -16082.553  7.88%  1330 7763s
  1763  1576 -15115.500  594 12535 -14908.000 -16082.165  7.88%  1329 7785s
  1764  1576 -16082.057    8 12555 -14908.000 -16082.057  7.88%  1328 7793s
  1765  1577 -15678.000  459 12565 -14908.000 -16082.031  7.88%  1327 7797s
  1767  1578 -15642.000  470 12581 -14908.000 -16082.015  7.88%  1326 7803s
  1768  1579 -16080.612  222 12519 -14908.000 -16080.612  7.87%  1325 7845s
  1769  1580 -16080.176  188 12546 -14908.000 -16080.176  7.86%  1324 7866s
  1770  1580 -16080.095  237 12553 -14908.000 -16080.095  7.86%  1323 7874s
  1771  1581 -16080.056  192 12571 -14908.000 -16080.056  7.86%  1323 7878s
  1772  1582 -16080.047  321 12576 -14908.000 -16080.047  7.86%  1322 7880s
  1774  1583 -16078.910  293 12503 -14908.000 -16078.910  7.85%  1321 7923s
  1775  1584 -16078.485  236 12554 -14908.000 -16078.485  7.85%  1320 7943s
  1776  1584 -16078.367  229 12550 -14908.000 -16078.367  7.85%  1319 7952s
  1777  1585 -15393.500  534 12573 -14908.000 -16078.332  7.85%  1318 7956s
  1779  1586 -16078.315   48 12576 -14908.000 -16078.315  7.85%  1317 7960s
  1780  1587 -15489.500  514 12582 -14908.000 -16078.313  7.85%  1316 7965s
  1781  1588 -16076.960  201 12499 -14908.000 -16076.960  7.84%  1315 8009s
  1782  1588 -16060.250  388 12540 -14908.000 -16076.549  7.84%  1315 8032s
  1783  1589 -16076.466  162 12559 -14908.000 -16076.466  7.84%  1314 8040s
  1785  1590 -15320.500  545 12584 -14908.000 -16076.444  7.84%  1312 8049s
  1786  1591 -16075.650  242 12508 -14908.000 -16075.650  7.83%  1312 8079s
  1787  1592 -16075.360   20 12557 -14908.000 -16075.360  7.83%  1311 8097s
  1788  1592 -15712.500  451 12564 -14908.000 -16075.298  7.83%  1310 8104s
  1789  1593 -16075.276  381 12567 -14908.000 -16075.276  7.83%  1309 8108s
  1790  1594 -15604.000  489 12572 -14908.000 -16075.268  7.83%  1309 8110s
  1791  1594 -16075.267  283 12580 -14908.000 -16075.267  7.83%  1308 8115s
H 1791  1510                    -14910.00000 -16074.130  7.81%  1308 8156s
  1793  1512 -16073.822  103 12564 -14910.000 -16073.822  7.81%  1307 8175s
  1794  1512 -16073.762  292 12593 -14910.000 -16073.762  7.81%  1306 8182s
  1795  1513 -15264.000  557 12600 -14910.000 -16073.743  7.81%  1305 8185s

Cutting planes:
  Gomory: 65
  MIR: 385
  Flow cover: 5230
  Zero half: 1471
  Mod-K: 40
  RLT: 489
  BQP: 720

Explored 1796 nodes (5008505 simplex iterations) in 8192.07 seconds (13019.33 work units)
Thread count was 1 (of 72 available processors)

Solution count 10: -14910 -14908 -14902 ... 0

Time limit reached
Best objective -1.491000000000e+04, best bound -1.607200000000e+04, gap 7.7934%

User-callback calls 41258, time in user-callback 0.19 sec

BQP_SOLUTION, 2396, 11006, -5154.000000, 8192.065921, -1, 1, -1, 1, -1, -1, 1, 1, -1, 1, -1, 1, 1, 1, 1, -1, 1, -1, -1, 1, 1, -1, 1, -1, 1, -1, 1, -1, -1, -1, -1, 1, 1, -1, -1, -1, 1, 1, -1, 1, -1, 1, -1, -1, -1, -1, 1, -1, 1, -1, -1, 1, 1, -1, -1, -1, 1, 1, -1, -1, -1, 1, 1, 1, -1, -1, -1, 1, -1, -1, -1, -1, 1, 1, -1, -1, -1, 1, -1, -1, -1, -1, 1, 1, -1, -1, -1, 1, -1, -1, -1, -1, 1, 1, -1, -1, -1, 1, 1, -1, -1, -1, 1, 1, 1, 1, -1, -1, 1, -1, -1, -1, 1, 1, -1, -1, -1, 1, 1, -1, -1, 1, 1, 1, -1, -1, 1, -1, -1, 1, -1, 1, -1, 1, -1, -1, 1, 1, -1, -1, -1, 1, 1, 1, -1, 1, -1, 1, -1, 1, -1, 1, 1, 1, 1, -1, -1, 1, -1, 1, -1, -1, 1, 1, -1, -1, 1, 1, -1, -1, -1, 1, -1, 1, 1, 1, -1, 1, 1, -1, 1, -1, 1, 1, 1, -1, 1, -1, 1, -1, -1, 1, -1, 1, 1, -1, 1, -1, 1, -1, 1, -1, 1, 1, 1, -1, -1, 1, -1, -1, -1, 1, 1, -1, 1, -1, 1, -1, 1, -1, 1, -1, 1, 1, 1, -1, 1, -1, 1, -1, 1, -1, 1, 1, 1, -1, 1, -1, -1, -1, -1, 1, 1, 1, -1, 1, -1, -1, -1, -1, 1, -1, 1, 1, 1, -1, 1, 1, 1, -1, 1, -1, -1, 1, -1, -1, -1, 1, -1, -1, 1, -1, 1, 1, -1, 1, -1, 1, 1, 1, 1, -1, -1, 1, -1, -1, -1, -1, 1, -1, -1, -1, 1, -1, 1, -1, -1, -1, 1, -1, 1, -1, -1, -1, 1, -1, -1, 1, 1, 1, -1, -1, -1, 1, -1, -1, -1, -1, 1, -1, 1, -1, 1, 1, -1, -1, -1, 1, -1, 1, -1, 1, -1, 1, -1, -1, 1, 1, 1, 1, -1, -1, 1, -1, -1, -1, -1, 1, 1, -1, 1, -1, -1, -1, 1, -1, -1, 1, -1, -1, -1, 1, 1, -1, -1, -1, 1, 1, 1, 1, -1, 1, -1, -1, -1, -1, 1, 1, 1, 1, -1, 1, 1, -1, 1, -1, 1, 1, 1, 1, -1, 1, -1, 1, -1, -1, 1, -1, 1, 1, -1, 1, 1, -1, 1, -1, 1, -1, 1, 1, 1, 1, 1, -1, -1, -1, 1, -1, 1, 1, 1, -1, 1, -1, 1, 1, 1, -1, 1, 1, 1, -1, 1, 1, -1, 1, 1, -1, 1, -1, 1, -1, 1, -1, 1, -1, 1, 1, -1, 1, 1, -1, 1, 1, -1, -1, 1, -1, 1, 1, 1, -1, -1, 1, 1, -1, 1, 1, 1, 1, 1, -1, -1, 1, -1, -1, 1, -1, 1, 1, 1, -1, 1, -1, 1, -1, 1, 1, 1, 1, -1, -1, 1, -1, 1, 1, 1, 1, -1, 1, 1, -1, 1, -1, 1, 1, -1, 1, 1, 1, 1, -1, 1, -1, -1, 1, -1, 1, -1, -1, 1, 1, -1, 1, -1, 1, 1, 1, 1, 1, 1, -1, -1, 1, 1, 1, -1, 1, 1, 1, -1, 1, -1, 1, -1, -1, -1, -1, 1, 1, 1, 1, 1, -1, -1, 1, -1, 1, 1, 1, 1, 1, -1, 1, -1, -1, 1, -1, 1, 1, -1, 1, -1, 1, -1, -1, -1, 1, 1, 1, 1, -1, -1, 1, -1, -1, -1, -1, 1, 1, 1, 1, -1, -1, -1, -1, 1, -1, 1, 1, -1, 1, -1, -1, -1, -1, -1, 1, 1, 1, -1, 1, -1, -1, -1, -1, -1, 1, 1, 1, 1, 1, -1, -1, -1, -1, -1, 1, -1, 1, -1, 1, -1, -1, -1, -1, -1, -1, 1, 1, -1, 1, -1, -1, -1, -1, -1, -1, -1, 1, -1, 1, -1, -1, 1, 1, 1, -1, 1, 1, 1, -1, 1, -1, -1, -1, -1, -1, -1, 1, -1, 1, 1, -1, -1, 1, -1, -1, -1, 1, 1, -1, -1, -1, -1, -1, 1, -1, -1, -1, 1, -1, 1, -1, -1, 1, -1, -1, -1, 1, -1, 1, 1, -1, -1, -1, 1, -1, -1, 1, -1, 1, -1, -1, -1, 1, -1, 1, -1, 1, -1, 1, -1, -1, -1, 1, -1, 1, -1, 1, 1, 1, 1, -1, -1, 1, -1, 1, -1, 1, -1, 1, 1, -1, -1, 1, -1, 1, -1, -1, 1, 1, -1, -1, -1, 1, -1, 1, 1, 1, -1, 1, -1, 1, -1, -1, 1, -1, 1, 1, -1, 1, 1, -1, -1, -1, 1, 1, -1, 1, -1, 1, 1, -1, -1, -1, 1, 1, 1, 1, 1, 1, -1, -1, 1, 1, -1, 1, 1, 1, -1, 1, 1, -1, -1, -1, 1, -1, 1, 1, 1, -1, 1, -1, 1, 1, -1, 1, 1, 1, 1, -1, 1, -1, 1, -1, 1, -1, 1, -1, 1, 1, 1, -1, 1, -1, 1, -1, -1, 1, -1, 1, 1, 1, -1, 1, -1, 1, 1, 1, 1, 1, -1, 1, -1, -1, 1, -1, 1, 1, 1, -1, 1, 1, 1, -1, 1, -1, 1, 1, 1, -1, -1, 1, -1, -1, -1, 1, 1, 1, 1, 1, -1, 1, 1, -1, 1, -1, 1, -1, 1, -1, -1, 1, 1, 1, -1, -1, 1, -1, 1, 1, -1, 1, 1, -1, 1, -1, 1, 1, -1, -1, -1, 1, 1, -1, 1, -1, 1, 1, 1, 1, -1, 1, 1, 1, -1, 1, 1, -1, 1, 1, -1, -1, 1, -1, -1, -1, 1, -1, -1, 1, -1, -1, 1, -1, -1, -1, 1, -1, 1, 1, -1, 1, -1, -1, -1, -1, 1, 1, 1, -1, -1, 1, 1, 1, -1, -1, 1, 1, 1, 1, -1, 1, -1, 1, -1, -1, -1, -1, 1, -1, -1, 1, -1, -1, -1, 1, -1, 1, 1, -1, -1, 1, -1, -1, -1, -1, 1, -1, 1, -1, 1, 1, -1, 1, -1, -1, 1, -1, 1, 1, -1, 1, -1, 1, -1, -1, -1, -1, 1, -1, 1, 1, -1, 1, -1, -1, -1, -1, -1, -1, -1, 1, -1, 1, -1, -1, -1, -1, -1, 1, -1, 1, 1, -1, -1, -1, -1, -1, -1, 1, -1, 1, -1, -1, 1, -1, -1, -1, 1, 1, -1, 1, -1, 1, -1, -1, -1, -1, -1, 1, 1, 1, -1, 1, -1, -1, -1, 1, 1, -1, 1, -1, 1, 1, -1, -1, -1, -1, -1, -1, 1, 1, -1, -1, 1, -1, -1, -1, 1, -1, 1, 1, 1, 1, -1, -1, -1, 1, 1, -1, 1, -1, 1, -1, -1, -1, -1, 1, 1, -1, -1, 1, 1, 1, -1, -1, -1, -1, 1, -1, 1, -1, -1, 1, -1, -1, 1, -1, 1, 1, -1, 1, -1, 1, -1, -1, -1, 1, 1, -1, -1, -1, -1, 1, -1, -1, -1, -1, 1, 1, -1, 1, -1, 1, -1, -1, 1, -1, 1, 1, -1, 1, -1, 1, 1, 1, -1, -1, 1, 1, -1, 1, -1, 1, -1, -1, 1, 1, 1, 1, -1, -1, -1, 1, -1, -1, 1, 1, -1, 1, -1, 1, -1, -1, 1, 1, 1, -1, -1, -1, -1, -1, 1, -1, 1, -1, 1, -1, -1, -1, -1, -1, -1, -1, 1, 1, 1, -1, -1, -1, -1, 1, -1, -1, 1, 1, 1, 1, -1, -1, -1, 1, -1, 1, 1, 1, 1, -1, -1, -1, -1, -1, -1, 1, 1, 1, 1, 1, -1, -1, -1, 1, 1, 1, 1, 1, 1, 1, -1, 1, 1, -1, -1, 1, -1, 1, 1, 1, -1, -1, -1, 1, -1, -1, 1, 1, 1, 1, -1, 1, -1, -1, -1, 1, 1, 1, 1, 1, 1, -1, -1, -1, -1, 1, 1, 1, 1, 1, -1, -1, -1, 1, 1, 1, 1, 1, 1, 1, -1, -1, 1, -1, 1, 1, 1, 1, 1, -1, -1, 1, 1, -1, 1, 1, 1, 1, 1, 1, -1, 1, 1, -1, 1, -1, 1, 1, 1, 1, -1, 1, -1, -1, 1, 1, 1, -1, 1, 1, -1, 1, 1, -1, 1, 1, -1, 1, 1, 1, -1, 1, -1, 1, -1, 1, 1, -1, -1, 1, 1, -1, 1, 1, -1, 1, -1, 1, -1, 1, -1, -1, -1, 1, -1, 1, -1, -1, 1, -1, 1, -1, 1, 1, -1, 1, -1, -1, -1, -1, 1, 1, 1, -1, -1, -1, 1, -1, -1, 1, 1, -1, 1, -1, -1, 1, -1, -1, -1, 1, -1, 1, 1, -1, -1, -1, -1, -1, -1, -1, 1, -1, 1, 1, -1, 1, 1, -1, -1, 1, 1, -1, -1, -1, -1, 1, -1, -1, 1, -1, 1, -1, -1, -1, -1, 1, -1, 1, -1, 1, 1, -1, -1, -1, 1, -1, 1, -1, 1, 1, 1, 1, -1, -1, 1, -1, -1, -1, -1, 1, -1, -1, -1, 1, -1, 1, -1, -1, 1, 1, 1, -1, 1, -1, -1, -1, -1, -1, 1, -1, 1, -1, -1, -1, -1, 1, -1, -1, 1, -1, 1, -1, -1, -1, -1, -1, -1, -1, 1, -1, 1, 1, -1, 1, -1, -1, 1, -1, -1, -1, 1, -1, 1, -1, -1, -1, -1, 1, -1, -1, 1, -1, -1, -1, -1, -1, -1, -1, 1, 1, 1, -1, 1, -1, -1, 1, -1, -1, -1, -1, 1, 1, -1, -1, 1, -1, -1, -1, 1, -1, 1, -1, -1, 1, 1, -1, -1, -1, 1, -1, 1, -1, 1, -1, 1, 1, 1, -1, 1, -1, 1, -1, 1, -1, 1, 1, 1, -1, 1, -1, 1, 1, -1, 1, 1, -1, 1, -1, -1, -1, -1, 1, 1, 1, 1, 1, 1, -1, 1, -1, 1, -1, 1, 1, 1, 1, 1, 1, -1, -1, -1, 1, -1, 1, 1, 1, 1, -1, -1, 1, -1, 1, 1, 1, 1, 1, 1, -1, -1, 1, -1, 1, 1, 1, 1, 1, 1, 1, -1, 1, -1, 1, 1, -1, 1, 1, -1, -1, 1, -1, 1, 1, 1, 1, -1, 1, 1, -1, -1, -1, 1, 1, 1, 1, 1, 1, 1, -1, 1, -1, 1, 1, 1, 1, -1, 1, 1, -1, -1, 1, 1, 1, 1, 1, -1, 1, 1, -1, -1, 1, -1, 1, 1, 1, 1, 1, 1, 1, 1, -1, 1, 1, 1, 1, 1, 1, 1, 1, 1, 1, 1, 1, -1, 1, -1, -1, 1, -1, 1, 1, 1, 1, 1, -1, -1, 1, 1, 1, -1, 1, 1, 1, 1, -1, -1, 1, 1, -1, 1, 1, -1, 1, -1, 1, 1, -1, 1, 1, 1, -1, 1, 1, -1, -1, 1, -1, -1, 1, 1, 1, 1, 1, 1, 1, -1, 1, -1, 1, 1, 1, 1, 1, -1, 1, -1, 1, 1, 1, 1, 1, 1, 1, -1, 1, -1, -1, 1, 1, 1, -1, 1, 1, -1, 1, -1, 1, 1, 1, 1, -1, 1, 1, 1, -1, 1, 1, 1, 1, 1, -1, 1, 1, 1, -1, -1, 1, 1, 1, 1, -1, 1, 1, 1, -1, -1, -1, 1, -1, 1, 1, 1, 1, 1, -1, 1, -1, 1, -1, 1, -1, 1, 1, 1, -1, -1, 1, -1, 1, -1, 1, 1, 1, -1, -1, 1, 1, 1, 1, 1, 1, 1, 1, 1, -1, -1, 1, 1, 1, 1, 1, -1, 1, 1, -1, 1, 1, 1, -1, 1, 1, 1, 1, 1, -1, 1, 1, 1, -1, 1, 1, 1, 1, -1, -1, 1, 1, 1, 1, 1, -1, 1, 1, 1, -1, 1, 1, 1, -1, 1, -1, 1, 1, 1, 1, 1, 1, 1, 1, 1, 1, 1, -1, 1, 1, 1, 1, -1, 1, 1, -1, 1, 1, -1, 1, 1, 1, 1, 1, 1, 1, -1, -1, 1, -1, 1, -1, -1, -1, 1, 1, -1, 1, -1, -1, 1, -1, -1, 1, 1, 1, 1, 1, -1, -1, 1, -1, -1, 1, 1, 1, 1, 1, 1, -1, 1, 1, 1, -1, 1, 1, -1, 1, -1, 1, 1, 1, -1, -1, 1, 1, -1, 1, -1, 1, 1, -1, -1, -1, 1, -1, 1, 1, -1, 1, 1, -1, -1, 1, 1, -1, 1, -1, 1, -1, 1, -1, -1, 1, -1, -1, 1, -1, -1, 1, -1, -1, -1, 1, -1, 1, -1, 1, -1, 1, -1, -1, -1, 1, -1, -1, 1, 1, 1, 1, 1, -1, -1, 1, -1, -1, 1, 1, 1, 1, -1, 1, -1, 1, 1, -1, 1, 1, -1, 1, 1, -1, 1, 1, -1, -1, 1, 1, -1, 1, -1, -1, -1, 1, -1, -1, 1, 1, 1, 1, -1, -1, 1, -1, 1, -1, -1, 1, -1, 1, -1, 1, 1, -1, -1, -1, 1, 1, 1, 1, 1, -1, 1, -1, -1, 1, -1, 1, -1, 1, 1, -1, 1, -1, -1, 1, 1, 1, 1, 1, -1, 1, -1, -1, -1, 1, 1, 1, 1, -1, 1, 1, -1, -1, -1, -1, 1, 1, 1, 1, 1, 1, 1, -1, -1, -1, 1, -1, 1, 1, 1, 1, -1, -1, -1, 1, -1, -1, -1, 1, 1, 1, 1, 1, -1, 1, -1, 1, -1, 1, 1, 1, 1, 1, -1, 1, -1, -1, 1, -1, 1, 1, 1, -1, -1, 1, -1, 1, -1, 1, 1, 1, 1, 1, -1, 1, -1, 1, -1, -1, 1, 1, 1, 1, -1, 1, -1, 1, -1, -1, 1, 1, 1, 1, -1, 1, -1, 1, -1, 1, 1, 1, 1, 1, 1, -1, -1, -1, -1, 1, 1, 1, 1, 1, 1, -1, -1, 1, -1, -1, 1, 1, 1, 1, -1, 1, -1, 1, -1, 1, 1, 1, 1, -1, 1, -1, -1, 1, -1, 1, 1, -1, 1, 1, -1, -1, -1, 1, 1, 1, -1, 1, 1, -1, 1, -1, -1, 1, 1, 1, 1, 1, 1, 1, 1, -1, -1, 1, 1, 1, 1, 1, 1, 1, 1, -1, -1, 1, -1, 1, 1, 1, 1, 1, 1, -1, -1, 1, 1, 1, 1, 1, 1, 1, -1, 1, 1, 1, -1, 1, 1, -1, -1, -1, 1, -1, -1, 1, -1, 1, 1, 1, 1, -1, 1, -1, -1, 1, -1, 1, 1, 1, -1, 1, -1, -1, 1, 1, 1, 1, -1, 1, -1, -1, 1, -1, 1, -1, 1, -1, -1, 1
BQP_DATA, 2396, 11006, -5154.000000, -6316.000000, -14910.000000, -16072.000000, 8192.065921, 7191, 1796
