Set parameter TSPort to value 51199
Set parameter TokenServer to value "open-license1.lanl.gov"
Set parameter TimeLimit to value 4096
Set parameter Threads to value 1
Gurobi Optimizer version 10.0.3 build v10.0.3rc0 (linux64)

CPU model: Intel(R) Xeon(R) CPU E5-2695 v4 @ 2.10GHz, instruction set [SSE2|AVX|AVX2]
Thread count: 36 physical cores, 72 logical processors, using up to 1 threads

Optimize a model with 0 rows, 1173 columns and 0 nonzeros
Model fingerprint: 0x99c864ac
Model has 5308 quadratic objective terms
Variable types: 0 continuous, 1173 integer (1173 binary)
Coefficient statistics:
  Matrix range     [0e+00, 0e+00]
  Objective range  [2e+00, 3e+01]
  QObjective range [8e+00, 8e+00]
  Bounds range     [1e+00, 1e+00]
  RHS range        [0e+00, 0e+00]
Found heuristic solution: objective 0.0000000
Found heuristic solution: objective -2020.000000
Found heuristic solution: objective -7268.000000
Found heuristic solution: objective -7282.000000
Presolve removed 0 rows and 1 columns
Presolve time: 0.30s
Presolved: 5307 rows, 6479 columns, 15921 nonzeros
Variable types: 0 continuous, 6479 integer (6479 binary)

Root relaxation: objective -1.007800e+04, 1667 iterations, 0.03 seconds (0.01 work units)

    Nodes    |    Current Node    |     Objective Bounds      |     Work
 Expl Unexpl |  Obj  Depth IntInf | Incumbent    BestBd   Gap | It/Node Time

     0     0 -10078.000    0 1172 -7282.0000 -10078.000  38.4%     -    0s
     0     0 -9265.0000    0 1581 -7282.0000 -9265.0000  27.2%     -    0s
     0     0 -9253.0000    0 1590 -7282.0000 -9253.0000  27.1%     -    0s
     0     0 -9080.3333    0 1694 -7282.0000 -9080.3333  24.7%     -    1s
     0     0 -9080.3333    0 1687 -7282.0000 -9080.3333  24.7%     -    1s
     0     2 -9080.0133    0 1687 -7282.0000 -9080.0133  24.7%     -    1s
   174   176 -8382.5000   87 2148 -7282.0000 -9067.3333  24.5%   143    5s
   630   607 -7776.0000  180 2654 -7282.0000 -9067.3333  24.5%  87.0   10s
   643   616 -8465.6859    7 2657 -7282.0000 -8465.6859  16.3%  85.2   20s
   645   617 -7401.0000  271 2829 -7282.0000 -8434.3399  15.8%  85.0   25s
   654   623 -8303.4857   77 3229 -7282.0000 -8303.4857  14.0%  83.8   40s
   655   624 -8187.0000  116 3332 -7282.0000 -8281.6161  13.7%  83.7   47s
   657   625 -8012.5000  141 3411 -7282.0000 -8274.1989  13.6%  83.4   51s
   666   631 -8066.5000  133 3883 -7282.0000 -8169.0041  12.2%  82.3   74s
   667   632 -8149.3537  109 4118 -7282.0000 -8149.3537  11.9%  82.2   86s
   669   633 -7893.5000  160 4263 -7282.0000 -8144.0013  11.8%  81.9   92s
   675   637 -8143.0055   33 4323 -7282.0000 -8143.0055  11.8%  81.2   95s
   677   638 -7409.0000  266 4627 -7282.0000 -8077.1610  10.9%  81.0  121s
   678   639 -8062.0254  110 4894 -7282.0000 -8062.0254  10.7%  80.8  135s
   680   640 -8059.0728   10 4949 -7282.0000 -8059.0728  10.7%  80.6  141s
   687   645 -7390.0000  274 5195 -7282.0000 -8012.8677  10.0%  79.8  169s
   688   646 -8002.3884   20 5238 -7282.0000 -8002.3884  9.89%  79.7  184s
   689   646 -7550.0000  229 5301 -7282.0000 -8000.7306  9.87%  79.5  190s
   695   650 -7711.5000  196 5363 -7282.0000 -7999.9283  9.86%  78.9  195s
   696   651 -7976.1543   41 5377 -7282.0000 -7976.1543  9.53%  78.7  215s
   697   652 -7582.0000  224 5391 -7282.0000 -7971.4542  9.47%  78.6  226s
   698   652 -7970.6656  107 5436 -7282.0000 -7970.6656  9.46%  78.5  230s
   705   657 -7953.9873  130 5456 -7282.0000 -7953.9873  9.23%  77.7  251s
   706   658 -7543.0000  230 5473 -7282.0000 -7950.9838  9.19%  77.6  260s
   708   659 -7661.5000  207 5512 -7282.0000 -7950.2279  9.18%  77.4  265s
   714   663 -7936.2966    6 5479 -7282.0000 -7936.2966  8.99%  76.8  284s
   715   664 -7933.8511  125 5535 -7282.0000 -7933.8511  8.95%  76.7  290s
   718   666 -7933.0651   23 5581 -7282.0000 -7933.0651  8.94%  76.3  295s
   724   670 -7922.1629  132 5540 -7282.0000 -7922.1629  8.79%  75.7  312s
   725   670 -7414.0000  264 5596 -7282.0000 -7920.4972  8.77%  75.6  318s
   726   671 -7920.2083  125 5621 -7282.0000 -7920.2083  8.76%  75.5  320s
   732   675 -7910.6347   39 5572 -7282.0000 -7910.6347  8.63%  74.9  339s
   733   676 -7908.8184  116 5589 -7282.0000 -7908.8184  8.61%  74.8  345s
   739   680 -7901.1943    4 5574 -7282.0000 -7901.1943  8.50%  74.2  361s
   740   680 -7358.0000  283 5645 -7282.0000 -7899.4404  8.48%  74.1  367s
   742   682 -7898.9578    6 5640 -7282.0000 -7898.9578  8.47%  73.9  370s
   746   684 -7893.2341   41 5620 -7282.0000 -7893.2341  8.39%  73.5  384s
   747   685 -7620.0000  215 5643 -7282.0000 -7891.8634  8.37%  73.4  389s
   748   686 -7891.6197  145 5654 -7282.0000 -7891.6197  8.37%  73.3  390s
   753   689 -7371.0000  280 5667 -7282.0000 -7885.9924  8.29%  72.8  404s
   754   690 -7884.5356   77 5671 -7282.0000 -7884.5356  8.27%  72.7  411s
   757   692 -7884.2207  141 5712 -7282.0000 -7884.2207  8.27%  72.4  415s
   761   694 -7881.2313   90 5693 -7282.0000 -7881.2313  8.23%  72.0  425s
   763   696 -7315.0000  299 5721 -7282.0000 -7880.5384  8.22%  71.8  430s
   767   698 -7876.6634  109 5682 -7282.0000 -7876.6634  8.17%  71.5  442s
   768   699 -7611.0000  217 5715 -7282.0000 -7875.7199  8.15%  71.4  447s
   773   702 -7871.4558  116 5697 -7282.0000 -7871.4558  8.09%  70.9  460s
   775   704 -7870.4954   33 5775 -7282.0000 -7870.4954  8.08%  70.7  466s
   779   706 -7866.0320   16 5738 -7282.0000 -7866.0320  8.02%  70.4  479s
   780   707 -7865.0206   10 5791 -7282.0000 -7865.0206  8.01%  70.3  485s
   786   711 -7861.7331  140 5779 -7282.0000 -7861.7331  7.96%  69.7  499s
   787   712 -7390.0000  274 5808 -7282.0000 -7860.9972  7.95%  69.6  504s
   788   712 -7860.8742   20 5820 -7282.0000 -7860.8742  7.95%  69.6  505s
   793   716 -7858.4311  162 5778 -7282.0000 -7858.4311  7.92%  69.1  516s
   794   716 -7466.0000  249 5819 -7282.0000 -7857.8141  7.91%  69.0  520s
   800   720 -7855.1073  124 5799 -7282.0000 -7855.1073  7.87%  68.5  533s
   801   721 -7652.1667  209 5828 -7282.0000 -7854.4617  7.86%  68.4  537s
   803   722 -7854.2597   54 5850 -7282.0000 -7854.2597  7.86%  68.3  540s
   822   736 -7853.8770  165 1172 -7282.0000 -7853.8770  7.85%   956  545s
   825   738 -7414.0000  264 4136 -7282.0000 -7853.8770  7.85%   953  577s
   826   739 -7853.8770  125 5520 -7282.0000 -7853.8770  7.85%   951  625s
   827   740 -7375.0000  279 5699 -7282.0000 -7853.8770  7.85%   950  654s
   828   740 -7853.8770   68 5733 -7282.0000 -7853.8770  7.85%   949  667s
   829   741 -7853.8770   95 5801 -7282.0000 -7853.8770  7.85%   948  672s
   831   742 -7333.0000  289 5833 -7282.0000 -7853.8770  7.85%   946  676s
   836   746 -7848.5827  166 5800 -7282.0000 -7848.5827  7.78%   940  694s
   837   746 -7847.5452   68 5783 -7282.0000 -7847.5452  7.77%   939  700s
   842   750 -7841.9191    6 5785 -7282.0000 -7841.9191  7.69%   933  719s
   843   750 -7841.2534    7 5847 -7282.0000 -7841.2534  7.68%   932  723s
   844   751 -7841.0531  125 5849 -7282.0000 -7841.0531  7.68%   931  725s
   849   754 -7589.0000  222 5836 -7282.0000 -7837.1321  7.62%   926  740s
   851   756 -7522.0000  234 5886 -7282.0000 -7836.4982  7.61%   924  745s
   855   758 -7833.0417  116 5870 -7282.0000 -7833.0417  7.57%   919  760s
   857   760 -7832.3402  141 5924 -7282.0000 -7832.3402  7.56%   917  766s
   861   762 -7829.5766   90 5857 -7282.0000 -7829.5766  7.52%   913  779s
   862   763 -7828.8449   35 5896 -7282.0000 -7828.8449  7.51%   912  784s
   863   764 -7315.0000  299 5904 -7282.0000 -7828.6658  7.51%   911  786s
   867   766 -7825.8745  109 5896 -7282.0000 -7825.8745  7.47%   906  799s
   868   767 -7611.0000  217 5936 -7282.0000 -7825.3407  7.46%   905  803s
   869   768 -7825.2090  160 5963 -7282.0000 -7825.2090  7.46%   904  805s
   873   770 -7823.1333  116 5928 -7282.0000 -7823.1333  7.43%   900  817s
   874   771 -7822.7250    3 5954 -7282.0000 -7822.7250  7.43%   899  821s
   878   774 -7822.4825  110 5989 -7282.0000 -7822.4825  7.42%   895  825s
   880   775 -7820.9493   10 5921 -7282.0000 -7820.9493  7.40%   893  834s
   881   776 -7309.0000  303 5960 -7282.0000 -7820.4841  7.39%   892  839s
   882   776 -7820.4028   88 5972 -7282.0000 -7820.4028  7.39%   891  840s
   886   779 -7818.1904  140 5949 -7282.0000 -7818.1904  7.36%   887  853s
   887   780 -7390.0000  274 5961 -7282.0000 -7817.5926  7.36%   886  857s
   891   782 -7817.4872  150 5995 -7282.0000 -7817.4872  7.35%   882  861s
   892   783 -7815.4517   15 5965 -7282.0000 -7815.4517  7.33%   881  870s
   894   784 -7466.0000  249 5993 -7282.0000 -7814.9644  7.32%   879  875s
   898   787 -7813.8322  107 5971 -7282.0000 -7813.8322  7.30%   875  884s
   899   788 -7813.5803   84 6002 -7282.0000 -7813.5803  7.30%   874  887s
   903   790 -7813.5175   54 6012 -7282.0000 -7813.5175  7.30%   870  891s
   904   791 -7812.2402   29 5981 -7282.0000 -7812.2402  7.28%   869  898s
   905   792 -7811.9355  130 5989 -7282.0000 -7811.9355  7.28%   868  901s
   909   794 -7810.1808   87 5978 -7282.0000 -7810.1808  7.25%   865  912s
   910   795 -7809.7656   32 6008 -7282.0000 -7809.7656  7.25%   864  916s
   915   798 -7809.6082  125 6051 -7282.0000 -7809.6082  7.25%   859  921s
   916   799 -7808.4776   25 6015 -7282.0000 -7808.4776  7.23%   858  928s
   917   800 -7808.2764   58 6039 -7282.0000 -7808.2764  7.23%   857  930s
   921   802 -7807.5028  153 6010 -7282.0000 -7807.5028  7.22%   853  938s
   922   803 -7807.1975  165 6006 -7282.0000 -7807.1975  7.21%   852  941s
   927   806 -7375.0000  279 6013 -7282.0000 -7806.3255  7.20%   848  949s
   928   807 -7806.1398   68 6036 -7282.0000 -7806.1398  7.20%   847  951s
   933   810 -7805.1812  116 6003 -7282.0000 -7805.1812  7.18%   842  960s
   936   812 -7804.8128  166 6039 -7282.0000 -7804.8128  7.18%   840  965s
   939   814 -7804.1919    4 6016 -7282.0000 -7804.1919  7.17%   837  970s
   943   817 -7803.9333    7 6056 -7282.0000 -7803.9333  7.17%   833  976s
   945   818 -7401.0000  271 6041 -7282.0000 -7803.3627  7.16%   832  981s
   950   822 -7348.0000  285 6036 -7282.0000 -7802.6807  7.15%   827  989s
   951   822 -7522.0000  234 6060 -7282.0000 -7802.4789  7.15%   826  992s
   955   825 -7801.9745  116 6033 -7282.0000 -7801.9745  7.14%   823  998s
   956   826 -7741.5000  188 6062 -7282.0000 -7801.8225  7.14%   822 1000s
   961   829 -7801.3124   90 6066 -7282.0000 -7801.3124  7.13%   818 1007s
   964   831 -7801.1447   46 6081 -7282.0000 -7801.1447  7.13%   815 1010s
   966   832 -7800.0928  133 6044 -7282.0000 -7800.0928  7.11%   814 1017s
   967   833 -7799.7327  109 6065 -7282.0000 -7799.7327  7.11%   813 1021s
   971   836 -7799.5956  120 6098 -7282.0000 -7799.5956  7.11%   809 1025s
   972   836 -7447.0000  255 6042 -7282.0000 -7798.8078  7.10%   809 1030s
   974   838 -7798.4097    3 6091 -7282.0000 -7798.4097  7.09%   807 1035s
   978   840 -7797.7053  110 6031 -7282.0000 -7797.7053  7.08%   804 1042s
   979   841 -7797.4596   16 6060 -7282.0000 -7797.4596  7.08%   803 1045s
   984   844 -7796.7912   45 6058 -7282.0000 -7796.7912  7.07%   799 1052s
   986   846 -7796.5736  140 6077 -7282.0000 -7796.5736  7.07%   797 1056s
   989   848 -7550.0000  229 6051 -7282.0000 -7796.0105  7.06%   795 1062s
   990   848 -7795.7622  107 6069 -7282.0000 -7795.7622  7.06%   794 1065s
   994   851 -7466.0000  249 6065 -7282.0000 -7794.9601  7.04%   791 1074s
   995   852 -7711.5000  196 6099 -7282.0000 -7794.7916  7.04%   790 1076s
   999   854 -7794.1713   84 6060 -7282.0000 -7794.1713  7.03%   787 1084s
  1000   855 -7794.0137  124 6086 -7282.0000 -7794.0137  7.03%   786 1086s
  1005   858 -7793.3076  130 6082 -7282.0000 -7793.3076  7.02%   782 1093s
  1006   859 -7543.0000  230 6084 -7282.0000 -7793.0654  7.02%   781 1096s
  1011   862 -7792.4349   36 6059 -7282.0000 -7792.4349  7.01%   777 1104s
  1012   863 -7792.2453   19 6101 -7282.0000 -7792.2453  7.01%   777 1107s
  1016   866 -7792.1829   25 6115 -7282.0000 -7792.1829  7.01%   774 1110s
  1018   867 -7791.4800   23 6086 -7282.0000 -7791.4800  7.00%   772 1116s
  1023   870 -7790.8722  173 6089 -7282.0000 -7790.8722  6.99%   768 1124s
  1024   871 -7790.7781  132 6102 -7282.0000 -7790.7781  6.99%   767 1125s
  1028   874 -7790.2717   68 6092 -7282.0000 -7790.2717  6.98%   764 1132s
  1030   875 -7776.0000  180 6116 -7282.0000 -7790.0568  6.98%   763 1135s
  1033   877 -7789.5081  116 6092 -7282.0000 -7789.5081  6.97%   761 1141s
  1037   880 -7789.3280   68 6108 -7282.0000 -7789.3280  6.97%   758 1145s
  1040   882 -7358.0000  283 6128 -7282.0000 -7788.9960  6.96%   756 1150s
  1044   884 -7788.6503  125 6109 -7282.0000 -7788.6503  6.96%   753 1156s
  1046   886 -7788.3907   41 6119 -7282.0000 -7788.3907  6.95%   751 1160s
  1050   888 -7348.0000  285 6085 -7282.0000 -7787.6186  6.94%   748 1167s
  1051   889 -7522.0000  234 6100 -7282.0000 -7787.3116  6.94%   748 1171s
  1056   892 -7741.5000  188 6093 -7282.0000 -7786.6529  6.93%   744 1179s
  1057   893 -7786.4722  141 6122 -7282.0000 -7786.4722  6.93%   744 1182s
  1060   895 -7786.4208   54 6138 -7282.0000 -7786.4208  6.93%   741 1185s
  1061   896 -7785.9615   90 6104 -7282.0000 -7785.9615  6.92%   741 1190s
  1066   899 -7785.7133  133 6141 -7282.0000 -7785.7133  6.92%   737 1196s
  1069   901 -7785.4518  160 6140 -7282.0000 -7785.4518  6.91%   735 1200s
  1074   904 -7785.2798    3 6140 -7282.0000 -7785.2798  6.91%   732 1206s
  1076   906 -7408.0000  268 6115 -7282.0000 -7784.8414  6.91%   730 1211s
  1080   908 -7784.3858   10 6094 -7282.0000 -7784.3858  6.90%   728 1217s
  1082   910 -7784.1685   88 6117 -7282.0000 -7784.1685  6.90%   726 1220s
  1087   913 -7390.0000  274 6111 -7282.0000 -7783.9794  6.89%   723 1225s
  1092   916 -7783.6848   15 6108 -7282.0000 -7783.6848  6.89%   720 1231s
  1096   919 -7783.5949   41 6132 -7282.0000 -7783.5949  6.89%   717 1235s
  1102   923 -7783.4368   17 6130 -7282.0000 -7783.4368  6.89%   713 1240s
  1108   927 -7661.5000  207 6136 -7282.0000 -7783.3600  6.88%   709 1245s
  1110   928 -7783.0318   32 6132 -7282.0000 -7783.0318  6.88%   708 1250s
  1114   931 -7782.8342    6 6120 -7282.0000 -7782.8342  6.88%   705 1255s
  1119   934 -7782.6910  158 6126 -7282.0000 -7782.6910  6.88%   702 1260s
  1123   937 -7782.5258  173 6127 -7282.0000 -7782.5258  6.87%   700 1265s
  1127   940 -7375.0000  279 6121 -7282.0000 -7782.2314  6.87%   697 1271s
  1131   942 -7333.0000  289 6136 -7282.0000 -7782.1387  6.87%   695 1275s
  1135   945 -7781.9944   49 6143 -7282.0000 -7781.9944  6.87%   692 1280s
  1137   946 -7781.4068   68 6120 -7282.0000 -7781.4068  6.86%   691 1287s
  1141   949 -7781.3637  108 6145 -7282.0000 -7781.3637  6.86%   689 1290s
  1143   950 -7780.9985    7 6133 -7282.0000 -7780.9985  6.85%   688 1295s
  1150   955 -7348.0000  285 6148 -7282.0000 -7780.9007  6.85%   683 1301s
  1154   958 -7780.7433   77 6155 -7282.0000 -7780.7433  6.85%   681 1306s
  1158   960 -7780.5974   94 6146 -7282.0000 -7780.5974  6.85%   679 1311s
  1162   963 -7780.0797   35 6129 -7282.0000 -7780.0797  6.84%   676 1318s
  1163   964 -7315.0000  299 6149 -7282.0000 -7779.9835  6.84%   676 1320s
  1168   967 -7611.0000  217 6159 -7282.0000 -7779.9404  6.84%   673 1325s
  1173   970 -7779.7992  116 6150 -7282.0000 -7779.7992  6.84%   670 1330s
  1178   974 -7779.6419  110 6138 -7282.0000 -7779.6419  6.83%   667 1336s
  1181   976 -7309.0000  303 6136 -7282.0000 -7779.4726  6.83%   665 1340s
  1186   979 -7779.3015  140 6140 -7282.0000 -7779.3015  6.83%   663 1346s
  1190   982 -7779.0919  107 6130 -7282.0000 -7779.0919  6.83%   660 1351s
  1195   985 -7711.5000  196 6147 -7282.0000 -7778.9856  6.82%   658 1356s
  1200   988 -7778.9343  124 6159 -7282.0000 -7778.9343  6.82%   655 1361s
  1202   990 -7778.6099   17 6145 -7282.0000 -7778.6099  6.82%   654 1365s
  1208   994 -7661.5000  207 6160 -7282.0000 -7778.5503  6.82%   651 1371s
  1213   997 -7592.0000  221 6157 -7282.0000 -7778.4778  6.82%   648 1375s
  1221  1003 -7778.4778  153 4197 -7282.0000 -7778.4778  6.82%  1414 1407s
  1222  1004 -7778.4778  165 5598 -7282.0000 -7778.4778  6.82%  1412 1464s
  1223  1005 -7778.4778  173 5900 -7282.0000 -7778.4778  6.82%  1411 1511s
  1224  1005 -7778.4778  132 6017 -7282.0000 -7778.4778  6.82%  1410 1536s
  1225  1006 -7414.0000  264 6081 -7282.0000 -7778.4778  6.82%  1409 1547s
  1226  1007 -7778.4778  125 6090 -7282.0000 -7778.4778  6.82%  1408 1553s
  1227  1007 -7375.0000  279 6101 -7282.0000 -7778.4778  6.82%  1407 1556s
  1233  1011 -7778.4740  116 6140 -7282.0000 -7778.4740  6.82%  1400 1560s
  1238  1015 -7318.0000  295 6142 -7282.0000 -7778.2106  6.81%  1394 1566s
  1241  1017 -7778.0875  108 6133 -7282.0000 -7778.0875  6.81%  1391 1570s
  1246  1020 -7777.9226   41 6143 -7282.0000 -7777.9226  6.81%  1385 1575s
  1251  1023 -7522.0000  234 6149 -7282.0000 -7777.7993  6.81%  1380 1581s
  1254  1025 -7777.5434   77 6152 -7282.0000 -7777.5434  6.81%  1376 1585s
  1258  1028 -7777.4139   94 6155 -7282.0000 -7777.4139  6.80%  1372 1591s
  1261  1030 -7777.1906   90 6152 -7282.0000 -7777.1906  6.80%  1369 1595s
  1267  1034 -7777.0346  109 6160 -7282.0000 -7777.0346  6.80%  1362 1601s
  1269  1035 -7776.7791  160 6152 -7282.0000 -7776.7791  6.79%  1360 1605s
  1275  1039 -7776.7169   33 6154 -7282.0000 -7776.7169  6.79%  1354 1610s
  1280  1043 -7776.5927   10 6151 -7282.0000 -7776.5927  6.79%  1348 1615s
  1282  1044 -7776.5927   88 6127 -7282.0000 -7776.5927  6.79%  1346 1631s
  1283  1047 -7775.0521   43 6073 -7282.0000 -7776.5469  6.79%  1579 1638s
  1284  1047 -7772.5712   43 6053 -7282.0000 -7774.9712  6.77%  1586 1649s
  1285  1048 -7772.1471   44 6043 -7282.0000 -7774.9702  6.77%  1592 1658s
  1286  1049 -7771.8894   44 6031 -7282.0000 -7772.5709  6.74%  1599 1667s
  1287  1049 -7768.8580   45 5999 -7282.0000 -7772.5709  6.74%  1607 1677s
  1288  1050 -7769.7617   45 5980 -7282.0000 -7772.5709  6.74%  1613 1686s
  1289  1051 -7768.0848   46 5955 -7282.0000 -7772.5709  6.74%  1618 1692s
  1290  1051 -7766.9152   46 5944 -7282.0000 -7772.5709  6.74%  1622 1699s
  1291  1052 -7765.6540   47 5912 -7282.0000 -7772.5709  6.74%  1628 1707s
  1292  1053 -7765.6986   47 5926 -7282.0000 -7772.5709  6.74%  1635 1715s
  1293  1053 -7763.3938   48 5905 -7282.0000 -7772.5709  6.74%  1637 1720s
  1295  1055 -7762.0138   49 5855 -7282.0000 -7772.5709  6.74%  1639 1727s
  1296  1055 -7760.8770   49 5819 -7282.0000 -7772.5709  6.74%  1647 1737s
  1297  1056 -7759.2478   50 5856 -7282.0000 -7772.5709  6.74%  1648 1740s
  1299  1057 -7757.0649   51 5822 -7282.0000 -7772.5709  6.74%  1653 1750s
  1301  1059 -7755.8518   52 5790 -7282.0000 -7772.5709  6.74%  1654 1756s
  1302  1059 -7755.3115   52 5769 -7282.0000 -7772.5709  6.74%  1658 1762s
  1303  1060 -7753.9514   53 5772 -7282.0000 -7772.5709  6.74%  1659 1765s
  1305  1061 -7752.1935   54 5719 -7282.0000 -7772.5709  6.74%  1665 1776s
  1306  1062 -7751.6731   54 5728 -7282.0000 -7772.5709  6.74%  1666 1781s
  1307  1063 -7750.6987   55 5698 -7282.0000 -7772.5709  6.74%  1669 1785s
  1309  1064 -7748.9006   56 5692 -7282.0000 -7772.5709  6.74%  1671 1792s
  1310  1065 -7748.4923   56 5670 -7282.0000 -7772.5709  6.74%  1676 1799s
  1311  1065 -7744.7186   57 5656 -7282.0000 -7772.5709  6.74%  1676 1801s
  1312  1066 -7746.5408   57 5673 -7282.0000 -7772.5709  6.74%  1681 1808s
  1313  1067 -7744.4856   58 5644 -7282.0000 -7772.5709  6.74%  1681 1811s
  1314  1067 -7744.3290   58 5631 -7282.0000 -7772.5709  6.74%  1685 1817s
  1315  1068 -7741.5714   59 5607 -7282.0000 -7772.5709  6.74%  1691 1824s
  1316  1069 -7742.0770   59 5620 -7282.0000 -7772.5709  6.74%  1691 1827s
  1317  1069 -7739.8606   60 5584 -7282.0000 -7772.5709  6.74%  1696 1834s
  1318  1070 -7738.5409   60 5599 -7282.0000 -7772.5709  6.74%  1697 1837s
  1319  1071 -7736.6847   61 5569 -7282.0000 -7772.5709  6.74%  1703 1845s
  1321  1072 -7733.5136   62 5559 -7282.0000 -7772.5709  6.74%  1709 1856s
  1323  1073 -7730.5137   63 5546 -7282.0000 -7772.5709  6.74%  1716 1867s
  1325  1075 -7728.1486   64 5504 -7282.0000 -7772.5709  6.74%  1721 1876s
  1327  1076 -7724.9674   65 5497 -7282.0000 -7772.5709  6.74%  1725 1884s
  1328  1077 -7726.2208   65 5486 -7282.0000 -7772.5709  6.74%  1727 1888s
  1329  1077 -7723.8958   66 5490 -7282.0000 -7772.5709  6.74%  1728 1892s
  1331  1079 -7721.1342   67 5461 -7282.0000 -7772.5709  6.74%  1732 1899s
  1332  1079 -7721.2550   67 5459 -7282.0000 -7772.5709  6.74%  1732 1902s
  1333  1080 -7719.1050   68 5448 -7282.0000 -7772.5709  6.74%  1734 1905s
  1335  1081 -7716.6188   69 5452 -7282.0000 -7772.5709  6.74%  1737 1912s
  1337  1083 -7715.2606   70 5399 -7282.0000 -7772.5709  6.74%  1738 1916s
  1338  1083 -7714.3325   70 5407 -7282.0000 -7772.5709  6.74%  1742 1922s
  1340  1085 -7712.0041   71 5370 -7282.0000 -7772.5709  6.74%  1748 1930s
  1342  1086 -7711.1649   72 5332 -7282.0000 -7772.5709  6.74%  1752 1938s
  1343  1087 -7708.6299   73 5348 -7282.0000 -7772.5709  6.74%  1753 1940s
  1344  1087 -7707.8618   73 5344 -7282.0000 -7772.5709  6.74%  1757 1946s
  1347  1089 -7704.6030   75 5312 -7282.0000 -7772.5709  6.74%  1757 1951s
  1349  1091 -7700.8363   76 5280 -7282.0000 -7772.5709  6.74%  1763 1960s
  1350  1091 -7701.3566   76 5308 -7282.0000 -7772.5709  6.74%  1768 1966s
  1352  1093 -7697.5794   77 5280 -7282.0000 -7772.5709  6.74%  1770 1971s
  1353  1093 -7694.4478   78 5266 -7282.0000 -7772.5709  6.74%  1775 1978s
  1354  1094 -7696.1793   78 5293 -7282.0000 -7772.5709  6.74%  1775 1980s
  1357  1096 -7688.4578   80 5241 -7282.0000 -7772.5709  6.74%  1780 1989s
  1358  1097 -7691.8972   80 5251 -7282.0000 -7772.5709  6.74%  1781 1992s
  1360  1098 -7688.2106   81 5237 -7282.0000 -7772.5709  6.74%  1786 1999s
  1361  1099 -7686.3244   82 5230 -7282.0000 -7772.5709  6.74%  1786 2001s
  1363  1100 -7682.3120   83 5206 -7282.0000 -7772.5709  6.74%  1790 2008s
  1364  1101 -7683.1877   83 5190 -7282.0000 -7772.5709  6.74%  1790 2010s
  1367  1103 -7677.7075   85 5179 -7282.0000 -7772.5709  6.74%  1795 2019s
  1368  1103 -7678.8162   85 5165 -7282.0000 -7772.5709  6.74%  1795 2021s
  1371  1105 -7673.3755   87 5131 -7282.0000 -7772.5709  6.74%  1799 2028s
  1372  1106 -7672.3496   87 5120 -7282.0000 -7772.5709  6.74%  1799 2030s
  1374  1107 -7668.8166   88 5123 -7282.0000 -7772.5709  6.74%  1804 2037s
  1377  1109 -7667.9333   90 5089 -7282.0000 -7772.5709  6.74%  1803 2041s
  1380  1111 -7663.7630   91 5070 -7282.0000 -7772.5709  6.74%  1804 2046s
  1382  1113 -7659.7162   92 5046 -7282.0000 -7772.5709  6.74%  1809 2053s
  1383  1113 -7659.5579   93 5030 -7282.0000 -7772.5709  6.74%  1811 2057s
  1386  1115 -7655.2004   94 5014 -7282.0000 -7772.5709  6.74%  1811 2060s
  1390  1118 -7650.8604   96 5022 -7282.0000 -7772.5709  6.74%  1810 2065s
  1394  1121 -7650.6791   98 5004 -7282.0000 -7772.5709  6.74%  1809 2070s
  1398  1123 -7644.7708  100 5006 -7282.0000 -7772.5709  6.74%  1809 2075s
  1402  1126 -7640.5535  102 4962 -7282.0000 -7772.5709  6.74%  1809 2080s
  1405  1128 -7639.6355  104 4915 -7282.0000 -7772.5709  6.74%  1811 2085s
  1408  1130 -7636.2771  105 4915 -7282.0000 -7772.5709  6.74%  1812 2090s
  1412  1133 -7631.6362  107 4894 -7282.0000 -7772.5709  6.74%  1811 2095s
  1417  1136 -7626.4103  110 4887 -7282.0000 -7772.5709  6.74%  1809 2100s
  1424  1141 -7621.6944  113 4840 -7282.0000 -7772.5709  6.74%  1806 2105s
  1429  1144 -7616.4287  116 4829 -7282.0000 -7772.5709  6.74%  1804 2110s
  1434  1147 -7609.8540  118 4800 -7282.0000 -7772.5709  6.74%  1803 2115s
  1439  1151 -7603.9244  121 4748 -7282.0000 -7772.5709  6.74%  1802 2120s
  1444  1154 -7605.6104  123 4677 -7282.0000 -7772.5709  6.74%  1800 2125s
  1449  1157 -7600.2592  126 4661 -7282.0000 -7772.5709  6.74%  1800 2130s
  1453  1160 -7596.2092  128 4625 -7282.0000 -7772.5709  6.74%  1799 2135s
  1458  1163 -7593.9145  130 4684 -7282.0000 -7772.5709  6.74%  1798 2140s
  1464  1167 -7584.8165  133 4638 -7282.0000 -7772.5709  6.74%  1796 2145s
  1469  1171 -7585.2117  136 4590 -7282.0000 -7772.5709  6.74%  1794 2150s
  1475  1175 -7580.4698  139 4553 -7282.0000 -7772.5709  6.74%  1791 2155s
  1482  1179 -7571.7455  142 4543 -7282.0000 -7772.5709  6.74%  1789 2160s
  1488  1183 -7568.2809  145 4535 -7282.0000 -7772.5709  6.74%  1786 2165s
  1495  1188 -7563.3031  149 4454 -7282.0000 -7772.5709  6.74%  1783 2170s
  1501  1192 -7557.3980  152 4445 -7282.0000 -7772.5709  6.74%  1781 2175s
  1509  1197 -7552.4970  156 4359 -7282.0000 -7772.5709  6.74%  1776 2180s
  1519  1204 -7545.1226  161 4361 -7282.0000 -7772.5709  6.74%  1771 2185s
  1525  1208 -7537.2841  164 4321 -7282.0000 -7772.5709  6.74%  1768 2190s
  1533  1213 -7533.9472  168 4240 -7282.0000 -7772.5709  6.74%  1764 2195s
  1544  1221 -7526.6719  173 4197 -7282.0000 -7772.5709  6.74%  1757 2200s
  1552  1226 -7515.8098  177 4158 -7282.0000 -7772.5709  6.74%  1753 2205s
  1562  1233 -7507.2352  182 4221 -7282.0000 -7772.5709  6.74%  1748 2210s
  1571  1239 -7496.6466  187 4202 -7282.0000 -7772.5709  6.74%  1743 2215s
  1581  1245 -7481.3147  192 4153 -7282.0000 -7772.5709  6.74%  1738 2220s
  1592  1253 -7468.7423  197 4126 -7282.0000 -7772.5709  6.74%  1731 2225s
  1603  1260 -7453.5158  203 4116 -7282.0000 -7772.5709  6.74%  1725 2230s
  1615  1268 -7445.4762  209 4059 -7282.0000 -7772.5709  6.74%  1718 2235s
  1628  1277 -7431.3212  215 3989 -7282.0000 -7772.5709  6.74%  1709 2240s
  1641  1285 -7417.2170  222 3962 -7282.0000 -7772.5709  6.74%  1702 2245s
  1659  1297 -7395.4798  231 3826 -7282.0000 -7772.5709  6.74%  1689 2250s
  1677  1309 -7380.0478  240 3708 -7282.0000 -7772.5709  6.74%  1677 2255s
  1694  1321 -7365.8275  248 3692 -7282.0000 -7772.5709  6.74%  1666 2260s
  1712  1333 -7354.0027  257 3722 -7282.0000 -7772.5709  6.74%  1655 2265s
  1728  1343 -7332.9024  265 3571 -7282.0000 -7772.5709  6.74%  1645 2270s
  1748  1357 -7306.1612  275 3490 -7282.0000 -7772.5709  6.74%  1633 2275s
  1771  1372 -7297.0044  287 3133 -7282.0000 -7772.5709  6.74%  1618 2280s
  1797  1371 -7769.5033   44 6038 -7282.0000 -7772.5691  6.74%  1605 2295s
  1798  1372 -7765.8713   45 6026 -7282.0000 -7772.5691  6.74%  1608 2303s
  1799  1373 -7766.1878   45 6001 -7282.0000 -7772.5691  6.74%  1612 2313s
  1800  1373 -7764.3776   46 5959 -7282.0000 -7772.5691  6.74%  1613 2317s
  1801  1374 -7762.2106   46 5955 -7282.0000 -7772.5691  6.74%  1615 2322s
  1802  1375 -7761.8158   47 5934 -7282.0000 -7772.5691  6.74%  1616 2326s
  1803  1375 -7761.1390   47 5934 -7282.0000 -7772.5691  6.74%  1616 2330s
  1804  1376 -7759.3482   48 5904 -7282.0000 -7772.5691  6.74%  1617 2335s
  1806  1377 -7756.2416   49 5879 -7282.0000 -7772.5691  6.74%  1619 2342s
  1807  1378 -7755.1094   49 5869 -7282.0000 -7772.5691  6.74%  1620 2345s
  1809  1379 -7753.8419   50 5857 -7282.0000 -7772.5691  6.74%  1621 2352s
  1810  1380 -7753.3057   51 5853 -7282.0000 -7772.5691  6.74%  1622 2356s
  1812  1381 -7750.6537   52 5807 -7282.0000 -7772.5691  6.74%  1623 2363s
  1813  1382 -7750.9001   52 5806 -7282.0000 -7772.5691  6.74%  1624 2366s
  1814  1383 -7748.4098   53 5787 -7282.0000 -7772.5691  6.74%  1625 2370s
  1816  1384 -7746.0213   54 5724 -7282.0000 -7772.5691  6.74%  1626 2377s
  1817  1385 -7744.9260   54 5758 -7282.0000 -7772.5691  6.74%  1627 2381s
  1819  1386 -7743.9101   55 5735 -7282.0000 -7772.5691  6.74%  1629 2388s
  1820  1387 -7742.3473   56 5720 -7282.0000 -7772.5691  6.74%  1630 2391s
  1821  1387 -7740.2526   56 5702 -7282.0000 -7772.5691  6.74%  1631 2396s
  1823  1389 -7739.9626   57 5678 -7282.0000 -7772.5691  6.74%  1632 2402s
  1824  1389 -7738.8990   58 5653 -7282.0000 -7772.5691  6.74%  1633 2405s
  1826  1391 -7737.3331   59 5621 -7282.0000 -7772.5691  6.74%  1634 2410s
  1828  1392 -7734.7051   60 5599 -7282.0000 -7772.5691  6.74%  1636 2417s
  1829  1393 -7734.5385   60 5600 -7282.0000 -7772.5691  6.74%  1637 2421s
  1831  1394 -7731.2181   61 5567 -7282.0000 -7772.5691  6.74%  1638 2426s
  1833  1395 -7727.7026   62 5536 -7282.0000 -7772.5691  6.74%  1639 2431s
  1835  1397 -7725.3187   63 5533 -7282.0000 -7772.5691  6.74%  1640 2437s
  1837  1398 -7723.5819   64 5502 -7282.0000 -7772.5691  6.74%  1641 2441s
  1840  1400 -7719.4239   66 5474 -7282.0000 -7772.5691  6.74%  1641 2447s
  1841  1401 -7717.8471   66 5476 -7282.0000 -7772.5691  6.74%  1642 2451s
  1844  1403 -7713.3048   68 5426 -7282.0000 -7772.5691  6.74%  1644 2458s
  1845  1403 -7714.9685   68 5444 -7282.0000 -7772.5691  6.74%  1645 2461s
  1847  1405 -7710.1844   69 5451 -7282.0000 -7772.5691  6.74%  1646 2467s
  1849  1406 -7708.0413   70 5411 -7282.0000 -7772.5691  6.74%  1647 2471s
  1852  1408 -7705.2336   72 5381 -7282.0000 -7772.5691  6.74%  1647 2476s
  1854  1409 -7702.3604   73 5377 -7282.0000 -7772.5691  6.74%  1648 2481s
  1856  1411 -7700.5671   74 5362 -7282.0000 -7772.5691  6.74%  1648 2485s
  1859  1413 -7696.7322   75 5355 -7282.0000 -7772.5691  6.74%  1650 2491s
  1861  1414 -7694.7331   76 5344 -7282.0000 -7772.5691  6.74%  1650 2495s
  1864  1416 -7689.6655   78 5293 -7282.0000 -7772.5691  6.74%  1651 2501s
  1866  1417 -7687.3234   79 5266 -7282.0000 -7772.5691  6.74%  1652 2505s
  1869  1419 -7683.6571   80 5248 -7282.0000 -7772.5691  6.74%  1653 2512s
  1871  1421 -7681.0934   81 5226 -7282.0000 -7772.5691  6.74%  1654 2515s
  1875  1423 -7674.2823   83 5213 -7282.0000 -7772.5691  6.74%  1654 2521s
  1879  1426 -7671.5597   85 5215 -7282.0000 -7772.5691  6.74%  1654 2526s
  1881  1427 -7667.0633   86 5180 -7282.0000 -7772.5691  6.74%  1655 2531s
  1884  1429 -7663.5075   88 5156 -7282.0000 -7772.5691  6.74%  1656 2536s
  1887  1431 -7657.0405   89 5161 -7282.0000 -7772.5691  6.74%  1656 2540s
  1890  1433 -7657.1734   91 5097 -7282.0000 -7772.5691  6.74%  1657 2545s
  1894  1436 -7651.7100   93 5087 -7282.0000 -7772.5691  6.74%  1657 2550s
  1898  1439 -7648.6607   95 5064 -7282.0000 -7772.5691  6.74%  1657 2555s
  1902  1441 -7645.2217   97 5029 -7282.0000 -7772.5691  6.74%  1657 2560s
  1905  1443 -7642.1901   98 5001 -7282.0000 -7772.5691  6.74%  1658 2566s
  1908  1445 -7637.2922  100 4970 -7282.0000 -7772.5691  6.74%  1658 2570s
  1912  1448 -7631.3306  102 4925 -7282.0000 -7772.5691  6.74%  1658 2575s
  1916  1451 -7628.4735  104 4925 -7282.0000 -7772.5691  6.74%  1658 2580s
  1921  1454 -7619.2268  106 4891 -7282.0000 -7772.5691  6.74%  1657 2585s
  1926  1457 -7619.4067  109 4888 -7282.0000 -7772.5691  6.74%  1657 2590s
  1931  1461 -7614.6692  111 4868 -7282.0000 -7772.5691  6.74%  1656 2595s
  1935  1463 -7608.9324  113 4839 -7282.0000 -7772.5691  6.74%  1656 2600s
  1940  1467 -7602.8726  116 4782 -7282.0000 -7772.5691  6.74%  1655 2605s
  1945  1470 -7593.5767  118 4744 -7282.0000 -7772.5691  6.74%  1655 2610s
  1951  1474 -7595.1648  121 4753 -7282.0000 -7772.5691  6.74%  1653 2615s
  1955  1477 -7588.9338  123 4730 -7282.0000 -7772.5691  6.74%  1653 2620s
  1961  1481 -7581.5578  126 4687 -7282.0000 -7772.5691  6.74%  1652 2625s
  1967  1485 -7575.5284  129 4668 -7282.0000 -7772.5691  6.74%  1651 2630s
  1971  1487 -7571.4141  131 4630 -7282.0000 -7772.5691  6.74%  1651 2635s
  1977  1491 -7564.1689  134 4608 -7282.0000 -7772.5691  6.74%  1650 2640s
  1982  1495 -7558.3303  137 4581 -7282.0000 -7772.5691  6.74%  1649 2645s
  1989  1499 -7554.0078  140 4540 -7282.0000 -7772.5691  6.74%  1647 2650s
  1994  1503 -7551.2673  143 4517 -7282.0000 -7772.5691  6.74%  1645 2656s
  1997  1505 -7547.6872  144 4508 -7282.0000 -7772.5691  6.74%  1644 2662s
  2000  1507 -7547.1545  146 4488 -7282.0000 -7772.5691  6.74%  1643 2668s
  2003  1509 -7544.4603  147 4469 -7282.0000 -7772.5691  6.74%  1643 2670s
  2004  1509 -7543.3456  148 4463 -7282.0000 -7772.5691  6.74%  1642 2699s
  2005  1510 -7541.2013  148 4430 -7282.0000 -7772.5691  6.74%  1642 2700s
  2013  1515 -7532.1159  152 4451 -7282.0000 -7772.5691  6.74%  1639 2705s
  2020  1520 -7534.1118  156 4432 -7282.0000 -7772.5691  6.74%  1638 2710s
  2028  1525 -7530.0795  160 4394 -7282.0000 -7772.5691  6.74%  1635 2715s
  2037  1531 -7522.4309  164 4348 -7282.0000 -7772.5691  6.74%  1632 2720s
  2044  1536 -7517.7777  168 4345 -7282.0000 -7772.5691  6.74%  1630 2725s
  2052  1541 -7514.0971  172 4328 -7282.0000 -7772.5691  6.74%  1628 2730s
  2062  1548 -7505.4103  177 4267 -7282.0000 -7772.5691  6.74%  1624 2735s
  2071  1554 -7498.0529  181 4239 -7282.0000 -7772.5691  6.74%  1621 2740s
  2080  1560 -7491.3436  186 4212 -7282.0000 -7772.5691  6.74%  1618 2745s
  2092  1568 -7484.9690  192 4166 -7282.0000 -7772.5691  6.74%  1612 2750s
  2103  1575 -7470.6470  197 4118 -7282.0000 -7772.5691  6.74%  1608 2755s
  2117  1585 -7472.0099  204 4041 -7282.0000 -7772.5691  6.74%  1602 2760s
  2130  1593 -7469.3582  211 3997 -7282.0000 -7772.5691  6.74%  1596 2765s
  2144  1603 -7463.8986  218 3966 -7282.0000 -7772.5691  6.74%  1590 2770s
H 2148  1549                    -7284.000000 -7772.5691  6.71%  1588 2771s
  2157  1557 -7453.8055  224 3885 -7284.0000 -7772.5691  6.71%  1584 2775s
  2172  1567 -7451.5367  232 3801 -7284.0000 -7772.5691  6.71%  1578 2780s
  2185  1576 -7440.0268  238 3815 -7284.0000 -7772.5691  6.71%  1573 2785s
  2201  1587 -7431.6416  246 3758 -7284.0000 -7772.5691  6.71%  1566 2790s
  2220  1599 -7429.5851  256 3755 -7284.0000 -7772.5691  6.71%  1557 2795s
  2236  1610 -7425.1325  264 3701 -7284.0000 -7772.5691  6.71%  1550 2800s
  2255  1623 -7414.2327  273 3622 -7284.0000 -7772.5691  6.71%  1541 2805s
  2271  1633 -7409.6776  281 3615 -7284.0000 -7772.5691  6.71%  1535 2810s
  2292  1647 -7406.8362  292 3448 -7284.0000 -7772.5691  6.71%  1525 2815s
  2313  1661 -7393.8088  302 3423 -7284.0000 -7772.5691  6.71%  1516 2820s
  2334  1675 -7385.1994  313 3351 -7284.0000 -7772.5691  6.71%  1507 2825s
H 2337  1584                    -7314.000000 -7772.5691  6.27%  1505 2825s
  2359  1601 -7377.9596  325 3184 -7314.0000 -7772.5691  6.27%  1496 2830s
H 2374  1559                    -7316.000000 -7772.5691  6.24%  1489 2832s
  2388  1570 -7370.6509  340 3134 -7316.0000 -7772.5691  6.24%  1483 2835s
  2417  1590 -7348.5147  354 2980 -7316.0000 -7772.5691  6.24%  1470 2840s
  2450  1612 -7341.6604  371 2924 -7316.0000 -7772.5691  6.24%  1455 2845s
H 2472  1561                    -7334.000000 -7772.5691  5.98%  1445 2847s
H 2480  1467                    -7344.000000 -7772.5691  5.84%  1441 2847s
  2484  1463 -7768.9567   44 6065 -7344.0000 -7771.7901  5.83%  1441 2857s
  2485  1464 -7766.3017   45 6020 -7344.0000 -7771.7901  5.83%  1443 2864s
  2486  1465 -7766.3320   45 6035 -7344.0000 -7771.7901  5.83%  1446 2872s
  2487  1465 -7763.9958   46 5987 -7344.0000 -7771.7901  5.83%  1446 2875s
  2489  1467 -7761.3671   47 5949 -7344.0000 -7771.7901  5.83%  1448 2883s
  2490  1467 -7760.7215   47 5951 -7344.0000 -7771.7901  5.83%  1449 2887s
  2491  1468 -7759.7518   48 5943 -7344.0000 -7771.7901  5.83%  1449 2891s
  2492  1469 -7757.2997   48 5922 -7344.0000 -7771.7901  5.83%  1450 2896s
  2494  1470 -7756.5724   49 5885 -7344.0000 -7771.7901  5.83%  1452 2904s
  2495  1471 -7753.5070   50 5875 -7344.0000 -7771.7901  5.83%  1453 2910s
  2496  1471 -7753.0757   50 5847 -7344.0000 -7771.7901  5.83%  1454 2916s
  2497  1472 -7749.5915   51 5818 -7344.0000 -7771.7901  5.83%  1455 2920s
  2499  1473 -7747.4686   52 5800 -7344.0000 -7771.7901  5.83%  1457 2928s
  2500  1474 -7747.1081   52 5792 -7344.0000 -7771.7901  5.83%  1457 2932s
  2501  1475 -7744.5306   53 5777 -7344.0000 -7771.7901  5.83%  1458 2935s
  2503  1476 -7742.3284   54 5769 -7344.0000 -7771.7901  5.83%  1459 2941s
  2504  1477 -7740.7291   54 5763 -7344.0000 -7771.7901  5.83%  1460 2945s
  2506  1478 -7740.8233   55 5744 -7344.0000 -7771.7901  5.83%  1461 2954s
  2507  1479 -7736.9897   56 5725 -7344.0000 -7771.7901  5.83%  1462 2957s
  2508  1479 -7738.0860   56 5704 -7344.0000 -7771.7901  5.83%  1463 2962s
  2510  1481 -7734.1293   57 5707 -7344.0000 -7771.7901  5.83%  1464 2968s
  2511  1481 -7733.6588   58 5633 -7344.0000 -7771.7901  5.83%  1465 2971s
  2513  1483 -7730.0439   59 5640 -7344.0000 -7771.7901  5.83%  1466 2977s
  2514  1483 -7729.3054   59 5645 -7344.0000 -7771.7901  5.83%  1466 2980s
  2516  1485 -7726.3257   60 5624 -7344.0000 -7771.7901  5.83%  1467 2986s
  2518  1486 -7723.6589   61 5594 -7344.0000 -7771.7901  5.83%  1468 2992s
  2519  1487 -7720.2785   62 5565 -7344.0000 -7771.7901  5.83%  1469 2995s
  2521  1488 -7716.9310   63 5556 -7344.0000 -7771.7901  5.83%  1470 3001s
  2523  1489 -7713.9640   64 5536 -7344.0000 -7771.7901  5.83%  1471 3006s
  2525  1491 -7710.8676   65 5512 -7344.0000 -7771.7901  5.83%  1471 3011s
  2527  1492 -7708.2143   66 5470 -7344.0000 -7771.7901  5.83%  1472 3015s
  2530  1494 -7703.8156   67 5448 -7344.0000 -7771.7901  5.83%  1473 3022s
  2531  1495 -7700.7825   68 5443 -7344.0000 -7771.7901  5.83%  1474 3025s
H 2532  1448                    -7346.000000 -7771.7901  5.80%  1473 3028s
  2533  1451 -7698.8488   69 5428 -7346.0000 -7771.7901  5.80%  1474 3031s
  2535  1452 -7697.1417   70 5414 -7346.0000 -7771.7901  5.80%  1475 3035s
  2537  1454 -7695.2666   71 5407 -7346.0000 -7771.7901  5.80%  1476 3040s
  2540  1456 -7691.6901   72 5396 -7346.0000 -7771.7901  5.80%  1477 3046s
  2542  1457 -7688.0929   73 5379 -7346.0000 -7771.7901  5.80%  1477 3050s
  2545  1459 -7686.2684   75 5330 -7346.0000 -7771.7901  5.80%  1478 3056s
  2547  1460 -7684.5074   76 5320 -7346.0000 -7771.7901  5.80%  1479 3060s
  2550  1462 -7681.7051   77 5292 -7346.0000 -7771.7901  5.80%  1479 3065s
  2553  1464 -7677.5465   79 5254 -7346.0000 -7771.7901  5.80%  1480 3070s
  2557  1467 -7672.2281   81 5205 -7346.0000 -7771.7901  5.80%  1480 3076s
  2560  1469 -7666.4829   82 5199 -7346.0000 -7771.7901  5.80%  1481 3080s
  2564  1472 -7663.2320   84 5178 -7346.0000 -7771.7901  5.80%  1481 3086s
  2567  1474 -7662.1664   86 5145 -7346.0000 -7771.7901  5.80%  1481 3090s
  2570  1476 -7656.9999   87 5129 -7346.0000 -7771.7901  5.80%  1482 3095s
  2574  1478 -7654.0442   89 5090 -7346.0000 -7771.7901  5.80%  1482 3101s
  2577  1480 -7650.8745   91 5094 -7346.0000 -7771.7901  5.80%  1483 3105s
  2581  1483 -7646.2984   93 5055 -7346.0000 -7771.7901  5.80%  1483 3110s
  2585  1486 -7641.5298   95 5034 -7346.0000 -7771.7901  5.80%  1484 3116s
  2588  1488 -7637.1378   96 5035 -7346.0000 -7771.7901  5.80%  1484 3121s
  2591  1490 -7634.3576   98 4993 -7346.0000 -7771.7901  5.80%  1484 3125s
  2596  1493 -7628.3093  100 4956 -7346.0000 -7771.7901  5.80%  1485 3131s
  2600  1496 -7623.5885  102 4930 -7346.0000 -7771.7901  5.80%  1485 3136s
  2603  1498 -7622.6912  104 4905 -7346.0000 -7771.7901  5.80%  1485 3140s
  2607  1500 -7617.1428  106 4906 -7346.0000 -7771.7901  5.80%  1486 3145s
  2612  1504 -7607.7724  108 4874 -7346.0000 -7771.7901  5.80%  1486 3151s
  2616  1506 -7606.4173  110 4873 -7346.0000 -7771.7901  5.80%  1486 3155s
  2621  1510 -7601.7879  113 4836 -7346.0000 -7771.7901  5.80%  1486 3160s
  2625  1512 -7597.9596  115 4833 -7346.0000 -7771.7901  5.80%  1486 3165s
  2631  1516 -7590.2003  118 4810 -7346.0000 -7771.7901  5.80%  1486 3170s
H 2636  1464                    -7352.000000 -7771.7901  5.71%  1484 3175s
  2641  1469 -7582.5645  123 4773 -7352.0000 -7771.7901  5.71%  1485 3180s
  2648  1474 -7576.2494  126 4747 -7352.0000 -7771.7901  5.71%  1484 3185s
  2654  1478 -7569.1651  129 4727 -7352.0000 -7771.7901  5.71%  1483 3190s
  2660  1482 -7564.4503  132 4694 -7352.0000 -7771.7901  5.71%  1483 3195s
H 2661  1434                    -7356.000000 -7771.7901  5.65%  1482 3196s
  2664  1438 -7561.0089  134 4655 -7356.0000 -7771.7901  5.65%  1483 3200s
  2670  1442 -7555.2959  137 4643 -7356.0000 -7771.7901  5.65%  1482 3205s
  2676  1446 -7547.4212  140 4607 -7356.0000 -7771.7901  5.65%  1481 3210s
  2682  1450 -7544.0724  143 4567 -7356.0000 -7771.7901  5.65%  1481 3215s
  2690  1456 -7540.1741  147 4519 -7356.0000 -7771.7901  5.65%  1479 3220s
  2697  1460 -7535.1797  151 4510 -7356.0000 -7771.7901  5.65%  1478 3225s
  2705  1466 -7525.7824  155 4475 -7356.0000 -7771.7901  5.65%  1477 3230s
  2712  1470 -7517.9838  158 4428 -7356.0000 -7771.7901  5.65%  1476 3235s
  2718  1474 -7517.1441  161 4426 -7356.0000 -7771.7901  5.65%  1475 3240s
  2726  1480 -7513.0131  165 4360 -7356.0000 -7771.7901  5.65%  1474 3245s
  2734  1485 -7505.5516  169 4341 -7356.0000 -7771.7901  5.65%  1472 3250s
  2743  1491 -7504.0622  174 4259 -7356.0000 -7771.7901  5.65%  1471 3255s
  2752  1497 -7494.0402  178 4203 -7356.0000 -7771.7901  5.65%  1469 3260s
  2764  1505 -7493.2981  184 4153 -7356.0000 -7771.7901  5.65%  1466 3265s
  2776  1513 -7481.3296  190 4154 -7356.0000 -7771.7901  5.65%  1462 3270s
  2785  1519 -7479.1189  195 4124 -7356.0000 -7771.7901  5.65%  1460 3275s
H 2792  1477                    -7358.000000 -7771.7901  5.62%  1458 3277s
  2798  1483 -7463.1933  201 4089 -7358.0000 -7771.7901  5.62%  1457 3280s
  2811  1491 -7462.4511  208 4056 -7358.0000 -7771.7901  5.62%  1453 3285s
  2822  1499 -7455.8980  213 3978 -7358.0000 -7771.7901  5.62%  1451 3290s
  2833  1506 -7448.4336  219 3985 -7358.0000 -7771.7901  5.62%  1448 3295s
H 2844  1473                    -7360.000000 -7771.7901  5.59%  1445 3299s
  2847  1477 -7440.5447  226 3931 -7360.0000 -7771.7901  5.59%  1445 3300s
H 2850  1435                    -7362.000000 -7771.7901  5.57%  1444 3302s
  2859  1443 -7432.1248  232 3877 -7362.0000 -7771.7901  5.57%  1442 3305s
  2874  1453 -7416.6121  239 3820 -7362.0000 -7771.7901  5.57%  1438 3310s
  2888  1463 -7416.7447  246 3793 -7362.0000 -7771.7901  5.57%  1434 3315s
  2902  1472 -7404.4488  253 3784 -7362.0000 -7771.7901  5.57%  1431 3320s
  2917  1482 -7409.1864  261 3745 -7362.0000 -7771.7901  5.57%  1427 3325s
H 2922  1443                    -7364.000000 -7771.7901  5.54%  1425 3326s
  2933  1453 -7404.3820  269 3637 -7364.0000 -7771.7901  5.54%  1422 3330s
  2950  1466 -7395.8658  277 3667 -7364.0000 -7771.7901  5.54%  1417 3335s
  2968  1484 -7389.7171  286 3601 -7364.0000 -7771.7901  5.54%  1412 3340s
H 2974  1474                    -7368.000000 -7771.7901  5.48%  1410 3341s
H 2985  1459                    -7372.000000 -7771.7901  5.42%  1407 3344s
  2987  1463 -7377.3535  296 3550 -7372.0000 -7771.7901  5.42%  1407 3345s
H 3001  1457                    -7374.000000 -7771.7901  5.39%  1403 3349s
  3005  1455 -7769.7935   45 6018 -7374.0000 -7771.7733  5.39%  1403 3359s
  3006  1456 -7767.1606   46 5982 -7374.0000 -7771.7733  5.39%  1405 3379s
  3007  1457 -7767.1666   46 5970 -7374.0000 -7771.7733  5.39%  1407 3387s
  3008  1458 -7764.3812   47 5945 -7374.0000 -7771.7733  5.39%  1407 3391s
  3009  1459 -7761.6321   48 5907 -7374.0000 -7771.7733  5.39%  1408 3396s
  3010  1460 -7760.9292   48 5911 -7374.0000 -7771.7733  5.39%  1409 3400s
  3011  1461 -7757.1793   49 5871 -7374.0000 -7771.7733  5.39%  1410 3405s
  3012  1462 -7757.3909   49 5893 -7374.0000 -7771.7733  5.39%  1410 3410s
  3014  1464 -7754.4601   50 5845 -7374.0000 -7771.7733  5.39%  1412 3418s
  3015  1465 -7753.8230   50 5834 -7374.0000 -7771.7733  5.39%  1413 3422s
  3016  1466 -7758.8370   49 5879 -7374.0000 -7771.7733  5.39%  1413 3426s
  3018  1468 -7752.2949   51 5823 -7374.0000 -7771.7733  5.39%  1414 3433s
  3019  1469 -7754.6299   50 5851 -7374.0000 -7771.7733  5.39%  1415 3437s
  3020  1470 -7751.7725   51 5821 -7374.0000 -7771.7733  5.39%  1415 3440s
  3021  1471 -7749.1165   52 5808 -7374.0000 -7771.7733  5.39%  1416 3445s
  3023  1473 -7747.3333   53 5754 -7374.0000 -7771.7733  5.39%  1418 3454s
  3024  1474 -7745.1658   54 5723 -7374.0000 -7771.7733  5.39%  1418 3456s
  3025  1475 -7742.9690   55 5722 -7374.0000 -7771.7733  5.39%  1418 3460s
H 3027  1463                    -7376.000000 -7771.7733  5.37%  1418 3467s
  3028  1466 -7740.6620   55 5714 -7376.0000 -7771.7733  5.37%  1420 3471s
  3030  1468 -7735.7218   57 5680 -7376.0000 -7771.7733  5.37%  1421 3478s
  3031  1469 -7735.9522   57 5673 -7376.0000 -7771.7733  5.37%  1422 3481s
  3033  1471 -7732.9979   58 5672 -7376.0000 -7771.7733  5.37%  1423 3487s
  3034  1472 -7732.3730   58 5619 -7376.0000 -7771.7733  5.37%  1423 3490s
  3037  1475 -7729.1655   59 5622 -7376.0000 -7771.7733  5.37%  1424 3497s
  3038  1476 -7730.2851   59 5622 -7376.0000 -7771.7733  5.37%  1425 3501s
  3040  1478 -7729.8745   59 5624 -7376.0000 -7771.7733  5.37%  1425 3506s
  3042  1480 -7726.9473   60 5572 -7376.0000 -7771.7733  5.37%  1426 3512s
  3043  1481 -7724.4550   61 5554 -7376.0000 -7771.7733  5.37%  1427 3516s
  3045  1483 -7721.3877   62 5547 -7376.0000 -7771.7733  5.37%  1428 3521s
  3046  1484 -7720.2861   62 5545 -7376.0000 -7771.7733  5.37%  1428 3525s
  3048  1486 -7715.7650   63 5531 -7376.0000 -7771.7733  5.37%  1429 3531s
  3050  1488 -7713.4112   64 5481 -7376.0000 -7771.7733  5.37%  1430 3537s
  3052  1490 -7708.9979   66 5447 -7376.0000 -7771.7733  5.37%  1431 3541s
H 3053  1477                    -7378.000000 -7771.7733  5.34%  1430 3544s
  3054  1480 -7706.0456   67 5457 -7378.0000 -7771.7733  5.34%  1431 3545s
  3057  1483 -7704.6118   68 5406 -7378.0000 -7771.7733  5.34%  1432 3552s
  3059  1485 -7701.8650   69 5390 -7378.0000 -7771.7733  5.34%  1432 3557s
  3061  1487 -7700.9163   69 5383 -7378.0000 -7771.7733  5.34%  1433 3561s
  3062  1488 -7697.7772   70 5401 -7378.0000 -7771.7733  5.34%  1434 3565s
  3064  1490 -7696.0972   71 5337 -7378.0000 -7771.7733  5.34%  1434 3570s
  3067  1493 -7691.3459   72 5330 -7378.0000 -7771.7733  5.34%  1436 3577s
  3069  1495 -7690.8172   73 5323 -7378.0000 -7771.7733  5.34%  1436 3581s
  3072  1498 -7686.7780   74 5332 -7378.0000 -7771.7733  5.34%  1437 3587s
  3073  1499 -7691.0982   72 5343 -7378.0000 -7771.7733  5.34%  1438 3590s
  3076  1502 -7684.9244   74 5311 -7378.0000 -7771.7733  5.34%  1438 3595s
H 3079  1491                    -7380.000000 -7771.7733  5.31%  1438 3600s
  3082  1496 -7682.0488   75 5308 -7380.0000 -7771.7733  5.31%  1439 3605s
  3085  1499 -7676.8593   77 5255 -7380.0000 -7771.7733  5.31%  1439 3610s
  3088  1502 -7674.8515   77 5256 -7380.0000 -7771.7733  5.31%  1440 3616s
  3090  1504 -7680.0414   76 5254 -7380.0000 -7771.7733  5.31%  1441 3620s
  3092  1506 -7675.7533   77 5254 -7380.0000 -7771.7733  5.31%  1442 3626s
  3094  1508 -7673.3556   79 5189 -7380.0000 -7771.7733  5.31%  1443 3630s
  3097  1511 -7671.7827   79 5199 -7380.0000 -7771.7733  5.31%  1444 3636s
  3100  1514 -7667.4711   81 5150 -7380.0000 -7771.7733  5.31%  1444 3640s
  3103  1517 -7664.5803   83 5124 -7380.0000 -7771.7733  5.31%  1444 3645s
  3107  1521 -7662.6776   83 5095 -7380.0000 -7771.7733  5.31%  1445 3651s
  3110  1524 -7657.6812   85 5087 -7380.0000 -7771.7733  5.31%  1445 3655s
  3114  1528 -7654.4135   86 5062 -7380.0000 -7771.7733  5.31%  1445 3660s
  3118  1532 -7653.2486   86 5066 -7380.0000 -7771.7733  5.31%  1445 3665s
  3122  1536 -7649.8462   87 5048 -7380.0000 -7771.7733  5.31%  1446 3671s
  3126  1540 -7644.8775   89 5030 -7380.0000 -7771.7733  5.31%  1446 3675s
  3130  1544 -7644.3057   88 5055 -7380.0000 -7771.7733  5.31%  1446 3681s
H 3131  1529                    -7384.000000 -7771.7733  5.25%  1446 3682s
  3133  1533 -7640.6611   91 4999 -7384.0000 -7771.7733  5.25%  1447 3685s
  3137  1537 -7640.3912   91 4998 -7384.0000 -7771.7733  5.25%  1447 3691s
  3140  1540 -7638.1998   92 5002 -7384.0000 -7771.7733  5.25%  1448 3695s
  3143  1543 -7637.8375   91 4963 -7384.0000 -7771.7733  5.25%  1449 3701s
  3146  1546 -7634.4477   93 4969 -7384.0000 -7771.7733  5.25%  1449 3705s
  3150  1550 -7631.4186   94 4950 -7384.0000 -7771.7733  5.25%  1449 3710s
  3154  1554 -7626.9255   95 4972 -7384.0000 -7771.7733  5.25%  1449 3715s
  3158  1558 -7623.5614   96 4942 -7384.0000 -7771.7733  5.25%  1450 3720s
  3161  1561 -7624.3506   96 4942 -7384.0000 -7771.7733  5.25%  1450 3725s
  3165  1565 -7624.0957   97 4937 -7384.0000 -7771.7733  5.25%  1451 3731s
  3168  1568 -7622.1159   98 4946 -7384.0000 -7771.7733  5.25%  1451 3735s
  3174  1574 -7618.0853  100 4903 -7384.0000 -7771.7733  5.25%  1451 3740s
  3178  1578 -7614.9346  101 4878 -7384.0000 -7771.7733  5.25%  1451 3745s
  3182  1582 -7613.5669  102 4878 -7384.0000 -7771.7733  5.25%  1451 3750s
  3185  1585 -7611.6317  103 4901 -7384.0000 -7771.7733  5.25%  1452 3755s
  3190  1590 -7608.1165  103 4881 -7384.0000 -7771.7733  5.25%  1452 3760s
  3195  1595 -7605.5480  105 4859 -7384.0000 -7771.7733  5.25%  1452 3766s
  3199  1599 -7603.9517  106 4855 -7384.0000 -7771.7733  5.25%  1452 3770s
  3203  1603 -7599.2001  108 4800 -7384.0000 -7771.7733  5.25%  1452 3775s
  3207  1607 -7599.1523  108 4842 -7384.0000 -7771.7733  5.25%  1452 3780s
  3211  1611 -7598.6384  110 4769 -7384.0000 -7771.7733  5.25%  1453 3785s
  3215  1615 -7593.6350  110 4794 -7384.0000 -7771.7733  5.25%  1453 3790s
  3219  1619 -7589.8743  111 4777 -7384.0000 -7771.7733  5.25%  1454 3796s
  3223  1623 -7585.5851  113 4771 -7384.0000 -7771.7733  5.25%  1454 3801s
  3228  1628 -7588.3646  113 4764 -7384.0000 -7771.7733  5.25%  1453 3805s
  3233  1633 -7585.6659  115 4735 -7384.0000 -7771.7733  5.25%  1453 3810s
H 3235  1631                    -7386.000000 -7771.7733  5.22%  1453 3813s
  3237  1635 -7584.4816  115 4719 -7386.0000 -7771.7733  5.22%  1453 3815s
  3241  1639 -7580.2958  117 4724 -7386.0000 -7771.7733  5.22%  1454 3820s
  3247  1645 -7577.8088  118 4715 -7386.0000 -7771.7733  5.22%  1453 3825s
  3253  1651 -7577.6220  118 4719 -7386.0000 -7771.7733  5.22%  1453 3830s
  3258  1656 -7576.5280  119 4718 -7386.0000 -7771.7733  5.22%  1452 3835s
  3263  1661 -7572.7195  120 4700 -7386.0000 -7771.7733  5.22%  1452 3840s
  3269  1667 -7573.0730  120 4706 -7386.0000 -7771.7733  5.22%  1452 3845s
  3275  1673 -7568.2414  124 4685 -7386.0000 -7771.7733  5.22%  1451 3850s
  3282  1680 -7565.0399  124 4671 -7386.0000 -7771.7733  5.22%  1451 3855s
  3287  1685 -7560.9905  126 4641 -7386.0000 -7771.7733  5.22%  1450 3860s
  3292  1690 -7561.4991  125 4681 -7386.0000 -7771.7733  5.22%  1450 3865s
  3297  1695 -7561.6300  127 4616 -7386.0000 -7771.7733  5.22%  1450 3870s
  3302  1700 -7561.0891  128 4631 -7386.0000 -7771.7733  5.22%  1450 3875s
  3308  1706 -7556.6595  130 4609 -7386.0000 -7771.7733  5.22%  1450 3880s
  3314  1712 -7552.2174  131 4585 -7386.0000 -7771.7733  5.22%  1449 3885s
  3320  1718 -7553.1364  131 4585 -7386.0000 -7771.7733  5.22%  1449 3890s
  3325  1723 -7550.7736  133 4583 -7386.0000 -7771.7733  5.22%  1448 3895s
  3332  1730 -7549.8823  135 4565 -7386.0000 -7771.7733  5.22%  1448 3901s
  3337  1735 -7549.0247  135 4555 -7386.0000 -7771.7733  5.22%  1448 3905s
H 3339  1725                    -7388.000000 -7771.7733  5.19%  1447 3907s
  3343  1731 -7545.9503  139 4513 -7388.0000 -7771.7733  5.19%  1447 3910s
  3351  1739 -7539.1379  141 4479 -7388.0000 -7771.7733  5.19%  1446 3915s
  3357  1745 -7537.2577  141 4490 -7388.0000 -7771.7733  5.19%  1445 3920s
  3364  1752 -7536.7453  142 4473 -7388.0000 -7771.7733  5.19%  1445 3925s
  3369  1757 -7533.3300  144 4475 -7388.0000 -7771.7733  5.19%  1444 3930s
  3376  1764 -7532.8274  145 4450 -7388.0000 -7771.7733  5.19%  1444 3935s
  3383  1771 -7529.9617  146 4442 -7388.0000 -7771.7733  5.19%  1443 3940s
  3390  1778 -7528.9891  145 4458 -7388.0000 -7771.7733  5.19%  1442 3945s
  3395  1783 -7528.6089  146 4421 -7388.0000 -7771.7733  5.19%  1442 3950s
  3401  1789 -7525.8357  147 4437 -7388.0000 -7771.7733  5.19%  1442 3955s
  3408  1796 -7526.0344  148 4403 -7388.0000 -7771.7733  5.19%  1441 3960s
  3416  1804 -7522.5841  150 4385 -7388.0000 -7771.7733  5.19%  1440 3965s
  3424  1812 -7516.7620  151 4368 -7388.0000 -7771.7733  5.19%  1439 3970s
  3432  1820 -7516.5576  157 4360 -7388.0000 -7771.7733  5.19%  1438 3975s
  3440  1828 -7514.7636  158 4344 -7388.0000 -7771.7733  5.19%  1437 3980s
  3446  1834 -7512.7241  160 4310 -7388.0000 -7771.7733  5.19%  1436 3985s
  3455  1843 -7507.9799  161 4301 -7388.0000 -7771.7733  5.19%  1435 3990s
  3469  1857 -7506.0138  165 4229 -7388.0000 -7771.7733  5.19%  1431 3995s
  3478  1866 -7502.5277  166 4223 -7388.0000 -7771.7733  5.19%  1430 4000s
  3486  1874 -7501.2968  167 4255 -7388.0000 -7771.7733  5.19%  1429 4005s
  3492  1880 -7499.8394  167 4228 -7388.0000 -7771.7733  5.19%  1429 4010s
H 3495  1867                    -7390.000000 -7771.7733  5.17%  1428 4012s
  3499  1873 -7500.6453  168 4250 -7390.0000 -7771.7733  5.17%  1428 4015s
  3508  1882 -7494.5858  171 4207 -7390.0000 -7771.7733  5.17%  1427 4020s
  3520  1894 -7483.4935  173 4204 -7390.0000 -7771.7733  5.17%  1424 4025s
  3528  1902 -7487.8366  176 4184 -7390.0000 -7771.7733  5.17%  1423 4030s
  3536  1910 -7485.6761  176 4168 -7390.0000 -7771.7733  5.17%  1423 4035s
  3547  1921 -7483.4934  181 4176 -7390.0000 -7771.7733  5.17%  1420 4040s
  3556  1930 -7477.9059  183 4168 -7390.0000 -7771.7733  5.17%  1419 4045s
  3565  1939 -7472.9414  184 4147 -7390.0000 -7771.7733  5.17%  1418 4050s
  3574  1948 -7474.6635  186 4124 -7390.0000 -7771.7733  5.17%  1417 4055s
  3583  1957 -7469.6572  187 4140 -7390.0000 -7771.7733  5.17%  1415 4060s
  3595  1969 -7467.3554  189 4108 -7390.0000 -7771.7733  5.17%  1413 4065s
H 3599  1945                    -7394.000000 -7771.7733  5.11%  1412 4067s
  3605  1953 -7464.6972  190 4121 -7394.0000 -7771.7733  5.11%  1411 4070s
  3617  1965 -7463.2032  194 4065 -7394.0000 -7771.7733  5.11%  1409 4075s
  3626  1974 -7459.8519  198 4065 -7394.0000 -7771.7733  5.11%  1408 4080s
  3636  1984 -7454.3595  203 4013 -7394.0000 -7771.7733  5.11%  1406 4085s
H 3651  1959                    -7400.000000 -7771.7733  5.02%  1403 4090s
  3662  1972 -7448.6366  206 4010 -7400.0000 -7771.7733  5.02%  1401 4095s

Cutting planes:
  Gomory: 31
  MIR: 202
  Flow cover: 2621
  Zero half: 806
  Mod-K: 8
  RLT: 237
  BQP: 391

Explored 3665 nodes (5144912 simplex iterations) in 4096.01 seconds (5407.85 work units)
Thread count was 1 (of 72 available processors)

Solution count 10: -7400 -7394 -7390 ... -7374

Time limit reached
Best objective -7.400000000000e+03, best bound -7.770000000000e+03, gap 5.0000%

User-callback calls 85031, time in user-callback 0.39 sec

BQP_SOLUTION, 1173, 5308, -2630.000000, 4096.008687, 1, 1, 1, -1, -1, -1, 1, -1, 1, -1, 1, -1, 1, 1, 1, 1, -1, 1, -1, -1, 1, 1, -1, 1, 1, 1, 1, -1, 1, 1, -1, 1, -1, 1, -1, 1, 1, -1, -1, 1, -1, -1, 1, 1, -1, 1, -1, -1, 1, 1, 1, -1, 1, 1, 1, 1, 1, 1, 1, -1, 1, -1, 1, -1, 1, -1, -1, 1, -1, -1, 1, 1, 1, 1, -1, -1, -1, 1, 1, 1, 1, -1, -1, -1, 1, 1, 1, -1, -1, -1, -1, -1, 1, 1, 1, -1, -1, 1, -1, 1, 1, -1, -1, -1, -1, -1, 1, 1, -1, -1, -1, 1, -1, 1, 1, 1, -1, -1, -1, 1, 1, -1, 1, -1, -1, 1, 1, 1, -1, 1, -1, -1, -1, -1, 1, -1, 1, -1, -1, 1, 1, -1, 1, 1, -1, -1, 1, -1, 1, 1, 1, -1, -1, -1, -1, 1, -1, 1, -1, -1, 1, 1, -1, -1, 1, -1, 1, 1, 1, -1, -1, -1, -1, -1, 1, -1, -1, 1, 1, 1, 1, 1, 1, -1, 1, -1, -1, 1, 1, 1, 1, -1, 1, -1, 1, -1, 1, 1, -1, 1, -1, 1, 1, -1, -1, -1, 1, -1, 1, 1, 1, 1, -1, -1, 1, 1, 1, 1, 1, -1, 1, -1, 1, -1, 1, 1, -1, 1, -1, 1, 1, 1, -1, -1, 1, -1, 1, 1, 1, -1, -1, -1, 1, 1, 1, 1, 1, -1, 1, 1, 1, 1, -1, -1, -1, 1, 1, 1, 1, 1, 1, -1, -1, 1, 1, 1, 1, -1, 1, -1, -1, 1, 1, 1, -1, 1, 1, 1, 1, 1, 1, -1, -1, 1, 1, 1, 1, 1, -1, 1, 1, -1, 1, 1, 1, -1, 1, -1, -1, 1, 1, 1, -1, 1, -1, -1, 1, 1, 1, 1, -1, 1, -1, 1, 1, 1, -1, 1, -1, 1, 1, 1, 1, -1, 1, 1, -1, 1, 1, 1, -1, 1, -1, 1, -1, 1, 1, 1, -1, -1, -1, 1, 1, 1, -1, -1, 1, -1, 1, 1, 1, 1, -1, 1, -1, -1, 1, 1, 1, -1, -1, -1, 1, 1, 1, 1, 1, -1, 1, -1, 1, 1, 1, 1, -1, 1, 1, 1, 1, 1, 1, -1, 1, 1, 1, 1, 1, 1, -1, -1, 1, 1, 1, 1, 1, -1, -1, 1, 1, 1, 1, -1, -1, -1, 1, 1, 1, 1, 1, -1, -1, 1, 1, 1, 1, -1, -1, 1, 1, 1, 1, -1, -1, -1, 1, 1, 1, 1, 1, -1, -1, 1, 1, 1, 1, -1, -1, -1, 1, 1, 1, 1, -1, -1, -1, 1, -1, -1, 1, -1, -1, -1, -1, 1, 1, 1, 1, -1, -1, -1, 1, 1, -1, -1, 1, -1, -1, 1, -1, 1, -1, -1, -1, 1, 1, -1, 1, -1, 1, 1, -1, 1, -1, 1, 1, -1, -1, -1, 1, -1, 1, -1, 1, -1, 1, 1, -1, 1, -1, 1, -1, 1, 1, -1, -1, 1, 1, -1, 1, 1, 1, -1, 1, -1, -1, 1, 1, -1, -1, -1, 1, -1, 1, 1, -1, -1, 1, 1, -1, 1, 1, -1, -1, -1, 1, -1, 1, 1, -1, 1, -1, 1, -1, 1, 1, -1, -1, -1, 1, -1, -1, 1, -1, -1, -1, 1, -1, 1, 1, -1, -1, -1, 1, -1, -1, 1, -1, 1, -1, 1, -1, -1, 1, -1, -1, -1, 1, 1, -1, 1, 1, -1, -1, -1, 1, -1, 1, 1, -1, 1, -1, -1, 1, 1, -1, 1, -1, -1, -1, 1, 1, -1, 1, -1, -1, -1, 1, 1, 1, 1, -1, -1, -1, 1, 1, -1, 1, -1, -1, 1, -1, -1, 1, -1, -1, -1, 1, 1, -1, 1, -1, -1, -1, -1, 1, -1, 1, -1, -1, -1, -1, 1, -1, -1, 1, -1, -1, -1, 1, -1, 1, -1, 1, -1, -1, 1, -1, 1, 1, -1, -1, -1, 1, -1, 1, -1, -1, -1, -1, 1, -1, -1, -1, 1, -1, -1, 1, -1, 1, -1, -1, -1, -1, 1, -1, 1, -1, -1, -1, -1, 1, -1, -1, -1, -1, -1, 1, 1, -1, -1, 1, -1, -1, -1, 1, -1, 1, -1, -1, -1, 1, 1, -1, -1, -1, -1, -1, 1, 1, -1, -1, 1, -1, -1, 1, -1, 1, -1, 1, -1, 1, -1, 1, -1, -1, 1, -1, -1, -1, 1, 1, -1, 1, -1, -1, 1, 1, 1, 1, 1, 1, -1, -1, 1, 1, 1, 1, -1, -1, 1, 1, -1, 1, 1, 1, -1, 1, 1, -1, 1, 1, 1, -1, -1, 1, 1, 1, 1, 1, -1, 1, 1, 1, 1, 1, -1, 1, 1, -1, -1, -1, 1, -1, 1, 1, 1, -1, 1, 1, -1, 1, 1, 1, -1, 1, 1, -1, 1, 1, 1, -1, 1, 1, -1, 1, -1, 1, -1, 1, 1, -1, 1, -1, 1, -1, -1, 1, -1, 1, -1, 1, -1, 1, -1, -1, 1, -1, 1, -1, 1, -1, 1, -1, 1, -1, -1, 1, -1, 1, -1, -1, -1, -1, 1, -1, 1, -1, -1, -1, -1, 1, 1, 1, -1, 1, 1, -1, 1, -1, 1, 1, -1, -1, -1, 1, -1, -1, 1, -1, -1, 1, -1, 1, -1, 1, -1, 1, 1, -1, -1, 1, 1, -1, -1, 1, -1, -1, 1, 1, -1, -1, -1, 1, -1, 1, 1, -1, 1, 1, -1, 1, 1, 1, 1, -1, 1, 1, -1, 1, 1, 1, 1, 1, -1, 1, 1, 1, 1, 1, 1, -1, 1, 1, -1, -1, -1, 1, -1, 1, 1, 1, 1, 1, 1, -1, 1, 1, 1, 1, -1, 1, 1, -1, 1, 1, 1, 1, 1, 1, 1, 1, 1, 1, 1, -1, 1, -1, 1, 1, 1, -1, 1, 1, 1, 1, 1, 1, 1, 1, 1, -1, 1, 1, 1, 1, 1, 1, -1, 1, 1, 1, 1, 1, 1, -1, 1, 1, 1, 1, 1, 1, 1, -1, 1, -1, 1, 1, -1, 1, 1, 1, 1, 1, 1, 1, 1, 1, -1, 1, 1, 1, -1, 1, -1, -1, 1, 1, 1, -1, 1, 1, -1, 1, 1, 1, -1, 1, -1, -1, 1, 1, 1, -1, 1, -1, 1, -1, 1, 1, -1, 1, -1, -1, -1, -1, 1, -1, 1, 1, -1, -1, -1, 1, -1, 1, -1, 1, -1, 1, 1, -1, -1, 1, -1, -1, 1, 1, -1, 1, 1, -1, -1, -1, 1, -1, -1, 1, -1, -1, 1, -1, 1, -1, -1, -1, -1, 1, -1, -1, 1, -1, -1, -1, 1, -1, -1, -1, -1, -1, -1, -1, 1, -1, -1, -1, -1, -1, 1, 1, -1, -1, -1, -1, -1, 1, -1, -1, -1, -1, -1, -1, 1, -1, -1, -1, 1, 1, -1, -1, 1, 1, -1, -1, -1, -1, -1, 1, 1, -1, -1, -1, 1, -1, 1, -1, -1, 1, 1, -1, 1, -1, -1, 1, -1, 1, 1, -1, -1, 1, -1, 1, -1, -1
BQP_DATA, 1173, 5308, -2630.000000, -3000.000000, -7400.000000, -7770.000000, 4096.008687, 3668, 3665
