Set parameter TSPort to value 51199
Set parameter TokenServer to value "open-license1.lanl.gov"
Set parameter TimeLimit to value 4096
Set parameter Threads to value 1
Gurobi Optimizer version 10.0.3 build v10.0.3rc0 (linux64)

CPU model: Intel(R) Xeon(R) CPU E5-2695 v4 @ 2.10GHz, instruction set [SSE2|AVX|AVX2]
Thread count: 36 physical cores, 72 logical processors, using up to 1 threads

Optimize a model with 0 rows, 1173 columns and 0 nonzeros
Model fingerprint: 0xc898318b
Model has 5232 quadratic objective terms
Variable types: 0 continuous, 1173 integer (1173 binary)
Coefficient statistics:
  Matrix range     [0e+00, 0e+00]
  Objective range  [2e+00, 3e+01]
  QObjective range [8e+00, 8e+00]
  Bounds range     [1e+00, 1e+00]
  RHS range        [0e+00, 0e+00]
Found heuristic solution: objective 0.0000000
Found heuristic solution: objective -2036.000000
Found heuristic solution: objective -7066.000000
Found heuristic solution: objective -7092.000000
Presolve time: 0.31s
Presolved: 5232 rows, 6405 columns, 15696 nonzeros
Variable types: 0 continuous, 6405 integer (6405 binary)

Root relaxation: objective -9.838000e+03, 1604 iterations, 0.03 seconds (0.01 work units)

    Nodes    |    Current Node    |     Objective Bounds      |     Work
 Expl Unexpl |  Obj  Depth IntInf | Incumbent    BestBd   Gap | It/Node Time

     0     0 -9838.0000    0 1173 -7092.0000 -9838.0000  38.7%     -    0s
     0     0 -9056.0000    0 1568 -7092.0000 -9056.0000  27.7%     -    0s
     0     0 -9032.0000    0 1583 -7092.0000 -9032.0000  27.4%     -    0s
     0     0 -8847.9167    0 1732 -7092.0000 -8847.9167  24.8%     -    1s
     0     0 -8847.9167    0 1700 -7092.0000 -8847.9167  24.8%     -    1s
     0     2 -8847.9167    0 1700 -7092.0000 -8847.9167  24.8%     -    1s
   234   236 -7971.2500  117 2255 -7092.0000 -8834.5833  24.6%  96.8    5s
   634   610 -8498.9898    4 2012 -7092.0000 -8498.9898  19.8%  70.2   11s
   641   614 -8270.5000   72 2381 -7092.0000 -8288.6463  16.9%  69.4   16s
   644   616 -7318.0000  245 2637 -7092.0000 -8263.6598  16.5%  69.1   20s
   651   621 -8136.4489   62 2946 -7092.0000 -8136.4489  14.7%  68.4   30s
   652   622 -8116.0795   21 3047 -7092.0000 -8116.0795  14.4%  68.2   36s
   655   624 -8109.3728   74 3271 -7092.0000 -8109.3728  14.3%  67.9   40s
   662   628 -8015.1785   70 3561 -7092.0000 -8015.1785  13.0%  67.2   57s
   663   629 -7780.1667  149 3726 -7092.0000 -7999.4953  12.8%  67.1   65s
   665   630 -7262.0000  258 3924 -7092.0000 -7990.7312  12.7%  66.9   71s
   672   635 -7706.6667  161 4048 -7092.0000 -7988.9563  12.6%  66.2   75s
   673   636 -7916.4802  124 4325 -7092.0000 -7916.4802  11.6%  66.1   95s
   674   636 -7903.4442   45 4459 -7092.0000 -7903.4442  11.4%  66.0  107s
   675   637 -7899.8103   95 4552 -7092.0000 -7899.8103  11.4%  65.9  111s
   678   639 -7407.0000  226 4650 -7092.0000 -7898.2156  11.4%  65.6  115s
   682   642 -7597.9167  183 4806 -7092.0000 -7845.9988  10.6%  65.2  139s
   683   642 -7833.0817  115 4942 -7092.0000 -7833.0817  10.4%  65.1  152s
   684   643 -7465.0000  216 5022 -7092.0000 -7830.7387  10.4%  65.1  156s
   687   645 -7829.9717   97 5113 -7092.0000 -7829.9717  10.4%  64.8  160s
   695   650 -7804.0369   38 5155 -7092.0000 -7804.0369  10.0%  64.0  182s
   696   651 -7269.0000  254 5239 -7092.0000 -7799.3708  10.0%  63.9  191s
   698   652 -7798.4750   50 5285 -7092.0000 -7798.4750  10.0%  63.7  196s
   702   655 -7780.4149   65 5203 -7092.0000 -7780.4149  9.71%  63.4  215s
   703   656 -7776.8244   36 5361 -7092.0000 -7776.8244  9.66%  63.3  222s
   704   656 -7776.2097   33 5363 -7092.0000 -7776.2097  9.65%  63.2  225s
   711   661 -7762.2529  136 5352 -7092.0000 -7762.2529  9.45%  62.6  246s
   712   662 -7759.4462   60 5397 -7092.0000 -7759.4462  9.41%  62.5  254s
   713   662 -7759.0161   67 5416 -7092.0000 -7759.0161  9.41%  62.4  256s
   719   666 -7163.3333  285 5455 -7092.0000 -7758.8614  9.40%  61.9  260s
   720   667 -7748.2834  147 5416 -7092.0000 -7748.2834  9.25%  61.8  274s
   721   668 -7746.2546   31 5462 -7092.0000 -7746.2546  9.23%  61.7  281s
   723   669 -7587.9167  185 5506 -7092.0000 -7745.6173  9.22%  61.5  285s
   727   672 -7242.0000  263 5471 -7092.0000 -7737.2722  9.10%  61.2  297s
   728   672 -7526.5000  198 5500 -7092.0000 -7735.7344  9.08%  61.1  301s
   732   675 -7189.0000  276 5554 -7092.0000 -7735.3072  9.07%  60.8  305s
   733   676 -7728.1477   68 5492 -7092.0000 -7728.1477  8.97%  60.7  316s
   734   676 -7726.6801    4 5540 -7092.0000 -7726.6801  8.95%  60.6  322s
   736   678 -7726.2985   20 5561 -7092.0000 -7726.2985  8.94%  60.5  325s
   740   680 -7719.8773  129 5525 -7092.0000 -7719.8773  8.85%  60.1  336s
   741   681 -7718.2867   72 5573 -7092.0000 -7718.2867  8.83%  60.0  341s
   746   684 -7717.8586   39 5629 -7092.0000 -7717.8586  8.82%  59.6  345s
   747   685 -7714.7561   58 5569 -7092.0000 -7714.7561  8.78%  59.6  352s
   748   686 -7713.9395   79 5583 -7092.0000 -7713.9395  8.77%  59.5  356s
   753   689 -7299.0000  248 5592 -7092.0000 -7708.7454  8.70%  59.1  368s
   754   690 -7166.5000  283 5617 -7092.0000 -7707.9683  8.69%  59.0  371s
   759   693 -7702.3822    3 5575 -7092.0000 -7702.3822  8.61%  58.6  386s
   760   694 -7701.3226  143 5595 -7092.0000 -7701.3226  8.59%  58.5  390s
   766   698 -7110.0000  304 5609 -7092.0000 -7697.8482  8.54%  58.1  403s
   767   698 -7141.0000  295 5631 -7092.0000 -7697.2292  8.53%  58.0  406s
   772   702 -7693.2631  161 5628 -7092.0000 -7693.2631  8.48%  57.6  419s
   773   702 -7692.2298  124 5683 -7092.0000 -7692.2298  8.46%  57.6  424s
   774   703 -7692.0804   45 5689 -7092.0000 -7692.0804  8.46%  57.5  425s
   778   706 -7407.0000  226 5652 -7092.0000 -7689.1033  8.42%  57.2  436s
   779   706 -7331.0000  243 5678 -7092.0000 -7688.3973  8.41%  57.1  440s
   785   710 -7684.5484   45 5667 -7092.0000 -7684.5484  8.36%  56.7  453s
   786   711 -7340.0000  237 5708 -7092.0000 -7683.4261  8.34%  56.6  458s
   788   712 -7331.0000  242 5728 -7092.0000 -7683.2268  8.34%  56.5  460s
   802   723 -7683.2142   65 2398 -7092.0000 -7683.2142  8.34%   880  466s
   803   723 -7683.2142   36 4325 -7092.0000 -7683.2142  8.34%   879  498s
   804   724 -7683.2142   33 5425 -7092.0000 -7683.2142  8.34%   878  539s
   805   725 -7683.2142   46 5574 -7092.0000 -7683.2142  8.34%   877  558s
   806   725 -7683.2142   64 5624 -7092.0000 -7683.2142  8.34%   876  569s
   807   726 -7173.5000  281 5689 -7092.0000 -7683.2142  8.34%   875  573s
   808   727 -7165.5000  284 5692 -7092.0000 -7683.2142  8.34%   874  575s
   815   731 -7465.0000  216 5706 -7092.0000 -7675.7267  8.23%   866  595s
   816   732 -7324.0000  244 5721 -7092.0000 -7674.5820  8.21%   865  600s
   821   735 -7669.5142   31 5703 -7092.0000 -7669.5142  8.14%   860  618s
   822   736 -7668.6873  156 5740 -7092.0000 -7668.6873  8.13%   859  622s
   825   738 -7668.4366  123 5777 -7092.0000 -7668.4366  8.13%   856  625s
   828   740 -7526.5000  198 5750 -7092.0000 -7664.4568  8.07%   852  639s
   829   741 -7663.6676   84 5767 -7092.0000 -7663.6676  8.06%   851  643s
   830   741 -7134.0000  296 5792 -7092.0000 -7663.5281  8.06%   850  645s
   835   745 -7634.9167  175 5767 -7092.0000 -7660.7072  8.02%   845  658s
   836   745 -7660.0767   20 5797 -7092.0000 -7660.0767  8.01%   844  662s
   839   747 -7357.0000  235 5818 -7092.0000 -7659.8920  8.01%   841  665s
   841   749 -7657.1334   72 5815 -7092.0000 -7657.1334  7.97%   839  676s
   842   749 -7656.4682   39 5820 -7092.0000 -7656.4682  7.96%   838  680s
   848   753 -7654.3688   79 5822 -7092.0000 -7654.3688  7.93%   832  692s
   849   754 -7653.8912   68 5835 -7092.0000 -7653.8912  7.92%   831  695s
   854   757 -7166.5000  283 5839 -7092.0000 -7652.0476  7.90%   826  706s
   856   759 -7417.0000  223 5892 -7092.0000 -7651.6192  7.89%   825  710s
   861   762 -7270.0000  257 5861 -7092.0000 -7649.6725  7.86%   820  721s
   863   763 -7649.1541  149 5899 -7092.0000 -7649.1541  7.86%   818  726s
   869   767 -7647.8794  137 5879 -7092.0000 -7647.8794  7.84%   812  735s
   873   770 -7647.4712  124 5925 -7092.0000 -7647.4712  7.83%   809  740s
   875   771 -7646.4074   95 5898 -7092.0000 -7646.4074  7.82%   807  747s
   876   772 -7646.0052  161 5908 -7092.0000 -7646.0052  7.81%   806  750s
   882   776 -7597.9167  183 5872 -7092.0000 -7644.1040  7.78%   800  762s
   883   777 -7643.6760  115 5881 -7092.0000 -7643.6760  7.78%   799  765s
   888   780 -7331.0000  242 5901 -7092.0000 -7642.0809  7.76%   795  775s
   892   783 -7553.6667  193 5939 -7092.0000 -7641.6486  7.75%   791  780s
   894   784 -7640.8919  130 5908 -7092.0000 -7640.8919  7.74%   790  786s
   898   787 -7640.7324   50 5934 -7092.0000 -7640.7324  7.74%   786  790s
   899   787 -7395.0000  229 5883 -7092.0000 -7639.7076  7.72%   785  796s
   904   791 -7639.4321   33 5930 -7092.0000 -7639.4321  7.72%   781  800s
   906   792 -7638.2323   64 5906 -7092.0000 -7638.2323  7.70%   779  806s
   908   793 -7165.5000  284 5949 -7092.0000 -7637.8910  7.70%   777  810s
   913   797 -7635.9801   67 5892 -7092.0000 -7635.9801  7.67%   773  821s
   914   797 -7635.4977  153 5931 -7092.0000 -7635.4977  7.66%   772  825s
   919   801 -7163.3333  285 5916 -7092.0000 -7634.5133  7.65%   768  833s
   920   801 -7634.3088  147 5935 -7092.0000 -7634.3088  7.65%   767  835s
   924   804 -7217.0000  268 5911 -7092.0000 -7633.1757  7.63%   764  842s
   925   805 -7632.7696  123 5925 -7092.0000 -7632.7696  7.63%   763  846s
   931   809 -7632.0691   45 5915 -7092.0000 -7632.0691  7.62%   758  853s
   932   809 -7189.0000  276 5942 -7092.0000 -7631.8964  7.61%   757  855s
   937   813 -7631.1614  110 5931 -7092.0000 -7631.1614  7.60%   753  862s
   938   813 -7141.0000  295 5950 -7092.0000 -7630.8359  7.60%   752  865s
   943   817 -7629.6118   16 5937 -7092.0000 -7629.6118  7.58%   748  874s
   944   817 -7318.0000  245 5935 -7092.0000 -7629.2821  7.58%   748  877s
   949   821 -7628.7536   68 5953 -7092.0000 -7628.7536  7.57%   744  883s
   950   821 -7628.6083  146 5952 -7092.0000 -7628.6083  7.57%   743  885s
   955   825 -7627.8911   74 5936 -7092.0000 -7627.8911  7.56%   739  891s
   957   826 -7554.7667  192 5962 -7092.0000 -7627.6404  7.55%   738  895s
   962   829 -7626.9970   70 5956 -7092.0000 -7626.9970  7.54%   734  901s
   966   832 -7110.0000  304 5974 -7092.0000 -7626.7648  7.54%   731  905s
   967   833 -7141.0000  295 5961 -7092.0000 -7625.9018  7.53%   730  910s
   971   835 -7625.7073   43 5977 -7092.0000 -7625.7073  7.53%   727  915s
   974   837 -7625.0810   45 5979 -7092.0000 -7625.0810  7.52%   725  920s
   977   839 -7624.0954  117 5941 -7092.0000 -7624.0954  7.50%   722  927s
   978   840 -7407.0000  226 5965 -7092.0000 -7623.8634  7.50%   722  930s
   982   843 -7597.9167  183 5955 -7092.0000 -7622.9911  7.49%   719  938s
   983   843 -7622.7794  115 5971 -7092.0000 -7622.7794  7.48%   718  940s
   988   847 -7331.0000  242 5980 -7092.0000 -7622.3693  7.48%   714  945s
   992   849 -7553.6667  193 6004 -7092.0000 -7622.1879  7.48%   712  950s
H  992   803                    -7096.000000 -7621.6590  7.41%   712  953s
   994   805 -7621.3854  130 5981 -7096.0000 -7621.3854  7.40%   710  956s
   999   808 -7395.0000  229 5983 -7096.0000 -7620.9305  7.40%   707  962s
  1001   809 -7207.0000  271 6013 -7096.0000 -7620.7633  7.40%   705  965s
  1006   813 -7620.5080   64 6003 -7096.0000 -7620.5080  7.39%   702  970s
  1009   815 -7318.0000  245 5999 -7096.0000 -7620.1297  7.39%   700  975s
  1014   818 -7619.4928  153 5992 -7096.0000 -7619.4928  7.38%   696  982s
  1016   819 -7324.0000  244 6007 -7096.0000 -7619.2712  7.37%   695  985s
  1019   821 -7163.3333  285 5983 -7096.0000 -7618.6129  7.36%   693  992s
  1020   822 -7618.4329  147 6014 -7096.0000 -7618.4329  7.36%   692  995s
  1026   826 -7617.7911   77 6002 -7096.0000 -7617.7911  7.35%   688 1002s
  1028   827 -7526.5000  198 6018 -7096.0000 -7617.4844  7.35%   687 1005s
  1031   829 -7616.6590   45 6000 -7096.0000 -7616.6590  7.34%   685 1012s
  1032   830 -7189.0000  276 6012 -7096.0000 -7616.4253  7.33%   684 1015s
  1037   833 -7616.1642  110 6014 -7096.0000 -7616.1642  7.33%   681 1020s
  1041   836 -7615.8079   72 6010 -7096.0000 -7615.8079  7.33%   678 1025s
  1046   839 -7615.5747   39 6009 -7096.0000 -7615.5747  7.32%   675 1030s
  1050   842 -7614.9139  146 5998 -7096.0000 -7614.9139  7.31%   672 1037s
  1051   843 -7614.5987   62 6027 -7096.0000 -7614.5987  7.31%   672 1040s
  1057   847 -7554.7667  192 6014 -7096.0000 -7613.9896  7.30%   668 1048s
  1058   847 -7544.6667  195 6021 -7096.0000 -7613.7267  7.30%   667 1051s
  1062   850 -7613.2969   70 6008 -7096.0000 -7613.2969  7.29%   665 1057s
  1063   851 -7613.1048  149 6027 -7096.0000 -7613.1048  7.29%   664 1060s
  1068   854 -7612.6255  173 6012 -7096.0000 -7612.6255  7.28%   661 1066s
  1073   857 -7612.4579  124 6043 -7096.0000 -7612.4579  7.28%   658 1071s
  1075   859 -7612.0936   95 6029 -7096.0000 -7612.0936  7.27%   657 1075s
  1080   862 -7256.0000  259 6035 -7096.0000 -7611.8027  7.27%   654 1081s
  1085   865 -7611.5321   45 6024 -7096.0000 -7611.5321  7.27%   651 1085s
  1090   869 -7611.2212  177 6018 -7096.0000 -7611.2212  7.26%   648 1091s
  1094   871 -7611.1300  130 6040 -7096.0000 -7611.1300  7.26%   645 1095s
  1096   873 -7269.0000  254 6016 -7096.0000 -7610.3861  7.25%   644 1101s
  1100   875 -7610.1490  118 6004 -7096.0000 -7610.1490  7.25%   642 1105s
  1104   878 -7609.9835   33 6011 -7096.0000 -7609.9835  7.24%   639 1110s
  1111   883 -7609.8913  136 6034 -7096.0000 -7609.8913  7.24%   635 1115s
  1120   890 -7609.8879  147 4367 -7096.0000 -7609.8879  7.24%  1361 1153s
  1121   891 -7609.8879   31 5652 -7096.0000 -7609.8879  7.24%  1360 1212s
  1122   892 -7609.8879  156 5852 -7096.0000 -7609.8879  7.24%  1359 1247s
  1123   892 -7587.9167  185 5933 -7096.0000 -7609.8879  7.24%  1358 1262s
  1124   893 -7217.0000  268 5936 -7096.0000 -7609.8879  7.24%  1356 1269s
  1125   894 -7609.8879  123 5975 -7096.0000 -7609.8879  7.24%  1355 1272s
  1127   895 -7242.0000  263 6007 -7096.0000 -7609.8879  7.24%  1353 1276s
  1132   898 -7189.0000  276 6008 -7096.0000 -7609.6730  7.24%  1347 1281s
  1136   901 -7609.4102   20 6005 -7096.0000 -7609.4102  7.24%  1342 1286s
  1140   904 -7609.1915  129 6008 -7096.0000 -7609.1915  7.23%  1337 1290s
  1146   908 -7609.0537   39 6006 -7096.0000 -7609.0537  7.23%  1330 1295s
  1151   911 -7608.8804   62 6011 -7096.0000 -7608.8804  7.23%  1325 1300s
  1154   913 -7166.5000  283 6019 -7096.0000 -7608.4850  7.22%  1321 1305s
  1159   916 -7608.1998    3 6006 -7096.0000 -7608.1998  7.22%  1315 1310s
  1164   920 -7608.0350  167 6012 -7096.0000 -7608.0350  7.22%  1310 1315s
  1167   922 -7141.0000  295 5993 -7096.0000 -7607.5858  7.21%  1306 1321s
  1170   924 -7607.3571   45 5984 -7096.0000 -7607.3571  7.21%  1303 1325s
  1175   927 -7607.0046   95 5982 -7096.0000 -7607.0046  7.20%  1297 1331s
  1179   930 -7331.0000  243 5999 -7096.0000 -7606.8931  7.20%  1293 1335s
  1183   932 -7606.4676  115 5996 -7096.0000 -7606.4676  7.19%  1289 1340s
  1188   936 -7331.0000  242 5985 -7096.0000 -7606.0918  7.19%  1283 1346s
  1192   938 -7553.6667  193 6008 -7096.0000 -7605.9642  7.19%  1279 1350s
  1197   942 -7395.0000  229 6003 -7096.0000 -7605.5800  7.18%  1274 1355s
  1201   944 -7207.0000  271 5994 -7096.0000 -7605.3135  7.18%  1269 1360s
  1207   948 -7173.5000  281 6012 -7096.0000 -7605.0309  7.17%  1263 1365s
  1213   952 -7604.8342   67 6028 -7096.0000 -7604.8342  7.17%  1257 1370s
  1218   956 -7604.5165  126 6021 -7096.0000 -7604.5165  7.17%  1252 1375s
  1223   959 -7587.9167  185 6019 -7096.0000 -7604.2098  7.16%  1247 1380s
  1227   962 -7242.0000  263 6003 -7096.0000 -7603.9073  7.16%  1242 1385s
  1233   966 -7603.6702   68 6022 -7096.0000 -7603.6702  7.15%  1236 1390s
  1238   969 -7141.0000  295 6011 -7096.0000 -7603.4539  7.15%  1231 1395s
  1244   973 -7318.0000  245 6042 -7096.0000 -7603.2048  7.15%  1226 1400s
  1252   978 -7603.0725   21 6046 -7096.0000 -7603.0725  7.15%  1218 1405s
  1259   983 -7602.8425    3 6033 -7096.0000 -7602.8425  7.14%  1211 1410s
  1266   988 -7110.0000  304 6051 -7096.0000 -7602.6438  7.14%  1204 1415s
  1273   992 -7602.5379  124 6050 -7096.0000 -7602.5379  7.14%  1198 1420s
  1275   994 -7602.5379   95 6027 -7096.0000 -7602.5379  7.14%  1196 1572s
  1276   996 -7599.7675   37 5980 -7096.0000 -7602.4761  7.14%  1488 1581s
  1277   997 -7600.3575   37 5972 -7096.0000 -7600.3575  7.11%  1493 1589s
  1278   998 -7597.9988   38 5951 -7096.0000 -7600.3465  7.11%  1500 1597s
  1279   998 -7597.9719   38 5924 -7096.0000 -7599.7282  7.10%  1506 1605s
  1280   999 -7595.5062   39 5911 -7096.0000 -7599.7282  7.10%  1512 1613s
  1281  1000 -7595.7971   39 5910 -7096.0000 -7599.7282  7.10%  1517 1619s
  1282  1000 -7592.7770   40 5866 -7096.0000 -7599.7282  7.10%  1525 1629s
  1283  1001 -7593.3545   40 5868 -7096.0000 -7599.7282  7.10%  1531 1637s
  1284  1002 -7591.2951   41 5841 -7096.0000 -7599.7282  7.10%  1535 1642s
  1285  1002 -7590.2354   41 5854 -7096.0000 -7599.7282  7.10%  1542 1650s
  1287  1004 -7589.2811   42 5834 -7096.0000 -7599.7282  7.10%  1543 1657s
  1289  1005 -7587.5106   43 5794 -7096.0000 -7599.7282  7.10%  1550 1667s
  1291  1006 -7584.5152   44 5757 -7096.0000 -7599.7282  7.10%  1552 1672s
  1292  1007 -7583.8969   45 5759 -7096.0000 -7599.7282  7.10%  1552 1675s
  1293  1008 -7583.6640   45 5740 -7096.0000 -7599.7282  7.10%  1557 1682s
  1294  1008 -7581.8069   46 5718 -7096.0000 -7599.7282  7.10%  1558 1686s
  1295  1009 -7581.6869   46 5722 -7096.0000 -7599.7282  7.10%  1560 1690s
  1296  1010 -7578.6455   47 5677 -7096.0000 -7599.7282  7.10%  1567 1699s
  1297  1010 -7579.4880   47 5685 -7096.0000 -7599.7282  7.10%  1568 1703s
  1298  1011 -7577.2650   48 5650 -7096.0000 -7599.7282  7.10%  1569 1707s
  1299  1012 -7576.8321   48 5635 -7096.0000 -7599.7282  7.10%  1575 1714s
  1300  1012 -7575.3290   49 5629 -7096.0000 -7599.7282  7.10%  1575 1716s
  1302  1014 -7572.3925   50 5614 -7096.0000 -7599.7282  7.10%  1576 1721s
  1303  1014 -7574.1180   50 5592 -7096.0000 -7599.7282  7.10%  1578 1725s
  1305  1016 -7570.4896   51 5572 -7096.0000 -7599.7282  7.10%  1586 1736s
  1307  1017 -7568.4135   52 5554 -7096.0000 -7599.7282  7.10%  1590 1744s
  1308  1018 -7566.8046   53 5511 -7096.0000 -7599.7282  7.10%  1591 1747s
  1309  1018 -7564.8418   53 5505 -7096.0000 -7599.7282  7.10%  1596 1755s
  1311  1020 -7562.3935   54 5476 -7096.0000 -7599.7282  7.10%  1604 1766s
  1312  1020 -7562.7718   55 5494 -7096.0000 -7599.7282  7.10%  1608 1772s
  1314  1022 -7561.0049   56 5470 -7096.0000 -7599.7282  7.10%  1612 1779s
  1315  1022 -7558.7452   56 5472 -7096.0000 -7599.7282  7.10%  1612 1781s
  1317  1024 -7556.7434   57 5457 -7096.0000 -7599.7282  7.10%  1616 1789s
  1318  1024 -7556.8204   58 5464 -7096.0000 -7599.7282  7.10%  1616 1791s
  1319  1025 -7555.6176   58 5445 -7096.0000 -7599.7282  7.10%  1619 1796s
  1321  1026 -7554.0559   59 5427 -7096.0000 -7599.7282  7.10%  1624 1804s
  1322  1027 -7550.9838   60 5379 -7096.0000 -7599.7282  7.10%  1629 1810s
  1324  1028 -7547.8158   61 5377 -7096.0000 -7599.7282  7.10%  1630 1816s
  1325  1029 -7548.6206   61 5349 -7096.0000 -7599.7282  7.10%  1634 1820s
  1327  1030 -7546.4115   62 5347 -7096.0000 -7599.7282  7.10%  1637 1827s
  1328  1031 -7544.0978   63 5326 -7096.0000 -7599.7282  7.10%  1639 1831s
  1330  1032 -7541.1033   64 5299 -7096.0000 -7599.7282  7.10%  1643 1837s
  1332  1034 -7539.7995   65 5314 -7096.0000 -7599.7282  7.10%  1646 1842s
  1333  1034 -7538.2394   65 5289 -7096.0000 -7599.7282  7.10%  1646 1845s
  1335  1036 -7537.8763   66 5279 -7096.0000 -7599.7282  7.10%  1651 1851s
  1337  1037 -7532.9947   67 5258 -7096.0000 -7599.7282  7.10%  1657 1860s
  1339  1038 -7533.0289   68 5199 -7096.0000 -7599.7282  7.10%  1660 1866s
  1341  1040 -7529.6378   69 5194 -7096.0000 -7599.7282  7.10%  1661 1870s
  1344  1042 -7527.7790   71 5174 -7096.0000 -7599.7282  7.10%  1664 1877s
  1345  1042 -7523.6623   71 5154 -7096.0000 -7599.7282  7.10%  1669 1883s
  1346  1043 -7526.2920   72 5169 -7096.0000 -7599.7282  7.10%  1669 1885s
  1348  1044 -7521.9486   73 5150 -7096.0000 -7599.7282  7.10%  1672 1890s
  1350  1046 -7519.8048   74 5147 -7096.0000 -7599.7282  7.10%  1675 1896s
  1353  1048 -7517.8370   75 5138 -7096.0000 -7599.7282  7.10%  1675 1900s
  1356  1050 -7514.0503   77 5095 -7096.0000 -7599.7282  7.10%  1678 1906s
  1358  1051 -7511.3597   78 5086 -7096.0000 -7599.7282  7.10%  1681 1911s
  1360  1052 -7509.5426   79 5050 -7096.0000 -7599.7282  7.10%  1683 1916s
  1362  1054 -7503.6336   80 5040 -7096.0000 -7599.7282  7.10%  1684 1920s
  1365  1056 -7500.3556   81 5028 -7096.0000 -7599.7282  7.10%  1687 1926s
  1366  1056 -7502.3844   82 4987 -7096.0000 -7599.7282  7.10%  1690 1930s
  1368  1058 -7499.1887   83 4992 -7096.0000 -7599.7282  7.10%  1694 1936s
  1371  1060 -7496.2894   84 4965 -7096.0000 -7599.7282  7.10%  1694 1940s
  1375  1062 -7491.8230   86 4953 -7096.0000 -7599.7282  7.10%  1693 1945s
  1378  1064 -7490.6351   88 4904 -7096.0000 -7599.7282  7.10%  1695 1950s
  1382  1067 -7483.9876   90 4885 -7096.0000 -7599.7282  7.10%  1699 1958s
  1383  1068 -7484.6430   90 4909 -7096.0000 -7599.7282  7.10%  1699 1960s
  1386  1070 -7478.7247   92 4894 -7096.0000 -7599.7282  7.10%  1701 1965s
  1389  1072 -7475.1844   93 4841 -7096.0000 -7599.7282  7.10%  1705 1972s
  1391  1073 -7472.0551   94 4869 -7096.0000 -7599.7282  7.10%  1705 1975s
  1397  1077 -7468.2846   97 4806 -7096.0000 -7599.7282  7.10%  1703 1980s
  1401  1080 -7461.1816   99 4799 -7096.0000 -7599.7282  7.10%  1703 1985s
  1406  1083 -7454.6453  102 4793 -7096.0000 -7599.7282  7.10%  1703 1991s
  1407  1084 -7455.6555  102 4780 -7096.0000 -7599.7282  7.10%  1706 1995s
  1412  1087 -7448.6817  105 4721 -7096.0000 -7599.7282  7.10%  1706 2001s
  1415  1089 -7444.4358  106 4708 -7096.0000 -7599.7282  7.10%  1706 2005s
  1419  1092 -7435.2869  108 4702 -7096.0000 -7599.7282  7.10%  1707 2010s
  1425  1096 -7432.2243  111 4680 -7096.0000 -7599.7282  7.10%  1705 2015s
  1428  1098 -7425.4772  113 4645 -7096.0000 -7599.7282  7.10%  1707 2020s
  1432  1100 -7421.5090  115 4632 -7096.0000 -7599.7282  7.10%  1709 2026s
  1436  1103 -7416.8605  117 4578 -7096.0000 -7599.7282  7.10%  1708 2030s
  1441  1106 -7411.2833  119 4560 -7096.0000 -7599.7282  7.10%  1706 2035s
  1450  1112 -7407.7110  124 4476 -7096.0000 -7599.7282  7.10%  1701 2040s
  1457  1117 -7400.8419  127 4479 -7096.0000 -7599.7282  7.10%  1699 2045s
  1463  1121 -7395.7051  130 4464 -7096.0000 -7599.7282  7.10%  1697 2050s
  1470  1126 -7386.3448  134 4427 -7096.0000 -7599.7282  7.10%  1694 2055s
  1478  1131 -7380.3163  138 4393 -7096.0000 -7599.7282  7.10%  1690 2060s
  1485  1136 -7362.2631  141 4382 -7096.0000 -7599.7282  7.10%  1687 2065s
H 1491  1085                    -7100.000000 -7599.7282  7.04%  1683 2068s
  1496  1090 -7370.1617  147 4317 -7100.0000 -7599.7282  7.04%  1680 2070s
  1507  1097 -7362.7205  152 4270 -7100.0000 -7599.7282  7.04%  1673 2075s
  1515  1103 -7357.3950  156 4257 -7100.0000 -7599.7282  7.04%  1670 2080s
  1525  1109 -7353.3284  161 4211 -7100.0000 -7599.7282  7.04%  1664 2085s
  1536  1117 -7335.7750  167 4109 -7100.0000 -7599.7282  7.04%  1659 2090s
H 1545  1071                    -7106.000000 -7599.7282  6.95%  1654 2095s
  1554  1079 -7319.3437  176 4026 -7106.0000 -7599.7282  6.95%  1650 2100s
  1566  1087 -7305.9422  182 3966 -7106.0000 -7599.7282  6.95%  1644 2105s
H 1572  1042                    -7108.000000 -7599.7282  6.92%  1640 2108s
  1577  1047 -7294.6259  187 3931 -7108.0000 -7599.7282  6.92%  1638 2110s
  1591  1056 -7278.7819  194 3883 -7108.0000 -7599.7282  6.92%  1629 2115s
H 1599  1015                    -7112.000000 -7599.7282  6.86%  1625 2118s
  1602  1019 -7270.0697  200 3861 -7112.0000 -7599.7282  6.86%  1623 2120s
  1617  1029 -7250.7701  207 3774 -7112.0000 -7599.7282  6.86%  1615 2125s
  1630  1037 -7236.5080  214 3671 -7112.0000 -7599.7282  6.86%  1607 2130s
  1649  1050 -7217.0676  223 3531 -7112.0000 -7599.7282  6.86%  1595 2135s
  1668  1063 -7197.5800  233 3443 -7112.0000 -7599.7282  6.86%  1584 2140s
  1686  1075 -7183.1524  242 3398 -7112.0000 -7599.7282  6.86%  1573 2145s
  1707  1089 -7168.7323  252 3396 -7112.0000 -7599.7282  6.86%  1560 2150s
  1728  1103 -7151.6766  263 3113 -7112.0000 -7599.7282  6.86%  1547 2155s
  1748  1116 -7131.9875  273 2978 -7112.0000 -7599.7282  6.86%  1537 2160s
  1778  1122     cutoff  283      -7112.0000 -7599.7282  6.86%  1518 2165s
  1785  1118 -7596.8411   38 5954 -7112.0000 -7599.6803  6.86%  1515 2176s
  1786  1118 -7593.4053   39 5914 -7112.0000 -7599.6803  6.86%  1519 2183s
  1787  1119 -7593.3793   39 5914 -7112.0000 -7599.6803  6.86%  1522 2191s
  1789  1120 -7590.6332   40 5887 -7112.0000 -7599.6803  6.86%  1524 2198s
  1790  1121 -7588.1452   41 5853 -7112.0000 -7599.6803  6.86%  1526 2202s
  1791  1122 -7589.7923   41 5853 -7112.0000 -7599.6803  6.86%  1527 2207s
  1793  1123 -7587.0797   42 5845 -7112.0000 -7599.6803  6.86%  1528 2212s
  1794  1124 -7584.6860   43 5806 -7112.0000 -7599.6803  6.86%  1529 2216s
  1795  1124 -7583.0148   43 5799 -7112.0000 -7599.6803  6.86%  1530 2221s
  1797  1126 -7580.9454   44 5798 -7112.0000 -7599.6803  6.86%  1531 2227s
  1798  1126 -7580.9119   45 5761 -7112.0000 -7599.6803  6.86%  1532 2230s
  1800  1128 -7576.6495   46 5741 -7112.0000 -7599.6803  6.86%  1534 2237s
  1801  1128 -7577.7593   46 5736 -7112.0000 -7599.6803  6.86%  1535 2240s
  1803  1130 -7575.0384   47 5707 -7112.0000 -7599.6803  6.86%  1537 2247s
  1804  1130 -7572.5131   48 5674 -7112.0000 -7599.6803  6.86%  1537 2250s
  1806  1132 -7569.7916   49 5661 -7112.0000 -7599.6803  6.86%  1539 2257s
  1808  1133 -7567.9725   50 5622 -7112.0000 -7599.6803  6.86%  1540 2261s
  1809  1134 -7566.5602   50 5621 -7112.0000 -7599.6803  6.86%  1541 2265s
  1811  1135 -7564.4610   51 5578 -7112.0000 -7599.6803  6.86%  1542 2270s
  1813  1136 -7562.4754   52 5541 -7112.0000 -7599.6803  6.86%  1543 2275s
  1815  1138 -7559.4226   53 5539 -7112.0000 -7599.6803  6.86%  1544 2281s
  1817  1139 -7552.2318   54 5520 -7112.0000 -7599.6803  6.86%  1546 2287s
  1818  1140 -7553.2799   55 5486 -7112.0000 -7599.6803  6.86%  1547 2290s
  1821  1142 -7551.5250   56 5485 -7112.0000 -7599.6803  6.86%  1548 2296s
  1823  1143 -7546.6911   57 5485 -7112.0000 -7599.6803  6.86%  1548 2300s
  1826  1145 -7545.7561   59 5451 -7112.0000 -7599.6803  6.86%  1549 2306s
  1828  1146 -7543.8395   60 5440 -7112.0000 -7599.6803  6.86%  1550 2310s
  1830  1148 -7541.4414   61 5408 -7112.0000 -7599.6803  6.86%  1551 2316s
  1832  1149 -7537.3922   62 5391 -7112.0000 -7599.6803  6.86%  1552 2320s
  1835  1151 -7533.1799   63 5386 -7112.0000 -7599.6803  6.86%  1553 2326s
  1837  1152 -7531.8526   64 5364 -7112.0000 -7599.6803  6.86%  1555 2331s
  1840  1154 -7525.6455   66 5325 -7112.0000 -7599.6803  6.86%  1555 2336s
  1842  1156 -7520.2927   67 5283 -7112.0000 -7599.6803  6.86%  1556 2340s
  1845  1158 -7517.6839   68 5296 -7112.0000 -7599.6803  6.86%  1557 2345s
  1848  1160 -7513.0383   70 5277 -7112.0000 -7599.6803  6.86%  1558 2350s
  1851  1162 -7508.9526   71 5250 -7112.0000 -7599.6803  6.86%  1559 2356s
  1854  1164 -7502.9282   73 5222 -7112.0000 -7599.6803  6.86%  1560 2361s
  1857  1166 -7499.6062   74 5187 -7112.0000 -7599.6803  6.86%  1560 2365s
  1861  1168 -7493.8277   76 5187 -7112.0000 -7599.6803  6.86%  1560 2370s
  1865  1171 -7483.7588   78 5120 -7112.0000 -7599.6803  6.86%  1560 2375s
  1870  1174 -7480.5153   81 5092 -7112.0000 -7599.6803  6.86%  1560 2381s
  1873  1176 -7478.4698   82 5073 -7112.0000 -7599.6803  6.86%  1560 2385s
  1877  1179 -7471.3675   84 5079 -7112.0000 -7599.6803  6.86%  1561 2390s
  1880  1181 -7468.4506   86 5039 -7112.0000 -7599.6803  6.86%  1562 2395s
  1884  1184 -7462.8136   88 4998 -7112.0000 -7599.6803  6.86%  1562 2400s
  1888  1186 -7459.7819   90 4957 -7112.0000 -7599.6803  6.86%  1563 2406s
  1892  1189 -7451.9422   92 4949 -7112.0000 -7599.6803  6.86%  1563 2410s
  1896  1192 -7445.9091   94 4899 -7112.0000 -7599.6803  6.86%  1563 2415s
  1900  1194 -7442.0161   96 4876 -7112.0000 -7599.6803  6.86%  1563 2420s
  1906  1198 -7435.7122   99 4831 -7112.0000 -7599.6803  6.86%  1563 2426s
  1911  1202 -7430.9656  101 4802 -7112.0000 -7599.6803  6.86%  1562 2431s
  1915  1204 -7426.1630  103 4781 -7112.0000 -7599.6803  6.86%  1562 2435s
  1920  1208 -7416.8184  106 4777 -7112.0000 -7599.6803  6.86%  1562 2440s
  1925  1211 -7412.0183  108 4740 -7112.0000 -7599.6803  6.86%  1561 2445s
  1931  1215 -7407.7993  111 4701 -7112.0000 -7599.6803  6.86%  1560 2450s
  1938  1220 -7402.0176  115 4659 -7112.0000 -7599.6803  6.86%  1558 2455s
  1944  1224 -7395.3726  118 4615 -7112.0000 -7599.6803  6.86%  1557 2460s
  1950  1228 -7389.6296  121 4587 -7112.0000 -7599.6803  6.86%  1556 2465s
  1957  1232 -7378.7362  124 4549 -7112.0000 -7599.6803  6.86%  1555 2470s
  1962  1236 -7380.0284  127 4572 -7112.0000 -7599.6803  6.86%  1554 2475s
  1969  1240 -7373.3613  130 4544 -7112.0000 -7599.6803  6.86%  1553 2480s
  1977  1246 -7363.8962  134 4522 -7112.0000 -7599.6803  6.86%  1550 2485s
  1984  1250 -7357.1847  138 4449 -7112.0000 -7599.6803  6.86%  1548 2490s
  1991  1255 -7351.9551  141 4432 -7112.0000 -7599.6803  6.86%  1547 2495s
  1999  1260 -7343.7402  145 4397 -7112.0000 -7599.6803  6.86%  1544 2500s
  2009  1267 -7336.8613  150 4374 -7112.0000 -7599.6803  6.86%  1541 2505s
  2017  1272 -7332.3537  154 4347 -7112.0000 -7599.6803  6.86%  1539 2510s
  2025  1278 -7325.6412  158 4301 -7112.0000 -7599.6803  6.86%  1537 2515s
  2036  1285 -7320.4429  164 4269 -7112.0000 -7599.6803  6.86%  1532 2520s
  2046  1292 -7315.5604  169 4242 -7112.0000 -7599.6803  6.86%  1529 2525s
H 2055  1254                    -7114.000000 -7599.6803  6.83%  1525 2529s
  2057  1257 -7308.5238  174 4224 -7114.0000 -7599.6803  6.83%  1525 2530s
  2067  1264 -7302.1983  179 4135 -7114.0000 -7599.6803  6.83%  1522 2535s
  2080  1272 -7300.0287  186 4050 -7114.0000 -7599.6803  6.83%  1517 2540s
  2093  1281 -7284.7636  192 4027 -7114.0000 -7599.6803  6.83%  1512 2545s
  2107  1290 -7282.4474  199 3904 -7114.0000 -7599.6803  6.83%  1506 2550s
  2121  1300 -7278.7354  206 3852 -7114.0000 -7599.6803  6.83%  1501 2555s
  2138  1311 -7274.0162  215 3860 -7114.0000 -7599.6803  6.83%  1493 2560s
  2154  1322 -7266.2488  223 3699 -7114.0000 -7599.6803  6.83%  1487 2565s
H 2159  1278                    -7120.000000 -7599.6803  6.74%  1484 2567s
  2167  1285 -7259.5544  229 3660 -7120.0000 -7599.6803  6.74%  1482 2570s
  2183  1296 -7255.2862  237 3486 -7120.0000 -7599.6803  6.74%  1476 2575s
  2206  1311 -7241.9204  249 3410 -7120.0000 -7599.6803  6.74%  1465 2580s
H 2211  1271                    -7124.000000 -7599.6803  6.68%  1463 2581s
  2221  1279 -7228.4918  256 3349 -7124.0000 -7599.6803  6.68%  1459 2585s
  2238  1291 -7220.7894  265 3209 -7124.0000 -7599.6803  6.68%  1453 2590s
  2255  1302 -7206.8396  273 3195 -7124.0000 -7599.6803  6.68%  1447 2595s
  2274  1315 -7193.6201  283 3189 -7124.0000 -7599.6803  6.68%  1440 2600s
H 2289  1282                    -7126.000000 -7599.6803  6.65%  1433 2603s
  2297  1289 -7176.3030  294 3099 -7126.0000 -7599.6803  6.65%  1430 2605s
H 2315  1264                    -7128.000000 -7599.6803  6.62%  1422 2609s
  2321  1270 -7165.1946  306 2983 -7128.0000 -7599.6803  6.62%  1420 2610s
  2346  1287 -7161.8231  319 2948 -7128.0000 -7599.6803  6.62%  1410 2615s
  2371  1303 -7151.3846  331 2567 -7128.0000 -7599.6803  6.62%  1400 2620s
H 2393  1279                    -7130.000000 -7599.6803  6.59%  1390 2623s
  2402  1287 -7136.2218  347 2432 -7130.0000 -7599.6803  6.59%  1387 2625s
  2422  1284 -7598.0311   38 5970 -7130.0000 -7598.0311  6.56%  1381 2634s
  2423  1285 -7596.0176   39 5915 -7130.0000 -7598.0311  6.56%  1382 2639s
  2424  1286 -7594.7829   39 5908 -7130.0000 -7597.9717  6.56%  1384 2645s
  2425  1286 -7592.5344   40 5884 -7130.0000 -7597.9717  6.56%  1385 2650s
  2427  1288 -7591.1861   41 5859 -7130.0000 -7597.9717  6.56%  1387 2657s
  2428  1288 -7590.8731   41 5871 -7130.0000 -7597.9717  6.56%  1388 2661s
  2429  1289 -7589.3648   42 5812 -7130.0000 -7597.9717  6.56%  1389 2665s
  2431  1290 -7585.4194   43 5755 -7130.0000 -7597.9717  6.56%  1390 2673s
  2432  1291 -7583.8191   43 5782 -7130.0000 -7597.9717  6.56%  1391 2676s
  2434  1292 -7582.9213   44 5744 -7130.0000 -7597.9717  6.56%  1391 2681s
  2436  1294 -7576.7951   45 5699 -7130.0000 -7597.9717  6.56%  1393 2688s
  2437  1294 -7578.7591   46 5659 -7130.0000 -7597.9717  6.56%  1394 2691s
  2438  1295 -7577.7534   46 5639 -7130.0000 -7597.9717  6.56%  1394 2695s
  2440  1296 -7574.9576   47 5649 -7130.0000 -7597.9717  6.56%  1395 2700s
  2442  1298 -7572.0876   48 5653 -7130.0000 -7597.9717  6.56%  1396 2706s
  2444  1299 -7568.5405   49 5606 -7130.0000 -7597.9717  6.56%  1397 2712s
  2445  1300 -7566.8522   50 5591 -7130.0000 -7597.9717  6.56%  1398 2715s
  2447  1301 -7562.2324   51 5576 -7130.0000 -7597.9717  6.56%  1399 2722s
  2448  1302 -7562.6031   51 5589 -7130.0000 -7597.9717  6.56%  1400 2725s
  2450  1303 -7559.9474   52 5541 -7130.0000 -7597.9717  6.56%  1401 2731s
  2452  1304 -7556.5369   53 5543 -7130.0000 -7597.9717  6.56%  1402 2737s
  2454  1306 -7551.3688   54 5521 -7130.0000 -7597.9717  6.56%  1403 2741s
  2456  1307 -7552.4274   55 5498 -7130.0000 -7597.9717  6.56%  1404 2747s
  2458  1308 -7549.4535   56 5478 -7130.0000 -7597.9717  6.56%  1405 2751s
  2460  1310 -7546.7302   57 5448 -7130.0000 -7597.9717  6.56%  1406 2756s
  2462  1311 -7542.7013   58 5430 -7130.0000 -7597.9717  6.56%  1407 2761s
  2464  1312 -7538.0565   59 5398 -7130.0000 -7597.9717  6.56%  1408 2767s
  2466  1314 -7538.0316   60 5403 -7130.0000 -7597.9717  6.56%  1409 2771s
  2468  1315 -7534.5144   61 5371 -7130.0000 -7597.9717  6.56%  1409 2775s
  2471  1317 -7528.9029   63 5335 -7130.0000 -7597.9717  6.56%  1410 2781s
  2473  1318 -7527.5746   64 5316 -7130.0000 -7597.9717  6.56%  1411 2785s
  2476  1320 -7524.1340   65 5304 -7130.0000 -7597.9717  6.56%  1412 2791s
  2478  1322 -7521.1538   66 5273 -7130.0000 -7597.9717  6.56%  1413 2796s
  2481  1324 -7514.8192   68 5257 -7130.0000 -7597.9717  6.56%  1413 2800s
  2484  1326 -7512.3186   69 5230 -7130.0000 -7597.9717  6.56%  1414 2806s
  2487  1328 -7507.4448   71 5168 -7130.0000 -7597.9717  6.56%  1415 2811s
  2489  1329 -7503.4855   72 5173 -7130.0000 -7597.9717  6.56%  1416 2815s
  2492  1331 -7500.7561   73 5134 -7130.0000 -7597.9717  6.56%  1416 2820s
  2496  1334 -7493.3333   75 5094 -7130.0000 -7597.9717  6.56%  1417 2826s
  2499  1336 -7490.1101   77 5083 -7130.0000 -7597.9717  6.56%  1417 2830s
  2504  1339 -7481.0062   79 5070 -7130.0000 -7597.9717  6.56%  1418 2836s
  2507  1341 -7480.1945   81 5015 -7130.0000 -7597.9717  6.56%  1418 2841s
  2510  1343 -7477.0197   82 5021 -7130.0000 -7597.9717  6.56%  1419 2845s
  2513  1345 -7473.1472   84 4978 -7130.0000 -7597.9717  6.56%  1420 2850s
  2517  1348 -7466.3546   86 4954 -7130.0000 -7597.9717  6.56%  1420 2856s
  2520  1350 -7462.9757   87 4936 -7130.0000 -7597.9717  6.56%  1421 2860s
  2525  1353 -7455.6938   90 4894 -7130.0000 -7597.9717  6.56%  1421 2866s
  2529  1356 -7450.9956   92 4877 -7130.0000 -7597.9717  6.56%  1421 2870s
  2534  1359 -7446.6283   94 4820 -7130.0000 -7597.9717  6.56%  1421 2875s
  2538  1362 -7441.5765   96 4777 -7130.0000 -7597.9717  6.56%  1422 2880s
  2543  1365 -7435.1526   99 4749 -7130.0000 -7597.9717  6.56%  1422 2885s
  2548  1368 -7429.8829  101 4727 -7130.0000 -7597.9717  6.56%  1421 2890s
  2554  1372 -7422.6117  104 4712 -7130.0000 -7597.9717  6.56%  1421 2895s
  2559  1376 -7417.3658  107 4653 -7130.0000 -7597.9717  6.56%  1421 2900s
  2565  1380 -7411.6276  110 4621 -7130.0000 -7597.9717  6.56%  1420 2905s
  2570  1383 -7407.6308  112 4574 -7130.0000 -7597.9717  6.56%  1421 2910s
  2576  1387 -7397.9072  115 4564 -7130.0000 -7597.9717  6.56%  1420 2915s
  2583  1392 -7395.0748  119 4531 -7130.0000 -7597.9717  6.56%  1419 2920s
  2589  1396 -7388.0406  122 4485 -7130.0000 -7597.9717  6.56%  1419 2925s
  2595  1400 -7382.3702  125 4445 -7130.0000 -7597.9717  6.56%  1418 2930s
H 2598  1333                    -7142.000000 -7597.9717  6.38%  1417 2932s
  2603  1338 -7375.0135  129 4386 -7142.0000 -7597.9717  6.38%  1417 2935s
H 2604  1297                    -7146.000000 -7597.9717  6.32%  1416 2936s
  2610  1303 -7364.1240  132 4372 -7146.0000 -7597.9717  6.32%  1416 2940s
  2617  1307 -7361.7985  136 4320 -7146.0000 -7597.9717  6.32%  1415 2945s
  2625  1313 -7354.8890  140 4320 -7146.0000 -7597.9717  6.32%  1414 2950s
H 2630  1275                    -7148.000000 -7597.9717  6.30%  1412 2952s
  2634  1280 -7345.0440  144 4257 -7148.0000 -7597.9717  6.30%  1412 2955s
  2643  1286 -7338.7592  149 4173 -7148.0000 -7597.9717  6.30%  1410 2960s
  2652  1292 -7326.9342  153 4143 -7148.0000 -7597.9717  6.30%  1408 2965s
H 2656  1228                    -7158.000000 -7597.9717  6.15%  1407 2966s
  2663  1237 -7318.6339  159 4127 -7158.0000 -7597.9717  6.15%  1406 2970s
  2673  1247 -7310.9434  164 4087 -7158.0000 -7597.9717  6.15%  1404 2975s
H 2682  1186                    -7176.000000 -7597.9717  5.88%  1402 2979s
  2685  1191 -7300.0869  170 4016 -7176.0000 -7597.9717  5.88%  1401 2980s
  2698  1204 -7292.0586  176 3984 -7176.0000 -7597.9717  5.88%  1398 2985s
H 2708  1194                    -7182.000000 -7597.9717  5.79%  1394 2988s
  2713  1201 -7283.6692  184 3942 -7182.0000 -7597.9717  5.79%  1393 2990s
  2729  1217 -7278.4772  192 3850 -7182.0000 -7597.9717  5.79%  1388 2995s
  2744  1232 -7267.4742  199 3840 -7182.0000 -7597.9717  5.79%  1384 3000s
H 2760  1240                    -7184.000000 -7597.9717  5.76%  1379 3005s
  2776  1258 -7250.0849  215 3651 -7184.0000 -7597.9717  5.76%  1375 3010s
  2792  1274 -7248.1685  223 3632 -7184.0000 -7597.9717  5.76%  1371 3015s
H 2812  1281                    -7186.000000 -7597.9717  5.73%  1365 3020s
  2835  1306 -7226.0932  245 3301 -7186.0000 -7597.9717  5.73%  1358 3025s
H 2838  1304                    -7188.000000 -7597.9717  5.70%  1357 3025s
  2854  1322 -7226.0838  254 3189 -7188.0000 -7597.9717  5.70%  1352 3030s
  2878  1346 -7217.6532  266 2995 -7188.0000 -7597.9717  5.70%  1345 3035s
H 2890  1330                    -7196.000000 -7597.9717  5.59%  1341 3037s
H 2895  1327                    -7204.000000 -7597.9717  5.47%  1340 3038s
  2900  1334 -7214.4675  277 2705 -7204.0000 -7597.9717  5.47%  1339 3040s
H 2916  1303                    -7212.000000 -7597.9717  5.35%  1334 3043s
  2919  1300 -7594.7171   39 5945 -7212.0000 -7597.9713  5.35%  1335 3056s
  2920  1301 -7591.2298   40 5904 -7212.0000 -7597.9713  5.35%  1338 3065s
  2921  1302 -7591.0181   40 5910 -7212.0000 -7597.9713  5.35%  1340 3073s
  2922  1303 -7588.7711   41 5870 -7212.0000 -7597.9713  5.35%  1341 3077s
  2923  1304 -7586.5794   42 5828 -7212.0000 -7597.9713  5.35%  1341 3081s
  2924  1305 -7587.0484   41 5876 -7212.0000 -7597.9713  5.35%  1342 3085s
  2926  1307 -7581.8293   42 5838 -7212.0000 -7597.9713  5.35%  1344 3093s
  2927  1308 -7583.5854   42 5826 -7212.0000 -7597.9713  5.35%  1344 3097s
  2928  1309 -7583.0538   42 5854 -7212.0000 -7597.9713  5.35%  1345 3100s
  2929  1310 -7582.2969   43 5776 -7212.0000 -7597.9713  5.35%  1346 3105s
  2931  1312 -7581.0270   44 5792 -7212.0000 -7597.9713  5.35%  1347 3112s
  2932  1313 -7580.1683   44 5787 -7212.0000 -7597.9713  5.35%  1347 3115s
  2934  1315 -7577.0589   45 5760 -7212.0000 -7597.9713  5.35%  1349 3122s
  2935  1316 -7576.9529   45 5759 -7212.0000 -7597.9713  5.35%  1350 3127s
  2936  1317 -7576.3274   46 5743 -7212.0000 -7597.9713  5.35%  1351 3131s
  2938  1319 -7571.6289   47 5725 -7212.0000 -7597.9713  5.35%  1351 3137s
  2939  1320 -7576.2398   46 5747 -7212.0000 -7597.9713  5.35%  1352 3141s
  2941  1322 -7569.7928   48 5713 -7212.0000 -7597.9713  5.35%  1353 3147s
H 2942  1246                    -7224.000000 -7597.9713  5.18%  1353 3151s
  2944  1250 -7569.1836   48 5717 -7224.0000 -7597.9713  5.18%  1355 3158s
  2945  1251 -7569.2128   48 5725 -7224.0000 -7597.9713  5.18%  1356 3161s
  2947  1253 -7566.6324   49 5691 -7224.0000 -7597.9713  5.18%  1356 3167s
  2949  1255 -7566.4741   49 5709 -7224.0000 -7597.9713  5.18%  1357 3172s
  2950  1256 -7566.5969   49 5704 -7224.0000 -7597.9713  5.18%  1357 3175s
  2952  1258 -7562.7700   50 5669 -7224.0000 -7597.9713  5.18%  1358 3181s
  2954  1260 -7563.6154   50 5678 -7224.0000 -7597.9713  5.18%  1359 3186s
  2956  1262 -7561.1225   51 5637 -7224.0000 -7597.9713  5.18%  1360 3193s
  2957  1263 -7558.2677   51 5643 -7224.0000 -7597.9713  5.18%  1361 3196s
  2959  1265 -7555.2923   52 5639 -7224.0000 -7597.9713  5.18%  1362 3200s
  2961  1267 -7553.3062   53 5586 -7224.0000 -7597.9713  5.18%  1362 3205s
  2964  1270 -7556.3371   53 5609 -7224.0000 -7597.9713  5.18%  1363 3213s
  2965  1271 -7553.1672   54 5578 -7224.0000 -7597.9713  5.18%  1364 3215s
  2967  1273 -7548.6640   55 5575 -7224.0000 -7597.9713  5.18%  1364 3220s
H 2968  1242                    -7230.000000 -7597.9713  5.09%  1364 3223s
  2969  1245 -7545.5713   57 5527 -7230.0000 -7597.9713  5.09%  1365 3225s
  2972  1248 -7540.6400   59 5493 -7230.0000 -7597.9713  5.09%  1366 3231s
  2974  1250 -7541.7065   59 5502 -7230.0000 -7597.9713  5.09%  1367 3236s
  2976  1252 -7540.1438   60 5489 -7230.0000 -7597.9713  5.09%  1367 3240s
  2979  1255 -7535.3683   62 5434 -7230.0000 -7597.9713  5.09%  1368 3246s
  2980  1256 -7534.9036   62 5447 -7230.0000 -7597.9713  5.09%  1369 3250s
  2982  1258 -7535.7466   62 5432 -7230.0000 -7597.9713  5.09%  1370 3255s
  2985  1261 -7532.0609   64 5404 -7230.0000 -7597.9713  5.09%  1370 3260s
  2987  1263 -7528.3507   65 5381 -7230.0000 -7597.9713  5.09%  1371 3265s
  2990  1266 -7529.8934   65 5369 -7230.0000 -7597.9713  5.09%  1372 3270s
  2993  1269 -7523.9333   67 5301 -7230.0000 -7597.9713  5.09%  1372 3276s
H 2994  1250                    -7234.000000 -7597.9713  5.03%  1372 3278s
  2995  1253 -7520.2822   68 5310 -7234.0000 -7597.9713  5.03%  1373 3280s
  2998  1256 -7518.3807   69 5253 -7234.0000 -7597.9713  5.03%  1374 3287s
  3000  1258 -7515.8201   70 5220 -7234.0000 -7597.9713  5.03%  1375 3290s
  3002  1260 -7520.9591   68 5289 -7234.0000 -7597.9713  5.03%  1376 3295s
  3005  1263 -7513.0111   70 5266 -7234.0000 -7597.9713  5.03%  1376 3300s
  3008  1266 -7514.6482   70 5250 -7234.0000 -7597.9713  5.03%  1377 3305s
  3011  1269 -7510.3957   71 5236 -7234.0000 -7597.9713  5.03%  1378 3311s
  3014  1272 -7508.0243   72 5232 -7234.0000 -7597.9713  5.03%  1379 3316s
  3017  1275 -7511.0616   71 5229 -7234.0000 -7597.9713  5.03%  1379 3321s
  3020  1278 -7504.7330   73 5207 -7234.0000 -7597.9713  5.03%  1380 3327s
  3022  1280 -7500.3175   73 5215 -7234.0000 -7597.9713  5.03%  1380 3331s
  3025  1283 -7497.7088   76 5170 -7234.0000 -7597.9713  5.03%  1381 3335s
  3028  1286 -7496.0424   76 5159 -7234.0000 -7597.9713  5.03%  1381 3340s
  3031  1289 -7499.5549   75 5150 -7234.0000 -7597.9713  5.03%  1382 3345s
  3034  1292 -7492.1794   76 5118 -7234.0000 -7597.9713  5.03%  1383 3350s
  3037  1295 -7491.0608   78 5152 -7234.0000 -7597.9713  5.03%  1383 3355s
  3040  1298 -7493.6848   77 5154 -7234.0000 -7597.9713  5.03%  1384 3360s
  3044  1302 -7486.5088   79 5123 -7234.0000 -7597.9713  5.03%  1385 3366s
H 3046  1276                    -7238.000000 -7597.9713  4.97%  1384 3370s
  3050  1282 -7481.7833   81 5101 -7238.0000 -7597.9713  4.97%  1386 3375s
  3054  1286 -7477.9333   82 5069 -7238.0000 -7597.9713  4.97%  1387 3382s
  3056  1288 -7478.2178   83 5057 -7238.0000 -7597.9713  4.97%  1387 3385s
  3059  1291 -7474.9644   83 5037 -7238.0000 -7597.9713  4.97%  1388 3390s
  3062  1294 -7473.2456   85 5005 -7238.0000 -7597.9713  4.97%  1388 3395s
  3066  1298 -7469.9276   86 4976 -7238.0000 -7597.9713  4.97%  1389 3401s
  3069  1301 -7468.4068   86 5014 -7238.0000 -7597.9713  4.97%  1390 3406s
H 3072  1276                    -7242.000000 -7597.9713  4.92%  1390 3412s
  3075  1281 -7466.0130   88 4953 -7242.0000 -7597.9713  4.92%  1391 3415s
  3078  1284 -7463.8243   87 4998 -7242.0000 -7597.9713  4.92%  1392 3420s
  3082  1288 -7461.7899   89 4926 -7242.0000 -7597.9713  4.92%  1392 3425s
  3086  1292 -7458.9583   90 4933 -7242.0000 -7597.9713  4.92%  1392 3430s
  3090  1296 -7457.8705   90 4906 -7242.0000 -7597.9713  4.92%  1393 3435s
  3094  1300 -7454.4704   90 4901 -7242.0000 -7597.9713  4.92%  1393 3440s
  3099  1305 -7449.4792   93 4899 -7242.0000 -7597.9713  4.92%  1393 3445s
  3103  1309 -7447.4750   93 4870 -7242.0000 -7597.9713  4.92%  1394 3450s
  3107  1313 -7447.0799   95 4864 -7242.0000 -7597.9713  4.92%  1394 3455s
  3112  1318 -7439.2727   97 4848 -7242.0000 -7597.9713  4.92%  1394 3460s
  3117  1323 -7435.2231   98 4841 -7242.0000 -7597.9713  4.92%  1394 3466s
  3121  1327 -7433.6984  100 4804 -7242.0000 -7597.9713  4.92%  1394 3470s
  3124  1330 -7431.2502  102 4769 -7242.0000 -7597.9713  4.92%  1394 3475s
  3129  1335 -7428.7774  103 4775 -7242.0000 -7597.9713  4.92%  1394 3480s
  3134  1340 -7426.3805  104 4732 -7242.0000 -7597.9713  4.92%  1394 3485s
  3140  1346 -7421.7450  105 4760 -7242.0000 -7597.9713  4.92%  1394 3490s
  3145  1351 -7419.0922  106 4723 -7242.0000 -7597.9713  4.92%  1394 3495s
  3150  1356 -7416.1952  108 4692 -7242.0000 -7597.9713  4.92%  1394 3501s
  3155  1361 -7415.7615  108 4688 -7242.0000 -7597.9713  4.92%  1394 3505s
  3161  1367 -7410.3885  110 4685 -7242.0000 -7597.9713  4.92%  1394 3510s
  3165  1371 -7410.3313  110 4680 -7242.0000 -7597.9713  4.92%  1394 3515s
  3172  1378 -7409.1587  111 4686 -7242.0000 -7597.9713  4.92%  1393 3520s
  3178  1384 -7408.6994  111 4680 -7242.0000 -7597.9713  4.92%  1392 3525s
  3184  1390 -7402.1045  112 4666 -7242.0000 -7597.9713  4.92%  1392 3530s
  3189  1395 -7402.1903  114 4642 -7242.0000 -7597.9713  4.92%  1392 3535s
  3195  1401 -7399.9724  115 4639 -7242.0000 -7597.9713  4.92%  1392 3540s
  3201  1407 -7398.0342  116 4621 -7242.0000 -7597.9713  4.92%  1391 3545s
  3206  1412 -7396.2278  117 4585 -7242.0000 -7597.9713  4.92%  1391 3550s
  3211  1417 -7395.7802  117 4599 -7242.0000 -7597.9713  4.92%  1391 3555s
  3217  1423 -7393.2036  118 4566 -7242.0000 -7597.9713  4.92%  1391 3560s
  3223  1429 -7393.7144  118 4587 -7242.0000 -7597.9713  4.92%  1391 3565s
H 3228  1410                    -7246.000000 -7597.9713  4.86%  1390 3569s
  3228  1412 -7390.9751  119 4562 -7246.0000 -7597.9713  4.86%  1391 3570s
  3234  1418 -7388.1881  120 4586 -7246.0000 -7597.9713  4.86%  1391 3575s
  3240  1424 -7388.7311  120 4569 -7246.0000 -7597.9713  4.86%  1390 3580s
  3247  1431 -7382.4436  121 4579 -7246.0000 -7597.9713  4.86%  1390 3585s
  3253  1437 -7381.9087  123 4554 -7246.0000 -7597.9713  4.86%  1389 3590s
  3258  1442 -7377.9684  123 4562 -7246.0000 -7597.9713  4.86%  1389 3595s
  3265  1449 -7382.7327  124 4541 -7246.0000 -7597.9713  4.86%  1389 3600s
  3271  1455 -7374.9145  126 4532 -7246.0000 -7597.9713  4.86%  1388 3605s
  3277  1461 -7374.0421  127 4513 -7246.0000 -7597.9713  4.86%  1388 3611s
  3282  1466 -7374.5038  127 4531 -7246.0000 -7597.9713  4.86%  1388 3615s
  3288  1472 -7372.7909  128 4519 -7246.0000 -7597.9713  4.86%  1388 3620s
  3296  1480 -7369.2099  130 4497 -7246.0000 -7597.9713  4.86%  1387 3625s
  3302  1486 -7364.5016  128 4527 -7246.0000 -7597.9713  4.86%  1386 3630s
H 3306  1478                    -7248.000000 -7597.9713  4.83%  1386 3633s
  3308  1482 -7365.1739  131 4498 -7248.0000 -7597.9713  4.83%  1386 3635s
  3316  1490 -7363.9756  133 4425 -7248.0000 -7597.9713  4.83%  1385 3640s
  3324  1498 -7360.7659  134 4463 -7248.0000 -7597.9713  4.83%  1384 3645s
  3332  1506 -7356.0690  136 4462 -7248.0000 -7597.9713  4.83%  1383 3650s
  3339  1513 -7355.5168  138 4391 -7248.0000 -7597.9713  4.83%  1382 3655s
  3348  1522 -7354.4563  138 4389 -7248.0000 -7597.9713  4.83%  1380 3660s
  3355  1529 -7349.3402  141 4364 -7248.0000 -7597.9713  4.83%  1380 3665s
  3363  1537 -7347.7506  141 4348 -7248.0000 -7597.9713  4.83%  1379 3670s
  3369  1543 -7347.6620  141 4373 -7248.0000 -7597.9713  4.83%  1379 3675s
  3377  1551 -7345.6383  143 4358 -7248.0000 -7597.9713  4.83%  1378 3680s
  3384  1558 -7343.1888  142 4369 -7248.0000 -7597.9713  4.83%  1377 3685s
  3393  1567 -7341.7930  144 4396 -7248.0000 -7597.9713  4.83%  1376 3690s
  3400  1574 -7340.4250  146 4364 -7248.0000 -7597.9713  4.83%  1375 3695s
  3408  1582 -7338.1300  147 4338 -7248.0000 -7597.9713  4.83%  1374 3700s
  3417  1591 -7336.2831  149 4318 -7248.0000 -7597.9713  4.83%  1373 3705s
  3424  1598 -7334.3735  148 4319 -7248.0000 -7597.9713  4.83%  1372 3710s
  3432  1606 -7330.2655  152 4306 -7248.0000 -7597.9713  4.83%  1372 3715s
  3440  1614 -7325.4748  154 4299 -7248.0000 -7597.9713  4.83%  1371 3720s
  3449  1623 -7325.5618  154 4285 -7248.0000 -7597.9713  4.83%  1369 3725s
  3458  1632 -7323.2226  157 4256 -7248.0000 -7597.9713  4.83%  1368 3730s
  3465  1639 -7316.4564  160 4236 -7248.0000 -7597.9713  4.83%  1368 3735s
  3473  1647 -7315.4896  159 4248 -7248.0000 -7597.9713  4.83%  1367 3740s
  3482  1656 -7313.8203  162 4182 -7248.0000 -7597.9713  4.83%  1366 3745s
H 3488  1651                    -7250.000000 -7597.9713  4.80%  1365 3748s
  3490  1655 -7308.9841  162 4220 -7250.0000 -7597.9713  4.80%  1365 3750s
  3500  1665 -7307.2372  163 4176 -7250.0000 -7597.9713  4.80%  1364 3755s
  3510  1675 -7304.5709  166 4158 -7250.0000 -7597.9713  4.80%  1362 3760s
  3518  1683 -7301.2786  169 4116 -7250.0000 -7597.9713  4.80%  1361 3765s
  3527  1692 -7298.5243  169 4104 -7250.0000 -7597.9713  4.80%  1360 3770s
  3537  1702 -7293.6156  170 4106 -7250.0000 -7597.9713  4.80%  1359 3775s
  3549  1714 -7285.6186  173 4119 -7250.0000 -7597.9713  4.80%  1357 3780s
  3560  1725 -7288.2468  178 4086 -7250.0000 -7597.9713  4.80%  1355 3785s
  3572  1737 -7281.7794  178 4097 -7250.0000 -7597.9713  4.80%  1352 3790s
  3585  1750 -7281.6517  181 4053 -7250.0000 -7597.9713  4.80%  1350 3795s
H 3592  1742                    -7252.000000 -7597.9713  4.77%  1348 3797s
  3597  1749 -7277.8173  183 4044 -7252.0000 -7597.9713  4.77%  1348 3800s
  3606  1758 -7273.6460  186 4027 -7252.0000 -7597.9713  4.77%  1347 3805s
  3620  1772 -7268.7948  191 4018 -7252.0000 -7597.9713  4.77%  1344 3810s
  3634  1786 -7267.7321  196 3992 -7252.0000 -7597.9713  4.77%  1341 3815s
  3644  1796 -7262.4464  197 3979 -7252.0000 -7597.9713  4.77%  1340 3820s
  3658  1810 -7256.4133  198 3962 -7252.0000 -7597.9713  4.77%  1337 3825s
  3669  1821 -7254.2422  199 3964 -7252.0000 -7597.9713  4.77%  1336 3830s
  3681  1831 -7256.8151  204 3941 -7252.0000 -7597.9713  4.77%  1333 3835s
  3696  1829 infeasible  207      -7252.0000 -7597.9713  4.77%  1331 3840s
  3698  1829 -7594.4655   39 5948 -7252.0000 -7595.4299  4.74%  1332 3850s
  3699  1830 -7592.0792   40 5889 -7252.0000 -7595.4299  4.74%  1333 3855s
  3700  1831 -7588.7380   41 5846 -7252.0000 -7595.4299  4.74%  1334 3860s
  3702  1833 -7586.9965   42 5827 -7252.0000 -7595.4299  4.74%  1335 3868s
  3703  1834 -7586.3329   42 5830 -7252.0000 -7595.4299  4.74%  1336 3872s
  3704  1835 -7584.9855   43 5775 -7252.0000 -7595.4299  4.74%  1336 3875s
  3706  1837 -7581.9482   44 5748 -7252.0000 -7595.4299  4.74%  1337 3883s
  3707  1838 -7581.7678   44 5741 -7252.0000 -7595.4299  4.74%  1338 3886s
  3709  1840 -7576.4576   46 5695 -7252.0000 -7595.4299  4.74%  1338 3891s
  3711  1842 -7572.0798   47 5692 -7252.0000 -7595.4299  4.74%  1339 3896s
  3713  1844 -7578.9552   45 5743 -7252.0000 -7595.4299  4.74%  1339 3901s
  3715  1846 -7574.7725   46 5728 -7252.0000 -7595.4299  4.74%  1340 3906s
  3717  1848 -7570.2830   48 5670 -7252.0000 -7595.4299  4.74%  1340 3912s
  3718  1849 -7569.5742   48 5678 -7252.0000 -7595.4299  4.74%  1341 3915s
  3720  1851 -7569.5757   48 5682 -7252.0000 -7595.4299  4.74%  1342 3921s
  3722  1853 -7565.8838   49 5673 -7252.0000 -7595.4299  4.74%  1343 3927s
  3724  1855 -7563.4542   50 5641 -7252.0000 -7595.4299  4.74%  1343 3933s
  3725  1856 -7559.8361   51 5621 -7252.0000 -7595.4299  4.74%  1344 3936s
  3726  1857 -7559.6930   51 5611 -7252.0000 -7595.4299  4.74%  1344 3940s
  3728  1859 -7561.1505   50 5633 -7252.0000 -7595.4299  4.74%  1345 3945s
  3730  1861 -7557.1557   51 5609 -7252.0000 -7595.4299  4.74%  1346 3951s
  3732  1863 -7558.2507   51 5629 -7252.0000 -7595.4299  4.74%  1346 3957s
  3733  1864 -7558.8235   51 5614 -7252.0000 -7595.4299  4.74%  1347 3960s
  3735  1866 -7556.1226   52 5601 -7252.0000 -7595.4299  4.74%  1348 3965s
  3737  1868 -7555.1384   53 5574 -7252.0000 -7595.4299  4.74%  1348 3971s
  3739  1870 -7549.9798   54 5570 -7252.0000 -7595.4299  4.74%  1349 3977s
  3741  1872 -7552.4044   54 5532 -7252.0000 -7595.4299  4.74%  1350 3982s
  3742  1873 -7549.4743   55 5520 -7252.0000 -7595.4299  4.74%  1350 3985s
  3744  1875 -7550.2603   55 5513 -7252.0000 -7595.4299  4.74%  1351 3990s
  3746  1877 -7550.3040   55 5516 -7252.0000 -7595.4299  4.74%  1352 3995s
  3748  1879 -7545.4402   57 5474 -7252.0000 -7595.4299  4.74%  1352 4000s
  3750  1881 -7549.2908   55 5515 -7252.0000 -7595.4299  4.74%  1353 4006s
  3751  1882 -7546.4701   56 5500 -7252.0000 -7595.4299  4.74%  1354 4010s
  3753  1884 -7545.5663   56 5501 -7252.0000 -7595.4299  4.74%  1354 4015s
  3755  1886 -7538.9206   57 5498 -7252.0000 -7595.4299  4.74%  1355 4021s
  3757  1888 -7541.4569   58 5462 -7252.0000 -7595.4299  4.74%  1356 4026s
  3758  1889 -7540.6706   58 5445 -7252.0000 -7595.4299  4.74%  1357 4030s
  3761  1892 -7537.6052   59 5450 -7252.0000 -7595.4299  4.74%  1357 4036s
  3763  1894 -7536.5672   60 5440 -7252.0000 -7595.4299  4.74%  1358 4040s
  3766  1897 -7533.2571   61 5411 -7252.0000 -7595.4299  4.74%  1358 4047s
  3768  1899 -7533.9188   60 5416 -7252.0000 -7595.4299  4.74%  1359 4051s
  3770  1901 -7534.3727   60 5419 -7252.0000 -7595.4299  4.74%  1359 4055s
  3773  1904 -7528.1266   62 5361 -7252.0000 -7595.4299  4.74%  1360 4061s
  3775  1906 -7529.5592   62 5395 -7252.0000 -7595.4299  4.74%  1360 4066s
  3777  1908 -7529.2602   62 5377 -7252.0000 -7595.4299  4.74%  1361 4070s
  3780  1911 -7525.9585   64 5361 -7252.0000 -7595.4299  4.74%  1362 4077s
  3782  1913 -7527.3003   63 5350 -7252.0000 -7595.4299  4.74%  1362 4081s
  3784  1915 -7524.8314   64 5325 -7252.0000 -7595.4299  4.74%  1363 4086s
  3787  1918 -7522.0241   65 5325 -7252.0000 -7595.4299  4.74%  1364 4093s

Cutting planes:
  Gomory: 37
  MIR: 180
  Flow cover: 2689
  Zero half: 717
  Mod-K: 14
  RLT: 228
  BQP: 337

Explored 3789 nodes (5179901 simplex iterations) in 4096.01 seconds (5306.25 work units)
Thread count was 1 (of 72 available processors)

Solution count 10: -7252 -7250 -7248 ... -7212

Time limit reached
Best objective -7.252000000000e+03, best bound -7.594000000000e+03, gap 4.7159%

User-callback calls 78690, time in user-callback 0.36 sec

BQP_SOLUTION, 1173, 5232, -2646.000000, 4096.010315, -1, 1, -1, 1, -1, 1, 1, 1, -1, 1, 1, 1, -1, 1, -1, 1, 1, -1, 1, 1, 1, 1, 1, -1, 1, -1, 1, 1, 1, 1, 1, -1, 1, 1, -1, 1, 1, -1, 1, 1, -1, 1, -1, -1, 1, -1, 1, 1, 1, 1, 1, 1, -1, 1, 1, 1, 1, -1, 1, -1, 1, 1, -1, 1, -1, 1, -1, 1, 1, -1, 1, 1, 1, 1, 1, 1, 1, 1, 1, 1, -1, 1, 1, 1, 1, 1, 1, -1, 1, 1, -1, 1, 1, 1, -1, 1, 1, 1, 1, 1, 1, -1, 1, 1, -1, 1, 1, 1, 1, 1, -1, 1, 1, 1, 1, -1, 1, 1, 1, -1, 1, 1, -1, 1, 1, -1, 1, -1, 1, 1, 1, 1, 1, 1, 1, 1, -1, 1, 1, -1, 1, 1, 1, 1, 1, -1, 1, 1, 1, -1, 1, 1, 1, 1, 1, 1, 1, 1, 1, -1, 1, 1, 1, 1, 1, 1, -1, 1, -1, 1, 1, 1, 1, 1, 1, 1, 1, 1, 1, 1, 1, 1, 1, 1, 1, 1, -1, 1, 1, 1, 1, 1, 1, -1, 1, 1, 1, -1, 1, 1, -1, 1, 1, 1, 1, 1, 1, -1, 1, 1, -1, 1, 1, 1, 1, 1, 1, 1, -1, 1, 1, -1, -1, 1, 1, 1, 1, 1, -1, 1, -1, 1, 1, 1, -1, -1, 1, 1, 1, 1, 1, 1, 1, 1, 1, 1, 1, 1, -1, -1, 1, 1, -1, 1, 1, -1, 1, 1, 1, 1, 1, -1, -1, 1, -1, 1, 1, 1, 1, 1, 1, -1, 1, -1, 1, -1, 1, 1, -1, -1, 1, -1, -1, 1, -1, 1, 1, 1, -1, 1, 1, -1, 1, 1, -1, -1, -1, 1, -1, 1, 1, 1, -1, -1, 1, 1, 1, 1, 1, -1, -1, 1, 1, 1, 1, -1, -1, -1, -1, 1, -1, 1, 1, -1, -1, -1, 1, -1, -1, 1, -1, -1, 1, 1, 1, 1, 1, -1, 1, 1, 1, -1, 1, -1, -1, -1, 1, 1, -1, 1, -1, -1, -1, 1, 1, -1, 1, 1, -1, -1, 1, 1, -1, 1, 1, -1, -1, -1, 1, -1, 1, -1, 1, -1, 1, 1, -1, 1, -1, -1, 1, -1, 1, -1, 1, 1, 1, -1, 1, 1, -1, 1, -1, 1, 1, -1, 1, -1, 1, -1, 1, 1, -1, 1, 1, 1, 1, 1, 1, -1, 1, -1, 1, -1, 1, 1, -1, 1, -1, 1, -1, 1, -1, 1, 1, -1, -1, 1, 1, 1, -1, 1, -1, -1, 1, 1, 1, 1, -1, -1, 1, -1, 1, 1, 1, 1, 1, 1, -1, 1, 1, 1, 1, -1, 1, -1, 1, 1, 1, 1, -1, 1, -1, 1, 1, 1, 1, -1, 1, -1, 1, 1, -1, 1, -1, 1, -1, 1, 1, 1, 1, -1, 1, -1, 1, 1, 1, 1, 1, 1, 1, 1, 1, 1, -1, -1, 1, 1, 1, -1, 1, 1, -1, 1, -1, 1, 1, 1, -1, 1, 1, 1, 1, 1, 1, -1, -1, 1, 1, 1, 1, 1, -1, -1, 1, 1, 1, 1, 1, -1, 1, 1, 1, -1, 1, 1, -1, -1, 1, 1, 1, 1, 1, 1, -1, -1, 1, 1, 1, 1, -1, -1, 1, -1, 1, 1, 1, -1, 1, -1, -1, 1, 1, 1, -1, -1, 1, 1, 1, 1, 1, -1, -1, -1, -1, 1, 1, -1, -1, 1, -1, 1, 1, 1, 1, -1, -1, 1, -1, 1, -1, -1, -1, 1, -1, 1, -1, -1, -1, -1, 1, -1, -1, -1, -1, 1, -1, 1, -1, -1, 1, -1, 1, -1, 1, -1, -1, 1, -1, -1, 1, -1, 1, -1, -1, -1, 1, -1, -1, -1, -1, -1, -1, -1, 1, -1, -1, -1, -1, -1, 1, -1, 1, -1, -1, -1, -1, -1, -1, 1, -1, -1, -1, 1, 1, -1, 1, -1, -1, -1, -1, -1, -1, 1, -1, -1, -1, -1, 1, -1, -1, 1, -1, -1, 1, -1, 1, -1, 1, -1, 1, -1, -1, -1, -1, 1, -1, -1, 1, -1, 1, -1, -1, -1, 1, 1, -1, 1, -1, -1, 1, -1, 1, -1, -1, -1, -1, -1, -1, 1, 1, 1, -1, -1, -1, 1, 1, -1, -1, -1, -1, -1, 1, -1, 1, -1, -1, -1, -1, -1, -1, 1, -1, -1, 1, -1, 1, 1, -1, -1, -1, -1, -1, 1, -1, -1, -1, -1, -1, -1, 1, -1, -1, -1, -1, -1, 1, 1, 1, -1, -1, -1, -1, 1, 1, 1, 1, -1, -1, -1, -1, 1, -1, -1, 1, -1, -1, -1, 1, -1, -1, -1, -1, -1, 1, 1, -1, -1, -1, -1, -1, 1, -1, -1, 1, -1, -1, -1, -1, -1, -1, -1, 1, -1, -1, 1, 1, -1, -1, 1, -1, -1, -1, 1, -1, -1, 1, -1, 1, 1, 1, -1, -1, 1, -1, -1, -1, 1, -1, -1, 1, -1, -1, 1, 1, -1, 1, -1, -1, -1, 1, -1, -1, -1, 1, -1, -1, 1, -1, -1, -1, 1, -1, -1, 1, -1, -1, 1, 1, -1, -1, 1, 1, -1, -1, 1, -1, -1, 1, 1, -1, -1, 1, 1, -1, 1, -1, -1, -1, -1, 1, -1, 1, 1, -1, -1, 1, -1, -1, -1, 1, -1, -1, -1, 1, -1, 1, 1, 1, -1, 1, 1, -1, -1, 1, -1, -1, -1, -1, 1, -1, 1, -1, -1, 1, -1, -1, -1, 1, 1, -1, 1, 1, -1, -1, -1, -1, -1, -1, -1, 1, 1, 1, -1, 1, -1, 1, -1, -1, 1, -1, 1, -1, -1, 1, 1, 1, -1, -1, -1, -1, 1, -1, 1, -1, -1, -1, -1, 1, -1, 1, -1, -1, -1, -1, 1, -1, -1, -1, 1, -1, 1, 1, -1, 1, -1, 1, -1, -1, 1, -1, -1, -1, -1, 1, -1, 1, 1, -1, 1, 1, -1, -1, 1, 1, -1, -1, 1, 1, 1, 1, -1, -1, -1, -1, -1, -1, 1, -1, -1, -1, -1, -1, 1, 1, -1, -1, -1, 1, -1, -1, 1, -1, -1, 1, 1, -1, -1, 1, 1, -1, -1, 1, -1, 1, 1, 1, -1, -1, 1, -1, 1, -1, -1, -1, 1, 1, 1, -1, -1, -1, -1, 1, 1, -1, -1, -1, -1, -1, 1, 1, 1, -1, -1, -1, -1, -1, 1, 1, -1, -1, -1, 1, 1, 1, 1, -1, -1, -1, 1, 1, 1, -1, 1, -1, -1, -1, 1, 1, -1, -1, -1, 1, 1, 1, -1, -1, -1, 1, -1, 1, 1, 1, 1, -1, 1, 1, 1, 1, 1, 1, -1, 1, -1, 1, -1, 1, -1, -1, -1, 1, 1, 1, 1, 1, -1, -1, 1, 1, 1, 1, 1, -1, -1, -1, 1, 1, -1, 1, -1, -1, 1, -1, 1, 1, -1, 1, 1, -1, 1, 1, -1, -1, 1, -1, -1, 1, 1, 1, -1, 1, -1, -1, 1, 1, -1, -1, 1, -1, 1, 1, -1, 1
BQP_DATA, 1173, 5232, -2646.000000, -2988.000000, -7252.000000, -7594.000000, 4096.010315, 3637, 3789
