Set parameter TSPort to value 51199
Set parameter TokenServer to value "open-license1.lanl.gov"
Set parameter TimeLimit to value 32
Set parameter Threads to value 1
Gurobi Optimizer version 10.0.3 build v10.0.3rc0 (linux64)

CPU model: Intel(R) Xeon(R) CPU E5-2695 v4 @ 2.10GHz, instruction set [SSE2|AVX|AVX2]
Thread count: 36 physical cores, 72 logical processors, using up to 1 threads

Optimize a model with 0 rows, 215 columns and 0 nonzeros
Model fingerprint: 0x1c7bf2a3
Model has 841 quadratic objective terms
Variable types: 0 continuous, 215 integer (215 binary)
Coefficient statistics:
  Matrix range     [0e+00, 0e+00]
  Objective range  [2e+00, 3e+01]
  QObjective range [8e+00, 8e+00]
  Bounds range     [1e+00, 1e+00]
  RHS range        [0e+00, 0e+00]
Found heuristic solution: objective 0.0000000
Found heuristic solution: objective -372.0000000
Found heuristic solution: objective -1212.000000
Found heuristic solution: objective -1218.000000
Presolve time: 0.25s
Presolved: 841 rows, 1056 columns, 2523 nonzeros
Variable types: 0 continuous, 1056 integer (1056 binary)

Root relaxation: objective -1.606000e+03, 245 iterations, 0.00 seconds (0.00 work units)

    Nodes    |    Current Node    |     Objective Bounds      |     Work
 Expl Unexpl |  Obj  Depth IntInf | Incumbent    BestBd   Gap | It/Node Time

     0     0 -1606.0000    0  215 -1218.0000 -1606.0000  31.9%     -    0s
     0     0 -1452.0000    0  300 -1218.0000 -1452.0000  19.2%     -    0s
     0     0 -1450.0000    0  301 -1218.0000 -1450.0000  19.0%     -    0s
     0     0 -1411.5000    0  336 -1218.0000 -1411.5000  15.9%     -    0s
     0     0 -1411.5000    0  325 -1218.0000 -1411.5000  15.9%     -    0s
     0     2 -1411.5000    0  325 -1218.0000 -1411.5000  15.9%     -    0s
   562   497 -1290.0444   13  833 -1218.0000 -1290.0444  5.91%  74.2    5s
   629   543 -1269.0000   25  912 -1218.0000 -1274.7783  4.66%   102   10s
   698   591 -1235.6196   51  664 -1218.0000 -1270.8458  4.34%   152   15s
H  707   565                    -1228.000000 -1270.8458  3.49%   155   15s
*  708   535              56    -1230.000000 -1270.8458  3.32%   155   15s
   775   560 -1240.2034   43  700 -1230.0000 -1269.2186  3.19%   189   20s
   848   588 -1246.0766   42  703 -1230.0000 -1265.9378  2.92%   219   25s
   973   595 -1262.3023   34  843 -1230.0000 -1264.6349  2.82%   238   30s

Cutting planes:
  Gomory: 29
  MIR: 34
  Flow cover: 24
  Zero half: 424
  RLT: 43
  BQP: 57

Explored 1012 nodes (251420 simplex iterations) in 32.00 seconds (29.70 work units)
Thread count was 1 (of 72 available processors)

Solution count 6: -1230 -1228 -1218 ... 0

Time limit reached
Best objective -1.230000000000e+03, best bound -1.264000000000e+03, gap 2.7642%

User-callback calls 5253, time in user-callback 0.03 sec

BQP_SOLUTION, 215, 841, -465.000000, 32.000440, 1, 1, 1, 1, -1, 1, 1, 1, 1, 1, 1, 1, 1, 1, -1, -1, 1, 1, 1, 1, 1, 1, 1, 1, 1, 1, 1, 1, 1, 1, 1, 1, 1, 1, 1, 1, 1, 1, 1, 1, 1, 1, 1, 1, 1, 1, 1, 1, 1, 1, 1, -1, 1, 1, 1, 1, 1, -1, -1, 1, -1, 1, -1, 1, -1, 1, 1, -1, -1, -1, 1, -1, -1, -1, 1, -1, 1, -1, -1, -1, -1, 1, -1, -1, -1, -1, -1, 1, 1, -1, -1, 1, -1, -1, 1, 1, -1, -1, -1, -1, 1, -1, -1, 1, -1, 1, 1, -1, -1, 1, 1, -1, 1, -1, 1, 1, -1, -1, 1, 1, 1, 1, -1, 1, -1, -1, 1, 1, -1, -1, 1, -1, -1, 1, -1, 1, 1, -1, -1, 1, -1, -1, 1, -1, 1, 1, 1, 1, 1, -1, 1, -1, -1, 1, -1, -1, -1, 1, -1, -1, 1, -1, 1, -1, -1, -1, 1, -1, 1, -1, -1, -1, 1, 1, -1, 1, -1, -1, 1, -1, 1, -1, -1, 1, 1, -1, 1, 1, -1, 1, -1, -1, -1, 1, -1, 1, -1, 1, -1, 1, -1, -1, 1, -1, -1, 1, 1, -1, 1, -1, -1, 1, -1, 1, 1
BQP_DATA, 215, 841, -465.000000, -499.000000, -1230.000000, -1264.000000, 32.000440, 511, 1012
