Set parameter TSPort to value 51199
Set parameter TokenServer to value "open-license1.lanl.gov"
Set parameter TimeLimit to value 4096
Set parameter Threads to value 1
Gurobi Optimizer version 10.0.3 build v10.0.3rc0 (linux64)

CPU model: Intel(R) Xeon(R) CPU E5-2695 v4 @ 2.10GHz, instruction set [SSE2|AVX|AVX2]
Thread count: 36 physical cores, 72 logical processors, using up to 1 threads

Optimize a model with 0 rows, 215 columns and 0 nonzeros
Model fingerprint: 0x105072e7
Model has 866 quadratic objective terms
Variable types: 0 continuous, 215 integer (215 binary)
Coefficient statistics:
  Matrix range     [0e+00, 0e+00]
  Objective range  [2e+00, 2e+01]
  QObjective range [8e+00, 8e+00]
  Bounds range     [1e+00, 1e+00]
  RHS range        [0e+00, 0e+00]
Found heuristic solution: objective 0.0000000
Found heuristic solution: objective -356.0000000
Found heuristic solution: objective -1192.000000
Presolve time: 0.26s
Presolved: 866 rows, 1081 columns, 2598 nonzeros
Variable types: 0 continuous, 1081 integer (1081 binary)

Root relaxation: objective -1.600000e+03, 268 iterations, 0.00 seconds (0.00 work units)

    Nodes    |    Current Node    |     Objective Bounds      |     Work
 Expl Unexpl |  Obj  Depth IntInf | Incumbent    BestBd   Gap | It/Node Time

     0     0 -1600.0000    0  215 -1192.0000 -1600.0000  34.2%     -    0s
     0     0 -1432.0000    0  304 -1192.0000 -1432.0000  20.1%     -    0s
     0     0 -1431.3333    0  310 -1192.0000 -1431.3333  20.1%     -    0s
     0     0 -1399.6250    0  351 -1192.0000 -1399.6250  17.4%     -    0s
     0     0 -1399.6250    0  347 -1192.0000 -1399.6250  17.4%     -    0s
     0     2 -1399.6250    0  346 -1192.0000 -1399.6250  17.4%     -    0s
   570   500 -1244.0000   29  859 -1192.0000 -1277.8322  7.20%  70.2    5s
   632   543 -1256.3651   16  937 -1192.0000 -1256.3651  5.40%   105   10s
   696   588 -1215.2204   49  682 -1192.0000 -1249.6710  4.84%   147   15s
   805   639 -1241.7515   34  838 -1192.0000 -1246.8530  4.60%   179   20s
   900   689 -1214.8639   46  720 -1192.0000 -1246.8501  4.60%   209   25s
  1004   743 -1206.8557   50  691 -1192.0000 -1244.5785  4.41%   232   30s
  1140   803 -1237.2812   35  847 -1192.0000 -1244.4502  4.40%   247   35s
  1279   827 -1240.1187   34  850 -1192.0000 -1243.1181  4.29%   256   40s
  1397   882 -1229.9904   37  810 -1192.0000 -1242.2144  4.21%   270   45s
  1530   911 -1237.5655   36  849 -1192.0000 -1240.9630  4.11%   278   50s
  1650   963 -1195.3861   54  701 -1192.0000 -1240.8291  4.10%   286   55s
  1770  1008 -1215.5817   44  731 -1192.0000 -1240.4069  4.06%   293   60s
  1899  1044 -1236.3674   37  814 -1192.0000 -1239.9117  4.02%   296   65s
  2047  1055 -1235.8033   36  839 -1192.0000 -1239.0428  3.95%   296   70s
  2172  1094 -1234.0658   35  854 -1192.0000 -1238.4027  3.89%   301   75s
  2298  1134 -1214.3671   44  735 -1192.0000 -1237.9646  3.86%   304   80s
  2418  1199 -1229.0144   37  804 -1192.0000 -1237.6194  3.83%   308   85s
  2534  1282 -1216.8431   44  716 -1192.0000 -1237.4616  3.81%   312   90s
  2667  1370 -1194.7219   55  650 -1192.0000 -1237.3623  3.81%   311   95s
  2777  1433 -1215.8670   46  711 -1192.0000 -1237.1971  3.79%   314  100s
  2927  1510 -1218.6257   40  753 -1192.0000 -1236.6746  3.75%   313  105s
  3042  1587 -1225.4171   40  768 -1192.0000 -1236.3502  3.72%   316  110s
  3173  1666 -1225.0235   39  789 -1192.0000 -1236.0483  3.70%   316  115s
  3293  1756 -1217.4114   45  722 -1192.0000 -1235.8000  3.67%   318  120s
  3424  1837 -1212.6521   48  707 -1192.0000 -1235.5328  3.65%   318  125s
  3549  1927 -1198.9427   52  640 -1192.0000 -1235.4526  3.65%   319  130s
  3677  2005 -1194.3190   54  672 -1192.0000 -1235.2832  3.63%   320  135s
  3793  2065 -1218.7589   43  743 -1192.0000 -1234.8250  3.59%   323  140s
  3907  2134 -1196.5307   54  679 -1192.0000 -1234.7860  3.59%   324  145s
  4009  2198 -1218.1474   45  701 -1192.0000 -1234.5778  3.57%   327  150s
  4135  2276 -1224.8286   39  792 -1192.0000 -1234.3788  3.56%   328  155s
  4251  2348 -1229.5743   38  808 -1192.0000 -1234.1850  3.54%   331  160s
  4385  2448 -1206.0437   49  690 -1192.0000 -1234.1355  3.53%   333  165s
  4484  2517 -1198.5829   49  707 -1192.0000 -1233.9955  3.52%   335  170s
  4614  2585 -1209.2866   48  724 -1192.0000 -1233.7482  3.50%   337  175s
  4732  2661 -1200.8460   47  694 -1192.0000 -1233.6778  3.50%   338  180s
  4850  2740 -1202.8646   52  668 -1192.0000 -1233.5485  3.49%   340  185s
  4975  2817 -1207.6960   51  661 -1192.0000 -1233.4572  3.48%   342  190s
  5108  2892 -1209.8601   47  743 -1192.0000 -1233.3013  3.46%   342  195s
  5254  2964 -1221.4109   40  798 -1192.0000 -1232.9584  3.44%   342  200s
  5367  3040 -1213.2527   47  704 -1192.0000 -1232.8672  3.43%   344  205s
  5515  3138 -1198.8419   51  722 -1192.0000 -1232.7427  3.42%   345  210s
  5625  3191 -1226.7629   40  801 -1192.0000 -1232.4815  3.40%   346  215s
  5802  3255 -1213.7890   46  715 -1192.0000 -1232.4330  3.39%   344  220s
  5943  3333 -1228.0624   38  821 -1192.0000 -1232.2288  3.37%   345  225s
  6046  3406 -1225.7961   40  759 -1192.0000 -1232.1152  3.37%   346  230s
  6170  3484 -1213.6437   42  738 -1192.0000 -1232.0013  3.36%   348  235s
  6309  3563 -1227.5473   42  765 -1192.0000 -1231.9646  3.35%   348  240s
  6445  3641 -1197.7154   50  696 -1192.0000 -1231.8962  3.35%   348  245s
  6572  3719 -1213.5137   44  756 -1192.0000 -1231.8248  3.34%   349  250s
  6690  3795 -1202.7151   49  701 -1192.0000 -1231.7912  3.34%   351  255s
  6834  3874 -1218.2918   44  743 -1192.0000 -1231.6462  3.33%   351  260s
  6976  3956 -1213.1603   45  739 -1192.0000 -1231.5887  3.32%   351  265s
  7078  4022 -1209.3190   48  718 -1192.0000 -1231.4790  3.31%   352  270s
  7238  4107 -1215.9202   42  755 -1192.0000 -1231.4111  3.31%   352  275s
  7362  4193 -1209.4397   49  696 -1192.0000 -1231.3316  3.30%   353  280s
  7493  4260 -1228.0630   39  802 -1192.0000 -1231.2214  3.29%   354  285s
  7620  4341 -1213.4095   46  714 -1192.0000 -1231.1270  3.28%   355  290s
  7751  4425 -1197.7120   51  689 -1192.0000 -1231.0223  3.27%   355  295s
  7915  4476 -1199.4662   56  667 -1192.0000 -1230.9956  3.27%   354  300s
  8050  4573 -1194.6805   59  580 -1192.0000 -1230.9111  3.26%   355  305s
  8201  4660 -1211.6123   45  695 -1192.0000 -1230.8214  3.26%   355  310s
  8345  4751 -1194.9823   54  689 -1192.0000 -1230.7235  3.25%   355  315s
  8475  4824 -1194.3192   53  702 -1192.0000 -1230.5970  3.24%   355  320s
  8623  4919 -1220.4831   42  750 -1192.0000 -1230.4793  3.23%   355  325s
  8772  5008 -1226.2441   39  805 -1192.0000 -1230.3726  3.22%   355  330s
  8922  5082 -1216.9421   45  757 -1192.0000 -1230.3377  3.22%   355  335s
  9059  5163 -1196.8394   53  678 -1192.0000 -1230.2424  3.21%   355  340s
  9173  5247 -1200.1801   49  704 -1192.0000 -1230.2127  3.21%   357  345s
  9336  5324 -1196.0466   54  625 -1192.0000 -1230.1664  3.20%   356  350s
  9474  5394 -1202.5835   53  658 -1192.0000 -1230.0852  3.20%   356  355s
  9625  5482 -1197.3849   57  620 -1192.0000 -1229.9391  3.18%   356  360s
  9766  5541 -1211.5210   47  707 -1192.0000 -1229.8487  3.18%   356  365s
  9933  5627 -1225.0030   39  795 -1192.0000 -1229.7531  3.17%   355  370s
 10049  5704 -1213.6950   45  727 -1192.0000 -1229.6933  3.16%   356  375s
 10203  5797 -1226.5788   42  433 -1192.0000 -1229.6532  3.16%   356  443s
 10206  5799 -1201.0409   51  972 -1192.0000 -1229.6532  3.16%   356  445s
 10256  5832 -1218.2165   44 1020 -1192.0000 -1222.6606  2.57%   354  450s
 10316  5872 -1210.5830   49 1025 -1192.0000 -1222.0420  2.52%   352  455s
 10345  5894 -1211.0925   51  889 -1192.0000 -1219.5186  2.31%   354  460s
 10409  5920 -1198.4227   61  752 -1192.0000 -1219.5130  2.31%   356  465s
H10415  5621                    -1194.000000 -1219.5130  2.14%   356  465s
*10426  5324              71    -1196.000000 -1219.5130  1.97%   355  465s
H10442  5058                    -1198.000000 -1217.7970  1.65%   356  467s
 10472  5064 -1213.6106   49  921 -1198.0000 -1216.5371  1.55%   357  470s
*10489  4798              58    -1202.000000 -1216.5371  1.21%   357  471s
 10542  4780 -1204.7508   52  872 -1202.0000 -1215.1157  1.09%   358  475s
 10607  4765 -1204.8627   51  881 -1202.0000 -1213.2287  0.93%   359  480s
 10675  4741 -1205.3198   52  842 -1202.0000 -1212.3697  0.86%   360  485s
 10741  4713 -1205.1932   51  884 -1202.0000 -1211.2169  0.77%   361  490s
 10824  4679     cutoff   52      -1202.0000 -1209.8490  0.65%   362  495s
 10896  4640 -1204.8867   51  899 -1202.0000 -1208.2309  0.52%   362  500s

Cutting planes:
  Gomory: 28
  MIR: 28
  Flow cover: 266
  Zero half: 404
  RLT: 37
  BQP: 56

Explored 10965 nodes (3974813 simplex iterations) in 503.93 seconds (468.33 work units)
Thread count was 1 (of 72 available processors)

Solution count 7: -1202 -1198 -1196 ... 0
No other solutions better than -1202

Optimal solution found (tolerance 1.00e-04)
Best objective -1.202000000000e+03, best bound -1.202000000000e+03, gap 0.0000%

User-callback calls 87408, time in user-callback 0.40 sec

BQP_SOLUTION, 215, 866, -468.000000, 503.928539, 1, -1, 1, -1, 1, 1, -1, -1, 1, 1, -1, 1, -1, 1, 1, 1, -1, 1, 1, -1, -1, -1, -1, 1, -1, -1, -1, 1, -1, -1, 1, -1, -1, -1, 1, -1, 1, -1, 1, -1, -1, -1, 1, 1, -1, 1, -1, -1, 1, -1, -1, 1, -1, -1, 1, -1, -1, 1, -1, -1, 1, 1, -1, 1, 1, -1, 1, 1, 1, 1, 1, 1, 1, 1, -1, 1, -1, -1, -1, 1, 1, 1, 1, -1, 1, 1, 1, 1, 1, -1, -1, 1, -1, -1, 1, 1, -1, -1, -1, 1, 1, -1, 1, 1, -1, 1, 1, 1, -1, 1, 1, -1, 1, -1, -1, 1, 1, -1, 1, 1, -1, 1, 1, -1, 1, 1, -1, -1, 1, -1, 1, 1, 1, -1, 1, -1, 1, 1, 1, -1, 1, 1, -1, 1, -1, 1, 1, -1, -1, 1, -1, -1, 1, -1, -1, 1, 1, -1, 1, -1, -1, 1, 1, -1, 1, 1, -1, 1, 1, -1, 1, 1, -1, 1, 1, -1, 1, 1, -1, 1, 1, -1, 1, -1, -1, 1, -1, -1, -1, 1, 1, 1, 1, -1, -1, 1, -1, 1, 1, 1, -1, 1, -1, -1, 1, 1, -1, 1, 1, -1, 1, -1, -1, 1, 1
BQP_DATA, 215, 866, -468.000000, -468.000000, -1202.000000, -1202.000000, 503.928539, 726, 10965
