Set parameter TSPort to value 51199
Set parameter TokenServer to value "open-license1.lanl.gov"
Set parameter TimeLimit to value 4096
Set parameter Threads to value 1
Gurobi Optimizer version 10.0.3 build v10.0.3rc0 (linux64)

CPU model: Intel(R) Xeon(R) CPU E5-2695 v4 @ 2.10GHz, instruction set [SSE2|AVX|AVX2]
Thread count: 36 physical cores, 72 logical processors, using up to 1 threads

Optimize a model with 0 rows, 215 columns and 0 nonzeros
Model fingerprint: 0x48cf3df9
Model has 869 quadratic objective terms
Variable types: 0 continuous, 215 integer (215 binary)
Coefficient statistics:
  Matrix range     [0e+00, 0e+00]
  Objective range  [2e+00, 3e+01]
  QObjective range [8e+00, 8e+00]
  Bounds range     [1e+00, 1e+00]
  RHS range        [0e+00, 0e+00]
Found heuristic solution: objective 0.0000000
Found heuristic solution: objective -370.0000000
Found heuristic solution: objective -1208.000000
Found heuristic solution: objective -1210.000000
Presolve time: 0.27s
Presolved: 869 rows, 1084 columns, 2607 nonzeros
Variable types: 0 continuous, 1084 integer (1084 binary)

Root relaxation: objective -1.617000e+03, 299 iterations, 0.01 seconds (0.00 work units)

    Nodes    |    Current Node    |     Objective Bounds      |     Work
 Expl Unexpl |  Obj  Depth IntInf | Incumbent    BestBd   Gap | It/Node Time

     0     0 -1617.0000    0  215 -1210.0000 -1617.0000  33.6%     -    0s
     0     0 -1461.0000    0  302 -1210.0000 -1461.0000  20.7%     -    0s
     0     0 -1459.0000    0  303 -1210.0000 -1459.0000  20.6%     -    0s
     0     0 -1425.0000    0  331 -1210.0000 -1425.0000  17.8%     -    0s
     0     0 -1425.0000    0  324 -1210.0000 -1425.0000  17.8%     -    0s
     0     2 -1424.6667    0  323 -1210.0000 -1424.6667  17.7%     -    0s
   550   489 -1268.0000   26  927 -1210.0000 -1271.9326  5.12%  59.9    5s
   620   536 -1252.7275    5  993 -1210.0000 -1252.7275  3.53%  53.1   10s
   679   576 -1244.0000   37  994 -1210.0000 -1249.4414  3.26%  97.4   15s
   736   608 -1238.1808   30  907 -1210.0000 -1247.1636  3.07%   157   20s
   800   637 -1223.1598   37  781 -1210.0000 -1245.4751  2.93%   192   25s
   886   668 -1232.4770   33  854 -1210.0000 -1243.4364  2.76%   216   30s
   969   716 -1214.7225   48  664 -1210.0000 -1243.4333  2.76%   238   35s
  1078   732 -1229.9496   34  835 -1210.0000 -1240.1007  2.49%   249   40s
  1157   767 -1218.0337   39  771 -1210.0000 -1239.9444  2.47%   265   45s
  1247   777 -1229.3747   33  848 -1210.0000 -1239.2595  2.42%   277   50s
  1345   799 -1230.2941   34  831 -1210.0000 -1238.7499  2.38%   288   55s
  1437   823 -1224.1521   34  849 -1210.0000 -1238.1465  2.33%   300   60s
  1514   831 -1227.1866   34  837 -1210.0000 -1237.9387  2.31%   312   65s
  1603   840 -1215.4671   39  789 -1210.0000 -1237.0770  2.24%   321   70s
  1689   848 -1225.6048   35  837 -1210.0000 -1236.6478  2.20%   329   75s
  1784   862 -1232.3912   33  872 -1210.0000 -1236.3728  2.18%   333   80s
  1874   878 -1230.4587   32  884 -1210.0000 -1236.1640  2.16%   338   85s
  1978   889 -1230.1025   34  831 -1210.0000 -1235.1937  2.08%   338   90s
  2091   874     cutoff   42      -1210.0000 -1235.0689  2.07%   336   95s
  2180   891 -1218.7118   38  787 -1210.0000 -1234.6730  2.04%   339  100s
  2277   896 -1214.8241   43  738 -1210.0000 -1234.5786  2.03%   341  105s
  2370   912 -1225.0574   34  829 -1210.0000 -1234.2187  2.00%   343  110s
  2467   932 -1226.2286   36  790 -1210.0000 -1233.5274  1.94%   344  115s
  2566   957 -1226.7394   34  862 -1210.0000 -1233.4320  1.94%   344  120s
  2644   991 -1215.5236   41  778 -1210.0000 -1233.3206  1.93%   347  125s
  2744  1017 -1229.0790   33  864 -1210.0000 -1233.1256  1.91%   346  130s
  2839  1065 -1220.4593   35  818 -1210.0000 -1232.8461  1.89%   347  135s
  2935  1111 -1225.9201   36  842 -1210.0000 -1232.7501  1.88%   347  140s
  3014  1156     cutoff   42      -1210.0000 -1232.6601  1.87%   349  145s
  3103  1175 -1214.9453   41  743 -1210.0000 -1232.5546  1.86%   349  150s
  3194  1210 -1213.0748   45  713 -1210.0000 -1232.3861  1.85%   349  155s
  3274  1246     cutoff   41      -1210.0000 -1232.2540  1.84%   350  160s
  3372  1292 -1218.3759   37  781 -1210.0000 -1232.0504  1.82%   350  165s
  3465  1326 -1225.4220   35  840 -1210.0000 -1231.6764  1.79%   350  170s
  3562  1350 -1213.3347   41  740 -1210.0000 -1231.4837  1.78%   350  175s
  3647  1380 -1223.8966   38  816 -1210.0000 -1231.2743  1.76%   351  180s
  3743  1417 -1214.1195   44  719 -1210.0000 -1231.0017  1.74%   351  185s
  3834  1444 -1226.2338   34  865 -1210.0000 -1230.7055  1.71%   351  190s
  3934  1475 -1214.2434   42  765 -1210.0000 -1230.6501  1.71%   350  195s
  4010  1489 -1220.9805   35  823 -1210.0000 -1230.5284  1.70%   351  200s
  4100  1527 -1216.2882   36  824 -1210.0000 -1230.4459  1.69%   351  205s
  4191  1556 -1213.1086   41  742 -1210.0000 -1230.3018  1.68%   352  210s
  4284  1582 -1227.4680   35  837 -1210.0000 -1230.1522  1.67%   351  215s
  4375  1594 -1219.6759   36  829 -1210.0000 -1230.1110  1.66%   351  220s
  4460  1619 -1214.4087   39  773 -1210.0000 -1230.0657  1.66%   352  225s
  4552  1655 -1222.9115   36  814 -1210.0000 -1229.8210  1.64%   352  230s
  4648  1679 -1224.5049   34  859 -1210.0000 -1229.6607  1.62%   352  235s
  4734  1708     cutoff   42      -1210.0000 -1229.6269  1.62%   353  240s
  4826  1735     cutoff   42      -1210.0000 -1229.5381  1.61%   353  245s
  4920  1767 -1215.2909   39  790 -1210.0000 -1229.4880  1.61%   353  250s
  5012  1785 -1224.9768   34  837 -1210.0000 -1229.4269  1.61%   354  255s
  5097  1816 -1214.2233   40  792 -1210.0000 -1229.3758  1.60%   355  260s
  5202  1837 -1222.5753   35  861 -1210.0000 -1229.2849  1.59%   354  265s
  5287  1864 -1213.4996   40  804 -1210.0000 -1229.2236  1.59%   354  270s
  5377  1888 -1215.6860   39  796 -1210.0000 -1229.0695  1.58%   355  275s
  5471  1925 -1222.3973   38  803 -1210.0000 -1229.0035  1.57%   355  280s
  5572  1940 -1212.7030   40  770 -1210.0000 -1228.9262  1.56%   355  285s
  5655  1966 -1222.9132   39  759 -1210.0000 -1228.8515  1.56%   355  290s
  5760  1999 -1214.0722   40  809 -1210.0000 -1228.7693  1.55%   354  295s
  5853  2023 -1222.9554   36  832 -1210.0000 -1228.6460  1.54%   355  300s
  5957  2056 -1213.1262   41  743 -1210.0000 -1228.6168  1.54%   354  305s
  6039  2061 -1223.9829   36  827 -1210.0000 -1228.5592  1.53%   354  310s
  6149  2092 -1224.8213   35  863 -1210.0000 -1228.5092  1.53%   353  315s
  6240  2121 -1225.7243   35  847 -1210.0000 -1228.4217  1.52%   353  320s
  6341  2149 -1214.0058   44  677 -1210.0000 -1228.3304  1.51%   353  325s
  6431  2161 -1215.7507   37  820 -1210.0000 -1228.2214  1.51%   353  330s
  6529  2181 -1212.8568   40  794 -1210.0000 -1228.0895  1.49%   353  335s
  6633  2209 -1218.9712   37  801 -1210.0000 -1227.9980  1.49%   352  340s
  6729  2228 -1223.5228   34  859 -1210.0000 -1227.8938  1.48%   352  345s
  6827  2244 -1220.1303   37  821 -1210.0000 -1227.7977  1.47%   352  350s
  6921  2271 -1212.3222   43  662 -1210.0000 -1227.7265  1.47%   352  355s
  7019  2295 -1214.5937   40  792 -1210.0000 -1227.6641  1.46%   352  360s
  7108  2316 -1220.1314   36  787 -1210.0000 -1227.5843  1.45%   352  365s
  7209  2344 -1213.8528   43  741 -1210.0000 -1227.4872  1.45%   352  370s
  7316  2373 -1221.6347   35  844 -1210.0000 -1227.3888  1.44%   351  375s
  7424  2397 -1221.8412   35  835 -1210.0000 -1227.3302  1.43%   351  380s
  7510  2420 -1214.2852   40  762 -1210.0000 -1227.3104  1.43%   351  385s
  7610  2463 -1217.2148   41  721 -1210.0000 -1227.1617  1.42%   351  390s
  7720  2479 -1221.8274   37  822 -1210.0000 -1227.0914  1.41%   350  395s
  7814  2508     cutoff   40      -1210.0000 -1227.0579  1.41%   350  400s
  7910  2520 -1213.2030   39  783 -1210.0000 -1226.9942  1.40%   350  405s
  7990  2540 -1212.8897   41  783 -1210.0000 -1226.9428  1.40%   350  410s
  8086  2560 -1212.5531   38  801 -1210.0000 -1226.8857  1.40%   350  415s
  8192  2586     cutoff   40      -1210.0000 -1226.7862  1.39%   350  420s
  8279  2593 -1223.4026   36  838 -1210.0000 -1226.6978  1.38%   350  425s
  8395  2624 -1216.1937   39  781 -1210.0000 -1226.5980  1.37%   349  430s
  8499  2646 -1214.1637   38  813 -1210.0000 -1226.5477  1.37%   349  435s
  8593  2663 -1224.0419   35  865 -1210.0000 -1226.4839  1.36%   349  440s
  8695  2684 -1219.2542   38  803 -1210.0000 -1226.4270  1.36%   349  445s
  8790  2690 -1218.5553   36  815 -1210.0000 -1226.3322  1.35%   349  450s
  8904  2715 -1222.6296   36  830 -1210.0000 -1226.2263  1.34%   349  455s
  9002  2739 -1213.7462   39  801 -1210.0000 -1226.1609  1.34%   349  460s
  9123  2762 -1213.3754   38  786 -1210.0000 -1226.0963  1.33%   348  465s
  9228  2775 -1221.2297   36  838 -1210.0000 -1226.0237  1.32%   348  470s
  9339  2804 -1218.8180   38  815 -1210.0000 -1225.9630  1.32%   347  475s
  9438  2827 -1213.6409   42  746 -1210.0000 -1225.9110  1.31%   347  480s
  9559  2826 -1217.5461   39  788 -1210.0000 -1225.8839  1.31%   346  485s
  9660  2850 -1213.9202   40  778 -1210.0000 -1225.8489  1.31%   346  490s
  9758  2861 -1222.8861   35  826 -1210.0000 -1225.7449  1.30%   347  495s
  9874  2891 -1219.6621   38  795 -1210.0000 -1225.7059  1.30%   346  500s
  9974  2915 -1213.0158   40  788 -1210.0000 -1225.6934  1.30%   346  505s
 10076  2939 -1216.8908   40  760 -1210.0000 -1225.6449  1.29%   346  510s
 10203  2955 -1220.8587   37  435 -1210.0000 -1225.6171  1.29%   345  607s
 10213  2962 -1212.1833   42 1031 -1210.0000 -1225.6171  1.29%   345  610s
 10260  2993 -1214.3502   44 1030 -1210.0000 -1225.6171  1.29%   343  615s
 10320  3033 -1213.9139   45 1031 -1210.0000 -1225.6171  1.29%   341  620s
 10349  3054 -1225.6171   43  912 -1210.0000 -1225.6171  1.29%   343  625s
 10394  3072 -1217.5262   49  842 -1210.0000 -1225.6171  1.29%   345  630s
 10447  3085 -1222.5719   46  889 -1210.0000 -1225.6171  1.29%   347  635s
 10502  3101 -1218.8709   48  840 -1210.0000 -1225.6171  1.29%   348  640s
 10577  3085 -1224.8309   43  941 -1210.0000 -1225.6171  1.29%   350  645s
 10635  3088 -1214.8095   49  840 -1210.0000 -1225.6171  1.29%   351  650s
 10698  3086 -1223.5430   44  925 -1210.0000 -1225.6171  1.29%   353  655s
 10759  3089 -1217.1615   47  849 -1210.0000 -1225.6171  1.29%   354  660s
 10829  3085 -1212.7933   50  810 -1210.0000 -1225.6171  1.29%   356  665s
 10898  3083 -1218.5211   47  853 -1210.0000 -1225.6171  1.29%   357  670s
 10979  3063 -1214.5756   49  810 -1210.0000 -1225.6171  1.29%   358  675s
 11044  3057 -1214.9963   47  873 -1210.0000 -1225.6171  1.29%   360  680s
 11106  3052 -1212.0908   51  792 -1210.0000 -1225.6171  1.29%   362  685s
 11184  3041 -1222.0494   46  878 -1210.0000 -1225.0432  1.24%   363  690s
 11249  3032 -1216.5200   50  811 -1210.0000 -1224.8258  1.23%   364  695s
 11318  3016 -1222.4478   46  876 -1210.0000 -1224.5647  1.20%   366  700s
 11394  3002 -1214.7437   48  832 -1210.0000 -1224.4291  1.19%   367  705s
 11463  2987 -1222.0125   45  905 -1210.0000 -1224.1724  1.17%   369  710s
 11521  2978 -1213.2425   47  858 -1210.0000 -1223.5665  1.12%   371  715s
 11593  2962 -1212.1536   50  814 -1210.0000 -1223.4719  1.11%   372  720s
 11668  2943 -1215.9255   47  864 -1210.0000 -1223.3157  1.10%   373  725s
 11735  2927 -1214.8980   50  802 -1210.0000 -1223.1434  1.09%   374  730s
 11803  2911 -1213.1198   48  825 -1210.0000 -1222.9360  1.07%   376  735s
 11865  2898 -1212.9645   56  701 -1210.0000 -1222.7619  1.05%   377  740s
 11938  2881 -1217.3317   48  861 -1210.0000 -1222.4474  1.03%   378  745s
 12006  2864 -1216.1221   50  814 -1210.0000 -1222.0696  1.00%   379  750s
 12080  2846 -1212.8940   50  768 -1210.0000 -1221.9487  0.99%   380  755s
 12152  2825 -1213.8617   49  841 -1210.0000 -1221.7868  0.97%   381  760s
 12221  2804 -1214.3708   51  791 -1210.0000 -1221.6594  0.96%   382  765s
 12305  2776 -1215.7366   47  881 -1210.0000 -1221.6076  0.96%   383  770s
 12375  2751 -1217.1873   47  890 -1210.0000 -1221.4550  0.95%   384  775s
 12428  2735 -1219.8491   45  926 -1210.0000 -1221.4079  0.94%   385  780s
 12473  2721 -1212.6934   49  855 -1210.0000 -1221.3990  0.94%   386  785s
 12541  2701 -1212.3650   50  822 -1210.0000 -1221.3075  0.93%   386  790s
 12603  2677 -1217.2957   48  858 -1210.0000 -1221.1173  0.92%   387  795s
 12663  2660 -1216.6062   50  811 -1210.0000 -1220.9251  0.90%   388  800s
 12725  2644 -1212.0690   49  819 -1210.0000 -1220.8640  0.90%   389  805s
 12786  2621 -1214.9504   49  833 -1210.0000 -1220.8097  0.89%   390  810s
 12848  2604 -1212.3313   52  602 -1210.0000 -1220.7373  0.89%   390  815s
 12918  2586 -1212.2058   53  731 -1210.0000 -1220.5391  0.87%   391  820s
 12982  2565 -1213.1683   49  830 -1210.0000 -1220.3890  0.86%   392  825s
 13056  2541 -1212.3329   50  829 -1210.0000 -1220.2003  0.84%   393  830s
 13126  2510     cutoff   49      -1210.0000 -1219.9954  0.83%   394  835s
 13193  2484 -1217.2668   47  876 -1210.0000 -1219.8635  0.82%   395  840s
 13261  2460 -1216.9902   46  889 -1210.0000 -1219.7551  0.81%   396  845s
 13333  2432     cutoff   50      -1210.0000 -1219.6673  0.80%   397  850s
 13411  2402 -1213.8407   48  837 -1210.0000 -1219.4903  0.78%   397  855s
 13482  2375 -1213.6891   48  854 -1210.0000 -1219.3283  0.77%   398  860s
 13558  2342 -1214.1704   49  847 -1210.0000 -1219.2587  0.77%   399  865s
 13636  2311 -1212.7670   48  860 -1210.0000 -1219.0973  0.75%   400  870s
 13710  2282 -1213.4700   48  876 -1210.0000 -1219.0339  0.75%   400  875s
 13782  2251 -1213.7660   49  838 -1210.0000 -1218.9049  0.74%   401  880s
 13858  2220 -1213.2019   49  832 -1210.0000 -1218.8194  0.73%   402  885s
 13928  2186 -1213.2433   49  838 -1210.0000 -1218.7104  0.72%   403  890s
 13999  2156 -1212.0232   50  796 -1210.0000 -1218.5781  0.71%   403  895s
 14068  2123 -1212.3130   51  795 -1210.0000 -1218.4538  0.70%   404  900s
 14141  2088 -1212.0557   49  829 -1210.0000 -1218.3207  0.69%   405  905s
 14214  2052 -1213.0185   49  861 -1210.0000 -1218.1820  0.68%   406  910s
 14293  2017 -1212.2439   51  806 -1210.0000 -1218.1181  0.67%   407  915s
 14369  1981 -1212.1314   53  768 -1210.0000 -1217.9661  0.66%   407  920s
 14451  1941 -1214.3013   50  826 -1210.0000 -1217.7605  0.64%   408  925s
 14521  1902 -1213.6947   48  871 -1210.0000 -1217.6135  0.63%   409  930s
 14582  1867 -1212.7049   49  854 -1210.0000 -1217.4134  0.61%   409  935s
 14657  1826 -1212.5886   48  871 -1210.0000 -1217.1761  0.59%   410  940s
 14725  1788     cutoff   51      -1210.0000 -1217.0665  0.58%   411  945s
 14795  1748 -1213.2247   49  839 -1210.0000 -1216.7734  0.56%   411  950s
 14873  1697     cutoff   49      -1210.0000 -1216.3721  0.53%   412  955s
 14942  1645     cutoff   49      -1210.0000 -1215.9971  0.50%   413  960s
 15015  1593     cutoff   51      -1210.0000 -1215.4248  0.45%   414  965s
 15084  1520     cutoff   50      -1210.0000 -1214.4884  0.37%   414  970s

Cutting planes:
  Gomory: 16
  MIR: 38
  Flow cover: 437
  Zero half: 287
  RLT: 29
  BQP: 54

Explored 15143 nodes (6263233 simplex iterations) in 971.91 seconds (911.86 work units)
Thread count was 1 (of 72 available processors)

Solution count 4: -1210 -1208 -370 0 
No other solutions better than -1210

Optimal solution found (tolerance 1.00e-04)
Best objective -1.210000000000e+03, best bound -1.210000000000e+03, gap 0.0000%

User-callback calls 144761, time in user-callback 0.74 sec

BQP_SOLUTION, 215, 869, -462.000000, 971.909237, 1, 1, 1, 1, 1, -1, 1, 1, -1, 1, 1, 1, -1, 1, 1, 1, 1, -1, 1, 1, 1, 1, 1, 1, 1, 1, 1, 1, 1, 1, 1, 1, 1, 1, 1, -1, 1, 1, -1, 1, 1, 1, 1, -1, -1, 1, 1, -1, 1, -1, -1, -1, 1, -1, 1, -1, -1, -1, -1, 1, 1, -1, 1, -1, 1, -1, 1, -1, 1, -1, 1, -1, -1, -1, 1, 1, -1, 1, -1, -1, -1, -1, 1, 1, -1, -1, -1, 1, -1, -1, 1, -1, -1, -1, 1, -1, 1, -1, 1, -1, -1, 1, -1, 1, 1, 1, -1, -1, 1, 1, -1, 1, -1, -1, 1, -1, -1, 1, -1, -1, -1, -1, -1, -1, 1, -1, 1, 1, -1, 1, 1, -1, 1, 1, -1, -1, 1, 1, -1, 1, -1, -1, 1, -1, 1, 1, -1, -1, 1, -1, 1, 1, -1, 1, 1, -1, 1, -1, -1, 1, 1, -1, 1, 1, -1, 1, 1, -1, -1, 1, -1, 1, -1, -1, 1, 1, -1, 1, 1, -1, 1, 1, -1, 1, 1, 1, -1, 1, -1, 1, 1, -1, 1, 1, -1, 1, 1, -1, 1, 1, 1, -1, 1, -1, 1, 1, -1, 1, -1, -1, 1, -1, 1, 1, 1
BQP_DATA, 215, 869, -462.000000, -462.000000, -1210.000000, -1210.000000, 971.909237, 778, 15143
