Set parameter TSPort to value 51199
Set parameter TokenServer to value "open-license1.lanl.gov"
Set parameter TimeLimit to value 4096
Set parameter Threads to value 1
Gurobi Optimizer version 10.0.3 build v10.0.3rc0 (linux64)

CPU model: Intel(R) Xeon(R) CPU E5-2695 v4 @ 2.10GHz, instruction set [SSE2|AVX|AVX2]
Thread count: 36 physical cores, 72 logical processors, using up to 1 threads

Optimize a model with 0 rows, 214 columns and 0 nonzeros
Model fingerprint: 0x0435b2f2
Model has 839 quadratic objective terms
Variable types: 0 continuous, 214 integer (214 binary)
Coefficient statistics:
  Matrix range     [0e+00, 0e+00]
  Objective range  [2e+00, 3e+01]
  QObjective range [8e+00, 8e+00]
  Bounds range     [1e+00, 1e+00]
  RHS range        [0e+00, 0e+00]
Found heuristic solution: objective 0.0000000
Found heuristic solution: objective -364.0000000
Found heuristic solution: objective -1198.000000
Presolve time: 0.27s
Presolved: 839 rows, 1053 columns, 2517 nonzeros
Variable types: 0 continuous, 1053 integer (1053 binary)

Root relaxation: objective -1.586000e+03, 260 iterations, 0.00 seconds (0.00 work units)

    Nodes    |    Current Node    |     Objective Bounds      |     Work
 Expl Unexpl |  Obj  Depth IntInf | Incumbent    BestBd   Gap | It/Node Time

     0     0 -1586.0000    0  214 -1198.0000 -1586.0000  32.4%     -    0s
     0     0 -1427.0000    0  296 -1198.0000 -1427.0000  19.1%     -    0s
     0     0 -1425.0000    0  297 -1198.0000 -1425.0000  18.9%     -    0s
     0     0 -1390.5000    0  337 -1198.0000 -1390.5000  16.1%     -    0s
     0     0 -1390.5000    0  327 -1198.0000 -1390.5000  16.1%     -    0s
     0     2 -1390.5000    0  323 -1198.0000 -1390.5000  16.1%     -    0s
   568   506 -1266.9986   17  887 -1198.0000 -1266.9986  5.76%  62.7    5s
   636   553 -1250.8218    8  879 -1198.0000 -1250.8218  4.41%  93.6   10s
   703   599 -1224.7023   43  702 -1198.0000 -1242.5070  3.72%   138   15s
   808   646 -1233.6298   35  788 -1198.0000 -1242.1916  3.69%   175   20s
   899   693 -1211.4112   45  676 -1198.0000 -1242.1888  3.69%   209   25s
  1025   749 -1213.0127   48  650 -1198.0000 -1239.6357  3.48%   227   30s
  1185   771 -1203.2346   50  634 -1198.0000 -1237.4751  3.30%   233   35s
  1303   816 -1206.6346   45  666 -1198.0000 -1236.7530  3.23%   245   40s
* 1353   765              70    -1200.000000 -1236.7428  3.06%   242   40s
  1456   783 -1226.7954   36  776 -1200.0000 -1235.8194  2.98%   249   45s
  1570   825 -1204.7497   52  557 -1200.0000 -1235.5526  2.96%   257   50s
  1698   858 -1220.0043   44  668 -1200.0000 -1234.7471  2.90%   262   55s
  1852   888 -1230.4138   37  795 -1200.0000 -1233.8217  2.82%   264   60s
H 1881   842                    -1202.000000 -1233.8152  2.65%   264   61s
  1980   873 -1219.6764   40  731 -1202.0000 -1233.3764  2.61%   267   65s
  2088   891 -1223.2374   38  748 -1202.0000 -1233.0804  2.59%   271   70s
  2201   925 -1211.3589   46  684 -1202.0000 -1232.8747  2.57%   277   75s
  2343   965     cutoff   49      -1202.0000 -1232.2779  2.52%   280   80s
H 2369   925                    -1204.000000 -1232.0043  2.33%   281   81s
  2458   979 -1206.5436   51  569 -1204.0000 -1231.7794  2.31%   286   85s
  2590  1045 -1214.3734   44  700 -1204.0000 -1231.5358  2.29%   289   90s
  2702  1107 -1217.4362   40  699 -1204.0000 -1231.3837  2.27%   292   95s
  2822  1153 -1220.2554   40  738 -1204.0000 -1231.1890  2.26%   294  100s
  2939  1191 -1206.5898   45  694 -1204.0000 -1231.1018  2.25%   298  105s
  3064  1239 -1227.6645   38  747 -1204.0000 -1230.8340  2.23%   299  110s
  3177  1290 -1226.9247   37  789 -1204.0000 -1230.4920  2.20%   301  115s
  3296  1346     cutoff   47      -1204.0000 -1230.3387  2.19%   303  120s
  3392  1414 -1207.3295   44  709 -1204.0000 -1230.2760  2.18%   308  125s
  3519  1438 -1216.8885   40  721 -1204.0000 -1230.0861  2.17%   309  130s
  3630  1480 -1206.1775   44  705 -1204.0000 -1229.9883  2.16%   310  135s
  3749  1544 -1218.5736   41  726 -1204.0000 -1229.7843  2.14%   313  140s
  3872  1600 -1215.6694   41  716 -1204.0000 -1229.6255  2.13%   314  145s
  4004  1651 -1208.5190   46  649 -1204.0000 -1229.4537  2.11%   316  150s
  4114  1700 -1212.4761   44  642 -1204.0000 -1229.3616  2.11%   319  155s
  4247  1757 -1209.0268   47  635 -1204.0000 -1229.1014  2.08%   320  160s
  4383  1801 -1217.1080   41  730 -1204.0000 -1228.9463  2.07%   322  165s
  4514  1853 -1225.2395   41  733 -1204.0000 -1228.8463  2.06%   323  170s
  4656  1919     cutoff   48      -1204.0000 -1228.6567  2.05%   324  175s
  4799  1989 -1224.9827   37  797 -1204.0000 -1228.4559  2.03%   326  180s
  4932  1998 -1220.6611   40  721 -1204.0000 -1228.4322  2.03%   326  185s
  5047  2049 -1213.8437   41  734 -1204.0000 -1228.3587  2.02%   328  190s
  5183  2102 -1224.3007   39  755 -1204.0000 -1228.2522  2.01%   329  195s
  5318  2155 -1220.9219   40  730 -1204.0000 -1228.0602  2.00%   330  200s
  5451  2196 -1206.0003   47  629 -1204.0000 -1227.9351  1.99%   331  205s
  5582  2245 -1218.2195   41  698 -1204.0000 -1227.8715  1.98%   333  210s
  5713  2292     cutoff   44      -1204.0000 -1227.7109  1.97%   333  215s
  5842  2343 -1215.4778   42  706 -1204.0000 -1227.6029  1.96%   335  220s
  5984  2369 -1222.7665   39  773 -1204.0000 -1227.5118  1.95%   334  225s
  6123  2438 -1211.2257   46  659 -1204.0000 -1227.4002  1.94%   335  230s
  6233  2489 -1210.1927   45  699 -1204.0000 -1227.2854  1.93%   337  235s
  6363  2510 -1219.0823   38  771 -1204.0000 -1227.0921  1.92%   338  240s
  6478  2555 -1217.5998   40  703 -1204.0000 -1226.9898  1.91%   340  245s
  6608  2602 -1223.5891   38  781 -1204.0000 -1226.8867  1.90%   340  250s
  6730  2652 -1218.2525   42  693 -1204.0000 -1226.7996  1.89%   341  255s
  6871  2693 -1209.6857   45  680 -1204.0000 -1226.7696  1.89%   342  260s
  6994  2737 -1208.7045   49  628 -1204.0000 -1226.6914  1.88%   343  265s
  7124  2787 -1211.2366   45  650 -1204.0000 -1226.5019  1.87%   343  270s
  7264  2817 -1223.1255   42  714 -1204.0000 -1226.3985  1.86%   344  275s
  7393  2868 -1207.2771   49  639 -1204.0000 -1226.2305  1.85%   345  280s
  7539  2924     cutoff   46      -1204.0000 -1226.1384  1.84%   345  285s
  7700  2958 -1222.4361   40  739 -1204.0000 -1226.0589  1.83%   344  290s
  7834  3011 -1220.5631   38  782 -1204.0000 -1225.9625  1.82%   344  295s
  7958  3047 -1216.5009   45  689 -1204.0000 -1225.9150  1.82%   345  300s
  8076  3084 -1215.5960   42  696 -1204.0000 -1225.8671  1.82%   346  305s
  8222  3138 -1206.0983   46  650 -1204.0000 -1225.7387  1.81%   346  310s
  8357  3182 -1221.1148   40  711 -1204.0000 -1225.6893  1.80%   346  315s
  8484  3222 -1217.0052   40  716 -1204.0000 -1225.6214  1.80%   347  320s
  8607  3264 -1207.1623   43  715 -1204.0000 -1225.6125  1.80%   347  325s
  8737  3282 -1210.5600   43  679 -1204.0000 -1225.5272  1.79%   348  330s
  8870  3339 -1217.6816   42  684 -1204.0000 -1225.4830  1.78%   348  335s
  9019  3382 -1220.7664   44  720 -1204.0000 -1225.4040  1.78%   348  340s
  9145  3435     cutoff   47      -1204.0000 -1225.3669  1.77%   349  345s
  9288  3490 -1222.4630   38  750 -1204.0000 -1225.2358  1.76%   349  350s
  9428  3524 -1211.3435   41  728 -1204.0000 -1225.1473  1.76%   349  355s
  9578  3560 -1219.1057   43  666 -1204.0000 -1225.0840  1.75%   348  360s
  9718  3600     cutoff   46      -1204.0000 -1224.9958  1.74%   349  365s
  9869  3642 -1208.2874   46  658 -1204.0000 -1224.9475  1.74%   348  370s
 10000  3669 -1221.3486   41  744 -1204.0000 -1224.8865  1.73%   349  375s
*10044  3510              54    -1206.000000 -1224.8813  1.57%   348  376s
*10048  3217              54    -1208.000000 -1224.8813  1.40%   348  376s
 10147  3239 -1213.3962   45  658 -1208.0000 -1224.8447  1.39%   349  380s

Cutting planes:
  Gomory: 27
  MIR: 47
  Flow cover: 16
  Zero half: 474
  RLT: 40
  BQP: 66

Explored 10202 nodes (3555700 simplex iterations) in 439.13 seconds (391.64 work units)
Thread count was 1 (of 72 available processors)

Solution count 8: -1208 -1206 -1204 ... 0
No other solutions better than -1208

Optimal solution found (tolerance 1.00e-04)
Best objective -1.208000000000e+03, best bound -1.208000000000e+03, gap 0.0000%

User-callback calls 77454, time in user-callback 0.36 sec

BQP_SOLUTION, 214, 839, -461.000000, 439.133437, -1, 1, -1, 1, 1, -1, 1, 1, -1, -1, 1, 1, 1, 1, 1, 1, 1, 1, 1, 1, 1, 1, 1, -1, 1, 1, 1, 1, -1, 1, 1, 1, -1, 1, 1, -1, 1, -1, -1, 1, -1, -1, 1, -1, -1, -1, -1, -1, 1, -1, -1, 1, -1, -1, 1, -1, -1, 1, -1, -1, 1, -1, -1, 1, -1, -1, -1, -1, -1, 1, -1, -1, 1, -1, -1, 1, -1, 1, -1, -1, -1, 1, -1, 1, -1, -1, 1, 1, -1, -1, -1, -1, 1, 1, -1, 1, 1, -1, 1, -1, -1, 1, -1, 1, 1, -1, 1, -1, -1, 1, -1, 1, -1, -1, -1, -1, 1, -1, -1, -1, -1, 1, -1, -1, -1, -1, 1, 1, -1, -1, 1, -1, -1, 1, 1, -1, 1, -1, 1, -1, -1, 1, 1, -1, 1, 1, -1, 1, 1, -1, 1, 1, 1, 1, 1, -1, -1, 1, -1, 1, 1, -1, 1, 1, 1, 1, 1, -1, 1, 1, -1, 1, 1, -1, 1, 1, -1, 1, 1, 1, 1, 1, 1, 1, -1, 1, 1, -1, 1, 1, 1, -1, 1, -1, 1, -1, 1, 1, -1, 1, 1, 1, -1, 1, 1, -1, -1, 1, -1, 1, 1, -1, 1, -1
BQP_DATA, 214, 839, -461.000000, -461.000000, -1208.000000, -1208.000000, 439.133437, 564, 10202
