Set parameter TSPort to value 51199
Set parameter TokenServer to value "open-license1.lanl.gov"
Set parameter TimeLimit to value 8192
Set parameter CutPasses to value 10
Gurobi Optimizer version 10.0.3 build v10.0.3rc0 (linux64)

CPU model: Intel(R) Xeon(R) CPU E5-2695 v4 @ 2.10GHz, instruction set [SSE2|AVX|AVX2]
Thread count: 36 physical cores, 72 logical processors, using up to 32 threads

Optimize a model with 0 rows, 5387 columns and 0 nonzeros
Model fingerprint: 0x4bb6b914
Model has 25225 quadratic objective terms
Variable types: 0 continuous, 5387 integer (5387 binary)
Coefficient statistics:
  Matrix range     [0e+00, 0e+00]
  Objective range  [2e+00, 3e+01]
  QObjective range [8e+00, 8e+00]
  Bounds range     [1e+00, 1e+00]
  RHS range        [0e+00, 0e+00]
Found heuristic solution: objective 0.0000000
Found heuristic solution: objective -9162.000000
Found heuristic solution: objective -33528.00000
Found heuristic solution: objective -33640.00000
Presolve removed 0 rows and 2 columns
Presolve time: 0.61s
Presolved: 25223 rows, 30608 columns, 75669 nonzeros
Variable types: 0 continuous, 30608 integer (30608 binary)

Root relaxation: objective -4.727300e+04, 7619 iterations, 0.15 seconds (0.06 work units)

    Nodes    |    Current Node    |     Objective Bounds      |     Work
 Expl Unexpl |  Obj  Depth IntInf | Incumbent    BestBd   Gap | It/Node Time

     0     0 -47273.000    0 5385 -33640.000 -47273.000  40.5%     -    1s
     0     0 -45113.000    0 6368 -33640.000 -45113.000  34.1%     -    3s
     0     0 -43993.000    0 7017 -33640.000 -43993.000  30.8%     -    4s
     0     0 -43865.000    0 7093 -33640.000 -43865.000  30.4%     -    4s
     0     0 -43853.000    0 7107 -33640.000 -43853.000  30.4%     -    4s
     0     0 -43485.500    0 7309 -33640.000 -43485.500  29.3%     -    7s
     0     0 -43468.000    0 7316 -33640.000 -43468.000  29.2%     -    7s
     0     0 -42757.500    0 7776 -33640.000 -42757.500  27.1%     -   11s
     0     0 -42535.750    0 7986 -33640.000 -42535.750  26.4%     -   13s
     0     0 -42499.833    0 8102 -33640.000 -42499.833  26.3%     -   14s
     0     0 -42494.189    0 8142 -33640.000 -42494.189  26.3%     -   14s
H    0     0                    -33650.00000 -42494.189  26.3%     -   29s
     0     0 -41826.366    0 8581 -33650.000 -41826.366  24.3%     -   29s
H    0     0                    -33660.00000 -41826.366  24.3%     -   64s
H    0     0                    -33674.00000 -41826.366  24.2%     -   64s
H    0     0                    -33686.00000 -41826.366  24.2%     -   64s
H    0     0                    -33692.00000 -41826.366  24.1%     -   64s
H    0     0                    -33702.00000 -41826.366  24.1%     -   64s
H    0     0                    -33712.00000 -41826.366  24.1%     -   64s
H    0     0                    -33728.00000 -41826.366  24.0%     -   64s
H    0     0                    -33744.00000 -41826.366  24.0%     -   64s
H    0     0                    -33772.00000 -41826.366  23.8%     -   64s
H    0     0                    -33794.00000 -41826.366  23.8%     -   64s
     0     0 -41615.945    0 8772 -33794.000 -41615.945  23.1%     -   64s
H    0     0                    -33802.00000 -41615.945  23.1%     -   78s
H    0     0                    -33834.00000 -41615.945  23.0%     -   78s
H    0     0                    -33860.00000 -41615.945  22.9%     -   78s
H    0     0                    -33894.00000 -41615.945  22.8%     -   78s
H    0     0                    -33912.00000 -41615.945  22.7%     -   78s
H    0     0                    -33952.00000 -41615.945  22.6%     -   78s
H    0     0                    -33972.00000 -41615.945  22.5%     -   78s
     0     0 -41572.084    0 8960 -33972.000 -41572.084  22.4%     -   78s
H    0     0                    -33994.00000 -41572.084  22.3%     -   88s
     0     0 -41562.836    0 9048 -33994.000 -41562.836  22.3%     -   88s
H    0     0                    -34018.00000 -41562.836  22.2%     -  150s
H    0     0                    -34048.00000 -41562.836  22.1%     -  150s
     0     0 -41323.152    0 9251 -34048.000 -41323.152  21.4%     -  150s
     0     0 -41251.449    0 9554 -34048.000 -41251.449  21.2%     -  191s
H    0     0                    -34054.00000 -41251.449  21.1%     -  235s
     0     0 -41225.210    0 9688 -34054.000 -41225.210  21.1%     -  235s
H    0     0                    -34062.00000 -41225.210  21.0%     -  452s
H    0     0                    -34072.00000 -41225.210  21.0%     -  452s
H    0     0                    -34088.00000 -41225.210  20.9%     -  452s
H    0     0                    -34098.00000 -41225.210  20.9%     -  453s
H    0     0                    -34110.00000 -41225.210  20.9%     -  453s
H    0     0                    -34112.00000 -41225.210  20.9%     -  453s
     0     0 -40997.841    0 10078 -34112.000 -40997.841  20.2%     -  453s
H    0     0                    -34120.00000 -40997.841  20.2%     -  614s
H    0     0                    -34134.00000 -40997.841  20.1%     -  614s
H    0     0                    -34138.00000 -40997.841  20.1%     -  614s
     0     0 -40927.399    0 10354 -34138.000 -40927.399  19.9%     -  614s
H    0     0                    -34140.00000 -40927.399  19.9%     -  759s
H    0     0                    -34148.00000 -40927.399  19.9%     -  759s
     0     0 -40894.579    0 10515 -34148.000 -40894.579  19.8%     -  759s
H    0     0                    -34152.00000 -40894.579  19.7%     -  854s
     0     0 -40883.154    0 10723 -34152.000 -40883.154  19.7%     -  854s
H    0     0                    -34164.00000 -40883.154  19.7%     - 1142s
H    0     0                    -34166.00000 -40883.154  19.7%     - 1142s
H    0     0                    -34194.00000 -40883.154  19.6%     - 1142s
     0     0 -40676.255    0 10767 -34194.000 -40676.255  19.0%     - 1142s
H    0     0                    -34200.00000 -40676.255  18.9%     - 1399s
H    0     0                    -34204.00000 -40676.255  18.9%     - 1399s
H    0     0                    -34206.00000 -40676.255  18.9%     - 1399s
H    0     0                    -34224.00000 -40676.255  18.9%     - 1399s
H    0     0                    -34230.00000 -40676.255  18.8%     - 1399s
H    0     0                    -34234.00000 -40676.255  18.8%     - 1399s
H    0     0                    -34238.00000 -40676.255  18.8%     - 1399s
H    0     0                    -34240.00000 -40676.255  18.8%     - 1399s
H    0     0                    -34242.00000 -40676.255  18.8%     - 1399s
     0     0 -40609.243    0 11266 -34242.000 -40609.243  18.6%     - 1399s
H    0     0                    -34250.00000 -40609.243  18.6%     - 1586s
     0     0 -40581.960    0 11475 -34250.000 -40581.960  18.5%     - 1586s
H    0     0                    -34254.00000 -40581.960  18.5%     - 1732s
H    0     0                    -34256.00000 -40581.960  18.5%     - 1732s
     0     0 -40568.281    0 11528 -34256.000 -40568.281  18.4%     - 1732s
H    0     0                    -34258.00000 -40568.281  18.4%     - 1794s
     0     0 -40559.670    0 11806 -34258.000 -40559.670  18.4%     - 1794s
     0     0 -40556.350    0 11905 -34258.000 -40556.350  18.4%     - 1833s
H    0     0                    -34260.00000 -40556.350  18.4%     - 1855s
     0     0 -40554.789    0 12055 -34260.000 -40554.789  18.4%     - 1855s
     0     0 -40554.169    0 11805 -34260.000 -40554.169  18.4%     - 1862s
     0     2 -40554.169    0 11748 -34260.000 -40554.169  18.4%     - 1922s
     1     4 -40542.307    1 11734 -34260.000 -40554.034  18.4%  5284 1927s
     3     8 -40535.230    2 12163 -34260.000 -40543.255  18.3%  3384 1940s
     7    16 -40526.006    3 12233 -34260.000 -40538.333  18.3%  3817 1959s
    15    32 -40514.911    4 12196 -34260.000 -40531.468  18.3%  4529 1981s
    31    64 -40505.131    5 12132 -34260.000 -40524.539  18.3%  9547 2287s
    63    96 -40499.868    6 12125 -34260.000 -40520.862  18.3% 30405 2496s
    95   128 -40497.868    6 12105 -34260.000 -40520.515  18.3% 20972 3473s
   127   160 -40490.350    7 12095 -34260.000 -40520.515  18.3% 16349 3491s
   159   192 -40488.437    7 12067 -34260.000 -40520.515  18.3% 13605 3511s
H  166   192                    -34268.00000 -40520.515  18.2% 13153 3511s
   191   256 -40486.902    8 12065 -34268.000 -40520.515  18.2% 11707 3536s
H  255   293                    -34296.00000 -40520.515  18.1%  9255 3613s
   292   352 -40477.824    9 12035 -34296.000 -40520.515  18.1%  8363 3639s
H  351   405                    -34312.00000 -40520.515  18.1%  7288 3669s
H  382   405                    -34314.00000 -40520.515  18.1%  6876 3669s
   404   482 -40460.986   11 12047 -34314.000 -40520.515  18.1%  6591 3693s
   481   533 -40451.599   12 11993 -34314.000 -40520.515  18.1%  5821 3720s
H  483   533                    -34316.00000 -40520.515  18.1%  5804 3720s
H  487   533                    -34322.00000 -40520.515  18.1%  5783 3720s
   532   598 -40449.599   12 11984 -34322.000 -40520.515  18.1%  5436 3747s
H  597   653                    -34328.00000 -40520.515  18.0%  5064 3784s
   652   729 -40434.706   14 12021 -34328.000 -40520.515  18.0%  4818 3807s
   728   796 -40427.245   15 11999 -34328.000 -40520.515  18.0%  4501 3837s
H  764   796                    -34330.00000 -40520.515  18.0%  4376 3837s
   795   876 -40415.218   16 11975 -34330.000 -40520.515  18.0%  4269 3864s
   875   953 -40411.996   17 11996 -34330.000 -40520.515  18.0%  4051 3887s
   952  1031 -40401.494   18 12002 -34330.000 -40520.515  18.0%  3883 3914s
  1030  1091 -40385.846   20 12025 -34330.000 -40520.515  18.0%  3759 3966s
H 1032  1091                    -34338.00000 -40520.515  18.0%  3755 3966s
H 1041  1091                    -34340.00000 -40520.515  18.0%  3741 3966s
H 1061  1091                    -34346.00000 -40520.515  18.0%  3699 3966s
H 1085  1091                    -34352.00000 -40520.515  18.0%  3652 3966s
  1090  1189 -40384.182   20 11977 -34352.000 -40520.515  18.0%  3646 3997s
H 1188  1276                    -34358.00000 -40520.515  17.9%  3485 4028s
H 1207  1276                    -34362.00000 -40520.515  17.9%  3464 4028s
H 1221  1276                    -34366.00000 -40520.515  17.9%  3444 4028s
  1275  1387 -40369.389   22 12018 -34366.000 -40520.515  17.9%  3359 4060s
H 1386  1481                    -34368.00000 -40520.515  17.9%  3224 4096s
  1480  1605 -40356.102   24 11983 -34368.000 -40520.515  17.9%  3131 4125s
  1604  1735 -40351.783   25 11975 -34368.000 -40520.515  17.9%  3015 4161s
H 1638  1735                    -34370.00000 -40520.515  17.9%  2993 4161s
  1734  1886 -40343.709   27 11909 -34370.000 -40520.515  17.9%  2911 4202s
H 1885  2009                    -34376.00000 -40520.515  17.9%  2803 4241s
H 1892  2009                    -34378.00000 -40520.515  17.9%  2806 4241s
H 1893  2009                    -34382.00000 -40520.515  17.9%  2807 4241s
  2008  2189 -40329.374   29 11910 -34382.000 -40520.515  17.9%  2722 4277s
H 2188  2341                    -34396.00000 -40520.515  17.8%  2611 4315s
H 2272  2341                    -34398.00000 -40520.515  17.8%  2569 4315s
  2340  2557 -40315.821   31 11866 -34398.000 -40520.515  17.8%  2531 4354s
H 2556  2752                    -34402.00000 -40520.515  17.8%  2425 4398s
H 2560  2752                    -34410.00000 -40520.515  17.8%  2427 4398s
  2751  3019 -40296.782   33 11878 -34410.000 -40520.515  17.8%  2346 4439s
H 3018  3257                    -34412.00000 -40520.515  17.8%  2239 4479s
H 3191  3257                    -34414.00000 -40520.515  17.7%  2183 4479s
  3256  3628 -40262.606   37 11852 -34414.000 -40520.515  17.7%  2161 4518s
H 3287  3628                    -34420.00000 -40520.515  17.7%  2159 4518s
  3627  4041 -40253.109   38 11822 -34420.000 -40520.515  17.7%  2036 4556s
  4040  4541 -40242.486   40 11788 -34420.000 -40520.515  17.7%  1920 4599s
H 4080  4541                    -34428.00000 -40520.515  17.7%  1919 4599s
H 4118  4541                    -34430.00000 -40520.515  17.7%  1908 4599s
  4540  5134 -40232.111   41 11821 -34430.000 -40520.515  17.7%  1797 4638s
H 4579  5134                    -34432.00000 -40520.515  17.7%  1797 4638s
H 4652  5134                    -34436.00000 -40520.515  17.7%  1778 4638s
  5133  5809 -40227.005   42 11810 -34436.000 -40520.515  17.7%  1671 4675s
  5808  6608 -40220.008   43 11815 -34436.000 -40520.515  17.7%  1544 4715s
  6607  7503 -40208.232   44 11814 -34436.000 -40520.515  17.7%  1419 4755s
  7502  8524 -40199.493   45 11803 -34436.000 -40520.515  17.7%  1301 4785s
  8523  9695 -40193.860   46 11840 -34436.000 -40520.515  17.7%  1191 4821s
  9694 11012 -40178.401   48 11842 -34436.000 -40520.515  17.7%  1083 4849s
 11011 12487 -40162.504   50 11842 -34436.000 -40520.515  17.7%   985 4881s
H12417 12487                    -34438.00000 -40520.515  17.7%   897 4881s
 12486 14173 -40159.595   51 11866 -34438.000 -40520.515  17.7%   893 4905s
 14172 16064 -40151.595   52 11865 -34438.000 -40520.515  17.7%   812 4934s
 16064 16065 -40328.420   29 12612 -34438.000 -40520.515  17.7%   736 5190s
 16066 16066 -39810.390  100 5385 -34438.000 -40520.515  17.7%   736 5199s
 16067 16067 -37701.327  423 6521 -34438.000 -40520.515  17.7%   736 5200s
 16071 16070 -37098.328  540 9260 -34438.000 -40493.597  17.6%   736 5211s
 16072 16070 -38028.493  375 10104 -34438.000 -39946.951  16.0%   736 5236s
 16073 16071 -37200.508  532 10928 -34438.000 -39609.477  15.0%   736 5301s
 16074 16072 -39066.247  223 11690 -34438.000 -39412.604  14.4%   736 5406s
 16075 16072 -39300.515   88 12589 -34438.000 -39300.515  14.1%   736 5565s
 16076 16073 -37389.158  499 13181 -34438.000 -39231.266  13.9%   736 5768s
 16077 16074 -39194.526  196 13522 -34438.000 -39194.526  13.8%   736 5937s
 16078 16074 -39135.694   25 13870 -34438.000 -39135.694  13.6%   736 6095s
 16079 16075 -36472.806  633 14211 -34438.000 -39031.726  13.3%   735 6366s
 16080 16076 -38232.602  346 14487 -34438.000 -38918.002  13.0%   735 6540s
 16081 16076 -38813.869   47 14755 -34438.000 -38813.869  12.7%   735 6834s
 16082 16077 -36389.990  651 14973 -34438.000 -38813.869  12.7%   735 7043s
 16083 16078 -38757.851  243 15305 -34438.000 -38757.851  12.5%   735 7319s
 16084 16078 -37527.586  463 15534 -34438.000 -38728.977  12.5%   735 7551s
 16085 16079 -36688.773  618 15816 -34438.000 -38728.977  12.5%   735 7692s
 16086 16080 -38728.977  187 16067 -34438.000 -38728.977  12.5%   735 7798s
 16087 16080 -38728.977  102 16259 -34438.000 -38728.977  12.5%   735 7865s
 16088 16081 -37963.074  387 16379 -34438.000 -38728.977  12.5%   735 7907s
 16089 16082 -38199.894  353 16440 -34438.000 -38728.977  12.5%   735 7934s
 16090 16082 -37103.326  531 16560 -34438.000 -38728.977  12.5%   735 7950s
 16091 16083 -38728.977  187 16598 -34438.000 -38728.977  12.5%   735 7963s
 16092 16084 -37329.219  486 16605 -34438.000 -38728.977  12.5%   735 7974s
 16093 16084 -37612.305  448 16631 -34438.000 -38728.977  12.5%   735 7979s
 16094 16085 -37347.973  500 16652 -34438.000 -38728.977  12.5%   735 7983s
 16095 16086 -36443.997  644 16677 -34438.000 -38728.977  12.5%   735 7986s
 16096 16086 -38728.977   34 16697 -34438.000 -38728.977  12.5%   735 7992s

Cutting planes:
  Gomory: 125
  MIR: 850
  Flow cover: 5212
  Zero half: 4587
  Mod-K: 2
  RLT: 983
  BQP: 1467

Explored 16096 nodes (13529736 simplex iterations) in 8192.34 seconds (8567.07 work units)
Thread count was 32 (of 72 available processors)

Solution count 10: -34438 -34436 -34432 ... -34402

Time limit reached
Best objective -3.443800000000e+04, best bound -3.872800000000e+04, gap 12.4572%

User-callback calls 1465897, time in user-callback 29.79 sec

BQP_SOLUTION, 5387, 25225, -12390.000000, 8192.466450, -1, -1, 1, -1, -1, 1, -1, 1, -1, 1, 1, -1, 1, 1, 1, 1, 1, 1, 1, -1, 1, -1, 1, -1, 1, 1, -1, 1, 1, 1, 1, -1, 1, 1, -1, 1, -1, 1, -1, 1, 1, -1, 1, 1, 1, -1, -1, 1, -1, 1, 1, -1, 1, -1, 1, -1, -1, -1, 1, -1, 1, -1, -1, 1, -1, 1, 1, 1, -1, 1, 1, 1, -1, 1, 1, 1, -1, 1, 1, -1, 1, -1, 1, -1, 1, 1, -1, -1, -1, -1, 1, -1, 1, 1, -1, 1, -1, -1, -1, 1, 1, -1, -1, -1, 1, 1, -1, 1, -1, -1, 1, -1, 1, -1, 1, 1, -1, -1, -1, -1, -1, -1, -1, 1, -1, 1, 1, -1, 1, -1, 1, 1, -1, -1, -1, 1, 1, -1, 1, -1, 1, -1, -1, 1, -1, 1, 1, -1, -1, 1, 1, -1, 1, 1, -1, 1, -1, 1, -1, -1, 1, 1, -1, -1, 1, 1, -1, -1, 1, -1, 1, -1, -1, -1, -1, 1, 1, -1, -1, 1, 1, 1, -1, -1, 1, 1, 1, 1, 1, 1, 1, -1, -1, 1, 1, -1, 1, -1, 1, -1, 1, -1, 1, -1, 1, 1, -1, -1, 1, -1, 1, -1, 1, -1, -1, 1, -1, 1, -1, 1, 1, -1, -1, -1, 1, 1, 1, 1, -1, 1, 1, -1, 1, -1, 1, 1, -1, -1, 1, 1, 1, -1, 1, -1, -1, 1, 1, -1, -1, 1, -1, 1, -1, 1, 1, 1, 1, 1, -1, -1, 1, -1, 1, -1, -1, 1, 1, -1, -1, -1, -1, 1, -1, 1, -1, 1, 1, -1, -1, 1, -1, 1, 1, -1, 1, -1, -1, 1, -1, -1, 1, -1, 1, -1, -1, 1, 1, -1, -1, 1, 1, -1, 1, 1, -1, -1, 1, -1, -1, -1, 1, 1, 1, -1, 1, -1, -1, 1, -1, -1, -1, 1, 1, 1, 1, -1, 1, -1, -1, 1, -1, 1, -1, 1, 1, 1, 1, -1, -1, 1, 1, 1, 1, -1, 1, -1, -1, -1, 1, 1, -1, 1, 1, -1, 1, -1, 1, 1, -1, 1, -1, -1, 1, 1, 1, 1, 1, 1, -1, 1, -1, 1, -1, 1, 1, -1, 1, 1, 1, 1, 1, 1, -1, -1, 1, -1, 1, -1, 1, 1, 1, -1, -1, 1, 1, 1, 1, -1, 1, 1, -1, 1, -1, -1, 1, -1, -1, -1, 1, 1, 1, 1, 1, 1, -1, -1, 1, -1, 1, 1, -1, -1, -1, 1, 1, 1, -1, 1, 1, 1, -1, 1, -1, -1, 1, 1, -1, -1, 1, 1, 1, -1, 1, -1, 1, -1, 1, 1, -1, 1, -1, -1, 1, 1, 1, 1, 1, 1, -1, 1, -1, 1, -1, -1, 1, 1, -1, -1, 1, 1, 1, -1, 1, -1, 1, -1, -1, -1, -1, 1, 1, -1, 1, 1, 1, -1, 1, -1, 1, 1, -1, 1, -1, 1, 1, -1, -1, -1, 1, 1, -1, -1, -1, 1, 1, -1, 1, -1, 1, -1, 1, 1, -1, 1, 1, -1, 1, -1, 1, -1, -1, -1, 1, 1, 1, 1, -1, 1, 1, 1, -1, 1, -1, 1, 1, -1, -1, -1, 1, 1, -1, -1, 1, 1, 1, -1, 1, -1, 1, -1, 1, -1, 1, -1, 1, -1, -1, 1, 1, -1, 1, 1, 1, 1, -1, -1, -1, 1, 1, -1, 1, 1, 1, 1, 1, 1, -1, -1, 1, -1, -1, -1, 1, 1, 1, 1, 1, -1, 1, -1, -1, 1, -1, 1, -1, -1, -1, 1, -1, 1, -1, 1, -1, 1, 1, -1, 1, -1, 1, -1, -1, -1, 1, 1, 1, 1, -1, 1, 1, 1, -1, -1, 1, 1, -1, -1, -1, 1, -1, 1, -1, 1, -1, -1, 1, 1, -1, 1, 1, -1, 1, -1, 1, -1, 1, 1, 1, 1, -1, 1, 1, -1, -1, 1, 1, -1, -1, 1, 1, 1, 1, -1, 1, -1, 1, 1, -1, -1, 1, 1, -1, -1, -1, 1, 1, 1, 1, -1, 1, -1, 1, -1, -1, 1, -1, -1, -1, -1, 1, 1, -1, 1, -1, -1, 1, 1, 1, 1, 1, -1, 1, -1, 1, 1, -1, 1, 1, -1, 1, 1, 1, -1, 1, -1, 1, 1, -1, -1, 1, 1, 1, -1, -1, 1, 1, -1, 1, -1, 1, -1, -1, -1, 1, -1, -1, -1, 1, -1, -1, 1, 1, 1, -1, 1, -1, -1, -1, 1, -1, -1, 1, -1, -1, -1, 1, -1, 1, 1, -1, 1, -1, -1, 1, 1, -1, 1, 1, -1, 1, -1, 1, -1, 1, -1, 1, -1, 1, 1, 1, -1, 1, 1, -1, -1, 1, 1, -1, -1, 1, -1, -1, -1, 1, 1, 1, -1, 1, -1, -1, 1, 1, -1, 1, -1, -1, 1, -1, 1, 1, -1, 1, 1, -1, -1, 1, 1, 1, -1, 1, -1, -1, -1, 1, 1, -1, -1, 1, -1, -1, 1, 1, -1, 1, -1, 1, -1, -1, 1, 1, -1, -1, 1, -1, 1, -1, 1, 1, -1, 1, -1, -1, 1, -1, 1, 1, -1, 1, -1, -1, -1, 1, 1, 1, 1, -1, 1, 1, 1, 1, 1, 1, -1, -1, 1, -1, 1, 1, -1, 1, -1, -1, -1, -1, 1, -1, -1, -1, -1, 1, -1, 1, 1, -1, 1, -1, -1, -1, 1, 1, -1, 1, 1, -1, -1, 1, 1, 1, 1, -1, -1, -1, -1, 1, 1, -1, 1, -1, -1, 1, -1, 1, 1, 1, -1, -1, -1, 1, 1, 1, 1, -1, -1, 1, 1, -1, 1, -1, 1, -1, -1, -1, 1, -1, 1, 1, 1, -1, 1, -1, 1, 1, -1, -1, 1, -1, -1, 1, -1, 1, 1, -1, -1, -1, 1, -1, 1, 1, -1, 1, -1, 1, 1, 1, 1, -1, -1, -1, 1, 1, -1, 1, -1, 1, 1, -1, -1, -1, 1, -1, -1, 1, -1, -1, 1, -1, 1, -1, -1, 1, 1, -1, 1, 1, -1, 1, 1, -1, -1, 1, -1, 1, -1, 1, 1, -1, 1, -1, 1, -1, -1, 1, -1, -1, 1, -1, 1, -1, 1, 1, -1, 1, 1, 1, 1, -1, 1, -1, -1, 1, -1, 1, -1, -1, 1, 1, -1, 1, -1, 1, -1, 1, -1, -1, 1, 1, 1, -1, -1, 1, 1, 1, 1, -1, -1, -1, 1, -1, -1, 1, -1, 1, -1, -1, 1, -1, -1, 1, 1, 1, 1, 1, -1, 1, 1, -1, 1, -1, 1, 1, -1, 1, 1, 1, -1, 1, 1, -1, 1, 1, -1, -1, -1, 1, 1, -1, 1, 1, 1, -1, -1, 1, -1, -1, 1, 1, -1, -1, 1, 1, 1, 1, 1, -1, -1, -1, 1, -1, -1, -1, 1, -1, -1, 1, 1, 1, 1, 1, 1, -1, -1, 1, -1, -1, -1, 1, -1, -1, -1, 1, 1, 1, 1, -1, -1, 1, -1, 1, -1, 1, 1, -1, -1, 1, -1, 1, 1, 1, -1, -1, 1, -1, 1, 1, 1, -1, -1, -1, -1, -1, 1, 1, 1, -1, -1, 1, 1, 1, -1, 1, -1, -1, -1, 1, -1, -1, 1, 1, -1, 1, 1, 1, -1, -1, 1, 1, -1, -1, -1, 1, -1, -1, 1, 1, -1, -1, 1, 1, -1, 1, -1, -1, -1, 1, -1, 1, 1, 1, 1, -1, -1, 1, 1, 1, 1, -1, -1, -1, -1, 1, -1, 1, 1, 1, 1, -1, 1, 1, -1, 1, 1, -1, -1, -1, 1, -1, -1, -1, 1, -1, 1, 1, 1, -1, -1, -1, -1, -1, 1, 1, 1, -1, 1, -1, -1, 1, -1, -1, 1, -1, 1, -1, 1, -1, -1, -1, 1, -1, -1, 1, -1, 1, -1, -1, 1, -1, -1, -1, -1, 1, -1, 1, -1, 1, -1, 1, 1, -1, -1, -1, 1, -1, -1, -1, -1, -1, 1, 1, -1, 1, -1, 1, -1, -1, 1, -1, -1, -1, -1, -1, -1, 1, 1, 1, -1, 1, 1, -1, -1, -1, 1, 1, -1, -1, 1, -1, 1, 1, 1, 1, -1, 1, -1, -1, -1, -1, 1, -1, 1, -1, 1, -1, 1, -1, -1, 1, 1, -1, -1, -1, -1, -1, -1, -1, -1, -1, 1, 1, 1, -1, 1, -1, 1, -1, -1, -1, -1, -1, -1, -1, -1, -1, 1, 1, 1, -1, -1, 1, 1, -1, -1, 1, -1, 1, 1, -1, -1, 1, -1, 1, 1, 1, 1, -1, -1, 1, 1, -1, -1, -1, -1, -1, 1, 1, 1, -1, 1, 1, -1, -1, -1, 1, -1, -1, -1, 1, -1, 1, 1, -1, 1, 1, -1, -1, -1, 1, -1, 1, -1, 1, -1, -1, 1, 1, 1, 1, -1, -1, -1, 1, 1, 1, -1, -1, -1, 1, 1, 1, 1, -1, 1, -1, 1, -1, 1, -1, 1, 1, -1, 1, -1, -1, 1, 1, 1, -1, 1, 1, -1, -1, 1, -1, -1, -1, -1, -1, 1, 1, -1, 1, 1, 1, 1, -1, 1, -1, 1, -1, 1, -1, 1, 1, 1, 1, -1, 1, -1, -1, -1, -1, 1, 1, -1, -1, 1, -1, -1, 1, -1, 1, 1, 1, -1, 1, -1, 1, 1, -1, 1, -1, 1, -1, 1, -1, 1, 1, 1, 1, -1, -1, 1, -1, -1, 1, -1, -1, -1, 1, -1, 1, 1, 1, 1, -1, -1, 1, -1, -1, 1, -1, -1, -1, -1, -1, 1, 1, 1, -1, -1, -1, -1, -1, 1, -1, -1, -1, 1, 1, -1, -1, 1, 1, 1, -1, 1, 1, 1, -1, 1, 1, -1, -1, 1, -1, -1, 1, 1, 1, -1, -1, -1, 1, -1, 1, -1, -1, 1, -1, -1, 1, 1, 1, -1, -1, -1, 1, -1, 1, -1, 1, -1, 1, 1, -1, 1, 1, 1, -1, 1, 1, -1, 1, -1, 1, -1, -1, 1, 1, -1, 1, 1, 1, 1, 1, 1, 1, -1, 1, -1, 1, 1, 1, -1, -1, 1, 1, 1, 1, -1, -1, 1, 1, -1, 1, -1, 1, 1, 1, -1, 1, 1, 1, 1, -1, 1, -1, 1, -1, 1, -1, 1, 1, 1, -1, -1, 1, 1, 1, -1, -1, 1, -1, 1, 1, 1, 1, 1, -1, -1, 1, -1, 1, 1, 1, 1, 1, 1, -1, 1, -1, 1, 1, 1, -1, 1, 1, 1, 1, 1, -1, 1, 1, 1, -1, 1, 1, -1, 1, 1, 1, -1, 1, 1, 1, -1, 1, 1, -1, -1, 1, 1, 1, 1, 1, -1, 1, 1, 1, 1, -1, 1, -1, 1, 1, 1, 1, 1, 1, 1, -1, 1, 1, 1, 1, 1, 1, 1, -1, -1, 1, 1, 1, 1, -1, 1, 1, -1, 1, 1, -1, 1, 1, -1, -1, 1, 1, 1, 1, -1, 1, 1, 1, 1, 1, -1, 1, 1, -1, 1, -1, 1, 1, -1, -1, 1, 1, 1, 1, -1, 1, 1, 1, -1, 1, 1, 1, 1, 1, 1, 1, 1, 1, 1, 1, -1, 1, 1, -1, 1, 1, -1, 1, 1, 1, 1, -1, -1, 1, 1, 1, 1, 1, -1, 1, -1, 1, 1, -1, 1, 1, 1, 1, 1, 1, -1, 1, 1, -1, -1, 1, 1, 1, 1, 1, 1, 1, -1, 1, 1, 1, -1, 1, -1, -1, 1, 1, 1, 1, 1, 1, 1, -1, 1, 1, -1, -1, 1, 1, -1, -1, 1, -1, 1, 1, 1, 1, -1, 1, 1, -1, 1, -1, 1, -1, 1, 1, -1, 1, -1, 1, 1, -1, -1, 1, -1, -1, 1, 1, -1, 1, 1, -1, 1, 1, 1, 1, -1, 1, 1, -1, -1, 1, 1, -1, 1, 1, 1, 1, 1, 1, 1, -1, 1, 1, 1, -1, 1, 1, -1, 1, 1, 1, -1, 1, 1, -1, 1, 1, 1, -1, 1, -1, 1, -1, -1, 1, 1, 1, 1, -1, 1, -1, 1, 1, -1, -1, 1, -1, -1, -1, 1, -1, 1, 1, 1, -1, 1, -1, -1, -1, 1, 1, -1, 1, -1, -1, 1, 1, 1, 1, -1, 1, 1, -1, -1, 1, -1, 1, 1, 1, -1, -1, 1, 1, -1, 1, 1, 1, -1, 1, -1, 1, -1, 1, 1, 1, -1, 1, 1, 1, -1, -1, 1, -1, -1, -1, 1, -1, -1, 1, 1, 1, -1, -1, 1, -1, 1, -1, 1, -1, 1, 1, -1, 1, 1, -1, 1, 1, -1, 1, -1, -1, 1, 1, -1, 1, -1, -1, 1, 1, 1, 1, 1, 1, 1, -1, -1, 1, -1, -1, -1, 1, 1, -1, 1, 1, -1, 1, 1, 1, -1, -1, 1, 1, -1, -1, 1, -1, -1, -1, 1, 1, 1, -1, 1, 1, -1, 1, 1, -1, -1, -1, 1, 1, -1, 1, 1, 1, -1, 1, -1, -1, -1, 1, -1, -1, -1, -1, 1, -1, 1, 1, 1, 1, -1, -1, -1, -1, 1, -1, -1, -1, -1, 1, -1, 1, 1, 1, 1, -1, -1, 1, 1, 1, -1, -1, -1, 1, -1, 1, 1, 1, 1, -1, 1, -1, -1, 1, 1, -1, -1, -1, 1, -1, 1, -1, 1, 1, -1, 1, -1, -1, 1, 1, 1, -1, -1, 1, -1, 1, 1, 1, 1, -1, -1, -1, 1, 1, 1, 1, -1, -1, 1, -1, -1, 1, 1, 1, -1, 1, -1, -1, 1, 1, 1, 1, -1, 1, -1, -1, 1, 1, -1, 1, 1, -1, 1, -1, 1, 1, -1, 1, -1, 1, -1, 1, 1, -1, -1, -1, -1, -1, -1, 1, 1, -1, -1, 1, 1, -1, 1, 1, -1, -1, 1, -1, -1, 1, 1, -1, 1, -1, 1, 1, -1, 1, 1, 1, -1, -1, -1, -1, -1, 1, 1, 1, 1, 1, 1, -1, 1, 1, 1, -1, -1, -1, -1, -1, 1, 1, 1, -1, -1, 1, -1, 1, 1, 1, -1, 1, -1, 1, -1, 1, 1, 1, -1, -1, 1, -1, 1, -1, -1, -1, -1, -1, -1, -1, 1, 1, 1, -1, 1, 1, 1, 1, 1, -1, -1, -1, 1, -1, 1, 1, 1, 1, -1, 1, 1, -1, 1, -1, -1, -1, -1, 1, -1, -1, 1, 1, -1, -1, 1, -1, -1, 1, -1, -1, -1, -1, 1, -1, -1, -1, 1, 1, -1, 1, -1, 1, 1, -1, -1, -1, -1, 1, -1, -1, 1, 1, 1, -1, 1, 1, -1, 1, -1, -1, -1, -1, 1, -1, -1, 1, 1, 1, 1, -1, 1, -1, 1, 1, -1, -1, 1, 1, 1, -1, 1, 1, 1, -1, 1, 1, -1, 1, 1, -1, -1, -1, 1, 1, -1, 1, 1, 1, -1, -1, 1, -1, 1, 1, -1, -1, -1, 1, -1, -1, 1, 1, 1, -1, -1, 1, 1, -1, -1, 1, -1, 1, -1, 1, -1, -1, 1, 1, -1, 1, -1, 1, -1, 1, -1, -1, -1, -1, 1, -1, -1, 1, 1, -1, -1, -1, 1, 1, -1, 1, -1, 1, -1, 1, -1, 1, 1, 1, -1, -1, -1, 1, -1, -1, 1, -1, -1, 1, -1, 1, -1, 1, 1, 1, -1, -1, 1, -1, 1, -1, -1, 1, 1, -1, -1, 1, 1, 1, -1, -1, 1, 1, -1, 1, -1, -1, 1, -1, -1, 1, 1, 1, 1, -1, -1, 1, 1, -1, 1, -1, -1, 1, -1, -1, -1, 1, 1, 1, -1, -1, 1, 1, -1, 1, 1, -1, 1, -1, -1, 1, 1, -1, 1, -1, 1, 1, 1, -1, 1, -1, -1, 1, -1, -1, -1, 1, 1, -1, -1, -1, 1, 1, -1, -1, 1, -1, 1, -1, -1, -1, 1, 1, 1, -1, -1, 1, 1, 1, 1, -1, 1, 1, 1, -1, -1, 1, 1, 1, 1, -1, 1, 1, -1, -1, 1, -1, -1, -1, -1, -1, 1, -1, 1, -1, -1, 1, 1, -1, 1, 1, -1, 1, 1, -1, -1, -1, 1, -1, 1, -1, 1, 1, -1, -1, 1, -1, 1, 1, 1, -1, -1, 1, 1, 1, -1, -1, 1, 1, -1, 1, -1, 1, 1, -1, -1, 1, 1, 1, 1, -1, 1, 1, 1, -1, 1, -1, -1, 1, -1, -1, 1, 1, 1, 1, -1, 1, 1, 1, -1, -1, 1, 1, -1, 1, 1, 1, 1, 1, 1, -1, -1, 1, 1, -1, -1, 1, -1, 1, 1, -1, 1, -1, 1, -1, -1, -1, 1, 1, -1, -1, 1, -1, -1, -1, 1, 1, -1, 1, -1, -1, -1, 1, 1, -1, -1, 1, -1, 1, 1, 1, 1, -1, 1, 1, -1, -1, -1, -1, 1, 1, -1, 1, -1, -1, 1, -1, 1, 1, -1, 1, -1, 1, -1, -1, 1, -1, 1, 1, 1, 1, -1, 1, 1, -1, -1, 1, 1, -1, -1, 1, -1, -1, 1, -1, 1, -1, 1, 1, -1, 1, 1, 1, 1, 1, 1, -1, -1, 1, -1, 1, -1, -1, 1, -1, -1, 1, 1, 1, -1, 1, 1, -1, 1, 1, 1, 1, -1, 1, -1, 1, -1, 1, 1, 1, 1, -1, -1, 1, -1, 1, 1, 1, 1, 1, -1, 1, 1, 1, -1, 1, 1, -1, 1, 1, 1, 1, -1, 1, 1, -1, 1, 1, 1, 1, 1, 1, -1, 1, -1, -1, 1, -1, 1, -1, -1, -1, 1, 1, -1, 1, 1, 1, 1, -1, 1, -1, 1, -1, 1, -1, 1, 1, 1, 1, 1, 1, -1, 1, -1, 1, -1, -1, 1, -1, -1, 1, 1, 1, -1, 1, 1, 1, -1, -1, 1, -1, -1, -1, -1, 1, 1, -1, 1, 1, 1, 1, -1, 1, -1, -1, 1, 1, -1, -1, -1, 1, 1, -1, 1, -1, 1, -1, -1, 1, -1, 1, -1, 1, -1, -1, 1, 1, 1, 1, 1, 1, -1, 1, -1, 1, -1, 1, -1, -1, 1, 1, 1, 1, 1, 1, 1, -1, -1, 1, -1, 1, -1, -1, 1, -1, 1, 1, -1, 1, -1, 1, 1, -1, 1, -1, -1, -1, -1, 1, -1, 1, 1, 1, 1, -1, 1, -1, -1, 1, -1, -1, 1, -1, -1, 1, 1, 1, 1, 1, -1, 1, 1, 1, -1, -1, 1, -1, -1, -1, -1, -1, 1, 1, 1, -1, 1, 1, -1, 1, 1, -1, -1, -1, -1, -1, 1, -1, -1, -1, -1, 1, -1, -1, 1, 1, -1, -1, -1, -1, -1, 1, 1, 1, -1, 1, -1, -1, 1, 1, -1, 1, -1, -1, 1, -1, 1, 1, -1, -1, -1, 1, -1, -1, 1, -1, 1, -1, 1, -1, -1, -1, 1, 1, -1, 1, -1, -1, 1, 1, 1, 1, -1, -1, -1, -1, 1, -1, 1, 1, 1, 1, -1, 1, 1, 1, -1, -1, -1, -1, 1, -1, -1, 1, -1, 1, -1, 1, 1, -1, 1, -1, -1, -1, 1, 1, -1, -1, 1, -1, 1, 1, -1, 1, 1, -1, -1, -1, -1, -1, -1, 1, -1, -1, -1, 1, 1, 1, 1, -1, 1, -1, -1, -1, 1, 1, 1, -1, -1, -1, 1, -1, 1, 1, -1, -1, -1, -1, 1, -1, 1, 1, -1, -1, 1, 1, -1, 1, 1, 1, -1, -1, -1, -1, -1, 1, 1, -1, -1, -1, 1, 1, 1, 1, 1, -1, -1, -1, -1, -1, 1, 1, -1, -1, -1, -1, 1, 1, -1, 1, -1, -1, -1, 1, -1, 1, 1, 1, -1, 1, -1, -1, 1, 1, 1, -1, -1, -1, -1, 1, 1, 1, -1, -1, 1, -1, 1, 1, 1, -1, 1, -1, 1, 1, 1, 1, -1, 1, 1, -1, -1, 1, -1, 1, -1, 1, -1, -1, 1, 1, 1, 1, -1, -1, 1, 1, -1, 1, 1, -1, -1, -1, -1, 1, 1, -1, 1, -1, 1, -1, 1, 1, 1, 1, -1, 1, -1, 1, 1, 1, 1, -1, 1, -1, -1, 1, -1, 1, 1, -1, -1, -1, 1, 1, 1, -1, 1, -1, -1, 1, -1, 1, 1, 1, -1, 1, -1, -1, 1, 1, 1, -1, 1, 1, -1, -1, -1, 1, -1, 1, -1, -1, -1, 1, 1, 1, -1, 1, -1, -1, -1, 1, 1, -1, 1, -1, 1, -1, 1, -1, -1, 1, 1, 1, -1, -1, 1, -1, 1, -1, 1, -1, 1, 1, 1, -1, 1, 1, 1, -1, -1, 1, -1, 1, -1, -1, -1, -1, 1, 1, -1, 1, 1, 1, -1, -1, 1, -1, 1, -1, 1, -1, -1, 1, 1, -1, 1, 1, 1, -1, 1, 1, -1, 1, 1, 1, -1, -1, 1, 1, -1, 1, 1, 1, -1, 1, -1, -1, 1, -1, -1, -1, -1, 1, -1, 1, -1, 1, -1, 1, 1, -1, 1, 1, -1, -1, -1, 1, 1, 1, 1, 1, -1, 1, -1, 1, -1, -1, 1, 1, 1, -1, -1, 1, 1, 1, -1, 1, -1, -1, 1, 1, 1, 1, -1, 1, -1, -1, 1, 1, 1, 1, 1, 1, -1, -1, -1, -1, 1, 1, -1, -1, -1, -1, 1, -1, 1, 1, 1, -1, -1, 1, -1, 1, 1, -1, -1, -1, 1, 1, 1, 1, -1, 1, -1, 1, 1, -1, -1, 1, 1, 1, -1, 1, 1, 1, 1, -1, 1, -1, -1, 1, -1, 1, 1, 1, -1, -1, 1, 1, 1, 1, 1, 1, -1, 1, 1, -1, -1, 1, 1, -1, -1, -1, 1, 1, 1, 1, -1, -1, -1, 1, 1, -1, 1, 1, 1, -1, -1, 1, 1, 1, 1, -1, -1, -1, -1, 1, -1, 1, 1, 1, -1, -1, 1, 1, 1, -1, 1, -1, -1, -1, 1, 1, 1, 1, -1, -1, -1, 1, 1, 1, -1, 1, -1, -1, 1, 1, 1, 1, 1, -1, -1, -1, 1, 1, 1, 1, -1, -1, -1, 1, -1, -1, 1, 1, -1, -1, -1, 1, 1, 1, -1, -1, -1, -1, -1, 1, -1, 1, 1, 1, 1, 1, 1, 1, 1, -1, 1, -1, 1, 1, 1, 1, 1, 1, -1, -1, -1, 1, 1, 1, -1, 1, -1, 1, -1, 1, -1, 1, 1, -1, -1, -1, 1, -1, 1, -1, 1, -1, -1, 1, 1, -1, 1, 1, -1, -1, -1, 1, 1, 1, -1, -1, 1, -1, -1, 1, -1, 1, 1, 1, -1, -1, -1, 1, 1, -1, -1, -1, -1, -1, 1, -1, 1, -1, 1, -1, -1, -1, 1, 1, -1, -1, -1, 1, -1, 1, 1, -1, 1, -1, 1, -1, -1, 1, 1, 1, -1, -1, -1, -1, -1, -1, 1, 1, 1, -1, 1, -1, 1, 1, 1, 1, 1, -1, 1, 1, -1, 1, 1, 1, 1, -1, -1, 1, 1, -1, -1, 1, 1, -1, -1, 1, 1, 1, 1, 1, -1, -1, 1, -1, 1, -1, 1, -1, -1, -1, 1, 1, -1, 1, -1, -1, -1, 1, -1, -1, 1, -1, 1, -1, 1, 1, 1, -1, 1, -1, -1, 1, -1, 1, -1, 1, -1, -1, -1, 1, 1, 1, 1, 1, -1, -1, 1, -1, 1, -1, 1, -1, -1, 1, -1, 1, -1, -1, 1, -1, -1, -1, 1, 1, -1, 1, 1, -1, -1, 1, 1, -1, 1, 1, -1, -1, -1, -1, 1, -1, 1, -1, 1, -1, 1, 1, 1, -1, 1, -1, -1, 1, -1, 1, 1, -1, 1, -1, 1, 1, -1, 1, -1, 1, 1, -1, -1, -1, 1, -1, 1, -1, -1, 1, 1, 1, -1, 1, 1, 1, -1, -1, -1, 1, 1, -1, 1, -1, -1, -1, 1, 1, -1, 1, 1, -1, -1, -1, 1, -1, 1, 1, 1, -1, 1, 1, -1, 1, 1, -1, -1, -1, 1, 1, 1, -1, 1, -1, 1, 1, 1, 1, -1, -1, 1, -1, -1, -1, 1, -1, -1, 1, 1, 1, 1, 1, -1, -1, 1, 1, -1, -1, -1, -1, 1, -1, 1, -1, 1, 1, 1, 1, -1, 1, 1, -1, -1, -1, 1, -1, -1, 1, -1, 1, 1, 1, -1, 1, 1, 1, -1, -1, 1, 1, -1, -1, 1, -1, 1, 1, 1, -1, -1, 1, 1, -1, -1, -1, -1, 1, 1, 1, -1, 1, 1, -1, 1, -1, 1, 1, -1, -1, 1, -1, 1, -1, -1, 1, 1, 1, 1, 1, 1, 1, 1, -1, 1, -1, 1, -1, -1, 1, -1, 1, 1, -1, 1, -1, -1, 1, -1, -1, 1, -1, -1, -1, 1, 1, 1, 1, 1, 1, -1, -1, 1, -1, -1, -1, -1, 1, 1, -1, 1, 1, 1, -1, 1, -1, 1, 1, 1, -1, 1, -1, -1, -1, 1, 1, 1, 1, 1, -1, -1, -1, -1, -1, -1, -1, -1, 1, 1, 1, -1, 1, 1, 1, -1, 1, -1, 1, -1, -1, 1, 1, 1, 1, 1, -1, -1, 1, 1, 1, -1, -1, 1, 1, -1, -1, -1, 1, 1, -1, 1, -1, 1, -1, 1, -1, -1, 1, 1, -1, -1, 1, 1, 1, -1, 1, 1, 1, -1, 1, -1, -1, 1, -1, -1, 1, -1, 1, 1, -1, 1, 1, 1, -1, 1, -1, 1, 1, -1, -1, 1, 1, 1, 1, 1, -1, 1, 1, 1, 1, -1, 1, 1, -1, -1, 1, 1, 1, 1, -1, 1, 1, 1, -1, 1, -1, -1, 1, -1, 1, -1, 1, 1, 1, 1, 1, 1, 1, 1, -1, -1, -1, -1, 1, -1, -1, -1, -1, 1, 1, -1, 1, 1, -1, 1, 1, -1, 1, -1, -1, -1, 1, 1, -1, 1, -1, -1, 1, -1, -1, -1, -1, 1, -1, -1, -1, 1, 1, -1, 1, -1, -1, 1, 1, 1, -1, 1, -1, 1, -1, -1, 1, 1, -1, -1, 1, 1, -1, 1, 1, -1, -1, -1, 1, 1, -1, 1, 1, 1, -1, 1, -1, 1, 1, -1, 1, -1, 1, 1, -1, -1, 1, 1, -1, -1, -1, -1, -1, 1, 1, -1, 1, -1, 1, -1, -1, -1, 1, 1, -1, 1, -1, -1, 1, 1, -1, -1, -1, 1, 1, -1, 1, -1, 1, -1, -1, -1, 1, 1, 1, 1, -1, 1, -1, 1, -1, 1, -1, -1, 1, -1, -1, 1, 1, 1, -1, -1, 1, -1, 1, -1, -1, 1, -1, 1, -1, -1, 1, -1, 1, 1, -1, 1, 1, 1, -1, 1, -1, -1, -1, -1, -1, 1, 1, 1, 1, -1, 1, 1, 1, -1, -1, -1, -1, -1, 1, -1, -1, 1, -1, 1, -1, 1, -1, 1, -1, -1, -1, -1, -1, 1, 1, 1, 1, 1, 1, -1, 1, 1, 1, 1, -1, -1, -1, -1, 1, -1, -1, -1, 1, -1, 1, -1, 1, 1, -1, -1, 1, -1, -1, 1, -1, -1, 1, 1, 1, 1, 1, 1, 1, 1, -1, 1, -1, -1, 1, -1, -1, 1, 1, -1, 1, -1, 1, 1, 1, 1, -1, 1, -1, 1, -1, -1, 1, 1, 1, 1, -1, 1, 1, 1, -1, -1, 1, 1, 1, 1, -1, -1, 1, -1, 1, -1, 1, 1, -1, -1, -1, 1, -1, 1, 1, 1, 1, -1, 1, 1, 1, -1, 1, 1, -1, -1, -1, 1, 1, -1, 1, -1, -1, 1, 1, 1, -1, 1, 1, -1, 1, 1, 1, 1, -1, 1, 1, -1, 1, 1, 1, 1, 1, 1, -1, 1, 1, 1, 1, -1, -1, 1, -1, 1, 1, -1, -1, 1, 1, 1, 1, 1, -1, 1, 1, 1, 1, -1, -1, 1, 1, -1, 1, 1, -1, 1, -1, 1, 1, 1, -1, 1, -1, 1, 1, 1, 1, 1, 1, -1, -1, 1, 1, -1, -1, 1, 1, -1, -1, 1, 1, -1, 1, 1, -1, -1, 1, 1, -1, 1, 1, 1, -1, -1, 1, 1, -1, 1, 1, -1, -1, 1, 1, 1, 1, 1, 1, 1, -1, 1, -1, -1, 1, -1, -1, -1, 1, 1, -1, 1, 1, -1, 1, -1, 1, 1, -1, 1, 1, -1, -1, 1, 1, 1, 1, 1, 1, 1, 1, 1, 1, -1, -1, 1, 1, -1, 1, 1, 1, 1, -1, 1, 1, -1, -1, 1, -1, -1, 1, 1, -1, -1, 1, -1, 1, -1, 1, 1, 1, -1, -1, -1, -1, -1, -1, 1, 1, -1, 1, -1, -1, 1, 1, -1, 1, -1, -1, 1, -1, -1, 1, 1, -1, 1, -1, 1, 1, 1, -1, 1, -1, -1, 1, -1, -1, -1, 1, 1, 1, -1, 1, -1, 1, 1, -1, 1, -1, -1, 1, 1, -1, 1, 1, 1, -1, 1, -1, 1, -1, -1, 1, -1, 1, -1, 1, 1, 1, -1, 1, -1, 1, -1, 1, -1, 1, -1, -1, -1, -1, 1, -1, -1, 1, 1, 1, 1, 1, 1, -1, -1, 1, -1, 1, -1, 1, -1, -1, 1, 1, 1, -1, 1, 1, -1, 1, 1, 1, -1, -1, 1, 1, -1, 1, 1, -1, 1, 1, 1, 1, -1, -1, 1, -1, -1, 1, 1, -1, 1, 1, 1, 1, 1, -1, 1, -1, 1, -1, -1, 1, 1, -1, 1, 1, 1, -1, 1, 1, 1, -1, -1, 1, -1, -1, 1, 1, -1, 1, 1, 1, -1, -1, 1, -1, -1, 1, 1, 1, -1, 1, 1, -1, 1, 1, 1, -1, 1, 1, -1, -1, 1, 1, -1, -1, 1, -1, 1, 1, 1, -1, 1, -1, 1, -1, -1, 1, -1, -1, -1, 1, -1, 1, 1, 1, -1, -1, 1, 1, -1, -1, 1, 1, -1, -1, 1, -1, 1, 1, -1, -1, 1, -1, 1, -1, -1, 1, 1, -1, 1, -1, 1, 1, 1, 1, -1, 1, 1, 1, -1, -1, 1, 1, -1, -1, 1, 1, 1, 1, 1, -1, 1, 1, 1, -1, 1, -1, 1, -1, -1, 1, 1, 1, 1, -1, 1, -1, 1, -1, -1, 1, 1, -1, -1, 1, 1, 1, 1, 1, 1, -1, 1, 1, -1, -1, -1, 1, -1, -1, 1, 1, 1, 1, -1, 1, -1, 1, 1, -1, 1, -1, -1, 1, -1, 1, 1, 1, 1, 1, -1, -1, 1, -1, -1, -1, -1, 1, 1, -1, 1, 1, -1, 1, 1, 1, -1, 1, 1, -1, 1, -1, 1, 1, -1, 1, 1, 1, -1, 1, -1, 1, 1, 1, -1, -1, -1, -1, 1, -1, -1, 1, 1, 1, -1, -1, -1, 1, 1, 1, 1, -1, -1, -1, 1, 1, 1, 1, -1, -1, -1, 1, 1, 1, -1, 1, -1, 1, -1, -1, 1, 1, 1, 1, 1, -1, 1, 1, 1, -1, 1, -1, -1, -1, -1, 1, 1, -1, -1, 1, -1, -1, 1, 1, -1, 1, -1, -1, 1, -1, -1, 1, -1, 1, -1, 1, -1, 1, -1, -1, -1, -1, -1, 1, 1, -1, -1, 1, -1, -1, -1, -1, 1, 1, -1, 1, -1, -1, 1, 1, 1, 1, 1, -1, -1, 1, -1, 1, -1, -1, 1, -1, -1, 1, -1, 1, -1, -1, -1, -1, -1, -1, 1, -1, -1, 1, -1, 1, 1, -1, -1, 1, -1, -1, -1, -1, -1, -1, 1, 1, -1, -1, -1, 1, 1, -1, -1, -1, -1, -1, -1, -1, 1, -1, 1, 1, -1, -1, 1, -1, -1, 1, -1, -1, 1, -1, -1, 1, -1, -1, 1, -1, -1, 1, -1, 1, -1, -1, -1, -1, 1, -1, -1, -1, -1, -1, -1, 1, 1, 1, -1, 1, -1, -1, 1, -1, -1, -1, -1, -1, 1, -1, -1, 1, -1, -1, -1, -1, 1, 1, -1, -1, 1, -1, -1, 1, -1, 1, 1, -1, -1, -1, -1, -1, 1, -1, 1, -1, -1, 1, -1, -1, 1, 1, -1, -1, 1, -1, -1, 1, -1, -1, -1, 1, -1, 1, -1, 1, 1, -1, -1, 1, -1, 1, 1, -1, -1, -1, -1, -1, 1, -1, -1, 1, -1, 1, -1, -1, 1, -1, -1, 1, -1, -1, -1, -1, -1, -1, 1, -1, -1, 1, -1, 1, 1, -1, -1, -1, -1, 1, -1, 1, 1, 1, -1, -1, 1, -1, -1, 1, -1, -1, -1, -1, -1, 1, -1, -1, -1, -1, -1, 1, -1, 1, 1, -1, -1, 1, 1, 1, -1, 1, 1, -1, 1, -1, -1, 1, -1, 1, 1, -1, 1, -1, 1, -1, 1, -1, 1, -1, -1, 1, -1, 1, 1, -1, -1, -1, 1, -1, 1, 1, 1, -1, 1, -1, 1, -1, 1, 1, -1, -1, 1, 1, -1, 1, -1, 1, 1, -1, -1, 1, -1, 1, 1, -1, 1, -1, 1, -1, 1, -1
BQP_DATA, 5387, 25225, -12390.000000, -16680.000000, -34438.000000, -38728.000000, 8192.466450, 10776, 16096
