Set parameter TSPort to value 51199
Set parameter TokenServer to value "open-license1.lanl.gov"
Set parameter TimeLimit to value 64
Set parameter Threads to value 1
Gurobi Optimizer version 10.0.3 build v10.0.3rc0 (linux64)

CPU model: Intel(R) Xeon(R) CPU E5-2695 v4 @ 2.10GHz, instruction set [SSE2|AVX|AVX2]
Thread count: 36 physical cores, 72 logical processors, using up to 1 threads

Optimize a model with 0 rows, 383 columns and 0 nonzeros
Model fingerprint: 0x3cf870f1
Model has 1595 quadratic objective terms
Variable types: 0 continuous, 383 integer (383 binary)
Coefficient statistics:
  Matrix range     [0e+00, 0e+00]
  Objective range  [2e+00, 3e+01]
  QObjective range [8e+00, 8e+00]
  Bounds range     [1e+00, 1e+00]
  RHS range        [0e+00, 0e+00]
Found heuristic solution: objective 0.0000000
Found heuristic solution: objective -636.0000000
Found heuristic solution: objective -2220.000000
Found heuristic solution: objective -2222.000000
Presolve time: 0.21s
Presolved: 1595 rows, 1978 columns, 4785 nonzeros
Variable types: 0 continuous, 1978 integer (1978 binary)

Root relaxation: objective -2.996000e+03, 487 iterations, 0.01 seconds (0.00 work units)

    Nodes    |    Current Node    |     Objective Bounds      |     Work
 Expl Unexpl |  Obj  Depth IntInf | Incumbent    BestBd   Gap | It/Node Time

     0     0 -2996.0000    0  383 -2222.0000 -2996.0000  34.8%     -    0s
     0     0 -2678.3333    0  569 -2222.0000 -2678.3333  20.5%     -    0s
     0     0 -2678.0000    0  564 -2222.0000 -2678.0000  20.5%     -    0s
     0     0 -2620.4167    0  630 -2222.0000 -2620.4167  17.9%     -    0s
     0     0 -2620.4167    0  617 -2222.0000 -2620.4167  17.9%     -    0s
     0     2 -2620.4167    0  611 -2222.0000 -2620.4167  17.9%     -    0s
   521   481 -2292.5000   50  977 -2222.0000 -2459.7138  10.7%  87.2    5s
   542   495 -2259.2500   58 1575 -2222.0000 -2381.6882  7.19%  83.8   10s
   555   503 -2251.5000   60 1656 -2222.0000 -2350.7079  5.79%  81.8   15s
   572   515 -2264.0000   66 1693 -2222.0000 -2335.0174  5.09%  79.4   20s
   599   533 -2250.5000   62 1707 -2222.0000 -2326.9936  4.73%  75.8   25s
   635   557 -2226.8333   74 1757 -2222.0000 -2319.6125  4.39%  71.5   30s
   678   587 -2267.0000   56 1702 -2222.0000 -2317.5540  4.30%   198   36s
   690   595 -2246.0000   71 1774 -2222.0000 -2316.7657  4.26%   195   40s
   720   615 -2313.9529   12 1810 -2222.0000 -2313.9529  4.14%   187   45s
   746   632 -2312.2865   36 1808 -2222.0000 -2312.2865  4.06%   180   50s
   756   641 -2303.0540   33 1662 -2222.0000 -2309.5804  3.94%   249   55s
   768   649 -2292.5891   39 1566 -2222.0000 -2309.5804  3.94%   271   60s

Cutting planes:
  Gomory: 13
  MIR: 67
  Flow cover: 602
  Zero half: 293
  Mod-K: 1
  RLT: 67
  BQP: 91

Explored 781 nodes (229810 simplex iterations) in 64.00 seconds (69.13 work units)
Thread count was 1 (of 72 available processors)

Solution count 4: -2222 -2220 -636 0 

Time limit reached
Best objective -2.222000000000e+03, best bound -2.308000000000e+03, gap 3.8704%

User-callback calls 8437, time in user-callback 0.03 sec

BQP_SOLUTION, 383, 1595, -821.000000, 64.000531, 1, -1, -1, -1, -1, 1, -1, 1, 1, -1, -1, 1, 1, -1, 1, -1, 1, -1, -1, 1, 1, -1, 1, -1, 1, -1, -1, 1, -1, 1, -1, 1, 1, 1, -1, 1, 1, -1, -1, 1, 1, 1, -1, 1, 1, -1, -1, 1, 1, -1, 1, 1, 1, 1, 1, 1, 1, -1, 1, 1, -1, 1, 1, 1, -1, -1, -1, 1, 1, 1, 1, 1, 1, -1, 1, 1, -1, -1, 1, 1, -1, -1, 1, 1, 1, 1, -1, 1, -1, 1, -1, -1, 1, -1, 1, 1, -1, -1, 1, 1, -1, -1, 1, 1, -1, -1, 1, -1, -1, -1, 1, 1, -1, -1, -1, 1, 1, -1, 1, 1, -1, -1, 1, 1, -1, 1, -1, 1, -1, -1, 1, -1, -1, -1, 1, -1, -1, -1, 1, -1, -1, -1, 1, -1, -1, 1, 1, 1, -1, 1, 1, 1, -1, -1, 1, 1, -1, 1, 1, -1, 1, -1, 1, -1, 1, -1, 1, 1, 1, -1, 1, -1, 1, -1, 1, 1, 1, -1, -1, 1, 1, -1, 1, -1, 1, 1, -1, 1, 1, -1, 1, 1, -1, 1, 1, -1, 1, 1, -1, -1, 1, -1, 1, -1, 1, 1, 1, -1, 1, 1, 1, -1, 1, 1, -1, 1, -1, 1, -1, -1, 1, 1, -1, -1, -1, -1, 1, 1, -1, 1, 1, 1, -1, 1, -1, 1, 1, 1, -1, 1, 1, 1, -1, -1, 1, 1, -1, 1, 1, 1, -1, 1, 1, 1, -1, -1, 1, 1, -1, 1, 1, 1, -1, 1, -1, 1, -1, 1, 1, 1, 1, 1, 1, 1, 1, 1, -1, 1, 1, 1, 1, 1, 1, 1, -1, 1, 1, 1, -1, 1, 1, 1, 1, 1, -1, 1, -1, 1, 1, -1, -1, 1, 1, 1, 1, -1, 1, 1, -1, 1, -1, -1, 1, -1, 1, 1, -1, -1, 1, 1, -1, 1, 1, 1, 1, -1, -1, 1, -1, -1, -1, 1, -1, -1, -1, -1, -1, -1, -1, -1, -1, 1, 1, -1, -1, -1, -1, -1, 1, -1, 1, -1, -1, -1, -1, -1, -1, -1, 1, 1, -1, -1, -1, -1, -1, 1, -1, 1, -1, 1, -1, 1, -1, -1, -1, 1, -1, -1, -1, 1, -1, 1, -1
BQP_DATA, 383, 1595, -821.000000, -907.000000, -2222.000000, -2308.000000, 64.000531, 976, 781
