Set parameter TSPort to value 51199
Set parameter TokenServer to value "open-license1.lanl.gov"
Set parameter TimeLimit to value 4096
Set parameter Threads to value 1
Gurobi Optimizer version 10.0.3 build v10.0.3rc0 (linux64)

CPU model: Intel(R) Xeon(R) CPU E5-2695 v4 @ 2.10GHz, instruction set [SSE2|AVX|AVX2]
Thread count: 36 physical cores, 72 logical processors, using up to 1 threads

Optimize a model with 0 rows, 3447 columns and 0 nonzeros
Model fingerprint: 0x027a60c2
Model has 15966 quadratic objective terms
Variable types: 0 continuous, 3447 integer (3447 binary)
Coefficient statistics:
  Matrix range     [0e+00, 0e+00]
  Objective range  [2e+00, 3e+01]
  QObjective range [8e+00, 8e+00]
  Bounds range     [1e+00, 1e+00]
  RHS range        [0e+00, 0e+00]
Found heuristic solution: objective 0.0000000
Found heuristic solution: objective -5928.000000
Found heuristic solution: objective -21278.00000
Found heuristic solution: objective -21352.00000
Presolve removed 0 rows and 2 columns (presolve time = 6s) ...
Presolve removed 0 rows and 2 columns
Presolve time: 6.22s
Presolved: 15964 rows, 19409 columns, 47892 nonzeros
Variable types: 0 continuous, 19409 integer (19409 binary)

Root simplex log...

Iteration    Objective       Primal Inf.    Dual Inf.      Time
       0   -3.1936000e+04   6.205000e+03   0.000000e+00     10s
    4823   -2.9892000e+04   0.000000e+00   0.000000e+00     11s

Root relaxation: objective -2.989200e+04, 4823 iterations, 1.10 seconds (0.04 work units)
Total elapsed time = 11.31s

    Nodes    |    Current Node    |     Objective Bounds      |     Work
 Expl Unexpl |  Obj  Depth IntInf | Incumbent    BestBd   Gap | It/Node Time

     0     0 -29892.000    0 3445 -21352.000 -29892.000  40.0%     -   14s
     0     0 -28179.000    0 4257 -21352.000 -28179.000  32.0%     -   26s
     0     0 -27621.000    0 4586 -21352.000 -27621.000  29.4%     -   31s
     0     0 -27604.000    0 4596 -21352.000 -27604.000  29.3%     -   32s
     0     0 -27319.333    0 4760 -21352.000 -27319.333  27.9%     -   43s
     0     0 -27319.333    0 4721 -21352.000 -27319.333  27.9%     -   55s
     0     2 -27319.333    0 4714 -21352.000 -27319.333  27.9%     -   73s
     5     7 -27286.333    3 4750 -21352.000 -27305.333  27.9%   831   75s
    19    21 -27215.333   10 4833 -21352.000 -27305.333  27.9%   319   80s
    30    32 -27161.333   15 4878 -21352.000 -27305.333  27.9%   243   85s
    44    46 -27094.333   22 4955 -21352.000 -27305.333  27.9%   192   90s
    57    59 -27032.333   29 5012 -21352.000 -27305.333  27.9%   171   95s
    71    73 -26968.333   36 5084 -21352.000 -27305.333  27.9%   151  100s
    84    86 -26912.333   42 5134 -21352.000 -27305.333  27.9%   143  105s
    99   101 -26847.333   50 5201 -21352.000 -27305.333  27.9%   133  110s
   113   115 -26775.333   57 5264 -21352.000 -27305.333  27.9%   127  115s
   126   128 -26711.500   63 5315 -21352.000 -27305.333  27.9%   124  120s
   141   143 -26648.500   71 5366 -21352.000 -27305.333  27.9%   118  125s
   153   155 -26606.500   77 5396 -21352.000 -27305.333  27.9%   116  130s
   167   169 -26557.500   84 5433 -21352.000 -27305.333  27.9%   112  135s
   180   182 -26503.500   90 5467 -21352.000 -27305.333  27.9%   113  140s
   194   196 -26443.500   97 5523 -21352.000 -27305.333  27.9%   111  145s
   210   212 -26377.500  105 5560 -21352.000 -27305.333  27.9%   108  150s
   226   228 -26313.000  113 5625 -21352.000 -27305.333  27.9%   105  155s
   241   243 -26251.000  121 5689 -21352.000 -27305.333  27.9%   104  160s
   256   258 -26191.000  128 5742 -21352.000 -27305.333  27.9%   102  165s
   271   273 -26121.000  136 5787 -21352.000 -27305.333  27.9%   101  170s
   288   290 -26065.500  144 5845 -21352.000 -27305.333  27.9%  98.6  175s
   302   304 -26007.500  151 5883 -21352.000 -27305.333  27.9%  97.2  180s
   317   319 -25935.500  159 5926 -21352.000 -27305.333  27.9%  96.6  185s
   334   336 -25860.500  167 5971 -21352.000 -27305.333  27.9%  94.8  190s
   349   351 -25802.500  175 6014 -21352.000 -27305.333  27.9%  94.1  195s
   364   366 -25744.500  182 6018 -21352.000 -27305.333  27.9%  93.1  200s
   376   378 -25698.500  188 6069 -21352.000 -27305.333  27.9%  92.4  205s
   392   394 -25629.500  196 6102 -21352.000 -27305.333  27.9%  91.6  210s
   407   409 -25563.500  204 6118 -21352.000 -27305.333  27.9%  90.9  215s
   422   424 -25508.500  211 6158 -21352.000 -27305.333  27.9%  91.5  220s
   433   435 -25455.500  217 6188 -21352.000 -27305.333  27.9%  91.1  225s
   451   453 -25376.500  226 6200 -21352.000 -27305.333  27.9%  89.8  230s
   466   468 -25332.500  233 6263 -21352.000 -27305.333  27.9%  89.2  235s
   477   479 -25280.500  239 6296 -21352.000 -27305.333  27.9%  88.7  240s
   490   492 -25220.500  245 6326 -21352.000 -27305.333  27.9%  88.6  245s
   505   507 -25157.500  253 6371 -21352.000 -27305.333  27.9%  87.9  250s
   517   519 -25117.500  259 6393 -21352.000 -27305.333  27.9%  88.1  255s
   533   535 -25044.500  267 6418 -21352.000 -27305.333  27.9%  87.6  260s
   542   544 -25026.500  271 6410 -21352.000 -27305.333  27.9%  87.4  265s
   555   557 -24967.500  278 6439 -21352.000 -27305.333  27.9%  87.4  270s
   567   569 -24925.500  284 6447 -21352.000 -27305.333  27.9%  87.2  276s
   578   580 -24885.500  289 6483 -21352.000 -27305.333  27.9%  87.5  280s
   592   594 -24825.500  296 6512 -21352.000 -27305.333  27.9%  88.1  285s
   606   608 -24777.500  303 6542 -21352.000 -27305.333  27.9%  87.4  290s
   621   623 -24725.500  311 6541 -21352.000 -27305.333  27.9%  87.0  295s
   636   638 -24672.500  318 6557 -21352.000 -27305.333  27.9%  86.2  300s
   648   650 -24632.500  324 6545 -21352.000 -27305.333  27.9%  85.4  305s
   660   662 -24587.500  330 6577 -21352.000 -27305.333  27.9%  84.9  310s
   675   677 -24523.500  338 6587 -21352.000 -27305.333  27.9%  84.4  315s
   691   693 -24474.500  346 6581 -21352.000 -27305.333  27.9%  83.8  320s
   702   704 -24446.500  351 6568 -21352.000 -27305.333  27.9%  83.5  325s
   719   721 -24401.500  360 6549 -21352.000 -27305.333  27.9%  82.7  330s
   729   731 -24361.500  365 6565 -21352.000 -27305.333  27.9%  82.6  335s
   744   746 -24304.500  372 6554 -21352.000 -27305.333  27.9%  82.3  340s
   756   758 -24262.500  378 6564 -21352.000 -27305.333  27.9%  81.8  345s
   768   770 -24210.500  384 6570 -21352.000 -27305.333  27.9%  81.7  350s
   783   785 -24160.500  392 6583 -21352.000 -27305.333  27.9%  81.1  355s
   798   800 -24118.500  399 6571 -21352.000 -27305.333  27.9%  80.5  360s
   810   812 -24086.500  405 6582 -21352.000 -27305.333  27.9%  80.2  365s
   828   830 -24022.500  414 6577 -21352.000 -27305.333  27.9%  79.8  370s
   837   839 -23991.500  419 6594 -21352.000 -27305.333  27.9%  79.5  376s
   846   848 -23959.500  423 6621 -21352.000 -27305.333  27.9%  79.4  380s
   861   863 -23908.500  431 6619 -21352.000 -27305.333  27.9%  79.1  385s
   864   866 -23909.500  432 6614 -21352.000 -27305.333  27.9%  78.9  422s
   873   875 -23874.000  437 6618 -21352.000 -27305.333  27.9%  78.7  425s
   886   888 -23839.000  443 6633 -21352.000 -27305.333  27.9%  78.6  430s
   900   902 -23797.000  450 6639 -21352.000 -27305.333  27.9%  78.3  435s
   909   911 -23761.000  455 6673 -21352.000 -27305.333  27.9%  78.0  481s
   910   912 -23761.000  455 6668 -21352.000 -27305.333  27.9%  78.0  509s
   912   914 -23752.000  456 6675 -21352.000 -27305.333  27.9%  78.0  510s
   928   930 -23697.000  464 6703 -21352.000 -27305.333  27.9%  77.5  515s
   945   947 -23640.000  473 6717 -21352.000 -27305.333  27.9%  77.0  520s
   964   966 -23589.000  482 6737 -21352.000 -27305.333  27.9%  76.5  525s
   982   984 -23534.000  491 6717 -21352.000 -27305.333  27.9%  75.9  530s
   999  1001 -23479.000  500 6713 -21352.000 -27305.333  27.9%  75.7  535s
  1016  1018 -23422.000  508 6741 -21352.000 -27305.333  27.9%  75.5  540s
  1034  1036 -23360.000  517 6753 -21352.000 -27305.333  27.9%  75.1  545s
H 1040  1040                    -21356.00000 -27305.333  27.9%  75.0  546s
  1051  1053 -23298.000  526 6777 -21356.000 -27305.333  27.9%  74.9  550s
  1067  1069 -23246.000  534 6789 -21356.000 -27305.333  27.9%  74.6  555s
  1085  1087 -23199.000  543 6769 -21356.000 -27305.333  27.9%  74.4  560s
  1104  1106 -23145.000  552 6768 -21356.000 -27305.333  27.9%  74.0  565s
  1120  1122 -23100.000  560 6822 -21356.000 -27305.333  27.9%  73.6  570s
  1138  1140 -23047.000  569 6812 -21356.000 -27305.333  27.9%  73.4  575s
  1156  1158 -23007.500  578 6821 -21356.000 -27305.333  27.9%  73.0  580s
  1172  1174 -22956.500  586 6852 -21356.000 -27305.333  27.9%  72.7  585s
  1190  1192 -22907.500  595 6839 -21356.000 -27305.333  27.9%  72.4  590s
  1207  1209 -22856.000  604 6840 -21356.000 -27305.333  27.9%  72.1  595s
H 1222  1222                    -21362.00000 -27305.333  27.8%  71.9  599s
  1223  1225 -22819.000  612 6850 -21362.000 -27305.333  27.8%  71.9  600s
  1239  1241 -22767.000  620 6872 -21362.000 -27305.333  27.8%  71.7  605s
H 1248  1248                    -21368.00000 -27305.333  27.8%  71.5  607s
  1258  1260 -22721.000  629 6861 -21368.000 -27305.333  27.8%  71.3  610s
  1276  1278 -22690.000  639 6879 -21368.000 -27305.333  27.8%  70.9  615s
  1294  1296 -22661.000  648 6862 -21368.000 -27305.333  27.8%  70.6  620s
H 1300  1300                    -21370.00000 -27305.333  27.8%  70.4  622s
  1311  1313 -22633.000  657 6862 -21370.000 -27305.333  27.8%  70.2  625s
  1329  1331 -22608.000  666 6856 -21370.000 -27305.333  27.8%  70.0  630s
  1346  1348 -22559.000  674 6848 -21370.000 -27305.333  27.8%  69.8  635s
H 1348  1348                    -21376.00000 -27305.333  27.7%  69.7  636s
H 1352  1352                    -21382.00000 -27305.333  27.7%  69.8  638s
  1360  1362 -22514.000  681 6828 -21382.000 -27305.333  27.7%  69.8  640s
  1377  1379 -22469.000  690 6838 -21382.000 -27305.333  27.7%  69.6  645s
H 1378  1378                    -21386.00000 -27305.333  27.7%  69.5  646s
  1393  1395 -22419.000  698 6823 -21386.000 -27305.333  27.7%  69.5  650s
H 1404  1404                    -21390.00000 -27305.333  27.7%  69.2  653s
  1411  1413 -22385.000  707 6808 -21390.000 -27305.333  27.7%  69.2  655s
  1428  1430 -22339.000  716 6776 -21390.000 -27305.333  27.7%  69.0  660s
  1445  1447 -22287.000  724 6796 -21390.000 -27305.333  27.7%  68.8  665s
  1460  1462 -22236.000  732 6772 -21390.000 -27305.333  27.7%  68.6  670s
  1481  1483 -22195.500  742 6785 -21390.000 -27305.333  27.7%  68.3  675s
H 1482  1482                    -21396.00000 -27305.333  27.6%  68.2  676s
  1496  1498 -22158.000  750 6771 -21396.000 -27305.333  27.6%  68.0  680s
H 1508  1508                    -21404.00000 -27305.333  27.6%  67.7  683s
  1512  1514 -22124.000  758 6723 -21404.000 -27305.333  27.6%  67.7  685s
  1531  1533 -22080.000  767 6716 -21404.000 -27305.333  27.6%  67.4  690s
H 1534  1534                    -21412.00000 -27305.333  27.5%  67.3  691s
  1546  1548 -22052.000  775 6742 -21412.000 -27305.333  27.5%  67.2  695s
H 1560  1560                    -21414.00000 -27305.333  27.5%  67.0  699s
  1561  1563 -22024.000  782 6684 -21414.000 -27305.333  27.5%  67.0  700s
  1577  1579 -21987.000  791 6651 -21414.000 -27305.333  27.5%  66.8  706s
H 1586  1586                    -21428.00000 -27305.333  27.4%  66.6  708s
  1591  1593 -21961.000  798 6634 -21428.000 -27305.333  27.4%  66.6  710s
  1611  1613 -21907.000  808 6611 -21428.000 -27305.333  27.4%  66.5  715s
H 1612  1612                    -21432.00000 -27305.333  27.4%  66.4  717s
  1621  1623 -21881.000  813 6613 -21432.000 -27305.333  27.4%  66.3  720s
H 1638  1638                    -21434.00000 -27305.333  27.4%  66.0  726s
  1653  1655 -21823.500  830 6540 -21434.000 -27305.333  27.4%  65.8  730s
H 1664  1664                    -21448.00000 -27305.333  27.3%  65.7  735s
  1682  1684 -21773.500  844 6500 -21448.000 -27305.333  27.3%  65.5  740s
H 1690  1690                    -21452.00000 -27305.333  27.3%  65.5  778s
H 1690  1690                    -21456.00000 -27305.333  27.3%  65.5  780s
  1708  1710 -21706.000  857 6393 -21456.000 -27305.333  27.3%  65.3  785s
H 1716  1716                    -21468.00000 -27305.333  27.2%  65.1  788s
  1721  1723 -21675.000  864 6361 -21468.000 -27305.333  27.2%  65.1  790s
  1740  1742 -21630.000  874 6335 -21468.000 -27305.333  27.2%  64.9  795s
H 1742  1742                    -21478.00000 -27305.333  27.1%  64.8  797s
  1750  1752 -21618.000  879 6359 -21478.000 -27305.333  27.1%  64.7  800s
H 1768  1768                    -21492.00000 -27305.333  27.0%  64.3  805s
  1787  1789 -21548.500  900 6304 -21492.000 -27305.333  27.0%  64.0  810s
H 1794  1794                    -21506.00000 -27305.333  27.0%  63.9  813s
  1801  1803 -21531.500  908 6274 -21506.000 -27305.333  27.0%  63.8  815s
H 1823  1808                    -21520.00000 -27305.333  26.9%  63.3  821s
H 1835  1802                    -21522.00000 -27305.333  26.9%  63.1  859s
  1836  1803 -21816.500  832 7982 -21522.000 -27305.333  26.9%  63.1  877s
  1838  1804 -24038.500  413 3445 -21522.000 -27305.333  26.9%  63.0  913s
  1839  1805 -26328.000  112 4307 -21522.000 -27305.333  26.9%  63.0  919s
  1840  1806 -22527.000  680 5046 -21522.000 -26814.167  24.6%  62.9  931s
  1841  1806 -23414.000  510 5544 -21522.000 -26169.233  21.6%  62.9  946s
  1842  1807 -22711.000  633 5800 -21522.000 -25925.083  20.5%  62.9  976s
  1843  1808 -25875.076  139 5903 -21522.000 -25875.076  20.2%  62.8  992s
  1844  1808 -22589.000  669 5964 -21522.000 -25865.072  20.2%  62.8  998s
  1845  1809 -24125.500  398 6028 -21522.000 -25862.084  20.2%  62.8 1001s
  1848  1811 -23046.000  570 5994 -21522.000 -25861.215  20.2%  62.6 1016s
  1849  1812 -22983.500  582 6549 -21522.000 -25397.263  18.0%  62.6 1163s
  1850  1812 -25252.633  147 7188 -21522.000 -25252.633  17.3%  62.6 1464s
  1851  1813 -24276.500  377 7391 -21522.000 -25214.239  17.2%  62.5 1701s
  1852  1814 -25198.108  192 7452 -21522.000 -25198.108  17.1%  62.5 1843s
  1853  1814 -23026.500  575 7684 -21522.000 -25193.183  17.1%  62.5 1920s
  1854  1815 -23385.000  514 7725 -21522.000 -25191.180  17.0%  62.4 1971s
  1855  1816 -23923.500  429 7701 -21522.000 -25190.608  17.0%  62.4 1990s
  1856  1816 -23008.500  578 7808 -21522.000 -25190.350  17.0%  62.4 2004s
  1857  1817 -22061.000  773 7797 -21522.000 -25189.930  17.0%  62.3 2018s
  1858  1818 -21956.000  800 7840 -21522.000 -25189.699  17.0%  62.3 2026s
  1859  1818 -25189.674  104 7854 -21522.000 -25189.674  17.0%  62.3 2030s
  1861  1820 -24145.500  395 7878 -21522.000 -25189.658  17.0%  62.2 2052s
  1862  1820 -23645.000  473 8225 -21522.000 -24841.950  15.4%  62.2 3378s

Cutting planes:
  Gomory: 102
  MIR: 556
  Flow cover: 3026
  Zero half: 1817
  RLT: 618
  BQP: 1000

Explored 1862 nodes (460878 simplex iterations) in 4096.16 seconds (302.91 work units)
Thread count was 1 (of 72 available processors)

Solution count 10: -21522 -21520 -21506 ... -21434

Time limit reached
Best objective -2.152200000000e+04, best bound -2.484000000000e+04, gap 15.4168%

User-callback calls 52229, time in user-callback 3.14 sec

BQP_SOLUTION, 3447, 15966, -7596.000000, 4096.158943, 1, 1, 1, -1, 1, 1, -1, 1, -1, 1, 1, -1, -1, 1, 1, -1, 1, 1, -1, -1, 1, 1, 1, -1, 1, 1, -1, -1, 1, 1, -1, 1, 1, 1, 1, -1, 1, -1, 1, -1, 1, 1, -1, -1, -1, 1, -1, -1, 1, -1, -1, 1, -1, 1, -1, -1, -1, 1, -1, 1, 1, -1, 1, 1, 1, 1, 1, 1, 1, 1, -1, 1, 1, 1, 1, -1, 1, 1, -1, 1, -1, 1, 1, 1, 1, -1, 1, -1, -1, 1, -1, -1, -1, 1, 1, 1, 1, 1, -1, 1, -1, 1, -1, -1, -1, 1, 1, 1, 1, 1, 1, -1, 1, 1, 1, -1, -1, 1, 1, 1, -1, 1, -1, 1, 1, -1, 1, -1, -1, 1, 1, -1, 1, 1, 1, -1, 1, -1, 1, -1, -1, 1, 1, -1, -1, 1, 1, 1, -1, 1, -1, -1, 1, 1, -1, -1, 1, -1, 1, -1, -1, 1, -1, -1, 1, 1, -1, -1, 1, 1, 1, 1, -1, 1, -1, -1, 1, -1, 1, 1, 1, -1, -1, 1, 1, -1, -1, 1, 1, 1, 1, -1, -1, 1, -1, 1, 1, -1, -1, -1, 1, 1, 1, 1, -1, 1, -1, 1, -1, 1, -1, -1, 1, 1, 1, -1, 1, 1, -1, 1, -1, -1, -1, 1, -1, 1, -1, -1, -1, -1, 1, 1, 1, -1, -1, -1, 1, 1, 1, -1, -1, 1, -1, 1, 1, -1, -1, 1, 1, 1, -1, -1, 1, 1, -1, -1, 1, -1, 1, -1, 1, -1, 1, -1, 1, 1, -1, 1, 1, -1, -1, -1, 1, 1, 1, 1, 1, -1, 1, 1, 1, -1, -1, 1, 1, -1, -1, 1, 1, -1, -1, 1, -1, -1, -1, 1, 1, -1, 1, 1, -1, -1, 1, 1, -1, -1, -1, 1, 1, 1, -1, 1, -1, 1, -1, 1, -1, -1, -1, 1, 1, 1, 1, 1, 1, -1, 1, 1, -1, -1, -1, 1, 1, 1, -1, 1, -1, 1, -1, 1, 1, -1, -1, 1, 1, 1, -1, 1, -1, 1, 1, 1, 1, -1, -1, 1, 1, 1, -1, 1, -1, 1, 1, 1, 1, -1, -1, 1, -1, 1, -1, 1, -1, 1, 1, 1, -1, -1, -1, 1, -1, 1, 1, 1, -1, -1, 1, -1, -1, -1, -1, 1, -1, -1, 1, -1, 1, -1, 1, 1, -1, -1, -1, 1, 1, -1, 1, 1, -1, 1, 1, 1, -1, -1, -1, -1, 1, -1, 1, -1, -1, 1, 1, 1, -1, -1, -1, 1, -1, -1, 1, 1, 1, 1, 1, -1, -1, -1, -1, 1, -1, 1, 1, -1, 1, 1, -1, 1, -1, -1, 1, 1, -1, -1, 1, 1, 1, 1, -1, 1, -1, -1, -1, -1, -1, -1, 1, -1, 1, 1, -1, 1, -1, -1, -1, 1, -1, -1, 1, 1, 1, 1, -1, 1, 1, -1, -1, -1, 1, -1, 1, -1, 1, 1, -1, 1, 1, -1, -1, -1, -1, -1, 1, 1, 1, 1, 1, -1, 1, -1, -1, -1, -1, -1, 1, -1, 1, 1, 1, -1, 1, 1, -1, -1, -1, -1, 1, 1, -1, 1, 1, -1, 1, -1, -1, -1, -1, 1, -1, 1, -1, 1, 1, -1, 1, -1, -1, 1, -1, 1, 1, 1, 1, -1, 1, -1, 1, -1, 1, -1, -1, 1, 1, 1, 1, -1, 1, -1, 1, -1, 1, -1, 1, -1, 1, -1, 1, 1, -1, 1, -1, 1, -1, -1, 1, 1, 1, -1, 1, -1, -1, 1, 1, -1, -1, 1, -1, 1, 1, 1, 1, -1, -1, 1, -1, 1, -1, 1, -1, 1, -1, 1, -1, -1, -1, -1, -1, -1, -1, -1, -1, 1, -1, 1, 1, -1, -1, -1, -1, -1, 1, -1, 1, 1, 1, 1, 1, -1, -1, -1, 1, -1, -1, -1, -1, 1, 1, 1, -1, -1, -1, -1, 1, -1, 1, -1, -1, 1, 1, 1, -1, -1, 1, 1, -1, 1, 1, 1, -1, 1, -1, -1, 1, 1, -1, -1, 1, 1, 1, -1, -1, -1, 1, 1, 1, -1, -1, -1, -1, -1, 1, 1, -1, 1, 1, -1, 1, -1, -1, -1, 1, -1, 1, 1, -1, 1, -1, 1, 1, 1, -1, -1, 1, 1, 1, 1, 1, -1, 1, 1, -1, -1, -1, -1, 1, -1, 1, 1, -1, 1, -1, 1, 1, -1, -1, -1, 1, 1, 1, -1, -1, -1, -1, 1, 1, -1, -1, 1, -1, 1, 1, -1, -1, -1, 1, 1, 1, -1, 1, -1, -1, 1, 1, -1, -1, 1, 1, 1, 1, 1, -1, 1, 1, 1, 1, -1, -1, 1, -1, 1, 1, 1, -1, -1, -1, 1, 1, -1, -1, -1, 1, 1, 1, -1, -1, 1, -1, 1, 1, -1, -1, -1, 1, 1, 1, 1, -1, 1, 1, -1, 1, -1, -1, -1, 1, 1, 1, -1, 1, 1, -1, -1, -1, 1, -1, -1, 1, -1, 1, 1, -1, -1, 1, -1, 1, 1, -1, -1, -1, 1, 1, 1, -1, -1, 1, -1, -1, -1, -1, -1, -1, -1, 1, 1, -1, 1, -1, -1, -1, 1, -1, 1, 1, 1, 1, 1, -1, 1, 1, -1, -1, 1, -1, -1, 1, 1, -1, -1, 1, 1, -1, -1, 1, 1, 1, -1, 1, -1, 1, 1, 1, 1, -1, -1, -1, 1, 1, 1, -1, 1, 1, -1, 1, 1, -1, -1, -1, 1, 1, 1, -1, 1, 1, 1, 1, 1, 1, -1, -1, 1, 1, -1, -1, 1, 1, -1, 1, -1, 1, -1, -1, 1, 1, -1, -1, -1, 1, 1, 1, -1, -1, -1, 1, 1, 1, -1, -1, 1, 1, -1, -1, 1, -1, -1, 1, 1, 1, -1, -1, -1, 1, 1, -1, 1, -1, -1, -1, 1, 1, 1, 1, -1, -1, 1, -1, 1, -1, -1, -1, 1, 1, 1, -1, -1, 1, 1, -1, 1, 1, -1, 1, 1, 1, 1, 1, -1, 1, 1, -1, 1, 1, 1, -1, 1, 1, 1, -1, -1, 1, -1, 1, 1, 1, -1, -1, 1, 1, -1, -1, 1, 1, 1, -1, -1, 1, -1, 1, 1, -1, -1, 1, 1, -1, -1, 1, 1, 1, 1, 1, 1, 1, -1, -1, 1, 1, 1, -1, 1, 1, 1, 1, 1, -1, 1, -1, 1, 1, -1, 1, 1, 1, 1, 1, 1, 1, 1, -1, 1, 1, 1, 1, 1, 1, 1, 1, 1, 1, 1, -1, 1, 1, -1, -1, 1, -1, -1, 1, 1, 1, 1, -1, 1, -1, 1, -1, -1, 1, 1, 1, 1, 1, 1, 1, -1, -1, 1, -1, 1, 1, -1, 1, 1, 1, 1, -1, 1, -1, 1, 1, -1, 1, -1, 1, 1, 1, -1, 1, -1, 1, 1, 1, 1, -1, 1, -1, 1, 1, 1, 1, -1, 1, 1, -1, -1, -1, -1, 1, 1, 1, 1, -1, -1, 1, 1, 1, 1, -1, 1, 1, 1, 1, 1, -1, 1, 1, -1, -1, -1, 1, -1, 1, 1, 1, 1, -1, -1, 1, -1, 1, -1, 1, 1, -1, 1, 1, 1, -1, 1, 1, -1, 1, -1, -1, 1, 1, -1, 1, 1, 1, -1, 1, -1, -1, 1, 1, -1, 1, 1, 1, 1, 1, -1, 1, 1, -1, 1, -1, -1, -1, 1, 1, 1, 1, -1, 1, -1, 1, 1, 1, 1, -1, 1, 1, 1, 1, -1, 1, 1, -1, 1, -1, -1, 1, 1, 1, 1, 1, 1, -1, 1, -1, 1, 1, 1, -1, 1, 1, 1, 1, 1, 1, -1, -1, 1, 1, -1, 1, 1, 1, 1, 1, 1, 1, 1, -1, 1, 1, 1, -1, 1, 1, 1, 1, 1, 1, -1, 1, -1, 1, -1, 1, 1, 1, 1, 1, 1, 1, -1, 1, 1, -1, -1, 1, 1, 1, 1, 1, -1, -1, 1, -1, 1, -1, 1, 1, 1, 1, 1, 1, 1, 1, -1, 1, 1, -1, -1, 1, -1, 1, 1, 1, 1, 1, -1, -1, 1, 1, -1, 1, 1, -1, 1, 1, 1, -1, -1, 1, 1, -1, -1, -1, 1, 1, 1, 1, 1, 1, -1, 1, 1, -1, -1, 1, 1, 1, 1, 1, 1, 1, -1, -1, 1, -1, -1, 1, 1, -1, 1, 1, 1, -1, 1, -1, 1, 1, -1, 1, 1, -1, 1, 1, -1, 1, -1, -1, 1, 1, -1, 1, 1, 1, -1, 1, 1, 1, 1, 1, -1, 1, -1, 1, 1, -1, 1, 1, -1, 1, 1, -1, 1, 1, 1, -1, 1, -1, 1, 1, 1, -1, 1, -1, 1, 1, 1, -1, 1, -1, -1, 1, 1, 1, -1, -1, 1, 1, -1, 1, -1, -1, 1, -1, 1, 1, -1, 1, 1, 1, -1, 1, -1, 1, 1, 1, 1, 1, -1, 1, 1, 1, -1, 1, -1, 1, 1, 1, -1, 1, -1, 1, 1, -1, -1, 1, -1, -1, -1, 1, 1, 1, -1, -1, 1, 1, -1, -1, 1, 1, 1, 1, -1, 1, -1, 1, 1, 1, -1, -1, 1, -1, 1, 1, -1, -1, -1, 1, 1, 1, 1, -1, 1, 1, 1, 1, -1, 1, -1, 1, 1, 1, -1, -1, 1, 1, 1, 1, -1, -1, -1, 1, 1, 1, 1, -1, -1, 1, 1, -1, 1, 1, -1, 1, 1, 1, 1, -1, 1, -1, 1, 1, -1, 1, -1, 1, 1, 1, 1, -1, 1, 1, 1, 1, 1, 1, -1, -1, 1, 1, -1, 1, -1, 1, 1, -1, -1, 1, 1, 1, 1, 1, 1, 1, 1, -1, -1, 1, -1, -1, 1, -1, 1, 1, -1, 1, 1, -1, -1, 1, -1, -1, -1, -1, 1, 1, 1, 1, 1, -1, -1, 1, -1, -1, 1, 1, -1, 1, -1, 1, 1, 1, -1, 1, -1, -1, 1, -1, 1, 1, 1, 1, -1, -1, 1, -1, -1, -1, -1, -1, 1, 1, -1, 1, -1, 1, -1, 1, -1, -1, -1, -1, 1, 1, -1, 1, 1, -1, 1, 1, -1, -1, -1, -1, 1, 1, -1, 1, 1, -1, 1, 1, 1, -1, 1, -1, 1, 1, 1, -1, 1, -1, 1, -1, -1, -1, -1, -1, 1, -1, 1, 1, 1, -1, -1, 1, -1, -1, -1, -1, 1, 1, -1, 1, 1, -1, 1, 1, 1, -1, -1, -1, 1, 1, -1, 1, 1, 1, -1, 1, -1, -1, 1, -1, -1, -1, -1, -1, 1, -1, 1, 1, -1, -1, -1, 1, -1, -1, -1, -1, 1, -1, 1, 1, 1, -1, 1, 1, -1, -1, 1, -1, 1, 1, -1, 1, -1, -1, -1, 1, 1, -1, -1, 1, 1, -1, -1, 1, -1, 1, 1, 1, -1, -1, -1, 1, -1, 1, 1, 1, -1, -1, 1, -1, 1, -1, -1, 1, 1, 1, 1, -1, -1, -1, 1, 1, -1, -1, 1, 1, -1, 1, 1, 1, -1, -1, 1, -1, -1, -1, -1, 1, -1, -1, 1, -1, -1, -1, -1, 1, -1, -1, 1, 1, -1, -1, 1, 1, -1, 1, -1, 1, -1, -1, -1, -1, -1, -1, 1, 1, 1, 1, 1, 1, -1, -1, -1, -1, 1, -1, 1, -1, -1, -1, -1, 1, 1, -1, 1, -1, -1, 1, 1, -1, -1, -1, 1, -1, -1, 1, -1, 1, -1, -1, 1, -1, -1, 1, 1, 1, -1, -1, 1, -1, -1, -1, -1, 1, -1, -1, 1, 1, -1, -1, 1, -1, -1, 1, -1, -1, -1, -1, 1, -1, -1, -1, 1, -1, 1, 1, -1, 1, -1, -1, 1, 1, -1, -1, -1, 1, -1, -1, 1, -1, 1, -1, 1, 1, -1, -1, -1, 1, 1, 1, -1, -1, 1, -1, -1, 1, -1, 1, -1, -1, -1, 1, -1, -1, -1, 1, -1, 1, -1, 1, 1, -1, 1, 1, -1, -1, 1, -1, -1, 1, 1, -1, -1, 1, 1, 1, 1, -1, -1, 1, -1, -1, 1, -1, -1, 1, -1, 1, -1, -1, 1, -1, -1, -1, 1, -1, 1, 1, -1, -1, 1, -1, 1, -1, -1, -1, 1, -1, -1, 1, -1, 1, -1, 1, 1, 1, -1, 1, -1, -1, 1, -1, 1, 1, -1, 1, 1, -1, -1, 1, -1, -1, 1, -1, 1, 1, -1, 1, 1, 1, -1, 1, -1, 1, 1, -1, -1, -1, -1, -1, 1, -1, -1, 1, -1, 1, -1, 1, 1, -1, -1, 1, -1, 1, -1, 1, 1, -1, -1, -1, 1, -1, -1, 1, -1, -1, -1, 1, -1, 1, -1, -1, 1, -1, -1, 1, 1, -1, 1, 1, -1, 1, -1, -1, -1, -1, -1, 1, 1, -1, -1, 1, -1, -1, 1, -1, -1, 1, -1, 1, 1, -1, 1, 1, -1, -1, -1, -1, 1, -1, -1, 1, 1, 1, -1, -1, -1, 1, 1, -1, -1, -1, -1, 1, 1, 1, 1, -1, -1, 1, 1, -1, -1, 1, -1, 1, 1, -1, -1, 1, -1, 1, -1, -1, -1, -1, 1, 1, 1, -1, 1, -1, 1, 1, -1, 1, -1, -1, -1, 1, 1, -1, -1, -1, -1, -1, 1, 1, -1, -1, 1, 1, 1, -1, -1, 1, -1, 1, 1, 1, -1, 1, -1, 1, -1, -1, 1, -1, -1, -1, 1, 1, -1, -1, 1, -1, 1, -1, -1, -1, -1, -1, 1, 1, -1, -1, 1, 1, 1, 1, -1, -1, 1, -1, 1, 1, -1, -1, 1, 1, -1, 1, 1, -1, 1, 1, -1, -1, -1, -1, 1, 1, 1, 1, -1, -1, -1, 1, 1, -1, -1, 1, 1, 1, 1, -1, -1, 1, -1, 1, 1, -1, -1, -1, 1, 1, -1, 1, -1, -1, -1, 1, 1, 1, -1, 1, 1, -1, 1, 1, -1, 1, -1, 1, 1, 1, -1, -1, 1, 1, -1, -1, 1, -1, 1, 1, -1, -1, -1, 1, 1, -1, 1, -1, 1, -1, 1, 1, -1, -1, 1, 1, -1, -1, 1, -1, 1, -1, 1, 1, -1, 1, -1, 1, -1, -1, 1, -1, 1, 1, 1, 1, 1, -1, -1, 1, 1, -1, 1, -1, 1, 1, 1, 1, -1, 1, -1, 1, 1, -1, 1, -1, 1, 1, 1, 1, 1, -1, 1, -1, 1, -1, 1, -1, -1, 1, 1, 1, 1, -1, 1, -1, -1, 1, -1, -1, 1, 1, 1, 1, 1, 1, 1, -1, 1, -1, -1, 1, 1, 1, 1, 1, -1, 1, 1, -1, -1, 1, -1, -1, 1, 1, 1, 1, -1, 1, -1, 1, -1, 1, -1, 1, -1, 1, 1, 1, -1, 1, 1, 1, -1, 1, -1, -1, 1, -1, 1, 1, -1, 1, 1, -1, -1, -1, -1, 1, 1, 1, 1, 1, 1, 1, 1, -1, -1, -1, 1, 1, -1, 1, -1, 1, -1, 1, -1, 1, -1, 1, -1, 1, 1, 1, -1, 1, -1, 1, 1, 1, -1, -1, -1, -1, 1, 1, -1, -1, 1, 1, 1, -1, 1, 1, 1, 1, -1, 1, -1, 1, -1, 1, 1, -1, 1, 1, -1, -1, 1, -1, -1, 1, -1, 1, 1, -1, -1, 1, -1, -1, 1, 1, -1, 1, -1, 1, 1, 1, 1, 1, 1, -1, -1, 1, -1, 1, -1, 1, 1, 1, 1, 1, 1, -1, 1, -1, -1, 1, -1, -1, 1, 1, 1, -1, 1, 1, -1, -1, 1, -1, -1, 1, 1, 1, 1, 1, 1, 1, -1, 1, -1, -1, 1, -1, 1, 1, 1, -1, 1, -1, -1, 1, -1, 1, -1, -1, 1, 1, 1, 1, 1, -1, -1, -1, -1, 1, -1, 1, 1, -1, -1, 1, 1, 1, -1, -1, 1, 1, 1, 1, 1, -1, 1, 1, -1, -1, -1, -1, 1, 1, 1, 1, 1, -1, 1, -1, -1, 1, -1, -1, 1, 1, 1, 1, -1, -1, 1, 1, 1, -1, -1, 1, 1, 1, 1, 1, 1, 1, -1, 1, 1, -1, -1, -1, 1, -1, 1, 1, 1, 1, 1, 1, -1, 1, -1, 1, 1, 1, 1, 1, -1, -1, -1, 1, -1, -1, -1, -1, 1, 1, 1, 1, -1, 1, 1, 1, 1, -1, -1, -1, 1, 1, 1, 1, 1, 1, -1, 1, -1, 1, -1, 1, 1, 1, 1, 1, 1, -1, -1, 1, -1, -1, -1, -1, -1, 1, 1, 1, 1, -1, 1, 1, -1, 1, -1, 1, 1, 1, 1, -1, 1, -1, -1, 1, 1, -1, -1, -1, -1, 1, 1, 1, 1, -1, 1, -1, 1, -1, -1, -1, -1, 1, 1, 1, -1, -1, 1, 1, 1, -1, -1, 1, -1, 1, -1, 1, 1, -1, 1, -1, 1, -1, -1, -1, -1, 1, -1, 1, 1, -1, 1, -1, -1, 1, -1, -1, 1, 1, 1, -1, 1, -1, -1, 1, -1, 1, -1, -1, -1, 1, 1, -1, 1, 1, -1, 1, 1, -1, 1, -1, 1, 1, -1, 1, 1, -1, -1, 1, -1, 1, 1, -1, -1, -1, 1, -1, 1, -1, -1, 1, -1, 1, -1, -1, 1, -1, 1, -1, 1, 1, -1, 1, 1, 1, 1, -1, -1, 1, -1, -1, 1, 1, -1, 1, -1, -1, 1, -1, 1, 1, 1, -1, 1, 1, 1, 1, 1, -1, 1, -1, -1, 1, -1, -1, 1, 1, -1, -1, 1, -1, 1, 1, -1, 1, -1, 1, 1, -1, -1, 1, 1, 1, -1, 1, 1, 1, -1, 1, 1, 1, 1, -1, 1, 1, 1, -1, -1, 1, -1, 1, -1, 1, 1, 1, 1, 1, 1, 1, -1, 1, 1, -1, 1, -1, -1, 1, 1, 1, 1, -1, -1, 1, -1, -1, 1, 1, -1, 1, 1, -1, 1, -1, 1, 1, -1, -1, 1, -1, 1, -1, 1, 1, 1, 1, -1, -1, -1, 1, 1, 1, 1, 1, 1, 1, 1, 1, -1, -1, -1, -1, -1, 1, 1, -1, -1, -1, 1, 1, -1, 1, -1, 1, 1, -1, 1, -1, -1, 1, 1, 1, -1, -1, -1, -1, 1, 1, 1, -1, -1, 1, -1, 1, -1, 1, -1, -1, 1, 1, 1, -1, -1, -1, 1, 1, -1, -1, 1, -1, -1, 1, 1, -1, 1, -1, -1, 1, -1, -1, -1, -1, 1, 1, -1, -1, -1, 1, -1, -1, 1, -1, -1, -1, 1, 1, 1, 1, -1, 1, 1, 1, -1, -1, -1, 1, 1, 1, 1, -1, -1, 1, -1, 1, 1, -1, 1, 1, 1, 1, -1, -1, -1, -1, -1, 1, -1, -1, 1, -1, 1, 1, 1, -1, -1, 1, -1, 1, 1, -1, -1, -1, 1, 1, 1, -1, -1, 1, -1, 1, 1, -1, -1, -1, 1, 1, 1, 1, -1, -1, -1, 1, -1, -1, 1, 1, 1, 1, 1, -1, -1, -1, -1, 1, 1, -1, 1, -1, 1, -1, 1, -1, -1, -1, -1, 1, 1, -1, -1, -1, 1, 1, 1, -1, -1, -1, -1, 1, 1, -1, 1, 1, 1, -1, 1, 1, -1, -1, -1, -1, -1, -1, -1, 1, 1, 1, 1, -1, -1, -1, -1, -1, 1, -1, -1, 1, -1, 1, 1, -1, -1, -1, -1, 1, -1, -1, 1, 1, 1, -1, 1, -1, -1, -1, -1, -1, 1, -1, 1, 1, -1, -1, 1, -1, -1, -1, 1, -1, -1, -1, 1, 1, -1, -1, 1, -1, -1, 1, 1, -1, -1, -1, 1, 1, 1, -1, 1, -1, -1, -1, -1, 1, -1, 1, 1, 1, 1, -1, 1, -1, -1, -1, 1, -1, -1, 1, 1, -1, 1, -1, 1, -1, -1, 1, -1, -1, -1, 1, -1, 1, 1, 1, 1, -1, -1, -1, 1, -1, -1, -1, 1, -1, 1, -1, 1, 1, -1, -1, -1, -1, -1, 1, -1, -1, 1, -1, 1, -1, -1, -1, 1, 1, -1, -1, 1, -1, -1, -1, -1, 1, -1, -1, 1, 1, -1, -1, 1, -1, -1, -1, 1, 1, -1, -1, -1, 1, -1, 1, -1, 1, -1, 1, 1, -1, -1, -1, 1, 1, -1, -1, 1, -1, -1, -1, -1, -1, -1, 1, 1, -1, 1, 1, -1, -1, -1, 1, 1, 1, -1, -1, 1, -1, -1, -1, -1, -1, 1, -1, -1, -1, -1, -1, 1, 1, -1, 1, 1, -1, -1, -1, -1, 1, -1, -1, 1, -1, -1, -1, 1, -1, -1, 1, -1, 1, -1, -1, -1, 1, -1, 1, 1, -1, -1, 1, -1, 1, -1, -1, 1, -1, 1, -1, -1, -1, -1, 1, -1, 1, 1, -1, -1, 1, -1, 1, 1, 1, -1, -1, 1, 1, -1, 1, -1, -1, -1, 1, -1, -1, 1, -1, 1, -1, -1, -1, -1, 1, 1, 1, -1, -1, 1, 1, -1, 1, -1, 1, -1, -1, 1, 1, -1, -1, 1, 1, 1, 1, -1, -1, 1, 1
BQP_DATA, 3447, 15966, -7596.000000, -10914.000000, -21522.000000, -24840.000000, 4096.158943, 5501, 1862
