Set parameter TSPort to value 51199
Set parameter TokenServer to value "open-license1.lanl.gov"
Set parameter TimeLimit to value 4096
Set parameter Threads to value 1
Gurobi Optimizer version 10.0.3 build v10.0.3rc0 (linux64)

CPU model: Intel(R) Xeon(R) CPU E5-2695 v4 @ 2.10GHz, instruction set [SSE2|AVX|AVX2]
Thread count: 36 physical cores, 72 logical processors, using up to 1 threads

Optimize a model with 0 rows, 3447 columns and 0 nonzeros
Model fingerprint: 0x4be58010
Model has 16013 quadratic objective terms
Variable types: 0 continuous, 3447 integer (3447 binary)
Coefficient statistics:
  Matrix range     [0e+00, 0e+00]
  Objective range  [2e+00, 3e+01]
  QObjective range [8e+00, 8e+00]
  Bounds range     [1e+00, 1e+00]
  RHS range        [0e+00, 0e+00]
Found heuristic solution: objective 0.0000000
Found heuristic solution: objective -5876.000000
Found heuristic solution: objective -21620.00000
Found heuristic solution: objective -21678.00000
Presolve removed 0 rows and 4 columns
Presolve time: 0.44s
Presolved: 16009 rows, 19452 columns, 48027 nonzeros
Variable types: 0 continuous, 19452 integer (19452 binary)

Root relaxation: objective -3.019400e+04, 4746 iterations, 0.07 seconds (0.03 work units)

    Nodes    |    Current Node    |     Objective Bounds      |     Work
 Expl Unexpl |  Obj  Depth IntInf | Incumbent    BestBd   Gap | It/Node Time

     0     0 -30194.000    0 3443 -21678.000 -30194.000  39.3%     -    0s
     0     0 -28387.000    0 4312 -21678.000 -28387.000  30.9%     -    1s
     0     0 -27991.500    0 4553 -21678.000 -27991.500  29.1%     -    1s
     0     0 -27981.000    0 4564 -21678.000 -27981.000  29.1%     -    2s
     0     0 -27832.000    0 4656 -21678.000 -27832.000  28.4%     -    2s
     0     0 -27832.000    0 4620 -21678.000 -27832.000  28.4%     -    3s
     0     2 -27832.000    0 4614 -21678.000 -27832.000  28.4%     -    4s
    25    27 -27700.000   13 4748 -21678.000 -27819.000  28.3%   245    5s
   244   246 -26700.500  122 5558 -21678.000 -27819.000  28.3%   106   10s
   470   472 -25761.750  235 6195 -21678.000 -27819.000  28.3%  90.3   15s
   689   691 -24953.500  345 6431 -21678.000 -27819.000  28.3%  81.0   20s
   826   828 -24448.000  414 6567 -21678.000 -27819.000  28.3%  77.4   25s
H  832   832                    -21680.00000 -27819.000  28.3%  77.2   25s
  1052  1054 -23712.000  527 6731 -21680.000 -27819.000  28.3%  72.5   30s
H 1092  1092                    -21686.00000 -27819.000  28.3%  71.8   30s
  1222  1224 -23236.500  612 6710 -21686.000 -27819.000  28.3%  69.1   35s
H 1274  1274                    -21688.00000 -27819.000  28.3%  67.8   35s
H 1352  1352                    -21690.00000 -27819.000  28.3%  66.6   37s
H 1378  1378                    -21694.00000 -27819.000  28.2%  66.2   37s
  1506  1508 -22541.000  756 6528 -21694.000 -27819.000  28.2%  64.1   40s
H 1508  1508                    -21696.00000 -27819.000  28.2%  64.0   40s
H 1534  1534                    -21700.00000 -27819.000  28.2%  63.5   40s
H 1560  1560                    -21712.00000 -27819.000  28.1%  63.0   41s
H 1586  1586                    -21718.00000 -27819.000  28.1%  62.6   41s
H 1612  1612                    -21720.00000 -27819.000  28.1%  62.4   42s
H 1638  1638                    -21724.00000 -27819.000  28.1%  62.1   42s
H 1664  1664                    -21726.00000 -27819.000  28.0%  61.8   43s
H 1690  1690                    -21736.00000 -27819.000  28.0%  61.4   43s
H 1716  1716                    -21748.00000 -27819.000  27.9%  61.0   43s
H 1742  1742                    -21758.00000 -27819.000  27.9%  60.7   44s
H 1768  1768                    -21768.00000 -27819.000  27.8%  60.3   45s
H 1794  1794                    -21778.00000 -27819.000  27.7%  59.9   45s
H 1820  1820                    -21788.00000 -27819.000  27.7%  59.4   46s
H 1846  1846                    -21806.00000 -27819.000  27.6%  58.9   46s
H 1873  1834                    -21828.00000 -27819.000  27.4%  58.3   46s
H 1876  1830                    -21830.00000 -27818.000  27.4%  58.3   48s
  1879  1832 -26613.500  132 3443 -21830.000 -27818.000  27.4%  58.2   52s
  1883  1835 -23132.500  641 5833 -21830.000 -26336.860  20.6%  58.1   57s
  1891  1840 -24806.500  366 5946 -21830.000 -26273.768  20.4%  57.8   60s
  1892  1841 -25775.080  229 6486 -21830.000 -25775.080  18.1%  57.8   75s
  1893  1842 -23352.500  589 6944 -21830.000 -25630.119  17.4%  57.8   92s
  1894  1842 -23684.000  532 7108 -21830.000 -25585.115  17.2%  57.7  102s
  1895  1843 -25085.500  326 7186 -21830.000 -25574.339  17.2%  57.7  107s
  1896  1844 -22516.000  763 7307 -21830.000 -25570.111  17.1%  57.7  110s
  1900  1846 -24485.000  409 7645 -21830.000 -25567.261  17.1%  57.6  115s
  1906  1850 -23737.000  524 7905 -21830.000 -25223.520  15.5%  57.4  199s
  1907  1851 -22509.000  764 8508 -21830.000 -25112.868  15.0%  57.3  268s
  1908  1852 -25073.726   89 8758 -21830.000 -25073.726  14.9%  57.3  328s
  1909  1852 -24754.500  374 8860 -21830.000 -25060.826  14.8%  57.3  359s
  1910  1853 -22618.000  739 9089 -21830.000 -25056.853  14.8%  57.3  367s
  1911  1854 -23733.000  525 9199 -21830.000 -25054.623  14.8%  57.2  375s
  1913  1855 -25053.284  148 9312 -21830.000 -25053.284  14.8%  57.2  382s
  1914  1856 -25053.043  250 9289 -21830.000 -25053.043  14.8%  57.1  385s
  1919  1859 -25052.927  149 9389 -21830.000 -25052.927  14.8%  57.0  390s
  1920  1860 -23029.500  663 9961 -21830.000 -24773.756  13.5%  57.0  569s
  1921  1860 -24717.425  147 10369 -21830.000 -24717.425  13.2%  56.9  698s
  1922  1861 -24665.184   84 10583 -21830.000 -24665.184  13.0%  56.9  822s
  1923  1862 -24515.000  405 10923 -21830.000 -24647.242  12.9%  56.9  873s
  1924  1862 -22624.000  737 11164 -21830.000 -24640.707  12.9%  56.8  904s
  1925  1863 -23468.000  569 11311 -21830.000 -24638.112  12.9%  56.8  921s
  1926  1864 -24636.846  336 11321 -21830.000 -24636.846  12.9%  56.8  933s
  1927  1864 -24636.326  361 11399 -21830.000 -24636.326  12.9%  56.7  940s
  1928  1865 -24635.869  266 11414 -21830.000 -24635.869  12.9%  56.7  946s
  1930  1866 -24635.688   69 11506 -21830.000 -24635.688  12.9%  56.7  951s
  1934  1869 -24635.594  166 11492 -21830.000 -24635.594  12.9%  56.5  955s
  1936  1870 -21934.000  892 11812 -21830.000 -24419.642  11.9%  56.5 1233s
  1937  1871 -24382.001  112 12140 -21830.000 -24382.001  11.7%  56.5 1397s
  1938  1872 -23138.500  635 12589 -21830.000 -24345.464  11.5%  56.4 1561s
  1939  1872 -22670.000  729 12916 -21830.000 -24333.371  11.5%  56.4 1640s
  1940  1873 -24328.738  163 13089 -21830.000 -24328.738  11.4%  56.4 1683s
  1941  1874 -24326.887  395 13147 -21830.000 -24326.887  11.4%  56.3 1705s
  1942  1874 -24326.073  382 13156 -21830.000 -24326.073  11.4%  56.3 1719s
  1943  1875 -24325.646  281 13266 -21830.000 -24325.646  11.4%  56.3 1728s
  1944  1876 -24325.501  348 13279 -21830.000 -24325.501  11.4%  56.3 1733s
  1945  1876 -24325.437  155 13339 -21830.000 -24325.437  11.4%  56.2 1737s
  1947  1878 -24325.367  304 13337 -21830.000 -24325.367  11.4%  56.2 1740s
  1949  1879 -24051.000  474 13293 -21830.000 -24193.434  10.8%  56.1 2035s
  1950  1880 -22301.000  811 13570 -21830.000 -24167.388  10.7%  56.1 2215s
  1951  1880 -24159.396   67 13910 -21830.000 -24159.396  10.7%  56.1 2297s
  1952  1881 -24157.243  307 14032 -21830.000 -24157.243  10.7%  56.0 2331s
  1953  1882 -22419.000  785 14142 -21830.000 -24156.063  10.7%  56.0 2351s
  1954  1882 -22236.000  822 14188 -21830.000 -24155.663  10.7%  56.0 2362s
  1955  1883 -22815.000  701 14259 -21830.000 -24155.543  10.7%  55.9 2367s
  1956  1884 -24155.497  117 14206 -21830.000 -24155.497  10.7%  55.9 2371s
  1958  1885 -24155.481  337 14278 -21830.000 -24155.481  10.7%  55.9 2375s
  1959  1886 -22206.000  827 14661 -21830.000 -24060.154  10.2%  55.8 2679s
  1960  1886 -23968.000  488 15030 -21830.000 -24039.945  10.1%  55.8 2868s
  1961  1887 -24035.542  390 15228 -21830.000 -24035.542  10.1%  55.8 2933s
  1962  1888 -23482.000  567 15251 -21830.000 -24033.895  10.1%  55.7 2967s
  1963  1888 -23182.500  624 15207 -21830.000 -24033.277  10.1%  55.7 2991s
  1964  1889 -22529.000  760 15349 -21830.000 -24032.963  10.1%  55.7 3003s
  1965  1890 -23091.500  651 15416 -21830.000 -24032.881  10.1%  55.7 3010s
  1967  1891 -23473.000  568 15407 -21830.000 -24032.826  10.1%  55.6 3016s
  1968  1892 -24032.823   80 15434 -21830.000 -24032.823  10.1%  55.6 3020s
  1969  1892 -22775.000  709 15464 -21830.000 -23954.841  9.73%  55.5 3345s
  1970  1893 -23938.597  178 15748 -21830.000 -23938.597  9.66%  55.5 3538s
  1971  1894 -23935.479   23 15812 -21830.000 -23935.479  9.64%  55.5 3596s
  1972  1894 -21911.000  898 15850 -21830.000 -23933.988  9.64%  55.5 3640s
  1973  1895 -23933.515  139 15889 -21830.000 -23933.515  9.64%  55.4 3656s
  1974  1896 -23250.500  609 15923 -21830.000 -23933.340  9.64%  55.4 3665s
  1975  1896 -23933.232  232 15932 -21830.000 -23933.232  9.63%  55.4 3674s
  1976  1897 -22779.000  707 15958 -21830.000 -23933.212  9.63%  55.3 3677s
  1977  1898 -23933.201  160 15983 -21830.000 -23933.201  9.63%  55.3 3680s
  1979  1899 -23933.194  132 15994 -21830.000 -23933.194  9.63%  55.3 3686s
H 1979  1802                    -21836.00000 -23884.960  9.38%  55.3 3994s

Cutting planes:
  Gomory: 128
  MIR: 693
  Flow cover: 5314
  Zero half: 2287
  Mod-K: 91
  RLT: 737
  BQP: 1026

Explored 1980 nodes (2214479 simplex iterations) in 4096.00 seconds (6417.99 work units)
Thread count was 1 (of 72 available processors)

Solution count 10: -21836 -21830 -21828 ... -21736

Time limit reached
Best objective -2.183600000000e+04, best bound -2.388400000000e+04, gap 9.3790%

User-callback calls 16836, time in user-callback 0.10 sec

BQP_SOLUTION, 3447, 16013, -7655.000000, 4096.004032, 1, -1, 1, 1, -1, -1, 1, 1, -1, 1, 1, 1, -1, 1, 1, -1, 1, -1, 1, -1, 1, -1, 1, 1, -1, -1, 1, 1, 1, -1, 1, 1, 1, 1, -1, -1, 1, -1, 1, 1, 1, -1, 1, 1, 1, 1, 1, -1, 1, -1, 1, 1, 1, -1, -1, 1, 1, 1, 1, -1, -1, -1, 1, 1, 1, 1, -1, -1, 1, -1, -1, -1, -1, 1, 1, 1, 1, -1, 1, 1, 1, 1, -1, 1, -1, 1, -1, 1, -1, 1, -1, 1, 1, 1, 1, -1, -1, -1, -1, 1, 1, -1, 1, 1, 1, 1, -1, -1, 1, -1, -1, 1, 1, 1, 1, -1, 1, 1, -1, 1, -1, 1, 1, -1, -1, 1, -1, 1, -1, 1, -1, 1, -1, -1, 1, 1, 1, -1, -1, 1, 1, 1, 1, -1, -1, -1, 1, 1, 1, -1, 1, 1, 1, 1, -1, -1, 1, 1, 1, 1, -1, -1, 1, -1, 1, -1, -1, 1, -1, 1, -1, 1, -1, -1, 1, -1, 1, 1, -1, -1, -1, 1, -1, 1, -1, 1, 1, -1, 1, 1, -1, 1, -1, 1, 1, 1, 1, -1, 1, 1, 1, 1, -1, 1, 1, -1, -1, 1, 1, -1, -1, 1, -1, 1, -1, 1, -1, -1, -1, -1, 1, 1, 1, -1, 1, 1, -1, 1, 1, 1, -1, -1, 1, -1, 1, -1, 1, 1, 1, 1, 1, -1, -1, 1, 1, 1, -1, 1, 1, 1, 1, -1, 1, 1, -1, -1, 1, -1, 1, 1, 1, 1, 1, -1, 1, -1, -1, -1, 1, 1, -1, -1, 1, -1, 1, 1, 1, -1, 1, 1, -1, 1, 1, 1, -1, -1, 1, -1, -1, -1, -1, -1, 1, 1, -1, -1, 1, 1, -1, 1, 1, 1, 1, 1, 1, -1, 1, -1, -1, 1, 1, -1, -1, 1, 1, 1, 1, 1, -1, -1, -1, 1, -1, -1, 1, -1, 1, -1, 1, -1, -1, -1, 1, 1, 1, -1, 1, -1, -1, -1, 1, 1, 1, -1, 1, -1, 1, -1, -1, 1, 1, -1, 1, -1, 1, -1, -1, -1, 1, -1, -1, -1, 1, 1, 1, -1, -1, -1, -1, -1, 1, -1, -1, -1, 1, 1, 1, -1, 1, -1, 1, -1, 1, 1, -1, -1, 1, 1, 1, -1, 1, -1, 1, 1, -1, 1, -1, 1, 1, -1, 1, -1, 1, -1, -1, 1, 1, -1, -1, 1, 1, -1, 1, 1, 1, -1, -1, 1, 1, -1, -1, 1, 1, 1, -1, -1, 1, -1, 1, -1, 1, -1, 1, 1, 1, 1, -1, 1, -1, 1, -1, 1, -1, -1, 1, 1, 1, 1, 1, -1, 1, 1, -1, 1, -1, -1, 1, 1, 1, -1, -1, 1, -1, 1, -1, 1, 1, -1, 1, 1, 1, 1, 1, -1, -1, -1, -1, 1, 1, -1, 1, 1, 1, -1, -1, -1, -1, -1, 1, 1, 1, -1, -1, 1, 1, 1, -1, -1, 1, -1, -1, 1, 1, 1, 1, 1, 1, -1, 1, -1, -1, -1, -1, 1, 1, -1, 1, 1, 1, -1, -1, 1, -1, -1, -1, -1, 1, 1, -1, 1, 1, 1, -1, 1, -1, 1, -1, 1, 1, -1, 1, 1, -1, 1, -1, 1, 1, -1, -1, -1, -1, -1, 1, 1, -1, 1, -1, 1, 1, 1, -1, -1, 1, 1, -1, 1, -1, 1, -1, 1, -1, -1, -1, -1, 1, 1, 1, -1, 1, 1, 1, 1, -1, -1, -1, 1, 1, 1, 1, -1, 1, 1, -1, -1, -1, -1, -1, 1, 1, 1, 1, -1, 1, 1, -1, 1, -1, -1, -1, 1, -1, 1, 1, -1, 1, 1, -1, 1, 1, -1, -1, 1, -1, 1, 1, -1, -1, 1, -1, 1, 1, -1, 1, 1, -1, 1, 1, -1, 1, 1, -1, 1, -1, -1, -1, 1, -1, 1, 1, -1, 1, 1, -1, 1, 1, -1, 1, 1, 1, 1, -1, -1, -1, 1, 1, 1, 1, -1, -1, 1, 1, 1, 1, 1, -1, -1, 1, -1, 1, 1, -1, -1, 1, 1, 1, -1, -1, 1, 1, -1, 1, -1, -1, 1, 1, 1, -1, -1, 1, 1, -1, -1, 1, 1, -1, -1, 1, 1, 1, -1, -1, 1, 1, 1, 1, -1, -1, 1, 1, 1, 1, -1, 1, 1, 1, 1, 1, -1, -1, 1, 1, 1, -1, -1, 1, -1, 1, 1, -1, 1, -1, 1, -1, 1, -1, -1, 1, 1, 1, 1, -1, 1, -1, 1, 1, -1, 1, -1, 1, 1, -1, 1, 1, 1, -1, 1, 1, -1, 1, -1, 1, 1, -1, -1, 1, 1, -1, 1, 1, 1, -1, -1, 1, 1, -1, -1, 1, -1, -1, 1, 1, -1, -1, 1, 1, 1, -1, -1, 1, 1, -1, -1, 1, -1, -1, -1, 1, 1, 1, -1, 1, 1, 1, -1, 1, -1, -1, -1, -1, 1, -1, -1, 1, -1, 1, -1, 1, -1, -1, -1, 1, 1, 1, -1, 1, 1, 1, -1, 1, -1, -1, -1, 1, 1, 1, -1, -1, 1, -1, 1, -1, -1, 1, -1, 1, 1, 1, -1, 1, 1, 1, -1, 1, -1, -1, 1, 1, 1, -1, -1, -1, 1, -1, 1, 1, 1, -1, -1, 1, 1, -1, -1, 1, 1, 1, -1, 1, -1, -1, 1, 1, 1, 1, -1, 1, -1, -1, 1, 1, -1, -1, -1, 1, 1, 1, -1, 1, 1, 1, -1, 1, -1, -1, -1, 1, 1, 1, -1, 1, -1, 1, 1, -1, -1, -1, 1, 1, 1, -1, -1, -1, -1, 1, -1, -1, 1, -1, 1, -1, 1, -1, -1, -1, -1, 1, 1, 1, 1, -1, 1, 1, -1, 1, -1, -1, 1, 1, -1, -1, 1, -1, -1, 1, 1, -1, -1, -1, -1, 1, 1, -1, 1, -1, 1, 1, 1, 1, -1, 1, -1, 1, -1, -1, -1, -1, -1, 1, 1, 1, -1, -1, -1, 1, -1, 1, 1, 1, -1, 1, 1, -1, -1, -1, -1, 1, 1, -1, 1, -1, -1, 1, -1, 1, -1, 1, -1, 1, -1, -1, 1, -1, 1, 1, -1, -1, -1, 1, 1, -1, 1, -1, -1, -1, 1, 1, -1, -1, -1, -1, 1, -1, -1, 1, -1, -1, 1, -1, 1, -1, -1, -1, 1, -1, 1, -1, 1, -1, 1, 1, -1, -1, -1, -1, 1, -1, 1, -1, 1, -1, -1, 1, -1, -1, -1, -1, 1, 1, 1, -1, 1, -1, -1, -1, -1, -1, -1, -1, 1, 1, 1, -1, 1, 1, 1, 1, -1, 1, -1, 1, 1, 1, 1, 1, 1, 1, -1, -1, -1, -1, -1, -1, -1, 1, 1, -1, 1, 1, 1, 1, -1, 1, -1, 1, -1, 1, -1, 1, -1, 1, 1, 1, 1, -1, -1, -1, 1, 1, -1, -1, -1, 1, -1, -1, 1, -1, -1, -1, 1, 1, -1, -1, 1, -1, 1, -1, -1, -1, -1, -1, -1, 1, 1, -1, 1, -1, -1, -1, -1, -1, -1, -1, 1, -1, 1, -1, 1, 1, -1, 1, -1, -1, -1, 1, -1, -1, -1, -1, 1, -1, 1, -1, 1, -1, -1, 1, -1, 1, 1, -1, 1, -1, -1, 1, -1, 1, -1, 1, -1, 1, 1, -1, 1, 1, -1, -1, -1, -1, -1, -1, 1, -1, 1, -1, 1, 1, -1, 1, -1, 1, -1, 1, -1, -1, 1, -1, 1, 1, -1, 1, 1, -1, -1, -1, -1, -1, 1, 1, 1, 1, -1, -1, 1, 1, -1, 1, 1, -1, 1, -1, -1, 1, -1, 1, -1, -1, -1, -1, 1, -1, -1, 1, 1, 1, -1, -1, -1, -1, 1, 1, 1, -1, 1, 1, 1, 1, -1, -1, -1, -1, -1, 1, -1, -1, 1, 1, 1, -1, -1, 1, -1, -1, 1, 1, -1, -1, 1, 1, -1, 1, -1, -1, 1, 1, 1, 1, -1, -1, 1, 1, 1, 1, -1, -1, -1, 1, 1, 1, -1, -1, 1, 1, 1, -1, -1, -1, 1, 1, 1, -1, -1, 1, 1, -1, 1, -1, -1, -1, -1, -1, 1, 1, -1, 1, 1, 1, 1, 1, -1, -1, -1, 1, 1, 1, -1, -1, 1, 1, -1, 1, -1, -1, -1, 1, 1, 1, 1, 1, 1, 1, 1, 1, 1, -1, -1, 1, 1, 1, -1, 1, 1, 1, 1, 1, 1, -1, -1, 1, 1, 1, 1, -1, 1, 1, 1, 1, 1, 1, -1, 1, 1, 1, -1, -1, 1, 1, 1, 1, 1, -1, -1, 1, 1, 1, -1, 1, 1, 1, -1, 1, 1, -1, -1, 1, 1, -1, 1, 1, 1, -1, 1, 1, -1, -1, -1, 1, 1, 1, 1, 1, 1, -1, 1, 1, -1, -1, 1, 1, -1, 1, -1, 1, 1, -1, -1, 1, 1, 1, -1, -1, 1, 1, 1, -1, 1, 1, -1, 1, -1, -1, 1, 1, 1, 1, -1, -1, 1, 1, -1, 1, 1, -1, 1, 1, 1, 1, 1, 1, 1, 1, -1, 1, 1, -1, 1, -1, 1, -1, 1, 1, 1, 1, -1, 1, 1, 1, 1, 1, 1, -1, 1, -1, 1, 1, -1, 1, 1, 1, 1, -1, 1, 1, -1, 1, -1, -1, -1, -1, 1, 1, 1, -1, 1, -1, 1, -1, 1, 1, -1, -1, 1, 1, -1, 1, -1, -1, 1, 1, 1, 1, -1, -1, -1, 1, 1, 1, 1, -1, -1, 1, 1, -1, 1, -1, 1, -1, 1, -1, 1, -1, -1, 1, 1, -1, -1, -1, 1, 1, 1, -1, -1, -1, 1, -1, 1, -1, -1, 1, 1, 1, 1, -1, -1, 1, 1, -1, -1, -1, 1, -1, 1, 1, 1, -1, -1, -1, 1, 1, -1, -1, -1, 1, 1, -1, 1, -1, -1, -1, 1, 1, -1, -1, -1, -1, 1, 1, -1, 1, -1, -1, -1, 1, -1, -1, -1, -1, 1, 1, -1, 1, -1, 1, 1, -1, -1, -1, -1, -1, 1, 1, 1, 1, -1, -1, 1, -1, -1, -1, -1, -1, -1, 1, 1, 1, -1, -1, 1, 1, -1, -1, -1, -1, -1, 1, 1, 1, -1, -1, 1, 1, -1, -1, -1, -1, 1, 1, 1, 1, -1, -1, 1, -1, -1, -1, -1, -1, -1, 1, 1, 1, -1, -1, 1, -1, 1, -1, 1, -1, -1, 1, -1, 1, -1, -1, 1, 1, -1, 1, 1, -1, 1, 1, -1, 1, 1, -1, 1, 1, -1, 1, -1, -1, 1, -1, 1, -1, -1, -1, 1, 1, -1, 1, -1, -1, 1, 1, -1, -1, -1, -1, 1, 1, -1, 1, -1, 1, 1, -1, 1, -1, -1, -1, 1, 1, 1, 1, 1, -1, 1, -1, -1, 1, -1, -1, 1, -1, 1, -1, -1, 1, 1, 1, -1, -1, -1, 1, 1, 1, 1, 1, -1, 1, -1, 1, -1, -1, 1, -1, 1, -1, 1, -1, -1, -1, 1, -1, 1, -1, -1, 1, 1, 1, 1, 1, -1, -1, 1, -1, 1, 1, -1, -1, 1, -1, 1, 1, -1, 1, 1, -1, -1, -1, -1, 1, 1, -1, 1, 1, -1, -1, 1, 1, 1, -1, -1, 1, -1, 1, 1, 1, -1, 1, -1, 1, 1, -1, -1, 1, 1, -1, 1, -1, -1, 1, -1, 1, -1, -1, 1, 1, -1, 1, 1, -1, -1, 1, -1, 1, -1, -1, 1, 1, -1, 1, 1, -1, 1, 1, -1, 1, 1, 1, -1, 1, 1, 1, 1, -1, -1, 1, -1, 1, -1, 1, 1, 1, 1, 1, 1, -1, -1, 1, -1, 1, -1, -1, -1, 1, 1, -1, 1, 1, -1, 1, -1, 1, 1, -1, -1, 1, 1, -1, 1, -1, -1, 1, -1, 1, -1, 1, -1, 1, 1, -1, 1, -1, 1, 1, 1, -1, 1, -1, 1, 1, 1, -1, 1, -1, -1, 1, 1, 1, 1, -1, 1, 1, 1, 1, -1, -1, -1, 1, 1, -1, 1, -1, 1, -1, 1, -1, 1, -1, 1, 1, -1, -1, 1, -1, 1, 1, 1, 1, 1, -1, -1, 1, 1, -1, 1, -1, 1, 1, -1, 1, -1, -1, 1, 1, 1, 1, -1, 1, 1, 1, 1, 1, -1, -1, 1, 1, 1, 1, -1, 1, 1, 1, 1, -1, -1, 1, 1, -1, 1, -1, -1, -1, 1, 1, -1, 1, -1, -1, 1, 1, -1, -1, 1, 1, 1, -1, 1, -1, -1, 1, 1, 1, -1, -1, -1, 1, 1, -1, 1, -1, -1, 1, 1, 1, -1, -1, -1, 1, 1, -1, 1, -1, -1, 1, 1, 1, -1, 1, -1, 1, 1, 1, -1, -1, 1, 1, 1, 1, -1, -1, -1, 1, -1, 1, -1, -1, -1, 1, -1, 1, 1, -1, -1, 1, 1, -1, 1, -1, -1, 1, 1, 1, 1, -1, -1, 1, 1, -1, 1, 1, -1, 1, -1, -1, 1, -1, -1, -1, 1, -1, 1, -1, -1, 1, 1, 1, 1, -1, -1, -1, 1, -1, 1, -1, 1, 1, -1, 1, -1, -1, -1, 1, 1, -1, -1, -1, 1, 1, 1, 1, -1, -1, -1, 1, -1, -1, 1, -1, -1, -1, -1, 1, -1, -1, -1, 1, 1, -1, 1, -1, -1, 1, -1, 1, 1, -1, -1, 1, 1, -1, 1, 1, -1, 1, -1, -1, 1, -1, -1, 1, 1, -1, -1, -1, -1, -1, -1, 1, 1, -1, 1, -1, 1, -1, 1, 1, -1, -1, -1, -1, 1, 1, -1, 1, 1, -1, -1, 1, -1, -1, -1, -1, 1, 1, -1, 1, -1, -1, 1, -1, -1, -1, -1, 1, -1, -1, -1, 1, -1, 1, -1, 1, -1, -1, -1, 1, 1, -1, -1, 1, -1, -1, -1, -1, -1, -1, -1, 1, 1, 1, -1, 1, -1, -1, 1, 1, -1, -1, -1, 1, 1, 1, -1, 1, 1, -1, -1, -1, -1, -1, 1, -1, 1, -1, 1, 1, -1, 1, 1, -1, 1, -1, -1, 1, 1, -1, 1, 1, 1, -1, -1, 1, 1, -1, -1, 1, 1, 1, -1, 1, 1, -1, -1, -1, -1, -1, -1, -1, 1, 1, -1, 1, 1, -1, -1, 1, -1, -1, -1, 1, 1, 1, -1, 1, -1, -1, -1, -1, -1, -1, -1, -1, 1, 1, -1, 1, 1, -1, 1, 1, 1, -1, -1, 1, 1, -1, -1, 1, 1, 1, -1, 1, -1, -1, -1, 1, 1, 1, -1, 1, -1, 1, -1, 1, -1, -1, 1, -1, 1, 1, -1, 1, -1, 1, -1, 1, -1, 1, -1, -1, 1, 1, 1, 1, -1, 1, 1, -1, -1, 1, -1, -1, -1, 1, 1, 1, 1, 1, -1, 1, -1, 1, -1, -1, 1, 1, 1, -1, 1, -1, 1, 1, -1, -1, -1, 1, 1, 1, -1, 1, -1, -1, -1, 1, -1, -1, 1, -1, 1, 1, -1, 1, 1, 1, 1, 1, -1, -1, -1, 1, -1, 1, -1, 1, 1, 1, 1, 1, -1, 1, -1, -1, 1, 1, -1, 1, 1, 1, -1, -1, 1, -1, -1, 1, -1, 1, 1, 1, 1, -1, -1, 1, 1, 1, -1, -1, -1, -1, -1, -1, 1, 1, 1, 1, 1, 1, 1, -1, -1, 1, 1, -1, 1, -1, 1, 1, 1, 1, -1, 1, 1, 1, -1, -1, 1, 1, 1, -1, 1, 1, 1, 1, 1, 1, 1, -1, -1, 1, -1, -1, 1, -1, -1, 1, -1, 1, 1, -1, 1, 1, -1, 1, -1, 1, 1, 1, 1, 1, 1, -1, 1, 1, 1, 1, 1, -1, -1, 1, -1, 1, -1, -1, 1, -1, 1, -1, -1, 1, 1, 1, 1, 1, -1, -1, -1, 1, -1, 1, 1, -1, 1, 1, 1, -1, -1, -1, -1, 1, -1, -1, 1, 1, 1, 1, -1, 1, -1, -1, -1, 1, -1, 1, 1, -1, 1, -1, 1, -1, -1, 1, -1, 1, -1, -1, 1, 1, -1, 1, 1, 1, -1, -1, 1, -1, 1, -1, 1, 1, 1, 1, 1, -1, -1, 1, 1, -1, -1, -1, 1, -1, 1, -1, 1, -1, -1, -1, -1, -1, 1, -1, 1, 1, 1, 1, 1, -1, -1, 1, -1, 1, 1, -1, 1, 1, 1, 1, -1, 1, -1, 1, -1, 1, 1, 1, -1, 1, 1, -1, 1, -1, 1, -1, -1, 1, 1, -1, -1, 1, 1, 1, 1, -1, 1, -1, -1, 1, -1, 1, -1, 1, -1, 1, -1, 1, -1, -1, 1, 1, -1, -1, -1, 1, 1, 1, -1, 1, 1, -1, 1, -1, 1, -1, 1, 1, 1, 1, -1, 1, -1, -1, 1, -1, -1, -1, -1, 1, 1, 1, -1, 1, -1, 1, 1, 1, 1, -1, 1, 1, 1, 1, -1, 1, -1, -1, 1, -1, -1, 1, -1, 1, 1, 1, -1, 1, -1, 1, 1, -1, 1, -1, -1, 1, 1, -1, -1, -1, 1, 1, -1, 1, 1, 1, -1, 1, 1, 1, -1, 1, -1, -1, 1, 1, 1, -1, -1, 1, 1, 1, -1, 1, -1, -1, -1, 1, -1, 1, 1, -1, 1, 1, -1, -1, -1, -1, 1, 1, 1, 1, -1, 1, 1, 1, -1, 1, 1, -1, 1, -1, 1, -1, -1, 1, 1, 1, -1, 1, -1, -1, -1, 1, 1, 1, 1, -1, 1, -1, -1, -1, -1, -1, -1, 1, -1, 1, -1, 1, 1, 1, -1, -1, 1, 1, 1, 1, 1, 1, -1, 1, 1, 1, -1, -1, -1, -1, 1, 1, 1, 1, 1, 1, 1, -1, -1, -1, -1, -1, -1, 1, 1, 1, -1, 1, 1, -1, -1, 1, -1, -1, 1, 1, 1, 1, -1, 1, 1, 1, -1, -1, -1, -1, -1, 1, 1, 1, -1, 1, 1, 1, -1, -1, 1, -1, -1, 1, 1, 1, -1, 1, 1, 1, -1, 1, -1, -1, 1, -1, 1, 1, -1, 1, 1, 1, -1, 1, -1, -1, -1, 1, 1, 1, -1, 1, -1, 1, -1, -1, 1, -1, -1, 1, 1, 1, -1, 1, 1, 1, -1, 1, 1, -1, -1, 1, 1, 1, 1, -1, 1, -1, -1, 1, 1, 1, -1, 1, -1, 1, 1, 1, 1, 1, -1, 1, 1, -1, 1, -1, 1, 1, 1, -1, 1, -1, -1, 1, 1, -1, 1, -1, 1, 1, -1, 1, 1, 1, -1, 1, 1, 1, -1, 1, 1, 1, 1, 1, -1, -1, -1, 1, 1, -1, -1, 1, 1, -1, -1, 1, -1, -1, -1, 1, 1, 1, -1, -1, 1, 1, -1, -1, 1, 1, 1, 1, 1, -1, -1, 1, 1, 1, 1, 1, 1, -1, -1, 1, 1, -1, -1, 1, 1, -1, -1, 1, 1, -1, -1, 1, 1, 1, -1, 1, 1, 1, 1, -1, 1, -1, -1, 1, 1, 1, -1, 1, 1, 1, 1, -1, 1, -1, 1, -1, 1, -1, -1, -1, -1, 1, 1, 1, 1, 1, -1, -1, 1, -1, -1, -1, 1, 1, -1, -1, 1, -1, 1, 1, 1, -1, 1, -1, 1, 1, 1, -1, -1, 1, -1, -1, 1, -1, -1, 1, -1, 1, 1, -1, -1, -1, -1, 1, -1, 1, -1, 1, 1, 1, -1, -1, -1, 1, -1, 1, 1, 1, -1, -1, -1, 1, -1, -1, 1, 1, -1, -1, 1, 1, 1, -1, 1, -1, 1, -1, 1, 1, 1, 1, 1, 1, -1, -1, 1, -1, 1, -1, -1, 1, -1, 1, 1, 1, 1, -1, -1, -1, 1, -1, -1, 1, 1, -1, 1, -1, 1, -1, -1, -1, 1, -1, -1, 1, -1, -1, 1, 1, 1, -1, 1, -1, 1, -1, -1, 1, 1, -1, 1, -1, 1, -1, 1, 1, -1, -1, -1, 1, 1, 1, -1, 1, 1, 1, -1, -1, -1, 1, -1, 1, 1, -1, 1, -1, 1, 1, -1, 1, -1, 1, 1, 1, 1, 1, 1, 1, 1, 1, -1, -1, -1, 1, -1, 1, 1, -1, 1, 1, 1, -1, 1, -1, 1, -1, -1, 1, -1, 1, -1, 1, 1, -1, -1, -1, -1, -1, -1, 1, 1, -1, -1, 1, 1, 1, -1, -1, -1, 1, -1, 1, -1, 1, -1, -1, 1, -1, 1, -1, -1, -1, -1, 1, -1, -1, -1, 1, -1, -1, -1, 1, -1, -1, -1, 1, -1, 1, -1, 1, -1, 1, -1, 1, -1, 1, 1, 1, 1, -1, -1, 1, -1, 1, -1, 1, -1, -1, 1, 1, -1, 1, -1, 1, -1, 1, -1, 1, -1, 1, -1, 1, -1, 1, -1, 1, 1, 1, 1, 1, -1, -1, 1, -1, 1, -1, 1, -1, 1, -1, 1, 1, -1, 1, -1, 1, 1, 1, -1, 1, 1, 1, 1, -1, -1, 1, 1, -1, 1, 1, 1, 1, -1, 1, 1, 1, -1, 1, -1, 1, -1, -1
BQP_DATA, 3447, 16013, -7655.000000, -9703.000000, -21836.000000, -23884.000000, 4096.004032, 8513, 1980
