Set parameter TSPort to value 51199
Set parameter TokenServer to value "open-license1.lanl.gov"
Set parameter TimeLimit to value 2048
Set parameter Threads to value 1
Gurobi Optimizer version 10.0.3 build v10.0.3rc0 (linux64)

CPU model: Intel(R) Xeon(R) CPU E5-2695 v4 @ 2.10GHz, instruction set [SSE2|AVX|AVX2]
Thread count: 36 physical cores, 72 logical processors, using up to 1 threads

Optimize a model with 0 rows, 2396 columns and 0 nonzeros
Model fingerprint: 0x9dc50af3
Model has 10957 quadratic objective terms
Variable types: 0 continuous, 2396 integer (2396 binary)
Coefficient statistics:
  Matrix range     [0e+00, 0e+00]
  Objective range  [2e+00, 3e+01]
  QObjective range [8e+00, 8e+00]
  Bounds range     [1e+00, 1e+00]
  RHS range        [0e+00, 0e+00]
Found heuristic solution: objective 0.0000000
Found heuristic solution: objective -4082.000000
Found heuristic solution: objective -14570.00000
Found heuristic solution: objective -14596.00000
Presolve removed 0 rows and 3 columns
Presolve time: 0.36s
Presolved: 10954 rows, 13347 columns, 32862 nonzeros
Variable types: 0 continuous, 13347 integer (13347 binary)

Root relaxation: objective -2.047500e+04, 3316 iterations, 0.05 seconds (0.02 work units)

    Nodes    |    Current Node    |     Objective Bounds      |     Work
 Expl Unexpl |  Obj  Depth IntInf | Incumbent    BestBd   Gap | It/Node Time

     0     0 -20475.000    0 2393 -14596.000 -20475.000  40.3%     -    0s
     0     0 -19057.500    0 3093 -14596.000 -19057.500  30.6%     -    1s
     0     0 -18902.000    0 3193 -14596.000 -18902.000  29.5%     -    1s
     0     0 -18896.000    0 3193 -14596.000 -18896.000  29.5%     -    1s
     0     0 -18580.000    0 3410 -14596.000 -18580.000  27.3%     -    2s
     0     0 -18580.000    0 3370 -14596.000 -18580.000  27.3%     -    2s
     0     2 -18580.000    0 3363 -14596.000 -18580.000  27.3%     -    3s
    49    51 -18353.500   25 3600 -14596.000 -18571.000  27.2%   169    5s
   341   343 -17121.500  171 4365 -14596.000 -18571.000  27.2%   108   10s
H  540   540                    -14600.00000 -18571.000  27.2%  96.3   13s
   646   648 -16061.500  323 4731 -14600.000 -18571.000  27.2%  90.9   15s
   918   920 -15372.500  460 4852 -14600.000 -18571.000  27.2%  79.9   21s
H  962   962                    -14602.00000 -18571.000  27.2%  79.3   22s
  1104  1106 -14895.500  554 4669 -14602.000 -18571.000  27.2%  75.9   25s
H 1248  1248                    -14606.00000 -18571.000  27.1%  71.8   27s
H 1300  1249                    -14608.00000 -18571.000  27.1%  70.1   27s
  1310  1249 -15797.500  369 2393 -14608.000 -18571.000  27.1%  69.8   31s
  1313  1251 -15246.500  484 4053 -14608.000 -17717.983  21.3%  69.6   35s
  1322  1257 -16683.500  231 4732 -14608.000 -17315.100  18.5%  69.1   46s
  1323  1258 -15086.500  519 5065 -14608.000 -17232.992  18.0%  69.1   59s
  1324  1259 -15185.500  498 5205 -14608.000 -17213.283  17.8%  69.0   66s
  1325  1259 -17207.461  150 5320 -14608.000 -17207.461  17.8%  69.0   70s
  1329  1262 -15173.500  501 5437 -14608.000 -17203.573  17.8%  68.8   75s
  1334  1265 -16965.595  170 5848 -14608.000 -16965.595  16.1%  68.5  119s
  1335  1266 -16904.402   74 6192 -14608.000 -16904.402  15.7%  68.5  155s
  1336  1267 -14967.500  542 6280 -14608.000 -16891.326  15.6%  68.4  164s
  1337  1267 -16885.798  137 6441 -14608.000 -16885.798  15.6%  68.4  169s
  1338  1268 -16652.500  236 6540 -14608.000 -16884.151  15.6%  68.3  172s
  1340  1269 -15913.500  348 6628 -14608.000 -16883.122  15.6%  68.2  175s
  1348  1275 -16244.500  296 7281 -14608.000 -16654.561  14.0%  67.8  262s
  1349  1275 -14855.500  563 7632 -14608.000 -16609.249  13.7%  67.7  324s
  1350  1276 -15435.500  446 7828 -14608.000 -16597.761  13.6%  67.7  345s
  1351  1277 -14805.500  575 7999 -14608.000 -16593.305  13.6%  67.6  357s
  1352  1277 -14901.500  554 8051 -14608.000 -16591.286  13.6%  67.6  365s
  1354  1279 -15588.500  405 8073 -14608.000 -16589.903  13.6%  67.5  372s
  1356  1280 -15831.500  362 8132 -14608.000 -16589.655  13.6%  67.4  375s
  1359  1282 -14660.500  620 8658 -14608.000 -16436.973  12.5%  67.2  495s
  1360  1283 -16401.814  226 9049 -14608.000 -16401.814  12.3%  67.2  578s
  1361  1283 -16395.370  230 9060 -14608.000 -16395.370  12.2%  67.1  604s
  1362  1284 -16393.373  169 9153 -14608.000 -16393.373  12.2%  67.1  617s
  1363  1285 -16392.761  154 9296 -14608.000 -16392.761  12.2%  67.0  623s
  1364  1285 -16392.374  138 9352 -14608.000 -16392.374  12.2%  67.0  628s
  1365  1286 -16392.260   95 9363 -14608.000 -16392.260  12.2%  66.9  630s
  1369  1289 -15068.500  523 9414 -14608.000 -16392.196  12.2%  66.8  635s
  1370  1289 -16281.605  106 9889 -14608.000 -16281.605  11.5%  66.7  777s
  1371  1290 -14667.500  618 10087 -14608.000 -16261.533  11.3%  66.7  846s
  1372  1291 -16256.960  132 10232 -14608.000 -16256.960  11.3%  66.6  876s
  1373  1291 -16194.500  302 10293 -14608.000 -16255.642  11.3%  66.6  888s
  1374  1292 -14896.167  556 10390 -14608.000 -16255.275  11.3%  66.5  894s
  1375  1293 -16255.138  178 10387 -14608.000 -16255.138  11.3%  66.5  897s
  1377  1294 -16255.037  198 10461 -14608.000 -16255.037  11.3%  66.4  900s
  1380  1296 -15716.500  381 10463 -14608.000 -16196.901  10.9%  66.2 1026s
  1381  1297 -15486.500  434 10586 -14608.000 -16184.442  10.8%  66.2 1100s
  1382  1297 -16182.135  170 10742 -14608.000 -16182.135  10.8%  66.1 1122s
  1383  1298 -16181.137  104 10779 -14608.000 -16181.137  10.8%  66.1 1138s
  1384  1299 -15521.500  422 10808 -14608.000 -16180.884  10.8%  66.0 1143s
  1385  1299 -15105.500  515 10853 -14608.000 -16180.809  10.8%  66.0 1145s
  1389  1302 -16151.500  309 10897 -14608.000 -16180.746  10.8%  65.8 1152s
  1390  1303 -16132.754   81 10855 -14608.000 -16132.754  10.4%  65.7 1284s
  1391  1303 -16122.515  297 10962 -14608.000 -16122.515  10.4%  65.7 1359s
  1392  1304 -16120.670  253 11031 -14608.000 -16120.670  10.4%  65.6 1378s
  1393  1305 -15198.000  495 11069 -14608.000 -16120.044  10.4%  65.6 1387s
  1394  1305 -15127.500  511 11092 -14608.000 -16119.842  10.3%  65.6 1394s
  1395  1306 -16119.783   61 11146 -14608.000 -16119.783  10.3%  65.5 1397s
  1396  1307 -14699.500  606 11116 -14608.000 -16119.734  10.3%  65.5 1400s
  1399  1309 -15657.500  393 11153 -14608.000 -16119.710  10.3%  65.3 1405s
  1400  1309 -15816.500  366 11117 -14608.000 -16086.864  10.1%  65.3 1527s
  1401  1310 -16080.757  225 11211 -14608.000 -16080.757  10.1%  65.2 1586s
  1402  1311 -16079.776  164 11204 -14608.000 -16079.776  10.1%  65.2 1599s
  1403  1311 -16079.395   16 11279 -14608.000 -16079.395  10.1%  65.1 1610s
  1404  1312 -15874.500  355 11289 -14608.000 -16079.236  10.1%  65.1 1616s
  1406  1313 -14753.500  588 11317 -14608.000 -16079.164  10.1%  65.0 1621s
  1409  1315 -14707.500  604 11344 -14608.000 -16079.143  10.1%  64.9 1626s
  1410  1316 -15797.500  369 11271 -14608.000 -16055.795  9.91%  64.8 1740s
  1411  1317 -15459.500  442 11375 -14608.000 -16050.353  9.87%  64.8 1800s
  1412  1317 -16049.457   58 11395 -14608.000 -16049.457  9.87%  64.7 1814s
  1413  1318 -15246.500  484 11456 -14608.000 -16049.133  9.87%  64.7 1825s
  1414  1319 -16048.994   72 11474 -14608.000 -16048.994  9.86%  64.6 1831s
  1417  1321 -15422.500  450 11491 -14608.000 -16048.955  9.86%  64.5 1837s
  1418  1321 -15312.500  472 11377 -14608.000 -16030.054  9.73%  64.4 1942s
  1419  1322 -16025.246   46 11479 -14608.000 -16025.246  9.70%  64.4 1992s
  1420  1323 -15115.167  513 11477 -14608.000 -16024.127  9.69%  64.4 2014s
  1421  1323 -16023.831  230 11511 -14608.000 -16023.831  9.69%  64.3 2024s
  1422  1324 -16023.748  231 11542 -14608.000 -16023.748  9.69%  64.3 2029s
  1423  1325 -15086.500  519 11542 -14608.000 -16023.678  9.69%  64.2 2031s
  1426  1327 -16023.648  149 11578 -14608.000 -16023.648  9.69%  64.1 2037s

Cutting planes:
  Gomory: 94
  MIR: 410
  Flow cover: 3835
  Zero half: 1547
  Mod-K: 79
  RLT: 541
  BQP: 704

Explored 1426 nodes (1592124 simplex iterations) in 2048.02 seconds (2927.49 work units)
Thread count was 1 (of 72 available processors)

Solution count 8: -14608 -14606 -14602 ... 0

Time limit reached
Best objective -1.460800000000e+04, best bound -1.602200000000e+04, gap 9.6796%

User-callback calls 13044, time in user-callback 0.06 sec

BQP_SOLUTION, 2396, 10957, -5090.000000, 2048.015820, 1, 1, -1, 1, -1, 1, -1, 1, -1, 1, -1, 1, -1, -1, 1, -1, 1, 1, 1, -1, -1, -1, 1, 1, 1, -1, 1, 1, -1, 1, -1, -1, -1, 1, 1, -1, -1, 1, 1, 1, 1, -1, 1, 1, 1, -1, -1, 1, 1, 1, 1, 1, -1, 1, 1, -1, 1, -1, 1, -1, -1, 1, -1, 1, 1, 1, -1, 1, 1, -1, -1, -1, 1, 1, -1, 1, 1, 1, 1, -1, -1, 1, 1, -1, 1, -1, 1, -1, 1, -1, 1, -1, -1, -1, 1, 1, -1, 1, 1, 1, 1, -1, -1, 1, -1, 1, -1, 1, -1, 1, 1, -1, 1, -1, -1, 1, 1, -1, 1, 1, -1, -1, -1, 1, -1, 1, 1, 1, 1, 1, 1, 1, -1, 1, 1, -1, 1, 1, 1, 1, -1, -1, 1, 1, -1, 1, 1, -1, 1, 1, -1, 1, -1, -1, 1, -1, 1, -1, 1, 1, -1, 1, 1, -1, -1, -1, 1, -1, 1, -1, -1, -1, 1, -1, 1, -1, 1, 1, 1, -1, -1, 1, 1, -1, 1, 1, -1, 1, 1, 1, -1, 1, 1, -1, 1, -1, -1, 1, -1, 1, 1, -1, 1, -1, 1, 1, -1, 1, 1, 1, -1, 1, -1, -1, -1, -1, -1, 1, 1, 1, -1, 1, -1, -1, 1, 1, -1, 1, -1, 1, 1, 1, 1, -1, -1, 1, -1, 1, 1, 1, 1, 1, 1, -1, 1, 1, -1, 1, 1, -1, 1, 1, -1, -1, 1, -1, 1, 1, 1, 1, 1, 1, -1, 1, 1, -1, 1, 1, 1, -1, 1, 1, 1, -1, 1, -1, 1, 1, -1, 1, 1, 1, -1, -1, 1, -1, -1, 1, 1, 1, 1, -1, 1, -1, 1, -1, 1, 1, 1, 1, 1, 1, -1, -1, 1, -1, -1, 1, 1, -1, 1, 1, 1, 1, 1, -1, 1, 1, 1, -1, 1, 1, 1, 1, -1, -1, 1, 1, -1, 1, 1, -1, 1, -1, 1, -1, 1, 1, 1, 1, 1, -1, 1, 1, -1, -1, 1, 1, -1, -1, 1, -1, -1, 1, 1, -1, 1, 1, -1, 1, -1, -1, 1, 1, -1, 1, 1, -1, -1, 1, -1, -1, 1, -1, -1, 1, 1, -1, -1, 1, -1, -1, 1, 1, -1, 1, 1, -1, 1, 1, -1, -1, 1, -1, -1, 1, 1, 1, -1, 1, 1, -1, -1, 1, 1, -1, 1, -1, -1, -1, -1, -1, 1, -1, -1, 1, 1, 1, -1, 1, -1, -1, 1, -1, 1, -1, -1, 1, -1, 1, -1, 1, 1, 1, -1, -1, 1, 1, -1, 1, 1, -1, -1, -1, 1, -1, 1, 1, -1, 1, -1, -1, 1, 1, -1, -1, 1, 1, -1, 1, 1, -1, -1, 1, -1, -1, 1, 1, -1, 1, 1, -1, -1, 1, -1, -1, -1, 1, -1, 1, 1, -1, 1, -1, -1, -1, -1, -1, -1, 1, -1, -1, -1, 1, -1, 1, -1, 1, -1, 1, 1, -1, 1, -1, -1, -1, -1, -1, 1, -1, 1, -1, 1, -1, -1, -1, -1, 1, 1, 1, 1, -1, 1, -1, 1, -1, -1, -1, -1, 1, -1, -1, 1, -1, 1, -1, 1, 1, -1, 1, -1, 1, 1, -1, -1, 1, 1, 1, 1, -1, 1, -1, 1, -1, -1, -1, 1, -1, -1, -1, 1, 1, 1, -1, -1, -1, -1, 1, -1, 1, 1, 1, -1, 1, -1, -1, -1, 1, 1, -1, -1, 1, 1, -1, 1, -1, 1, 1, -1, 1, -1, -1, 1, -1, -1, 1, -1, 1, 1, -1, 1, 1, 1, 1, -1, 1, 1, 1, -1, 1, -1, 1, -1, -1, -1, -1, -1, 1, -1, -1, -1, 1, -1, 1, -1, -1, 1, 1, -1, -1, 1, -1, -1, 1, -1, 1, 1, 1, 1, -1, -1, 1, 1, 1, -1, -1, -1, 1, 1, -1, -1, -1, 1, -1, 1, -1, 1, 1, -1, 1, -1, -1, -1, 1, 1, -1, 1, 1, -1, -1, -1, -1, 1, -1, 1, 1, -1, 1, 1, 1, -1, -1, -1, 1, 1, -1, 1, -1, 1, -1, -1, -1, -1, 1, 1, -1, 1, 1, 1, 1, -1, -1, -1, 1, -1, 1, 1, 1, -1, -1, -1, -1, -1, 1, 1, 1, 1, -1, -1, -1, -1, -1, 1, 1, 1, -1, -1, 1, -1, -1, -1, -1, 1, 1, 1, 1, 1, -1, 1, 1, -1, 1, -1, 1, 1, 1, 1, -1, -1, -1, -1, -1, 1, 1, -1, 1, -1, -1, -1, 1, -1, 1, -1, 1, 1, 1, -1, -1, -1, 1, -1, -1, 1, 1, 1, 1, -1, -1, -1, -1, 1, -1, 1, -1, 1, 1, -1, 1, -1, -1, 1, -1, 1, 1, 1, 1, -1, 1, -1, 1, 1, -1, 1, 1, 1, 1, 1, -1, -1, 1, 1, -1, 1, 1, 1, 1, -1, 1, -1, 1, 1, -1, 1, -1, 1, -1, 1, 1, -1, 1, 1, -1, 1, 1, -1, 1, -1, 1, -1, 1, -1, 1, -1, 1, -1, 1, 1, -1, -1, 1, 1, -1, 1, -1, 1, -1, -1, -1, -1, -1, 1, -1, 1, -1, 1, 1, -1, -1, 1, -1, -1, 1, 1, -1, -1, 1, -1, -1, -1, -1, -1, -1, 1, 1, -1, -1, -1, 1, -1, 1, -1, 1, -1, 1, 1, -1, 1, -1, -1, -1, 1, -1, 1, -1, -1, 1, 1, -1, 1, -1, -1, -1, 1, 1, -1, -1, -1, 1, 1, -1, -1, -1, -1, 1, -1, -1, -1, 1, 1, -1, 1, -1, -1, 1, -1, 1, -1, 1, -1, -1, 1, -1, -1, 1, -1, -1, -1, 1, -1, -1, -1, -1, -1, 1, -1, -1, -1, 1, -1, -1, -1, -1, 1, 1, -1, -1, -1, 1, 1, -1, -1, -1, 1, -1, -1, -1, -1, 1, 1, -1, -1, -1, 1, 1, 1, -1, 1, 1, -1, 1, -1, -1, -1, -1, -1, -1, 1, 1, 1, -1, 1, -1, -1, -1, 1, -1, -1, 1, -1, 1, -1, -1, -1, -1, -1, 1, -1, 1, 1, -1, -1, 1, -1, -1, 1, -1, -1, 1, 1, 1, -1, -1, -1, -1, -1, -1, -1, 1, 1, 1, -1, -1, 1, -1, -1, 1, -1, 1, 1, -1, -1, -1, -1, -1, 1, 1, -1, 1, 1, 1, -1, -1, 1, -1, -1, -1, -1, 1, 1, 1, 1, -1, 1, -1, -1, -1, -1, 1, 1, -1, -1, 1, -1, -1, -1, -1, -1, 1, 1, 1, -1, 1, -1, 1, -1, 1, -1, 1, 1, -1, -1, 1, 1, -1, -1, 1, -1, 1, 1, -1, 1, 1, -1, -1, -1, -1, 1, 1, 1, -1, -1, 1, 1, -1, 1, -1, -1, 1, -1, 1, -1, -1, 1, -1, 1, -1, -1, 1, 1, -1, -1, -1, 1, -1, -1, -1, -1, 1, 1, -1, -1, -1, 1, -1, -1, -1, -1, -1, 1, 1, -1, -1, 1, 1, -1, 1, -1, 1, 1, 1, -1, -1, 1, -1, -1, -1, -1, -1, -1, 1, -1, -1, 1, -1, -1, -1, -1, 1, 1, 1, 1, -1, 1, -1, -1, -1, -1, -1, -1, 1, 1, -1, 1, 1, 1, 1, -1, 1, 1, -1, -1, -1, 1, 1, -1, 1, -1, -1, 1, -1, -1, -1, -1, 1, 1, 1, -1, -1, 1, -1, 1, -1, 1, -1, 1, -1, -1, 1, -1, 1, -1, -1, 1, -1, 1, 1, 1, -1, 1, -1, 1, -1, 1, -1, 1, -1, -1, 1, 1, -1, -1, -1, 1, -1, 1, 1, -1, 1, 1, 1, -1, -1, 1, -1, 1, -1, -1, -1, 1, -1, -1, -1, 1, 1, -1, 1, -1, 1, 1, -1, 1, -1, 1, 1, -1, 1, -1, -1, 1, -1, 1, -1, 1, 1, -1, -1, -1, 1, 1, -1, 1, -1, 1, -1, 1, -1, -1, 1, -1, -1, 1, 1, 1, -1, 1, -1, 1, 1, -1, -1, -1, 1, 1, -1, 1, -1, -1, -1, -1, -1, 1, -1, 1, -1, 1, 1, -1, 1, 1, -1, 1, 1, 1, -1, 1, -1, 1, 1, 1, 1, 1, -1, 1, -1, 1, -1, 1, 1, -1, 1, -1, -1, 1, -1, 1, 1, -1, -1, -1, 1, 1, -1, 1, 1, 1, -1, 1, 1, 1, -1, 1, -1, 1, 1, 1, -1, 1, 1, -1, -1, 1, -1, 1, 1, 1, 1, 1, -1, 1, -1, 1, -1, 1, 1, 1, 1, 1, -1, -1, 1, 1, 1, 1, 1, 1, -1, 1, 1, 1, -1, -1, -1, 1, 1, 1, -1, 1, 1, -1, 1, -1, 1, 1, 1, -1, 1, 1, -1, -1, 1, 1, -1, 1, 1, 1, 1, 1, 1, -1, 1, 1, -1, 1, 1, 1, -1, 1, -1, 1, 1, 1, 1, 1, -1, 1, 1, 1, -1, 1, 1, -1, 1, 1, 1, 1, 1, -1, -1, 1, 1, -1, 1, 1, 1, 1, -1, -1, 1, 1, -1, -1, 1, -1, 1, 1, 1, 1, -1, 1, 1, 1, 1, -1, 1, 1, -1, 1, -1, -1, 1, 1, 1, 1, 1, 1, 1, 1, -1, 1, 1, 1, 1, 1, -1, 1, 1, -1, 1, -1, 1, -1, -1, 1, -1, 1, 1, 1, 1, -1, 1, 1, -1, -1, -1, 1, 1, 1, -1, -1, 1, -1, 1, -1, 1, 1, 1, 1, 1, 1, 1, -1, 1, -1, 1, 1, 1, 1, 1, -1, 1, -1, -1, -1, 1, 1, 1, 1, 1, -1, -1, -1, 1, -1, 1, -1, 1, 1, 1, 1, -1, -1, 1, -1, 1, 1, 1, -1, 1, -1, 1, -1, 1, -1, 1, -1, 1, -1, 1, -1, -1, 1, -1, -1, 1, -1, 1, -1, 1, -1, -1, 1, 1, -1, 1, -1, 1, 1, 1, 1, -1, -1, -1, -1, 1, 1, -1, -1, 1, -1, -1, -1, 1, -1, 1, 1, -1, -1, 1, -1, -1, 1, 1, -1, 1, 1, -1, -1, 1, 1, -1, -1, 1, 1, 1, 1, -1, 1, 1, -1, -1, 1, -1, 1, 1, -1, 1, -1, 1, -1, 1, 1, -1, -1, 1, -1, -1, 1, -1, -1, 1, -1, -1, -1, -1, 1, -1, 1, -1, -1, -1, 1, 1, -1, 1, 1, -1, -1, 1, -1, -1, 1, -1, 1, -1, 1, -1, -1, -1, -1, 1, 1, -1, -1, 1, 1, -1, -1, -1, -1, 1, 1, -1, 1, -1, 1, -1, -1, 1, -1, 1, 1, -1, -1, -1, 1, 1, 1, -1, -1, 1, 1, -1, -1, -1, -1, 1, -1, 1, -1, 1, 1, -1, -1, -1, 1, 1, -1, 1, -1, 1, 1, 1, -1, 1, 1, 1, 1, -1, 1, 1, 1, -1, -1, -1, 1, 1, 1, 1, -1, 1, 1, -1, -1, 1, 1, 1, -1, 1, 1, 1, -1, -1, 1, 1, 1, 1, 1, 1, 1, -1, 1, -1, -1, -1, 1, -1, -1, -1, 1, 1, 1, -1, 1, -1, 1, 1, 1, -1, 1, 1, 1, -1, -1, 1, 1, 1, -1, -1, 1, 1, 1, -1, -1, -1, 1, 1, -1, 1, 1, 1, 1, -1, 1, 1, 1, 1, 1, 1, 1, 1, 1, 1, -1, 1, 1, 1, -1, 1, 1, 1, 1, 1, -1, 1, 1, 1, 1, 1, 1, 1, 1, 1, -1, 1, 1, 1, 1, 1, 1, 1, 1, 1, -1, 1, -1, -1, 1, -1, 1, 1, 1, 1, -1, 1, 1, 1, 1, -1, 1, 1, 1, 1, -1, 1, 1, 1, -1, 1, 1, 1, 1, -1, 1, 1, -1, 1, -1, 1, 1, 1, 1, -1, 1, 1, 1, 1, -1, 1, -1, 1, 1, -1, -1, 1, 1, 1, 1, 1, -1, 1, 1, 1, -1, 1, 1, -1, -1, -1, 1, 1, -1, 1, -1, 1, 1, 1, -1, -1, -1, -1, 1, 1, -1, 1, 1, 1, 1, -1, -1, -1, 1, -1, -1, 1, -1, 1, -1, 1, -1, -1, 1, 1, 1, -1, 1, -1, 1, -1, 1, 1, 1, -1, -1, 1, -1, 1, -1, -1, -1, -1, 1, -1, 1, -1, 1, 1, 1, -1, -1, -1, 1, 1, -1, 1, -1, 1, 1, -1, -1, -1, 1, 1, 1, 1, 1, 1, -1, -1, -1, 1, -1, -1, 1, 1, 1, 1, 1, -1, -1, 1, 1, -1, 1, -1, 1, 1, -1, -1, -1, 1, -1, 1, 1, 1, 1, -1, 1, -1, -1, 1, 1, -1, -1, 1, 1, 1, -1, -1, -1, 1, -1, -1, 1, -1, 1, -1, -1, -1, -1, 1, -1, 1, -1, 1, -1, 1, -1, 1, -1, -1, 1, 1, -1, 1, 1, 1, -1, -1, -1, 1, -1, -1, 1, -1, 1, 1, -1, -1, -1, -1, -1, 1, 1, -1, 1, 1, -1, 1, -1, 1, 1, -1, 1, -1, 1, 1, -1, 1, -1, -1, 1, -1, 1, -1, 1, 1, -1, -1, -1, -1, -1, 1, -1, 1, 1, 1, -1, 1, -1, 1, -1, -1, -1, 1, -1, 1, 1, 1, 1, -1, -1, 1, -1, -1, 1, 1, -1, -1, 1, -1, -1, -1, 1, 1, 1, 1, -1, -1, -1, 1, -1, -1, 1, -1, 1, 1, -1, -1, -1, -1, -1, -1, -1, 1, 1, 1, -1, 1, 1, 1, -1, 1, 1, -1, 1, 1, -1, -1, 1, -1, 1, -1, 1, 1, 1, 1, -1, -1, -1, -1, 1, -1, 1, 1, -1, 1, 1, -1, 1, -1, -1, -1, 1, 1, -1, 1, 1, -1, 1, 1, 1, -1, 1, -1, -1, 1, 1, 1, -1, 1, -1, 1, 1, 1, -1, 1, 1, -1, 1, 1, 1, -1, 1, -1, -1, -1, -1, -1, 1, 1, -1, 1, 1, -1, -1, 1, 1, -1, 1, 1, -1, 1, 1, -1, -1, -1, -1, -1, 1, 1, 1, -1, 1, -1, -1, 1, -1, 1, 1, 1, -1, 1, 1, -1, -1, 1, -1, -1, 1, 1, 1, -1, 1, -1, -1, -1, -1, -1, -1, -1, 1, 1, 1, -1, -1, -1, -1, 1, 1, 1, -1, 1, 1, 1, -1, -1, 1, -1, -1, 1, 1, -1, 1, -1, -1, -1, 1, 1, 1, 1, 1, 1, 1, 1, -1, -1, -1, -1, 1, 1, -1, 1, 1, 1, 1, -1, 1, -1, -1, 1, 1, 1, -1, 1, -1, 1
BQP_DATA, 2396, 10957, -5090.000000, -6504.000000, -14608.000000, -16022.000000, 2048.015820, 5965, 1426
