Set parameter TSPort to value 51199
Set parameter TokenServer to value "open-license1.lanl.gov"
Set parameter TimeLimit to value 2048
Set parameter Threads to value 1
Gurobi Optimizer version 10.0.3 build v10.0.3rc0 (linux64)

CPU model: Intel(R) Xeon(R) CPU E5-2695 v4 @ 2.10GHz, instruction set [SSE2|AVX|AVX2]
Thread count: 36 physical cores, 72 logical processors, using up to 1 threads

Optimize a model with 0 rows, 2396 columns and 0 nonzeros
Model fingerprint: 0x9fa89405
Model has 10903 quadratic objective terms
Variable types: 0 continuous, 2396 integer (2396 binary)
Coefficient statistics:
  Matrix range     [0e+00, 0e+00]
  Objective range  [2e+00, 3e+01]
  QObjective range [8e+00, 8e+00]
  Bounds range     [1e+00, 1e+00]
  RHS range        [0e+00, 0e+00]
Found heuristic solution: objective 0.0000000
Found heuristic solution: objective -4070.000000
Found heuristic solution: objective -14624.00000
Found heuristic solution: objective -14646.00000
Presolve removed 0 rows and 1 columns
Presolve time: 0.35s
Presolved: 10902 rows, 13297 columns, 32706 nonzeros
Variable types: 0 continuous, 13297 integer (13297 binary)

Root relaxation: objective -2.043500e+04, 3348 iterations, 0.05 seconds (0.02 work units)

    Nodes    |    Current Node    |     Objective Bounds      |     Work
 Expl Unexpl |  Obj  Depth IntInf | Incumbent    BestBd   Gap | It/Node Time

     0     0 -20435.000    0 2395 -14646.000 -20435.000  39.5%     -    0s
     0     0 -19073.000    0 3068 -14646.000 -19073.000  30.2%     -    1s
     0     0 -18896.667    0 3171 -14646.000 -18896.667  29.0%     -    1s
     0     0 -18886.000    0 3178 -14646.000 -18886.000  28.9%     -    1s
     0     0 -18613.000    0 3364 -14646.000 -18613.000  27.1%     -    2s
     0     0 -18613.000    0 3321 -14646.000 -18613.000  27.1%     -    2s
     0     2 -18613.000    0 3321 -14646.000 -18613.000  27.1%     -    3s
    70    72 -18280.000   35 3662 -14646.000 -18598.000  27.0%   148    5s
   346   348 -17231.500  173 4283 -14646.000 -18598.000  27.0%   103   10s
   642   644 -16219.500  321 4546 -14646.000 -18598.000  27.0%  87.4   15s
H  702   702                    -14652.00000 -18598.000  26.9%  84.5   15s
   810   812 -15790.500  405 4586 -14652.000 -18598.000  26.9%  79.8   20s
  1084  1086 -15070.000  543 4409 -14652.000 -18598.000  26.9%  74.1   25s
H 1092  1092                    -14654.00000 -18598.000  26.9%  74.0   25s
H 1330  1298                    -14656.00000 -18598.000  26.9%  68.8   29s
  1341  1299 -17921.500   80 5451 -14656.000 -18597.600  26.9%  68.7   32s
  1345  1302 -16516.500  276 3716 -14656.000 -17988.667  22.7%  68.5   35s
  1349  1304 -17225.500  175 4134 -14656.000 -17631.436  20.3%  68.3   40s
  1355  1308 -15882.500  381 4726 -14656.000 -17298.184  18.0%  68.0   56s
  1356  1309 -17218.883    9 5059 -14656.000 -17218.883  17.5%  68.0   69s
  1357  1310 -17193.244   98 5234 -14656.000 -17193.244  17.3%  67.9   78s
  1358  1310 -15741.500  416 5219 -14656.000 -17187.837  17.3%  67.9   82s
  1360  1312 -15218.500  512 5358 -14656.000 -17184.438  17.3%  67.8   85s
  1366  1316 -15656.500  429 5918 -14656.000 -16952.994  15.7%  67.5  137s
  1367  1316 -15386.000  481 6318 -14656.000 -16885.087  15.2%  67.4  172s
  1368  1317 -15822.500  395 6538 -14656.000 -16865.965  15.1%  67.4  194s
  1369  1318 -16859.716   11 6685 -14656.000 -16859.716  15.0%  67.3  207s
  1370  1318 -15628.500  435 6809 -14656.000 -16857.820  15.0%  67.3  211s
  1372  1320 -15987.500  360 6892 -14656.000 -16856.259  15.0%  67.2  215s
  1376  1322 -14746.500  628 6987 -14656.000 -16855.672  15.0%  67.0  220s
  1379  1324 -16676.221   99 7371 -14656.000 -16676.221  13.8%  66.8  304s
  1380  1325 -16218.500  322 7724 -14656.000 -16618.189  13.4%  66.8  374s
  1381  1326 -15860.500  386 7908 -14656.000 -16603.010  13.3%  66.7  412s
  1382  1326 -15427.000  474 7958 -14656.000 -16599.134  13.3%  66.7  424s
  1383  1327 -16597.520   84 8126 -14656.000 -16597.520  13.2%  66.7  432s
  1384  1328 -15275.500  501 8203 -14656.000 -16596.969  13.2%  66.6  435s
  1386  1329 -16596.314    3 8317 -14656.000 -16596.314  13.2%  66.5  441s
  1390  1332 -15491.000  462 8296 -14656.000 -16596.206  13.2%  66.3  445s
  1391  1332 -16455.266  230 8609 -14656.000 -16455.266  12.3%  66.3  562s
  1392  1333 -16422.943  108 9043 -14656.000 -16422.943  12.1%  66.2  627s
  1393  1334 -14923.500  576 9206 -14656.000 -16414.872  12.0%  66.2  658s
  1394  1334 -14735.500  632 9331 -14656.000 -16412.252  12.0%  66.1  675s
  1395  1335 -16411.405   93 9457 -14656.000 -16411.405  12.0%  66.1  682s
  1396  1336 -16411.040   26 9468 -14656.000 -16411.040  12.0%  66.0  687s
  1398  1337 -14830.500  601 9528 -14656.000 -16410.891  12.0%  65.9  691s
  1401  1339 -15395.000  480 9550 -14656.000 -16410.832  12.0%  65.8  695s
  1402  1340 -16299.790    4 9875 -14656.000 -16299.790  11.2%  65.7  852s
  1403  1340 -16276.312  162 10328 -14656.000 -16276.312  11.1%  65.7  943s
  1404  1341 -14828.500  602 10408 -14656.000 -16271.634  11.0%  65.7  973s
  1405  1342 -15034.000  551 10421 -14656.000 -16270.199  11.0%  65.6  987s
  1406  1342 -16269.819   35 10465 -14656.000 -16269.819  11.0%  65.6  992s
  1407  1343 -16269.682  237 10572 -14656.000 -16269.682  11.0%  65.5  996s
  1409  1344 -16269.587  153 10645 -14656.000 -16269.587  11.0%  65.4 1000s
  1412  1346 -16218.746  149 10618 -14656.000 -16218.746  10.7%  65.3 1119s
  1413  1347 -15451.000  469 10804 -14656.000 -16207.739  10.6%  65.2 1191s
  1414  1348 -15318.000  493 10938 -14656.000 -16204.963  10.6%  65.2 1216s
  1415  1348 -16203.848  181 10927 -14656.000 -16203.848  10.6%  65.1 1234s
  1416  1349 -16203.519  118 10962 -14656.000 -16203.519  10.6%  65.1 1243s
  1417  1350 -16046.500  348 10991 -14656.000 -16203.396  10.6%  65.1 1246s
  1419  1351 -16203.316  323 10989 -14656.000 -16203.316  10.6%  65.0 1250s
  1422  1353 -16164.569  265 10942 -14656.000 -16164.569  10.3%  64.8 1373s
  1423  1354 -15395.000  480 11065 -14656.000 -16157.845  10.2%  64.8 1433s
  1424  1354 -16156.814  293 11148 -14656.000 -16156.814  10.2%  64.7 1448s
  1425  1355 -15576.000  445 11120 -14656.000 -16156.220  10.2%  64.7 1461s
  1426  1356 -16156.076  163 11175 -14656.000 -16156.076  10.2%  64.6 1465s
  1427  1356 -16155.934  282 11142 -14656.000 -16155.934  10.2%  64.6 1470s
  1430  1358 -15786.500  407 11192 -14656.000 -16155.871  10.2%  64.5 1476s
  1431  1359 -16123.208  251 11107 -14656.000 -16123.208  10.0%  64.4 1592s
  1432  1360 -16116.097  173 11183 -14656.000 -16116.097  10.0%  64.4 1658s
  1433  1360 -16114.821  105 11235 -14656.000 -16114.821  10.0%  64.3 1677s
  1434  1361 -16114.556  242 11258 -14656.000 -16114.556  10.0%  64.3 1683s
  1435  1362 -15831.500  393 11294 -14656.000 -16114.475  10.0%  64.2 1688s
  1436  1362 -16114.439  225 11303 -14656.000 -16114.439  10.0%  64.2 1690s
  1439  1364 -15515.000  458 11225 -14656.000 -16088.220  9.77%  64.1 1807s
  1440  1365 -15578.000  444 11331 -14656.000 -16083.588  9.74%  64.0 1864s
  1441  1366 -16082.853   80 11383 -14656.000 -16082.853  9.74%  64.0 1876s
  1442  1366 -15266.250  503 11362 -14656.000 -16082.544  9.73%  63.9 1883s
  1443  1367 -14915.500  578 11395 -14656.000 -16082.497  9.73%  63.9 1886s
  1446  1369 -16082.473   78 11409 -14656.000 -16082.473  9.73%  63.7 1890s
  1447  1370 -14697.500  646 11290 -14656.000 -16062.427  9.60%  63.7 2002s

Cutting planes:
  Gomory: 100
  MIR: 440
  Flow cover: 3797
  Zero half: 1738
  Mod-K: 84
  RLT: 494
  BQP: 674

Explored 1447 nodes (1550274 simplex iterations) in 2048.00 seconds (2885.43 work units)
Thread count was 1 (of 72 available processors)

Solution count 7: -14656 -14654 -14652 ... 0

Time limit reached
Best objective -1.465600000000e+04, best bound -1.606200000000e+04, gap 9.5933%

User-callback calls 13359, time in user-callback 0.06 sec

BQP_SOLUTION, 2396, 10903, -5124.000000, 2048.000863, -1, 1, 1, 1, -1, 1, 1, -1, -1, 1, 1, -1, 1, 1, 1, -1, 1, -1, 1, -1, 1, -1, 1, 1, -1, 1, 1, 1, -1, -1, 1, -1, -1, 1, -1, -1, 1, -1, 1, -1, 1, -1, 1, 1, 1, -1, 1, -1, -1, -1, 1, 1, -1, 1, 1, 1, 1, -1, 1, -1, 1, 1, -1, 1, 1, -1, 1, 1, -1, -1, 1, -1, -1, 1, -1, -1, 1, -1, 1, -1, 1, 1, -1, 1, 1, -1, 1, 1, -1, -1, 1, 1, -1, -1, 1, -1, 1, 1, 1, -1, 1, -1, -1, -1, -1, -1, 1, 1, -1, -1, 1, 1, -1, 1, -1, -1, 1, 1, 1, -1, 1, -1, -1, 1, 1, 1, 1, 1, 1, -1, 1, 1, -1, 1, -1, 1, 1, 1, 1, -1, -1, -1, -1, -1, -1, 1, 1, 1, 1, 1, -1, 1, -1, 1, 1, 1, 1, 1, -1, -1, 1, -1, -1, -1, 1, -1, 1, 1, 1, 1, 1, 1, 1, -1, -1, -1, 1, 1, -1, -1, -1, -1, 1, -1, -1, 1, 1, 1, 1, -1, -1, -1, 1, -1, 1, 1, 1, 1, 1, -1, -1, -1, 1, -1, -1, 1, 1, 1, 1, -1, -1, -1, -1, 1, -1, 1, -1, -1, 1, -1, 1, -1, 1, -1, -1, -1, 1, -1, 1, -1, -1, -1, 1, 1, 1, -1, 1, 1, 1, 1, -1, 1, 1, -1, -1, -1, -1, 1, 1, 1, -1, -1, 1, -1, -1, 1, 1, 1, 1, 1, -1, 1, 1, -1, -1, 1, -1, 1, 1, 1, -1, -1, 1, -1, -1, 1, -1, -1, 1, -1, -1, -1, 1, 1, -1, 1, 1, -1, 1, -1, -1, -1, 1, -1, -1, 1, -1, 1, 1, 1, -1, -1, 1, -1, -1, 1, -1, -1, 1, 1, -1, -1, 1, -1, -1, 1, -1, -1, 1, 1, -1, -1, -1, -1, -1, -1, -1, 1, 1, -1, -1, 1, 1, -1, 1, -1, -1, 1, 1, -1, -1, 1, 1, -1, 1, -1, -1, -1, 1, -1, 1, 1, 1, -1, 1, 1, -1, -1, 1, -1, -1, 1, -1, -1, 1, -1, -1, -1, -1, -1, 1, 1, -1, 1, 1, -1, 1, 1, 1, -1, 1, 1, -1, -1, 1, -1, -1, 1, -1, -1, 1, 1, -1, 1, 1, -1, -1, 1, 1, 1, 1, 1, -1, -1, 1, -1, -1, 1, 1, -1, 1, -1, -1, 1, 1, -1, -1, 1, 1, -1, -1, 1, -1, 1, 1, -1, -1, 1, -1, -1, -1, 1, -1, -1, 1, -1, -1, 1, 1, -1, 1, 1, 1, -1, 1, -1, -1, -1, 1, -1, 1, 1, 1, 1, 1, -1, -1, 1, 1, -1, 1, -1, 1, 1, 1, -1, -1, 1, 1, -1, -1, 1, 1, -1, 1, -1, -1, 1, 1, -1, -1, 1, -1, 1, -1, -1, 1, 1, 1, -1, 1, 1, -1, 1, 1, -1, 1, -1, 1, 1, -1, 1, -1, 1, -1, -1, 1, 1, 1, -1, 1, 1, -1, 1, -1, -1, 1, 1, 1, -1, 1, 1, -1, 1, 1, -1, 1, 1, 1, -1, -1, 1, 1, 1, -1, -1, -1, 1, 1, -1, -1, 1, 1, 1, -1, -1, 1, 1, 1, 1, -1, 1, 1, -1, -1, -1, 1, 1, 1, 1, -1, -1, 1, -1, -1, 1, -1, 1, 1, 1, -1, -1, 1, 1, -1, -1, -1, 1, 1, 1, -1, -1, 1, 1, -1, -1, -1, 1, 1, 1, -1, -1, -1, 1, -1, -1, 1, 1, 1, -1, -1, -1, 1, -1, -1, 1, 1, 1, 1, 1, -1, 1, 1, 1, -1, 1, 1, 1, 1, 1, -1, -1, 1, -1, -1, 1, 1, 1, 1, 1, -1, -1, 1, 1, -1, 1, 1, 1, -1, -1, -1, -1, 1, -1, -1, 1, 1, 1, 1, 1, 1, -1, 1, 1, -1, 1, 1, 1, 1, 1, -1, -1, 1, -1, -1, 1, 1, 1, 1, 1, -1, 1, 1, -1, -1, 1, 1, 1, 1, 1, 1, -1, 1, 1, -1, 1, 1, 1, 1, 1, 1, -1, -1, 1, -1, 1, 1, 1, 1, 1, 1, -1, 1, 1, -1, 1, -1, 1, 1, 1, 1, 1, 1, 1, -1, 1, 1, 1, -1, 1, 1, 1, 1, -1, 1, 1, 1, 1, 1, 1, 1, -1, 1, 1, 1, 1, 1, 1, 1, 1, 1, 1, -1, -1, 1, 1, 1, 1, -1, 1, -1, 1, -1, 1, 1, -1, 1, 1, -1, 1, -1, 1, 1, 1, 1, -1, -1, 1, -1, 1, 1, 1, 1, 1, 1, -1, 1, 1, 1, 1, 1, 1, 1, 1, -1, 1, -1, 1, -1, 1, 1, 1, -1, -1, 1, -1, 1, 1, 1, -1, 1, -1, 1, 1, 1, 1, -1, 1, 1, -1, 1, 1, 1, -1, -1, 1, 1, 1, -1, 1, -1, 1, 1, -1, 1, -1, 1, -1, 1, -1, -1, 1, 1, 1, -1, 1, -1, 1, -1, 1, 1, -1, 1, -1, 1, -1, 1, -1, 1, 1, -1, 1, -1, 1, -1, 1, -1, -1, 1, -1, -1, 1, 1, -1, 1, -1, -1, 1, 1, -1, 1, -1, -1, 1, 1, 1, -1, -1, -1, -1, 1, 1, -1, -1, 1, -1, -1, -1, 1, -1, -1, 1, -1, -1, 1, 1, -1, -1, -1, -1, -1, 1, 1, -1, 1, 1, -1, -1, -1, -1, -1, 1, -1, 1, 1, 1, -1, -1, -1, 1, -1, -1, 1, 1, -1, 1, -1, 1, -1, 1, -1, 1, 1, -1, 1, -1, -1, -1, 1, -1, -1, 1, 1, 1, 1, 1, -1, -1, -1, -1, 1, -1, -1, 1, 1, 1, 1, -1, -1, -1, -1, 1, -1, 1, 1, -1, -1, -1, -1, -1, -1, 1, 1, -1, 1, 1, -1, 1, 1, -1, 1, 1, -1, 1, 1, 1, 1, -1, 1, -1, 1, 1, 1, 1, 1, 1, -1, 1, -1, -1, 1, 1, 1, 1, 1, 1, -1, -1, -1, 1, 1, 1, -1, 1, -1, 1, -1, -1, -1, 1, 1, 1, -1, 1, 1, 1, 1, 1, -1, 1, 1, 1, -1, 1, 1, 1, -1, -1, -1, 1, 1, 1, 1, -1, 1, -1, 1, -1, 1, 1, -1, 1, -1, 1, 1, 1, 1, -1, -1, 1, 1, 1, 1, -1, 1, 1, 1, -1, -1, 1, 1, 1, 1, 1, -1, -1, 1, -1, 1, 1, 1, -1, 1, 1, -1, -1, -1, 1, -1, 1, -1, 1, -1, 1, 1, 1, -1, -1, -1, 1, -1, 1, 1, -1, 1, -1, 1, -1, -1, 1, 1, -1, 1, 1, 1, -1, -1, -1, 1, 1, 1, -1, 1, 1, 1, -1, -1, -1, -1, -1, 1, 1, 1, -1, 1, 1, -1, -1, -1, 1, 1, 1, 1, 1, 1, 1, -1, 1, -1, -1, 1, -1, 1, 1, 1, 1, -1, 1, -1, -1, 1, 1, -1, 1, -1, 1, 1, -1, -1, -1, 1, 1, -1, 1, 1, 1, -1, -1, -1, -1, -1, 1, -1, 1, 1, 1, 1, -1, -1, -1, -1, 1, -1, 1, -1, 1, -1, -1, -1, 1, 1, 1, 1, -1, -1, 1, -1, 1, -1, 1, 1, 1, -1, -1, 1, 1, -1, 1, -1, 1, 1, 1, -1, -1, -1, 1, 1, 1, -1, 1, 1, 1, 1, -1, -1, -1, 1, 1, -1, 1, 1, 1, -1, -1, 1, 1, 1, -1, 1, 1, 1, 1, -1, -1, -1, 1, -1, -1, 1, 1, 1, 1, -1, -1, 1, -1, 1, -1, 1, 1, -1, 1, -1, -1, 1, -1, 1, -1, 1, 1, -1, 1, -1, -1, -1, 1, 1, 1, -1, 1, 1, 1, -1, -1, -1, 1, 1, -1, -1, 1, -1, 1, 1, -1, -1, 1, 1, -1, 1, 1, 1, 1, -1, -1, 1, 1, 1, -1, 1, 1, -1, 1, -1, 1, -1, -1, 1, 1, 1, 1, -1, 1, 1, -1, 1, -1, 1, 1, 1, 1, -1, 1, -1, 1, 1, -1, 1, 1, 1, -1, 1, 1, -1, 1, 1, -1, 1, 1, -1, 1, 1, 1, -1, 1, 1, -1, 1, -1, 1, 1, -1, 1, -1, -1, 1, -1, 1, 1, 1, -1, -1, 1, 1, -1, 1, -1, 1, -1, 1, 1, -1, 1, 1, -1, 1, -1, 1, 1, 1, 1, -1, 1, 1, -1, 1, 1, -1, 1, -1, 1, -1, -1, 1, -1, -1, 1, -1, 1, -1, -1, -1, -1, 1, -1, -1, 1, -1, 1, 1, -1, 1, -1, 1, -1, 1, 1, -1, 1, -1, -1, 1, 1, 1, -1, 1, -1, 1, 1, -1, 1, -1, 1, -1, 1, 1, 1, -1, 1, -1, -1, -1, 1, 1, -1, 1, -1, -1, 1, -1, 1, -1, 1, -1, 1, -1, -1, 1, 1, -1, -1, 1, 1, -1, 1, -1, 1, 1, -1, -1, 1, -1, 1, -1, 1, -1, -1, 1, 1, -1, -1, -1, 1, -1, 1, -1, -1, 1, -1, 1, -1, -1, 1, -1, 1, -1, -1, 1, 1, -1, 1, -1, 1, -1, 1, -1, -1, -1, 1, -1, -1, -1, 1, -1, 1, -1, -1, -1, 1, -1, -1, -1, 1, 1, -1, 1, 1, -1, 1, 1, -1, 1, -1, -1, 1, -1, -1, 1, 1, -1, -1, 1, -1, -1, -1, 1, -1, 1, -1, -1, -1, 1, -1, -1, 1, -1, -1, -1, 1, 1, 1, -1, -1, 1, -1, -1, 1, -1, 1, 1, 1, -1, -1, 1, -1, -1, -1, -1, 1, 1, -1, -1, -1, -1, 1, -1, -1, -1, 1, 1, 1, -1, -1, -1, -1, -1, -1, -1, 1, 1, 1, -1, -1, -1, -1, -1, 1, -1, 1, 1, 1, 1, -1, 1, -1, -1, 1, -1, 1, 1, 1, 1, -1, -1, -1, -1, 1, -1, 1, 1, 1, -1, -1, 1, -1, -1, -1, -1, 1, -1, 1, -1, -1, 1, -1, 1, -1, -1, 1, 1, 1, 1, -1, -1, 1, 1, -1, 1, 1, 1, 1, -1, -1, 1, -1, -1, 1, -1, 1, 1, 1, 1, 1, 1, 1, -1, 1, 1, 1, 1, -1, 1, -1, -1, 1, -1, 1, -1, 1, 1, -1, -1, -1, 1, 1, 1, -1, 1, 1, 1, -1, -1, 1, -1, -1, -1, -1, 1, -1, 1, -1, -1, 1, -1, 1, -1, 1, 1, 1, 1, -1, -1, 1, -1, -1, -1, -1, 1, -1, 1, -1, 1, 1, 1, 1, 1, -1, -1, 1, 1, -1, -1, 1, 1, -1, 1, -1, -1, -1, 1, -1, -1, 1, -1, -1, 1, -1, 1, 1, 1, -1, -1, 1, -1, -1, -1, -1, 1, 1, 1, -1, 1, 1, -1, 1, -1, 1, 1, -1, -1, -1, -1, 1, 1, 1, 1, -1, 1, -1, -1, -1, 1, 1, -1, -1, -1, 1, 1, -1, -1, 1, 1, -1, 1, -1, -1, -1, 1, -1, -1, -1, 1, 1, 1, -1, -1, -1, 1, -1, -1, -1, 1, 1, -1, -1, -1, 1, 1, 1, -1, -1, 1, 1, -1, 1, -1, -1, -1, 1, -1, 1, 1, 1, -1, 1, -1, 1, -1, -1, -1, -1, 1, 1, -1, 1, -1, 1, 1, -1, 1, 1, 1, 1, -1, 1, -1, -1, 1, -1, -1, -1, 1, 1, -1, 1, -1, 1, -1, -1, 1, 1, 1, 1, -1, -1, 1, -1, 1, -1, -1, -1, 1, 1, -1, 1, -1, -1, -1, -1, 1, 1, 1, -1, -1, -1, -1, 1, -1, 1, 1, 1, 1, -1, -1, -1, 1, -1, -1, 1, 1, 1, 1, -1, 1, -1, 1, -1, -1, -1, 1, 1, -1, -1, -1, -1, -1, 1, -1, -1, 1, 1, 1, -1, 1, -1, -1, -1, -1, -1, 1, 1, 1, -1, 1, -1, 1, -1, -1, -1, 1, 1, 1, -1, 1, -1, -1, -1, -1, 1, 1, 1, 1, -1, 1, -1, 1, -1, -1, -1, 1, 1, 1, -1, 1, 1, -1, -1, -1, -1, 1, 1, 1, -1, 1, -1, 1, -1, -1, -1, 1, 1, 1, -1, 1, -1, -1, -1, -1, -1, 1, 1, 1, -1, -1, 1, -1, 1, -1, -1, 1, 1, 1, 1, 1, -1, 1, -1, -1, 1, 1, 1, -1, 1, -1, -1, 1, -1, -1, 1, 1, -1, -1, -1, -1, -1, 1, -1, -1, -1, 1, 1, 1, -1, 1, -1, 1, -1, 1, -1, 1, 1, -1, -1, -1, 1, -1, -1, -1, -1, 1, 1, -1, -1, 1, -1, 1, 1, 1, 1, 1, -1, -1, -1, 1, -1, -1, -1, 1, -1, 1, 1, 1, -1, -1, 1, -1, 1, 1, -1, -1, 1, -1, -1, -1, 1, -1, -1, 1, -1, 1, 1, -1, -1, -1, 1, -1, 1, 1, -1, -1, 1, -1, -1, -1, 1, 1, -1, 1, -1, -1, -1, -1, -1, -1, 1, -1, 1, 1, -1, 1, -1, -1, -1, -1, 1, 1, 1, -1, -1, 1, -1, -1, -1, -1, 1, 1, 1, -1, -1, 1, -1, -1, -1, 1, 1, -1, 1, 1, -1, 1, -1, -1, -1, -1, 1, -1, 1, -1, 1, 1, -1, -1, -1, -1, 1, 1, 1, 1, -1, -1, 1, -1, -1, -1, 1, -1, 1, 1, -1, -1, -1, -1, -1, -1, 1, 1, 1, -1, 1, -1, -1, -1, -1, -1, 1, 1, 1, 1, 1, -1, -1, -1, 1, -1, 1, 1, -1, -1, 1, -1, 1, -1, -1, -1, 1, 1, 1, -1, -1, -1, -1, -1, -1, -1, -1, 1, 1, 1, 1, -1, 1, -1, -1, 1, 1, 1, 1, -1, 1, -1, -1, -1, -1, 1, 1, 1, -1, 1, 1, -1, 1, -1, -1, -1, 1, 1, -1, 1, 1, -1, -1, -1, -1, 1, -1, -1, 1, 1, 1, -1, -1, -1, -1, 1, 1, 1, 1, 1, -1, -1, -1, -1, 1, 1, -1, 1, 1, 1, 1, -1, -1, 1, -1, 1, -1, 1, 1, 1, 1, -1, -1, -1, -1, 1, 1, 1, -1, 1, 1, 1, 1, -1, -1, 1, 1, 1, 1, 1, 1, -1, -1, 1, -1, 1, 1, 1, 1, 1, -1, 1, -1, -1, -1, -1, 1, 1, 1, -1, 1, -1, -1, 1, -1, 1, -1, 1, 1, 1, -1, 1, 1, -1, -1, 1, 1, 1, 1
BQP_DATA, 2396, 10903, -5124.000000, -6530.000000, -14656.000000, -16062.000000, 2048.000863, 6159, 1447
