Set parameter TSPort to value 51199
Set parameter TokenServer to value "open-license1.lanl.gov"
Set parameter TimeLimit to value 2048
Set parameter Threads to value 1
Gurobi Optimizer version 10.0.3 build v10.0.3rc0 (linux64)

CPU model: Intel(R) Xeon(R) CPU E5-2695 v4 @ 2.10GHz, instruction set [SSE2|AVX|AVX2]
Thread count: 36 physical cores, 72 logical processors, using up to 1 threads

Optimize a model with 0 rows, 2396 columns and 0 nonzeros
Model fingerprint: 0xd8e47f43
Model has 11001 quadratic objective terms
Variable types: 0 continuous, 2396 integer (2396 binary)
Coefficient statistics:
  Matrix range     [0e+00, 0e+00]
  Objective range  [2e+00, 3e+01]
  QObjective range [8e+00, 8e+00]
  Bounds range     [1e+00, 1e+00]
  RHS range        [0e+00, 0e+00]
Found heuristic solution: objective 0.0000000
Found heuristic solution: objective -4066.000000
Found heuristic solution: objective -14778.00000
Found heuristic solution: objective -14864.00000
Presolve removed 0 rows and 1 columns
Presolve time: 0.37s
Presolved: 11000 rows, 13395 columns, 33000 nonzeros
Variable types: 0 continuous, 13395 integer (13395 binary)

Root relaxation: objective -2.068900e+04, 3478 iterations, 0.05 seconds (0.02 work units)

    Nodes    |    Current Node    |     Objective Bounds      |     Work
 Expl Unexpl |  Obj  Depth IntInf | Incumbent    BestBd   Gap | It/Node Time

     0     0 -20689.000    0 2395 -14864.000 -20689.000  39.2%     -    0s
     0     0 -19301.000    0 3074 -14864.000 -19301.000  29.9%     -    1s
     0     0 -19165.500    0 3166 -14864.000 -19165.500  28.9%     -    1s
     0     0 -19157.500    0 3165 -14864.000 -19157.500  28.9%     -    1s
     0     0 -18946.167    0 3298 -14864.000 -18946.167  27.5%     -    2s
     0     0 -18946.167    0 3275 -14864.000 -18946.167  27.5%     -    2s
     0     2 -18946.167    0 3269 -14864.000 -18946.167  27.5%     -    3s
   101   103 -18452.667   51 3746 -14864.000 -18934.167  27.4%   110    5s
   407   409 -17193.000  204 4474 -14864.000 -18934.167  27.4%  86.8   10s
   643   645 -16379.000  322 4627 -14864.000 -18934.167  27.4%  82.1   15s
   882   884 -15682.000  442 4792 -14864.000 -18934.167  27.4%  73.9   20s
  1180  1182 -15056.000  594 4222 -14864.000 -18934.167  27.4%  66.4   25s
  1333  1289 -15338.000  531 3068 -14864.000 -18933.167  27.4%  62.6   30s
  1340  1294 -15415.000  514 4515 -14864.000 -17668.523  18.9%  62.3   43s
  1341  1294 -17575.988  103 4847 -14864.000 -17575.988  18.2%  62.3   52s
  1342  1295 -17560.560   75 4796 -14864.000 -17560.560  18.1%  62.2   55s
  1346  1298 -16501.000  305 5033 -14864.000 -17552.004  18.1%  62.0   60s
  1355  1304 -17308.736   71 5478 -14864.000 -17308.736  16.4%  61.6   97s
  1356  1304 -17213.188   85 5962 -14864.000 -17213.188  15.8%  61.6  135s
  1357  1305 -17193.874   62 6140 -14864.000 -17193.874  15.7%  61.5  145s
  1358  1306 -15618.000  462 6263 -14864.000 -17187.027  15.6%  61.5  152s
  1359  1306 -15618.000  462 6287 -14864.000 -17185.028  15.6%  61.4  156s
  1362  1308 -17183.525   25 6379 -14864.000 -17183.525  15.6%  61.3  160s
  1370  1314 -16366.000  325 6860 -14864.000 -16956.862  14.1%  60.9  242s
  1371  1314 -16549.000  299 7298 -14864.000 -16908.800  13.8%  60.9  302s
  1372  1315 -16331.000  331 7435 -14864.000 -16897.235  13.7%  60.8  322s
  1373  1316 -16894.505  195 7568 -14864.000 -16894.505  13.7%  60.8  331s
  1374  1316 -16893.230   24 7619 -14864.000 -16893.230  13.7%  60.8  337s
  1376  1318 -15793.000  421 7756 -14864.000 -16892.711  13.6%  60.7  341s
  1381  1321 -16892.591  133 7829 -14864.000 -16892.591  13.6%  60.5  346s
  1382  1322 -16730.293   13 8138 -14864.000 -16730.293  12.6%  60.4  455s
  1383  1322 -16700.419  253 8574 -14864.000 -16700.419  12.4%  60.4  529s
  1384  1323 -15420.000  513 8739 -14864.000 -16691.931  12.3%  60.3  557s
  1385  1324 -15009.000  609 8798 -14864.000 -16689.340  12.3%  60.3  572s
  1386  1324 -15482.500  493 8868 -14864.000 -16688.667  12.3%  60.2  577s
  1387  1325 -15385.000  522 8929 -14864.000 -16688.310  12.3%  60.2  581s
  1389  1326 -15254.000  547 8937 -14864.000 -16688.014  12.3%  60.1  585s
  1393  1329 -16573.785   46 9450 -14864.000 -16573.785  11.5%  59.9  718s
  1394  1330 -15632.000  456 9788 -14864.000 -16550.660  11.3%  59.9  790s
  1395  1330 -15698.000  440 9806 -14864.000 -16545.195  11.3%  59.8  820s
  1396  1331 -15237.000  551 10004 -14864.000 -16543.586  11.3%  59.8  833s
  1397  1332 -15325.000  533 10015 -14864.000 -16542.795  11.3%  59.8  841s
  1398  1332 -16542.497  221 10072 -14864.000 -16542.497  11.3%  59.7  846s
  1400  1334 -16542.294   83 10099 -14864.000 -16542.294  11.3%  59.6  850s
  1404  1336 -16478.110  150 10112 -14864.000 -16478.110  10.9%  59.5  975s
  1405  1337 -16465.649    4 10261 -14864.000 -16465.649  10.8%  59.4 1042s
  1406  1338 -16462.692   64 10397 -14864.000 -16462.692  10.8%  59.4 1065s
  1407  1338 -15132.500  576 10446 -14864.000 -16462.001  10.8%  59.3 1073s
  1408  1339 -15067.000  592 10466 -14864.000 -16461.718  10.7%  59.3 1079s
  1409  1340 -16461.630  210 10471 -14864.000 -16461.630  10.7%  59.3 1081s
  1412  1342 -15758.000  429 10495 -14864.000 -16461.592  10.7%  59.1 1086s
  1413  1342 -16414.238   35 10368 -14864.000 -16414.238  10.4%  59.1 1204s
  1414  1343 -15133.500  575 10734 -14864.000 -16403.757  10.4%  59.0 1273s
  1415  1344 -14946.500  630 10809 -14864.000 -16401.910  10.3%  59.0 1291s
  1416  1344 -16401.122   50 10774 -14864.000 -16401.122  10.3%  59.0 1304s
  1417  1345 -16400.925  168 10792 -14864.000 -16400.925  10.3%  58.9 1309s
  1418  1346 -16400.827  138 10817 -14864.000 -16400.827  10.3%  58.9 1312s
  1420  1347 -16400.783   18 10862 -14864.000 -16400.783  10.3%  58.8 1316s
  1423  1349 -15164.000  565 10951 -14864.000 -16362.526  10.1%  58.7 1433s
  1424  1350 -16356.035  203 11053 -14864.000 -16356.035  10.0%  58.6 1491s
  1425  1350 -16030.000  378 11091 -14864.000 -16354.532  10.0%  58.6 1508s
  1426  1351 -16353.971   91 11092 -14864.000 -16353.971  10.0%  58.5 1517s
  1427  1352 -15521.000  483 11115 -14864.000 -16353.793  10.0%  58.5 1523s
  1428  1352 -16353.567  205 11145 -14864.000 -16353.567  10.0%  58.5 1530s
  1430  1354 -15421.000  507 11159 -14864.000 -16353.463  10.0%  58.4 1537s
  1433  1356 -15338.000  531 11175 -14864.000 -16353.432  10.0%  58.3 1542s
  1434  1356 -14886.500  646 11150 -14864.000 -16321.294  9.80%  58.2 1664s
  1435  1357 -16315.212  245 11245 -14864.000 -16315.212  9.76%  58.2 1722s
  1436  1358 -16314.075  152 11291 -14864.000 -16314.075  9.76%  58.1 1738s
  1437  1358 -16313.509  233 11305 -14864.000 -16313.509  9.75%  58.1 1750s
  1438  1359 -16313.359   34 11359 -14864.000 -16313.359  9.75%  58.1 1755s
  1440  1360 -15415.000  514 11364 -14864.000 -16313.285  9.75%  58.0 1760s
  1443  1362 -15254.000  547 11289 -14864.000 -16291.854  9.61%  57.9 1874s
  1444  1363 -16287.407  258 11365 -14864.000 -16287.407  9.58%  57.8 1926s
  1445  1364 -15778.000  424 11420 -14864.000 -16286.579  9.57%  57.8 1940s
  1446  1364 -16286.234  305 11426 -14864.000 -16286.234  9.57%  57.7 1950s
  1448  1366 -16286.137  285 11472 -14864.000 -16286.137  9.57%  57.7 1955s

Cutting planes:
  Gomory: 115
  MIR: 411
  Flow cover: 3824
  Zero half: 1434
  Mod-K: 86
  RLT: 499
  BQP: 698

Explored 1451 nodes (1578659 simplex iterations) in 2048.00 seconds (2896.41 work units)
Thread count was 1 (of 72 available processors)

Solution count 4: -14864 -14778 -4066 0 

Time limit reached
Best objective -1.486400000000e+04, best bound -1.628600000000e+04, gap 9.5667%

User-callback calls 13071, time in user-callback 0.06 sec

BQP_SOLUTION, 2396, 11001, -5176.000000, 2048.001006, -1, 1, -1, 1, 1, -1, 1, -1, 1, -1, 1, -1, 1, -1, 1, 1, -1, 1, -1, 1, 1, 1, 1, -1, -1, 1, -1, 1, -1, 1, 1, -1, 1, 1, 1, -1, 1, -1, 1, 1, 1, -1, 1, 1, 1, -1, -1, -1, 1, 1, -1, -1, 1, -1, 1, -1, -1, 1, -1, 1, -1, -1, 1, -1, 1, -1, -1, 1, 1, -1, 1, -1, 1, 1, -1, -1, -1, 1, 1, -1, 1, -1, -1, 1, -1, 1, -1, 1, -1, -1, 1, -1, 1, 1, -1, -1, 1, -1, 1, -1, 1, -1, -1, 1, -1, -1, 1, -1, 1, 1, 1, -1, -1, 1, -1, 1, -1, -1, 1, -1, -1, -1, 1, -1, 1, 1, -1, 1, -1, 1, 1, -1, 1, 1, -1, 1, -1, 1, -1, 1, -1, -1, -1, 1, -1, -1, -1, 1, -1, 1, -1, 1, -1, 1, -1, -1, -1, 1, -1, -1, -1, -1, -1, 1, -1, 1, -1, -1, 1, -1, 1, -1, -1, 1, -1, -1, 1, -1, -1, 1, 1, -1, -1, 1, 1, -1, 1, 1, 1, -1, -1, -1, -1, 1, 1, 1, 1, -1, 1, -1, 1, -1, -1, -1, 1, -1, 1, -1, 1, -1, 1, -1, -1, 1, 1, -1, 1, -1, 1, -1, 1, -1, -1, -1, 1, -1, 1, -1, 1, -1, 1, -1, -1, 1, 1, -1, 1, 1, -1, -1, 1, -1, -1, 1, -1, -1, 1, -1, -1, -1, -1, -1, -1, 1, 1, -1, -1, 1, 1, -1, -1, -1, -1, 1, 1, 1, 1, 1, -1, -1, -1, -1, -1, -1, 1, 1, -1, 1, 1, -1, -1, -1, 1, -1, 1, -1, 1, 1, 1, -1, 1, -1, -1, 1, 1, 1, -1, 1, -1, -1, -1, 1, -1, -1, 1, 1, -1, 1, -1, -1, -1, -1, 1, -1, 1, -1, -1, -1, 1, -1, 1, -1, -1, 1, -1, 1, -1, 1, -1, 1, -1, 1, -1, 1, 1, 1, 1, -1, 1, -1, 1, 1, 1, -1, 1, -1, 1, -1, 1, 1, -1, 1, -1, -1, 1, -1, 1, -1, -1, 1, -1, 1, 1, 1, 1, 1, 1, -1, 1, 1, -1, 1, -1, 1, 1, -1, 1, 1, -1, 1, 1, -1, -1, 1, -1, -1, -1, -1, 1, 1, 1, -1, 1, 1, -1, 1, -1, -1, 1, 1, 1, 1, -1, 1, 1, -1, 1, -1, 1, -1, -1, 1, -1, 1, 1, 1, -1, 1, 1, -1, 1, 1, 1, -1, -1, 1, 1, 1, 1, -1, 1, 1, 1, 1, -1, 1, -1, 1, 1, -1, 1, 1, 1, 1, 1, -1, 1, -1, 1, 1, -1, -1, 1, -1, 1, -1, 1, 1, 1, -1, 1, 1, 1, -1, 1, 1, 1, 1, 1, 1, 1, -1, 1, 1, -1, -1, 1, 1, 1, 1, -1, -1, 1, 1, -1, 1, 1, -1, 1, -1, 1, 1, -1, 1, 1, -1, 1, 1, 1, 1, 1, 1, 1, -1, 1, 1, 1, 1, 1, 1, -1, 1, 1, -1, 1, 1, 1, 1, -1, 1, -1, 1, -1, 1, -1, 1, 1, 1, 1, 1, 1, -1, 1, -1, -1, 1, -1, 1, 1, 1, 1, -1, -1, 1, -1, 1, 1, 1, -1, 1, 1, 1, -1, 1, -1, 1, 1, 1, 1, 1, 1, -1, -1, 1, -1, 1, 1, 1, 1, 1, 1, -1, -1, 1, -1, 1, 1, 1, 1, 1, 1, 1, 1, 1, -1, 1, 1, 1, 1, 1, 1, 1, -1, 1, -1, 1, 1, 1, 1, 1, -1, 1, 1, -1, 1, 1, -1, 1, 1, 1, -1, 1, 1, 1, 1, 1, -1, 1, -1, 1, -1, -1, 1, -1, 1, 1, -1, 1, 1, 1, 1, 1, 1, -1, 1, 1, 1, 1, -1, 1, 1, -1, -1, 1, -1, 1, 1, 1, -1, 1, 1, -1, 1, 1, -1, 1, -1, 1, 1, 1, 1, 1, 1, 1, -1, 1, -1, 1, -1, 1, 1, -1, -1, 1, -1, 1, -1, -1, -1, 1, 1, -1, -1, 1, -1, -1, 1, 1, -1, 1, 1, -1, 1, 1, -1, -1, -1, -1, -1, 1, 1, 1, -1, 1, -1, 1, 1, -1, 1, 1, 1, 1, -1, -1, 1, 1, 1, 1, 1, 1, 1, -1, -1, 1, -1, -1, 1, -1, 1, 1, 1, -1, -1, 1, 1, -1, -1, 1, -1, 1, 1, -1, -1, 1, -1, 1, 1, 1, 1, 1, -1, 1, -1, 1, 1, -1, -1, 1, -1, 1, 1, 1, -1, -1, -1, -1, 1, 1, -1, 1, 1, 1, -1, 1, -1, 1, -1, 1, -1, 1, 1, -1, -1, -1, 1, -1, -1, 1, 1, 1, 1, 1, -1, -1, -1, -1, 1, 1, -1, 1, 1, -1, -1, -1, -1, -1, 1, 1, 1, 1, 1, 1, -1, -1, -1, 1, -1, 1, 1, 1, 1, 1, 1, -1, 1, -1, 1, 1, 1, 1, 1, -1, 1, -1, -1, -1, -1, 1, 1, 1, 1, 1, -1, -1, -1, -1, 1, 1, -1, 1, -1, 1, -1, -1, -1, 1, 1, 1, 1, 1, 1, 1, 1, -1, 1, 1, 1, -1, 1, 1, 1, 1, -1, -1, 1, 1, 1, -1, 1, 1, 1, 1, -1, -1, -1, -1, 1, 1, 1, 1, 1, 1, 1, -1, 1, -1, 1, -1, 1, -1, 1, 1, -1, -1, 1, -1, -1, -1, 1, 1, -1, 1, -1, 1, -1, -1, 1, -1, 1, 1, 1, 1, 1, -1, -1, -1, -1, 1, 1, -1, 1, 1, -1, 1, 1, -1, -1, -1, 1, -1, 1, 1, 1, -1, 1, 1, -1, -1, 1, -1, -1, 1, -1, -1, 1, -1, 1, -1, 1, -1, -1, 1, -1, 1, 1, -1, -1, 1, -1, 1, -1, 1, -1, -1, 1, -1, -1, -1, -1, -1, -1, 1, -1, -1, -1, 1, -1, 1, -1, 1, 1, -1, -1, -1, 1, -1, -1, 1, -1, -1, 1, -1, 1, -1, 1, -1, -1, -1, -1, 1, -1, 1, -1, -1, -1, 1, -1, -1, 1, -1, -1, -1, 1, -1, -1, 1, -1, 1, -1, -1, -1, -1, 1, -1, -1, 1, -1, -1, 1, -1, -1, 1, 1, 1, 1, 1, -1, -1, -1, -1, -1, -1, 1, 1, -1, 1, 1, -1, 1, -1, -1, -1, -1, 1, -1, -1, -1, -1, 1, -1, -1, 1, -1, 1, 1, -1, -1, 1, -1, -1, 1, -1, 1, 1, -1, 1, -1, 1, -1, -1, -1, -1, 1, -1, -1, 1, -1, -1, -1, -1, -1, -1, 1, 1, -1, -1, -1, -1, -1, -1, 1, 1, 1, 1, -1, 1, -1, 1, -1, -1, 1, -1, 1, 1, -1, -1, -1, -1, -1, -1, -1, -1, 1, 1, 1, -1, 1, -1, -1, -1, 1, 1, 1, 1, -1, 1, -1, 1, 1, -1, 1, -1, 1, 1, -1, -1, -1, -1, -1, -1, -1, 1, 1, 1, 1, -1, -1, 1, 1, -1, 1, 1, 1, 1, 1, -1, -1, 1, 1, -1, -1, 1, -1, 1, 1, -1, -1, 1, -1, -1, 1, -1, -1, 1, 1, 1, -1, 1, -1, 1, 1, -1, 1, -1, 1, -1, 1, 1, 1, -1, 1, 1, -1, -1, 1, -1, -1, -1, 1, -1, 1, -1, -1, -1, -1, 1, 1, 1, 1, 1, -1, 1, -1, -1, -1, -1, 1, 1, -1, 1, -1, 1, -1, -1, -1, 1, 1, -1, -1, 1, -1, -1, -1, -1, -1, 1, 1, 1, 1, 1, -1, -1, -1, -1, 1, -1, 1, 1, 1, 1, 1, -1, -1, -1, -1, 1, 1, 1, 1, 1, 1, -1, -1, -1, -1, 1, 1, -1, 1, 1, 1, -1, -1, -1, -1, 1, 1, 1, 1, 1, -1, -1, -1, -1, -1, 1, 1, -1, 1, 1, -1, -1, -1, -1, -1, 1, 1, 1, 1, 1, -1, -1, -1, -1, -1, 1, 1, 1, 1, 1, -1, 1, -1, -1, 1, 1, 1, 1, 1, 1, -1, -1, -1, -1, 1, 1, -1, 1, 1, 1, 1, -1, -1, -1, 1, 1, 1, 1, 1, 1, -1, 1, -1, -1, 1, 1, 1, 1, 1, 1, -1, -1, -1, -1, -1, 1, 1, 1, 1, -1, 1, 1, 1, -1, -1, 1, 1, 1, 1, 1, -1, -1, 1, 1, -1, 1, 1, -1, 1, 1, -1, 1, 1, -1, -1, 1, 1, -1, 1, 1, -1, 1, -1, -1, -1, 1, 1, -1, 1, 1, 1, 1, 1, -1, 1, 1, 1, -1, 1, 1, 1, 1, 1, 1, -1, 1, 1, 1, 1, -1, 1, 1, -1, -1, 1, 1, 1, 1, 1, -1, -1, -1, -1, 1, -1, 1, -1, 1, 1, 1, -1, -1, 1, 1, -1, 1, -1, 1, 1, 1, -1, 1, 1, 1, 1, 1, -1, 1, -1, 1, -1, 1, -1, 1, 1, -1, -1, 1, 1, 1, -1, 1, 1, 1, 1, 1, -1, 1, 1, -1, 1, 1, -1, 1, -1, -1, -1, 1, 1, -1, -1, 1, 1, -1, 1, -1, -1, -1, 1, 1, -1, -1, 1, -1, 1, 1, -1, 1, 1, -1, 1, 1, -1, -1, 1, -1, 1, -1, 1, -1, 1, -1, 1, -1, 1, 1, -1, -1, 1, -1, 1, -1, 1, -1, -1, 1, 1, 1, 1, -1, 1, 1, 1, -1, -1, 1, -1, -1, 1, -1, 1, -1, -1, -1, 1, -1, -1, 1, 1, -1, 1, 1, -1, -1, 1, -1, -1, -1, 1, -1, -1, 1, -1, -1, 1, -1, -1, -1, -1, 1, 1, 1, 1, -1, 1, 1, 1, -1, 1, -1, 1, -1, 1, -1, 1, 1, 1, -1, 1, -1, 1, 1, 1, -1, 1, 1, 1, -1, -1, 1, -1, 1, 1, -1, 1, 1, 1, -1, -1, 1, 1, -1, 1, -1, 1, -1, 1, 1, -1, 1, -1, -1, 1, 1, -1, 1, 1, 1, -1, 1, -1, -1, 1, 1, -1, -1, 1, 1, -1, 1, 1, -1, 1, 1, -1, 1, 1, -1, 1, -1, -1, -1, -1, 1, 1, -1, 1, -1, -1, 1, -1, 1, 1, -1, -1, 1, 1, -1, -1, 1, -1, -1, 1, -1, -1, -1, 1, -1, -1, 1, -1, -1, 1, 1, -1, 1, 1, 1, -1, 1, -1, -1, 1, 1, -1, -1, 1, -1, -1, 1, 1, -1, 1, 1, 1, -1, -1, 1, -1, -1, 1, -1, 1, 1, -1, -1, 1, 1, -1, -1, 1, 1, -1, 1, -1, -1, -1, 1, -1, -1, 1, 1, -1, 1, 1, -1, -1, 1, -1, 1, -1, -1, 1, 1, 1, -1, -1, -1, 1, -1, 1, 1, -1, 1, 1, -1, 1, 1, -1, -1, 1, 1, 1, -1, 1, -1, 1, 1, -1, 1, 1, -1, 1, 1, 1, -1, 1, -1, -1, 1, 1, 1, 1, -1, -1, -1, -1, 1, -1, 1, 1, 1, 1, 1, -1, -1, 1, 1, 1, -1, -1, 1, 1, 1, 1, -1, -1, 1, 1, -1, 1, 1, 1, 1, 1, -1, 1, 1, -1, -1, 1, 1, -1, 1, 1, -1, 1, 1, -1, 1, -1, 1, 1, -1, 1, -1, 1, -1, -1, 1, 1, -1, 1, 1, 1, -1, 1, -1, -1, 1, -1, 1, 1, 1, -1, -1, 1, 1, -1, 1, 1, 1, -1, 1, 1, -1, 1, -1, 1, 1, -1, -1, -1, 1, 1, 1, 1, 1, -1, 1, -1, -1, 1, 1, -1, -1, 1, -1, 1, 1, -1, 1, 1, 1, -1, -1, 1, -1, 1, -1, -1, -1, 1, 1, 1, -1, 1, 1, -1, 1, -1, -1, 1, -1, 1, -1, 1, -1, 1, -1, -1, 1, 1, -1, 1, 1, 1, -1, 1, -1, -1, -1, 1, -1, 1, 1, 1, 1, -1, 1, -1, 1, 1, -1, 1, -1, 1, 1, -1, 1, -1, -1, 1, -1, 1, 1, 1, -1, 1, -1, -1, 1, 1, -1, 1, 1, 1, 1, 1, 1, -1, -1, 1, -1, -1, 1, 1, 1, -1, -1, -1, -1, 1, 1, 1, 1, -1, 1, -1, 1, -1, 1, -1, 1, -1, 1, 1, 1, 1, -1, -1, 1, 1, 1, -1, 1, -1, 1, 1, 1, -1, -1, 1, 1, 1, 1, 1, 1, -1, -1, -1, 1, -1, 1, 1, -1, -1, 1, 1, -1, 1, 1, -1, 1, -1, 1, -1, -1, 1, -1, 1, -1, -1, 1, -1, 1, 1, 1, -1, -1, -1, -1, 1, 1, -1, 1, 1, 1, -1, -1, -1, 1, 1, 1, 1, 1, -1, -1, -1, -1, 1, 1, -1, 1, 1, 1, -1, 1, 1, 1, -1, -1, 1, 1, -1, 1, 1, -1, 1, -1, -1, 1, -1, 1, 1, 1, -1, -1, -1, 1, -1, -1, 1, -1, -1, -1, -1, -1, 1, 1, -1, -1, -1, -1, 1, 1, 1, -1, -1, -1, -1, -1, -1, 1, 1, 1, -1, 1, 1, -1, -1, 1, -1, 1, -1, 1, -1, -1, 1, -1, 1, -1, -1, 1, 1, 1, 1, -1, 1, -1, -1, 1, -1, 1, 1, 1, -1, -1, 1, -1, -1, 1, -1, 1, 1, 1, 1, -1, 1, 1, -1, -1, -1, 1, 1, 1, -1, -1, 1, -1, -1, 1, -1, 1, 1, 1, 1, 1, -1, -1, -1, -1, -1, 1, 1, 1, 1, -1, 1, -1, -1, -1, -1, -1, 1, -1, 1, 1, -1, 1, 1, 1, -1, -1, 1, 1, -1, 1, 1, 1, -1, 1, -1, 1, 1, -1, 1, 1, 1, -1, -1, 1, 1, -1, 1, 1, 1, -1, 1, 1, -1, 1, -1, -1, 1, -1, 1, 1, 1, -1, 1, 1, -1, 1, 1, -1, 1, 1, 1, -1, -1, 1, -1, 1, 1, -1, -1, 1, -1, -1, 1, 1, -1, 1, 1, 1, 1, 1, -1, -1, -1, 1, -1, 1, 1, -1, -1, 1, 1, -1, -1, -1, 1, 1, 1, -1, -1, 1, 1, -1, 1, 1, -1, 1, -1, 1, -1, 1, 1, -1, 1, 1, 1, 1, 1, 1, -1, 1, 1, 1, -1, 1, 1, -1, -1, 1, -1, -1, 1, -1, -1, 1, -1, 1, -1, 1, 1, 1, 1, -1, 1, -1, 1, 1, -1, 1, 1, -1, 1, -1, 1, 1, -1, 1, -1, 1, 1, 1, 1, 1, -1, 1, 1, 1, 1, 1
BQP_DATA, 2396, 11001, -5176.000000, -6598.000000, -14864.000000, -16286.000000, 2048.001006, 5870, 1451
