Set parameter TSPort to value 51199
Set parameter TokenServer to value "open-license1.lanl.gov"
Set parameter TimeLimit to value 2048
Set parameter Threads to value 1
Gurobi Optimizer version 10.0.3 build v10.0.3rc0 (linux64)

CPU model: Intel(R) Xeon(R) CPU E5-2695 v4 @ 2.10GHz, instruction set [SSE2|AVX|AVX2]
Thread count: 36 physical cores, 72 logical processors, using up to 1 threads

Optimize a model with 0 rows, 2396 columns and 0 nonzeros
Model fingerprint: 0xbfff3b88
Model has 10977 quadratic objective terms
Variable types: 0 continuous, 2396 integer (2396 binary)
Coefficient statistics:
  Matrix range     [0e+00, 0e+00]
  Objective range  [2e+00, 3e+01]
  QObjective range [8e+00, 8e+00]
  Bounds range     [1e+00, 1e+00]
  RHS range        [0e+00, 0e+00]
Found heuristic solution: objective 0.0000000
Found heuristic solution: objective -4056.000000
Found heuristic solution: objective -14628.00000
Found heuristic solution: objective -14670.00000
Presolve removed 0 rows and 4 columns
Presolve time: 0.33s
Presolved: 10973 rows, 13365 columns, 32919 nonzeros
Variable types: 0 continuous, 13365 integer (13365 binary)

Root relaxation: objective -2.057200e+04, 3284 iterations, 0.05 seconds (0.02 work units)

    Nodes    |    Current Node    |     Objective Bounds      |     Work
 Expl Unexpl |  Obj  Depth IntInf | Incumbent    BestBd   Gap | It/Node Time

     0     0 -20572.000    0 2392 -14670.000 -20572.000  40.2%     -    0s
     0     0 -19220.000    0 3062 -14670.000 -19220.000  31.0%     -    1s
     0     0 -19006.000    0 3178 -14670.000 -19006.000  29.6%     -    1s
     0     0 -18999.000    0 3180 -14670.000 -18999.000  29.5%     -    1s
     0     0 -18675.292    0 3462 -14670.000 -18675.292  27.3%     -    2s
     0     0 -18675.292    0 3414 -14670.000 -18675.292  27.3%     -    3s
     0     2 -18675.292    0 3411 -14670.000 -18675.292  27.3%     -    3s
    50    52 -18444.167   25 3640 -14670.000 -18664.282  27.2%   157    5s
   335   337 -17277.167  168 4448 -14670.000 -18664.282  27.2%  93.4   10s
   621   623 -16308.667  312 4737 -14670.000 -18664.282  27.2%  82.3   15s
   864   866 -15630.000  434 4736 -14670.000 -18664.282  27.2%  75.2   20s
  1023  1025 -15273.500  515 4571 -14670.000 -18664.282  27.2%  71.9   25s
H 1300  1300                    -14674.00000 -18664.282  27.2%  65.0   28s
  1363  1322 -14713.250  656 5487 -14674.000 -18664.135  27.2%  63.1   31s
  1368  1325 -17436.167  149 4084 -14674.000 -17832.013  21.5%  62.8   37s
  1373  1329 -15661.667  428 4284 -14674.000 -17759.560  21.0%  62.6   40s
  1375  1330 -15624.000  438 4817 -14674.000 -17459.944  19.0%  62.5   54s
  1376  1331 -15614.000  440 5153 -14674.000 -17351.809  18.2%  62.5   74s
  1377  1331 -14706.250  658 5228 -14674.000 -17327.265  18.1%  62.4   84s
  1378  1332 -15112.250  546 5288 -14674.000 -17321.559  18.0%  62.4   88s
  1380  1333 -17317.770    9 5414 -14674.000 -17317.770  18.0%  62.3   91s
  1388  1339 -16033.667  355 5897 -14674.000 -17072.708  16.3%  61.9  138s
  1389  1339 -15443.000  483 6311 -14674.000 -17000.156  15.9%  61.9  182s
  1390  1340 -16981.847   21 6500 -14674.000 -16981.847  15.7%  61.8  207s
  1391  1341 -16975.602   33 6690 -14674.000 -16975.602  15.7%  61.8  216s
  1392  1341 -15506.000  469 6693 -14674.000 -16972.271  15.7%  61.7  223s
  1393  1342 -14966.750  580 6783 -14674.000 -16971.104  15.7%  61.7  225s
  1396  1344 -15979.833  363 6881 -14674.000 -16970.035  15.6%  61.6  230s
  1402  1348 -16754.060  217 7406 -14674.000 -16754.060  14.2%  61.3  333s
  1403  1349 -15007.750  568 7761 -14674.000 -16707.778  13.9%  61.3  403s
  1404  1349 -14949.750  583 8004 -14674.000 -16696.331  13.8%  61.2  429s
  1405  1350 -16013.833  358 8093 -14674.000 -16692.670  13.8%  61.2  441s
  1406  1351 -14768.250  636 8122 -14674.000 -16691.088  13.7%  61.1  449s
  1407  1351 -16037.833  354 8161 -14674.000 -16690.276  13.7%  61.1  453s
  1408  1352 -16184.500  331 8180 -14674.000 -16690.018  13.7%  61.0  456s
  1414  1356 -15056.750  555 8285 -14674.000 -16689.825  13.7%  60.8  461s
  1415  1357 -15145.250  540 8757 -14674.000 -16556.301  12.8%  60.7  584s
  1416  1357 -16523.823   74 9062 -14674.000 -16523.823  12.6%  60.7  668s
  1417  1358 -16358.667  305 9190 -14674.000 -16515.867  12.6%  60.7  702s
  1418  1359 -15793.667  398 9343 -14674.000 -16513.997  12.5%  60.6  716s
  1419  1359 -16513.337  145 9436 -14674.000 -16513.337  12.5%  60.6  722s
  1420  1360 -16513.095   95 9485 -14674.000 -16513.095  12.5%  60.5  726s
  1422  1361 -15045.750  559 9498 -14674.000 -16512.947  12.5%  60.4  730s
  1426  1364 -15608.000  446 9934 -14674.000 -16408.489  11.8%  60.3  883s
  1427  1365 -16387.305   79 10315 -14674.000 -16387.305  11.7%  60.2  973s
  1428  1365 -14863.250  606 10462 -14674.000 -16382.152  11.6%  60.2 1016s
  1429  1366 -16331.667  309 10530 -14674.000 -16379.872  11.6%  60.1 1036s
  1430  1367 -16379.158  292 10568 -14674.000 -16379.158  11.6%  60.1 1044s
  1431  1367 -16378.899  105 10594 -14674.000 -16378.899  11.6%  60.1 1049s
  1432  1368 -16378.796  238 10645 -14674.000 -16378.796  11.6%  60.0 1052s
  1434  1369 -16378.752   21 10678 -14674.000 -16378.752  11.6%  59.9 1055s
H 1436  1301                    -14680.00000 -16324.339  11.2%  59.8 1188s
  1438  1302 -15661.667  428 10845 -14680.000 -16311.428  11.1%  59.8 1260s
  1439  1303 -15614.000  440 10876 -14680.000 -16309.214  11.1%  59.7 1281s
  1440  1303 -14905.750  598 10897 -14680.000 -16308.630  11.1%  59.7 1294s
  1441  1304 -16308.432   61 10912 -14680.000 -16308.432  11.1%  59.6 1298s
  1442  1305 -14699.250  660 10982 -14680.000 -16308.394  11.1%  59.6 1301s
  1446  1307 -16308.352  257 10977 -14680.000 -16308.352  11.1%  59.4 1306s
  1447  1308 -16264.026  220 11009 -14680.000 -16264.026  10.8%  59.4 1436s
  1448  1309 -15200.500  530 11138 -14680.000 -16256.622  10.7%  59.4 1497s
  1449  1309 -15659.667  429 11130 -14680.000 -16254.720  10.7%  59.3 1524s
  1450  1310 -14696.250  663 11176 -14680.000 -16254.068  10.7%  59.3 1534s
  1451  1311 -16253.857  200 11195 -14680.000 -16253.857  10.7%  59.2 1539s
  1452  1311 -16253.786   85 11209 -14680.000 -16253.786  10.7%  59.2 1542s
  1453  1312 -14751.250  641 11237 -14680.000 -16253.756  10.7%  59.1 1545s
  1456  1314 -16216.314   92 11165 -14680.000 -16216.314  10.5%  59.0 1678s
  1457  1315 -16210.021  221 11266 -14680.000 -16210.021  10.4%  59.0 1740s
  1458  1315 -16208.714   76 11305 -14680.000 -16208.714  10.4%  58.9 1765s
  1459  1316 -15714.667  413 11344 -14680.000 -16208.485  10.4%  58.9 1773s
  1460  1317 -16208.401  198 11349 -14680.000 -16208.401  10.4%  58.9 1776s
  1462  1318 -16208.356  116 11361 -14680.000 -16208.356  10.4%  58.8 1780s
  1465  1320 -16182.329  124 11295 -14680.000 -16182.329  10.2%  58.7 1895s
  1466  1321 -15328.500  505 11348 -14680.000 -16176.138  10.2%  58.6 1963s
  1467  1321 -16174.853  255 11414 -14680.000 -16174.853  10.2%  58.6 1981s
  1468  1322 -16174.540  149 11443 -14680.000 -16174.540  10.2%  58.5 1989s
  1469  1323 -16174.468   47 11448 -14680.000 -16174.468  10.2%  58.5 1992s
  1471  1324 -14951.750  584 11479 -14680.000 -16174.430  10.2%  58.4 1995s

Cutting planes:
  Gomory: 79
  MIR: 383
  Flow cover: 3744
  Zero half: 1705
  Mod-K: 85
  RLT: 491
  BQP: 697

Explored 1472 nodes (1522648 simplex iterations) in 2048.00 seconds (2857.83 work units)
Thread count was 1 (of 72 available processors)

Solution count 6: -14680 -14674 -14670 ... 0

Time limit reached
Best objective -1.468000000000e+04, best bound -1.617400000000e+04, gap 10.1771%

User-callback calls 12712, time in user-callback 0.06 sec

BQP_SOLUTION, 2396, 10977, -5085.000000, 2048.002532, -1, 1, -1, -1, -1, 1, 1, 1, -1, 1, 1, 1, -1, -1, -1, 1, 1, 1, 1, -1, -1, 1, -1, -1, 1, 1, -1, -1, -1, -1, 1, -1, 1, -1, -1, 1, 1, -1, 1, -1, 1, 1, -1, -1, -1, 1, -1, 1, 1, -1, 1, 1, -1, 1, -1, 1, -1, 1, -1, 1, 1, 1, 1, -1, 1, -1, 1, -1, -1, -1, -1, 1, -1, 1, -1, -1, 1, -1, -1, -1, -1, 1, -1, 1, -1, -1, 1, -1, -1, 1, 1, 1, 1, -1, -1, 1, 1, -1, -1, -1, 1, -1, -1, -1, 1, 1, 1, -1, -1, 1, 1, -1, 1, -1, -1, -1, 1, -1, -1, 1, 1, 1, -1, -1, -1, 1, 1, -1, 1, -1, 1, -1, 1, -1, -1, 1, -1, -1, -1, -1, -1, 1, -1, -1, -1, 1, -1, -1, 1, -1, -1, 1, -1, 1, -1, -1, 1, -1, 1, -1, 1, -1, 1, -1, -1, -1, -1, -1, -1, 1, -1, -1, -1, 1, -1, -1, 1, -1, -1, 1, -1, 1, -1, -1, -1, -1, 1, -1, -1, 1, 1, -1, -1, 1, -1, -1, 1, -1, -1, 1, -1, 1, 1, -1, -1, -1, 1, -1, 1, -1, -1, -1, 1, -1, -1, 1, 1, -1, -1, 1, 1, -1, 1, 1, -1, -1, 1, -1, -1, -1, 1, -1, -1, 1, -1, -1, -1, -1, -1, 1, 1, -1, -1, 1, -1, -1, -1, -1, 1, 1, 1, 1, -1, 1, -1, -1, 1, -1, -1, -1, 1, -1, 1, 1, 1, -1, 1, -1, 1, -1, -1, 1, 1, 1, -1, -1, -1, -1, 1, -1, 1, -1, 1, 1, 1, -1, 1, -1, 1, 1, 1, -1, 1, 1, 1, -1, -1, -1, 1, -1, 1, -1, 1, 1, 1, 1, 1, -1, -1, 1, 1, -1, 1, -1, 1, -1, -1, -1, 1, -1, 1, 1, 1, 1, -1, 1, 1, 1, 1, -1, 1, -1, 1, 1, 1, 1, -1, 1, 1, 1, -1, -1, 1, -1, 1, -1, -1, -1, 1, -1, 1, 1, 1, 1, 1, 1, 1, -1, 1, 1, 1, 1, 1, 1, -1, 1, -1, 1, -1, 1, 1, 1, 1, 1, -1, 1, -1, 1, -1, 1, 1, 1, -1, 1, 1, 1, -1, 1, 1, 1, -1, 1, 1, -1, -1, 1, -1, 1, -1, 1, 1, -1, 1, 1, 1, 1, 1, 1, 1, -1, 1, 1, 1, 1, -1, -1, 1, -1, 1, 1, 1, 1, 1, -1, -1, 1, -1, 1, 1, 1, 1, 1, 1, 1, 1, -1, 1, -1, 1, -1, 1, 1, 1, 1, 1, 1, 1, 1, 1, 1, -1, 1, 1, -1, 1, 1, -1, 1, 1, 1, -1, -1, 1, -1, 1, 1, -1, 1, 1, 1, -1, 1, 1, 1, 1, 1, -1, 1, 1, -1, -1, 1, 1, 1, -1, 1, 1, 1, 1, 1, -1, 1, 1, 1, 1, -1, 1, 1, 1, -1, 1, 1, -1, 1, 1, 1, 1, 1, 1, -1, -1, 1, -1, -1, 1, -1, 1, 1, 1, -1, -1, -1, 1, -1, 1, -1, 1, 1, 1, 1, -1, -1, 1, -1, 1, -1, 1, 1, 1, 1, -1, 1, -1, 1, -1, 1, 1, 1, 1, 1, 1, 1, 1, 1, -1, 1, 1, 1, 1, 1, -1, 1, 1, 1, -1, 1, 1, -1, 1, 1, -1, 1, -1, 1, 1, 1, 1, 1, 1, 1, 1, 1, 1, 1, 1, 1, 1, 1, 1, 1, 1, 1, -1, -1, 1, 1, 1, -1, 1, 1, 1, -1, 1, 1, -1, 1, 1, 1, 1, 1, -1, 1, 1, 1, -1, 1, 1, 1, 1, 1, -1, 1, 1, 1, -1, 1, 1, 1, -1, 1, -1, 1, 1, -1, 1, 1, -1, 1, -1, 1, 1, 1, -1, 1, -1, 1, 1, -1, -1, 1, 1, 1, 1, -1, 1, 1, 1, -1, 1, 1, -1, 1, 1, -1, 1, 1, 1, -1, 1, 1, 1, 1, 1, -1, 1, 1, 1, 1, 1, 1, -1, 1, 1, -1, 1, -1, 1, -1, 1, 1, 1, -1, 1, -1, -1, 1, 1, -1, 1, -1, 1, 1, 1, -1, 1, 1, 1, 1, 1, 1, -1, -1, 1, -1, 1, 1, 1, -1, 1, -1, -1, 1, 1, 1, 1, 1, 1, -1, 1, 1, -1, -1, -1, -1, 1, 1, 1, 1, -1, 1, -1, -1, -1, 1, 1, -1, 1, 1, -1, -1, -1, -1, -1, 1, 1, 1, 1, 1, -1, -1, 1, -1, -1, 1, 1, -1, 1, 1, 1, -1, -1, 1, -1, 1, 1, -1, 1, -1, 1, -1, 1, -1, 1, -1, 1, -1, 1, 1, -1, -1, -1, -1, -1, 1, 1, -1, 1, 1, -1, 1, -1, -1, -1, -1, 1, -1, -1, 1, -1, 1, -1, 1, -1, 1, 1, -1, 1, 1, 1, -1, -1, -1, -1, 1, 1, -1, -1, 1, 1, 1, -1, -1, -1, 1, -1, -1, 1, 1, -1, -1, 1, -1, 1, -1, 1, -1, 1, 1, 1, 1, -1, -1, 1, 1, -1, 1, 1, -1, 1, -1, -1, 1, 1, 1, -1, 1, -1, -1, -1, -1, -1, -1, 1, -1, 1, 1, 1, 1, 1, -1, -1, -1, -1, -1, -1, 1, 1, 1, 1, -1, -1, 1, 1, -1, -1, 1, 1, 1, 1, -1, -1, 1, 1, -1, 1, 1, 1, -1, 1, 1, -1, -1, 1, -1, 1, -1, 1, -1, 1, 1, -1, -1, 1, 1, 1, -1, 1, 1, 1, 1, -1, -1, 1, -1, 1, -1, 1, -1, 1, -1, -1, -1, 1, -1, 1, -1, 1, -1, 1, -1, -1, 1, -1, 1, 1, -1, 1, 1, 1, -1, 1, -1, 1, 1, -1, 1, -1, -1, 1, -1, -1, 1, 1, -1, 1, -1, -1, -1, 1, 1, -1, 1, -1, 1, 1, 1, -1, 1, 1, -1, 1, 1, -1, 1, 1, -1, 1, -1, 1, -1, -1, 1, -1, 1, 1, -1, -1, -1, 1, -1, -1, 1, -1, 1, 1, -1, 1, 1, 1, 1, -1, 1, -1, 1, -1, -1, 1, -1, 1, -1, -1, 1, -1, -1, -1, 1, -1, -1, -1, 1, -1, -1, 1, -1, 1, 1, -1, -1, 1, 1, -1, -1, -1, 1, -1, 1, 1, -1, -1, 1, 1, -1, -1, 1, 1, 1, 1, -1, 1, 1, 1, 1, -1, -1, -1, 1, -1, 1, 1, 1, 1, -1, 1, 1, 1, 1, -1, 1, 1, 1, -1, 1, -1, -1, 1, 1, 1, -1, 1, 1, -1, -1, 1, 1, 1, 1, -1, 1, -1, 1, 1, -1, -1, 1, 1, 1, -1, 1, 1, 1, 1, -1, 1, 1, 1, 1, -1, 1, 1, 1, 1, -1, -1, -1, 1, 1, 1, -1, 1, -1, 1, -1, 1, 1, 1, 1, 1, 1, 1, -1, 1, -1, 1, 1, 1, 1, -1, 1, 1, -1, 1, -1, -1, 1, 1, 1, 1, 1, 1, -1, 1, -1, 1, -1, 1, 1, 1, -1, 1, -1, 1, -1, 1, -1, 1, 1, -1, 1, 1, -1, -1, -1, 1, 1, 1, 1, 1, 1, 1, -1, 1, -1, -1, 1, -1, -1, -1, -1, -1, 1, -1, 1, -1, 1, 1, -1, 1, -1, 1, 1, -1, 1, -1, -1, -1, -1, -1, -1, -1, -1, 1, -1, -1, 1, -1, -1, 1, -1, -1, -1, 1, -1, -1, 1, -1, -1, -1, -1, 1, -1, 1, -1, 1, 1, -1, 1, -1, -1, 1, -1, 1, -1, 1, 1, -1, -1, 1, 1, -1, -1, 1, 1, -1, 1, -1, -1, 1, -1, 1, -1, -1, 1, -1, 1, -1, -1, -1, -1, 1, 1, 1, 1, -1, 1, -1, -1, -1, -1, 1, 1, -1, 1, -1, 1, 1, -1, 1, -1, 1, 1, -1, 1, -1, 1, -1, -1, 1, 1, -1, -1, 1, -1, 1, 1, -1, -1, 1, -1, 1, -1, 1, -1, 1, 1, -1, 1, 1, 1, 1, -1, 1, -1, 1, 1, 1, -1, 1, -1, 1, -1, 1, 1, -1, 1, 1, -1, -1, 1, 1, 1, -1, 1, -1, 1, 1, -1, -1, -1, 1, 1, -1, -1, 1, 1, 1, -1, 1, 1, -1, 1, -1, -1, 1, -1, 1, -1, 1, -1, -1, 1, -1, 1, 1, 1, 1, -1, -1, -1, -1, -1, -1, 1, -1, 1, 1, 1, -1, -1, 1, 1, -1, 1, -1, 1, 1, 1, -1, -1, -1, 1, -1, 1, -1, 1, 1, 1, -1, 1, -1, 1, -1, -1, 1, 1, 1, 1, -1, -1, 1, -1, 1, -1, -1, 1, 1, 1, 1, 1, -1, -1, 1, 1, 1, 1, 1, -1, 1, 1, -1, 1, -1, -1, -1, 1, 1, 1, -1, 1, -1, 1, -1, -1, 1, 1, -1, -1, -1, 1, -1, -1, 1, -1, 1, 1, 1, -1, 1, 1, -1, -1, -1, -1, 1, 1, -1, -1, 1, 1, -1, -1, 1, -1, 1, 1, 1, 1, -1, 1, -1, -1, -1, -1, 1, 1, 1, -1, -1, 1, -1, -1, -1, -1, 1, 1, 1, -1, 1, 1, -1, -1, -1, 1, 1, 1, 1, 1, 1, 1, -1, -1, -1, -1, 1, 1, -1, 1, 1, 1, 1, -1, -1, -1, 1, 1, -1, 1, -1, -1, -1, -1, 1, -1, 1, -1, 1, 1, 1, 1, -1, -1, 1, -1, 1, -1, 1, 1, 1, -1, 1, -1, 1, -1, -1, -1, 1, 1, 1, -1, -1, -1, -1, 1, 1, 1, 1, 1, 1, -1, -1, -1, -1, 1, 1, 1, -1, 1, 1, 1, -1, -1, 1, -1, 1, 1, -1, 1, -1, 1, -1, 1, -1, -1, -1, 1, -1, 1, 1, 1, -1, 1, -1, 1, 1, -1, 1, -1, 1, 1, -1, 1, -1, 1, 1, -1, -1, 1, 1, 1, -1, -1, -1, -1, 1, -1, -1, 1, 1, 1, -1, -1, -1, 1, 1, -1, -1, 1, 1, 1, -1, -1, 1, 1, -1, 1, 1, -1, 1, 1, -1, 1, -1, 1, -1, 1, 1, -1, 1, 1, -1, 1, -1, 1, 1, -1, 1, -1, -1, 1, -1, 1, -1, 1, -1, 1, 1, -1, 1, 1, -1, 1, -1, -1, 1, -1, 1, 1, 1, 1, -1, 1, -1, 1, -1, -1, 1, -1, 1, 1, -1, 1, 1, 1, -1, -1, 1, -1, 1, 1, -1, -1, -1, 1, -1, -1, 1, 1, 1, 1, -1, -1, -1, 1, -1, -1, 1, 1, -1, 1, 1, -1, 1, 1, 1, -1, 1, -1, 1, 1, 1, -1, -1, -1, -1, -1, 1, -1, 1, 1, 1, -1, 1, -1, -1, 1, 1, 1, -1, 1, 1, 1, -1, 1, -1, 1, -1, 1, 1, 1, -1, 1, -1, 1, 1, -1, 1, 1, 1, 1, -1, -1, 1, -1, -1, 1, -1, -1, -1, 1, 1, -1, 1, -1, 1, -1, 1, 1, 1, 1, 1, -1, 1, -1, -1, 1, -1, -1, -1, 1, -1, -1, 1, 1, -1, 1, 1, -1, 1, -1, 1, -1, -1, -1, -1, 1, -1, 1, -1, 1, 1, 1, 1, -1, -1, 1, -1, -1, -1, 1, 1, 1, 1, -1, -1, 1, -1, -1, -1, 1, -1, 1, -1, 1, -1, 1, -1, -1, -1, 1, -1, -1, 1, -1, -1, 1, -1, -1, -1, -1, -1, -1, -1, 1, 1, 1, -1, -1, 1, -1, 1, 1, -1, -1, 1, -1, 1, -1, -1, 1, 1, -1, -1, -1, 1, -1, 1, -1, -1, -1, -1, -1, -1, 1, 1, -1, -1, 1, 1, -1, -1, 1, -1, 1, 1, -1, 1, -1, 1, 1, -1, -1, -1, -1, 1, -1, 1, -1, 1, -1, 1, -1, -1, -1, 1, 1, -1, -1, 1, -1, -1, -1, 1, -1, 1, -1, 1, -1, 1, 1, -1, 1, -1, -1, 1, 1, -1, -1, 1, -1, 1, 1, -1, -1, 1, -1, -1, -1, 1, -1, -1, 1, -1, -1, 1, 1, 1, -1, -1, 1, 1, -1, 1, -1, 1, 1, 1, -1, -1, 1, 1, -1, 1, -1, -1, 1, 1, -1, 1, 1, 1, -1, 1, -1, -1, 1, 1, -1, 1, 1, 1, -1, -1, -1, 1, -1, -1, 1, 1, 1, -1, 1, -1, -1, -1, 1, -1, -1, 1, 1, -1, 1, -1, -1, -1, 1, -1, 1, 1, 1, 1, -1, -1, -1, -1, 1, -1, -1, 1, 1, 1, 1, -1, -1, -1, 1, -1, -1, 1, 1, 1, -1, -1, -1, -1, 1, -1, -1, 1, 1, 1, 1, -1, 1, -1, -1, 1, -1, -1, 1, 1, -1, 1, -1, -1, -1, 1, -1, 1, 1, -1, 1, -1, -1, -1, -1, 1, -1, -1, 1, 1, 1, -1, 1, -1, -1, 1, -1, 1, 1, 1, 1, -1, -1, -1, -1, 1, -1, 1, 1, 1, -1, -1, 1, -1, -1, -1, 1, 1, 1, 1, -1, -1, -1, -1, 1, -1, 1, 1, 1, 1, -1, 1, -1, -1, -1, 1, -1, 1, 1, -1, -1, -1, 1, -1, -1, 1, -1, 1, -1, 1, -1, 1, -1, -1, -1, -1, 1, 1, 1, -1, -1, -1, 1, 1, -1, 1, 1, 1, -1, -1, -1, -1, 1, -1, -1, 1, -1, -1, 1, -1, -1, -1, 1, -1, 1, -1, -1, -1, 1, -1, -1, -1, 1, -1, -1, 1, 1, 1, -1, -1, -1, -1, -1, -1, -1, 1, 1, -1, 1, 1, -1, -1, 1, -1, -1, 1, -1, -1, 1, -1, -1, -1, -1, 1, 1, 1, -1, 1, -1, 1, -1, -1, 1, -1, -1, 1, 1, -1, -1, -1, -1, -1, -1, 1, -1, 1, -1, 1, -1, 1, -1, -1, -1, -1, 1, 1, -1, 1, -1, -1, -1, -1, -1, -1, 1, -1, -1, 1, 1, -1, -1, 1, -1, -1, 1, 1, -1, 1, 1, 1, -1, -1, 1, 1, -1, 1, -1, 1, -1, -1, -1, -1, -1, 1, 1, 1, -1, 1, -1, 1, -1, -1, 1, 1, -1, -1, 1, 1, 1, 1, -1, -1, -1, 1, 1, 1, -1, -1, 1, 1, 1, -1, 1, -1, 1, -1, -1, 1, -1, 1, 1, -1, 1, 1, 1, 1, 1, 1, 1, -1, 1, -1, 1, 1, 1, 1, -1, 1, 1, 1, -1, 1, -1, -1, 1, -1, 1
BQP_DATA, 2396, 10977, -5085.000000, -6579.000000, -14680.000000, -16174.000000, 2048.002532, 5996, 1472
