Set parameter TSPort to value 51199
Set parameter TokenServer to value "open-license1.lanl.gov"
Set parameter TimeLimit to value 2048
Set parameter Threads to value 1
Gurobi Optimizer version 10.0.3 build v10.0.3rc0 (linux64)

CPU model: Intel(R) Xeon(R) CPU E5-2695 v4 @ 2.10GHz, instruction set [SSE2|AVX|AVX2]
Thread count: 36 physical cores, 72 logical processors, using up to 1 threads

Optimize a model with 0 rows, 2396 columns and 0 nonzeros
Model fingerprint: 0xf18c99c6
Model has 10940 quadratic objective terms
Variable types: 0 continuous, 2396 integer (2396 binary)
Coefficient statistics:
  Matrix range     [0e+00, 0e+00]
  Objective range  [2e+00, 3e+01]
  QObjective range [8e+00, 8e+00]
  Bounds range     [1e+00, 1e+00]
  RHS range        [0e+00, 0e+00]
Found heuristic solution: objective 0.0000000
Found heuristic solution: objective -4106.000000
Found heuristic solution: objective -14870.00000
Found heuristic solution: objective -14924.00000
Presolve removed 0 rows and 1 columns
Presolve time: 0.36s
Presolved: 10939 rows, 13334 columns, 32817 nonzeros
Variable types: 0 continuous, 13334 integer (13334 binary)

Root relaxation: objective -2.066100e+04, 3527 iterations, 0.05 seconds (0.02 work units)

    Nodes    |    Current Node    |     Objective Bounds      |     Work
 Expl Unexpl |  Obj  Depth IntInf | Incumbent    BestBd   Gap | It/Node Time

     0     0 -20661.000    0 2395 -14924.000 -20661.000  38.4%     -    0s
     0     0 -19286.000    0 3080 -14924.000 -19286.000  29.2%     -    1s
     0     0 -19113.000    0 3176 -14924.000 -19113.000  28.1%     -    1s
     0     0 -19103.000    0 3181 -14924.000 -19103.000  28.0%     -    1s
     0     0 -18911.500    0 3320 -14924.000 -18911.500  26.7%     -    1s
     0     0 -18911.500    0 3299 -14924.000 -18911.500  26.7%     -    2s
     0     2 -18911.500    0 3292 -14924.000 -18911.500  26.7%     -    3s
    94    96 -18457.500   47 3688 -14924.000 -18899.500  26.6%   117    5s
   421   423 -17150.000  211 4605 -14924.000 -18899.500  26.6%  84.4   10s
   738   740 -16156.000  369 4807 -14924.000 -18899.500  26.6%  71.1   15s
   918   920 -15735.500  460 4645 -14924.000 -18899.500  26.6%  66.6   20s
  1274  1276 -14952.500  641 4216 -14924.000 -18899.500  26.6%  59.2   25s
  1345  1285 -16187.000  365 3698 -14924.000 -18242.333  22.2%  57.3   30s
  1353  1290 -17592.000  149 4610 -14924.000 -17669.728  18.4%  56.9   41s
  1354  1291 -17566.381   99 4879 -14924.000 -17566.381  17.7%  56.9   51s
  1355  1291 -17542.101  117 4987 -14924.000 -17542.101  17.5%  56.9   56s
  1359  1294 -17069.000  224 5150 -14924.000 -17535.520  17.5%  56.7   60s
  1365  1298 -15930.500  418 5641 -14924.000 -17281.493  15.8%  56.4  100s
  1366  1299 -17011.000  232 5876 -14924.000 -17210.405  15.3%  56.4  131s
  1367  1299 -16707.500  278 6031 -14924.000 -17195.237  15.2%  56.4  148s
  1368  1300 -16835.500  260 6176 -14924.000 -17189.554  15.2%  56.3  154s
  1369  1301 -15063.500  607 6329 -14924.000 -17186.182  15.2%  56.3  158s
  1370  1301 -16312.000  343 6380 -14924.000 -17185.181  15.2%  56.2  160s
  1374  1304 -16835.500  260 6427 -14924.000 -17184.046  15.1%  56.1  165s
  1378  1307 -15781.500  451 6713 -14924.000 -16989.231  13.8%  55.9  235s
  1379  1307 -16949.080  104 7142 -14924.000 -16949.080  13.6%  55.9  288s
  1380  1308 -16937.487  100 7303 -14924.000 -16937.487  13.5%  55.8  306s
  1381  1309 -16933.775  214 7370 -14924.000 -16933.775  13.5%  55.8  317s
  1382  1309 -16932.494  187 7517 -14924.000 -16932.494  13.5%  55.7  322s
  1383  1310 -16073.000  385 7570 -14924.000 -16931.666  13.5%  55.7  326s
  1385  1311 -16878.500  253 7576 -14924.000 -16930.949  13.4%  55.6  331s
  1389  1314 -16930.818  204 7636 -14924.000 -16930.818  13.4%  55.5  335s
  1390  1315 -16757.553  269 8054 -14924.000 -16757.553  12.3%  55.4  445s
  1391  1315 -16723.332  234 8411 -14924.000 -16723.332  12.1%  55.4  522s
  1392  1316 -15325.500  545 8658 -14924.000 -16714.876  12.0%  55.3  549s
  1393  1317 -15059.500  608 8823 -14924.000 -16713.095  12.0%  55.3  560s
  1394  1317 -16711.660   17 8847 -14924.000 -16711.660  12.0%  55.3  569s
  1395  1318 -15892.500  428 8904 -14924.000 -16711.058  12.0%  55.2  574s
  1396  1319 -16710.830  157 8926 -14924.000 -16710.830  12.0%  55.2  577s
  1398  1320 -14946.500  644 8954 -14924.000 -16710.670  12.0%  55.1  580s
  1402  1323 -16592.076  227 9307 -14924.000 -16592.076  11.2%  54.9  724s
  1403  1323 -15141.500  591 9655 -14924.000 -16566.569  11.0%  54.9  800s
  1404  1324 -16560.856   52 9761 -14924.000 -16560.856  11.0%  54.9  832s
  1405  1325 -16559.382   62 9844 -14924.000 -16559.382  11.0%  54.8  844s
  1406  1325 -16177.000  366 9953 -14924.000 -16558.823  11.0%  54.8  851s
  1407  1326 -16044.500  392 9947 -14924.000 -16558.572  11.0%  54.8  855s
  1409  1327 -16012.500  398 10054 -14924.000 -16558.383  11.0%  54.7  860s
  1413  1330 -15954.500  410 10162 -14924.000 -16558.343  11.0%  54.5  865s
  1414  1331 -16493.824   94 9900 -14924.000 -16493.824  10.5%  54.5  985s
  1415  1331 -16119.000  376 10215 -14924.000 -16480.679  10.4%  54.4 1060s
  1416  1332 -16477.606  186 10252 -14924.000 -16477.606  10.4%  54.4 1083s
  1417  1333 -16476.388  315 10389 -14924.000 -16476.388  10.4%  54.4 1096s
  1418  1333 -16475.969  149 10416 -14924.000 -16475.969  10.4%  54.3 1102s
  1419  1334 -16001.500  402 10358 -14924.000 -16475.602  10.4%  54.3 1108s
  1420  1335 -15934.500  417 10450 -14924.000 -16475.345  10.4%  54.3 1112s
  1422  1336 -16475.193  137 10467 -14924.000 -16475.193  10.4%  54.2 1116s
  1425  1338 -16475.172   60 10456 -14924.000 -16475.172  10.4%  54.1 1120s
  1426  1339 -15571.500  494 10532 -14924.000 -16419.933  10.0%  54.0 1246s
  1427  1339 -16408.746   32 10590 -14924.000 -16408.746  9.95%  54.0 1319s
  1428  1340 -16006.500  400 10708 -14924.000 -16406.740  9.94%  53.9 1340s
  1429  1341 -15402.500  530 10758 -14924.000 -16405.974  9.93%  53.9 1350s
  1430  1341 -16405.647  178 10787 -14924.000 -16405.647  9.93%  53.9 1358s
  1431  1342 -15302.000  550 10778 -14924.000 -16405.573  9.93%  53.8 1360s
  1434  1344 -16405.553   68 10810 -14924.000 -16405.553  9.93%  53.7 1365s
  1435  1345 -16363.558  195 10793 -14924.000 -16363.558  9.65%  53.7 1496s
  1436  1345 -16353.953  169 10981 -14924.000 -16353.953  9.58%  53.6 1570s
  1437  1346 -16177.000  366 10995 -14924.000 -16352.241  9.57%  53.6 1591s
  1438  1347 -16351.624  305 11091 -14924.000 -16351.624  9.57%  53.6 1604s
  1439  1347 -16351.500  103 11103 -14924.000 -16351.500  9.57%  53.5 1609s
  1440  1348 -15079.500  603 11120 -14924.000 -16351.468  9.56%  53.5 1612s
  1443  1350 -15560.500  496 11144 -14924.000 -16351.440  9.56%  53.4 1615s
  1445  1351 -16187.000  365 11030 -14924.000 -16320.233  9.36%  53.3 1730s
  1446  1352 -16314.197  246 11161 -14924.000 -16314.197  9.32%  53.3 1787s
  1447  1353 -16140.000  372 11171 -14924.000 -16313.127  9.31%  53.2 1803s
  1448  1353 -16312.753  146 11196 -14924.000 -16312.753  9.31%  53.2 1810s
  1449  1354 -16012.500  398 11220 -14924.000 -16312.514  9.30%  53.2 1816s
  1451  1355 -16312.442   29 11236 -14924.000 -16312.442  9.30%  53.1 1821s
  1454  1357 -16291.207   99 11197 -14924.000 -16291.207  9.16%  53.0 1925s
  1455  1358 -16287.110  117 11278 -14924.000 -16287.110  9.13%  52.9 1969s
  1456  1359 -15949.500  412 11296 -14924.000 -16286.316  9.13%  52.9 1984s
  1457  1359 -16286.172  237 11359 -14924.000 -16286.172  9.13%  52.9 1989s
  1458  1360 -16263.000  350 11375 -14924.000 -16286.130  9.13%  52.8 1992s
  1460  1361 -16286.113  236 11386 -14924.000 -16286.113  9.13%  52.8 1996s

Cutting planes:
  Gomory: 100
  MIR: 458
  Flow cover: 3803
  Zero half: 1486
  Mod-K: 91
  RLT: 453
  BQP: 672

Explored 1460 nodes (1537896 simplex iterations) in 2048.03 seconds (2853.80 work units)
Thread count was 1 (of 72 available processors)

Solution count 4: -14924 -14870 -4106 0 

Time limit reached
Best objective -1.492400000000e+04, best bound -1.628600000000e+04, gap 9.1262%

User-callback calls 12848, time in user-callback 0.07 sec

BQP_SOLUTION, 2396, 10940, -5203.000000, 2048.027486, 1, -1, -1, 1, 1, 1, -1, -1, -1, -1, 1, -1, -1, 1, 1, -1, 1, 1, -1, 1, 1, 1, -1, 1, 1, 1, 1, 1, 1, -1, 1, -1, -1, 1, -1, 1, 1, -1, 1, -1, 1, 1, -1, 1, -1, 1, 1, -1, 1, -1, 1, -1, 1, 1, 1, -1, 1, 1, 1, -1, 1, -1, 1, 1, 1, -1, 1, -1, 1, 1, -1, 1, -1, 1, -1, 1, 1, 1, 1, -1, -1, 1, -1, -1, -1, 1, 1, 1, -1, -1, -1, 1, -1, -1, 1, -1, 1, 1, -1, 1, -1, -1, 1, -1, -1, -1, 1, 1, 1, -1, -1, 1, 1, -1, 1, -1, 1, 1, -1, 1, -1, 1, -1, 1, -1, -1, 1, 1, 1, 1, -1, 1, -1, 1, -1, 1, 1, -1, 1, -1, 1, 1, -1, -1, -1, 1, 1, -1, 1, 1, -1, 1, -1, -1, -1, -1, 1, -1, -1, 1, -1, 1, -1, -1, 1, -1, 1, -1, -1, 1, -1, 1, -1, -1, -1, -1, 1, 1, -1, 1, 1, 1, -1, -1, -1, -1, 1, -1, 1, -1, -1, 1, -1, -1, -1, 1, -1, -1, 1, 1, 1, 1, -1, -1, -1, -1, 1, 1, 1, -1, -1, 1, -1, -1, -1, -1, 1, 1, -1, -1, 1, 1, -1, -1, -1, -1, -1, 1, 1, -1, -1, 1, -1, -1, 1, -1, 1, -1, 1, -1, 1, -1, 1, 1, -1, 1, -1, -1, 1, -1, -1, 1, -1, -1, -1, 1, 1, 1, -1, -1, 1, -1, 1, -1, -1, -1, 1, 1, -1, -1, 1, -1, 1, 1, -1, 1, 1, 1, -1, -1, -1, -1, 1, 1, -1, -1, -1, 1, 1, 1, 1, -1, -1, 1, -1, -1, 1, 1, 1, -1, 1, -1, -1, 1, -1, -1, 1, 1, 1, -1, -1, 1, 1, 1, -1, 1, 1, 1, 1, -1, 1, -1, 1, 1, -1, -1, 1, 1, -1, -1, 1, -1, 1, -1, -1, 1, 1, 1, -1, 1, 1, -1, 1, 1, 1, 1, -1, 1, -1, 1, -1, -1, -1, 1, 1, -1, 1, 1, -1, 1, -1, 1, 1, 1, 1, -1, 1, -1, -1, 1, 1, -1, 1, -1, 1, 1, -1, 1, -1, -1, -1, 1, 1, 1, -1, 1, 1, 1, -1, -1, -1, 1, 1, 1, 1, -1, -1, 1, -1, 1, 1, -1, 1, 1, 1, 1, 1, 1, -1, -1, 1, 1, -1, 1, -1, -1, 1, 1, -1, 1, -1, -1, 1, 1, 1, 1, 1, 1, -1, -1, 1, -1, -1, 1, 1, -1, -1, -1, -1, 1, -1, 1, -1, -1, 1, 1, -1, 1, -1, -1, -1, -1, -1, -1, 1, 1, 1, 1, -1, 1, -1, 1, -1, -1, 1, 1, 1, -1, -1, 1, -1, 1, -1, -1, 1, 1, -1, 1, -1, 1, 1, 1, -1, -1, 1, -1, 1, -1, -1, -1, -1, -1, -1, 1, 1, -1, 1, 1, 1, -1, -1, -1, -1, 1, -1, 1, 1, -1, -1, -1, -1, -1, -1, -1, 1, -1, 1, -1, -1, 1, -1, -1, -1, -1, 1, 1, 1, 1, 1, -1, -1, -1, -1, -1, 1, 1, 1, -1, -1, 1, -1, -1, 1, 1, 1, 1, 1, -1, -1, 1, -1, -1, -1, -1, 1, 1, 1, -1, -1, 1, -1, -1, 1, 1, 1, 1, 1, 1, -1, 1, -1, 1, -1, 1, -1, 1, 1, 1, -1, 1, -1, -1, -1, 1, 1, 1, 1, 1, -1, 1, -1, 1, 1, 1, 1, 1, 1, 1, -1, 1, -1, -1, 1, 1, -1, 1, 1, -1, -1, 1, -1, 1, 1, 1, 1, 1, 1, -1, 1, -1, 1, 1, 1, 1, 1, 1, 1, -1, 1, -1, 1, -1, 1, 1, 1, -1, 1, -1, -1, -1, -1, -1, 1, 1, 1, 1, 1, -1, -1, -1, 1, -1, -1, 1, 1, -1, 1, 1, 1, 1, 1, 1, 1, 1, 1, 1, 1, 1, 1, -1, 1, 1, -1, 1, 1, -1, 1, -1, 1, 1, -1, 1, -1, 1, -1, -1, 1, 1, 1, -1, 1, 1, -1, 1, 1, -1, 1, 1, 1, -1, -1, 1, 1, 1, 1, -1, 1, 1, -1, -1, 1, 1, 1, -1, 1, 1, 1, 1, 1, -1, 1, -1, 1, 1, 1, -1, 1, 1, -1, -1, -1, 1, 1, -1, 1, -1, 1, -1, 1, -1, -1, 1, 1, -1, 1, -1, 1, 1, 1, -1, 1, 1, 1, 1, 1, 1, 1, -1, 1, -1, -1, 1, 1, 1, 1, -1, 1, 1, -1, -1, 1, 1, -1, 1, 1, 1, -1, -1, -1, -1, -1, 1, 1, -1, 1, 1, 1, -1, 1, -1, -1, 1, 1, 1, -1, 1, -1, 1, -1, 1, -1, 1, 1, 1, -1, 1, 1, 1, -1, -1, -1, -1, 1, 1, 1, 1, 1, 1, -1, 1, -1, 1, -1, 1, 1, 1, 1, 1, -1, -1, -1, 1, 1, 1, -1, 1, -1, 1, 1, -1, -1, -1, 1, 1, 1, 1, 1, -1, -1, -1, 1, -1, 1, -1, 1, 1, -1, -1, -1, -1, 1, 1, -1, 1, 1, 1, 1, 1, -1, 1, -1, 1, 1, 1, 1, 1, 1, -1, -1, -1, -1, -1, 1, -1, 1, 1, 1, 1, 1, 1, -1, -1, 1, -1, 1, 1, 1, 1, -1, -1, -1, 1, -1, 1, 1, 1, 1, 1, -1, 1, -1, 1, 1, 1, 1, 1, 1, 1, 1, -1, 1, -1, 1, -1, 1, 1, 1, 1, 1, -1, -1, 1, 1, -1, 1, 1, 1, 1, 1, 1, -1, 1, 1, -1, 1, -1, 1, 1, -1, 1, -1, 1, 1, -1, 1, -1, 1, 1, 1, -1, 1, 1, -1, -1, 1, 1, 1, 1, -1, 1, -1, 1, -1, -1, -1, 1, 1, 1, 1, -1, -1, 1, -1, -1, -1, 1, 1, -1, 1, -1, 1, 1, 1, -1, -1, 1, 1, 1, 1, -1, -1, 1, -1, -1, -1, -1, 1, 1, -1, 1, -1, 1, -1, 1, -1, 1, 1, 1, 1, 1, 1, 1, -1, -1, 1, -1, 1, 1, 1, -1, -1, 1, -1, -1, -1, 1, -1, 1, 1, 1, -1, 1, -1, -1, 1, -1, -1, 1, 1, 1, -1, -1, 1, -1, 1, -1, 1, 1, 1, 1, -1, -1, 1, -1, -1, -1, 1, 1, 1, 1, -1, -1, 1, -1, 1, -1, -1, 1, 1, 1, 1, 1, -1, 1, -1, -1, 1, -1, -1, -1, -1, 1, -1, 1, -1, 1, -1, 1, 1, 1, -1, -1, -1, 1, 1, -1, -1, -1, 1, -1, -1, 1, -1, 1, -1, 1, -1, 1, 1, 1, -1, 1, 1, -1, 1, -1, -1, 1, 1, 1, -1, -1, 1, -1, 1, 1, -1, -1, 1, -1, -1, -1, 1, -1, 1, -1, -1, -1, 1, 1, -1, -1, 1, 1, -1, -1, -1, 1, 1, -1, 1, -1, -1, 1, 1, -1, -1, -1, 1, 1, 1, -1, 1, 1, 1, -1, -1, -1, 1, 1, -1, -1, -1, 1, 1, -1, 1, -1, 1, 1, 1, -1, 1, 1, 1, -1, -1, -1, 1, 1, 1, 1, -1, 1, -1, 1, -1, -1, 1, 1, -1, -1, -1, 1, 1, -1, -1, -1, 1, -1, -1, 1, -1, 1, 1, -1, -1, -1, 1, 1, 1, -1, -1, 1, 1, 1, -1, 1, 1, 1, 1, -1, 1, 1, 1, 1, -1, -1, 1, -1, 1, -1, 1, 1, 1, -1, 1, -1, 1, -1, 1, 1, 1, 1, 1, -1, -1, -1, -1, -1, 1, 1, 1, 1, 1, -1, 1, -1, 1, 1, 1, 1, 1, 1, 1, -1, -1, -1, 1, -1, -1, -1, 1, 1, 1, -1, -1, 1, -1, 1, -1, 1, -1, 1, 1, -1, 1, -1, 1, 1, 1, 1, -1, 1, 1, -1, -1, -1, 1, -1, 1, 1, -1, 1, 1, -1, 1, -1, -1, 1, 1, 1, -1, 1, -1, -1, -1, -1, -1, 1, 1, 1, -1, 1, -1, -1, -1, 1, -1, -1, 1, 1, 1, 1, 1, -1, 1, 1, -1, -1, 1, 1, -1, 1, 1, -1, 1, -1, -1, 1, -1, 1, -1, 1, 1, -1, -1, -1, -1, 1, -1, 1, -1, -1, 1, 1, -1, -1, 1, 1, 1, 1, -1, 1, -1, 1, 1, 1, -1, 1, -1, 1, -1, -1, -1, 1, -1, 1, -1, 1, 1, 1, -1, 1, 1, 1, 1, 1, 1, 1, 1, -1, -1, -1, 1, 1, 1, 1, -1, 1, 1, 1, -1, -1, 1, 1, 1, -1, 1, 1, 1, 1, 1, -1, 1, 1, 1, -1, 1, 1, 1, 1, -1, -1, 1, 1, -1, 1, 1, 1, 1, 1, -1, -1, 1, 1, 1, 1, 1, -1, 1, -1, -1, 1, 1, 1, 1, 1, 1, -1, 1, -1, 1, 1, 1, 1, -1, 1, -1, -1, 1, 1, -1, 1, 1, 1, 1, 1, -1, 1, 1, 1, -1, -1, 1, 1, 1, 1, -1, -1, 1, -1, -1, 1, 1, 1, 1, 1, -1, 1, 1, 1, -1, 1, -1, 1, 1, 1, 1, 1, 1, 1, -1, 1, -1, 1, -1, 1, -1, 1, -1, 1, -1, 1, -1, 1, 1, 1, -1, 1, 1, 1, -1, 1, -1, 1, 1, 1, -1, 1, 1, -1, 1, -1, 1, 1, 1, 1, -1, 1, -1, 1, 1, -1, 1, 1, 1, 1, -1, 1, -1, 1, -1, 1, 1, 1, 1, 1, -1, 1, -1, -1, -1, -1, -1, 1, -1, 1, -1, 1, 1, -1, -1, 1, -1, 1, -1, 1, -1, -1, 1, -1, -1, -1, -1, 1, -1, 1, 1, -1, 1, 1, -1, -1, -1, 1, 1, 1, -1, 1, -1, -1, 1, -1, -1, 1, -1, 1, -1, 1, 1, -1, -1, -1, -1, 1, -1, 1, -1, -1, 1, -1, -1, -1, -1, 1, -1, -1, 1, -1, 1, -1, -1, -1, 1, -1, 1, 1, 1, -1, 1, -1, 1, -1, 1, -1, -1, 1, -1, 1, -1, -1, -1, -1, -1, 1, 1, 1, -1, 1, -1, -1, -1, 1, 1, -1, 1, 1, -1, 1, -1, 1, -1, 1, 1, -1, -1, 1, -1, 1, -1, -1, -1, 1, 1, 1, 1, 1, 1, 1, -1, 1, -1, -1, 1, 1, 1, 1, 1, -1, 1, -1, -1, -1, 1, -1, 1, 1, 1, -1, 1, -1, -1, 1, 1, -1, 1, 1, -1, -1, 1, -1, 1, 1, 1, -1, -1, 1, 1, -1, 1, -1, -1, 1, 1, -1, 1, 1, 1, -1, 1, -1, 1, -1, 1, -1, -1, 1, 1, -1, -1, -1, -1, -1, 1, 1, -1, 1, 1, -1, -1, -1, -1, 1, 1, 1, 1, 1, -1, -1, -1, 1, 1, 1, 1, -1, 1, 1, -1, -1, -1, -1, -1, -1, 1, -1, 1, 1, -1, -1, 1, -1, -1, 1, 1, -1, 1, 1, -1, -1, -1, -1, 1, 1, 1, -1, 1, 1, -1, 1, 1, -1, -1, 1, 1, -1, -1, 1, 1, -1, -1, 1, -1, 1, 1, -1, -1, 1, 1, -1, -1, -1, 1, 1, -1, -1, 1, -1, -1, -1, -1, -1, -1, 1, 1, -1, -1, 1, 1, -1, -1, -1, -1, -1, -1, -1, 1, -1, 1, 1, -1, -1, -1, 1, 1, 1, -1, -1, 1, -1, -1, 1, -1, -1, -1, 1, -1, -1, -1, 1, -1, 1, -1, -1, 1, -1, -1, -1, -1, -1, 1, -1, -1, 1, -1, 1, -1, 1, -1, -1, -1, 1, -1, -1, 1, 1, -1, -1, 1, -1, -1, -1, -1, 1, 1, -1, -1, 1, -1, -1, 1, 1, -1, -1, -1, -1, 1, -1, -1, 1, -1, 1, 1, -1, 1, -1, -1, -1, 1, -1, -1, 1, -1, -1, 1, -1, -1, -1, -1, 1, 1, -1, -1, -1, 1, 1, -1, -1, -1, 1, -1, -1, -1, -1, 1, -1, -1, -1, -1, 1, -1, -1, 1, -1, 1, 1, -1, -1, 1, -1, -1, -1, 1, -1, 1, 1, -1, -1, -1, -1, 1, -1, 1, -1, 1, 1, -1, -1, -1, 1, -1, -1, -1, -1, 1, 1, -1, 1, -1, 1, -1, 1, -1, 1, -1, 1, 1, -1, -1, 1, -1, -1, -1, 1, 1, 1, 1, 1, -1, -1, -1, -1, 1, -1, 1, 1, 1, -1, 1, -1, -1, -1, -1, -1, -1, 1, -1, 1, -1, -1, -1, -1, -1, -1, 1, 1, -1, 1, -1, 1, -1, -1, 1, -1, 1, 1, 1, -1, -1, 1, -1, -1, -1, -1, -1, 1, 1, 1, -1, -1, -1, -1, -1, -1, -1, 1, 1, -1, 1, 1, -1, 1, -1, -1, -1, 1, -1, 1, -1, -1, -1, -1, -1, -1, 1, 1, -1, 1, -1, -1, 1, -1, 1, -1, -1, 1, -1, 1, -1, 1, -1, -1, -1, -1, -1, 1, 1, 1, -1, -1, -1, 1, -1, -1, 1, 1, 1, -1, -1, -1, 1, -1, 1, -1, 1, -1, -1, 1, -1, 1, 1, 1, -1, -1, 1, 1, 1, -1, -1, 1, 1, -1, 1, -1, 1, -1, -1, -1, -1, -1, 1, -1, 1, -1, -1, 1, -1, 1, -1, -1, 1, -1, -1, -1, -1, 1, -1, 1, 1, -1, 1, 1, 1, -1, 1, 1, -1, 1, 1, 1, 1, -1, 1, -1, -1, 1, 1, -1, 1, -1, 1, 1, -1, 1, -1, 1, -1, -1, -1, 1, 1, 1, 1, -1, -1, 1, 1, -1, 1, 1, 1, -1, 1, -1, -1, -1, -1, 1, 1, 1, 1, 1, 1, 1, -1, -1, -1, 1, 1, 1, 1, 1, -1, -1, 1, 1, -1, 1, -1, 1, 1, 1, 1, -1, 1, 1, -1, 1, 1, 1, 1, -1, 1, -1, -1, 1, 1, 1, 1, 1, 1, 1, 1, -1, -1, 1, 1, 1, 1, 1, -1, 1, 1, -1, -1, 1, -1, 1, 1, 1, 1, -1, 1, -1, -1, 1, 1, -1, 1, 1, 1, -1, -1, -1, -1, 1, 1, -1, 1, 1, 1, 1, 1, -1, -1, -1, 1, -1, 1, 1, 1, 1, 1, 1, 1, 1, 1, -1, 1, 1, 1, -1, 1, 1, -1, 1, 1, -1, 1, 1, -1, 1, 1, 1, 1, 1, -1, 1, 1, 1, 1, 1, -1, 1, -1, 1
BQP_DATA, 2396, 10940, -5203.000000, -6565.000000, -14924.000000, -16286.000000, 2048.027486, 5938, 1460
