Set parameter TSPort to value 51199
Set parameter TokenServer to value "open-license1.lanl.gov"
Set parameter TimeLimit to value 256
Set parameter Threads to value 1
Gurobi Optimizer version 10.0.3 build v10.0.3rc0 (linux64)

CPU model: Intel(R) Xeon(R) CPU E5-2695 v4 @ 2.10GHz, instruction set [SSE2|AVX|AVX2]
Thread count: 36 physical cores, 72 logical processors, using up to 1 threads

Optimize a model with 0 rows, 215 columns and 0 nonzeros
Model fingerprint: 0xf434b621
Model has 870 quadratic objective terms
Variable types: 0 continuous, 215 integer (215 binary)
Coefficient statistics:
  Matrix range     [0e+00, 0e+00]
  Objective range  [2e+00, 3e+01]
  QObjective range [8e+00, 8e+00]
  Bounds range     [1e+00, 1e+00]
  RHS range        [0e+00, 0e+00]
Found heuristic solution: objective 0.0000000
Found heuristic solution: objective -358.0000000
Found heuristic solution: objective -1286.000000
Presolve removed 0 rows and 1 columns
Presolve time: 0.25s
Presolved: 869 rows, 1083 columns, 2607 nonzeros
Variable types: 0 continuous, 1083 integer (1083 binary)

Root relaxation: objective -1.667000e+03, 273 iterations, 0.01 seconds (0.00 work units)

    Nodes    |    Current Node    |     Objective Bounds      |     Work
 Expl Unexpl |  Obj  Depth IntInf | Incumbent    BestBd   Gap | It/Node Time

     0     0 -1667.0000    0  214 -1286.0000 -1667.0000  29.6%     -    0s
     0     0 -1507.3333    0  307 -1286.0000 -1507.3333  17.2%     -    0s
     0     0 -1506.3333    0  303 -1286.0000 -1506.3333  17.1%     -    0s
     0     0 -1468.5000    0  334 -1286.0000 -1468.5000  14.2%     -    0s
     0     0 -1468.5000    0  322 -1286.0000 -1468.5000  14.2%     -    0s
     0     2 -1467.5000    0  322 -1286.0000 -1467.5000  14.1%     -    0s
   563   510 -1343.4757   14  820 -1286.0000 -1343.4757  4.47%  76.1    5s
   626   553 -1325.8080    9  911 -1286.0000 -1325.8080  3.10%   107   10s
   682   593 -1289.0621   36  766 -1286.0000 -1320.4966  2.68%   156   15s
   743   613 -1299.1712   33  771 -1286.0000 -1319.1329  2.58%   194   20s
   813   638 -1306.4549   29  786 -1286.0000 -1318.0755  2.49%   230   25s
   929   655 -1295.2633   32  771 -1286.0000 -1315.2077  2.27%   250   30s
  1012   651 -1299.7561   30  810 -1286.0000 -1314.9950  2.25%   267   35s
  1087   655 -1304.7439   27  835 -1286.0000 -1313.9592  2.17%   285   40s
  1181   666 -1288.9002   34  769 -1286.0000 -1312.1173  2.03%   297   45s
  1277   660     cutoff   35      -1286.0000 -1311.4504  1.98%   304   50s
  1411   638 -1291.6937   36  616 -1286.0000 -1310.1328  1.88%   305   55s
H 1508   558                    -1290.000000 -1309.0783  1.48%   309   59s
  1511   558 -1304.9002   29  823 -1290.0000 -1309.0552  1.48%   310   60s
  1608   541 -1293.1578   34  737 -1290.0000 -1308.5137  1.44%   315   65s
  1708   521     cutoff   33      -1290.0000 -1307.8545  1.38%   319   70s
  1811   498 -1292.0101   34  767 -1290.0000 -1307.5619  1.36%   323   75s
  1912   472 -1302.6257   28  853 -1290.0000 -1306.8582  1.31%   326   80s
  1993   452 -1299.7913   29  812 -1290.0000 -1306.4837  1.28%   330   85s
  2102   423     cutoff   33      -1290.0000 -1306.1533  1.25%   331   90s
  2204   402 -1294.4798   31  813 -1290.0000 -1305.7497  1.22%   334   95s
  2309   387 -1292.3203   32  789 -1290.0000 -1305.4611  1.20%   335  100s
  2413   383 -1300.7472   30  804 -1290.0000 -1304.7243  1.14%   336  105s
  2516   383 -1300.3244   28  858 -1290.0000 -1304.4896  1.12%   336  110s
  2613   392 -1297.5151   30  814 -1290.0000 -1304.1620  1.10%   336  115s
  2723   398 -1292.5945   32  797 -1290.0000 -1303.6697  1.06%   336  120s
  2814   398 -1293.4427   32  808 -1290.0000 -1303.4795  1.04%   337  125s
  2917   396 -1292.1349   34  750 -1290.0000 -1303.2793  1.03%   337  130s
  3007   390 -1296.3447   30  817 -1290.0000 -1303.0043  1.01%   338  135s
  3110   391     cutoff   33      -1290.0000 -1302.7228  0.99%   337  140s
  3206   390 -1293.2974   33  779 -1290.0000 -1302.2981  0.95%   338  145s
  3310   382 -1292.2247   31  797 -1290.0000 -1302.0790  0.94%   337  150s
  3410   371 -1297.2042   31  816 -1290.0000 -1301.7241  0.91%   338  155s
  3518   359 -1297.4716   32  763 -1290.0000 -1301.2918  0.88%   338  160s
  3626   355 -1296.3623   32  799 -1290.0000 -1301.0528  0.86%   337  165s
  3723   343 -1294.2555   34  737 -1290.0000 -1300.7382  0.83%   336  170s
  3835   330 -1295.8776   33  743 -1290.0000 -1300.4343  0.81%   335  175s
  3939   312     cutoff   33      -1290.0000 -1300.1243  0.78%   335  180s
  4037   299 -1294.5944   30  813 -1290.0000 -1299.6942  0.75%   335  185s
  4146   282 -1297.0926   35  696 -1290.0000 -1299.2167  0.71%   335  190s
  4263   262 -1294.2532   30  800 -1290.0000 -1298.8997  0.69%   334  195s
  4370   239 -1292.4095   33  755 -1290.0000 -1298.4030  0.65%   334  200s
  4491   208 -1295.7821   35  649 -1290.0000 -1297.8966  0.61%   332  205s
  4616   176 -1292.4101   30  820 -1290.0000 -1296.9740  0.54%   331  210s
  4738   114 -1293.3867   36  689 -1290.0000 -1295.1980  0.40%   329  215s

Cutting planes:
  Gomory: 22
  MIR: 34
  Flow cover: 18
  Zero half: 437
  RLT: 38
  BQP: 57

Explored 4875 nodes (1583202 simplex iterations) in 217.74 seconds (208.45 work units)
Thread count was 1 (of 72 available processors)

Solution count 4: -1290 -1286 -358 0 
No other solutions better than -1290

Optimal solution found (tolerance 1.00e-04)
Best objective -1.290000000000e+03, best bound -1.290000000000e+03, gap 0.0000%

User-callback calls 31969, time in user-callback 0.14 sec

BQP_SOLUTION, 215, 870, -493.000000, 217.736531, -1, 1, 1, 1, -1, -1, 1, 1, -1, 1, -1, -1, 1, 1, -1, 1, 1, -1, 1, 1, -1, 1, 1, -1, 1, 1, 1, 1, 1, -1, 1, 1, -1, 1, 1, 1, 1, 1, -1, 1, 1, -1, 1, 1, -1, 1, 1, 1, 1, -1, 1, 1, 1, -1, 1, -1, 1, -1, 1, -1, 1, -1, 1, 1, 1, -1, 1, 1, -1, 1, 1, -1, 1, -1, -1, 1, -1, -1, 1, -1, 1, 1, -1, -1, 1, -1, 1, 1, -1, 1, 1, -1, -1, 1, -1, -1, -1, 1, 1, -1, -1, 1, -1, 1, 1, -1, -1, -1, -1, -1, -1, 1, 1, -1, -1, 1, -1, -1, -1, -1, -1, -1, -1, -1, -1, -1, 1, -1, -1, -1, 1, -1, -1, -1, -1, -1, -1, -1, 1, -1, -1, -1, 1, -1, -1, 1, -1, 1, 1, -1, 1, 1, -1, 1, 1, 1, -1, 1, -1, -1, 1, -1, 1, 1, -1, 1, 1, 1, -1, 1, 1, -1, 1, 1, 1, 1, 1, -1, 1, -1, 1, 1, -1, -1, 1, 1, -1, 1, 1, 1, 1, 1, 1, -1, 1, 1, 1, 1, 1, -1, 1, -1, 1, 1, 1, 1, 1, -1, 1, 1, -1, 1, -1, 1, -1
BQP_DATA, 215, 870, -493.000000, -493.000000, -1290.000000, -1290.000000, 217.736531, 511, 4875
