Set parameter TSPort to value 51199
Set parameter TokenServer to value "open-license1.lanl.gov"
Set parameter TimeLimit to value 512
Set parameter Threads to value 1
Gurobi Optimizer version 10.0.3 build v10.0.3rc0 (linux64)

CPU model: Intel(R) Xeon(R) CPU E5-2695 v4 @ 2.10GHz, instruction set [SSE2|AVX|AVX2]
Thread count: 36 physical cores, 72 logical processors, using up to 1 threads

Optimize a model with 0 rows, 1173 columns and 0 nonzeros
Model fingerprint: 0x65653669
Model has 5227 quadratic objective terms
Variable types: 0 continuous, 1173 integer (1173 binary)
Coefficient statistics:
  Matrix range     [0e+00, 0e+00]
  Objective range  [2e+00, 3e+01]
  QObjective range [8e+00, 8e+00]
  Bounds range     [1e+00, 1e+00]
  RHS range        [0e+00, 0e+00]
Found heuristic solution: objective 0.0000000
Found heuristic solution: objective -2040.000000
Found heuristic solution: objective -7146.000000
Found heuristic solution: objective -7172.000000
Presolve removed 0 rows and 2 columns
Presolve time: 0.31s
Presolved: 5225 rows, 6396 columns, 15675 nonzeros
Variable types: 0 continuous, 6396 integer (6396 binary)

Root relaxation: objective -9.896000e+03, 1594 iterations, 0.03 seconds (0.01 work units)

    Nodes    |    Current Node    |     Objective Bounds      |     Work
 Expl Unexpl |  Obj  Depth IntInf | Incumbent    BestBd   Gap | It/Node Time

     0     0 -9896.0000    0 1171 -7172.0000 -9896.0000  38.0%     -    0s
     0     0 -9088.0000    0 1588 -7172.0000 -9088.0000  26.7%     -    0s
     0     0 -9080.0000    0 1585 -7172.0000 -9080.0000  26.6%     -    0s
     0     0 -8920.0000    0 1746 -7172.0000 -8920.0000  24.4%     -    1s
     0     0 -8920.0000    0 1713 -7172.0000 -8920.0000  24.4%     -    1s
     0     2 -8920.0000    0 1712 -7172.0000 -8920.0000  24.4%     -    2s
   189   191 -8187.4000   95 2200 -7172.0000 -8911.0000  24.2%   111    5s
   644   617 -7631.0000  197 1171 -7172.0000 -8911.0000  24.2%  73.7   10s
   653   623 -7261.5000  288 2526 -7172.0000 -8358.6420  16.5%  72.7   17s
   654   624 -8336.6776   37 2572 -7172.0000 -8336.6776  16.2%  72.5   20s
   664   631 -7340.0000  264 3063 -7172.0000 -8209.2589  14.5%  71.5   33s
   665   631 -7189.5000  310 3276 -7172.0000 -8187.1710  14.2%  71.3   38s
   666   632 -7334.5000  265 3302 -7172.0000 -8180.7316  14.1%  71.2   40s
   678   640 -8079.1259   22 3729 -7172.0000 -8079.1259  12.6%  70.0   61s
   679   641 -7899.0000  140 3924 -7172.0000 -8059.9436  12.4%  69.9   71s
   681   642 -8054.4243   10 4030 -7172.0000 -8054.4243  12.3%  69.7   76s
   689   647 -7907.0000  139 4282 -7172.0000 -7983.0271  11.3%  68.9  101s
   690   648 -7565.0000  209 4434 -7172.0000 -7971.6701  11.1%  68.8  110s
   693   650 -7967.9765   84 4624 -7172.0000 -7967.9765  11.1%  68.5  115s
   699   654 -7917.2332   33 4855 -7172.0000 -7917.2332  10.4%  67.9  140s
   700   655 -7692.0000  182 4947 -7172.0000 -7907.6361  10.3%  67.8  152s
   701   655 -7348.5000  259 5086 -7172.0000 -7905.9857  10.2%  67.7  156s
   707   659 -7905.3350   94 5121 -7172.0000 -7905.3350  10.2%  67.1  160s
   708   660 -7881.0969  117 5090 -7172.0000 -7881.0969  9.89%  67.0  178s
   709   661 -7669.0000  188 5182 -7172.0000 -7877.0046  9.83%  66.9  187s
   710   661 -7565.0000  209 5203 -7172.0000 -7875.9979  9.82%  66.8  190s
   717   666 -7417.0000  241 5257 -7172.0000 -7875.2891  9.81%  66.2  195s
   718   667 -7484.0000  224 5260 -7172.0000 -7859.0189  9.58%  66.1  209s
   719   667 -7856.1235   41 5306 -7172.0000 -7856.1235  9.54%  66.0  217s
   721   669 -7484.0000  224 5338 -7172.0000 -7855.4231  9.53%  65.8  220s
   726   672 -7842.8703  127 5325 -7172.0000 -7842.8703  9.35%  65.3  237s
   727   673 -7221.5000  300 5401 -7172.0000 -7840.5899  9.32%  65.3  244s
   728   673 -7631.0000  197 5398 -7172.0000 -7840.2360  9.32%  65.2  247s
   734   677 -7840.0046   74 5443 -7172.0000 -7840.0046  9.31%  64.6  250s
   735   678 -7334.5000  265 5371 -7172.0000 -7830.9573  9.19%  64.5  262s
   736   679 -7829.1635  133 5400 -7172.0000 -7829.1635  9.16%  64.5  268s
   737   679 -7413.0000  242 5422 -7172.0000 -7828.8542  9.16%  64.4  270s
   743   683 -7424.0000  238 5406 -7172.0000 -7818.8148  9.02%  63.9  287s
   744   684 -7631.0000  197 5429 -7172.0000 -7817.0976  8.99%  63.8  293s
   745   685 -7807.0000  156 5463 -7172.0000 -7816.8393  8.99%  63.7  295s
   751   689 -7447.0000  232 5434 -7172.0000 -7806.5745  8.85%  63.2  312s
   752   689 -7308.5000  272 5482 -7172.0000 -7805.2574  8.83%  63.1  315s
H  758   656                    -7176.000000 -7800.1665  8.70%  62.6  329s
   760   658 -7323.0000  267 5533 -7176.0000 -7799.1542  8.68%  62.4  333s
   762   659 -7798.7938   75 5549 -7176.0000 -7798.7938  8.68%  62.3  335s
   766   662 -7334.5000  265 5478 -7176.0000 -7792.8421  8.60%  61.9  347s
   767   662 -7331.5000  266 5531 -7176.0000 -7791.7558  8.58%  61.9  351s
   772   666 -7786.6251  109 5530 -7176.0000 -7786.6251  8.51%  61.5  363s
   773   666 -7484.0000  224 5575 -7176.0000 -7785.8254  8.50%  61.4  367s
   775   668 -7295.5000  276 5588 -7176.0000 -7785.4008  8.49%  61.2  370s
   779   670 -7778.9627  140 5544 -7176.0000 -7778.9627  8.40%  60.9  382s
   780   671 -7304.5000  273 5595 -7176.0000 -7777.4047  8.38%  60.8  387s
   782   672 -7777.0106  148 5615 -7176.0000 -7777.0106  8.38%  60.7  390s
   787   676 -7428.0000  237 5565 -7176.0000 -7771.5284  8.30%  60.3  402s
   788   676 -7189.5000  310 5608 -7176.0000 -7770.4238  8.28%  60.2  406s
   794   680 -7261.5000  288 5602 -7176.0000 -7767.9769  8.25%  59.8  416s
   796   682 -7582.0000  206 5640 -7176.0000 -7767.2167  8.24%  59.6  420s
   800   684 -7692.0000  182 5589 -7176.0000 -7764.3314  8.20%  59.3  430s
   803   686 -7281.5000  280 5656 -7176.0000 -7763.3299  8.18%  59.1  435s
   806   688 -7301.5000  274 5625 -7176.0000 -7760.9938  8.15%  58.9  441s
   808   690 -7760.2446  117 5666 -7176.0000 -7760.2446  8.14%  58.7  446s
   813   693 -7758.7147   94 5636 -7176.0000 -7758.7147  8.12%  58.4  453s
   814   694 -7656.0000  190 5659 -7176.0000 -7758.3211  8.11%  58.3  455s
   822   699 -7757.9492  118 5690 -7176.0000 -7757.9492  8.11%  57.7  460s
   838   711 -7474.0000  225 2492 -7176.0000 -7757.7275  8.11%   815  468s
   839   711 -7251.5000  291 4501 -7176.0000 -7757.7275  8.11%   814  502s

Cutting planes:
  Gomory: 39
  MIR: 192
  Flow cover: 1779
  Zero half: 749
  Mod-K: 36
  RLT: 241
  BQP: 343

Explored 839 nodes (804683 simplex iterations) in 512.00 seconds (604.58 work units)
Thread count was 1 (of 72 available processors)

Solution count 5: -7176 -7172 -7146 ... 0

Time limit reached
Best objective -7.176000000000e+03, best bound -7.756000000000e+03, gap 8.0825%

User-callback calls 8311, time in user-callback 0.04 sec

BQP_SOLUTION, 1173, 5227, -2507.000000, 512.001449, 1, -1, 1, -1, -1, 1, 1, -1, -1, 1, -1, 1, 1, -1, -1, -1, -1, -1, -1, 1, 1, -1, -1, 1, -1, -1, 1, 1, 1, -1, -1, 1, -1, 1, 1, -1, -1, -1, -1, -1, -1, 1, 1, -1, 1, -1, -1, 1, 1, 1, -1, -1, 1, -1, -1, -1, 1, -1, -1, 1, 1, -1, 1, 1, -1, -1, 1, -1, 1, 1, 1, -1, -1, 1, 1, -1, -1, -1, -1, -1, 1, -1, -1, 1, 1, -1, 1, 1, -1, -1, 1, -1, -1, 1, -1, -1, 1, 1, -1, -1, 1, 1, -1, -1, 1, -1, -1, 1, 1, -1, -1, 1, -1, -1, 1, 1, -1, -1, 1, -1, -1, 1, -1, 1, -1, -1, 1, -1, 1, -1, 1, -1, -1, -1, 1, 1, 1, -1, -1, -1, -1, -1, 1, -1, -1, 1, -1, -1, -1, 1, 1, -1, -1, -1, -1, -1, 1, -1, -1, -1, -1, 1, -1, -1, 1, -1, -1, 1, -1, -1, -1, 1, -1, 1, 1, -1, -1, 1, -1, -1, 1, 1, -1, -1, 1, -1, 1, 1, -1, -1, 1, -1, -1, -1, -1, -1, 1, -1, -1, 1, -1, -1, 1, -1, -1, -1, -1, -1, 1, -1, -1, -1, -1, 1, -1, 1, 1, 1, -1, -1, 1, -1, -1, -1, 1, -1, 1, 1, -1, 1, -1, -1, -1, 1, -1, 1, -1, 1, -1, -1, 1, 1, -1, 1, -1, -1, -1, -1, 1, -1, 1, -1, -1, 1, 1, 1, 1, 1, -1, -1, -1, 1, -1, 1, 1, -1, -1, 1, 1, 1, 1, 1, -1, -1, -1, 1, -1, 1, 1, 1, -1, -1, 1, -1, 1, 1, -1, -1, 1, 1, -1, 1, 1, 1, 1, -1, 1, -1, 1, -1, -1, -1, -1, 1, -1, 1, 1, 1, -1, -1, 1, -1, -1, 1, 1, -1, -1, 1, -1, -1, 1, 1, -1, 1, 1, -1, -1, 1, -1, -1, 1, -1, -1, -1, 1, -1, -1, -1, -1, -1, 1, 1, 1, -1, -1, -1, -1, -1, -1, -1, 1, -1, 1, -1, 1, -1, 1, -1, 1, -1, -1, -1, -1, 1, -1, 1, -1, 1, -1, -1, 1, 1, -1, 1, -1, 1, -1, 1, 1, -1, -1, 1, -1, 1, 1, 1, 1, -1, 1, -1, -1, 1, -1, 1, -1, 1, -1, 1, 1, -1, -1, 1, -1, 1, 1, -1, 1, -1, 1, 1, -1, 1, 1, 1, -1, 1, 1, 1, -1, 1, 1, -1, -1, 1, 1, -1, 1, -1, 1, -1, 1, -1, 1, 1, -1, -1, -1, 1, -1, 1, 1, -1, 1, -1, -1, 1, 1, 1, 1, -1, -1, 1, -1, 1, -1, 1, -1, -1, -1, -1, 1, -1, 1, -1, -1, 1, 1, 1, -1, 1, -1, 1, 1, 1, 1, -1, 1, -1, -1, 1, -1, 1, 1, -1, -1, -1, 1, 1, 1, 1, -1, -1, 1, 1, 1, 1, -1, -1, -1, -1, 1, 1, 1, 1, -1, -1, 1, 1, 1, -1, -1, -1, 1, 1, 1, 1, 1, 1, -1, 1, 1, 1, 1, 1, -1, -1, -1, 1, 1, 1, -1, -1, 1, -1, 1, 1, 1, -1, 1, -1, 1, 1, 1, 1, -1, 1, -1, -1, 1, 1, 1, -1, 1, -1, -1, 1, 1, 1, -1, 1, -1, -1, -1, 1, 1, -1, 1, -1, -1, 1, -1, 1, -1, 1, -1, -1, 1, 1, -1, -1, 1, -1, 1, -1, 1, 1, -1, 1, -1, 1, 1, -1, 1, -1, -1, 1, -1, -1, 1, 1, -1, 1, 1, 1, 1, -1, 1, -1, 1, 1, 1, -1, -1, 1, -1, -1, 1, 1, -1, -1, 1, -1, 1, 1, -1, -1, 1, -1, 1, 1, 1, 1, -1, 1, -1, 1, 1, 1, 1, -1, 1, 1, 1, 1, 1, 1, 1, 1, 1, 1, 1, 1, 1, 1, -1, -1, 1, 1, 1, 1, 1, -1, 1, 1, 1, 1, 1, 1, -1, 1, 1, 1, 1, -1, -1, 1, 1, 1, 1, 1, 1, -1, -1, 1, 1, 1, 1, 1, -1, 1, 1, 1, 1, 1, 1, -1, 1, 1, 1, 1, 1, 1, -1, 1, 1, 1, 1, 1, 1, 1, 1, 1, 1, 1, 1, 1, -1, 1, 1, 1, 1, 1, 1, -1, 1, 1, 1, 1, 1, 1, -1, 1, 1, 1, 1, 1, 1, -1, 1, 1, 1, -1, 1, 1, 1, 1, 1, 1, 1, 1, 1, -1, 1, 1, 1, -1, 1, -1, 1, 1, 1, 1, 1, 1, 1, 1, 1, 1, 1, 1, 1, 1, 1, 1, 1, -1, -1, -1, 1, 1, 1, 1, -1, 1, 1, 1, 1, 1, 1, -1, 1, 1, 1, 1, 1, -1, 1, -1, 1, -1, 1, -1, -1, -1, 1, 1, -1, 1, 1, 1, -1, 1, 1, 1, 1, 1, -1, -1, 1, 1, 1, 1, -1, 1, -1, -1, 1, -1, 1, -1, -1, -1, 1, -1, -1, 1, -1, 1, 1, -1, -1, 1, 1, 1, -1, 1, -1, -1, 1, -1, 1, -1, 1, -1, 1, 1, 1, -1, -1, 1, -1, -1, 1, -1, 1, -1, 1, 1, -1, 1, 1, -1, 1, -1, -1, 1, 1, -1, -1, -1, 1, -1, 1, -1, -1, -1, 1, -1, 1, 1, -1, 1, -1, 1, -1, 1, -1, 1, 1, -1, 1, 1, 1, -1, 1, 1, -1, 1, -1, 1, -1, 1, -1, -1, 1, -1, 1, -1, 1, 1, -1, -1, 1, 1, 1, -1, -1, 1, 1, 1, -1, 1, -1, -1, -1, 1, 1, -1, 1, 1, -1, 1, 1, -1, 1, 1, -1, -1, -1, -1, 1, 1, 1, 1, -1, -1, 1, 1, 1, 1, -1, 1, -1, 1, -1, 1, 1, 1, 1, -1, 1, 1, 1, 1, -1, -1, -1, -1, 1, 1, 1, -1, 1, -1, 1, 1, -1, 1, 1, -1, -1, 1, 1, -1, 1, 1, -1, -1, -1, 1, 1, -1, 1, 1, -1, 1, 1, 1, 1, -1, -1, 1, 1, 1, -1, 1, -1, -1, -1, 1, 1, -1, 1, 1, -1, 1, 1, 1, -1, 1, 1, -1, -1, -1, 1, 1, -1, -1, 1, -1, 1, 1, -1, 1, 1, -1, -1, -1, 1, -1, -1, 1, -1, 1, 1, -1, -1, -1, 1, -1, -1, -1, 1, -1, 1, -1, -1, -1, 1, 1, 1, -1, -1, 1, -1, 1, 1, -1, -1, -1, -1, 1, -1, 1, -1, -1, -1, -1, -1, -1, 1, -1, 1, -1, -1, 1, 1, 1, 1, -1, 1, -1, 1, 1, 1, -1, 1, -1, -1, 1, -1, 1, 1, -1, -1, 1, 1, -1, 1, 1, -1, 1, -1, 1, -1, -1, 1, -1, 1, -1, 1, -1, -1, 1, -1, 1, -1, -1, -1, 1, 1, 1, 1, 1, 1, -1, -1, -1, -1, 1, 1, 1, -1, 1, 1, -1, 1, -1, 1, 1, -1, 1, -1, 1, -1, -1, -1, -1, 1, -1, 1, -1, 1
BQP_DATA, 1173, 5227, -2507.000000, -3087.000000, -7176.000000, -7756.000000, 512.001449, 2795, 839
