Set parameter TSPort to value 51199
Set parameter TokenServer to value "open-license1.lanl.gov"
Set parameter TimeLimit to value 512
Set parameter Threads to value 1
Gurobi Optimizer version 10.0.3 build v10.0.3rc0 (linux64)

CPU model: Intel(R) Xeon(R) CPU E5-2695 v4 @ 2.10GHz, instruction set [SSE2|AVX|AVX2]
Thread count: 36 physical cores, 72 logical processors, using up to 1 threads

Optimize a model with 0 rows, 1173 columns and 0 nonzeros
Model fingerprint: 0x8f104f61
Model has 5156 quadratic objective terms
Variable types: 0 continuous, 1173 integer (1173 binary)
Coefficient statistics:
  Matrix range     [0e+00, 0e+00]
  Objective range  [2e+00, 3e+01]
  QObjective range [8e+00, 8e+00]
  Bounds range     [1e+00, 1e+00]
  RHS range        [0e+00, 0e+00]
Found heuristic solution: objective 0.0000000
Found heuristic solution: objective -1976.000000
Found heuristic solution: objective -7026.000000
Found heuristic solution: objective -7042.000000
Presolve time: 0.30s
Presolved: 5156 rows, 6329 columns, 15468 nonzeros
Variable types: 0 continuous, 6329 integer (6329 binary)

Root relaxation: objective -9.730000e+03, 1602 iterations, 0.03 seconds (0.01 work units)

    Nodes    |    Current Node    |     Objective Bounds      |     Work
 Expl Unexpl |  Obj  Depth IntInf | Incumbent    BestBd   Gap | It/Node Time

     0     0 -9730.0000    0 1173 -7042.0000 -9730.0000  38.2%     -    0s
     0     0 -8923.0000    0 1579 -7042.0000 -8923.0000  26.7%     -    0s
     0     0 -8904.0000    0 1590 -7042.0000 -8904.0000  26.4%     -    0s
     0     0 -8706.0000    0 1746 -7042.0000 -8706.0000  23.6%     -    1s
     0     0 -8706.0000    0 1726 -7042.0000 -8706.0000  23.6%     -    1s
     0     2 -8705.7500    0 1722 -7042.0000 -8705.7500  23.6%     -    2s
   235   237 -7836.5000  118 2192 -7042.0000 -8695.0000  23.5%   108    5s
   625   596 -8158.0000   71 1624 -7042.0000 -8695.0000  23.5%  74.9   10s
   632   601 -7298.0000  230 2465 -7042.0000 -8165.2166  16.0%  74.1   17s
   633   601 -8130.0000   76 2609 -7042.0000 -8136.3751  15.5%  74.0   20s
   644   609 -7622.0000  159 3141 -7042.0000 -7998.7986  13.6%  72.7   34s
   645   609 -7977.8876    3 3295 -7042.0000 -7977.8876  13.3%  72.6   40s
   655   616 -7956.5000  103 3469 -7042.0000 -7968.7759  13.2%  71.5   45s
   656   617 -7884.2200   92 3788 -7042.0000 -7884.2200  12.0%  71.4   62s
   657   617 -7868.7102   83 3923 -7042.0000 -7868.7102  11.7%  71.3   69s
   658   618 -7280.0000  234 4086 -7042.0000 -7863.9891  11.7%  71.2   72s
   660   619 -7861.5352   79 4126 -7042.0000 -7861.5352  11.6%  71.0   75s
   667   624 -7067.5000  295 4435 -7042.0000 -7805.7993  10.8%  70.2   97s
   668   625 -7227.0000  244 4499 -7042.0000 -7790.3471  10.6%  70.1  109s
   669   625 -7787.9857   70 4577 -7042.0000 -7787.9857  10.6%  70.0  113s
   671   627 -7202.0000  251 4659 -7042.0000 -7786.4760  10.6%  69.8  115s
   677   631 -7424.0000  202 4948 -7042.0000 -7740.6998  9.92%  69.2  139s
   678   631 -7411.0000  205 5044 -7042.0000 -7732.8110  9.81%  69.1  148s
   679   632 -7731.4167  116 5091 -7042.0000 -7731.4167  9.79%  69.0  151s
   681   633 -7179.0000  257 5156 -7042.0000 -7730.4480  9.78%  68.8  155s
   687   637 -7144.0000  268 5140 -7042.0000 -7702.4082  9.38%  68.2  177s
   688   638 -7697.6635   35 5219 -7042.0000 -7697.6635  9.31%  68.1  186s
   691   640 -7696.6996    9 5272 -7042.0000 -7696.6996  9.30%  67.8  190s
   694   642 -7144.0000  268 5191 -7042.0000 -7683.8570  9.11%  67.5  206s
   695   643 -7550.0000  179 5271 -7042.0000 -7681.1963  9.08%  67.4  211s
   698   645 -7680.5109  129 5299 -7042.0000 -7680.5109  9.07%  67.1  215s
   701   647 -7571.5000  169 5291 -7042.0000 -7672.0885  8.95%  66.8  227s
   702   647 -7202.0000  250 5290 -7042.0000 -7670.0444  8.92%  66.7  233s
   704   649 -7495.0000  189 5320 -7042.0000 -7669.5955  8.91%  66.5  235s
   709   652 -7651.0000  151 5282 -7042.0000 -7663.2707  8.82%  66.1  247s
   710   653 -7590.0000  165 5353 -7042.0000 -7662.0169  8.80%  66.0  250s
   716   657 -7103.0000  280 5340 -7042.0000 -7653.1153  8.68%  65.4  266s
   717   657 -7230.0000  243 5373 -7042.0000 -7651.4197  8.65%  65.3  271s
   721   660 -7650.8908   77 5429 -7042.0000 -7650.8908  8.65%  65.0  275s
   724   662 -7420.0000  203 5361 -7042.0000 -7642.5507  8.53%  64.7  288s
   725   663 -7641.1509   71 5404 -7042.0000 -7641.1509  8.51%  64.6  294s
   726   663 -7640.8405   48 5423 -7042.0000 -7640.8405  8.50%  64.5  295s
   732   667 -7298.0000  230 5437 -7042.0000 -7634.8946  8.42%  64.0  307s
   733   668 -7633.6081   76 5452 -7042.0000 -7633.6081  8.40%  63.9  311s
   739   672 -7628.0563    9 5449 -7042.0000 -7628.0563  8.32%  63.4  324s
   740   673 -7495.0000  189 5474 -7042.0000 -7626.6351  8.30%  63.3  330s
   746   677 -7412.0000  204 5508 -7042.0000 -7622.3925  8.24%  62.8  341s
   747   677 -7424.0000  202 5531 -7042.0000 -7621.4673  8.23%  62.7  345s
   752   681 -7617.7158  113 5531 -7042.0000 -7617.7158  8.18%  62.3  357s
   753   681 -7550.0000  179 5552 -7042.0000 -7616.9024  8.16%  62.2  361s
   759   685 -7613.1487  136 5540 -7042.0000 -7613.1487  8.11%  61.7  372s
   760   686 -7612.3877   79 5579 -7042.0000 -7612.3877  8.10%  61.6  375s
   766   690 -7608.9776  128 5546 -7042.0000 -7608.9776  8.05%  61.1  384s
   767   691 -7067.5000  295 5575 -7042.0000 -7608.2764  8.04%  61.1  388s
   771   693 -7202.0000  251 5603 -7042.0000 -7608.1039  8.04%  60.7  390s
   773   695 -7602.6257   30 5554 -7042.0000 -7602.6257  7.96%  60.6  400s
   774   695 -7601.1995   79 5604 -7042.0000 -7601.1995  7.94%  60.5  406s
   779   699 -7600.7909  116 5634 -7042.0000 -7600.7909  7.94%  60.1  410s
   781   700 -7179.0000  257 5609 -7042.0000 -7598.6620  7.90%  60.0  417s
   782   701 -7597.9969   91 5634 -7042.0000 -7597.9969  7.90%  59.9  420s
   787   704 -7144.0000  268 5627 -7042.0000 -7595.7244  7.86%  59.5  429s
   788   705 -7594.8313   35 5651 -7042.0000 -7594.8313  7.85%  59.4  433s
   791   707 -7594.6943    9 5687 -7042.0000 -7594.6943  7.85%  59.2  435s
   804   717 -7495.0000  189 2367 -7042.0000 -7594.6917  7.85%   817  441s
   805   717 -7594.6917   80 4272 -7042.0000 -7594.6917  7.85%   816  470s
   806   718 -7594.6917   22 5334 -7042.0000 -7594.6917  7.85%   815  508s

Cutting planes:
  Gomory: 51
  MIR: 238
  Flow cover: 1865
  Zero half: 708
  Mod-K: 32
  RLT: 230
  BQP: 335

Explored 806 nodes (806430 simplex iterations) in 512.00 seconds (607.54 work units)
Thread count was 1 (of 72 available processors)

Solution count 4: -7042 -7026 -1976 0 

Time limit reached
Best objective -7.042000000000e+03, best bound -7.594000000000e+03, gap 7.8387%

User-callback calls 8139, time in user-callback 0.04 sec

BQP_SOLUTION, 1173, 5156, -2468.000000, 512.000783, -1, 1, 1, -1, 1, -1, 1, 1, 1, -1, -1, -1, 1, -1, -1, 1, 1, 1, -1, -1, -1, -1, 1, 1, -1, 1, -1, 1, -1, -1, 1, -1, -1, -1, -1, -1, 1, 1, -1, 1, -1, -1, -1, 1, 1, 1, 1, -1, -1, -1, 1, 1, -1, 1, -1, -1, -1, 1, -1, 1, 1, -1, 1, 1, -1, 1, 1, -1, 1, -1, -1, 1, -1, 1, 1, 1, -1, -1, 1, 1, 1, -1, -1, -1, 1, 1, -1, 1, -1, 1, -1, 1, 1, 1, 1, -1, -1, -1, 1, 1, 1, 1, 1, 1, -1, 1, 1, 1, -1, 1, 1, -1, -1, 1, 1, 1, 1, -1, -1, 1, -1, 1, 1, 1, 1, -1, 1, 1, 1, 1, 1, 1, -1, 1, -1, 1, -1, 1, -1, -1, 1, 1, -1, -1, 1, 1, -1, 1, 1, 1, 1, 1, -1, -1, 1, -1, 1, 1, 1, -1, -1, 1, 1, 1, -1, -1, -1, 1, 1, 1, 1, -1, -1, -1, 1, 1, 1, 1, 1, 1, -1, -1, 1, 1, 1, 1, -1, -1, 1, 1, 1, 1, 1, 1, -1, -1, 1, 1, -1, -1, -1, -1, -1, -1, 1, 1, -1, -1, -1, -1, 1, 1, 1, 1, 1, -1, 1, -1, 1, -1, 1, -1, -1, -1, 1, 1, 1, -1, -1, -1, -1, 1, -1, 1, 1, -1, 1, -1, 1, 1, 1, -1, -1, 1, -1, 1, -1, -1, 1, -1, -1, 1, -1, 1, -1, 1, -1, -1, 1, 1, -1, 1, -1, 1, -1, 1, -1, -1, 1, -1, 1, -1, 1, -1, 1, -1, -1, 1, -1, 1, 1, -1, 1, -1, 1, 1, -1, 1, -1, 1, 1, 1, -1, 1, -1, -1, 1, 1, -1, 1, 1, 1, -1, -1, 1, 1, -1, 1, 1, 1, -1, 1, -1, 1, 1, 1, -1, -1, 1, -1, -1, 1, -1, -1, -1, 1, -1, 1, -1, 1, -1, -1, 1, -1, 1, 1, -1, -1, -1, -1, 1, 1, 1, 1, -1, 1, -1, 1, -1, 1, -1, -1, 1, -1, 1, 1, 1, -1, -1, -1, -1, 1, -1, 1, -1, -1, -1, 1, 1, 1, 1, -1, -1, 1, -1, -1, 1, 1, -1, -1, 1, -1, -1, 1, 1, -1, -1, 1, -1, 1, 1, -1, -1, 1, 1, -1, 1, -1, 1, -1, -1, -1, 1, -1, 1, -1, -1, -1, 1, -1, -1, -1, 1, -1, -1, 1, -1, 1, -1, -1, -1, -1, 1, -1, 1, 1, 1, -1, -1, 1, -1, 1, 1, -1, -1, -1, 1, 1, -1, 1, -1, -1, 1, 1, 1, -1, 1, -1, -1, -1, 1, 1, -1, 1, -1, 1, -1, 1, 1, 1, -1, -1, 1, -1, 1, 1, -1, 1, 1, -1, -1, 1, 1, -1, 1, -1, -1, 1, 1, 1, -1, 1, 1, -1, 1, 1, 1, -1, -1, -1, 1, -1, 1, 1, -1, 1, -1, -1, 1, 1, 1, 1, 1, 1, 1, -1, -1, 1, -1, 1, 1, -1, 1, 1, 1, 1, 1, -1, 1, -1, 1, -1, 1, 1, 1, 1, 1, -1, 1, 1, 1, -1, -1, 1, -1, 1, 1, 1, 1, 1, 1, -1, 1, -1, 1, -1, 1, 1, -1, 1, -1, 1, 1, 1, 1, -1, 1, -1, 1, -1, 1, -1, 1, -1, 1, 1, 1, 1, 1, -1, 1, -1, 1, 1, 1, 1, -1, -1, -1, 1, -1, 1, 1, -1, 1, -1, 1, -1, -1, 1, -1, 1, 1, 1, 1, -1, 1, 1, -1, 1, -1, 1, -1, 1, -1, 1, -1, 1, 1, -1, 1, -1, 1, -1, 1, 1, -1, 1, -1, -1, 1, 1, -1, 1, 1, -1, 1, 1, 1, -1, -1, 1, -1, 1, -1, -1, -1, 1, -1, 1, 1, -1, 1, -1, 1, -1, -1, 1, -1, 1, -1, -1, -1, -1, 1, 1, 1, 1, 1, -1, 1, 1, -1, 1, -1, -1, -1, 1, -1, -1, -1, 1, -1, -1, 1, 1, -1, -1, -1, -1, 1, 1, 1, -1, -1, -1, 1, -1, 1, -1, -1, -1, 1, -1, 1, 1, 1, -1, 1, 1, -1, 1, 1, 1, -1, -1, -1, -1, -1, 1, 1, -1, -1, -1, -1, 1, 1, -1, 1, 1, 1, -1, 1, 1, 1, -1, -1, 1, -1, -1, 1, 1, -1, -1, -1, -1, 1, 1, -1, -1, -1, -1, 1, 1, 1, 1, -1, -1, -1, -1, 1, 1, 1, -1, -1, 1, -1, 1, 1, 1, -1, -1, -1, 1, 1, 1, -1, 1, 1, -1, 1, 1, -1, 1, -1, 1, -1, 1, 1, 1, -1, 1, -1, -1, 1, 1, 1, -1, -1, -1, 1, 1, 1, 1, -1, -1, -1, 1, 1, 1, 1, -1, -1, -1, -1, 1, 1, 1, -1, -1, -1, -1, -1, 1, -1, -1, 1, -1, 1, 1, 1, 1, -1, 1, 1, -1, 1, 1, -1, 1, -1, -1, -1, -1, 1, -1, 1, -1, 1, 1, 1, 1, -1, 1, -1, -1, -1, 1, -1, -1, -1, -1, 1, -1, 1, -1, -1, 1, 1, 1, -1, 1, -1, 1, 1, -1, 1, 1, -1, -1, -1, 1, 1, 1, -1, 1, 1, -1, 1, 1, -1, -1, 1, -1, -1, 1, -1, 1, -1, 1, 1, -1, 1, -1, 1, 1, -1, -1, 1, -1, 1, -1, 1, -1, -1, -1, 1, 1, -1, 1, 1, -1, -1, -1, -1, -1, 1, -1, 1, 1, -1, -1, 1, -1, -1, 1, -1, -1, 1, -1, 1, -1, -1, -1, 1, -1, 1, 1, -1, 1, -1, 1, 1, -1, 1, -1, 1, -1, -1, 1, -1, 1, -1, 1, -1, 1, 1, -1, 1, -1, 1, -1, -1, 1, -1, 1, 1, 1, -1, -1, 1, -1, 1, 1, 1, -1, 1, -1, -1, 1, 1, 1, -1, -1, 1, 1, 1, 1, 1, 1, 1, 1, 1, 1, 1, 1, 1, 1, 1, -1, 1, 1, 1, 1, 1, 1, 1, 1, 1, -1, 1, 1, -1, 1, 1, 1, -1, -1, 1, -1, 1, -1, 1, -1, 1, 1, 1, -1, 1, 1, -1, 1, 1, 1, 1, 1, -1, -1, 1, 1, 1, 1, 1, -1, -1, 1, -1, 1, 1, 1, -1, 1, -1, 1, 1, -1, 1, -1, -1, 1, 1, 1, -1, 1, -1, 1, 1, -1, 1, 1, 1, -1, -1, 1, 1, 1, 1, -1, 1, -1, 1, -1, 1, 1, 1, 1, -1, -1, -1, 1, 1, 1, -1, -1, -1, -1, 1, 1, -1, -1, 1, -1, -1, 1, 1, -1, 1, -1, -1, -1, 1, 1, 1, -1, -1, -1, -1, -1, 1, 1, 1, -1, -1, -1, 1, 1, 1, 1, 1, -1, -1, 1, 1, 1, 1, -1, -1, -1, 1, 1, 1, -1, 1, -1, -1, -1, 1, 1, 1, 1, -1, -1, 1, 1, -1, 1, -1, 1, -1, -1, 1, -1, 1, 1, -1, 1, 1, -1, 1, -1, 1, -1, -1
BQP_DATA, 1173, 5156, -2468.000000, -3020.000000, -7042.000000, -7594.000000, 512.000783, 2894, 806
