Set parameter TSPort to value 51199
Set parameter TokenServer to value "open-license1.lanl.gov"
Set parameter TimeLimit to value 1024
Set parameter Threads to value 1
Gurobi Optimizer version 10.0.3 build v10.0.3rc0 (linux64)

CPU model: Intel(R) Xeon(R) CPU E5-2695 v4 @ 2.10GHz, instruction set [SSE2|AVX|AVX2]
Thread count: 36 physical cores, 72 logical processors, using up to 1 threads

Optimize a model with 0 rows, 96 columns and 0 nonzeros
Model fingerprint: 0x147634c0
Model has 368 quadratic objective terms
Variable types: 0 continuous, 96 integer (96 binary)
Coefficient statistics:
  Matrix range     [0e+00, 0e+00]
  Objective range  [2e+00, 2e+01]
  QObjective range [8e+00, 8e+00]
  Bounds range     [1e+00, 1e+00]
  RHS range        [0e+00, 0e+00]
Found heuristic solution: objective 0.0000000
Found heuristic solution: objective -166.0000000
Found heuristic solution: objective -542.0000000
Presolve time: 0.18s
Presolved: 368 rows, 464 columns, 1104 nonzeros
Variable types: 0 continuous, 464 integer (464 binary)

Root relaxation: objective -7.110000e+02, 118 iterations, 0.00 seconds (0.00 work units)

    Nodes    |    Current Node    |     Objective Bounds      |     Work
 Expl Unexpl |  Obj  Depth IntInf | Incumbent    BestBd   Gap | It/Node Time

     0     0 -711.00000    0   96 -542.00000 -711.00000  31.2%     -    0s
     0     0 -625.00000    0  139 -542.00000 -625.00000  15.3%     -    0s
     0     0 -625.00000    0  139 -542.00000 -625.00000  15.3%     -    0s
     0     0 -612.15789    0  163 -542.00000 -612.15789  12.9%     -    0s
     0     0 -612.15789    0  161 -542.00000 -612.15789  12.9%     -    0s
     0     2 -612.10526    0  159 -542.00000 -612.10526  12.9%     -    0s
*  599   325              20    -544.0000000 -557.73437  2.52%  69.1    3s
*  633   301              17    -546.0000000 -553.76715  1.42%  73.7    3s

Cutting planes:
  Gomory: 22
  MIR: 25
  Flow cover: 2
  Zero half: 145
  RLT: 18
  BQP: 15

Explored 740 nodes (58867 simplex iterations) in 3.90 seconds (2.67 work units)
Thread count was 1 (of 72 available processors)

Solution count 5: -546 -544 -542 ... 0
No other solutions better than -546

Optimal solution found (tolerance 1.00e-04)
Best objective -5.460000000000e+02, best bound -5.460000000000e+02, gap 0.0000%

User-callback calls 2876, time in user-callback 0.01 sec

BQP_SOLUTION, 96, 368, -203.000000, 3.902936, 1, -1, 1, -1, 1, -1, 1, -1, 1, -1, 1, -1, 1, -1, 1, -1, 1, 1, 1, 1, 1, -1, 1, 1, 1, 1, 1, 1, 1, 1, -1, 1, 1, 1, 1, 1, 1, -1, 1, 1, 1, -1, -1, 1, -1, -1, 1, 1, -1, 1, 1, -1, -1, 1, -1, -1, -1, -1, -1, 1, -1, -1, -1, 1, -1, -1, -1, 1, -1, -1, -1, -1, 1, -1, -1, 1, 1, -1, -1, 1, 1, 1, 1, -1, 1, -1, 1, 1, 1, -1, 1, 1, 1, -1, 1, -1
BQP_DATA, 96, 368, -203.000000, -203.000000, -546.000000, -546.000000, 3.902936, 194, 740
