Set parameter TSPort to value 51199
Set parameter TokenServer to value "open-license1.lanl.gov"
Set parameter TimeLimit to value 4096
Set parameter Threads to value 1
Gurobi Optimizer version 10.0.3 build v10.0.3rc0 (linux64)

CPU model: Intel(R) Xeon(R) CPU E5-2695 v4 @ 2.10GHz, instruction set [SSE2|AVX|AVX2]
Thread count: 36 physical cores, 72 logical processors, using up to 1 threads

Optimize a model with 0 rows, 383 columns and 0 nonzeros
Model fingerprint: 0x5eefdc56
Model has 1570 quadratic objective terms
Variable types: 0 continuous, 383 integer (383 binary)
Coefficient statistics:
  Matrix range     [0e+00, 0e+00]
  Objective range  [2e+00, 3e+01]
  QObjective range [8e+00, 8e+00]
  Bounds range     [1e+00, 1e+00]
  RHS range        [0e+00, 0e+00]
Found heuristic solution: objective 0.0000000
Found heuristic solution: objective -646.0000000
Found heuristic solution: objective -2188.000000
Found heuristic solution: objective -2190.000000
Presolve removed 0 rows and 1 columns
Presolve time: 0.24s
Presolved: 1569 rows, 1951 columns, 4707 nonzeros
Variable types: 0 continuous, 1951 integer (1951 binary)

Root relaxation: objective -2.951000e+03, 466 iterations, 0.01 seconds (0.00 work units)

    Nodes    |    Current Node    |     Objective Bounds      |     Work
 Expl Unexpl |  Obj  Depth IntInf | Incumbent    BestBd   Gap | It/Node Time

     0     0 -2951.0000    0  382 -2190.0000 -2951.0000  34.7%     -    0s
     0     0 -2650.8333    0  555 -2190.0000 -2650.8333  21.0%     -    0s
     0     0 -2648.8333    0  557 -2190.0000 -2648.8333  21.0%     -    0s
     0     0 -2590.0000    0  598 -2190.0000 -2590.0000  18.3%     -    0s
     0     0 -2590.0000    0  590 -2190.0000 -2590.0000  18.3%     -    0s
     0     2 -2589.5000    0  588 -2190.0000 -2589.5000  18.2%     -    1s
   522   463 -2249.0000   58  941 -2190.0000 -2432.3698  11.1%  88.2    5s
   546   479 -2266.6667   59 1598 -2190.0000 -2340.6047  6.88%  84.3   10s
   564   491 -2292.6667   53 1677 -2190.0000 -2319.4599  5.91%  81.6   15s
   585   505 -2306.8475    4 1700 -2190.0000 -2306.8475  5.34%  78.7   20s
   625   532 -2298.9119   12 1707 -2190.0000 -2298.9119  4.97%  73.6   25s
   676   566 -2228.0000   64 1762 -2190.0000 -2293.5972  4.73%  68.1   30s
   731   604 -2290.8309    7 1370 -2190.0000 -2290.8309  4.60%   184   35s
   740   610 -2290.0066    6 1749 -2190.0000 -2290.0066  4.57%   182   40s
   770   630 -2286.2971   15 1779 -2190.0000 -2286.2971  4.40%   175   45s
   801   651 -2283.1658   28 1794 -2190.0000 -2283.1658  4.25%   168   50s
   845   680 -2280.8722   13 1796 -2190.0000 -2280.8722  4.15%   160   55s
   860   692 -2276.6428   20 1699 -2190.0000 -2278.6163  4.05%   224   60s
   870   699 -2264.4497   25 1602 -2190.0000 -2278.6163  4.05%   243   65s
   884   708 -2247.7238   32 1509 -2190.0000 -2278.6163  4.05%   264   70s
   905   722 -2224.9656   42 1390 -2190.0000 -2278.6163  4.05%   284   75s
   934   741 -2201.6635   57 1269 -2190.0000 -2278.6163  4.05%   300   80s
   960   745 -2268.0316   22 1690 -2190.0000 -2278.5079  4.04%   316   85s
   971   752 -2257.7407   28 1531 -2190.0000 -2278.5079  4.04%   332   90s
   989   764 -2239.6391   37 1384 -2190.0000 -2278.5079  4.04%   350   95s
  1010   778 -2222.6903   47 1287 -2190.0000 -2278.5079  4.04%   361  100s
  1065   807 -2275.4404   20 1727 -2190.0000 -2275.6992  3.91%   369  105s
  1074   813 -2262.7488   25 1597 -2190.0000 -2275.6992  3.91%   382  110s
  1087   821 -2245.9568   31 1480 -2190.0000 -2275.6992  3.91%   397  115s
  1110   837 -2219.2814   43 1316 -2190.0000 -2275.6992  3.91%   410  120s
  1160   859 -2270.4512   21 1694 -2190.0000 -2275.6966  3.91%   423  126s
  1169   865 -2257.3785   26 1621 -2190.0000 -2275.6966  3.91%   435  130s
  1181   873 -2247.6501   30 1503 -2190.0000 -2275.6966  3.91%   449  135s
  1199   885 -2236.9895   34 1448 -2190.0000 -2275.6966  3.91%   461  140s
H 1235   843                    -2198.000000 -2275.6966  3.53%   465  144s
  1236   846 -2206.5343   53 1260 -2198.0000 -2275.6966  3.53%   466  145s
  1266   856 -2261.4456   25 1594 -2198.0000 -2272.8205  3.40%   471  150s
  1279   864 -2252.5221   28 1539 -2198.0000 -2272.8205  3.40%   483  155s
  1295   875 -2240.9109   33 1465 -2198.0000 -2272.8205  3.40%   495  160s
  1320   892 -2219.7070   45 1352 -2198.0000 -2272.8205  3.40%   502  165s
  1358   917 -2204.7173   56 1256 -2198.0000 -2272.8205  3.40%   513  170s
  1375   918 -2255.3652   28 1535 -2198.0000 -2272.8184  3.40%   522  175s
  1390   928 -2246.3005   32 1467 -2198.0000 -2272.8184  3.40%   534  180s
  1410   942 -2234.8262   36 1423 -2198.0000 -2272.8184  3.40%   543  185s
  1436   959 -2222.2895   44 1365 -2198.0000 -2272.8184  3.40%   550  190s
  1474   984 -2204.3491   56 1266 -2198.0000 -2272.8184  3.40%   553  195s
  1505   991 -2253.5042   26 1578 -2198.0000 -2272.2057  3.38%   556  200s
  1536  1000     cutoff   48      -2198.0000 -2272.2057  3.38%   559  205s
  1564   997 -2249.3277   29 1523 -2198.0000 -2271.4587  3.34%   562  210s
  1598  1012 -2267.3627   23 1661 -2198.0000 -2271.4585  3.34%   564  215s
  1613  1022 -2222.9716   38 1422 -2198.0000 -2271.4585  3.34%   571  220s
  1635  1029 -2251.3800   28 1532 -2198.0000 -2271.2948  3.33%   575  225s
  1668  1043 -2266.4381   23 1689 -2198.0000 -2271.2939  3.33%   578  230s
  1679  1050 -2253.6391   28 1578 -2198.0000 -2271.2939  3.33%   584  235s
  1695  1061 -2244.3186   31 1513 -2198.0000 -2271.2939  3.33%   591  240s
  1720  1077 -2228.0692   40 1409 -2198.0000 -2271.2939  3.33%   596  245s
  1753  1099 -2210.2810   49 1346 -2198.0000 -2271.2939  3.33%   600  250s
  1787  1112 -2259.3857   26 1610 -2198.0000 -2270.6955  3.31%   600  255s
  1818  1133 -2201.0041   57 1266 -2198.0000 -2270.6955  3.31%   602  260s
  1839  1133 -2248.6875   29 1539 -2198.0000 -2270.6920  3.31%   606  265s
  1856  1144 -2231.7370   34 1448 -2198.0000 -2270.6920  3.31%   611  270s
  1883  1162 -2209.3135   42 1357 -2198.0000 -2270.6920  3.31%   614  275s
  1912  1165 -2258.4204   25 1607 -2198.0000 -2269.5470  3.26%   616  280s
  1940  1184 -2200.4175   53 1213 -2198.0000 -2269.5470  3.26%   618  285s
  1968  1190 -2232.2493   38 1406 -2198.0000 -2269.4166  3.25%   619  290s
  1997  1197 -2257.7749   26 1625 -2198.0000 -2268.9715  3.23%   618  295s
  2004  1202 -2241.6260   33 1497 -2198.0000 -2268.9715  3.23%   620  300s
  2029  1210 -2259.4569   25 1612 -2198.0000 -2268.9676  3.23%   623  305s
  2047  1222 -2209.5009   43 1378 -2198.0000 -2268.9676  3.23%   627  310s
  2070  1228 -2240.1904   33 1481 -2198.0000 -2268.6509  3.21%   630  315s
  2098  1236 -2260.7902   25 1600 -2198.0000 -2268.6494  3.21%   633  320s
  2112  1246 -2242.1777   32 1464 -2198.0000 -2268.6494  3.21%   638  325s
  2137  1262 -2222.0767   45 1315 -2198.0000 -2268.6494  3.21%   642  330s
  2187  1286 -2262.9525   24 1650 -2198.0000 -2268.1883  3.19%   638  335s
  2211  1302 -2214.2656   48 1354 -2198.0000 -2268.1883  3.19%   641  340s
  2235  1307 -2238.2639   34 1461 -2198.0000 -2268.1867  3.19%   643  345s
H 2268  1260                    -2200.000000 -2268.1867  3.10%   640  349s
  2270  1263 -2259.2584   26 1593 -2200.0000 -2268.0212  3.09%   643  350s
  2282  1271 -2253.8100   28 1556 -2200.0000 -2268.0212  3.09%   647  355s
  2300  1283 -2239.9051   33 1454 -2200.0000 -2268.0212  3.09%   651  360s
  2326  1300 -2221.6223   43 1345 -2200.0000 -2268.0212  3.09%   654  365s
  2376  1316 -2263.5579   23 1691 -2200.0000 -2268.0153  3.09%   649  370s
  2395  1328 -2213.1909   42 1378 -2200.0000 -2268.0153  3.09%   653  375s
  2420  1335 -2235.7659   35 1435 -2200.0000 -2267.3621  3.06%   654  380s
  2451  1348 -2249.6635   29 1544 -2200.0000 -2267.2292  3.06%   654  385s
  2482  1356 -2261.3789   24 1665 -2200.0000 -2267.2276  3.06%   655  390s
  2494  1364 -2250.1142   28 1586 -2200.0000 -2267.2276  3.06%   659  395s
  2510  1375 -2232.5488   34 1480 -2200.0000 -2267.2276  3.06%   663  400s
  2542  1382 -2261.9006   24 1667 -2200.0000 -2267.1497  3.05%   664  405s
  2560  1394 -2224.3210   42 1364 -2200.0000 -2267.1497  3.05%   666  410s
  2586  1403 -2237.8736   32 1505 -2200.0000 -2267.1478  3.05%   668  415s
  2617  1411 -2255.3081   27 1600 -2200.0000 -2267.0800  3.05%   668  420s
  2647  1423 -2260.1174   23 1704 -2200.0000 -2266.9442  3.04%   669  425s
  2660  1432 -2228.9271   36 1447 -2200.0000 -2266.9442  3.04%   672  430s
  2712  1431 -2257.9520   25 1604 -2200.0000 -2266.8309  3.04%   667  435s
  2733  1452 -2210.5071   46 1345 -2200.0000 -2266.8309  3.04%   669  440s
  2757  1464 -2235.9218   34 1475 -2200.0000 -2266.6387  3.03%   670  445s
  2782  1481 -2255.4004   28 1562 -2200.0000 -2266.6344  3.03%   672  450s
  2795  1494 -2249.8815   29 1536 -2200.0000 -2266.6344  3.03%   675  455s
  2813  1512 -2235.2742   36 1453 -2200.0000 -2266.6344  3.03%   678  460s
  2842  1541 -2216.8171   50 1293 -2200.0000 -2266.6344  3.03%   679  465s
  2881  1567 -2257.3454   27 1587 -2200.0000 -2266.5161  3.02%   678  470s
  2921  1598 -2261.8468   24 1669 -2200.0000 -2266.5143  3.02%   677  475s
  2935  1612 -2228.5437   38 1401 -2200.0000 -2266.5143  3.02%   680  480s
  2966  1635 -2242.3821   33 1479 -2200.0000 -2266.3290  3.01%   680  485s
H 2994  1604                    -2202.000000 -2266.3290  2.92%   678  488s
  3006  1610 -2257.5517   25 1638 -2202.0000 -2266.2183  2.92%   678  494s
  3007  1611 -2255.0870   26 1614 -2202.0000 -2266.2183  2.92%   678  495s
  3031  1635 -2205.0247   50 1331 -2202.0000 -2266.2183  2.92%   680  500s
  3049  1643 -2250.5694   29 1562 -2202.0000 -2266.0999  2.91%   682  505s
  3068  1662 -2231.0304   39 1421 -2202.0000 -2266.0999  2.91%   684  510s
  3108  1694 -2204.3287   56 1242 -2202.0000 -2266.0999  2.91%   683  515s
  3125  1705 -2236.8718   33 1456 -2202.0000 -2265.6201  2.89%   685  520s
  3154  1728 -2206.3360   43 1345 -2202.0000 -2265.6201  2.89%   685  525s
  3183  1733 -2242.4046   32 1477 -2202.0000 -2265.3933  2.88%   685  530s
  3219  1757 -2253.8384   26 1590 -2202.0000 -2265.3376  2.88%   684  535s
  3245  1779 -2206.2063   49 1302 -2202.0000 -2265.3376  2.88%   685  540s
  3266  1789 -2232.2111   35 1447 -2202.0000 -2265.3361  2.88%   686  545s
  3292  1807 -2251.0646   27 1577 -2202.0000 -2264.9894  2.86%   687  550s
  3322  1825 -2261.0448   24 1652 -2202.0000 -2264.9038  2.86%   689  555s
H 3323  1769                    -2204.000000 -2264.9038  2.76%   688  556s
  3335  1783 -2245.5371   30 1510 -2204.0000 -2264.9038  2.76%   691  560s
  3355  1803 -2235.3302   35 1453 -2204.0000 -2264.9038  2.76%   693  565s
  3388  1836 -2210.6487   47 1300 -2204.0000 -2264.9038  2.76%   693  570s
  3417  1851 -2236.5185   34 1484 -2204.0000 -2264.7958  2.76%   693  575s
  3444  1866 -2253.7497   27 1581 -2204.0000 -2264.7934  2.76%   694  580s
  3472  1888     cutoff   52      -2204.0000 -2264.7934  2.76%   694  585s
  3488  1902 -2227.0195   39 1393 -2204.0000 -2264.6733  2.75%   696  590s
  3510  1916 -2248.5462   29 1558 -2204.0000 -2264.6102  2.75%   697  595s
  3540  1934 -2259.0589   26 1635 -2204.0000 -2264.6027  2.75%   697  600s
  3571  1957 -2260.7564   24 1685 -2204.0000 -2264.5967  2.75%   698  605s
  3590  1976 -2220.0651   43 1366 -2204.0000 -2264.5967  2.75%   699  610s
  3613  1991 -2235.5156   36 1432 -2204.0000 -2264.5660  2.75%   700  615s
  3639  2007 -2249.4661   27 1592 -2204.0000 -2264.4085  2.74%   701  620s
  3655  2023 -2222.9592   35 1427 -2204.0000 -2264.4085  2.74%   703  625s
  3679  2041 -2207.1462   42 1379 -2204.0000 -2264.4085  2.74%   705  630s
  3705  2053 -2228.2294   38 1423 -2204.0000 -2264.3929  2.74%   705  635s
  3744  2060 -2256.1023   27 1600 -2204.0000 -2264.3090  2.74%   703  640s
  3778  2083 -2261.0682   25 1655 -2204.0000 -2264.2719  2.73%   703  645s
  3791  2096 -2243.6866   32 1486 -2204.0000 -2264.2719  2.73%   706  650s
  3813  2118 -2230.6130   38 1406 -2204.0000 -2264.2719  2.73%   707  655s
  3848  2153 -2208.2354   51 1276 -2204.0000 -2264.2719  2.73%   707  660s
  3871  2168 -2226.0423   41 1382 -2204.0000 -2264.2555  2.73%   707  665s
  3898  2185 -2249.3811   29 1571 -2204.0000 -2264.2550  2.73%   708  670s
  3917  2204 -2226.7881   38 1440 -2204.0000 -2264.2550  2.73%   710  675s
  3954  2229 -2259.8927   25 1659 -2204.0000 -2264.1656  2.73%   709  680s
  3973  2248 -2217.9729   44 1330 -2204.0000 -2264.1656  2.73%   711  685s
  3997  2264 -2241.0754   32 1501 -2204.0000 -2264.1616  2.73%   711  690s
  4024  2279 -2256.7395   26 1588 -2204.0000 -2263.7794  2.71%   711  695s
  4056  2299 -2260.4703   24 1650 -2204.0000 -2263.7786  2.71%   711  700s
  4080  2323 -2210.2357   48 1299 -2204.0000 -2263.7786  2.71%   712  705s
  4102  2337 -2222.3067   41 1397 -2204.0000 -2263.7737  2.71%   713  710s
  4125  2352 -2237.1852   35 1472 -2204.0000 -2263.6813  2.71%   713  715s
  4154  2371 -2242.2142   32 1508 -2204.0000 -2263.6634  2.71%   714  720s
  4185  2392 -2250.8314   27 1608 -2204.0000 -2263.5574  2.70%   713  725s
  4202  2409 -2236.2275   33 1508 -2204.0000 -2263.5574  2.70%   715  730s
  4233  2434     cutoff   45      -2204.0000 -2263.5574  2.70%   715  735s
  4248  2443 -2254.2286   27 1573 -2204.0000 -2263.4686  2.70%   716  740s
  4265  2460 -2239.7344   32 1476 -2204.0000 -2263.4686  2.70%   718  745s
  4283  2478 -2226.5424   36 1398 -2204.0000 -2263.4686  2.70%   720  750s
  4319  2506 -2258.1224   25 1639 -2204.0000 -2263.3396  2.69%   719  755s
  4344  2525     cutoff   47      -2204.0000 -2263.3396  2.69%   720  760s
  4364  2543 -2219.0140   43 1392 -2204.0000 -2263.3038  2.69%   721  765s
  4391  2558 -2235.6312   34 1478 -2204.0000 -2263.2725  2.69%   721  770s
  4419  2576 -2242.7837   30 1545 -2204.0000 -2262.9319  2.67%   721  775s
  4445  2594 -2255.1582   26 1601 -2204.0000 -2262.9316  2.67%   722  780s
  4474  2611 -2258.9842   25 1640 -2204.0000 -2262.7473  2.67%   722  785s
  4495  2632 -2215.8494   46 1343 -2204.0000 -2262.7473  2.67%   723  790s
  4521  2651 -2222.7802   42 1381 -2204.0000 -2262.7470  2.67%   723  795s
  4547  2663 -2240.8048   33 1481 -2204.0000 -2262.6937  2.66%   723  800s
  4577  2683 -2248.0419   30 1533 -2204.0000 -2262.5383  2.66%   723  805s
  4602  2698 -2257.3940   25 1667 -2204.0000 -2262.1922  2.64%   724  810s
  4616  2712 -2238.9541   32 1489 -2204.0000 -2262.1922  2.64%   726  815s
  4640  2736 -2217.1899   44 1297 -2204.0000 -2262.1922  2.64%   727  820s
  4672  2752 -2255.4915   27 1587 -2204.0000 -2262.1850  2.64%   726  825s
  4689  2769 -2237.2523   34 1447 -2204.0000 -2262.1850  2.64%   728  830s
  4718  2798 -2218.4905   45 1344 -2204.0000 -2262.1850  2.64%   728  835s
  4750  2818 -2249.5496   28 1572 -2204.0000 -2262.1847  2.64%   727  840s
  4771  2839 -2232.9564   35 1475 -2204.0000 -2262.1847  2.64%   728  845s
  4801  2861     cutoff   48      -2204.0000 -2262.1847  2.64%   729  850s
  4826  2876 -2216.3179   44 1365 -2204.0000 -2262.1081  2.64%   729  855s
  4851  2893 -2232.3020   35 1434 -2204.0000 -2261.9576  2.63%   729  860s
  4879  2913 -2243.3458   31 1512 -2204.0000 -2261.9173  2.63%   729  865s
  4905  2931 -2250.0240   29 1541 -2204.0000 -2261.9123  2.63%   730  870s
  4936  2950 -2257.2074   26 1623 -2204.0000 -2261.8976  2.63%   729  875s
  4966  2970 -2258.3876   25 1640 -2204.0000 -2261.8545  2.62%   730  880s
  4985  2989 -2217.1399   44 1293 -2204.0000 -2261.8545  2.62%   730  885s
  5010  3004 -2237.9209   34 1458 -2204.0000 -2261.8114  2.62%   730  891s
  5037  3021 -2252.9674   28 1564 -2204.0000 -2261.7512  2.62%   729  895s
* 5067  2976              58    -2206.000000 -2261.7512  2.53%   729  899s
  5071  2974 -2258.2189   25 1641 -2206.0000 -2261.6878  2.52%   729  900s
  5102  2993 -2256.9488   25 1650 -2206.0000 -2261.6444  2.52%   729  905s
H 5112  2886                    -2208.000000 -2261.6444  2.43%   730  909s
  5115  2891 -2249.0746   29 1570 -2208.0000 -2261.6444  2.43%   730  910s
  5134  2910 -2231.0584   36 1438 -2208.0000 -2261.6444  2.43%   732  915s
  5161  2937 -2213.1754   47 1308 -2208.0000 -2261.6444  2.43%   732  920s
  5182  2948 -2230.2273   37 1435 -2208.0000 -2261.6055  2.43%   733  925s
  5206  2962 -2237.9828   32 1477 -2208.0000 -2261.5804  2.43%   733  930s
  5234  2978 -2243.3037   32 1481 -2208.0000 -2261.5796  2.43%   733  935s
  5260  2996 -2246.1907   31 1535 -2208.0000 -2261.5719  2.43%   733  940s
  5290  3016 -2251.0783   28 1590 -2208.0000 -2261.4983  2.42%   733  945s
  5319  3037 -2255.2172   26 1617 -2208.0000 -2261.4957  2.42%   734  950s
  5345  3055     cutoff   47      -2208.0000 -2261.4957  2.42%   734  955s
  5359  3069 -2241.7642   32 1522 -2208.0000 -2261.4859  2.42%   736  960s
  5381  3091 -2220.5998   43 1366 -2208.0000 -2261.4859  2.42%   737  965s
  5407  3109 -2237.8653   33 1467 -2208.0000 -2261.4822  2.42%   737  970s
  5432  3124 -2247.0755   29 1532 -2208.0000 -2261.4697  2.42%   738  975s
  5457  3139 -2248.1952   29 1529 -2208.0000 -2261.4586  2.42%   738  980s
  5483  3158 -2253.0255   27 1577 -2208.0000 -2261.4162  2.42%   738  985s
  5499  3174 -2240.0289   32 1501 -2208.0000 -2261.4162  2.42%   740  990s
  5513  3188 -2244.1823   30 1516 -2208.0000 -2261.4162  2.42%   741  995s
  5528  3203 -2238.9446   31 1511 -2208.0000 -2261.4162  2.42%   743 1000s
  5548  3223 -2228.9628   38 1426 -2208.0000 -2261.4162  2.42%   744 1005s
  5581  3256 -2219.1883   44 1340 -2208.0000 -2261.4162  2.42%   743 1010s
  5621  3270 -2252.0061   29 1597 -2208.0000 -2261.4091  2.42%   741 1015s
  5650  3291 -2254.3726   27 1591 -2208.0000 -2261.3864  2.42%   741 1020s
  5680  3310 -2258.2277   24 1656 -2208.0000 -2261.3842  2.42%   741 1025s
  5705  3335 -2212.3754   49 1306 -2208.0000 -2261.3842  2.42%   742 1030s
  5726  3348 -2217.7822   40 1386 -2208.0000 -2261.3781  2.42%   743 1035s
  5750  3356 -2244.5468   30 1530 -2208.0000 -2261.3393  2.42%   743 1040s
  5770  3376 -2227.1750   37 1407 -2208.0000 -2261.3393  2.42%   744 1045s
  5802  3392 -2254.8493   26 1618 -2208.0000 -2261.3280  2.42%   744 1050s
  5828  3410 -2256.6218   25 1639 -2208.0000 -2261.3193  2.41%   744 1055s
  5855  3433 -2211.5175   49 1309 -2208.0000 -2261.3193  2.41%   744 1060s
  5878  3450 -2212.4632   45 1354 -2208.0000 -2261.2697  2.41%   745 1065s
  5905  3467 -2217.0424   45 1338 -2208.0000 -2261.1830  2.41%   745 1070s
  5936  3487 -2220.1623   42 1352 -2208.0000 -2261.1014  2.40%   744 1075s
  5965  3495 -2247.1630   30 1534 -2208.0000 -2261.0630  2.40%   744 1080s
  5982  3512 -2238.8889   34 1474 -2208.0000 -2261.0630  2.40%   745 1085s
  6001  3531 -2222.7108   42 1384 -2208.0000 -2261.0630  2.40%   746 1090s
  6032  3548 -2248.5157   30 1525 -2208.0000 -2261.0522  2.40%   745 1095s
  6066  3562 -2255.0701   26 1658 -2208.0000 -2261.0490  2.40%   744 1100s
  6091  3577 -2257.7180   26 1632 -2208.0000 -2261.0444  2.40%   745 1105s
  6116  3598 -2211.8801   48 1300 -2208.0000 -2261.0444  2.40%   745 1110s
  6141  3609 -2242.6150   32 1463 -2208.0000 -2260.9717  2.40%   745 1115s
  6164  3632 -2217.9695   43 1344 -2208.0000 -2260.9717  2.40%   746 1120s
  6190  3647 -2231.4044   35 1464 -2208.0000 -2260.9600  2.40%   746 1125s
  6219  3660 -2241.3454   33 1486 -2208.0000 -2260.9589  2.40%   746 1130s
  6244  3677 -2246.2940   29 1556 -2208.0000 -2260.9295  2.40%   746 1135s
  6262  3695 -2215.2224   39 1400 -2208.0000 -2260.9295  2.40%   748 1140s
  6287  3708 -2229.0663   38 1424 -2208.0000 -2260.8633  2.39%   748 1145s
  6314  3727 -2233.8040   34 1454 -2208.0000 -2260.8602  2.39%   748 1150s
  6338  3743 -2239.5939   32 1481 -2208.0000 -2260.7898  2.39%   749 1155s
  6364  3761 -2247.8150   30 1543 -2208.0000 -2260.7820  2.39%   749 1160s
  6386  3783 -2230.3171   37 1421 -2208.0000 -2260.7820  2.39%   750 1165s
  6421  3806 -2254.6558   26 1633 -2208.0000 -2260.7492  2.39%   749 1170s
  6454  3823 -2213.6243   44 1317 -2208.0000 -2260.7492  2.39%   748 1175s
  6474  3833 -2227.4545   36 1460 -2208.0000 -2260.6990  2.39%   749 1180s
  6497  3844 -2243.5035   31 1538 -2208.0000 -2260.6958  2.39%   749 1185s
  6529  3866 -2244.5360   31 1525 -2208.0000 -2260.6438  2.38%   749 1190s
  6558  3883 -2251.5733   27 1604 -2208.0000 -2260.5716  2.38%   749 1195s
  6586  3899 -2253.6956   28 1575 -2208.0000 -2260.5678  2.38%   749 1200s
  6614  3915 -2254.0682   28 1582 -2208.0000 -2260.4918  2.38%   749 1205s
  6639  3932 -2254.5399   28 1622 -2208.0000 -2260.4848  2.38%   749 1210s
  6671  3954 -2253.8453   28 1619 -2208.0000 -2260.4596  2.38%   748 1215s
  6688  3971 -2228.2874   37 1416 -2208.0000 -2260.4596  2.38%   749 1220s
  6721  3988 -2248.2900   28 1547 -2208.0000 -2260.4402  2.38%   749 1225s
  6750  4009 -2252.7358   27 1592 -2208.0000 -2260.3095  2.37%   748 1230s
  6766  4025 -2242.1265   31 1509 -2208.0000 -2260.3095  2.37%   750 1235s
  6791  4050 -2221.7381   42 1326 -2208.0000 -2260.3095  2.37%   750 1240s
  6820  4069 -2243.6455   31 1478 -2208.0000 -2260.2531  2.37%   750 1245s
  6844  4085 -2245.2673   31 1513 -2208.0000 -2260.1295  2.36%   750 1250s
  6872  4103 -2248.2998   30 1561 -2208.0000 -2260.1065  2.36%   750 1255s
  6903  4122 -2252.9369   26 1606 -2208.0000 -2260.0416  2.36%   750 1260s
  6927  4138 -2254.7879   25 1681 -2208.0000 -2260.0040  2.36%   751 1265s
  6951  4158 -2211.8713   46 1352 -2208.0000 -2260.0040  2.36%   751 1270s
  6971  4172 -2212.0299   41 1406 -2208.0000 -2259.9847  2.35%   752 1275s
  6992  4177 -2236.6330   33 1476 -2208.0000 -2259.9423  2.35%   752 1280s
  7014  4189 -2249.2065   27 1590 -2208.0000 -2259.9201  2.35%   752 1288s
  7021  4196 -2231.1847   34 1467 -2208.0000 -2259.9201  2.35%   753 1290s
  7045  4212 -2236.8989   35 1466 -2208.0000 -2259.8874  2.35%   753 1295s
  7077  4230 -2242.0609   33 1498 -2208.0000 -2259.8605  2.35%   752 1300s
  7105  4248 -2247.9376   29 1547 -2208.0000 -2259.8604  2.35%   752 1305s
  7122  4265 -2235.4163   34 1462 -2208.0000 -2259.8604  2.35%   753 1310s
  7149  4292 -2215.6718   44 1355 -2208.0000 -2259.8604  2.35%   753 1315s
  7178  4309 -2241.6021   31 1512 -2208.0000 -2259.8363  2.35%   753 1320s
  7204  4327 -2248.6844   30 1543 -2208.0000 -2259.8138  2.35%   753 1325s
  7240  4341 -2211.3241   46 1339 -2208.0000 -2259.8138  2.35%   752 1330s
  7289  4338 -2253.6397   25 1659 -2208.0000 -2259.7472  2.34%   751 1335s
  7304  4353 -2219.6544   40 1379 -2208.0000 -2259.7472  2.34%   751 1340s
  7330  4366 -2223.0334   39 1399 -2208.0000 -2259.7298  2.34%   752 1345s
  7360  4388 -2220.8582   45 1343 -2208.0000 -2259.7293  2.34%   751 1350s
  7390  4406 -2225.2193   41 1394 -2208.0000 -2259.7240  2.34%   751 1355s
  7419  4423 -2230.1988   38 1384 -2208.0000 -2259.7239  2.34%   751 1360s
  7450  4444 -2235.8155   35 1461 -2208.0000 -2259.6991  2.34%   750 1365s
  7476  4456 -2246.3301   29 1575 -2208.0000 -2259.6827  2.34%   750 1370s
  7498  4478 -2222.0980   40 1396 -2208.0000 -2259.6827  2.34%   751 1375s
  7529  4494 -2248.4046   29 1557 -2208.0000 -2259.6266  2.34%   751 1380s
  7556  4513 -2251.8449   27 1598 -2208.0000 -2259.4987  2.33%   751 1385s
  7570  4527 -2243.3851   30 1543 -2208.0000 -2259.4987  2.33%   752 1390s
  7594  4551 -2223.5378   40 1388 -2208.0000 -2259.4987  2.33%   752 1395s
  7625  4574 -2249.3006   27 1575 -2208.0000 -2259.4858  2.33%   752 1400s
  7651  4592 -2255.1051   26 1662 -2208.0000 -2259.4566  2.33%   752 1405s
  7668  4609 -2234.5951   34 1474 -2208.0000 -2259.4566  2.33%   753 1410s
  7693  4634 -2212.1479   42 1350 -2208.0000 -2259.4566  2.33%   753 1415s
  7717  4646 -2226.3669   40 1413 -2208.0000 -2259.4531  2.33%   754 1420s
  7744  4665 -2227.3221   38 1393 -2208.0000 -2259.4044  2.33%   754 1425s
  7771  4682 -2229.2057   36 1431 -2208.0000 -2259.3834  2.33%   754 1430s
  7798  4699 -2236.6031   34 1478 -2208.0000 -2259.3784  2.33%   754 1435s
  7826  4719 -2236.9434   35 1437 -2208.0000 -2259.3631  2.33%   754 1440s
  7857  4738 -2238.8152   32 1503 -2208.0000 -2259.3149  2.32%   754 1445s
  7883  4748 -2250.7249   28 1544 -2208.0000 -2259.0595  2.31%   754 1450s
  7910  4767 -2251.6890   28 1575 -2208.0000 -2259.0546  2.31%   754 1455s
  7939  4788 -2250.2686   29 1560 -2208.0000 -2259.0386  2.31%   754 1460s
  7957  4806 -2238.9171   34 1462 -2208.0000 -2259.0386  2.31%   754 1465s
  7986  4835 -2215.7731   48 1271 -2208.0000 -2259.0386  2.31%   754 1470s
  8016  4855 -2238.9425   34 1465 -2208.0000 -2259.0347  2.31%   753 1475s
  8042  4872 -2246.7440   30 1521 -2208.0000 -2259.0087  2.31%   753 1480s
  8069  4891 -2245.3147   31 1523 -2208.0000 -2259.0039  2.31%   753 1485s
  8114  4905 -2211.7977   47 1284 -2208.0000 -2259.0039  2.31%   752 1490s
  8133  4918 -2230.6543   34 1454 -2208.0000 -2258.9854  2.31%   753 1495s
  8156  4934 -2245.4202   31 1529 -2208.0000 -2258.9820  2.31%   753 1500s
  8183  4951 -2252.8155   28 1566 -2208.0000 -2258.9761  2.31%   753 1505s
  8203  4971 -2229.9972   38 1399 -2208.0000 -2258.9761  2.31%   754 1510s
  8236  4994 -2252.2817   27 1579 -2208.0000 -2258.9734  2.31%   753 1515s
  8264  5012 -2253.2122   26 1644 -2208.0000 -2258.9341  2.31%   753 1520s
  8287  5025     cutoff   43      -2208.0000 -2258.9341  2.31%   754 1525s
  8308  5046 -2212.3105   46 1332 -2208.0000 -2258.9224  2.31%   754 1530s
  8334  5060 -2218.2193   42 1356 -2208.0000 -2258.9004  2.31%   754 1535s
  8354  5072 -2245.0274   27 1581 -2208.0000 -2258.8026  2.30%   755 1540s
  8370  5088 -2235.5192   31 1543 -2208.0000 -2258.8026  2.30%   756 1545s
  8391  5109 -2217.7132   40 1405 -2208.0000 -2258.8026  2.30%   756 1550s
  8416  5118 -2235.4682   32 1501 -2208.0000 -2258.7618  2.30%   756 1555s
  8439  5131 -2240.7254   31 1520 -2208.0000 -2258.7441  2.30%   756 1560s
  8466  5144 -2246.3649   30 1543 -2208.0000 -2258.7278  2.30%   756 1565s
  8495  5161 -2250.1675   27 1581 -2208.0000 -2258.6938  2.30%   756 1570s
  8524  5182 -2249.5632   28 1559 -2208.0000 -2258.6934  2.30%   756 1575s
  8549  5194 -2254.6923   26 1609 -2208.0000 -2258.6682  2.29%   756 1580s
  8575  5212 -2254.7878   25 1647 -2208.0000 -2258.6588  2.29%   756 1585s
  8603  5232 -2255.4691   26 1620 -2208.0000 -2258.4451  2.28%   756 1590s
  8632  5251 -2255.2581   26 1646 -2208.0000 -2258.4086  2.28%   756 1595s
  8660  5271 -2253.9894   26 1624 -2208.0000 -2258.3820  2.28%   756 1600s
  8684  5295 -2211.0259   50 1316 -2208.0000 -2258.3820  2.28%   756 1605s
  8706  5305 -2238.5304   32 1492 -2208.0000 -2258.3760  2.28%   756 1610s
  8726  5325 -2225.0534   39 1406 -2208.0000 -2258.3760  2.28%   757 1615s
  8763  5352 -2253.1506   27 1641 -2208.0000 -2258.3657  2.28%   757 1620s
  8789  5370 -2253.9558   26 1620 -2208.0000 -2258.3546  2.28%   757 1625s
  8813  5388 -2211.6077   45 1315 -2208.0000 -2258.3546  2.28%   757 1630s
  8833  5402 -2232.7308   37 1418 -2208.0000 -2258.3449  2.28%   757 1635s
  8866  5425 -2244.6020   31 1539 -2208.0000 -2258.3157  2.28%   757 1640s
  8903  5440 -2249.8883   28 1569 -2208.0000 -2258.2736  2.28%   756 1645s
  8931  5458 -2252.6525   27 1614 -2208.0000 -2258.2629  2.28%   756 1650s
  8959  5476 -2254.7036   27 1636 -2208.0000 -2258.2233  2.27%   756 1655s
  8984  5501 -2212.6369   52 1270 -2208.0000 -2258.2233  2.27%   756 1660s
  9002  5511 -2240.6367   30 1523 -2208.0000 -2258.2145  2.27%   756 1665s
  9018  5527 -2219.6421   36 1441 -2208.0000 -2258.2145  2.27%   757 1670s
  9050  5541 -2240.5966   32 1490 -2208.0000 -2258.1736  2.27%   756 1675s
  9079  5560 -2236.5881   34 1467 -2208.0000 -2258.1230  2.27%   756 1680s
  9104  5577 -2245.0643   30 1533 -2208.0000 -2258.1184  2.27%   756 1685s
  9134  5607 -2216.4220   49 1260 -2208.0000 -2258.1184  2.27%   756 1690s
  9159  5618 -2234.5163   35 1447 -2208.0000 -2258.1104  2.27%   756 1695s
  9185  5636 -2234.2351   34 1489 -2208.0000 -2258.0991  2.27%   757 1700s
  9208  5651 -2243.2397   31 1506 -2208.0000 -2258.0726  2.27%   757 1705s
  9231  5666 -2247.4700   29 1539 -2208.0000 -2258.0510  2.27%   757 1710s
  9260  5685 -2250.6033   27 1610 -2208.0000 -2258.0015  2.26%   757 1715s
  9287  5700 -2253.4876   26 1609 -2208.0000 -2257.9991  2.26%   757 1720s
  9315  5720 -2252.4764   26 1611 -2208.0000 -2257.9881  2.26%   757 1725s
  9339  5736 -2252.2944   26 1655 -2208.0000 -2257.9642  2.26%   757 1730s
  9359  5756 -2213.1033   46 1319 -2208.0000 -2257.9642  2.26%   758 1735s
  9386  5773 -2211.7037   46 1324 -2208.0000 -2257.9458  2.26%   758 1740s
  9403  5784 -2242.7229   30 1522 -2208.0000 -2257.9288  2.26%   758 1745s
  9429  5810 -2214.7796   42 1351 -2208.0000 -2257.9288  2.26%   759 1750s
  9453  5820 -2249.6832   29 1552 -2208.0000 -2257.9287  2.26%   759 1755s
  9469  5836 -2239.1361   32 1493 -2208.0000 -2257.9287  2.26%   760 1760s
  9497  5864 -2216.8335   45 1332 -2208.0000 -2257.9287  2.26%   760 1765s
  9526  5881 -2234.6229   34 1471 -2208.0000 -2257.9169  2.26%   760 1770s
  9548  5892 -2241.3167   31 1519 -2208.0000 -2257.9072  2.26%   760 1775s
  9578  5908 -2244.0353   32 1491 -2208.0000 -2257.8972  2.26%   760 1780s
  9611  5933 -2243.0648   31 1525 -2208.0000 -2257.8634  2.26%   759 1785s
  9638  5946 -2251.0956   26 1611 -2208.0000 -2257.8200  2.26%   759 1790s
  9669  5961 -2215.5029   42 1383 -2208.0000 -2257.8200  2.26%   759 1795s
  9702  5978 -2218.8608   46 1312 -2208.0000 -2257.7719  2.25%   759 1800s
  9726  5994 -2221.3684   41 1389 -2208.0000 -2257.7141  2.25%   759 1805s
  9751  6011 -2222.5883   40 1390 -2208.0000 -2257.6999  2.25%   759 1810s
  9783  6031 -2222.1330   44 1367 -2208.0000 -2257.6975  2.25%   759 1815s
  9813  6053 -2217.9604   43 1381 -2208.0000 -2257.6625  2.25%   759 1820s
  9833  6064 -2244.9517   30 1537 -2208.0000 -2257.6388  2.25%   759 1825s
  9855  6086 -2225.0620   39 1443 -2208.0000 -2257.6388  2.25%   759 1830s
  9887  6110 -2244.2854   29 1576 -2208.0000 -2257.6335  2.25%   759 1835s
  9911  6134 -2213.0918   42 1377 -2208.0000 -2257.6335  2.25%   759 1840s
  9941  6150 -2224.7009   43 1350 -2208.0000 -2257.5557  2.24%   759 1845s
  9966  6165 -2225.1192   37 1414 -2208.0000 -2257.5524  2.24%   759 1850s
  9989  6178 -2231.6192   35 1440 -2208.0000 -2257.5510  2.24%   759 1855s
 10016  6195 -2237.4922   33 1488 -2208.0000 -2257.5458  2.24%   759 1860s
 10038  6207 -2253.0209   26 1656 -2208.0000 -2257.5288  2.24%   759 1865s
 10070  6227 -2251.0321   27 1601 -2208.0000 -2257.5222  2.24%   759 1870s
 10098  6243 -2251.3544   27 1599 -2208.0000 -2257.5070  2.24%   759 1875s
 10113  6258 -2233.0432   35 1399 -2208.0000 -2257.5070  2.24%   759 1880s
 10148  6281 -2252.3485   28 1600 -2208.0000 -2257.5055  2.24%   759 1885s
 10178  6299 -2253.9528   26 1618 -2208.0000 -2257.4173  2.24%   759 1890s
 10203  6323 -2250.8180   29  785 -2208.0000 -2257.4173  2.24%   759 2309s
 10206  6325 -2249.8814   30 1025 -2208.0000 -2257.4173  2.24%   759 2310s
 10207  6326 -2235.5963   36 1739 -2208.0000 -2257.4173  2.24%   758 2315s
 10217  6332 -2237.9576   38 1840 -2208.0000 -2257.4173  2.24%   758 2320s
 10234  6344 -2221.7545   45 1844 -2208.0000 -2257.4173  2.24%   756 2325s
 10251  6355 -2230.0257   37 1836 -2208.0000 -2257.4173  2.24%   755 2330s
 10275  6371 -2249.7525   30 1841 -2208.0000 -2257.4173  2.24%   753 2335s
 10300  6388 -2212.4630   54 1843 -2208.0000 -2257.4173  2.24%   752 2340s
 10326  6405 -2224.9352   39 1847 -2208.0000 -2257.4173  2.24%   750 2345s
 10350  6421 -2239.1975   33 1848 -2208.0000 -2257.4173  2.24%   748 2350s
 10365  6431 -2216.5456   48 1822 -2208.0000 -2257.4173  2.24%   747 2360s
 10371  6437 -2257.4173   30 1718 -2208.0000 -2257.4173  2.24%   753 2365s
 10380  6443 -2244.3152   35 1609 -2208.0000 -2257.4173  2.24%   754 2370s
 10391  6450 -2231.6929   40 1524 -2208.0000 -2257.4173  2.24%   756 2375s
 10409  6462 -2215.9532   49 1418 -2208.0000 -2257.4173  2.24%   757 2380s
 10427  6464 -2256.3806   30 1734 -2208.0000 -2257.4173  2.24%   757 2385s
 10434  6469 -2248.1882   33 1677 -2208.0000 -2257.4173  2.24%   758 2390s
 10445  6476 -2236.6269   39 1533 -2208.0000 -2257.4173  2.24%   760 2395s
 10462  6488 -2222.1923   47 1425 -2208.0000 -2257.4173  2.24%   761 2400s
H10475  6165                    -2210.000000 -2257.4173  2.15%   761 2403s
H10489  5854                    -2212.000000 -2257.4173  2.05%   761 2403s
 10490  5854 -2257.4173   29 1780 -2212.0000 -2257.4173  2.05%   761 2405s
 10498  5860 -2248.0235   33 1667 -2212.0000 -2257.4173  2.05%   762 2410s
 10510  5868 -2236.1599   39 1564 -2212.0000 -2257.4173  2.05%   763 2415s
 10526  5878 -2219.9083   47 1444 -2212.0000 -2257.4173  2.05%   764 2420s
 10542  5881 -2247.5440   33 1655 -2212.0000 -2257.4173  2.05%   765 2425s
 10553  5888 -2238.6219   37 1593 -2212.0000 -2257.4173  2.05%   766 2430s
 10567  5898 -2233.4505   39 1547 -2212.0000 -2257.4173  2.05%   767 2435s
 10588  5912 -2214.4297   52 1362 -2212.0000 -2257.4173  2.05%   768 2440s
 10599  5911 -2250.8673   31 1692 -2212.0000 -2257.4173  2.05%   769 2445s
 10611  5919 -2235.8533   37 1588 -2212.0000 -2257.4173  2.05%   770 2450s
 10638  5933     cutoff   52      -2212.0000 -2257.4173  2.05%   770 2455s
 10648  5936 -2241.4236   35 1609 -2212.0000 -2257.4173  2.05%   771 2460s
 10666  5948 -2223.3804   46 1439 -2212.0000 -2257.4173  2.05%   771 2465s
 10688  5950 -2245.2752   34 1655 -2212.0000 -2255.3899  1.96%   772 2470s
 10714  5956 -2216.1287   49 1406 -2212.0000 -2255.3899  1.96%   772 2475s
 10749  5943 -2245.9542   33 1663 -2212.0000 -2255.3880  1.96%   772 2481s
 10766  5954 -2215.5998   50 1342 -2212.0000 -2255.3880  1.96%   773 2485s
 10780  5954 -2232.8540   37 1586 -2212.0000 -2255.0280  1.95%   774 2490s
 10799  5954 -2247.3380   32 1676 -2212.0000 -2254.8338  1.94%   774 2495s
 10814  5964 -2216.9920   47 1426 -2212.0000 -2254.8338  1.94%   775 2500s
 10828  5963 -2241.4317   34 1631 -2212.0000 -2254.8337  1.94%   776 2505s
 10843  5973 -2221.8514   45 1428 -2212.0000 -2254.8337  1.94%   777 2510s
 10860  5977 -2238.3587   37 1577 -2212.0000 -2253.9312  1.90%   778 2515s
 10879  5980 -2245.5607   33 1676 -2212.0000 -2253.9231  1.90%   778 2520s
 10890  5987 -2234.5523   38 1544 -2212.0000 -2253.9231  1.90%   779 2525s
 10907  5998 -2220.7955   43 1476 -2212.0000 -2253.9231  1.90%   780 2530s
 10929  5993 -2233.6709   39 1538 -2212.0000 -2253.8115  1.89%   781 2535s
 10948  5994 -2242.7714   33 1663 -2212.0000 -2253.8060  1.89%   781 2540s
 10964  5998     cutoff   46      -2212.0000 -2253.8060  1.89%   782 2545s
 10979  5998 -2233.8104   38 1584 -2212.0000 -2252.5490  1.83%   782 2550s
 10997  6000 -2244.2443   33 1694 -2212.0000 -2252.5428  1.83%   783 2555s
 11022  6005 -2247.5302   32 1713 -2212.0000 -2252.4679  1.83%   783 2560s
 11037  6015 -2217.4898   47 1403 -2212.0000 -2252.4679  1.83%   784 2565s
 11051  6016 -2238.2256   36 1600 -2212.0000 -2251.6700  1.79%   785 2570s
 11064  6025 -2226.4496   42 1494 -2212.0000 -2251.6700  1.79%   786 2575s
 11082  6027 -2243.4126   34 1662 -2212.0000 -2251.6698  1.79%   786 2580s
 11104  6032 -2246.8504   33 1712 -2212.0000 -2251.5185  1.79%   787 2585s
 11121  6043 -2217.2484   50 1402 -2212.0000 -2251.5185  1.79%   787 2590s
 11138  6046 -2232.9313   39 1537 -2212.0000 -2251.4602  1.78%   787 2595s
 11156  6058 -2222.5521   44 1446 -2212.0000 -2251.4602  1.78%   788 2600s
 11176  6063 -2243.1438   34 1658 -2212.0000 -2250.8897  1.76%   789 2605s
 11197  6069 -2214.5438   48 1409 -2212.0000 -2250.8897  1.76%   789 2610s
 11211  6074 -2220.7161   44 1477 -2212.0000 -2250.8836  1.76%   790 2615s
 11231  6069 -2236.8171   36 1648 -2212.0000 -2250.8623  1.76%   791 2620s
 11251  6073 -2243.0926   33 1659 -2212.0000 -2250.8536  1.76%   791 2625s
 11262  6080 -2232.2331   38 1555 -2212.0000 -2250.8536  1.76%   792 2630s
 11275  6089 -2215.6142   42 1487 -2212.0000 -2250.8536  1.76%   793 2635s
 11293  6085 -2245.0076   32 1713 -2212.0000 -2250.1327  1.72%   794 2640s
 11310  6092 -2214.4768   46 1432 -2212.0000 -2250.1327  1.72%   795 2645s
 11325  6096 -2224.0183   44 1494 -2212.0000 -2250.1290  1.72%   796 2650s
 11348  6103 -2227.4794   41 1517 -2212.0000 -2250.0702  1.72%   796 2655s
 11363  6105 -2234.2987   37 1580 -2212.0000 -2250.0698  1.72%   797 2660s
 11392  6105 -2214.9788   48 1404 -2212.0000 -2250.0698  1.72%   797 2665s
 11425  6091 -2242.4788   34 1693 -2212.0000 -2250.0444  1.72%   797 2671s
 11439  6100 -2217.8106   48 1413 -2212.0000 -2250.0444  1.72%   797 2675s
 11456  6101 -2229.1046   40 1543 -2212.0000 -2250.0381  1.72%   798 2680s
 11474  6105 -2239.3470   36 1607 -2212.0000 -2249.4146  1.69%   799 2685s
 11488  6115 -2228.7247   42 1511 -2212.0000 -2249.4146  1.69%   800 2690s
 11505  6126 -2218.8526   48 1439 -2212.0000 -2249.4146  1.69%   801 2695s
 11521  6125 -2239.8718   34 1653 -2212.0000 -2249.2700  1.68%   802 2700s
 11541  6128 -2244.3627   32 1743 -2212.0000 -2249.1180  1.68%   802 2705s
 11556  6138 -2214.9352   47 1431 -2212.0000 -2249.1180  1.68%   803 2710s
 11574  6140 -2221.3366   45 1433 -2212.0000 -2249.1178  1.68%   804 2715s
 11597  6141 -2227.8829   42 1504 -2212.0000 -2248.8567  1.67%   804 2720s
 11617  6145 -2239.9718   34 1639 -2212.0000 -2248.5935  1.65%   804 2725s
 11628  6152 -2227.4072   40 1519 -2212.0000 -2248.5935  1.65%   806 2730s
 11647  6161     cutoff   49      -2212.0000 -2248.5935  1.65%   807 2735s
 11659  6163 -2236.2807   37 1609 -2212.0000 -2248.5339  1.65%   808 2740s
 11670  6170 -2223.7864   41 1520 -2212.0000 -2248.5339  1.65%   809 2745s
 11692  6171 -2243.2147   33 1690 -2212.0000 -2248.1749  1.64%   809 2750s
 11710  6179     cutoff   50      -2212.0000 -2248.1749  1.64%   810 2755s
 11724  6182 -2221.7825   43 1519 -2212.0000 -2248.1743  1.64%   810 2760s
 11742  6182 -2232.9364   39 1553 -2212.0000 -2247.9218  1.62%   811 2765s
 11765  6185 -2237.6455   35 1621 -2212.0000 -2247.6138  1.61%   811 2770s
 11790  6186 -2244.3612   33 1702 -2212.0000 -2247.5379  1.61%   812 2776s
 11797  6191 -2237.6868   35 1633 -2212.0000 -2247.5379  1.61%   813 2780s
 11810  6199 -2225.1852   42 1494 -2212.0000 -2247.5379  1.61%   814 2785s
 11824  6209 -2218.6883   46 1430 -2212.0000 -2247.5379  1.61%   815 2790s
 11841  6212 -2227.7803   41 1542 -2212.0000 -2247.5331  1.61%   816 2795s
 11861  6210 -2237.5554   35 1664 -2212.0000 -2247.5284  1.61%   816 2800s
 11883  6215 -2243.9196   33 1695 -2212.0000 -2247.3361  1.60%   817 2805s
 11900  6218     cutoff   46      -2212.0000 -2247.3361  1.60%   817 2810s
 11912  6226 -2218.6254   44 1493 -2212.0000 -2247.3079  1.60%   818 2815s
 11932  6226 -2228.8938   40 1515 -2212.0000 -2246.9508  1.58%   818 2820s
 11951  6230 -2233.6362   38 1578 -2212.0000 -2246.8601  1.58%   819 2825s
 11969  6232 -2239.9114   34 1701 -2212.0000 -2246.8486  1.58%   819 2830s
 11986  6238 -2214.7992   46 1465 -2212.0000 -2246.8486  1.58%   820 2835s
 11998  6242 -2227.6781   39 1543 -2212.0000 -2246.5846  1.56%   821 2840s
 12015  6247 -2218.5587   44 1463 -2212.0000 -2246.5846  1.56%   821 2845s
 12035  6246 -2228.9887   41 1523 -2212.0000 -2246.5237  1.56%   822 2850s
 12066  6239     cutoff   48      -2212.0000 -2246.5237  1.56%   822 2855s
 12086  6232 -2238.5259   34 1673 -2212.0000 -2246.4522  1.56%   822 2860s
 12105  6235 -2236.9768   35 1663 -2212.0000 -2246.4496  1.56%   823 2866s
 12117  6243 -2222.6917   43 1477 -2212.0000 -2246.4496  1.56%   824 2870s
 12140  6246 -2235.1163   35 1670 -2212.0000 -2246.1447  1.54%   825 2876s
 12150  6253 -2215.7740   45 1459 -2212.0000 -2246.1447  1.54%   825 2880s
 12164  6252 -2233.5122   36 1618 -2212.0000 -2246.0283  1.54%   826 2885s
 12173  6258 -2226.3957   41 1507 -2212.0000 -2246.0283  1.54%   827 2890s
 12191  6260 -2237.7506   35 1672 -2212.0000 -2246.0254  1.54%   829 2895s
 12207  6263 -2240.3292   35 1663 -2212.0000 -2245.9530  1.53%   829 2900s
 12224  6266 -2240.2623   34 1690 -2212.0000 -2245.5953  1.52%   830 2905s
 12244  6272 -2238.4612   34 1697 -2212.0000 -2245.5782  1.52%   830 2911s
 12258  6277     cutoff   47      -2212.0000 -2245.5782  1.52%   831 2915s
 12272  6280 -2222.9504   43 1481 -2212.0000 -2245.5706  1.52%   831 2920s
 12294  6283 -2224.2829   42 1504 -2212.0000 -2245.4598  1.51%   832 2925s
 12313  6280 -2235.8570   35 1645 -2212.0000 -2245.4566  1.51%   832 2930s
 12336  6281 -2239.1304   34 1683 -2212.0000 -2245.4219  1.51%   832 2935s
 12348  6289 -2215.3876   42 1509 -2212.0000 -2245.4219  1.51%   833 2940s
 12368  6282 -2239.9893   34 1689 -2212.0000 -2245.3875  1.51%   834 2945s
 12380  6290 -2230.5008   38 1557 -2212.0000 -2245.3875  1.51%   835 2950s
 12397  6302 -2217.5256   47 1404 -2212.0000 -2245.3875  1.51%   836 2955s
 12415  6306 -2228.9300   40 1549 -2212.0000 -2245.2709  1.50%   836 2960s
 12429  6307 -2236.1399   37 1606 -2212.0000 -2245.2651  1.50%   837 2965s
 12452  6312 -2238.5635   35 1657 -2212.0000 -2245.2108  1.50%   837 2970s
 12471  6317 -2239.0877   34 1692 -2212.0000 -2245.2094  1.50%   838 2975s
 12491  6320 -2240.3293   34 1685 -2212.0000 -2245.1856  1.50%   838 2980s
 12508  6326 -2214.5394   46 1450 -2212.0000 -2245.1856  1.50%   839 2985s
 12524  6332 -2214.5876   47 1450 -2212.0000 -2245.1845  1.50%   839 2990s
 12540  6333 -2222.5668   43 1531 -2212.0000 -2245.1480  1.50%   840 2995s
 12555  6336 -2226.2316   39 1543 -2212.0000 -2245.0049  1.49%   840 3000s
 12573  6340 -2230.3444   38 1553 -2212.0000 -2244.7137  1.48%   841 3005s
 12591  6344 -2234.0227   37 1596 -2212.0000 -2244.7044  1.48%   841 3010s
 12606  6354 -2223.0212   44 1493 -2212.0000 -2244.7044  1.48%   842 3015s
 12639  6348 -2238.0082   35 1671 -2212.0000 -2244.6576  1.48%   842 3021s
 12652  6357 -2223.3078   43 1501 -2212.0000 -2244.6576  1.48%   843 3025s
 12670  6369 -2216.1871   49 1415 -2212.0000 -2244.6576  1.48%   844 3030s
 12687  6368 -2228.8260   37 1592 -2212.0000 -2244.5454  1.47%   845 3035s
 12699  6376 -2217.7797   42 1497 -2212.0000 -2244.5454  1.47%   846 3040s
 12720  6372 -2240.0559   35 1686 -2212.0000 -2244.5434  1.47%   846 3045s
 12738  6374     cutoff   47      -2212.0000 -2244.5434  1.47%   847 3050s
 12755  6379     cutoff   48      -2212.0000 -2244.5264  1.47%   847 3055s
 12770  6383 -2214.3890   45 1492 -2212.0000 -2244.5011  1.47%   848 3060s
 12787  6381 -2228.8287   40 1564 -2212.0000 -2244.4994  1.47%   848 3065s
 12805  6379 -2236.8859   35 1682 -2212.0000 -2244.4825  1.47%   849 3070s
 12827  6379 -2240.3290   33 1689 -2212.0000 -2244.4102  1.47%   849 3075s
 12846  6384 -2240.0393   33 1720 -2212.0000 -2244.4094  1.47%   850 3080s
 12857  6391 -2214.8616   44 1499 -2212.0000 -2244.4094  1.47%   850 3085s
 12876  6388 -2227.9011   40 1559 -2212.0000 -2244.3552  1.46%   851 3090s
 12897  6390 -2233.4902   37 1606 -2212.0000 -2244.3516  1.46%   851 3095s
 12913  6393 -2235.4821   36 1649 -2212.0000 -2244.3516  1.46%   852 3100s
 12926  6401 -2223.7265   41 1513 -2212.0000 -2244.3516  1.46%   852 3105s
 12943  6413 -2216.4026   45 1449 -2212.0000 -2244.3516  1.46%   853 3110s
 12961  6413 -2224.7225   41 1520 -2212.0000 -2244.3111  1.46%   854 3115s
 12976  6413 -2230.6402   37 1613 -2212.0000 -2244.3077  1.46%   854 3120s
 12993  6414 -2233.9822   36 1658 -2212.0000 -2244.3004  1.46%   855 3125s
 13010  6417 -2234.6667   37 1588 -2212.0000 -2244.2362  1.46%   855 3130s
 13031  6423 -2232.7731   38 1573 -2212.0000 -2244.2271  1.46%   856 3135s
 13049  6425 -2237.1378   35 1656 -2212.0000 -2244.2233  1.46%   856 3140s
 13071  6428 -2236.7961   36 1646 -2212.0000 -2244.2186  1.46%   856 3145s
 13082  6435 -2225.0123   42 1502 -2212.0000 -2244.2186  1.46%   857 3150s
 13102  6439 -2235.9204   36 1660 -2212.0000 -2244.2112  1.46%   858 3155s
 13120  6443 -2214.6476   47 1471 -2212.0000 -2244.2112  1.46%   858 3160s
 13136  6443 -2218.8196   43 1501 -2212.0000 -2244.1048  1.45%   859 3165s
 13151  6445 -2220.4808   41 1519 -2212.0000 -2244.0976  1.45%   859 3170s
 13167  6444 -2228.9180   39 1544 -2212.0000 -2244.0968  1.45%   860 3175s
 13182  6454 -2221.4457   44 1479 -2212.0000 -2244.0968  1.45%   861 3180s
 13199  6465 -2214.4791   48 1415 -2212.0000 -2244.0968  1.45%   862 3185s
 13226  6459 -2215.3512   46 1480 -2212.0000 -2244.0968  1.45%   862 3190s
 13257  6436 -2226.7742   41 1545 -2212.0000 -2243.9428  1.44%   861 3195s
 13275  6440 -2225.6862   40 1553 -2212.0000 -2243.9417  1.44%   861 3200s
 13294  6441 -2229.8637   39 1544 -2212.0000 -2243.9178  1.44%   862 3205s
 13316  6445 -2231.5310   38 1583 -2212.0000 -2243.9090  1.44%   862 3210s
 13334  6447 -2234.4319   36 1646 -2212.0000 -2243.9070  1.44%   862 3215s
 13347  6456 -2225.7705   40 1563 -2212.0000 -2243.9070  1.44%   863 3220s
 13362  6454 -2228.8413   38 1588 -2212.0000 -2243.8667  1.44%   864 3225s
 13379  6455 -2233.0034   37 1606 -2212.0000 -2243.8335  1.44%   865 3230s
 13401  6456 -2233.3062   36 1632 -2212.0000 -2243.6910  1.43%   865 3235s
 13420  6461 -2237.7685   34 1712 -2212.0000 -2243.6741  1.43%   865 3240s
 13441  6465 -2236.2080   35 1656 -2212.0000 -2243.6680  1.43%   865 3245s
 13462  6463 -2239.2779   34 1677 -2212.0000 -2243.6662  1.43%   866 3250s
 13475  6471 -2222.6828   43 1488 -2212.0000 -2243.6662  1.43%   866 3255s
 13493  6481     cutoff   50      -2212.0000 -2243.6662  1.43%   867 3260s
 13511  6483 -2218.0471   45 1473 -2212.0000 -2243.6274  1.43%   867 3265s
 13531  6485 -2221.0864   43 1462 -2212.0000 -2243.4146  1.42%   868 3270s
 13554  6486 -2226.2218   41 1506 -2212.0000 -2243.4112  1.42%   868 3275s
 13572  6488 -2231.2690   37 1622 -2212.0000 -2243.3993  1.42%   868 3280s
 13586  6497 -2221.0680   44 1499 -2212.0000 -2243.3993  1.42%   869 3285s
 13602  6499 -2236.0252   36 1654 -2212.0000 -2243.3981  1.42%   869 3290s
 13618  6502 -2216.7795   45 1499 -2212.0000 -2243.3981  1.42%   870 3295s
 13631  6504 -2218.7285   43 1500 -2212.0000 -2243.3977  1.42%   871 3300s
 13648  6506 -2228.8731   38 1550 -2212.0000 -2243.2577  1.41%   871 3305s
 13663  6512     cutoff   44      -2212.0000 -2243.2577  1.41%   872 3310s
 13686  6513 -2227.4755   42 1506 -2212.0000 -2243.2239  1.41%   872 3315s
 13707  6519 -2226.7775   40 1573 -2212.0000 -2243.2125  1.41%   873 3320s
 13726  6520 -2231.6298   37 1632 -2212.0000 -2243.1328  1.41%   873 3325s
 13745  6522 -2231.6536   38 1586 -2212.0000 -2243.0662  1.40%   873 3330s
 13758  6531 -2223.1077   42 1485 -2212.0000 -2243.0662  1.40%   874 3335s
 13775  6534 -2232.5121   36 1669 -2212.0000 -2242.9783  1.40%   875 3340s
 13800  6533     cutoff   47      -2212.0000 -2242.9783  1.40%   875 3345s
 13822  6536 -2235.5194   36 1662 -2212.0000 -2242.9395  1.40%   875 3351s
 13841  6538 -2236.2313   35 1678 -2212.0000 -2242.9305  1.40%   876 3356s
 13857  6543 -2216.0533   46 1469 -2212.0000 -2242.9305  1.40%   876 3360s
 13875  6543     cutoff   45      -2212.0000 -2242.9159  1.40%   876 3365s
 13896  6545 -2219.9927   43 1474 -2212.0000 -2242.8956  1.40%   877 3370s
 13913  6549 -2221.5334   43 1520 -2212.0000 -2242.8495  1.39%   877 3375s
 13930  6551 -2219.9399   43 1489 -2212.0000 -2242.8459  1.39%   877 3380s
 13945  6551 -2228.4916   40 1550 -2212.0000 -2242.8119  1.39%   878 3385s
 13961  6560 -2219.4464   44 1454 -2212.0000 -2242.8119  1.39%   879 3390s
 13977  6561 -2223.4639   43 1503 -2212.0000 -2242.7691  1.39%   879 3395s
 13998  6565 -2231.7487   38 1576 -2212.0000 -2242.4769  1.38%   879 3400s
 14015  6576 -2217.1897   46 1429 -2212.0000 -2242.4769  1.38%   880 3405s
 14028  6575 -2237.9191   35 1694 -2212.0000 -2242.4026  1.37%   880 3412s
 14039  6582 -2218.6717   46 1481 -2212.0000 -2242.4026  1.37%   880 3415s
 14054  6582 -2223.9747   40 1547 -2212.0000 -2242.3825  1.37%   881 3420s
 14069  6585 -2221.5849   41 1504 -2212.0000 -2242.3657  1.37%   881 3425s
 14092  6585 -2224.0206   41 1535 -2212.0000 -2242.3642  1.37%   881 3430s
 14110  6587 -2225.5314   39 1564 -2212.0000 -2242.3200  1.37%   882 3435s
 14127  6590 -2224.5840   40 1564 -2212.0000 -2242.2796  1.37%   882 3440s
 14144  6589 -2226.0989   40 1542 -2212.0000 -2242.2776  1.37%   883 3445s
 14155  6589 -2225.8691   38 1585 -2212.0000 -2242.2682  1.37%   883 3450s
 14173  6589 -2228.3309   38 1590 -2212.0000 -2242.2619  1.37%   884 3455s
 14191  6591 -2230.4212   39 1555 -2212.0000 -2242.2531  1.37%   884 3460s
 14210  6595 -2233.5709   36 1627 -2212.0000 -2242.0806  1.36%   884 3465s
 14224  6605 -2222.3964   41 1521 -2212.0000 -2242.0806  1.36%   885 3470s
 14242  6607 -2237.6722   35 1693 -2212.0000 -2242.0630  1.36%   886 3475s
 14261  6609 -2233.4562   36 1674 -2212.0000 -2242.0627  1.36%   886 3480s
 14284  6610 -2217.7096   45 1487 -2212.0000 -2242.0627  1.36%   886 3485s
 14301  6605 -2227.5633   39 1572 -2212.0000 -2242.0529  1.36%   887 3490s
 14323  6602 -2233.2460   36 1665 -2212.0000 -2242.0314  1.36%   887 3495s
 14343  6603 -2235.3399   35 1661 -2212.0000 -2242.0284  1.36%   887 3500s
 14365  6610 -2231.0615   36 1635 -2212.0000 -2242.0156  1.36%   887 3505s
 14385  6611 -2237.3737   34 1702 -2212.0000 -2241.9472  1.35%   888 3510s
 14405  6614 -2234.7255   35 1678 -2212.0000 -2241.9460  1.35%   888 3516s
 14420  6616 -2237.2843   35 1681 -2212.0000 -2241.8911  1.35%   888 3520s
 14430  6623 -2227.5650   40 1553 -2212.0000 -2241.8911  1.35%   889 3525s
 14447  6630     cutoff   49      -2212.0000 -2241.8911  1.35%   890 3530s
 14462  6634 -2215.5057   45 1482 -2212.0000 -2241.8668  1.35%   890 3535s
 14479  6634 -2228.7906   39 1582 -2212.0000 -2241.8541  1.35%   891 3540s
 14493  6643 -2218.8087   45 1489 -2212.0000 -2241.8541  1.35%   891 3545s
 14512  6644 -2229.7029   39 1570 -2212.0000 -2241.8433  1.35%   892 3550s
 14530  6644 -2234.5265   35 1668 -2212.0000 -2241.8426  1.35%   892 3555s
 14544  6649     cutoff   43      -2212.0000 -2241.8426  1.35%   893 3560s
 14560  6652 -2216.3979   44 1471 -2212.0000 -2241.8229  1.35%   893 3565s
 14576  6650 -2222.6086   42 1500 -2212.0000 -2241.7806  1.35%   894 3570s
 14593  6652 -2226.1833   40 1543 -2212.0000 -2241.7739  1.35%   894 3575s
 14612  6654 -2227.6986   40 1537 -2212.0000 -2241.6990  1.34%   894 3580s
 14630  6658 -2227.7915   39 1579 -2212.0000 -2241.6625  1.34%   895 3585s
 14648  6662 -2230.6673   39 1567 -2212.0000 -2241.6291  1.34%   895 3590s
 14667  6663 -2231.0791   38 1584 -2212.0000 -2241.5900  1.34%   895 3595s
 14684  6662 -2230.3301   36 1689 -2212.0000 -2241.5770  1.34%   896 3600s
 14702  6664 -2236.0884   36 1631 -2212.0000 -2241.4920  1.33%   896 3605s
 14716  6674 -2226.9591   40 1542 -2212.0000 -2241.4920  1.33%   897 3610s
 14732  6684 -2216.7304   45 1495 -2212.0000 -2241.4920  1.33%   898 3615s
 14749  6687 -2223.6505   43 1529 -2212.0000 -2241.4908  1.33%   898 3620s
 14766  6688 -2225.9671   39 1568 -2212.0000 -2241.4867  1.33%   899 3625s
 14781  6690 -2225.1714   39 1560 -2212.0000 -2241.4763  1.33%   899 3630s
 14805  6684 -2215.0602   44 1473 -2212.0000 -2241.4763  1.33%   899 3635s
 14828  6677 -2214.1570   43 1482 -2212.0000 -2241.4763  1.33%   900 3640s
 14858  6662     cutoff   44      -2212.0000 -2241.4763  1.33%   899 3645s
 14868  6667 infeasible   42      -2212.0000 -2241.4615  1.33%   900 3650s
 14887  6670 -2221.9961   45 1473 -2212.0000 -2241.4278  1.33%   900 3655s
 14903  6672 -2228.0059   38 1596 -2212.0000 -2241.4223  1.33%   901 3660s
 14920  6682 -2215.3824   47 1414 -2212.0000 -2241.4223  1.33%   901 3665s
 14941  6682 -2214.2117   45 1443 -2212.0000 -2241.4215  1.33%   902 3670s
 14958  6681 -2222.2460   43 1503 -2212.0000 -2241.4193  1.33%   902 3675s
 14976  6677 -2231.5539   36 1623 -2212.0000 -2241.4161  1.33%   902 3680s
 14993  6678 -2231.4690   36 1660 -2212.0000 -2241.3270  1.33%   902 3685s
 15011  6680 -2232.2030   38 1598 -2212.0000 -2241.2970  1.32%   903 3690s
 15025  6690 -2221.2646   43 1492 -2212.0000 -2241.2970  1.32%   904 3695s
 15044  6693 -2234.9633   36 1677 -2212.0000 -2241.2878  1.32%   904 3700s
 15062  6696 -2214.8622   47 1456 -2212.0000 -2241.2878  1.32%   904 3705s
 15081  6697 -2216.1815   45 1493 -2212.0000 -2241.2081  1.32%   904 3710s
 15099  6703 -2217.3434   48 1409 -2212.0000 -2241.1673  1.32%   905 3715s
 15116  6704 -2220.0405   44 1476 -2212.0000 -2241.0243  1.31%   905 3720s
 15135  6707 -2217.1567   44 1496 -2212.0000 -2240.9292  1.31%   905 3725s
 15151  6712 -2216.1765   45 1489 -2212.0000 -2240.9292  1.31%   906 3730s
 15169  6705 -2234.0896   36 1647 -2212.0000 -2240.9212  1.31%   906 3735s
 15187  6709 -2233.3457   36 1632 -2212.0000 -2240.8937  1.31%   906 3740s
 15205  6713 -2229.9577   37 1661 -2212.0000 -2240.8932  1.31%   907 3745s
 15222  6716 -2228.9962   38 1632 -2212.0000 -2240.8166  1.30%   907 3750s
 15239  6718 -2233.1316   36 1643 -2212.0000 -2240.7048  1.30%   907 3755s
 15255  6729 -2218.0501   45 1456 -2212.0000 -2240.7048  1.30%   908 3760s
 15272  6732 -2221.0872   43 1478 -2212.0000 -2240.6838  1.30%   908 3765s
 15292  6738 -2219.3171   46 1478 -2212.0000 -2240.6755  1.30%   909 3770s
 15306  6739 -2227.0743   39 1561 -2212.0000 -2240.6636  1.30%   909 3775s
 15320  6748 -2214.9735   46 1454 -2212.0000 -2240.6636  1.30%   910 3780s
 15340  6746 -2220.0950   43 1485 -2212.0000 -2240.6202  1.29%   910 3785s
 15367  6738 -2215.0308   45 1464 -2212.0000 -2240.6202  1.29%   910 3790s
 15386  6734 -2214.5865   43 1493 -2212.0000 -2240.5553  1.29%   911 3795s
 15408  6737 -2214.8882   47 1445 -2212.0000 -2240.5364  1.29%   911 3800s
 15425  6740 -2215.4047   46 1465 -2212.0000 -2240.5328  1.29%   911 3805s
 15439  6738 -2222.6616   40 1545 -2212.0000 -2240.5202  1.29%   912 3810s
 15458  6735 -2232.7240   36 1657 -2212.0000 -2240.4850  1.29%   912 3816s
 15474  6738 -2233.7212   36 1696 -2212.0000 -2240.4693  1.29%   913 3820s
 15491  6739 -2235.2371   35 1649 -2212.0000 -2240.4677  1.29%   913 3825s
 15504  6748 -2225.7040   41 1506 -2212.0000 -2240.4677  1.29%   914 3830s
 15521  6759 -2215.6905   48 1383 -2212.0000 -2240.4677  1.29%   914 3835s
 15546  6760 -2229.7687   37 1646 -2212.0000 -2240.4449  1.29%   914 3841s
 15565  6759     cutoff   46      -2212.0000 -2240.4449  1.29%   914 3845s
 15586  6766 -2235.9522   35 1676 -2212.0000 -2240.4093  1.28%   915 3850s
 15608  6768 -2235.7056   35 1696 -2212.0000 -2240.3586  1.28%   915 3855s
 15629  6770 -2215.0029   46 1467 -2212.0000 -2240.3586  1.28%   915 3860s
 15651  6773 -2235.5859   35 1694 -2212.0000 -2240.3423  1.28%   915 3865s
 15667  6776 -2231.3248   35 1696 -2212.0000 -2240.3404  1.28%   915 3870s
 15684  6777 -2236.9797   34 1712 -2212.0000 -2240.3305  1.28%   916 3875s
 15705  6779     cutoff   47      -2212.0000 -2240.3305  1.28%   916 3880s
 15717  6783 -2222.1203   40 1544 -2212.0000 -2240.3242  1.28%   916 3885s
 15734  6782 -2228.6209   39 1574 -2212.0000 -2240.3236  1.28%   917 3890s
 15753  6795 -2214.5126   48 1407 -2212.0000 -2240.3236  1.28%   917 3895s
 15775  6793     cutoff   47      -2212.0000 -2240.3149  1.28%   917 3900s
 15793  6795 -2217.5967   44 1467 -2212.0000 -2240.2849  1.28%   918 3905s
 15813  6790 -2225.7417   40 1563 -2212.0000 -2240.2764  1.28%   918 3910s
 15831  6794 -2222.7775   41 1529 -2212.0000 -2240.2611  1.28%   918 3915s
 15854  6795 -2220.9000   43 1501 -2212.0000 -2240.2469  1.28%   918 3920s
 15881  6785 -2215.4743   44 1501 -2212.0000 -2240.2469  1.28%   918 3925s
 15899  6783 -2232.2619   35 1665 -2212.0000 -2240.1483  1.27%   919 3931s
 15915  6786 -2227.6967   37 1636 -2212.0000 -2240.0960  1.27%   919 3936s
 15930  6784 -2233.2615   37 1629 -2212.0000 -2240.0843  1.27%   919 3940s
 15950  6785 -2233.0028   37 1646 -2212.0000 -2240.0540  1.27%   920 3945s
 15963  6788 -2215.2642   45 1446 -2212.0000 -2240.0540  1.27%   920 3950s
 15979  6793 -2224.2962   42 1507 -2212.0000 -2240.0451  1.27%   920 3955s
 15995  6803 -2214.7131   47 1436 -2212.0000 -2240.0451  1.27%   921 3960s
 16011  6804 -2227.3399   39 1583 -2212.0000 -2240.0378  1.27%   921 3965s
 16028  6805 -2230.5053   38 1603 -2212.0000 -2240.0236  1.27%   922 3970s
 16047  6806 -2232.7152   37 1660 -2212.0000 -2240.0145  1.27%   922 3976s
 16064  6807 -2233.6519   35 1687 -2212.0000 -2240.0079  1.27%   922 3981s
 16081  6811 -2231.5783   36 1670 -2212.0000 -2239.9812  1.26%   922 3985s
 16102  6811 -2234.2890   36 1658 -2212.0000 -2239.9467  1.26%   923 3991s
 16120  6815 -2232.7013   37 1622 -2212.0000 -2239.9114  1.26%   923 3995s
 16138  6817 -2233.7719   36 1645 -2212.0000 -2239.9011  1.26%   923 4000s
 16149  6824 -2224.2487   41 1540 -2212.0000 -2239.9011  1.26%   924 4005s
 16168  6827 -2233.6772   36 1684 -2212.0000 -2239.8981  1.26%   924 4011s
 16184  6831 -2215.6763   47 1467 -2212.0000 -2239.8981  1.26%   925 4015s
 16199  6836 -2214.0399   48 1460 -2212.0000 -2239.8657  1.26%   925 4020s
 16214  6838 -2223.3143   41 1511 -2212.0000 -2239.8524  1.26%   925 4025s
 16230  6849 -2215.2074   45 1433 -2212.0000 -2239.8524  1.26%   926 4030s
 16256  6850 -2234.4834   35 1671 -2212.0000 -2239.7300  1.25%   926 4036s
 16274  6854 -2231.2652   36 1669 -2212.0000 -2239.7249  1.25%   927 4041s
 16285  6862 -2214.2087   44 1466 -2212.0000 -2239.7249  1.25%   927 4045s
 16305  6861 -2218.7073   42 1527 -2212.0000 -2239.7193  1.25%   927 4050s
 16323  6863 -2219.4778   45 1464 -2212.0000 -2239.6727  1.25%   927 4055s
 16348  6872 -2214.5109   47 1412 -2212.0000 -2239.5977  1.25%   927 4060s
 16373  6864 -2219.7283   42 1472 -2212.0000 -2239.5516  1.25%   927 4065s
 16391  6866 -2220.2675   43 1491 -2212.0000 -2239.5382  1.24%   928 4070s
 16410  6871 -2216.1706   45 1468 -2212.0000 -2239.4837  1.24%   928 4075s
 16428  6869 -2219.6919   42 1524 -2212.0000 -2239.4757  1.24%   929 4080s
 16445  6870 -2224.3259   42 1502 -2212.0000 -2239.4111  1.24%   929 4085s
 16467  6877 -2232.1539   36 1683 -2212.0000 -2239.3933  1.24%   930 4091s
 16485  6879 -2234.9068   35 1708 -2212.0000 -2239.3916  1.24%   930 4095s

Cutting planes:
  Gomory: 23
  MIR: 66
  Flow cover: 926
  Zero half: 553
  RLT: 69
  BQP: 112

Explored 16487 nodes (15335286 simplex iterations) in 4096.00 seconds (4412.78 work units)
Thread count was 1 (of 72 available processors)

Solution count 10: -2212 -2210 -2208 ... -2188

Time limit reached
Best objective -2.212000000000e+03, best bound -2.238000000000e+03, gap 1.1754%

User-callback calls 233678, time in user-callback 1.42 sec

BQP_SOLUTION, 383, 1570, -831.000000, 4096.000453, -1, -1, 1, 1, 1, 1, -1, 1, -1, 1, -1, -1, -1, 1, 1, 1, 1, 1, -1, 1, -1, 1, 1, -1, 1, -1, 1, 1, -1, 1, 1, 1, -1, 1, 1, 1, 1, -1, 1, 1, -1, -1, 1, 1, -1, -1, 1, 1, -1, 1, -1, 1, -1, 1, 1, 1, -1, -1, 1, 1, -1, 1, 1, 1, -1, 1, 1, 1, -1, -1, 1, 1, 1, -1, 1, 1, -1, 1, -1, 1, 1, -1, 1, -1, 1, -1, 1, -1, 1, -1, 1, 1, 1, -1, 1, 1, 1, -1, 1, -1, -1, 1, 1, 1, 1, -1, 1, -1, 1, -1, -1, 1, 1, -1, 1, 1, 1, -1, 1, 1, -1, -1, 1, 1, 1, -1, -1, 1, 1, 1, 1, 1, -1, -1, 1, 1, 1, -1, -1, 1, -1, -1, 1, 1, 1, -1, 1, 1, -1, -1, 1, 1, 1, -1, 1, 1, -1, -1, 1, 1, 1, -1, -1, 1, 1, -1, 1, -1, 1, -1, -1, 1, 1, -1, 1, -1, 1, -1, -1, -1, 1, -1, -1, -1, 1, -1, 1, -1, 1, -1, -1, 1, -1, 1, 1, 1, 1, -1, 1, 1, -1, -1, 1, 1, -1, -1, 1, 1, -1, -1, -1, 1, 1, -1, 1, 1, 1, -1, -1, 1, 1, -1, 1, 1, 1, 1, -1, -1, 1, -1, -1, -1, -1, 1, -1, 1, 1, 1, -1, 1, 1, -1, -1, 1, 1, 1, -1, 1, 1, -1, 1, 1, 1, 1, -1, -1, -1, 1, -1, 1, 1, 1, -1, -1, -1, 1, 1, -1, 1, 1, -1, -1, -1, 1, 1, 1, -1, 1, -1, -1, -1, -1, 1, -1, -1, 1, 1, -1, 1, -1, 1, -1, -1, -1, 1, -1, -1, 1, 1, -1, 1, 1, 1, -1, -1, 1, 1, 1, -1, 1, 1, 1, 1, 1, 1, -1, 1, -1, 1, 1, -1, -1, 1, -1, -1, -1, 1, 1, -1, -1, 1, -1, 1, -1, 1, -1, -1, 1, 1, -1, 1, -1, 1, -1, -1, -1, 1, -1, 1, -1, 1, -1, 1, -1, 1, -1, -1, 1, -1, 1, -1, 1, -1, 1, -1, -1, 1, 1, -1, -1, 1, -1, -1, -1, -1, 1, 1, 1, -1, -1, -1, 1, -1
BQP_DATA, 383, 1570, -831.000000, -857.000000, -2212.000000, -2238.000000, 4096.000453, 1568, 16487
