Set parameter TSPort to value 51199
Set parameter TokenServer to value "open-license1.lanl.gov"
Set parameter TimeLimit to value 512
Set parameter Threads to value 1
Gurobi Optimizer version 10.0.3 build v10.0.3rc0 (linux64)

CPU model: Intel(R) Xeon(R) CPU E5-2695 v4 @ 2.10GHz, instruction set [SSE2|AVX|AVX2]
Thread count: 36 physical cores, 72 logical processors, using up to 1 threads

Optimize a model with 0 rows, 862 columns and 0 nonzeros
Model fingerprint: 0x9b9d2e7d
Model has 3842 quadratic objective terms
Variable types: 0 continuous, 862 integer (862 binary)
Coefficient statistics:
  Matrix range     [0e+00, 0e+00]
  Objective range  [2e+00, 3e+01]
  QObjective range [8e+00, 8e+00]
  Bounds range     [1e+00, 1e+00]
  RHS range        [0e+00, 0e+00]
Found heuristic solution: objective 0.0000000
Found heuristic solution: objective -1490.000000
Found heuristic solution: objective -5374.000000
Found heuristic solution: objective -5394.000000
Presolve removed 0 rows and 2 columns
Presolve time: 0.25s
Presolved: 3839 rows, 4699 columns, 11517 nonzeros
Variable types: 0 continuous, 4699 integer (4699 binary)

Root relaxation: objective -7.305000e+03, 1039 iterations, 0.02 seconds (0.01 work units)

    Nodes    |    Current Node    |     Objective Bounds      |     Work
 Expl Unexpl |  Obj  Depth IntInf | Incumbent    BestBd   Gap | It/Node Time

     0     0 -7305.0000    0  860 -5394.0000 -7305.0000  35.4%     -    0s
     0     0 -6721.0000    0 1175 -5394.0000 -6721.0000  24.6%     -    0s
     0     0 -6718.0000    0 1165 -5394.0000 -6718.0000  24.5%     -    0s
     0     0 -6579.7000    0 1254 -5394.0000 -6579.7000  22.0%     -    1s
     0     0 -6579.7000    0 1242 -5394.0000 -6579.7000  22.0%     -    1s
     0     2 -6578.7000    0 1241 -5394.0000 -6578.7000  22.0%     -    1s
   461   414 -6427.0000   19 1376 -5394.0000 -6567.7000  21.8%  76.7    5s
   522   470 -5856.0000  100 1870 -5394.0000 -6140.2106  13.8%  77.4   10s
   532   477 -6036.3651   38 2248 -5394.0000 -6036.3651  11.9%  75.9   17s
   534   478 -5949.0000   85 2424 -5394.0000 -6020.8028  11.6%  75.6   20s
   542   484 -5947.2159   51 2761 -5394.0000 -5947.2159  10.3%  74.5   30s
   544   485 -5932.3961   63 2985 -5394.0000 -5932.3961  10.0%  74.3   35s
   554   492 -5879.1481    6 3238 -5394.0000 -5879.1481  8.99%  72.9   48s
   555   492 -5867.8117   50 3449 -5394.0000 -5867.8117  8.78%  72.8   53s
   557   494 -5865.3076   18 3512 -5394.0000 -5865.3076  8.74%  72.5   55s
   563   498 -5528.6667  159 3726 -5394.0000 -5831.6410  8.11%  71.8   68s
   564   498 -5824.5724    6 3797 -5394.0000 -5824.5724  7.98%  71.6   74s
   565   499 -5516.6667  163 3800 -5394.0000 -5823.6776  7.97%  71.5   75s
   572   504 -5760.0000  115 3821 -5394.0000 -5810.1335  7.71%  70.6   84s
   573   504 -5807.0111    7 3902 -5394.0000 -5807.0111  7.66%  70.5   88s
   574   505 -5602.6667  142 3927 -5394.0000 -5806.3628  7.64%  70.4   90s
   581   510 -5796.3814   73 3889 -5394.0000 -5796.3814  7.46%  69.5  100s
   583   511 -5793.7516   37 3914 -5394.0000 -5793.7516  7.41%  69.3  106s
   589   515 -5785.0454   89 3944 -5394.0000 -5785.0454  7.25%  68.6  114s
   590   516 -5783.4858   38 3998 -5394.0000 -5783.4858  7.22%  68.5  117s
   593   518 -5782.8476   29 4032 -5394.0000 -5782.8476  7.21%  68.1  120s
   596   520 -5417.6667  194 4006 -5394.0000 -5775.5481  7.07%  67.8  126s
   598   521 -5773.6485    5 4041 -5394.0000 -5773.6485  7.04%  67.6  131s
   602   524 -5768.8285   74 4008 -5394.0000 -5768.8285  6.95%  67.1  138s
   603   524 -5767.5326   33 4043 -5394.0000 -5767.5326  6.92%  67.0  140s
   609   528 -5575.6667  149 4047 -5394.0000 -5761.9664  6.82%  66.3  148s
   610   529 -5609.6667  141 4086 -5394.0000 -5760.8152  6.80%  66.2  151s
   616   533 -5754.9653   28 4041 -5394.0000 -5754.9653  6.69%  65.6  160s
   619   535 -5753.2202   33 4130 -5394.0000 -5753.2202  6.66%  65.3  165s
   623   538 -5748.0043   90 4095 -5394.0000 -5748.0043  6.56%  64.8  172s
   626   540 -5746.9919   40 4136 -5394.0000 -5746.9919  6.54%  64.5  175s
   630   542 -5743.8031   67 4114 -5394.0000 -5743.8031  6.49%  64.1  180s
   638   548 -5739.9763   40 4143 -5394.0000 -5739.9763  6.41%  63.3  189s
   639   548 -5445.3333  182 4148 -5394.0000 -5739.3681  6.40%  63.2  190s
   645   552 -5737.1107   62 4135 -5394.0000 -5737.1107  6.36%  62.6  195s
   651   556 -5733.9530   24 4161 -5394.0000 -5733.9530  6.30%  62.1  203s
   653   558 -5498.6667  167 4174 -5394.0000 -5733.4295  6.29%  61.9  205s
   657   560 -5730.6785   18 4182 -5394.0000 -5730.6785  6.24%  61.5  210s
   664   565 -5728.4945    6 4184 -5394.0000 -5728.4945  6.20%  60.8  217s
   668   568 -5727.7591   42 4209 -5394.0000 -5727.7591  6.19%  60.5  220s
   671   570 -5588.6667  144 4193 -5394.0000 -5725.5262  6.15%  60.2  225s
   677   574 -5723.9055   77 4202 -5394.0000 -5723.9055  6.12%  59.7  230s
   684   578 -5484.6667  171 4202 -5394.0000 -5721.2319  6.07%  59.1  238s
   685   579 -5584.6667  147 4214 -5394.0000 -5720.7623  6.06%  59.0  240s
   702   592 -5720.5566   74 2621 -5394.0000 -5720.5566  6.05%   716  252s
   703   592 -5720.5566   33 4009 -5394.0000 -5720.5566  6.05%   715  276s
   704   593 -5720.5566   45 4109 -5394.0000 -5720.5566  6.05%   714  289s
   705   594 -5720.5566    5 4155 -5394.0000 -5720.5566  6.05%   713  295s
   708   596 -5720.5566   82 4223 -5394.0000 -5720.5566  6.05%   710  300s
   715   600 -5602.6667  142 4210 -5394.0000 -5716.1896  5.97%   703  309s
   716   601 -5715.6743   28 4220 -5394.0000 -5715.6743  5.96%   702  311s
   721   604 -5711.4952   13 4240 -5394.0000 -5711.4952  5.89%   697  319s
   722   605 -5711.0058  100 4260 -5394.0000 -5711.0058  5.88%   696  321s
   729   610 -5708.0417   88 4266 -5394.0000 -5708.0417  5.82%   690  328s
   730   610 -5707.4121   67 4272 -5394.0000 -5707.4121  5.81%   689  331s
   736   614 -5517.6667  162 4294 -5394.0000 -5704.8904  5.76%   683  338s
   737   615 -5704.4377   68 4296 -5394.0000 -5704.4377  5.76%   682  340s
   742   618 -5702.2947   51 4286 -5394.0000 -5702.2947  5.72%   677  346s
   747   622 -5701.7047   24 4332 -5394.0000 -5701.7047  5.70%   673  350s
   749   623 -5699.0686  114 4316 -5394.0000 -5699.0686  5.66%   671  356s
   753   626 -5498.6667  167 4323 -5394.0000 -5697.3869  5.62%   668  362s
   756   628 -5445.3333  182 4326 -5394.0000 -5696.9138  5.62%   665  365s
   760   630 -5695.7745   36 4339 -5394.0000 -5695.7745  5.59%   661  370s
   765   634 -5516.6667  163 4333 -5394.0000 -5694.5722  5.57%   657  375s
   770   637 -5693.5959   56 4358 -5394.0000 -5693.5959  5.55%   653  380s
   776   641 -5692.1482   16 4328 -5394.0000 -5692.1482  5.53%   648  386s
   780   644 -5691.6589   29 4357 -5394.0000 -5691.6589  5.52%   644  390s
   787   648 -5559.6667  151 4386 -5394.0000 -5691.0303  5.51%   639  396s
   792   652 -5588.6667  145 4393 -5394.0000 -5690.4783  5.50%   635  400s
   798   656 -5689.1640    5 4348 -5394.0000 -5689.1640  5.47%   630  406s
   802   658 -5688.7737   74 4369 -5394.0000 -5688.7737  5.46%   627  410s
   807   662 -5687.6735   34 4353 -5394.0000 -5687.6735  5.44%   623  415s
   813   666 -5686.8823    2 4382 -5394.0000 -5686.8823  5.43%   618  420s
   821   671 -5686.1788   13 4384 -5394.0000 -5686.1788  5.42%   612  425s
   827   675 -5685.5621    7 4381 -5394.0000 -5685.5621  5.41%   608  430s
   833   679 -5684.8491   33 4398 -5394.0000 -5684.8491  5.39%   603  435s
   839   683 -5445.3333  182 4391 -5394.0000 -5683.7716  5.37%   599  440s
   846   688 -5683.0111   87 4391 -5394.0000 -5683.0111  5.36%   594  445s
   852   692 -5602.6667  142 4394 -5394.0000 -5682.4375  5.35%   590  450s
   861   698 -5551.6667  155 4413 -5394.0000 -5681.6753  5.33%   584  455s
   867   702 -5680.9276  126 4414 -5394.0000 -5680.9276  5.32%   580  460s
   874   706 -5602.6667  142 4408 -5394.0000 -5680.1489  5.30%   575  465s
   881   711 -5679.5491   73 4412 -5394.0000 -5679.5491  5.29%   571  470s
   888   716 -5679.1038  113 4412 -5394.0000 -5679.1038  5.29%   566  475s
   898   722 -5678.8136    5 4428 -5394.0000 -5678.8136  5.28%   560  480s
   905   727 -5678.3827    5 4426 -5394.0000 -5678.3827  5.27%   555  485s
   914   733 -5677.8523   91 4411 -5394.0000 -5677.8523  5.26%   550  490s
   920   737 -5445.6667  184 4422 -5394.0000 -5677.2910  5.25%   546  495s
   930   744 -5676.8878   67 4428 -5394.0000 -5676.8878  5.24%   541  500s
   937   748 -5676.4033   68 4428 -5394.0000 -5676.4033  5.24%   536  505s
   947   755 -5675.9638   24 4442 -5394.0000 -5675.9638  5.23%   531  510s

Cutting planes:
  Gomory: 31
  MIR: 118
  Flow cover: 1769
  Zero half: 597
  Mod-K: 10
  RLT: 165
  BQP: 230

Explored 950 nodes (953763 simplex iterations) in 512.00 seconds (602.02 work units)
Thread count was 1 (of 72 available processors)

Solution count 4: -5394 -5374 -1490 0 

Time limit reached
Best objective -5.394000000000e+03, best bound -5.674000000000e+03, gap 5.1910%

User-callback calls 17148, time in user-callback 0.08 sec

BQP_SOLUTION, 862, 3842, -1931.000000, 512.000492, 1, -1, 1, -1, 1, -1, 1, 1, 1, -1, -1, -1, -1, 1, 1, -1, 1, -1, 1, 1, 1, -1, -1, -1, -1, 1, 1, 1, -1, 1, 1, -1, 1, -1, 1, -1, -1, 1, 1, -1, -1, -1, 1, -1, 1, -1, 1, -1, -1, 1, 1, -1, -1, 1, -1, 1, 1, -1, -1, 1, -1, -1, 1, -1, -1, 1, -1, 1, -1, 1, -1, -1, -1, -1, -1, -1, -1, -1, -1, -1, -1, -1, 1, 1, -1, 1, -1, -1, 1, -1, -1, -1, -1, 1, -1, -1, -1, 1, -1, -1, 1, -1, -1, 1, 1, -1, -1, -1, -1, 1, -1, -1, 1, -1, -1, 1, -1, -1, 1, -1, -1, 1, -1, -1, 1, -1, -1, 1, -1, -1, 1, -1, 1, 1, 1, -1, 1, -1, 1, 1, 1, -1, 1, -1, 1, 1, -1, 1, 1, 1, 1, 1, -1, 1, 1, -1, 1, 1, -1, -1, 1, -1, 1, 1, -1, 1, 1, -1, 1, 1, -1, 1, -1, 1, 1, 1, -1, -1, 1, -1, 1, 1, 1, -1, 1, -1, -1, 1, 1, -1, 1, -1, -1, 1, -1, 1, -1, 1, 1, 1, 1, -1, 1, -1, 1, 1, -1, 1, -1, 1, 1, 1, -1, -1, 1, 1, 1, 1, 1, 1, 1, -1, 1, 1, -1, 1, 1, 1, 1, -1, 1, 1, 1, 1, 1, -1, -1, 1, 1, 1, 1, -1, 1, 1, -1, 1, 1, 1, -1, 1, -1, 1, 1, -1, 1, 1, -1, 1, 1, -1, -1, 1, -1, 1, 1, -1, -1, 1, -1, 1, 1, -1, -1, 1, -1, 1, 1, -1, -1, 1, -1, 1, 1, 1, 1, 1, -1, 1, 1, -1, 1, -1, -1, 1, 1, -1, 1, 1, 1, 1, 1, -1, 1, -1, 1, 1, 1, 1, 1, -1, -1, 1, 1, -1, 1, 1, -1, 1, 1, 1, -1, 1, -1, 1, 1, 1, 1, 1, -1, 1, 1, -1, 1, -1, -1, 1, -1, 1, -1, 1, -1, 1, 1, 1, -1, 1, -1, 1, 1, 1, -1, 1, 1, 1, -1, 1, -1, 1, -1, 1, 1, -1, 1, -1, -1, 1, 1, 1, -1, 1, -1, 1, 1, -1, -1, 1, -1, 1, 1, -1, -1, 1, -1, 1, 1, -1, -1, 1, -1, 1, -1, 1, -1, 1, -1, 1, 1, 1, -1, 1, -1, 1, 1, -1, -1, 1, -1, 1, 1, 1, -1, 1, -1, 1, -1, 1, -1, -1, -1, 1, 1, -1, -1, 1, -1, 1, 1, 1, -1, 1, 1, 1, -1, 1, -1, -1, -1, 1, 1, -1, -1, -1, -1, 1, -1, 1, -1, -1, 1, 1, -1, -1, -1, -1, -1, 1, 1, 1, -1, -1, -1, 1, -1, -1, -1, -1, 1, -1, 1, -1, 1, -1, 1, 1, -1, -1, -1, -1, -1, 1, -1, -1, -1, -1, -1, 1, -1, -1, -1, -1, -1, 1, -1, -1, -1, 1, -1, -1, -1, -1, -1, -1, 1, -1, -1, -1, -1, 1, 1, -1, -1, -1, 1, -1, 1, -1, 1, -1, -1, -1, -1, -1, -1, -1, -1, -1, 1, -1, -1, -1, 1, -1, 1, -1, -1, -1, -1, -1, 1, -1, -1, 1, -1, -1, 1, -1, -1, -1, -1, -1, -1, -1, -1, -1, -1, -1, -1, 1, -1, 1, -1, 1, -1, 1, -1, 1, -1, 1, -1, 1, -1, 1, 1, -1, 1, 1, -1, 1, -1, -1, -1, 1, -1, 1, -1, 1, -1, 1, -1, 1, 1, -1, -1, 1, -1, 1, -1, -1, -1, 1, 1, 1, -1, 1, -1, 1, -1, 1, 1, -1, -1, 1, 1, 1, 1, 1, -1, 1, 1, 1, 1, 1, -1, 1, 1, 1, 1, 1, -1, 1, 1, 1, 1, 1, 1, 1, 1, 1, 1, 1, 1, 1, 1, 1, -1, 1, 1, 1, -1, 1, 1, 1, 1, 1, -1, 1, 1, 1, 1, 1, 1, -1, 1, 1, 1, 1, 1, 1, 1, -1, 1, 1, 1, 1, -1, 1, 1, 1, -1, 1, 1, 1, 1, 1, 1, -1, 1, -1, 1, -1, 1, -1, -1, -1, 1, 1, 1, 1, -1, 1, 1, 1, -1, 1, -1, 1, 1, 1, -1, 1, -1, -1, 1, 1, -1, -1, -1, 1, 1, 1, -1, -1, 1, -1, 1, -1, -1, -1, -1, 1, 1, -1, -1, 1, -1, 1, 1, -1, -1, -1, 1, -1, 1, -1, -1, -1, -1, 1, 1, -1, -1, -1, 1, -1, -1, 1, 1, -1, 1, -1, -1, 1, -1, 1, 1, -1, 1, -1, -1, 1, 1, -1, -1, 1, -1, -1, 1, -1, 1, 1, -1, -1, 1, 1, 1, 1, 1, 1, 1, 1, 1, -1, -1, 1, 1, 1, 1, -1, -1, 1, 1, -1, 1, 1, 1, 1, 1, 1, 1, 1, -1, 1, 1, 1, 1, 1, 1, 1, 1, 1, 1, 1, 1, -1, 1, 1, 1, 1, 1, -1, 1, 1, 1, 1, 1, 1, 1, 1, 1, 1, 1, -1, 1, 1, 1, 1, -1, 1, 1, 1, 1, 1, -1, 1, -1, 1, -1, 1, 1, -1, 1, 1
BQP_DATA, 862, 3842, -1931.000000, -2211.000000, -5394.000000, -5674.000000, 512.000492, 2525, 950
