Set parameter TSPort to value 51199
Set parameter TokenServer to value "open-license1.lanl.gov"
Set parameter TimeLimit to value 128
Set parameter Threads to value 1
Gurobi Optimizer version 10.0.3 build v10.0.3rc0 (linux64)

CPU model: Intel(R) Xeon(R) CPU E5-2695 v4 @ 2.10GHz, instruction set [SSE2|AVX|AVX2]
Thread count: 36 physical cores, 72 logical processors, using up to 1 threads

Optimize a model with 0 rows, 862 columns and 0 nonzeros
Model fingerprint: 0xd2366e33
Model has 3802 quadratic objective terms
Variable types: 0 continuous, 862 integer (862 binary)
Coefficient statistics:
  Matrix range     [0e+00, 0e+00]
  Objective range  [2e+00, 3e+01]
  QObjective range [8e+00, 8e+00]
  Bounds range     [1e+00, 1e+00]
  RHS range        [0e+00, 0e+00]
Found heuristic solution: objective 0.0000000
Found heuristic solution: objective -1444.000000
Found heuristic solution: objective -5178.000000
Found heuristic solution: objective -5196.000000
Presolve time: 0.26s
Presolved: 3802 rows, 4664 columns, 11406 nonzeros
Variable types: 0 continuous, 4664 integer (4664 binary)

Root relaxation: objective -7.140000e+03, 1062 iterations, 0.02 seconds (0.01 work units)

    Nodes    |    Current Node    |     Objective Bounds      |     Work
 Expl Unexpl |  Obj  Depth IntInf | Incumbent    BestBd   Gap | It/Node Time

     0     0 -7140.0000    0  862 -5196.0000 -7140.0000  37.4%     -    0s
     0     0 -6504.0000    0 1193 -5196.0000 -6504.0000  25.2%     -    0s
     0     0 -6502.0000    0 1194 -5196.0000 -6502.0000  25.1%     -    0s
     0     0 -6366.0000    0 1297 -5196.0000 -6366.0000  22.5%     -    1s
     0     0 -6366.0000    0 1283 -5196.0000 -6366.0000  22.5%     -    1s
     0     2 -6365.9667    0 1283 -5196.0000 -6365.9667  22.5%     -    1s
   411   391 -6310.5000    6 1305 -5196.0000 -6357.0000  22.3%  78.0    5s
   523   498 -5966.3251    7 1901 -5196.0000 -5966.3251  14.8%  79.7   10s
   534   505 -5851.3108   11 2436 -5196.0000 -5851.3108  12.6%  78.1   19s
   535   506 -5467.6667  130 2543 -5196.0000 -5836.4592  12.3%  78.0   21s
   543   511 -5321.0000  161 2780 -5196.0000 -5829.4105  12.2%  76.8   25s
   544   512 -5536.1667  119 2945 -5196.0000 -5771.9069  11.1%  76.7   33s
   545   513 -5760.0808   35 3071 -5196.0000 -5760.0808  10.9%  76.5   37s
   546   513 -5592.1667  108 3134 -5196.0000 -5757.1687  10.8%  76.4   40s
   555   519 -5213.6667  193 3441 -5196.0000 -5713.9905  10.0%  75.1   52s
   556   520 -5706.3485   28 3477 -5196.0000 -5706.3485  9.82%  75.0   57s
   559   522 -5703.1795   11 3583 -5196.0000 -5703.1795  9.76%  74.6   60s
   565   526 -5332.5000  159 3741 -5196.0000 -5668.4120  9.09%  73.8   73s
   566   527 -5663.7238   90 3737 -5196.0000 -5663.7238  9.00%  73.7   77s
   570   529 -5230.6667  186 3837 -5196.0000 -5662.0481  8.97%  73.2   80s
   573   531 -5647.6565   40 3820 -5196.0000 -5647.6565  8.69%  72.8   87s
   574   532 -5433.6667  137 3863 -5196.0000 -5645.1668  8.64%  72.7   90s
   583   538 -5275.6667  174 3891 -5196.0000 -5634.5195  8.44%  71.5  100s
   591   543 -5402.0000  145 3909 -5196.0000 -5622.7478  8.21%  70.6  111s
   593   545 -5619.8037   41 3957 -5196.0000 -5619.8037  8.16%  70.3  115s
   599   549 -5612.4246   82 3954 -5196.0000 -5612.4246  8.01%  69.6  122s
   601   550 -5610.7069   32 3989 -5196.0000 -5610.7069  7.98%  69.4  125s

Cutting planes:
  Gomory: 40
  MIR: 140
  Flow cover: 1166
  Zero half: 685
  Mod-K: 26
  RLT: 190
  BQP: 226

Explored 607 nodes (290530 simplex iterations) in 128.01 seconds (138.62 work units)
Thread count was 1 (of 72 available processors)

Solution count 4: -5196 -5178 -1444 0 

Time limit reached
Best objective -5.196000000000e+03, best bound -5.610000000000e+03, gap 7.9677%

User-callback calls 4402, time in user-callback 0.02 sec

BQP_SOLUTION, 862, 3802, -1858.000000, 128.005433, 1, 1, -1, 1, -1, 1, -1, 1, -1, 1, -1, 1, 1, 1, -1, 1, -1, -1, 1, 1, 1, -1, -1, -1, 1, -1, -1, 1, -1, 1, 1, 1, 1, -1, -1, -1, 1, -1, -1, 1, -1, 1, 1, 1, -1, 1, -1, -1, 1, 1, -1, 1, 1, -1, -1, 1, 1, 1, -1, -1, 1, 1, -1, 1, 1, -1, -1, 1, -1, 1, 1, -1, -1, 1, 1, 1, -1, -1, -1, -1, -1, 1, -1, -1, 1, -1, 1, 1, -1, -1, -1, -1, -1, 1, -1, -1, -1, 1, -1, 1, 1, -1, 1, 1, 1, 1, -1, 1, 1, -1, 1, -1, 1, -1, 1, -1, 1, -1, 1, -1, 1, -1, 1, -1, 1, -1, 1, -1, 1, -1, 1, -1, 1, -1, 1, 1, 1, -1, -1, -1, 1, -1, -1, -1, 1, -1, 1, -1, 1, -1, -1, 1, 1, -1, 1, -1, -1, 1, 1, 1, -1, -1, -1, -1, 1, -1, 1, -1, 1, -1, 1, -1, 1, -1, -1, -1, -1, -1, -1, -1, -1, -1, 1, 1, -1, 1, 1, 1, -1, 1, 1, 1, -1, 1, 1, 1, -1, -1, 1, -1, -1, 1, -1, -1, -1, -1, 1, 1, -1, -1, 1, -1, 1, -1, 1, -1, 1, -1, 1, 1, 1, -1, 1, 1, 1, -1, -1, -1, 1, 1, 1, -1, 1, -1, 1, 1, 1, -1, -1, -1, 1, 1, 1, -1, -1, -1, 1, 1, -1, 1, -1, -1, -1, 1, 1, -1, 1, -1, 1, 1, 1, -1, 1, 1, -1, 1, -1, 1, 1, 1, -1, 1, 1, -1, -1, 1, -1, 1, -1, -1, 1, 1, 1, 1, 1, -1, 1, 1, 1, 1, -1, 1, 1, 1, 1, 1, -1, 1, -1, 1, -1, 1, -1, 1, 1, 1, 1, 1, -1, 1, 1, 1, -1, 1, -1, 1, 1, 1, 1, 1, -1, -1, -1, 1, 1, 1, -1, -1, 1, 1, 1, 1, 1, 1, 1, 1, 1, 1, 1, -1, 1, 1, 1, 1, -1, 1, 1, 1, 1, 1, 1, 1, -1, 1, 1, 1, 1, 1, 1, 1, 1, 1, -1, 1, -1, 1, 1, 1, 1, 1, 1, 1, 1, 1, 1, 1, 1, 1, -1, 1, -1, 1, 1, 1, 1, 1, 1, 1, 1, 1, 1, 1, 1, 1, 1, 1, 1, 1, 1, -1, 1, 1, -1, 1, 1, 1, 1, 1, -1, 1, 1, 1, 1, 1, 1, 1, 1, 1, 1, 1, -1, 1, 1, 1, 1, 1, -1, 1, -1, 1, -1, -1, -1, 1, -1, -1, -1, 1, -1, 1, -1, -1, -1, 1, 1, 1, -1, -1, -1, 1, -1, 1, -1, -1, 1, -1, 1, 1, -1, -1, 1, -1, 1, 1, -1, -1, -1, 1, -1, 1, -1, -1, -1, 1, 1, 1, -1, 1, -1, 1, 1, 1, -1, -1, -1, 1, 1, 1, -1, -1, -1, 1, 1, -1, 1, -1, 1, 1, 1, 1, -1, -1, -1, 1, -1, 1, -1, 1, -1, 1, 1, -1, -1, 1, -1, 1, -1, 1, -1, 1, -1, 1, -1, -1, -1, 1, -1, 1, -1, 1, -1, 1, -1, -1, 1, -1, -1, -1, -1, -1, 1, -1, 1, 1, 1, -1, 1, -1, -1, -1, 1, 1, 1, -1, 1, -1, -1, 1, 1, -1, -1, -1, 1, -1, -1, -1, -1, -1, -1, 1, 1, -1, -1, -1, 1, -1, 1, -1, -1, -1, 1, -1, -1, -1, -1, -1, -1, -1, 1, -1, -1, -1, 1, -1, 1, -1, -1, 1, 1, -1, 1, 1, -1, -1, -1, -1, 1, -1, -1, -1, -1, 1, 1, -1, -1, -1, -1, -1, 1, -1, -1, -1, -1, -1, 1, -1, -1, -1, 1, 1, -1, -1, 1, -1, 1, 1, -1, -1, -1, -1, -1, 1, -1, 1, 1, -1, -1, 1, -1, 1, -1, 1, -1, -1, -1, 1, -1, -1, -1, 1, -1, 1, 1, -1, -1, 1, -1, 1, -1, 1, -1, 1, -1, 1, 1, -1, -1, 1, -1, 1, 1, 1, -1, 1, 1, -1, 1, -1, -1, 1, -1, 1, 1, -1, -1, -1, 1, -1, 1, -1, -1, -1, 1, -1, 1, -1, 1, -1, 1, 1, 1, 1, 1, -1, 1, -1, 1, -1, -1, 1, -1, 1, -1, -1, 1, -1, -1, 1, 1, -1, 1, -1, 1, 1, -1, 1, 1, 1, -1, 1, -1, -1, 1, -1, 1, 1, -1, -1, 1, 1, -1, 1, -1, -1, 1, -1, 1, 1, -1, 1, 1, -1, 1, 1, -1, -1, 1, 1, 1, -1, 1, -1, 1, 1, 1, 1, 1, 1, 1, 1, 1, 1, -1, -1, 1, 1, 1, 1, -1, -1, 1, 1, 1, -1, -1, -1, 1, 1, 1, -1, -1, 1, 1, 1, 1, -1, 1, -1, 1, 1, -1, -1, -1, 1, 1, 1, 1, -1, -1, 1, 1, 1, -1, 1, 1, -1, 1, -1, 1, -1, -1, -1, 1, 1, 1, 1, -1, 1, -1, 1, 1, -1, -1, -1, 1, 1, 1, 1, -1, 1, -1, 1, -1, -1, -1, 1, 1, -1, 1, 1, 1, -1
BQP_DATA, 862, 3802, -1858.000000, -2272.000000, -5196.000000, -5610.000000, 128.005433, 2057, 607
