Set parameter TSPort to value 51199
Set parameter TokenServer to value "open-license1.lanl.gov"
Set parameter TimeLimit to value 128
Set parameter Threads to value 1
Gurobi Optimizer version 10.0.3 build v10.0.3rc0 (linux64)

CPU model: Intel(R) Xeon(R) CPU E5-2695 v4 @ 2.10GHz, instruction set [SSE2|AVX|AVX2]
Thread count: 36 physical cores, 72 logical processors, using up to 1 threads

Optimize a model with 0 rows, 862 columns and 0 nonzeros
Model fingerprint: 0x8acb300b
Model has 3802 quadratic objective terms
Variable types: 0 continuous, 862 integer (862 binary)
Coefficient statistics:
  Matrix range     [0e+00, 0e+00]
  Objective range  [2e+00, 3e+01]
  QObjective range [8e+00, 8e+00]
  Bounds range     [1e+00, 1e+00]
  RHS range        [0e+00, 0e+00]
Found heuristic solution: objective 0.0000000
Found heuristic solution: objective -1480.000000
Found heuristic solution: objective -5138.000000
Found heuristic solution: objective -5198.000000
Presolve time: 0.24s
Presolved: 3802 rows, 4664 columns, 11406 nonzeros
Variable types: 0 continuous, 4664 integer (4664 binary)

Root relaxation: objective -7.092000e+03, 988 iterations, 0.02 seconds (0.01 work units)

    Nodes    |    Current Node    |     Objective Bounds      |     Work
 Expl Unexpl |  Obj  Depth IntInf | Incumbent    BestBd   Gap | It/Node Time

     0     0 -7092.0000    0  862 -5198.0000 -7092.0000  36.4%     -    0s
     0     0 -6451.0000    0 1210 -5198.0000 -6451.0000  24.1%     -    0s
     0     0 -6451.0000    0 1206 -5198.0000 -6451.0000  24.1%     -    0s
     0     0 -6320.7500    0 1295 -5198.0000 -6320.7500  21.6%     -    1s
     0     0 -6320.7500    0 1287 -5198.0000 -6320.7500  21.6%     -    1s
     0     2 -6319.7500    0 1279 -5198.0000 -6319.7500  21.6%     -    1s
   338   340 -5292.0000  170 1573 -5198.0000 -6310.2500  21.4%  96.4    5s
   525   494 -5214.0000  194 1927 -5198.0000 -5945.2992  14.4%  96.4   11s
   532   499 -5734.2500   78 2195 -5198.0000 -5917.1485  13.8%  95.2   15s
   536   502 -5460.0000  126 2333 -5198.0000 -5833.8135  12.2%  94.5   21s
   537   502 -5451.0000  127 2502 -5198.0000 -5818.5124  11.9%  94.3   25s
   546   508 -5437.0000  130 2862 -5198.0000 -5737.8731  10.4%  92.7   36s
   547   509 -5721.9580   79 3062 -5198.0000 -5721.9580  10.1%  92.6   42s
   550   511 -5717.3357   30 3152 -5198.0000 -5717.3357  10.0%  92.0   45s
   556   515 -5666.5000   90 3359 -5198.0000 -5667.6918  9.04%  91.1   58s
   557   516 -5422.0000  134 3519 -5198.0000 -5657.5431  8.84%  90.9   63s
   558   516 -5327.5000  161 3646 -5198.0000 -5655.2630  8.80%  90.7   65s
   566   522 -5622.3337    7 3783 -5198.0000 -5622.3337  8.16%  89.4   80s
   568   523 -5542.0000  111 3861 -5198.0000 -5616.2942  8.05%  89.1   85s
   575   528 -5540.0000  112 3877 -5198.0000 -5592.6945  7.59%  88.0   98s
   576   528 -5478.0000  123 3901 -5198.0000 -5589.4026  7.53%  87.9  102s
   583   533 -5581.8079   30 3883 -5198.0000 -5581.8079  7.38%  86.8  110s
   589   537 -5579.6486   27 3983 -5198.0000 -5579.6486  7.34%  86.0  115s
   591   538 -5574.7263    7 3985 -5198.0000 -5574.7263  7.25%  85.7  121s

Cutting planes:
  Gomory: 37
  MIR: 166
  Flow cover: 1141
  Zero half: 788
  Mod-K: 3
  RLT: 174
  BQP: 212

Explored 595 nodes (300530 simplex iterations) in 128.00 seconds (142.15 work units)
Thread count was 1 (of 72 available processors)

Solution count 4: -5198 -5138 -1480 0 

Time limit reached
Best objective -5.198000000000e+03, best bound -5.574000000000e+03, gap 7.2336%

User-callback calls 4508, time in user-callback 0.02 sec

BQP_SOLUTION, 862, 3802, -1908.000000, 128.000502, 1, 1, -1, 1, -1, 1, 1, -1, 1, 1, 1, 1, 1, -1, 1, 1, 1, 1, 1, 1, -1, 1, 1, 1, 1, -1, -1, 1, -1, 1, 1, 1, -1, 1, 1, -1, 1, -1, 1, 1, -1, 1, 1, 1, -1, 1, 1, 1, -1, 1, 1, -1, 1, 1, 1, 1, -1, 1, 1, -1, 1, 1, 1, 1, 1, 1, 1, 1, -1, 1, 1, 1, 1, -1, 1, 1, -1, 1, 1, 1, 1, 1, 1, 1, 1, 1, 1, 1, -1, -1, -1, 1, -1, 1, 1, 1, 1, 1, 1, 1, -1, 1, -1, 1, -1, 1, -1, 1, 1, 1, 1, 1, -1, 1, 1, -1, 1, 1, -1, -1, -1, 1, 1, 1, -1, 1, -1, 1, 1, 1, -1, -1, -1, -1, 1, 1, -1, 1, 1, -1, 1, 1, -1, -1, -1, 1, 1, -1, -1, 1, 1, -1, 1, 1, -1, -1, -1, -1, 1, 1, -1, 1, -1, -1, 1, 1, -1, 1, 1, -1, 1, 1, -1, -1, -1, -1, 1, -1, -1, -1, -1, 1, 1, 1, -1, 1, -1, -1, 1, -1, -1, 1, 1, -1, 1, -1, -1, -1, -1, 1, 1, -1, -1, -1, -1, 1, 1, -1, -1, -1, -1, 1, 1, -1, -1, -1, -1, 1, -1, -1, -1, -1, 1, 1, 1, 1, -1, -1, 1, 1, -1, 1, -1, -1, -1, 1, -1, 1, -1, -1, 1, 1, -1, -1, -1, 1, 1, 1, 1, 1, -1, 1, 1, 1, -1, 1, -1, 1, 1, 1, -1, 1, -1, 1, 1, 1, 1, 1, 1, -1, 1, 1, 1, -1, -1, -1, 1, -1, -1, 1, -1, 1, 1, 1, -1, 1, -1, 1, 1, -1, 1, 1, -1, 1, 1, 1, -1, -1, 1, 1, 1, -1, -1, 1, -1, 1, 1, -1, -1, 1, 1, 1, 1, 1, -1, 1, -1, 1, 1, -1, -1, 1, -1, 1, 1, 1, -1, 1, 1, 1, 1, -1, -1, 1, 1, 1, 1, 1, -1, 1, 1, -1, 1, -1, -1, 1, 1, 1, -1, -1, -1, -1, 1, 1, 1, 1, -1, 1, 1, -1, 1, -1, -1, 1, 1, 1, -1, -1, -1, 1, -1, 1, -1, 1, -1, 1, -1, 1, -1, 1, -1, 1, -1, 1, -1, 1, -1, 1, -1, -1, 1, 1, 1, -1, 1, 1, -1, -1, -1, 1, -1, 1, -1, 1, -1, 1, 1, 1, -1, -1, -1, -1, 1, 1, 1, -1, 1, -1, 1, 1, -1, 1, 1, -1, -1, 1, -1, 1, 1, -1, -1, -1, 1, 1, -1, 1, 1, -1, 1, -1, 1, -1, -1, 1, -1, 1, -1, -1, -1, -1, 1, 1, 1, -1, -1, -1, -1, 1, -1, -1, -1, 1, 1, -1, -1, -1, -1, 1, 1, -1, -1, -1, -1, 1, 1, 1, -1, 1, -1, -1, 1, -1, -1, 1, 1, -1, 1, 1, -1, -1, -1, -1, 1, 1, -1, -1, -1, -1, 1, -1, -1, 1, 1, 1, 1, -1, -1, 1, -1, -1, 1, -1, -1, 1, -1, -1, 1, -1, 1, 1, -1, 1, 1, -1, -1, 1, 1, -1, 1, -1, -1, 1, 1, -1, 1, -1, -1, 1, 1, -1, -1, 1, -1, 1, 1, -1, 1, -1, 1, 1, 1, -1, 1, -1, -1, 1, 1, 1, 1, -1, -1, 1, 1, 1, -1, 1, -1, 1, 1, -1, 1, -1, 1, 1, -1, 1, -1, 1, -1, 1, 1, -1, 1, -1, 1, -1, -1, -1, -1, -1, 1, -1, 1, -1, -1, 1, -1, 1, 1, -1, -1, 1, 1, -1, -1, 1, -1, -1, -1, 1, -1, -1, -1, -1, 1, -1, 1, -1, -1, 1, 1, -1, -1, -1, -1, -1, 1, -1, 1, -1, -1, -1, 1, -1, -1, -1, 1, -1, 1, 1, 1, -1, 1, -1, 1, 1, -1, -1, -1, 1, 1, -1, -1, -1, -1, 1, 1, 1, 1, -1, 1, 1, 1, 1, -1, -1, -1, 1, 1, -1, -1, -1, 1, 1, 1, -1, -1, 1, -1, 1, 1, 1, -1, 1, 1, 1, 1, 1, -1, -1, 1, 1, 1, 1, -1, -1, 1, 1, -1, 1, -1, -1, 1, 1, 1, 1, 1, -1, 1, 1, -1, 1, -1, 1, 1, 1, -1, 1, -1, 1, 1, 1, 1, -1, -1, 1, 1, -1, -1, 1, 1, 1, 1, -1, -1, 1, -1, 1, 1, -1, -1, 1, -1, 1, 1, -1, -1, 1, -1, 1, 1, -1, -1, -1, 1, 1, 1, -1, -1, -1, -1, 1, 1, -1, -1, -1, 1, -1, 1, -1, 1, -1, -1, 1, 1, 1, -1, -1, -1, -1, 1, 1, 1, 1, 1, -1, -1, -1, 1, -1, -1, 1, 1, 1, -1, 1, 1, 1, -1, 1, -1, -1, -1, 1, 1, 1, -1, -1, -1, 1, 1, 1, -1, 1, 1, 1, 1, 1, -1, 1, -1, -1, 1, 1, 1, 1, -1, -1, 1, 1, -1, 1, -1, 1, -1, 1, 1, 1, -1, 1, 1, 1, -1, -1, -1, -1, -1, 1, 1, 1, 1, 1, -1, 1, -1, 1, -1, 1, -1, 1, 1, -1
BQP_DATA, 862, 3802, -1908.000000, -2284.000000, -5198.000000, -5574.000000, 128.000502, 2135, 595
