Set parameter TSPort to value 51199
Set parameter TokenServer to value "open-license1.lanl.gov"
Set parameter TimeLimit to value 128
Set parameter Threads to value 1
Gurobi Optimizer version 10.0.3 build v10.0.3rc0 (linux64)

CPU model: Intel(R) Xeon(R) CPU E5-2695 v4 @ 2.10GHz, instruction set [SSE2|AVX|AVX2]
Thread count: 36 physical cores, 72 logical processors, using up to 1 threads

Optimize a model with 0 rows, 862 columns and 0 nonzeros
Model fingerprint: 0x9cbd1584
Model has 3762 quadratic objective terms
Variable types: 0 continuous, 862 integer (862 binary)
Coefficient statistics:
  Matrix range     [0e+00, 0e+00]
  Objective range  [2e+00, 3e+01]
  QObjective range [8e+00, 8e+00]
  Bounds range     [1e+00, 1e+00]
  RHS range        [0e+00, 0e+00]
Found heuristic solution: objective 0.0000000
Found heuristic solution: objective -1476.000000
Found heuristic solution: objective -5150.000000
Found heuristic solution: objective -5186.000000
Presolve removed 0 rows and 1 columns
Presolve time: 0.25s
Presolved: 3761 rows, 4622 columns, 11283 nonzeros
Variable types: 0 continuous, 4622 integer (4622 binary)

Root relaxation: objective -7.068000e+03, 1053 iterations, 0.02 seconds (0.01 work units)

    Nodes    |    Current Node    |     Objective Bounds      |     Work
 Expl Unexpl |  Obj  Depth IntInf | Incumbent    BestBd   Gap | It/Node Time

     0     0 -7068.0000    0  861 -5186.0000 -7068.0000  36.3%     -    0s
     0     0 -6456.0000    0 1180 -5186.0000 -6456.0000  24.5%     -    0s
     0     0 -6456.0000    0 1178 -5186.0000 -6456.0000  24.5%     -    0s
     0     0 -6335.6667    0 1284 -5186.0000 -6335.6667  22.2%     -    1s
     0     0 -6335.6667    0 1256 -5186.0000 -6335.6667  22.2%     -    1s
     0     2 -6335.6667    0 1253 -5186.0000 -6335.6667  22.2%     -    1s
   418   393 -6262.3333    9 1323 -5186.0000 -6325.3333  22.0%  82.7    5s
   520   491 -5748.0000   77 1838 -5186.0000 -5939.8245  14.5%  89.4   11s
   530   498 -5814.7468   30 2328 -5186.0000 -5814.7468  12.1%  87.7   20s
   533   500 -5793.5396   22 2583 -5186.0000 -5793.5396  11.7%  87.2   25s
   543   506 -5234.0000  179 2944 -5186.0000 -5719.8611  10.3%  85.6   35s
   545   508 -5708.8512   55 3160 -5186.0000 -5708.8512  10.1%  85.3   40s
   554   514 -5353.0000  147 3555 -5186.0000 -5657.0218  9.08%  83.9   53s
   555   514 -5648.3406   14 3597 -5186.0000 -5648.3406  8.92%  83.8   58s
   556   515 -5646.7318   51 3645 -5186.0000 -5646.7318  8.88%  83.6   60s
   563   520 -5611.1273   67 3762 -5186.0000 -5611.1273  8.20%  82.6   74s
   564   520 -5575.0000  105 3829 -5186.0000 -5605.5861  8.09%  82.4   79s
   565   521 -5604.4754   57 3831 -5186.0000 -5604.4754  8.07%  82.3   81s
   572   526 -5585.1127   17 3826 -5186.0000 -5585.1127  7.70%  81.3   93s
   573   526 -5581.4335   57 3906 -5186.0000 -5581.4335  7.63%  81.1   97s
   577   529 -5580.3424   32 3937 -5186.0000 -5580.3424  7.60%  80.6  100s
   581   532 -5573.0768   51 3894 -5186.0000 -5573.0768  7.46%  80.0  106s
   584   534 -5211.0000  187 3963 -5186.0000 -5571.4213  7.43%  79.6  110s
   588   536 -5567.0376   12 3962 -5186.0000 -5567.0376  7.35%  79.1  116s
   594   540 -5560.3768    9 4006 -5186.0000 -5560.3768  7.22%  78.3  123s
   595   541 -5320.0000  156 4004 -5186.0000 -5558.6699  7.19%  78.1  126s

Cutting planes:
  Gomory: 42
  MIR: 170
  Flow cover: 1092
  Zero half: 784
  Mod-K: 5
  RLT: 146
  BQP: 240

Explored 598 nodes (301933 simplex iterations) in 128.02 seconds (139.17 work units)
Thread count was 1 (of 72 available processors)

Solution count 4: -5186 -5150 -1476 0 

Time limit reached
Best objective -5.186000000000e+03, best bound -5.558000000000e+03, gap 7.1732%

User-callback calls 4547, time in user-callback 0.02 sec

BQP_SOLUTION, 862, 3762, -1880.000000, 128.018856, 1, -1, 1, 1, -1, 1, 1, 1, -1, 1, 1, -1, 1, 1, 1, 1, 1, 1, 1, 1, 1, 1, -1, 1, 1, 1, 1, 1, -1, 1, -1, 1, 1, 1, 1, 1, 1, 1, 1, 1, -1, -1, 1, 1, -1, 1, 1, 1, 1, 1, -1, -1, -1, 1, 1, 1, 1, 1, 1, 1, 1, -1, -1, 1, 1, 1, 1, -1, 1, 1, -1, 1, 1, 1, 1, -1, 1, 1, -1, 1, 1, -1, -1, 1, 1, -1, 1, -1, -1, 1, 1, 1, -1, -1, -1, 1, -1, 1, 1, -1, -1, 1, 1, 1, -1, -1, -1, 1, 1, -1, 1, -1, -1, -1, 1, -1, 1, 1, 1, -1, 1, -1, 1, 1, -1, 1, 1, -1, 1, 1, -1, -1, 1, -1, 1, -1, -1, 1, 1, -1, 1, 1, -1, -1, 1, -1, 1, 1, -1, 1, 1, -1, 1, 1, -1, -1, -1, -1, 1, -1, -1, -1, 1, -1, 1, 1, -1, -1, 1, -1, -1, -1, -1, -1, 1, 1, -1, 1, -1, -1, 1, 1, 1, 1, -1, -1, -1, 1, -1, 1, -1, -1, 1, 1, 1, 1, -1, 1, 1, -1, 1, 1, -1, 1, 1, 1, -1, 1, -1, -1, 1, -1, -1, 1, 1, 1, 1, 1, -1, 1, 1, 1, 1, 1, 1, 1, -1, 1, 1, 1, 1, 1, -1, -1, 1, 1, 1, 1, 1, -1, 1, 1, 1, 1, 1, -1, 1, 1, 1, 1, 1, -1, 1, 1, -1, 1, 1, -1, 1, 1, -1, 1, 1, 1, -1, 1, 1, -1, 1, -1, -1, 1, -1, 1, 1, 1, -1, 1, 1, -1, 1, 1, 1, 1, -1, 1, -1, 1, -1, 1, -1, 1, 1, -1, 1, 1, 1, -1, 1, 1, -1, 1, 1, -1, 1, 1, -1, 1, 1, -1, 1, 1, -1, 1, 1, -1, 1, 1, -1, 1, 1, -1, 1, 1, -1, -1, 1, -1, -1, -1, -1, -1, 1, -1, 1, 1, -1, 1, 1, -1, 1, 1, -1, -1, 1, 1, -1, 1, -1, -1, 1, 1, 1, -1, 1, -1, 1, 1, 1, 1, -1, 1, 1, -1, 1, -1, -1, -1, -1, -1, 1, -1, 1, -1, 1, -1, 1, -1, -1, 1, 1, -1, 1, -1, -1, -1, 1, 1, 1, -1, 1, -1, 1, -1, 1, 1, -1, -1, 1, -1, 1, 1, -1, -1, 1, -1, 1, 1, -1, -1, 1, 1, -1, 1, -1, -1, 1, -1, 1, 1, -1, -1, 1, -1, -1, -1, 1, -1, 1, -1, 1, 1, -1, 1, -1, 1, -1, -1, -1, -1, 1, -1, -1, -1, -1, -1, 1, -1, 1, -1, -1, 1, -1, 1, -1, -1, -1, -1, 1, 1, -1, 1, -1, 1, -1, 1, -1, -1, -1, 1, -1, 1, 1, 1, -1, 1, -1, 1, -1, 1, -1, 1, 1, -1, -1, 1, -1, -1, -1, 1, -1, 1, -1, -1, 1, -1, -1, 1, -1, -1, 1, -1, -1, 1, 1, 1, 1, 1, -1, 1, -1, 1, 1, 1, -1, 1, -1, 1, 1, 1, -1, 1, -1, 1, 1, 1, -1, 1, -1, -1, 1, 1, -1, 1, -1, -1, 1, 1, -1, 1, 1, -1, 1, 1, -1, -1, -1, -1, 1, 1, 1, 1, 1, -1, 1, 1, -1, -1, 1, -1, 1, 1, 1, -1, 1, -1, -1, 1, -1, -1, 1, -1, 1, 1, -1, 1, 1, -1, -1, 1, 1, -1, -1, -1, 1, 1, 1, -1, -1, -1, 1, 1, 1, -1, 1, -1, 1, 1, 1, -1, 1, -1, -1, 1, -1, -1, -1, -1, -1, 1, -1, -1, 1, 1, -1, -1, -1, -1, 1, -1, 1, 1, 1, -1, -1, -1, -1, -1, -1, -1, -1, -1, -1, 1, -1, -1, -1, 1, -1, -1, -1, 1, -1, 1, -1, -1, 1, -1, -1, -1, 1, -1, 1, -1, 1, -1, -1, -1, 1, -1, -1, 1, -1, -1, 1, -1, -1, -1, 1, -1, -1, 1, 1, -1, -1, -1, -1, -1, 1, 1, -1, -1, -1, 1, -1, -1, -1, -1, -1, 1, -1, 1, -1, 1, -1, 1, -1, -1, -1, -1, -1, 1, 1, 1, 1, -1, 1, 1, 1, -1, 1, -1, 1, 1, -1, 1, 1, -1, 1, 1, -1, 1, 1, 1, 1, 1, 1, -1, -1, 1, 1, 1, -1, 1, 1, 1, 1, 1, -1, -1, 1, 1, -1, 1, -1, -1, 1, 1, 1, 1, 1, -1, 1, 1, -1, 1, 1, 1, 1, -1, 1, 1, 1, -1, 1, 1, 1, -1, 1, -1, 1, 1, 1, 1, 1, -1, 1, -1, -1, -1, 1, 1, -1, -1, -1, -1, 1, -1, 1, -1, -1, 1, 1, 1, 1, -1, 1, 1, 1, -1, 1, 1, -1, 1, -1, -1, -1, 1, -1, 1, 1, -1, -1, 1, -1, 1, 1, -1, -1, -1, -1, -1, 1, -1, -1, -1, -1, 1, -1, -1, -1, -1, 1, -1, 1, 1, -1, -1, 1, 1, 1, -1, -1, -1, -1, -1, 1, -1, -1, -1, 1, -1, 1, 1, -1, -1, -1, -1, 1, 1, -1, 1
BQP_DATA, 862, 3762, -1880.000000, -2252.000000, -5186.000000, -5558.000000, 128.018856, 2093, 598
