Set parameter TSPort to value 51199
Set parameter TokenServer to value "open-license1.lanl.gov"
Set parameter TimeLimit to value 128
Set parameter Threads to value 1
Gurobi Optimizer version 10.0.3 build v10.0.3rc0 (linux64)

CPU model: Intel(R) Xeon(R) CPU E5-2695 v4 @ 2.10GHz, instruction set [SSE2|AVX|AVX2]
Thread count: 36 physical cores, 72 logical processors, using up to 1 threads

Optimize a model with 0 rows, 862 columns and 0 nonzeros
Model fingerprint: 0xb543e120
Model has 3827 quadratic objective terms
Variable types: 0 continuous, 862 integer (862 binary)
Coefficient statistics:
  Matrix range     [0e+00, 0e+00]
  Objective range  [2e+00, 3e+01]
  QObjective range [8e+00, 8e+00]
  Bounds range     [1e+00, 1e+00]
  RHS range        [0e+00, 0e+00]
Found heuristic solution: objective 0.0000000
Found heuristic solution: objective -1424.000000
Found heuristic solution: objective -5186.000000
Found heuristic solution: objective -5234.000000
Presolve removed 0 rows and 4 columns
Presolve time: 0.26s
Presolved: 3821 rows, 4679 columns, 11463 nonzeros
Variable types: 0 continuous, 4679 integer (4679 binary)

Root relaxation: objective -7.158000e+03, 1055 iterations, 0.02 seconds (0.01 work units)

    Nodes    |    Current Node    |     Objective Bounds      |     Work
 Expl Unexpl |  Obj  Depth IntInf | Incumbent    BestBd   Gap | It/Node Time

     0     0 -7158.0000    0  858 -5234.0000 -7158.0000  36.8%     -    0s
     0     0 -6528.0000    0 1175 -5234.0000 -6528.0000  24.7%     -    0s
     0     0 -6528.0000    0 1175 -5234.0000 -6528.0000  24.7%     -    0s
     0     0 -6406.7500    0 1296 -5234.0000 -6406.7500  22.4%     -    1s
     0     0 -6406.7500    0 1268 -5234.0000 -6406.7500  22.4%     -    1s
     0     2 -6406.6167    0 1258 -5234.0000 -6406.6167  22.4%     -    1s
   407   385 -5236.0000  195 1632 -5234.0000 -6393.7500  22.2%  78.4    5s
   522   468 -5869.2500   71 1868 -5234.0000 -5979.9465  14.3%  81.6   12s
   531   474 -5348.0000  164 2126 -5234.0000 -5954.8784  13.8%  80.2   15s
   532   475 -5849.3327   29 2421 -5234.0000 -5849.3327  11.8%  80.0   22s
   533   476 -5344.0000  165 2529 -5234.0000 -5834.0577  11.5%  79.9   25s
   542   482 -5764.6068   32 2828 -5234.0000 -5764.6068  10.1%  78.6   38s
   543   482 -5440.5000  141 3012 -5234.0000 -5750.7925  9.87%  78.4   43s
   545   484 -5746.1134   25 3157 -5234.0000 -5746.1134  9.78%  78.1   46s
   553   489 -5694.5040   80 3628 -5234.0000 -5694.5040  8.80%  77.0   59s
   554   490 -5685.4049   29 3689 -5234.0000 -5685.4049  8.62%  76.9   64s
   555   490 -5683.3571   19 3716 -5234.0000 -5683.3571  8.59%  76.7   66s
   562   495 -5600.0000  113 3797 -5234.0000 -5682.1872  8.56%  75.8   70s
   563   496 -5452.5000  139 3813 -5234.0000 -5654.1253  8.03%  75.6   80s
   564   496 -5648.2791   63 3873 -5234.0000 -5648.2791  7.92%  75.5   85s
   571   501 -5580.0000  116 3902 -5234.0000 -5636.3857  7.69%  74.6   95s
   573   502 -5633.2341   24 3920 -5234.0000 -5633.2341  7.63%  74.3  100s
   578   506 -5626.5717   37 3915 -5234.0000 -5626.5717  7.50%  73.7  107s
   579   506 -5286.7500  182 3951 -5234.0000 -5624.3711  7.46%  73.5  110s
   585   510 -5615.9753   67 3955 -5234.0000 -5615.9753  7.30%  72.8  119s
   586   511 -5299.0000  177 3999 -5234.0000 -5614.5498  7.27%  72.7  121s

Cutting planes:
  Gomory: 40
  MIR: 180
  Flow cover: 1150
  Zero half: 751
  Mod-K: 14
  RLT: 174
  BQP: 244

Explored 591 nodes (296231 simplex iterations) in 128.00 seconds (139.84 work units)
Thread count was 1 (of 72 available processors)

Solution count 4: -5234 -5186 -1424 0 

Time limit reached
Best objective -5.234000000000e+03, best bound -5.614000000000e+03, gap 7.2602%

User-callback calls 4232, time in user-callback 0.02 sec

BQP_SOLUTION, 862, 3827, -1901.000000, 128.000768, -1, 1, -1, 1, 1, -1, 1, -1, 1, -1, 1, -1, 1, -1, -1, -1, 1, 1, 1, -1, -1, -1, 1, -1, -1, -1, 1, -1, -1, 1, 1, -1, -1, 1, 1, -1, 1, -1, 1, -1, -1, 1, 1, -1, -1, -1, 1, 1, 1, -1, -1, -1, -1, 1, 1, -1, 1, -1, -1, 1, 1, 1, 1, -1, -1, 1, 1, -1, 1, -1, -1, 1, 1, 1, -1, -1, -1, 1, 1, 1, -1, -1, 1, 1, -1, 1, -1, -1, -1, 1, 1, 1, -1, -1, -1, 1, 1, -1, 1, -1, -1, 1, 1, -1, 1, -1, -1, -1, -1, -1, -1, -1, 1, 1, 1, 1, -1, 1, -1, 1, 1, 1, -1, 1, 1, 1, -1, 1, -1, -1, -1, -1, 1, 1, -1, -1, -1, 1, -1, 1, 1, -1, 1, 1, -1, 1, -1, 1, 1, 1, 1, 1, -1, 1, -1, 1, 1, 1, -1, -1, 1, 1, 1, 1, -1, -1, 1, 1, -1, 1, -1, -1, 1, 1, 1, 1, -1, -1, -1, 1, 1, 1, 1, -1, 1, 1, 1, 1, -1, -1, 1, 1, -1, 1, -1, 1, 1, 1, -1, -1, 1, 1, 1, -1, -1, -1, -1, 1, 1, 1, -1, 1, -1, 1, 1, -1, 1, -1, 1, 1, -1, 1, -1, -1, -1, 1, 1, 1, -1, -1, 1, 1, -1, -1, 1, -1, 1, 1, 1, -1, -1, -1, -1, 1, 1, 1, -1, -1, -1, 1, 1, 1, -1, 1, 1, 1, 1, -1, -1, 1, -1, -1, 1, 1, -1, -1, -1, 1, 1, 1, -1, 1, -1, -1, 1, -1, -1, -1, 1, -1, 1, -1, -1, 1, 1, -1, 1, 1, 1, 1, -1, 1, -1, -1, -1, 1, 1, -1, 1, -1, -1, 1, -1, -1, 1, 1, -1, 1, -1, 1, 1, -1, -1, 1, 1, -1, 1, -1, -1, 1, -1, -1, 1, -1, -1, 1, 1, 1, -1, -1, -1, -1, -1, 1, 1, 1, -1, -1, 1, -1, -1, -1, -1, 1, 1, 1, -1, -1, -1, 1, -1, 1, -1, -1, 1, -1, 1, 1, -1, -1, -1, -1, 1, -1, -1, 1, -1, -1, 1, 1, -1, -1, 1, -1, 1, 1, -1, -1, -1, -1, 1, 1, -1, 1, -1, -1, 1, 1, -1, -1, -1, -1, 1, 1, -1, -1, 1, -1, -1, 1, -1, -1, -1, -1, 1, 1, -1, 1, -1, -1, -1, 1, 1, 1, -1, -1, -1, 1, 1, -1, -1, -1, -1, 1, 1, 1, -1, -1, -1, 1, 1, -1, 1, -1, 1, 1, 1, -1, -1, 1, 1, 1, -1, -1, -1, 1, -1, 1, -1, -1, 1, -1, 1, 1, 1, 1, -1, -1, 1, 1, -1, 1, 1, -1, 1, 1, -1, -1, -1, 1, -1, 1, -1, -1, 1, 1, 1, 1, 1, -1, -1, -1, 1, 1, -1, -1, -1, 1, 1, 1, 1, 1, 1, 1, 1, 1, -1, 1, -1, 1, 1, 1, 1, -1, -1, 1, 1, 1, 1, -1, 1, 1, 1, 1, 1, -1, 1, 1, 1, 1, 1, -1, 1, 1, 1, 1, 1, 1, 1, 1, 1, 1, 1, -1, 1, 1, 1, 1, 1, -1, 1, 1, -1, 1, 1, 1, -1, 1, 1, 1, 1, -1, -1, 1, 1, 1, 1, 1, -1, -1, 1, 1, -1, 1, -1, 1, -1, 1, 1, -1, 1, -1, -1, 1, -1, 1, 1, -1, 1, 1, -1, 1, 1, -1, 1, 1, -1, 1, 1, -1, 1, 1, 1, 1, 1, -1, 1, 1, 1, -1, 1, 1, -1, 1, -1, 1, 1, -1, 1, 1, 1, 1, 1, -1, 1, 1, 1, 1, 1, 1, -1, 1, 1, 1, 1, 1, -1, 1, 1, -1, 1, 1, -1, 1, 1, 1, 1, 1, -1, 1, 1, 1, 1, 1, -1, 1, 1, 1, 1, -1, 1, 1, 1, 1, 1, -1, -1, 1, 1, -1, -1, 1, 1, 1, 1, 1, 1, 1, -1, 1, 1, 1, 1, 1, -1, -1, 1, -1, 1, -1, 1, 1, 1, -1, 1, 1, -1, -1, 1, 1, 1, 1, -1, -1, 1, 1, -1, 1, 1, -1, 1, 1, 1, -1, 1, -1, -1, 1, -1, 1, 1, -1, 1, 1, 1, -1, 1, -1, 1, 1, -1, 1, -1, -1, 1, -1, -1, 1, -1, 1, 1, 1, -1, 1, -1, -1, 1, 1, -1, 1, -1, -1, 1, 1, -1, -1, 1, -1, 1, 1, -1, 1, -1, -1, 1, 1, -1, 1, 1, -1, -1, 1, -1, -1, 1, -1, 1, 1, 1, -1, -1, -1, -1, -1, -1, -1, 1, -1, -1, 1, -1, -1, -1, 1, -1, -1, 1, -1, 1, -1, 1, -1, -1, -1, 1, -1, -1, -1, -1, 1, 1, -1, -1, -1, -1, -1, 1, -1, -1, -1, -1, -1, 1, 1, -1, -1, -1, -1, 1, 1, -1, 1, -1, -1, 1, 1, 1, -1, 1, -1, -1, 1, 1, 1, -1, 1, -1, 1, 1, -1, 1, -1, -1, 1, -1, 1, -1, -1, -1, 1, 1, -1, -1, 1, -1, 1, 1, -1, -1, 1, 1, 1
BQP_DATA, 862, 3827, -1901.000000, -2281.000000, -5234.000000, -5614.000000, 128.000768, 2135, 591
