Set parameter TSPort to value 51199
Set parameter TokenServer to value "open-license1.lanl.gov"
Set parameter TimeLimit to value 128
Set parameter Threads to value 1
Gurobi Optimizer version 10.0.3 build v10.0.3rc0 (linux64)

CPU model: Intel(R) Xeon(R) CPU E5-2695 v4 @ 2.10GHz, instruction set [SSE2|AVX|AVX2]
Thread count: 36 physical cores, 72 logical processors, using up to 1 threads

Optimize a model with 0 rows, 862 columns and 0 nonzeros
Model fingerprint: 0x0dc1b38d
Model has 3772 quadratic objective terms
Variable types: 0 continuous, 862 integer (862 binary)
Coefficient statistics:
  Matrix range     [0e+00, 0e+00]
  Objective range  [2e+00, 3e+01]
  QObjective range [8e+00, 8e+00]
  Bounds range     [1e+00, 1e+00]
  RHS range        [0e+00, 0e+00]
Found heuristic solution: objective 0.0000000
Found heuristic solution: objective -1482.000000
Found heuristic solution: objective -5206.000000
Found heuristic solution: objective -5210.000000
Presolve time: 0.24s
Presolved: 3772 rows, 4634 columns, 11316 nonzeros
Variable types: 0 continuous, 4634 integer (4634 binary)

Root relaxation: objective -7.115000e+03, 1028 iterations, 0.02 seconds (0.01 work units)

    Nodes    |    Current Node    |     Objective Bounds      |     Work
 Expl Unexpl |  Obj  Depth IntInf | Incumbent    BestBd   Gap | It/Node Time

     0     0 -7115.0000    0  862 -5210.0000 -7115.0000  36.6%     -    0s
     0     0 -6492.3333    0 1185 -5210.0000 -6492.3333  24.6%     -    0s
     0     0 -6490.3333    0 1187 -5210.0000 -6490.3333  24.6%     -    0s
     0     0 -6350.3333    0 1299 -5210.0000 -6350.3333  21.9%     -    1s
     0     0 -6350.3333    0 1280 -5210.0000 -6350.3333  21.9%     -    1s
     0     2 -6349.5833    0 1280 -5210.0000 -6349.5833  21.9%     -    1s
   303   305 -5400.0000  152 1638 -5210.0000 -6340.3333  21.7%   119    5s
   516   490 -5476.0000  138 1625 -5210.0000 -6071.7796  16.5%   104   10s
   525   496 -5303.0000  180 2092 -5210.0000 -5926.0269  13.7%   102   16s
   534   502 -5616.5000  107 2453 -5210.0000 -5822.7844  11.8%   100   25s
   536   504 -5588.0000  112 2614 -5210.0000 -5801.8759  11.4%   100   30s
   545   510 -5735.8792   58 3013 -5210.0000 -5735.8792  10.1%  98.5   41s
   546   510 -5724.5895    5 3136 -5210.0000 -5724.5895  9.88%  98.3   46s
   549   512 -5719.7328   53 3288 -5210.0000 -5719.7328  9.78%  97.7   50s
   555   516 -5588.0000  111 3615 -5210.0000 -5672.8750  8.88%  96.7   63s
   556   517 -5269.6667  191 3704 -5210.0000 -5660.6989  8.65%  96.5   69s
   557   518 -5658.7943   27 3733 -5210.0000 -5658.7943  8.61%  96.3   71s
   565   523 -5263.6667  193 3811 -5210.0000 -5630.5250  8.07%  95.0   86s
   566   524 -5624.5714   60 3869 -5210.0000 -5624.5714  7.96%  94.8   91s
   572   528 -5623.1475   38 3928 -5210.0000 -5623.1475  7.93%  93.8   95s
   573   528 -5611.7038   35 3910 -5210.0000 -5611.7038  7.71%  93.6  102s
   574   529 -5610.0108  107 3953 -5210.0000 -5610.0108  7.68%  93.5  105s
   582   534 -5603.0647    2 3913 -5210.0000 -5603.0647  7.54%  92.2  113s
   583   535 -5601.6356  108 3949 -5210.0000 -5601.6356  7.52%  92.0  115s
   589   539 -5503.0000  132 3932 -5210.0000 -5593.1257  7.35%  91.1  124s
   590   540 -5591.4709   52 3945 -5210.0000 -5591.4709  7.32%  91.0  127s

Cutting planes:
  Gomory: 37
  MIR: 172
  Flow cover: 1107
  Zero half: 740
  Mod-K: 12
  RLT: 168
  BQP: 235

Explored 590 nodes (304686 simplex iterations) in 128.00 seconds (136.96 work units)
Thread count was 1 (of 72 available processors)

Solution count 4: -5210 -5206 -1482 0 

Time limit reached
Best objective -5.210000000000e+03, best bound -5.590000000000e+03, gap 7.2937%

User-callback calls 4155, time in user-callback 0.02 sec

BQP_SOLUTION, 862, 3772, -1867.000000, 128.000603, -1, 1, -1, 1, 1, -1, 1, -1, -1, 1, 1, -1, 1, 1, -1, 1, 1, 1, 1, 1, 1, 1, 1, -1, -1, 1, 1, 1, 1, -1, 1, 1, 1, 1, 1, -1, -1, 1, 1, 1, 1, 1, 1, 1, -1, -1, 1, -1, 1, 1, 1, -1, 1, 1, 1, 1, 1, -1, 1, 1, 1, 1, 1, 1, 1, 1, 1, 1, 1, -1, 1, 1, 1, 1, -1, 1, 1, -1, 1, 1, 1, -1, 1, 1, 1, 1, -1, 1, 1, 1, 1, 1, 1, 1, 1, 1, 1, 1, 1, 1, 1, 1, -1, 1, -1, 1, 1, 1, -1, 1, -1, 1, 1, 1, 1, -1, -1, 1, -1, -1, -1, 1, 1, 1, -1, 1, -1, 1, 1, 1, 1, -1, 1, -1, -1, 1, -1, -1, -1, -1, 1, 1, -1, -1, -1, -1, 1, -1, -1, -1, -1, 1, 1, 1, -1, 1, -1, 1, 1, -1, -1, -1, -1, -1, 1, -1, -1, 1, -1, -1, 1, -1, -1, -1, -1, -1, 1, 1, -1, -1, -1, -1, 1, -1, -1, 1, -1, -1, 1, -1, -1, -1, -1, -1, 1, 1, -1, -1, -1, 1, -1, -1, 1, 1, -1, -1, -1, -1, -1, -1, -1, 1, -1, 1, -1, -1, -1, 1, 1, -1, -1, -1, 1, -1, -1, -1, -1, -1, 1, -1, -1, -1, 1, 1, -1, 1, -1, 1, -1, -1, -1, 1, 1, -1, -1, -1, -1, -1, -1, -1, -1, 1, -1, -1, 1, 1, -1, 1, -1, -1, -1, 1, -1, 1, -1, -1, -1, 1, -1, 1, -1, -1, -1, 1, -1, 1, 1, -1, -1, 1, -1, 1, -1, -1, 1, -1, 1, 1, -1, -1, 1, 1, -1, 1, -1, -1, -1, 1, 1, 1, -1, -1, 1, -1, 1, 1, -1, -1, 1, -1, 1, 1, -1, -1, 1, 1, 1, 1, -1, -1, -1, 1, 1, 1, 1, -1, 1, -1, 1, -1, 1, -1, 1, 1, 1, 1, 1, 1, -1, -1, 1, -1, 1, -1, -1, 1, 1, 1, 1, 1, 1, -1, 1, -1, 1, -1, 1, -1, 1, 1, 1, 1, -1, -1, 1, 1, -1, 1, -1, -1, 1, 1, -1, 1, 1, -1, 1, 1, -1, 1, -1, -1, 1, 1, -1, -1, 1, -1, 1, 1, -1, -1, -1, 1, 1, 1, -1, -1, -1, -1, 1, 1, -1, 1, -1, -1, 1, 1, -1, -1, 1, -1, -1, 1, 1, -1, -1, -1, -1, 1, -1, -1, 1, -1, -1, 1, -1, -1, 1, -1, 1, -1, 1, 1, -1, 1, -1, 1, -1, 1, -1, 1, -1, -1, 1, 1, -1, 1, -1, -1, 1, -1, -1, -1, -1, -1, 1, 1, -1, -1, -1, 1, 1, -1, 1, -1, -1, -1, 1, 1, -1, -1, -1, 1, 1, 1, -1, 1, -1, -1, 1, 1, -1, -1, 1, -1, 1, 1, -1, -1, -1, -1, 1, 1, -1, 1, 1, -1, 1, 1, -1, -1, -1, 1, 1, 1, 1, 1, -1, 1, -1, 1, -1, 1, -1, 1, 1, 1, 1, 1, -1, 1, 1, 1, 1, 1, -1, -1, 1, 1, -1, 1, -1, -1, 1, 1, -1, 1, -1, 1, 1, 1, 1, 1, -1, -1, -1, 1, 1, 1, -1, 1, 1, -1, 1, 1, 1, -1, 1, 1, 1, 1, -1, -1, -1, 1, 1, 1, -1, 1, 1, 1, 1, 1, -1, 1, -1, 1, 1, 1, 1, -1, -1, 1, 1, -1, -1, -1, -1, 1, 1, 1, -1, -1, 1, 1, -1, 1, -1, 1, -1, 1, -1, 1, -1, -1, 1, 1, 1, 1, 1, -1, -1, 1, -1, 1, -1, 1, -1, 1, 1, -1, 1, 1, -1, 1, 1, -1, 1, -1, -1, 1, 1, 1, 1, 1, -1, -1, 1, 1, 1, -1, -1, 1, 1, -1, -1, -1, 1, 1, -1, -1, 1, -1, 1, 1, -1, 1, -1, -1, 1, 1, -1, -1, 1, -1, 1, 1, -1, 1, -1, -1, 1, -1, 1, 1, -1, -1, 1, 1, -1, 1, -1, -1, -1, 1, -1, 1, -1, -1, 1, 1, -1, 1, -1, -1, 1, -1, 1, -1, -1, -1, 1, 1, -1, 1, -1, 1, 1, 1, -1, 1, -1, -1, 1, 1, -1, 1, 1, 1, 1, -1, 1, 1, -1, 1, 1, 1, 1, 1, -1, 1, 1, -1, 1, 1, -1, 1, 1, -1, -1, 1, -1, 1, 1, -1, 1, -1, -1, -1, 1, -1, 1, 1, -1, 1, -1, 1, -1, 1, -1, 1, 1, -1, 1, 1, -1, -1, 1, -1, 1, 1, -1, -1, 1, 1, -1, 1, -1, -1, 1, 1, -1, -1, 1, -1, 1, 1, -1, 1, -1, 1, 1, 1, -1, 1, -1, 1, 1, 1, -1, -1, -1, 1, 1, 1, -1, 1, -1, 1, 1, -1, -1, 1, 1, -1, 1, 1, -1, -1, 1, 1, -1, 1, -1, -1, 1, -1, -1, 1, -1, 1, -1, -1, 1, 1, -1, -1, 1, -1, 1, 1, 1, -1, 1, -1, 1, 1, -1, -1, 1, 1, -1, 1, 1, -1, 1, -1, 1, 1, 1, -1
BQP_DATA, 862, 3772, -1867.000000, -2247.000000, -5210.000000, -5590.000000, 128.000603, 2068, 590
