Set parameter TSPort to value 51199
Set parameter TokenServer to value "open-license1.lanl.gov"
Set parameter TimeLimit to value 1024
Set parameter Threads to value 1
Gurobi Optimizer version 10.0.3 build v10.0.3rc0 (linux64)

CPU model: Intel(R) Xeon(R) CPU E5-2695 v4 @ 2.10GHz, instruction set [SSE2|AVX|AVX2]
Thread count: 36 physical cores, 72 logical processors, using up to 1 threads

Optimize a model with 0 rows, 215 columns and 0 nonzeros
Model fingerprint: 0x1ee2de91
Model has 854 quadratic objective terms
Variable types: 0 continuous, 215 integer (215 binary)
Coefficient statistics:
  Matrix range     [0e+00, 0e+00]
  Objective range  [2e+00, 3e+01]
  QObjective range [8e+00, 8e+00]
  Bounds range     [1e+00, 1e+00]
  RHS range        [0e+00, 0e+00]
Found heuristic solution: objective 0.0000000
Found heuristic solution: objective -362.0000000
Found heuristic solution: objective -1234.000000
Found heuristic solution: objective -1236.000000
Presolve removed 0 rows and 1 columns
Presolve time: 0.28s
Presolved: 853 rows, 1067 columns, 2559 nonzeros
Variable types: 0 continuous, 1067 integer (1067 binary)

Root relaxation: objective -1.633000e+03, 272 iterations, 0.00 seconds (0.00 work units)

    Nodes    |    Current Node    |     Objective Bounds      |     Work
 Expl Unexpl |  Obj  Depth IntInf | Incumbent    BestBd   Gap | It/Node Time

     0     0 -1633.0000    0  214 -1236.0000 -1633.0000  32.1%     -    0s
     0     0 -1467.0000    0  313 -1236.0000 -1467.0000  18.7%     -    0s
     0     0 -1466.5000    0  310 -1236.0000 -1466.5000  18.6%     -    0s
     0     0 -1423.7903    0  356 -1236.0000 -1423.7903  15.2%     -    0s
     0     0 -1423.7903    0  344 -1236.0000 -1423.7903  15.2%     -    0s
     0     2 -1423.7258    0  344 -1236.0000 -1423.7258  15.2%     -    0s
   563   502 -1239.5000   39  832 -1236.0000 -1302.8698  5.41%  75.3    5s
   632   549 -1290.0657   13  910 -1236.0000 -1290.0657  4.37%   104   10s
   700   596 -1263.9442   35  712 -1236.0000 -1282.8162  3.79%   148   15s
H  786   605                    -1238.000000 -1282.8098  3.62%   177   18s
   800   604 -1271.9868   27  814 -1238.0000 -1281.2703  3.50%   184   20s
   869   642 -1256.2864   34  744 -1238.0000 -1281.2560  3.49%   215   25s
   968   681 -1277.8989   26  828 -1238.0000 -1279.8769  3.38%   245   30s
  1087   712 -1266.7064   30  759 -1238.0000 -1279.2074  3.33%   261   35s
  1175   735 -1254.1289   36  685 -1238.0000 -1277.5605  3.20%   275   40s
  1296   764 -1265.8631   29  791 -1238.0000 -1276.7651  3.13%   282   45s
  1413   783 -1251.6285   36  739 -1238.0000 -1276.3624  3.10%   288   50s
  1535   820 -1269.8867   28  810 -1238.0000 -1275.4876  3.03%   291   55s
  1646   845 -1250.8606   39  691 -1238.0000 -1274.6182  2.96%   298   60s
  1771   854 -1254.8804   37  678 -1238.0000 -1273.5684  2.87%   301   65s
  1906   884 -1250.3144   34  726 -1238.0000 -1272.8096  2.81%   302   70s
H 1960   789                    -1242.000000 -1272.7159  2.47%   302   72s
  2008   794 -1259.9306   32  780 -1242.0000 -1272.3808  2.45%   305   75s
  2096   801 -1252.4008   35  712 -1242.0000 -1272.0380  2.42%   311   80s
  2221   806 -1268.4798   28  838 -1242.0000 -1271.8209  2.40%   312   85s
  2330   843 -1252.1337   35  705 -1242.0000 -1271.6504  2.39%   314   90s
H 2431   841                    -1244.000000 -1271.3615  2.20%   314   94s
  2452   852 -1250.2018   37  685 -1244.0000 -1271.2268  2.19%   315   95s
  2557   893 -1264.5659   29  788 -1244.0000 -1270.8000  2.15%   316  100s
  2656   946 -1254.8533   34  737 -1244.0000 -1270.6672  2.14%   318  105s
  2756   982     cutoff   37      -1244.0000 -1270.2492  2.11%   320  110s
  2854  1005     cutoff   37      -1244.0000 -1270.2411  2.11%   323  115s
  2964  1035 -1265.5215   29  814 -1244.0000 -1269.8161  2.08%   323  120s
  3059  1074 -1246.6081   36  714 -1244.0000 -1269.6216  2.06%   324  125s
  3162  1105 -1252.8968   33  754 -1244.0000 -1269.4265  2.04%   325  130s
  3256  1139 -1249.1769   37  675 -1244.0000 -1269.2486  2.03%   327  135s
  3361  1175 -1250.9689   35  714 -1244.0000 -1269.0101  2.01%   328  140s
  3461  1208     cutoff   41      -1244.0000 -1268.9218  2.00%   328  145s
  3562  1249 -1258.2637   33  744 -1244.0000 -1268.7256  1.99%   329  150s
  3664  1290 -1258.5640   31  759 -1244.0000 -1268.5688  1.97%   330  155s
  3790  1314 -1264.4885   29  807 -1244.0000 -1268.3847  1.96%   329  160s
  3888  1341 -1256.0664   34  701 -1244.0000 -1268.3046  1.95%   330  165s
  3997  1381 -1260.8260   30  770 -1244.0000 -1268.1441  1.94%   330  170s
  4099  1411 -1251.2769   36  723 -1244.0000 -1267.8794  1.92%   331  175s
  4214  1447     cutoff   41      -1244.0000 -1267.7248  1.91%   330  180s
  4317  1472 -1249.3495   37  692 -1244.0000 -1267.6782  1.90%   331  185s
  4433  1510 -1246.3408   37  692 -1244.0000 -1267.2497  1.87%   331  190s
  4538  1536 -1258.3990   33  720 -1244.0000 -1267.1437  1.86%   331  195s
  4648  1569 -1251.9865   34  747 -1244.0000 -1267.0677  1.85%   332  200s
  4750  1599 -1246.3246   38  681 -1244.0000 -1266.7821  1.83%   332  205s
  4857  1639 -1248.1321   35  716 -1244.0000 -1266.6794  1.82%   332  210s
  4978  1668 -1246.6980   41  633 -1244.0000 -1266.5216  1.81%   331  215s
  5096  1709     cutoff   38      -1244.0000 -1266.4629  1.81%   331  220s
  5213  1729 -1254.9234   31  776 -1244.0000 -1266.3588  1.80%   331  225s
  5312  1767 -1257.9853   31  796 -1244.0000 -1266.1866  1.78%   331  230s
  5424  1793 -1253.4517   33  747 -1244.0000 -1266.0795  1.77%   331  235s
  5537  1821 -1250.4018   35  722 -1244.0000 -1265.9843  1.77%   331  240s
  5659  1838 -1256.8862   33  745 -1244.0000 -1265.8718  1.76%   330  245s
  5772  1880 -1256.5415   33  715 -1244.0000 -1265.7739  1.75%   330  250s
  5878  1909 -1247.9373   35  687 -1244.0000 -1265.6624  1.74%   330  255s
  5989  1936 -1246.9143   36  716 -1244.0000 -1265.6340  1.74%   331  260s
  6120  1965 -1256.8327   34  715 -1244.0000 -1265.5223  1.73%   330  265s
  6233  1995 -1247.1989   35  744 -1244.0000 -1265.4319  1.72%   330  270s
  6344  2021 -1261.4673   31  792 -1244.0000 -1265.3418  1.72%   330  275s
  6465  2052 -1246.3042   36  702 -1244.0000 -1265.2513  1.71%   330  280s
  6575  2074 -1247.8089   34  742 -1244.0000 -1265.1861  1.70%   330  285s
  6699  2097 -1251.7931   35  718 -1244.0000 -1265.1244  1.70%   330  290s
  6818  2135 -1254.6314   34  727 -1244.0000 -1265.0568  1.69%   330  295s
  6945  2146 -1251.4164   33  760 -1244.0000 -1264.9996  1.69%   329  300s
  7057  2179 -1256.3585   34  729 -1244.0000 -1264.8246  1.67%   329  305s
  7170  2210 -1254.3680   32  777 -1244.0000 -1264.7029  1.66%   329  310s
  7272  2242 -1251.6538   34  742 -1244.0000 -1264.5477  1.65%   330  315s
  7388  2264 -1260.0970   30  783 -1244.0000 -1264.4415  1.64%   330  320s
  7509  2297 -1255.6979   36  693 -1244.0000 -1264.3516  1.64%   330  325s
  7631  2327     cutoff   39      -1244.0000 -1264.2658  1.63%   329  330s
  7763  2341 -1261.0192   33  741 -1244.0000 -1264.1774  1.62%   329  335s
  7887  2367 -1257.1651   31  786 -1244.0000 -1264.0594  1.61%   328  340s
  7995  2391 -1249.8737   35  724 -1244.0000 -1263.9561  1.60%   329  345s
  8103  2437 -1246.5241   38  661 -1244.0000 -1263.8859  1.60%   329  350s
  8237  2447 -1251.2068   33  755 -1244.0000 -1263.6817  1.58%   328  355s
  8359  2481 -1249.0007   34  709 -1244.0000 -1263.5938  1.58%   328  360s
  8487  2517 -1249.9474   34  756 -1244.0000 -1263.3343  1.55%   327  365s
  8599  2536 -1251.5653   35  745 -1244.0000 -1263.3056  1.55%   328  370s
  8721  2570 -1253.6971   36  668 -1244.0000 -1263.2149  1.54%   327  375s
  8836  2591 -1256.0097   32  779 -1244.0000 -1263.0744  1.53%   327  380s
  8956  2617 -1248.6387   36  724 -1244.0000 -1262.9569  1.52%   327  385s
  9074  2642 -1246.7466   38  659 -1244.0000 -1262.8810  1.52%   327  390s
  9189  2671 -1253.0389   34  743 -1244.0000 -1262.7939  1.51%   327  395s
  9334  2693     cutoff   34      -1244.0000 -1262.6852  1.50%   326  400s
  9459  2716 -1258.3133   32  750 -1244.0000 -1262.5944  1.49%   326  405s
  9559  2747 -1246.2568   37  711 -1244.0000 -1262.5600  1.49%   326  410s
  9689  2753 -1258.5607   31  760 -1244.0000 -1262.4360  1.48%   326  415s
  9805  2787 -1247.7358   37  716 -1244.0000 -1262.3779  1.48%   326  420s
  9910  2810 -1246.3335   37  729 -1244.0000 -1262.3379  1.47%   326  425s
 10024  2824 -1248.4927   35  747 -1244.0000 -1262.2394  1.47%   326  430s
 10157  2846 -1256.2555   31  793 -1244.0000 -1262.1866  1.46%   326  435s

Cutting planes:
  Gomory: 23
  MIR: 35
  Flow cover: 32
  Zero half: 453
  RLT: 52
  BQP: 89

Explored 10202 nodes (3324287 simplex iterations) in 494.17 seconds (477.19 work units)
Thread count was 1 (of 72 available processors)

Solution count 7: -1244 -1242 -1238 ... 0
No other solutions better than -1244

Optimal solution found (tolerance 1.00e-04)
Best objective -1.244000000000e+03, best bound -1.244000000000e+03, gap 0.0000%

User-callback calls 81934, time in user-callback 0.38 sec

BQP_SOLUTION, 215, 854, -465.000000, 494.167915, 1, -1, 1, -1, -1, 1, 1, -1, -1, 1, -1, -1, 1, -1, -1, 1, -1, 1, 1, -1, -1, 1, -1, -1, 1, 1, -1, 1, -1, -1, 1, 1, -1, 1, 1, -1, 1, -1, -1, 1, -1, -1, 1, 1, 1, 1, -1, -1, 1, 1, -1, 1, 1, -1, 1, 1, -1, 1, -1, -1, -1, 1, -1, -1, 1, -1, 1, 1, 1, 1, 1, -1, 1, 1, -1, 1, 1, -1, 1, 1, -1, -1, 1, -1, -1, 1, -1, 1, 1, -1, 1, 1, -1, 1, 1, -1, 1, -1, 1, -1, 1, 1, 1, 1, 1, -1, 1, -1, 1, -1, -1, 1, -1, -1, 1, -1, -1, -1, -1, -1, 1, -1, -1, -1, -1, -1, -1, 1, 1, -1, 1, -1, -1, 1, -1, -1, -1, 1, -1, -1, 1, -1, -1, -1, -1, 1, -1, 1, 1, 1, -1, 1, 1, -1, 1, 1, -1, -1, 1, -1, -1, 1, -1, -1, 1, 1, -1, 1, 1, -1, 1, -1, -1, 1, 1, 1, 1, 1, -1, 1, -1, 1, 1, 1, -1, 1, 1, -1, 1, 1, 1, 1, 1, 1, 1, 1, 1, 1, 1, -1, 1, 1, 1, 1, 1, 1, 1, 1, 1, -1, 1, -1, 1, 1, 1
BQP_DATA, 215, 854, -465.000000, -465.000000, -1244.000000, -1244.000000, 494.167915, 543, 10202
