Set parameter TSPort to value 51199
Set parameter TokenServer to value "open-license1.lanl.gov"
Set parameter TimeLimit to value 256
Set parameter Threads to value 1
Gurobi Optimizer version 10.0.3 build v10.0.3rc0 (linux64)

CPU model: Intel(R) Xeon(R) CPU E5-2695 v4 @ 2.10GHz, instruction set [SSE2|AVX|AVX2]
Thread count: 36 physical cores, 72 logical processors, using up to 1 threads

Optimize a model with 0 rows, 383 columns and 0 nonzeros
Model fingerprint: 0x91942719
Model has 1587 quadratic objective terms
Variable types: 0 continuous, 383 integer (383 binary)
Coefficient statistics:
  Matrix range     [0e+00, 0e+00]
  Objective range  [2e+00, 3e+01]
  QObjective range [8e+00, 8e+00]
  Bounds range     [1e+00, 1e+00]
  RHS range        [0e+00, 0e+00]
Found heuristic solution: objective 0.0000000
Found heuristic solution: objective -636.0000000
Found heuristic solution: objective -2262.000000
Found heuristic solution: objective -2272.000000
Presolve removed 0 rows and 1 columns
Presolve time: 0.26s
Presolved: 1586 rows, 1968 columns, 4758 nonzeros
Variable types: 0 continuous, 1968 integer (1968 binary)

Root relaxation: objective -2.998000e+03, 460 iterations, 0.01 seconds (0.00 work units)

    Nodes    |    Current Node    |     Objective Bounds      |     Work
 Expl Unexpl |  Obj  Depth IntInf | Incumbent    BestBd   Gap | It/Node Time

     0     0 -2998.0000    0  382 -2272.0000 -2998.0000  32.0%     -    0s
     0     0 -2725.0000    0  524 -2272.0000 -2725.0000  19.9%     -    0s
     0     0 -2721.0000    0  526 -2272.0000 -2721.0000  19.8%     -    0s
     0     0 -2653.7500    0  596 -2272.0000 -2653.7500  16.8%     -    0s
     0     0 -2653.7500    0  576 -2272.0000 -2653.7500  16.8%     -    0s
     0     2 -2653.7500    0  575 -2272.0000 -2653.7500  16.8%     -    1s
   528   463 -2336.0000   62  965 -2272.0000 -2490.6527  9.62%  75.2    5s
   548   477 -2393.2096   38 1570 -2272.0000 -2393.2096  5.33%  72.5   10s
   569   491 -2358.0000   50 1619 -2272.0000 -2368.1809  4.23%  69.8   15s
   591   505 -2358.4344   14 1704 -2272.0000 -2358.4344  3.80%  67.2   20s
   625   528 -2351.5645   30 1730 -2272.0000 -2351.5645  3.50%  63.5   25s
   686   569 -2279.0000   76 1747 -2272.0000 -2346.3185  3.27%  57.9   30s
   750   612 -2342.7044   56  382 -2272.0000 -2342.7044  3.11%   173   35s
   756   616 -2327.0000   65 1698 -2272.0000 -2342.7044  3.11%   171   40s
   788   638 -2340.0085   28 1737 -2272.0000 -2340.0085  2.99%   164   45s
   825   662 -2337.5744   30 1748 -2272.0000 -2337.5744  2.89%   157   50s
   849   680 -2333.7133   20 1655 -2272.0000 -2334.4761  2.75%   207   55s
   857   686 -2320.8753   24 1566 -2272.0000 -2334.4761  2.75%   224   60s
   871   695 -2307.2664   31 1442 -2272.0000 -2334.4761  2.75%   247   65s
   894   710 -2292.7204   43 1325 -2272.0000 -2334.4761  2.75%   266   70s
   942   726 -2332.2777   20 1655 -2272.0000 -2334.4756  2.75%   284   75s
   951   732 -2320.7915   25 1578 -2272.0000 -2334.4756  2.75%   299   80s
   967   743 -2305.8789   33 1438 -2272.0000 -2334.4756  2.75%   316   85s
   997   763 -2290.4207   48 1242 -2272.0000 -2334.4756  2.75%   331   90s
H 1007   730                    -2274.000000 -2334.4756  2.66%   335   91s
  1035   734 -2328.8752   21 1646 -2274.0000 -2332.9688  2.59%   345   95s
  1047   742 -2312.0259   27 1537 -2274.0000 -2332.9688  2.59%   362  100s
  1063   753 -2295.3408   35 1428 -2274.0000 -2332.9688  2.59%   377  105s
  1091   772 -2277.9080   49 1143 -2274.0000 -2332.9688  2.59%   393  110s
  1124   774 -2318.8259   26 1582 -2274.0000 -2332.9673  2.59%   405  115s
  1139   784 -2307.0312   31 1467 -2274.0000 -2332.9673  2.59%   420  120s
  1159   797 -2293.8374   40 1333 -2274.0000 -2332.9673  2.59%   433  125s
  1193   812 -2321.4591   23 1629 -2274.0000 -2330.2713  2.47%   442  130s
  1205   820 -2314.4310   26 1566 -2274.0000 -2330.2713  2.47%   454  135s
  1218   828 -2306.7523   29 1486 -2274.0000 -2330.2713  2.47%   465  140s
  1232   838 -2303.6718   31 1452 -2274.0000 -2330.2713  2.47%   479  145s
  1253   852 -2285.7117   40 1374 -2274.0000 -2330.2713  2.47%   489  150s
  1284   860 -2322.6853   24 1598 -2274.0000 -2330.2703  2.47%   495  155s
  1304   874 -2298.5387   36 1378 -2274.0000 -2330.2703  2.47%   504  160s
  1348   899     cutoff   58      -2274.0000 -2330.2703  2.47%   506  165s
  1374   908 -2293.2227   42 1336 -2274.0000 -2330.0526  2.46%   512  170s
H 1386   854                    -2276.000000 -2330.0526  2.37%   510  170s
  1413   856 -2304.4836   31 1493 -2276.0000 -2329.2746  2.34%   513  175s
  1436   862 -2316.8303   24 1582 -2276.0000 -2329.2742  2.34%   519  180s
  1452   868 -2279.9977   37 1435 -2276.0000 -2329.2742  2.34%   528  185s
  1470   874 -2301.0086   35 1435 -2276.0000 -2328.0086  2.29%   535  190s
  1498   883 -2317.8416   24 1581 -2276.0000 -2328.0063  2.28%   541  195s
  1511   892 -2312.1503   27 1485 -2276.0000 -2328.0063  2.28%   550  200s
  1525   901 -2303.3160   31 1475 -2276.0000 -2328.0063  2.28%   560  205s
  1542   912 -2293.6908   36 1434 -2276.0000 -2328.0063  2.28%   568  210s
  1574   922 -2323.6733   22 1634 -2276.0000 -2327.4917  2.26%   573  215s
  1591   933 -2286.8792   39 1368 -2276.0000 -2327.4917  2.26%   578  220s
  1608   936 -2316.1141   25 1570 -2276.0000 -2326.7257  2.23%   585  225s
  1621   945 -2307.2873   27 1526 -2276.0000 -2326.7257  2.23%   593  230s
  1639   957 -2284.7788   36 1392 -2276.0000 -2326.7257  2.23%   599  235s
  1661   960 -2305.6125   30 1500 -2276.0000 -2326.7120  2.23%   603  240s
  1690   967 -2313.3242   27 1561 -2276.0000 -2326.1276  2.20%   606  245s
  1716   976 -2314.9859   25 1603 -2276.0000 -2325.8540  2.19%   609  250s
  1743   983 -2321.2596   23 1641 -2276.0000 -2325.8532  2.19%   614  255s

Cutting planes:
  Gomory: 15
  MIR: 62
  Flow cover: 735
  Zero half: 286
  RLT: 77
  BQP: 121

Explored 1744 nodes (1073245 simplex iterations) in 256.00 seconds (273.03 work units)
Thread count was 1 (of 72 available processors)

Solution count 6: -2276 -2274 -2272 ... 0

Time limit reached
Best objective -2.276000000000e+03, best bound -2.324000000000e+03, gap 2.1090%

User-callback calls 14160, time in user-callback 0.06 sec

BQP_SOLUTION, 383, 1587, -865.000000, 256.000333, -1, 1, -1, -1, 1, -1, 1, -1, -1, 1, -1, -1, 1, 1, 1, -1, 1, 1, 1, -1, 1, 1, -1, -1, 1, 1, 1, -1, 1, 1, 1, -1, -1, 1, 1, -1, 1, -1, 1, -1, 1, -1, 1, 1, 1, -1, 1, -1, 1, 1, -1, 1, 1, 1, 1, -1, -1, 1, 1, 1, -1, -1, 1, -1, -1, 1, 1, -1, -1, -1, -1, 1, -1, -1, -1, 1, 1, 1, 1, 1, 1, -1, 1, 1, -1, -1, 1, 1, -1, -1, 1, 1, -1, -1, -1, 1, -1, -1, 1, -1, -1, -1, 1, 1, -1, -1, -1, 1, 1, -1, 1, 1, 1, -1, 1, 1, 1, -1, 1, 1, 1, -1, 1, 1, 1, -1, -1, 1, 1, -1, 1, 1, -1, -1, 1, 1, -1, -1, 1, 1, 1, -1, 1, 1, -1, 1, 1, 1, -1, 1, -1, 1, 1, -1, 1, 1, -1, -1, -1, 1, 1, -1, 1, 1, 1, -1, 1, 1, 1, -1, 1, 1, 1, -1, 1, 1, 1, -1, 1, 1, 1, -1, -1, 1, 1, -1, 1, 1, 1, -1, 1, -1, 1, -1, 1, -1, -1, 1, -1, 1, 1, -1, -1, 1, 1, -1, -1, -1, 1, -1, -1, -1, 1, -1, -1, 1, 1, -1, -1, -1, 1, -1, -1, -1, 1, -1, -1, -1, 1, 1, -1, -1, -1, 1, -1, -1, 1, 1, -1, -1, 1, -1, 1, 1, 1, -1, -1, -1, 1, 1, 1, 1, 1, 1, -1, -1, 1, 1, -1, -1, 1, 1, -1, -1, 1, 1, 1, -1, -1, 1, 1, -1, -1, 1, 1, -1, -1, 1, -1, -1, 1, -1, 1, -1, 1, 1, 1, 1, 1, 1, 1, -1, -1, 1, 1, -1, -1, 1, 1, -1, -1, 1, 1, -1, -1, -1, 1, -1, 1, -1, 1, 1, -1, -1, 1, 1, -1, -1, 1, 1, -1, -1, 1, 1, -1, -1, -1, 1, -1, -1, -1, 1, -1, 1, -1, 1, -1, -1, -1, -1, -1, -1, -1, 1, -1, -1, -1, 1, -1, -1, -1, 1, -1, -1, -1, 1, -1, -1, -1, 1, 1, -1, 1, 1, -1, -1, -1, 1, 1, -1, 1, 1, -1, -1, -1, 1, -1, 1, -1, 1, 1, -1, 1
BQP_DATA, 383, 1587, -865.000000, -913.000000, -2276.000000, -2324.000000, 256.000333, 1098, 1744
