Set parameter TSPort to value 51199
Set parameter TokenServer to value "open-license1.lanl.gov"
Set parameter TimeLimit to value 256
Set parameter Threads to value 1
Gurobi Optimizer version 10.0.3 build v10.0.3rc0 (linux64)

CPU model: Intel(R) Xeon(R) CPU E5-2695 v4 @ 2.10GHz, instruction set [SSE2|AVX|AVX2]
Thread count: 36 physical cores, 72 logical processors, using up to 1 threads

Optimize a model with 0 rows, 383 columns and 0 nonzeros
Model fingerprint: 0xce9c8a17
Model has 1587 quadratic objective terms
Variable types: 0 continuous, 383 integer (383 binary)
Coefficient statistics:
  Matrix range     [0e+00, 0e+00]
  Objective range  [2e+00, 3e+01]
  QObjective range [8e+00, 8e+00]
  Bounds range     [1e+00, 1e+00]
  RHS range        [0e+00, 0e+00]
Found heuristic solution: objective 0.0000000
Found heuristic solution: objective -654.0000000
Found heuristic solution: objective -2262.000000
Found heuristic solution: objective -2274.000000
Presolve removed 0 rows and 4 columns
Presolve time: 0.23s
Presolved: 1580 rows, 1959 columns, 4740 nonzeros
Variable types: 0 continuous, 1959 integer (1959 binary)

Root relaxation: objective -3.027000e+03, 494 iterations, 0.01 seconds (0.00 work units)

    Nodes    |    Current Node    |     Objective Bounds      |     Work
 Expl Unexpl |  Obj  Depth IntInf | Incumbent    BestBd   Gap | It/Node Time

     0     0 -3027.0000    0  379 -2274.0000 -3027.0000  33.1%     -    0s
     0     0 -2741.0000    0  532 -2274.0000 -2741.0000  20.5%     -    0s
     0     0 -2740.0000    0  539 -2274.0000 -2740.0000  20.5%     -    0s
     0     0 -2674.0000    0  583 -2274.0000 -2674.0000  17.6%     -    0s
     0     0 -2674.0000    0  573 -2274.0000 -2674.0000  17.6%     -    0s
     0     2 -2674.0000    0  573 -2274.0000 -2674.0000  17.6%     -    0s
   521   481 -2334.0000   57  969 -2274.0000 -2510.8074  10.4%  89.5    5s
   543   495 -2416.5797    4 1574 -2274.0000 -2416.5797  6.27%  85.9   10s
   557   505 -2387.6416    6 1669 -2274.0000 -2387.6416  5.00%  83.7   15s
   574   516 -2375.6741   16 1720 -2274.0000 -2375.6741  4.47%  81.2   20s
   598   532 -2367.7029   46 1741 -2274.0000 -2367.7029  4.12%  78.0   25s
   644   563 -2285.0000   71 1787 -2274.0000 -2362.4109  3.89%  72.4   30s
   700   600 -2358.8673   45 1784 -2274.0000 -2358.8673  3.73%  66.6   35s
   720   614 -2358.3541   25 1735 -2274.0000 -2358.3541  3.71%   197   40s
   743   630 -2357.0535    4 1806 -2274.0000 -2357.0535  3.65%   191   45s
   769   647 -2355.0539   32 1806 -2274.0000 -2355.0539  3.56%   185   50s
   809   674 -2351.9144   13 1803 -2274.0000 -2351.9144  3.43%   175   55s
   835   691 -2350.5182   49 1784 -2274.0000 -2350.5182  3.36%   170   60s
   844   699 -2340.0530   35 1645 -2274.0000 -2348.2094  3.26%   251   65s
   854   706 -2329.1647   40 1586 -2274.0000 -2348.2094  3.26%   272   70s
   869   716 -2316.3938   47 1487 -2274.0000 -2348.2094  3.26%   293   75s
   893   732 -2292.1067   59 1352 -2274.0000 -2348.2094  3.26%   311   80s
   927   747 -2346.5029   32 1734 -2274.0000 -2348.1478  3.26%   322   85s
   934   752 -2332.6853   36 1680 -2274.0000 -2348.1478  3.26%   341   90s
   943   758 -2324.6279   40 1615 -2274.0000 -2348.1478  3.26%   357   96s
   957   767 -2310.3053   47 1535 -2274.0000 -2348.1478  3.26%   372  100s
   981   783 -2296.8247   59 1402 -2274.0000 -2348.1478  3.26%   386  105s
  1020   797 -2343.8575   32 1742 -2274.0000 -2345.9281  3.16%   404  110s
  1028   803 -2331.0809   36 1665 -2274.0000 -2345.9281  3.16%   418  115s
  1038   809 -2321.8279   41 1574 -2274.0000 -2345.9281  3.16%   435  120s
  1057   822 -2301.1911   51 1409 -2274.0000 -2345.9281  3.16%   449  125s
  1092   845 -2279.3164   68 1246 -2274.0000 -2345.9281  3.16%   457  130s
  1109   849 -2332.8146   37 1638 -2274.0000 -2345.9266  3.16%   468  135s
  1120   856 -2325.9614   40 1571 -2274.0000 -2345.9266  3.16%   483  140s
  1134   865 -2315.1521   44 1512 -2274.0000 -2345.9266  3.16%   495  145s
  1156   880 -2307.4039   48 1447 -2274.0000 -2345.9266  3.16%   505  150s
  1186   900 -2294.6632   59 1302 -2274.0000 -2345.9266  3.16%   513  155s
  1231   930 -2277.9709   69 1247 -2274.0000 -2345.9266  3.16%   515  160s
  1248   927 -2332.6841   36 1659 -2274.0000 -2343.2793  3.05%   525  165s
  1259   935 -2321.3726   41 1567 -2274.0000 -2343.2793  3.05%   535  170s
  1273   944 -2309.9659   47 1459 -2274.0000 -2343.2793  3.05%   546  175s
  1296   959 -2292.7367   56 1382 -2274.0000 -2343.2793  3.05%   554  180s
  1336   984 -2278.1871   71 1269 -2274.0000 -2343.2793  3.05%   556  185s
  1356   983 -2323.7597   40 1576 -2274.0000 -2343.2792  3.05%   562  190s
  1375   996 -2311.8165   48 1492 -2274.0000 -2343.2792  3.05%   569  195s
  1404  1015 -2296.0825   56 1368 -2274.0000 -2343.2792  3.05%   574  200s
  1442  1041 -2281.4997   67 1261 -2274.0000 -2343.2792  3.05%   576  205s
  1469  1043 -2324.1656   40 1598 -2274.0000 -2341.7921  2.98%   579  210s
  1509  1051 -2337.6483   34 1731 -2274.0000 -2341.7917  2.98%   580  215s
  1522  1060 -2311.6459   47 1511 -2274.0000 -2341.7917  2.98%   586  220s
  1550  1072 -2330.8783   37 1672 -2274.0000 -2341.5440  2.97%   589  225s
  1570  1085 -2287.7505   57 1414 -2274.0000 -2341.5440  2.97%   595  230s
  1590  1088 -2316.4877   44 1511 -2274.0000 -2341.5408  2.97%   600  235s
H 1599   939                    -2284.000000 -2341.5408  2.52%   601  236s
  1618   946 -2334.3414   36 1661 -2284.0000 -2340.7845  2.49%   602  240s
  1630   954 -2321.5912   41 1580 -2284.0000 -2340.7845  2.49%   609  245s
  1648   966 -2311.6822   43 1557 -2284.0000 -2340.7845  2.49%   616  250s
  1668   979 -2304.0439   52 1410 -2284.0000 -2340.7845  2.49%   621  255s
H 1671   914                    -2286.000000 -2340.7845  2.40%   621  255s

Cutting planes:
  Gomory: 12
  MIR: 70
  Flow cover: 825
  Zero half: 327
  Mod-K: 1
  RLT: 72
  BQP: 101

Explored 1674 nodes (1043743 simplex iterations) in 256.00 seconds (280.39 work units)
Thread count was 1 (of 72 available processors)

Solution count 6: -2286 -2284 -2274 ... 0

Time limit reached
Best objective -2.286000000000e+03, best bound -2.340000000000e+03, gap 2.3622%

User-callback calls 15833, time in user-callback 0.08 sec

BQP_SOLUTION, 383, 1587, -844.000000, 256.000440, -1, 1, -1, 1, -1, 1, 1, -1, -1, 1, -1, 1, 1, -1, 1, -1, 1, 1, 1, -1, -1, -1, 1, 1, 1, -1, -1, -1, -1, -1, 1, -1, 1, -1, 1, 1, 1, -1, 1, -1, 1, -1, -1, -1, 1, 1, -1, -1, 1, -1, -1, 1, 1, -1, 1, -1, 1, -1, -1, -1, 1, -1, -1, -1, 1, 1, -1, -1, 1, 1, -1, -1, 1, 1, -1, -1, 1, 1, -1, -1, 1, 1, -1, -1, 1, 1, -1, -1, 1, 1, -1, -1, -1, 1, 1, -1, 1, 1, -1, -1, 1, 1, -1, -1, 1, 1, -1, -1, 1, 1, -1, -1, 1, 1, -1, -1, 1, 1, -1, -1, 1, 1, 1, -1, 1, 1, -1, -1, 1, 1, -1, 1, 1, 1, -1, 1, -1, 1, -1, 1, 1, 1, -1, 1, 1, -1, -1, 1, 1, -1, -1, -1, 1, -1, -1, 1, 1, 1, -1, -1, 1, 1, -1, -1, 1, 1, 1, -1, 1, 1, -1, 1, -1, 1, -1, -1, 1, 1, -1, -1, -1, -1, -1, -1, 1, 1, -1, -1, -1, 1, 1, 1, -1, 1, 1, -1, 1, -1, 1, -1, -1, -1, 1, -1, -1, -1, 1, -1, -1, -1, 1, -1, -1, -1, 1, 1, -1, -1, 1, 1, -1, -1, 1, 1, -1, -1, 1, 1, -1, -1, -1, 1, -1, -1, -1, 1, -1, -1, 1, 1, -1, -1, 1, -1, -1, -1, 1, 1, -1, -1, 1, 1, -1, -1, 1, 1, -1, -1, -1, 1, -1, -1, 1, 1, -1, 1, 1, 1, 1, -1, -1, 1, 1, -1, -1, -1, 1, 1, -1, -1, 1, -1, -1, -1, 1, -1, -1, 1, 1, -1, -1, -1, 1, -1, -1, 1, 1, -1, 1, 1, 1, 1, -1, 1, 1, -1, -1, -1, 1, 1, -1, 1, 1, 1, -1, 1, 1, 1, -1, -1, 1, 1, 1, -1, 1, 1, 1, 1, 1, 1, 1, 1, 1, 1, -1, 1, 1, 1, 1, 1, 1, 1, 1, 1, 1, 1, 1, 1, 1, 1, -1, 1, 1, 1, 1, -1, 1, 1, 1, -1, 1, 1, 1, 1, 1, 1, 1, 1, 1, 1, 1, 1, -1, 1, -1, 1, 1, 1, 1, 1, -1, 1, 1
BQP_DATA, 383, 1587, -844.000000, -898.000000, -2286.000000, -2340.000000, 256.000440, 1235, 1674
