Set parameter TSPort to value 51199
Set parameter TokenServer to value "open-license1.lanl.gov"
Set parameter TimeLimit to value 256
Set parameter Threads to value 1
Gurobi Optimizer version 10.0.3 build v10.0.3rc0 (linux64)

CPU model: Intel(R) Xeon(R) CPU E5-2695 v4 @ 2.10GHz, instruction set [SSE2|AVX|AVX2]
Thread count: 36 physical cores, 72 logical processors, using up to 1 threads

Optimize a model with 0 rows, 383 columns and 0 nonzeros
Model fingerprint: 0xc01299a6
Model has 1638 quadratic objective terms
Variable types: 0 continuous, 383 integer (383 binary)
Coefficient statistics:
  Matrix range     [0e+00, 0e+00]
  Objective range  [2e+00, 3e+01]
  QObjective range [8e+00, 8e+00]
  Bounds range     [1e+00, 1e+00]
  RHS range        [0e+00, 0e+00]
Found heuristic solution: objective 0.0000000
Found heuristic solution: objective -652.0000000
Found heuristic solution: objective -2202.000000
Found heuristic solution: objective -2216.000000
Presolve time: 0.23s
Presolved: 1638 rows, 2021 columns, 4914 nonzeros
Variable types: 0 continuous, 2021 integer (2021 binary)

Root relaxation: objective -3.022000e+03, 485 iterations, 0.01 seconds (0.00 work units)

    Nodes    |    Current Node    |     Objective Bounds      |     Work
 Expl Unexpl |  Obj  Depth IntInf | Incumbent    BestBd   Gap | It/Node Time

     0     0 -3022.0000    0  383 -2216.0000 -3022.0000  36.4%     -    0s
     0     0 -2728.0000    0  540 -2216.0000 -2728.0000  23.1%     -    0s
     0     0 -2725.5000    0  547 -2216.0000 -2725.5000  23.0%     -    0s
     0     0 -2664.0000    0  596 -2216.0000 -2664.0000  20.2%     -    0s
     0     0 -2664.0000    0  588 -2216.0000 -2664.0000  20.2%     -    0s
     0     2 -2662.0000    0  588 -2216.0000 -2662.0000  20.1%     -    0s
   522   467 -2478.0000   19  976 -2216.0000 -2491.6527  12.4%  86.1    5s
   547   484 -2366.5000   36 1601 -2216.0000 -2384.7676  7.62%  82.1   10s
   561   493 -2360.6088    7 1687 -2216.0000 -2360.6088  6.53%  80.1   15s
   574   502 -2348.1994   31 1767 -2216.0000 -2348.1994  5.97%  78.3   20s
   597   517 -2340.7761   42 1786 -2216.0000 -2340.7761  5.63%  75.2   25s
   636   543 -2312.5000   55 1807 -2216.0000 -2333.1379  5.29%  70.6   30s
   679   572 -2327.8889   38 1855 -2216.0000 -2327.8889  5.05%  66.2   35s
   726   605 -2261.0000   65 1156 -2216.0000 -2324.2134  4.88%   203   40s
   728   606 -2324.2134   40 1797 -2216.0000 -2324.2134  4.88%   203   45s
   749   620 -2275.0000   60 1865 -2216.0000 -2321.0694  4.74%   197   50s
   770   634 -2317.7752    6 1881 -2216.0000 -2317.7752  4.59%   192   55s
   803   656 -2314.8002    9 1875 -2216.0000 -2314.8002  4.46%   184   60s
   824   670 -2313.9835    8 1885 -2216.0000 -2313.9835  4.42%   179   69s
   825   673 -2311.5961   19 1828 -2216.0000 -2313.8641  4.42%   250   70s
   832   678 -2303.7028   22 1757 -2216.0000 -2311.1645  4.29%   266   75s
   841   684 -2292.2835   27 1661 -2216.0000 -2311.1645  4.29%   286   80s
   853   692 -2279.9766   33 1565 -2216.0000 -2311.1645  4.29%   304   85s
   870   703 -2262.2205   41 1434 -2216.0000 -2311.1645  4.29%   325   90s
   898   722 -2243.6361   55 1345 -2216.0000 -2311.1645  4.29%   341   95s
   939   737 -2309.0977   20 1814 -2216.0000 -2311.1645  4.29%   351  100s
   948   743 -2297.2466   25 1699 -2216.0000 -2311.1645  4.29%   365  105s
   961   752 -2281.4214   31 1614 -2216.0000 -2311.1645  4.29%   380  110s
   974   760 -2265.4789   38 1543 -2216.0000 -2311.1645  4.29%   397  115s
   993   773 -2250.1181   47 1449 -2216.0000 -2311.1645  4.29%   413  120s
  1029   797 -2236.4190   65 1260 -2216.0000 -2311.1645  4.29%   421  125s
  1068   811 -2304.5257   21 1799 -2216.0000 -2308.5715  4.18%   428  130s
  1077   817 -2293.1487   26 1677 -2216.0000 -2308.5715  4.18%   440  135s
  1089   825 -2280.2764   32 1595 -2216.0000 -2308.5715  4.18%   451  140s
  1108   838 -2259.5197   41 1479 -2216.0000 -2308.5715  4.18%   463  145s
  1134   855 -2229.5230   54 1358 -2216.0000 -2308.5715  4.18%   475  150s
  1179   875 -2305.4288   21 1783 -2216.0000 -2308.5709  4.18%   484  155s
  1186   880 -2298.6081   23 1723 -2216.0000 -2308.5709  4.18%   497  160s
  1194   885 -2289.7029   26 1693 -2216.0000 -2308.5709  4.18%   507  165s
  1206   893 -2281.5354   29 1625 -2216.0000 -2308.5709  4.18%   517  170s
  1221   903 -2273.0445   34 1557 -2216.0000 -2308.5709  4.18%   528  175s
  1238   914 -2258.7667   40 1490 -2216.0000 -2308.5709  4.18%   538  180s
  1260   929 -2248.7684   47 1380 -2216.0000 -2308.5709  4.18%   546  185s
  1301   956 -2230.6627   58 1199 -2216.0000 -2308.5709  4.18%   547  190s
  1336   964 -2301.3270   22 1741 -2216.0000 -2307.2968  4.12%   549  195s
  1346   970 -2291.5976   25 1669 -2216.0000 -2307.2968  4.12%   558  200s
  1361   980 -2276.4719   32 1551 -2216.0000 -2307.2968  4.12%   565  205s
  1378   992 -2267.8517   35 1548 -2216.0000 -2307.2968  4.12%   572  210s
  1394  1002 -2257.6807   38 1505 -2216.0000 -2307.2968  4.12%   580  215s
  1415  1016 -2249.2842   43 1451 -2216.0000 -2307.2968  4.12%   587  220s
  1445  1036 -2236.9270   52 1307 -2216.0000 -2307.2968  4.12%   590  225s
  1488  1059 -2220.4368   66 1188 -2216.0000 -2307.2968  4.12%   589  230s
  1504  1060 -2296.1593   25 1699 -2216.0000 -2307.2920  4.12%   594  235s
  1516  1068 -2288.8027   28 1643 -2216.0000 -2307.2920  4.12%   601  240s
  1527  1075 -2281.4241   31 1613 -2216.0000 -2307.2920  4.12%   608  245s
  1540  1084 -2275.7319   33 1606 -2216.0000 -2307.2920  4.12%   617  250s
  1558  1096 -2269.2525   37 1537 -2216.0000 -2307.2920  4.12%   623  255s

Cutting planes:
  Gomory: 17
  MIR: 70
  Flow cover: 858
  Zero half: 300
  Mod-K: 2
  RLT: 66
  BQP: 108

Explored 1563 nodes (977848 simplex iterations) in 256.00 seconds (286.41 work units)
Thread count was 1 (of 72 available processors)

Solution count 4: -2216 -2202 -652 0 

Time limit reached
Best objective -2.216000000000e+03, best bound -2.306000000000e+03, gap 4.0614%

User-callback calls 12515, time in user-callback 0.06 sec

BQP_SOLUTION, 383, 1638, -832.000000, 256.000467, 1, 1, -1, 1, 1, 1, -1, -1, 1, 1, 1, 1, 1, 1, -1, -1, 1, 1, -1, -1, 1, 1, 1, -1, 1, 1, 1, -1, 1, 1, -1, -1, 1, 1, 1, -1, 1, 1, 1, -1, 1, -1, 1, -1, 1, 1, 1, -1, 1, 1, -1, -1, 1, 1, -1, -1, 1, 1, 1, -1, 1, -1, 1, -1, 1, 1, 1, -1, 1, -1, 1, -1, 1, 1, 1, -1, -1, 1, 1, -1, 1, 1, 1, 1, 1, 1, 1, -1, 1, 1, 1, 1, 1, 1, 1, -1, 1, 1, 1, -1, -1, 1, 1, -1, -1, 1, 1, -1, 1, 1, 1, 1, 1, 1, 1, 1, -1, 1, 1, -1, 1, -1, 1, 1, 1, 1, 1, 1, 1, 1, -1, 1, 1, 1, -1, 1, 1, -1, 1, 1, 1, 1, -1, 1, -1, 1, -1, 1, 1, 1, -1, 1, -1, -1, -1, 1, -1, 1, -1, 1, -1, -1, -1, 1, 1, -1, 1, 1, 1, -1, -1, 1, -1, 1, -1, -1, 1, -1, 1, 1, -1, -1, 1, 1, -1, 1, -1, 1, -1, -1, -1, -1, -1, -1, -1, -1, -1, -1, -1, -1, -1, -1, -1, -1, 1, -1, -1, -1, -1, 1, -1, -1, -1, -1, -1, -1, -1, -1, -1, -1, -1, -1, 1, -1, -1, 1, -1, -1, 1, -1, -1, -1, -1, -1, -1, -1, 1, -1, 1, -1, -1, -1, 1, -1, -1, 1, -1, -1, -1, 1, 1, 1, -1, -1, -1, -1, -1, -1, 1, -1, 1, -1, 1, -1, -1, -1, 1, -1, -1, 1, 1, -1, -1, -1, 1, -1, -1, -1, 1, -1, -1, -1, 1, -1, -1, -1, 1, 1, -1, 1, 1, 1, 1, -1, 1, -1, -1, 1, 1, -1, -1, -1, 1, -1, -1, -1, 1, 1, -1, -1, 1, 1, -1, -1, 1, 1, -1, -1, 1, -1, 1, 1, -1, 1, 1, -1, 1, 1, -1, -1, -1, 1, 1, -1, 1, 1, 1, 1, -1, 1, -1, -1, 1, 1, 1, 1, 1, -1, 1, 1, -1, 1, 1, -1, 1, 1, 1, 1, 1, -1, 1, -1, 1, 1, 1, -1, 1, 1, 1, 1, 1, 1, 1, -1, 1, 1, 1, 1, -1, -1, 1, -1, 1
BQP_DATA, 383, 1638, -832.000000, -922.000000, -2216.000000, -2306.000000, 256.000467, 1247, 1563
