Set parameter TSPort to value 51199
Set parameter TokenServer to value "open-license1.lanl.gov"
Set parameter TimeLimit to value 512
Set parameter Threads to value 1
Gurobi Optimizer version 10.0.3 build v10.0.3rc0 (linux64)

CPU model: Intel(R) Xeon(R) CPU E5-2695 v4 @ 2.10GHz, instruction set [SSE2|AVX|AVX2]
Thread count: 36 physical cores, 72 logical processors, using up to 1 threads

Optimize a model with 0 rows, 383 columns and 0 nonzeros
Model fingerprint: 0x05840f1b
Model has 1595 quadratic objective terms
Variable types: 0 continuous, 383 integer (383 binary)
Coefficient statistics:
  Matrix range     [0e+00, 0e+00]
  Objective range  [2e+00, 3e+01]
  QObjective range [8e+00, 8e+00]
  Bounds range     [1e+00, 1e+00]
  RHS range        [0e+00, 0e+00]
Found heuristic solution: objective 0.0000000
Found heuristic solution: objective -646.0000000
Found heuristic solution: objective -2188.000000
Found heuristic solution: objective -2210.000000
Presolve removed 0 rows and 1 columns
Presolve time: 0.21s
Presolved: 1594 rows, 1976 columns, 4782 nonzeros
Variable types: 0 continuous, 1976 integer (1976 binary)

Root relaxation: objective -2.965000e+03, 475 iterations, 0.01 seconds (0.00 work units)

    Nodes    |    Current Node    |     Objective Bounds      |     Work
 Expl Unexpl |  Obj  Depth IntInf | Incumbent    BestBd   Gap | It/Node Time

     0     0 -2965.0000    0  382 -2210.0000 -2965.0000  34.2%     -    0s
     0     0 -2710.0000    0  510 -2210.0000 -2710.0000  22.6%     -    0s
     0     0 -2705.0000    0  514 -2210.0000 -2705.0000  22.4%     -    0s
     0     0 -2645.5000    0  558 -2210.0000 -2645.5000  19.7%     -    0s
     0     0 -2645.5000    0  552 -2210.0000 -2645.5000  19.7%     -    0s
     0     2 -2645.5000    0  551 -2210.0000 -2645.5000  19.7%     -    0s
   527   480 -2431.7568   24 1088 -2210.0000 -2431.7568  10.0%  73.2    5s
   546   492 -2364.4334   13 1571 -2210.0000 -2364.4334  6.99%  70.6   10s
   560   502 -2333.4280   10 1652 -2210.0000 -2333.4280  5.58%  68.9   15s
   578   514 -2317.5000   44 1694 -2210.0000 -2322.9872  5.11%  66.7   20s
   605   532 -2252.5000   60 1744 -2210.0000 -2313.5903  4.69%  63.7   25s
   648   560 -2288.0000   52 1764 -2210.0000 -2306.5857  4.37%  59.5   30s
   701   596 -2302.4610   36 1791 -2210.0000 -2302.4610  4.18%  55.0   35s
   711   604 -2302.4567   34 1752 -2210.0000 -2302.4567  4.18%   189   40s
   735   620 -2298.5033   42 1775 -2210.0000 -2298.5033  4.00%   183   45s
   755   635 -2295.2400   25 1749 -2210.0000 -2296.8624  3.93%   227   51s
   763   641 -2286.9824   29 1658 -2210.0000 -2294.9658  3.84%   242   55s
   774   648 -2272.2169   34 1557 -2210.0000 -2294.9658  3.84%   266   60s
   792   660 -2258.6742   43 1432 -2210.0000 -2294.9658  3.84%   289   65s
   814   675 -2242.3404   54 1328 -2210.0000 -2294.9658  3.84%   308   70s
H  835   654                    -2214.000000 -2294.9658  3.66%   315   72s
   860   656 -2290.2016   27 1671 -2214.0000 -2294.9656  3.66%   322   75s
   871   664 -2278.0359   32 1573 -2214.0000 -2294.9656  3.66%   342   80s
   886   674 -2263.9294   40 1496 -2214.0000 -2294.9656  3.66%   358   85s
   909   689 -2243.7782   51 1355 -2214.0000 -2294.9656  3.66%   372   90s
   958   722 -2217.7893   76 1032 -2214.0000 -2294.9656  3.66%   380   95s
   974   720 -2280.3247   30 1618 -2214.0000 -2292.3891  3.54%   392  100s
   986   728 -2264.2929   36 1553 -2214.0000 -2292.3891  3.54%   408  105s
  1001   738 -2251.8066   44 1441 -2214.0000 -2292.3891  3.54%   423  110s
  1020   751 -2231.2289   53 1322 -2214.0000 -2292.3891  3.54%   434  115s
  1070   772 -2287.0214   28 1706 -2214.0000 -2292.3884  3.54%   442  120s
  1079   778 -2278.3129   31 1635 -2214.0000 -2292.3884  3.54%   457  125s
  1093   788 -2265.5862   36 1546 -2214.0000 -2292.3884  3.54%   471  130s
  1111   800 -2258.4213   41 1480 -2214.0000 -2292.3884  3.54%   483  135s
  1133   814 -2238.0323   49 1406 -2214.0000 -2292.3884  3.54%   495  140s
  1159   832 -2227.8951   53 1326 -2214.0000 -2292.3884  3.54%   506  145s
  1190   842 -2284.7127   28 1690 -2214.0000 -2290.5518  3.46%   516  150s
  1203   851 -2274.5563   33 1562 -2214.0000 -2290.5518  3.46%   529  155s
  1215   859 -2262.5070   37 1511 -2214.0000 -2290.5518  3.46%   541  160s
  1232   870 -2250.5673   42 1466 -2214.0000 -2290.5518  3.46%   552  165s
  1257   887 -2234.5313   51 1368 -2214.0000 -2290.5518  3.46%   561  170s
  1295   910 -2216.3232   63 1243 -2214.0000 -2290.5518  3.46%   564  175s
  1313   910 -2272.9535   34 1569 -2214.0000 -2290.5465  3.46%   571  180s
  1326   919 -2265.1965   37 1520 -2214.0000 -2290.5465  3.46%   582  185s
  1342   930 -2259.2993   40 1483 -2214.0000 -2290.5465  3.46%   590  190s
  1363   944 -2246.9435   45 1390 -2214.0000 -2290.5465  3.46%   599  195s
  1387   960 -2234.0919   52 1282 -2214.0000 -2290.5465  3.46%   609  200s
H 1404   912                    -2218.000000 -2290.5465  3.27%   613  202s
  1425   914 -2284.6596   28 1704 -2218.0000 -2289.5904  3.23%   615  205s
H 1431   862                    -2220.000000 -2289.5904  3.13%   618  207s
  1442   871 -2247.4412   45 1422 -2220.0000 -2289.5904  3.13%   622  210s
  1476   874 -2279.5393   31 1619 -2220.0000 -2289.5881  3.13%   623  215s
  1500   888     cutoff   55      -2220.0000 -2289.5881  3.13%   628  220s
  1515   892 -2259.8521   37 1537 -2220.0000 -2289.0087  3.11%   636  225s
  1539   894 -2284.8335   28 1681 -2220.0000 -2289.0085  3.11%   640  230s
  1557   906 -2245.1663   46 1403 -2220.0000 -2289.0085  3.11%   647  235s
  1578   912 -2281.2996   30 1611 -2220.0000 -2287.6562  3.05%   653  240s
  1590   920 -2276.4228   32 1582 -2220.0000 -2287.6562  3.05%   661  245s
  1602   928 -2268.0943   35 1514 -2220.0000 -2287.6562  3.05%   671  250s
  1620   940 -2256.3778   42 1437 -2220.0000 -2287.6562  3.05%   677  255s
  1640   953 -2248.4555   46 1407 -2220.0000 -2287.6562  3.05%   683  260s
  1665   970 -2235.5819   52 1336 -2220.0000 -2287.6562  3.05%   689  265s
  1699   980 -2278.3502   31 1579 -2220.0000 -2287.6387  3.05%   692  270s
  1720   994 -2229.0900   52 1330 -2220.0000 -2287.6387  3.05%   696  275s
  1740   995 -2276.7457   32 1567 -2220.0000 -2287.3945  3.04%   701  280s
  1754  1004 -2257.8899   38 1476 -2220.0000 -2287.3945  3.04%   709  285s
  1772  1016 -2235.5844   45 1427 -2220.0000 -2287.3945  3.04%   715  290s
  1802  1014 -2280.4107   31 1631 -2220.0000 -2287.3940  3.04%   715  295s
  1825  1030 -2229.6913   54 1316 -2220.0000 -2287.3940  3.04%   718  300s
  1848  1037 -2253.2803   39 1526 -2220.0000 -2286.8859  3.01%   720  305s
  1874  1044 -2274.8504   33 1580 -2220.0000 -2286.6905  3.00%   722  310s
  1907  1058     cutoff   61      -2220.0000 -2286.6905  3.00%   721  315s
  1922  1068 -2246.2971   43 1426 -2220.0000 -2286.6345  3.00%   726  320s
  1949  1074 -2272.3901   33 1564 -2220.0000 -2286.5981  3.00%   726  325s
  1977  1085 -2282.4317   29 1709 -2220.0000 -2286.5931  3.00%   727  331s
  1988  1092 -2266.7342   35 1573 -2220.0000 -2286.5931  3.00%   731  335s
  2001  1101 -2250.2236   41 1503 -2220.0000 -2286.5931  3.00%   735  340s
  2014  1110 -2240.0558   48 1411 -2220.0000 -2286.5931  3.00%   738  345s
  2044  1114 -2283.0643   29 1698 -2220.0000 -2286.4593  2.99%   741  350s
  2066  1128 -2235.1392   51 1351 -2220.0000 -2286.4593  2.99%   744  355s
  2088  1131 -2259.3095   37 1525 -2220.0000 -2286.4587  2.99%   747  360s
  2112  1137 -2282.5084   30 1679 -2220.0000 -2285.8707  2.97%   749  365s
  2122  1144 -2272.4426   33 1622 -2220.0000 -2285.8707  2.97%   756  370s
  2136  1153 -2261.2323   39 1499 -2220.0000 -2285.8707  2.97%   762  375s
  2156  1166 -2246.5992   45 1453 -2220.0000 -2285.8707  2.97%   766  380s
  2188  1188 -2228.1808   63 1211 -2220.0000 -2285.8707  2.97%   769  385s
  2215  1192 -2256.7272   38 1514 -2220.0000 -2285.8071  2.96%   770  390s
  2236  1198 -2272.9303   33 1612 -2220.0000 -2285.8040  2.96%   773  395s
  2264  1208 -2281.5913   30 1653 -2220.0000 -2285.2611  2.94%   774  401s
  2281  1220 -2247.4049   47 1425 -2220.0000 -2285.2611  2.94%   776  405s
  2307  1227 -2268.9252   33 1593 -2220.0000 -2285.2606  2.94%   778  410s
  2319  1235 -2252.9207   38 1530 -2220.0000 -2285.2606  2.94%   783  415s
  2338  1248 -2231.2034   46 1457 -2220.0000 -2285.2606  2.94%   788  420s
  2361  1249 -2277.5047   31 1656 -2220.0000 -2284.8292  2.92%   791  425s
  2383  1267 -2229.6228   53 1381 -2220.0000 -2284.8292  2.92%   792  430s
  2406  1282 -2253.2416   40 1463 -2220.0000 -2284.7124  2.91%   794  435s
  2429  1297 -2271.9853   32 1592 -2220.0000 -2284.7121  2.91%   795  440s
  2447  1315 -2222.1140   50 1381 -2220.0000 -2284.7121  2.91%   798  445s
  2466  1324 -2252.1163   41 1506 -2220.0000 -2284.6582  2.91%   800  450s
  2504  1340 -2274.8466   32 1607 -2220.0000 -2284.5384  2.91%   798  455s
  2522  1358 -2228.6055   50 1376 -2220.0000 -2284.5384  2.91%   800  460s
  2545  1365 -2263.6263   38 1525 -2220.0000 -2284.2587  2.89%   802  465s
* 2593  1367              77    -2222.000000 -2284.2587  2.80%   795  468s
  2595  1369 -2278.4301   31 1591 -2222.0000 -2284.2530  2.80%   797  470s
  2608  1382 -2267.0219   35 1552 -2222.0000 -2284.2530  2.80%   802  475s
  2624  1398 -2257.0709   41 1462 -2222.0000 -2284.2530  2.80%   807  480s
  2648  1422 -2243.1281   48 1392 -2222.0000 -2284.2530  2.80%   809  485s
H 2670  1218                    -2230.000000 -2284.2530  2.43%   811  489s
  2678  1216 -2279.1423   30 1669 -2230.0000 -2284.2260  2.43%   811  490s
  2696  1234 -2239.9228   48 1413 -2230.0000 -2284.2260  2.43%   812  495s
  2718  1242 -2258.9895   38 1532 -2230.0000 -2284.1152  2.43%   813  500s
  2746  1258 -2272.6282   35 1555 -2230.0000 -2284.1068  2.43%   813  505s
  2772  1274 -2280.6634   30 1660 -2230.0000 -2284.1066  2.43%   814  510s

Cutting planes:
  Gomory: 15
  MIR: 71
  Flow cover: 808
  Zero half: 271
  RLT: 81
  BQP: 110

Explored 2777 nodes (2266475 simplex iterations) in 512.00 seconds (554.82 work units)
Thread count was 1 (of 72 available processors)

Solution count 9: -2230 -2222 -2220 ... 0

Time limit reached
Best objective -2.230000000000e+03, best bound -2.284000000000e+03, gap 2.4215%

User-callback calls 22504, time in user-callback 0.12 sec

BQP_SOLUTION, 383, 1595, -860.000000, 512.000525, 1, -1, 1, -1, -1, 1, 1, 1, -1, 1, 1, -1, 1, -1, 1, 1, 1, -1, 1, 1, -1, 1, 1, 1, 1, 1, -1, 1, -1, 1, -1, 1, 1, 1, -1, 1, -1, 1, 1, 1, -1, 1, 1, 1, 1, 1, 1, -1, 1, 1, 1, 1, -1, 1, -1, 1, 1, 1, -1, 1, 1, 1, -1, 1, -1, 1, -1, 1, -1, 1, -1, 1, -1, 1, 1, -1, -1, 1, -1, -1, -1, 1, 1, -1, -1, 1, 1, -1, -1, 1, 1, -1, -1, -1, 1, -1, -1, 1, -1, -1, -1, 1, -1, -1, -1, 1, -1, -1, 1, 1, -1, -1, -1, 1, -1, -1, -1, 1, 1, -1, 1, 1, -1, 1, 1, 1, 1, -1, 1, 1, 1, 1, -1, -1, -1, 1, -1, -1, 1, 1, 1, -1, 1, 1, -1, 1, -1, 1, -1, -1, -1, 1, -1, -1, 1, 1, -1, 1, 1, 1, -1, -1, 1, 1, -1, -1, -1, 1, -1, -1, 1, 1, -1, -1, 1, 1, 1, -1, 1, 1, 1, -1, 1, -1, 1, -1, 1, 1, -1, -1, 1, -1, 1, -1, -1, -1, 1, -1, -1, 1, 1, -1, -1, -1, 1, -1, 1, 1, 1, -1, -1, 1, 1, -1, -1, 1, -1, 1, -1, -1, -1, -1, -1, 1, -1, 1, -1, -1, 1, 1, -1, 1, -1, -1, 1, -1, -1, 1, -1, -1, -1, 1, 1, -1, 1, -1, 1, -1, -1, 1, -1, 1, -1, 1, 1, -1, 1, 1, 1, 1, -1, 1, 1, 1, -1, 1, 1, -1, -1, -1, 1, -1, -1, -1, 1, 1, -1, -1, 1, 1, 1, -1, 1, 1, -1, -1, 1, 1, -1, 1, 1, -1, 1, 1, 1, 1, -1, 1, 1, 1, 1, 1, 1, -1, 1, 1, 1, 1, -1, 1, 1, -1, 1, 1, -1, -1, 1, -1, 1, -1, 1, 1, -1, -1, 1, 1, 1, -1, 1, 1, -1, -1, -1, 1, -1, -1, 1, -1, 1, -1, 1, -1, -1, -1, 1, -1, -1, -1, 1, 1, -1, -1, 1, 1, -1, -1, 1, -1, 1, -1, 1, 1, -1, -1, -1, 1, -1, -1, -1, 1, 1, -1, -1, 1, -1, -1, 1, 1, -1, 1, -1, 1, 1
BQP_DATA, 383, 1595, -860.000000, -914.000000, -2230.000000, -2284.000000, 512.000525, 1165, 2777
