Set parameter TSPort to value 51199
Set parameter TokenServer to value "open-license1.lanl.gov"
Set parameter TimeLimit to value 512
Set parameter Threads to value 1
Gurobi Optimizer version 10.0.3 build v10.0.3rc0 (linux64)

CPU model: Intel(R) Xeon(R) CPU E5-2695 v4 @ 2.10GHz, instruction set [SSE2|AVX|AVX2]
Thread count: 36 physical cores, 72 logical processors, using up to 1 threads

Optimize a model with 0 rows, 383 columns and 0 nonzeros
Model fingerprint: 0xac2282e1
Model has 1639 quadratic objective terms
Variable types: 0 continuous, 383 integer (383 binary)
Coefficient statistics:
  Matrix range     [0e+00, 0e+00]
  Objective range  [2e+00, 3e+01]
  QObjective range [8e+00, 8e+00]
  Bounds range     [1e+00, 1e+00]
  RHS range        [0e+00, 0e+00]
Found heuristic solution: objective 0.0000000
Found heuristic solution: objective -660.0000000
Found heuristic solution: objective -2272.000000
Found heuristic solution: objective -2282.000000
Presolve removed 0 rows and 1 columns
Presolve time: 0.22s
Presolved: 1638 rows, 2020 columns, 4914 nonzeros
Variable types: 0 continuous, 2020 integer (2020 binary)

Root relaxation: objective -3.068000e+03, 480 iterations, 0.01 seconds (0.00 work units)

    Nodes    |    Current Node    |     Objective Bounds      |     Work
 Expl Unexpl |  Obj  Depth IntInf | Incumbent    BestBd   Gap | It/Node Time

     0     0 -3068.0000    0  382 -2282.0000 -3068.0000  34.4%     -    0s
     0     0 -2769.5000    0  537 -2282.0000 -2769.5000  21.4%     -    0s
     0     0 -2767.0000    0  541 -2282.0000 -2767.0000  21.3%     -    0s
     0     0 -2696.6667    0  612 -2282.0000 -2696.6667  18.2%     -    0s
     0     0 -2696.6667    0  598 -2282.0000 -2696.6667  18.2%     -    0s
     0     2 -2696.6333    0  596 -2282.0000 -2696.6333  18.2%     -    0s
   523   475 -2341.1667   62  985 -2282.0000 -2541.9139  11.4%  85.8    5s
   541   487 -2343.6667   61 1581 -2282.0000 -2436.3781  6.77%  83.0   10s
   556   497 -2411.6969   39 1696 -2282.0000 -2411.6969  5.68%  80.7   15s
   574   509 -2401.1635   30 1716 -2282.0000 -2401.1635  5.22%  78.2   20s
   606   530 -2393.7962   24 1780 -2282.0000 -2393.7962  4.90%  74.1   25s
   660   566 -2388.4477    8 1787 -2282.0000 -2388.4477  4.66%  68.0   30s
   720   607 -2383.6735   16  382 -2282.0000 -2383.6735  4.46%   185   35s
   724   610 -2383.6735   43 1768 -2282.0000 -2383.6735  4.46%   184   40s
   755   631 -2379.6288   40 1819 -2282.0000 -2379.6288  4.28%   177   45s
   786   651 -2361.9000   51 1815 -2282.0000 -2377.1190  4.17%   170   50s
   826   678 -2374.7334   12 1832 -2282.0000 -2374.7334  4.06%   161   55s
   852   697 -2372.2272   25 1766 -2282.0000 -2374.0239  4.03%   215   60s
   863   705 -2360.2242   30 1647 -2282.0000 -2372.0561  3.95%   232   65s
   873   711 -2348.1209   35 1574 -2282.0000 -2372.0561  3.95%   252   70s
   892   724 -2326.6355   45 1452 -2282.0000 -2372.0561  3.95%   272   75s
   918   741 -2309.1717   58 1323 -2282.0000 -2372.0561  3.95%   289   80s
   963   755 -2368.3734   27 1729 -2282.0000 -2371.9499  3.94%   298   85s
   975   763 -2354.7872   33 1561 -2282.0000 -2371.9499  3.94%   315   90s
   990   773 -2335.6866   40 1459 -2282.0000 -2371.9499  3.94%   331   95s
  1005   783 -2318.8651   48 1368 -2282.0000 -2371.9499  3.94%   343  100s
  1040   807 -2292.2447   65 1227 -2282.0000 -2371.9499  3.94%   358  105s
  1065   807 -2362.5275   28 1737 -2282.0000 -2369.4198  3.83%   371  110s
  1077   815 -2346.5208   34 1605 -2282.0000 -2369.4198  3.83%   385  115s
  1092   825 -2326.8589   42 1495 -2282.0000 -2369.4198  3.83%   399  120s
  1116   841 -2300.4501   54 1375 -2282.0000 -2369.4198  3.83%   414  125s
  1170   861 -2284.1256   81 1243 -2282.0000 -2369.4198  3.83%   424  130s
  1180   864 -2358.4464   30 1625 -2282.0000 -2369.4138  3.83%   437  135s
  1191   871 -2347.3815   36 1518 -2282.0000 -2369.4138  3.83%   451  140s
  1210   884 -2329.5380   43 1411 -2282.0000 -2369.4138  3.83%   463  145s
  1246   908 -2301.6825   67 1149 -2282.0000 -2369.4138  3.83%   471  150s
H 1259   829                    -2294.000000 -2369.4138  3.29%   470  150s
  1271   829 -2360.5520   29 1667 -2294.0000 -2367.8999  3.22%   480  155s
  1284   837 -2341.4492   38 1447 -2294.0000 -2367.8999  3.22%   491  160s
  1306   852 -2327.3406   45 1338 -2294.0000 -2367.8999  3.22%   501  165s
H 1313   735                    -2308.000000 -2367.8999  2.60%   501  165s
* 1334   698              63    -2310.000000 -2367.8999  2.51%   499  167s
  1340   698 -2358.8828   30 1675 -2310.0000 -2367.8931  2.51%   503  170s
  1353   706 -2343.1642   34 1573 -2310.0000 -2367.8931  2.51%   513  175s
  1369   717 -2333.7797   39 1520 -2310.0000 -2367.8931  2.51%   523  180s
  1387   729 -2325.0866   42 1460 -2310.0000 -2367.8931  2.51%   533  185s
  1408   741     cutoff   48      -2310.0000 -2367.8931  2.51%   542  190s
  1426   741 -2344.0456   35 1587 -2310.0000 -2366.9525  2.47%   549  195s
  1459   739 -2312.9747   46 1414 -2310.0000 -2366.9525  2.47%   551  200s
  1499   724 -2363.2923   28 1703 -2310.0000 -2366.9432  2.47%   551  205s
H 1503   643                    -2316.000000 -2366.9432  2.20%   552  207s
  1514   653 -2328.6740   43 1441 -2316.0000 -2366.9432  2.20%   558  210s
  1531   656 -2343.0489   35 1544 -2316.0000 -2366.4909  2.18%   563  215s
  1562   651 -2361.3615   29 1695 -2316.0000 -2366.4855  2.18%   567  220s
  1582   664 -2321.7620   49 1357 -2316.0000 -2366.4855  2.18%   572  225s
  1602   665 -2353.9268   32 1609 -2316.0000 -2366.1422  2.17%   577  230s
  1613   673 -2343.5065   36 1545 -2316.0000 -2366.1422  2.17%   584  235s
  1629   683 -2334.8107   41 1427 -2316.0000 -2366.1422  2.17%   592  240s
  1650   697 -2319.8360   49 1357 -2316.0000 -2366.1422  2.17%   599  245s
  1670   697 -2338.8839   39 1509 -2316.0000 -2366.1406  2.16%   603  250s
  1692   699 -2353.5823   32 1638 -2316.0000 -2363.8710  2.07%   608  255s
  1705   708 -2322.1134   40 1515 -2316.0000 -2363.8710  2.07%   615  260s
  1725   709 -2352.6921   31 1653 -2316.0000 -2363.8704  2.07%   619  265s
  1748   715 -2359.4730   29 1742 -2316.0000 -2363.7710  2.06%   623  270s
  1768   724 -2319.0290   46 1457 -2316.0000 -2363.7710  2.06%   626  275s
  1789   726 -2331.4937   41 1512 -2316.0000 -2363.7703  2.06%   630  280s
  1810   730 -2341.1465   37 1548 -2316.0000 -2363.5079  2.05%   633  285s
  1832   733 -2352.0768   32 1623 -2316.0000 -2363.3181  2.04%   637  290s
  1860   739 -2356.5846   30 1692 -2316.0000 -2363.2807  2.04%   639  295s
  1872   747 -2342.0312   36 1555 -2316.0000 -2363.2807  2.04%   645  300s
  1890   759 -2323.1219   45 1460 -2316.0000 -2363.2807  2.04%   651  305s
  1910   761 -2346.6068   34 1611 -2316.0000 -2362.8592  2.02%   656  310s
  1931   767 -2352.3993   32 1624 -2316.0000 -2362.8572  2.02%   659  315s
  1952   771 -2357.0522   30 1687 -2316.0000 -2362.4356  2.00%   662  320s
  1967   781 -2340.6170   38 1495 -2316.0000 -2362.4356  2.00%   667  325s
  1986   793 -2329.1113   43 1411 -2316.0000 -2362.4356  2.00%   672  330s
  2004   805 -2318.4462   51 1309 -2316.0000 -2362.4356  2.00%   676  335s
  2025   807 -2326.0233   42 1426 -2316.0000 -2361.6114  1.97%   679  340s
  2043   807 -2344.6853   34 1606 -2316.0000 -2361.6103  1.97%   683  345s
  2062   810 -2353.0751   29 1695 -2316.0000 -2361.5427  1.97%   687  350s
  2081   815 -2355.6630   30 1678 -2316.0000 -2361.4736  1.96%   691  355s
  2093   823 -2337.0123   36 1558 -2316.0000 -2361.4736  1.96%   695  360s
  2110   832     cutoff   43      -2316.0000 -2361.4736  1.96%   700  365s
  2127   835 -2324.0108   41 1533 -2316.0000 -2361.3589  1.96%   703  370s
  2147   839 -2333.3914   41 1469 -2316.0000 -2360.8292  1.94%   705  375s
  2167   842 -2343.8087   36 1549 -2316.0000 -2360.5470  1.92%   708  380s
  2188   844 -2348.3723   33 1593 -2316.0000 -2360.5447  1.92%   710  385s
  2221   844     cutoff   47      -2316.0000 -2360.5447  1.92%   709  390s
  2241   843 -2338.6501   38 1534 -2316.0000 -2360.5018  1.92%   711  395s
  2264   851 -2338.4795   38 1543 -2316.0000 -2360.2830  1.91%   713  400s
  2284   854 -2346.3973   33 1558 -2316.0000 -2360.2167  1.91%   715  405s
  2300   865 -2341.3998   36 1548 -2316.0000 -2360.2167  1.91%   719  410s
  2319   877 -2325.8107   42 1481 -2316.0000 -2360.2167  1.91%   722  415s
  2342   883 -2347.2875   34 1573 -2316.0000 -2360.2164  1.91%   723  420s
  2366   889 -2346.6750   32 1624 -2316.0000 -2360.2081  1.91%   725  425s
  2390   891 -2354.1941   30 1662 -2316.0000 -2360.2074  1.91%   726  430s
  2409   903 -2319.3240   49 1320 -2316.0000 -2360.2074  1.91%   728  435s
  2429   907 -2320.8045   43 1466 -2316.0000 -2360.0201  1.90%   730  440s
  2447   911 -2342.1497   36 1573 -2316.0000 -2360.0190  1.90%   733  445s
  2466   923 -2322.6316   45 1395 -2316.0000 -2360.0190  1.90%   736  450s
  2487   923 -2352.0826   31 1632 -2316.0000 -2360.0032  1.90%   739  455s
  2499   931 -2333.2189   36 1578 -2316.0000 -2360.0032  1.90%   744  460s
  2519   935     cutoff   45      -2316.0000 -2360.0032  1.90%   746  465s
  2537   946 -2321.6436   43 1494 -2316.0000 -2359.9903  1.90%   748  470s
  2557   950 -2338.7815   36 1573 -2316.0000 -2359.9742  1.90%   750  475s
  2578   955 -2350.2761   32 1609 -2316.0000 -2359.9686  1.90%   752  480s
  2600   969 -2354.3959   30 1674 -2316.0000 -2359.7424  1.89%   755  485s
  2620   981 -2354.6873   31 1673 -2316.0000 -2359.7219  1.89%   758  490s
  2630   991 -2344.0947   35 1550 -2316.0000 -2359.7219  1.89%   761  495s
  2647  1008 -2331.1503   42 1419 -2316.0000 -2359.7219  1.89%   765  500s
  2674  1019 -2352.5574   31 1690 -2316.0000 -2359.7048  1.89%   766  505s
  2697  1030 -2354.0565   30 1685 -2316.0000 -2359.5396  1.88%   768  510s

Cutting planes:
  Gomory: 19
  MIR: 70
  Flow cover: 772
  Zero half: 351
  Mod-K: 2
  RLT: 94
  BQP: 128

Explored 2701 nodes (2080117 simplex iterations) in 512.00 seconds (565.06 work units)
Thread count was 1 (of 72 available processors)

Solution count 8: -2316 -2310 -2308 ... 0

Time limit reached
Best objective -2.316000000000e+03, best bound -2.358000000000e+03, gap 1.8135%

User-callback calls 22876, time in user-callback 0.12 sec

BQP_SOLUTION, 383, 1639, -887.000000, 512.000478, 1, 1, 1, 1, -1, -1, 1, -1, -1, -1, 1, -1, 1, -1, 1, 1, 1, -1, -1, 1, 1, 1, -1, 1, 1, -1, -1, 1, 1, -1, -1, 1, 1, -1, -1, 1, 1, 1, -1, 1, 1, 1, -1, 1, 1, 1, -1, 1, 1, 1, 1, 1, 1, 1, -1, 1, -1, 1, 1, 1, 1, -1, 1, 1, 1, 1, -1, 1, 1, -1, 1, 1, 1, 1, 1, 1, 1, 1, 1, 1, 1, -1, 1, 1, 1, 1, 1, 1, 1, 1, 1, 1, -1, 1, 1, 1, 1, -1, 1, 1, 1, 1, 1, 1, 1, 1, 1, 1, 1, 1, 1, 1, -1, 1, -1, -1, 1, 1, 1, 1, -1, 1, 1, 1, 1, 1, 1, 1, -1, 1, 1, -1, 1, 1, 1, -1, 1, 1, 1, -1, -1, -1, 1, -1, -1, 1, 1, -1, 1, 1, -1, -1, -1, 1, 1, -1, -1, 1, -1, -1, -1, 1, -1, -1, -1, 1, 1, -1, -1, 1, 1, -1, -1, 1, 1, -1, -1, 1, 1, 1, -1, -1, 1, -1, -1, -1, 1, -1, -1, 1, 1, -1, -1, 1, 1, -1, 1, 1, 1, -1, -1, 1, 1, -1, -1, 1, 1, -1, -1, 1, 1, -1, -1, 1, 1, -1, -1, 1, 1, -1, 1, -1, 1, -1, -1, -1, 1, 1, -1, -1, 1, 1, -1, -1, 1, 1, 1, -1, 1, 1, -1, 1, 1, -1, -1, -1, 1, -1, -1, -1, 1, 1, -1, 1, 1, -1, 1, -1, 1, 1, -1, -1, 1, 1, -1, -1, 1, 1, -1, -1, 1, 1, -1, -1, 1, 1, 1, -1, -1, 1, 1, -1, 1, 1, -1, -1, 1, 1, -1, -1, -1, 1, -1, 1, -1, 1, -1, -1, -1, 1, -1, -1, 1, 1, -1, 1, -1, 1, -1, 1, -1, -1, -1, -1, -1, -1, 1, 1, 1, 1, -1, -1, -1, -1, 1, -1, -1, -1, -1, 1, 1, -1, -1, -1, -1, -1, 1, -1, -1, -1, -1, 1, -1, -1, -1, 1, -1, 1, -1, -1, -1, -1, -1, -1, -1, -1, -1, -1, 1, -1, -1, -1, -1, -1, -1, 1, 1, -1, -1, -1, -1, 1, -1, 1, 1, 1, 1, -1, 1, 1, -1, 1, -1
BQP_DATA, 383, 1639, -887.000000, -929.000000, -2316.000000, -2358.000000, 512.000478, 1214, 2701
