Set parameter TSPort to value 51199
Set parameter TokenServer to value "open-license1.lanl.gov"
Set parameter TimeLimit to value 512
Set parameter Threads to value 1
Gurobi Optimizer version 10.0.3 build v10.0.3rc0 (linux64)

CPU model: Intel(R) Xeon(R) CPU E5-2695 v4 @ 2.10GHz, instruction set [SSE2|AVX|AVX2]
Thread count: 36 physical cores, 72 logical processors, using up to 1 threads

Optimize a model with 0 rows, 383 columns and 0 nonzeros
Model fingerprint: 0x78e200ea
Model has 1619 quadratic objective terms
Variable types: 0 continuous, 383 integer (383 binary)
Coefficient statistics:
  Matrix range     [0e+00, 0e+00]
  Objective range  [2e+00, 3e+01]
  QObjective range [8e+00, 8e+00]
  Bounds range     [1e+00, 1e+00]
  RHS range        [0e+00, 0e+00]
Found heuristic solution: objective 0.0000000
Found heuristic solution: objective -650.0000000
Found heuristic solution: objective -2248.000000
Found heuristic solution: objective -2276.000000
Presolve removed 0 rows and 1 columns
Presolve time: 0.22s
Presolved: 1619 rows, 2001 columns, 4857 nonzeros
Variable types: 0 continuous, 2001 integer (2001 binary)

Root relaxation: objective -3.066000e+03, 445 iterations, 0.01 seconds (0.00 work units)

    Nodes    |    Current Node    |     Objective Bounds      |     Work
 Expl Unexpl |  Obj  Depth IntInf | Incumbent    BestBd   Gap | It/Node Time

     0     0 -3066.0000    0  382 -2276.0000 -3066.0000  34.7%     -    0s
     0     0 -2758.5000    0  544 -2276.0000 -2758.5000  21.2%     -    0s
     0     0 -2757.5000    0  541 -2276.0000 -2757.5000  21.2%     -    0s
     0     0 -2686.2500    0  618 -2276.0000 -2686.2500  18.0%     -    0s
     0     0 -2686.2500    0  600 -2276.0000 -2686.2500  18.0%     -    0s
     0     2 -2686.2500    0  594 -2276.0000 -2686.2500  18.0%     -    1s
   522   467 -2341.0000   73 1045 -2276.0000 -2513.0766  10.4%  74.5    5s
   544   482 -2401.5000   43 1629 -2276.0000 -2423.2790  6.47%  71.5   10s
   558   491 -2305.5000   82 1696 -2276.0000 -2401.6021  5.52%  69.7   15s
   576   503 -2322.2500   79 1762 -2276.0000 -2391.4448  5.07%  67.5   20s
   601   520 -2383.9560   52 1756 -2276.0000 -2383.9560  4.74%  64.7   25s
   641   547 -2320.0000   78 1789 -2276.0000 -2377.3935  4.45%  60.7   30s
   684   575 -2372.4902   41 1839 -2276.0000 -2372.4902  4.24%  56.9   35s
   728   606 -2368.8243   26 1175 -2276.0000 -2368.8243  4.08%   197   40s
   732   609 -2352.0000   55 1832 -2276.0000 -2368.8243  4.08%   196   45s
   761   628 -2330.0000   62 1853 -2276.0000 -2365.4110  3.93%   189   50s
   793   649 -2362.6617   16 1828 -2276.0000 -2362.6617  3.81%   181   55s
   808   661 -2360.0785   29 1804 -2276.0000 -2361.9386  3.78%   234   62s
   813   665 -2356.0142   31 1733 -2276.0000 -2358.5806  3.63%   242   65s
   823   671 -2340.1528   36 1635 -2276.0000 -2358.5806  3.63%   262   70s
   838   681 -2324.9260   44 1511 -2276.0000 -2358.5806  3.63%   283   75s
   859   695 -2304.6062   54 1419 -2276.0000 -2358.5806  3.63%   304   80s
   909   716 -2356.5762   30 1797 -2276.0000 -2358.4202  3.62%   320   85s
   916   720 -2345.0464   34 1687 -2276.0000 -2358.4202  3.62%   336   90s
   929   729 -2335.2124   40 1582 -2276.0000 -2358.4202  3.62%   354   95s
   945   740 -2315.5346   48 1500 -2276.0000 -2358.4202  3.62%   373  100s
   977   761 -2299.7498   64 1297 -2276.0000 -2358.4202  3.62%   386  105s
  1037   789 -2353.4531   31 1782 -2276.0000 -2357.6061  3.59%   389  110s
  1047   796 -2341.5742   36 1662 -2276.0000 -2357.6061  3.59%   403  115s
  1060   804 -2329.0693   42 1542 -2276.0000 -2357.6061  3.59%   418  120s
  1081   818 -2310.8282   53 1427 -2276.0000 -2357.6061  3.59%   432  125s
  1118   843 -2286.4029   71 1244 -2276.0000 -2357.6061  3.59%   443  130s
H 1153   787                    -2280.000000 -2357.6061  3.40%   443  131s
  1158   789 -2346.1033   33 1711 -2280.0000 -2357.6058  3.40%   452  135s
  1169   796 -2337.8132   37 1613 -2280.0000 -2357.6058  3.40%   468  140s
  1181   804 -2327.8239   41 1543 -2280.0000 -2357.6058  3.40%   481  145s
  1199   816 -2312.6737   46 1475 -2280.0000 -2357.6058  3.40%   492  150s
  1226   834 -2295.2233   60 1347 -2280.0000 -2357.6058  3.40%   502  155s
  1265   850 -2353.1982   31 1772 -2280.0000 -2355.8701  3.33%   509  160s
  1274   856 -2341.9337   35 1687 -2280.0000 -2355.8701  3.33%   521  165s
  1288   865 -2328.1869   40 1581 -2280.0000 -2355.8701  3.33%   531  170s
  1305   877 -2318.5278   44 1546 -2280.0000 -2355.8701  3.33%   541  175s
  1321   887 -2308.4465   47 1510 -2280.0000 -2355.8701  3.33%   551  180s
  1348   905 -2290.2005   57 1404 -2280.0000 -2355.8701  3.33%   559  185s
  1386   916 -2347.4299   33 1723 -2280.0000 -2355.8639  3.33%   559  190s
  1399   924 -2331.5758   38 1637 -2280.0000 -2355.8639  3.33%   567  195s
  1412   933 -2324.9186   41 1577 -2280.0000 -2355.8639  3.33%   576  200s
  1430   945 -2317.5357   45 1514 -2280.0000 -2355.8639  3.33%   585  205s
  1451   959 -2305.1887   51 1484 -2280.0000 -2355.8639  3.33%   594  210s
  1480   978 -2292.3675   60 1351 -2280.0000 -2355.8639  3.33%   598  215s
  1523   989 -2347.9679   33 1734 -2280.0000 -2353.7384  3.23%   595  220s
  1543  1002 -2303.5386   53 1413 -2280.0000 -2353.7384  3.23%   600  225s
  1586   999 -2345.5334   34 1718 -2280.0000 -2353.7100  3.23%   598  230s
  1604  1011 -2301.7996   52 1464 -2280.0000 -2353.7100  3.23%   604  235s
  1628  1017 -2336.9657   37 1677 -2280.0000 -2352.1521  3.16%   606  240s
  1645  1028 -2286.9216   54 1449 -2280.0000 -2352.1521  3.16%   613  245s
  1663  1030 -2327.3002   41 1597 -2280.0000 -2352.1470  3.16%   618  250s
  1694  1044 -2345.9345   33 1738 -2280.0000 -2351.6297  3.14%   619  255s
  1704  1051 -2340.5725   35 1687 -2280.0000 -2351.6297  3.14%   626  260s
  1717  1059 -2329.4895   39 1621 -2280.0000 -2351.6297  3.14%   633  265s
  1732  1069 -2318.7626   44 1538 -2280.0000 -2351.6297  3.14%   640  270s
  1756  1085 -2305.7772   53 1421 -2280.0000 -2351.6297  3.14%   645  275s
  1789  1107 -2290.7801   66 1283 -2280.0000 -2351.6297  3.14%   647  280s
  1822  1115 -2337.0577   36 1679 -2280.0000 -2351.6185  3.14%   646  285s
  1850  1134 -2288.2901   64 1331 -2280.0000 -2351.6185  3.14%   648  290s
  1872  1137 -2334.7072   36 1680 -2280.0000 -2351.6055  3.14%   650  295s
  1885  1145 -2320.1882   41 1586 -2280.0000 -2351.6055  3.14%   656  300s
  1903  1157 -2297.6513   49 1487 -2280.0000 -2351.6055  3.14%   661  305s
  1924  1159 -2341.5562   35 1691 -2280.0000 -2351.6048  3.14%   664  310s
  1947  1175 -2292.2335   58 1366 -2280.0000 -2351.6048  3.14%   667  315s
  1969  1177 -2325.9046   43 1558 -2280.0000 -2350.8721  3.11%   671  320s
  2010  1191 -2347.2079   33 1740 -2280.0000 -2350.5642  3.09%   668  325s
  2026  1201 -2307.0920   49 1486 -2280.0000 -2350.5642  3.09%   673  330s
  2053  1205 -2339.5694   36 1692 -2280.0000 -2350.5605  3.09%   673  335s
  2077  1221 -2289.8433   60 1375 -2280.0000 -2350.5605  3.09%   675  340s
  2102  1222 -2321.9961   43 1570 -2280.0000 -2350.5602  3.09%   677  345s
  2134  1235 -2342.9741   34 1710 -2280.0000 -2350.0002  3.07%   676  350s
  2146  1243 -2331.2664   40 1586 -2280.0000 -2350.0002  3.07%   681  355s
  2161  1253 -2318.6817   47 1507 -2280.0000 -2350.0002  3.07%   687  360s
  2185  1269 -2297.2065   59 1390 -2280.0000 -2350.0002  3.07%   689  365s
  2221  1276 -2338.6549   35 1674 -2280.0000 -2349.8512  3.06%   688  370s
  2242  1290 -2294.3767   56 1421 -2280.0000 -2349.8512  3.06%   691  375s
  2263  1294 -2321.3893   40 1594 -2280.0000 -2349.5797  3.05%   693  380s
  2285  1299 -2340.7657   34 1754 -2280.0000 -2349.5774  3.05%   695  385s
  2298  1308 -2326.2485   40 1645 -2280.0000 -2349.5774  3.05%   700  390s
  2311  1316 -2319.5343   43 1574 -2280.0000 -2349.5774  3.05%   705  395s
  2328  1328 -2309.8417   46 1551 -2280.0000 -2349.5774  3.05%   709  400s
  2353  1344 -2296.0901   56 1376 -2280.0000 -2349.5774  3.05%   712  405s
  2389  1358 -2343.0043   35 1710 -2280.0000 -2349.5695  3.05%   710  410s
  2409  1372 -2296.2999   55 1431 -2280.0000 -2349.5695  3.05%   712  415s
  2432  1379 -2322.9831   42 1566 -2280.0000 -2349.5658  3.05%   714  420s
  2464  1392 -2343.8380   33 1764 -2280.0000 -2348.7505  3.02%   713  425s
  2478  1402 -2308.7002   47 1526 -2280.0000 -2348.7505  3.02%   717  430s
  2505  1408 -2340.6330   34 1734 -2280.0000 -2348.0799  2.99%   717  435s
  2516  1415 -2323.7907   39 1615 -2280.0000 -2348.0799  2.99%   722  440s
  2532  1426 -2307.7805   45 1533 -2280.0000 -2348.0799  2.99%   725  445s
  2556  1432 -2342.0754   35 1693 -2280.0000 -2347.9630  2.98%   727  450s
  2578  1446 -2287.9565   57 1411 -2280.0000 -2347.9630  2.98%   729  455s
  2599  1452 -2314.8444   45 1515 -2280.0000 -2347.4250  2.96%   730  460s
  2624  1461 -2334.0746   36 1657 -2280.0000 -2347.3970  2.96%   731  465s
  2643  1474 -2293.1382   55 1406 -2280.0000 -2347.3970  2.96%   733  470s
  2667  1478 -2319.2401   43 1572 -2280.0000 -2347.3956  2.96%   733  475s
  2708  1490 -2282.0705   61 1338 -2280.0000 -2347.3956  2.96%   731  480s
  2737  1493 -2319.7402   42 1566 -2280.0000 -2347.2052  2.95%   730  485s
  2761  1505 -2340.7661   35 1685 -2280.0000 -2347.1370  2.94%   732  490s
  2779  1523 -2302.9676   53 1444 -2280.0000 -2347.1370  2.94%   733  495s
  2810  1542 -2334.8103   37 1668 -2280.0000 -2347.0855  2.94%   732  500s
  2821  1553 -2326.5356   40 1621 -2280.0000 -2347.0855  2.94%   735  505s
  2841  1573 -2309.1159   49 1463 -2280.0000 -2347.0855  2.94%   737  510s

Cutting planes:
  Gomory: 17
  MIR: 82
  Flow cover: 893
  Zero half: 312
  RLT: 87
  BQP: 125

Explored 2850 nodes (2106919 simplex iterations) in 512.00 seconds (564.39 work units)
Thread count was 1 (of 72 available processors)

Solution count 5: -2280 -2276 -2248 ... 0

Time limit reached
Best objective -2.280000000000e+03, best bound -2.346000000000e+03, gap 2.8947%

User-callback calls 23408, time in user-callback 0.11 sec

BQP_SOLUTION, 383, 1619, -834.000000, 512.001525, 1, 1, -1, 1, 1, 1, -1, -1, -1, -1, -1, -1, -1, 1, -1, 1, 1, 1, -1, 1, -1, -1, -1, -1, -1, -1, -1, -1, -1, -1, -1, 1, -1, -1, -1, -1, 1, -1, 1, -1, -1, 1, -1, -1, 1, -1, -1, -1, -1, 1, -1, -1, -1, -1, -1, -1, -1, 1, 1, -1, -1, 1, -1, -1, -1, 1, -1, -1, -1, -1, 1, -1, -1, 1, -1, -1, -1, 1, 1, -1, -1, 1, 1, -1, -1, 1, 1, -1, 1, -1, 1, -1, -1, -1, 1, 1, -1, 1, 1, -1, -1, 1, 1, 1, -1, 1, 1, -1, -1, -1, 1, -1, -1, -1, 1, -1, -1, -1, 1, -1, -1, -1, 1, -1, -1, 1, 1, -1, -1, -1, 1, 1, -1, 1, 1, -1, 1, 1, -1, 1, -1, 1, -1, -1, -1, 1, -1, -1, -1, 1, -1, -1, 1, -1, -1, -1, 1, -1, 1, -1, 1, -1, -1, -1, 1, -1, 1, -1, 1, 1, -1, -1, 1, -1, -1, -1, 1, -1, -1, -1, 1, 1, -1, -1, 1, 1, -1, -1, 1, 1, -1, 1, 1, 1, 1, 1, 1, 1, 1, 1, 1, 1, 1, 1, 1, 1, 1, 1, 1, 1, 1, 1, 1, 1, 1, 1, 1, 1, 1, 1, -1, 1, 1, 1, 1, 1, -1, 1, 1, 1, 1, 1, -1, 1, -1, 1, -1, 1, 1, 1, 1, 1, -1, 1, -1, 1, -1, 1, 1, -1, 1, 1, -1, 1, -1, 1, -1, -1, -1, 1, 1, 1, -1, 1, -1, -1, -1, 1, 1, 1, -1, 1, -1, -1, 1, -1, -1, 1, -1, 1, 1, -1, 1, 1, -1, -1, 1, 1, -1, 1, 1, -1, 1, -1, 1, 1, -1, -1, 1, 1, 1, 1, -1, 1, -1, -1, 1, 1, -1, -1, 1, 1, -1, -1, 1, 1, 1, -1, 1, 1, 1, -1, 1, 1, 1, -1, 1, 1, 1, -1, 1, 1, 1, -1, 1, 1, -1, 1, 1, 1, 1, 1, -1, 1, 1, 1, 1, 1, 1, 1, 1, 1, 1, 1, 1, 1, 1, 1, 1, 1, 1, 1, 1, -1, 1, 1, -1, 1, 1, 1, 1, 1, 1, -1, 1, -1, 1, -1, 1, 1, 1, 1, 1
BQP_DATA, 383, 1619, -834.000000, -900.000000, -2280.000000, -2346.000000, 512.001525, 1304, 2850
