Set parameter TSPort to value 51199
Set parameter TokenServer to value "open-license1.lanl.gov"
Set parameter TimeLimit to value 64
Set parameter Threads to value 1
Gurobi Optimizer version 10.0.3 build v10.0.3rc0 (linux64)

CPU model: Intel(R) Xeon(R) CPU E5-2695 v4 @ 2.10GHz, instruction set [SSE2|AVX|AVX2]
Thread count: 36 physical cores, 72 logical processors, using up to 1 threads

Optimize a model with 0 rows, 598 columns and 0 nonzeros
Model fingerprint: 0x4cff0188
Model has 2596 quadratic objective terms
Variable types: 0 continuous, 598 integer (598 binary)
Coefficient statistics:
  Matrix range     [0e+00, 0e+00]
  Objective range  [2e+00, 3e+01]
  QObjective range [8e+00, 8e+00]
  Bounds range     [1e+00, 1e+00]
  RHS range        [0e+00, 0e+00]
Found heuristic solution: objective 0.0000000
Found heuristic solution: objective -1038.000000
Found heuristic solution: objective -3640.000000
Found heuristic solution: objective -3666.000000
Presolve removed 0 rows and 2 columns
Presolve time: 0.23s
Presolved: 2594 rows, 3190 columns, 7782 nonzeros
Variable types: 0 continuous, 3190 integer (3190 binary)

Root relaxation: objective -4.945000e+03, 703 iterations, 0.01 seconds (0.01 work units)

    Nodes    |    Current Node    |     Objective Bounds      |     Work
 Expl Unexpl |  Obj  Depth IntInf | Incumbent    BestBd   Gap | It/Node Time

     0     0 -4945.0000    0  596 -3666.0000 -4945.0000  34.9%     -    0s
     0     0 -4511.0000    0  824 -3666.0000 -4511.0000  23.0%     -    0s
     0     0 -4509.0000    0  827 -3666.0000 -4509.0000  23.0%     -    0s
     0     0 -4416.2143    0  902 -3666.0000 -4416.2143  20.5%     -    0s
     0     0 -4416.2143    0  892 -3666.0000 -4416.2143  20.5%     -    1s
     0     2 -4416.2143    0  887 -3666.0000 -4416.2143  20.5%     -    1s
   511   490 -3870.3333   75 1297 -3666.0000 -4404.2143  20.1%  88.4    5s
   533   505 -4052.6667   47 1726 -3666.0000 -4077.7335  11.2%  84.7   10s
   543   511 -3891.6667   70 2043 -3666.0000 -4015.7706  9.54%  83.2   16s
   552   517 -3971.0327    9 2389 -3666.0000 -3971.0327  8.32%  81.8   23s
   553   518 -3820.0000   84 2420 -3666.0000 -3965.1415  8.16%  81.7   25s
   561   523 -3854.0000   78 2575 -3666.0000 -3941.0478  7.50%  80.5   32s
   565   526 -3716.9000  123 2651 -3666.0000 -3935.6087  7.35%  79.9   35s
   569   529 -3777.0000   94 2707 -3666.0000 -3919.5738  6.92%  79.4   41s
   576   533 -3912.2435   32 2715 -3666.0000 -3912.2435  6.72%  78.4   45s
   584   539 -3776.0000   95 2773 -3666.0000 -3905.0801  6.52%  77.3   50s
   592   544 -3899.2941   48 2789 -3666.0000 -3899.2941  6.36%  76.3   55s
   602   551 -3894.1553   32 2757 -3666.0000 -3894.1553  6.22%  75.0   60s

Cutting planes:
  Gomory: 36
  MIR: 125
  Flow cover: 879
  Zero half: 483
  Mod-K: 3
  RLT: 108
  BQP: 124

Explored 609 nodes (186008 simplex iterations) in 64.00 seconds (68.04 work units)
Thread count was 1 (of 72 available processors)

Solution count 4: -3666 -3640 -1038 0 

Time limit reached
Best objective -3.666000000000e+03, best bound -3.890000000000e+03, gap 6.1102%

User-callback calls 4042, time in user-callback 0.02 sec

BQP_SOLUTION, 598, 2596, -1317.000000, 64.000679, 1, -1, 1, -1, 1, 1, 1, 1, 1, 1, 1, -1, 1, -1, 1, 1, -1, 1, 1, 1, 1, 1, 1, 1, 1, -1, 1, 1, -1, 1, 1, 1, 1, -1, 1, 1, 1, -1, 1, 1, 1, 1, -1, 1, 1, 1, 1, -1, 1, -1, 1, 1, -1, -1, 1, 1, 1, -1, 1, 1, 1, 1, 1, 1, 1, 1, 1, -1, 1, 1, 1, 1, -1, 1, 1, 1, 1, -1, 1, 1, 1, 1, 1, 1, 1, 1, 1, 1, -1, 1, 1, 1, 1, 1, 1, 1, 1, -1, 1, 1, 1, 1, 1, 1, 1, 1, 1, 1, -1, 1, 1, 1, -1, 1, -1, -1, 1, -1, 1, 1, 1, 1, -1, 1, -1, 1, 1, 1, 1, 1, 1, 1, 1, -1, 1, 1, 1, 1, -1, -1, 1, 1, 1, -1, -1, -1, 1, 1, 1, -1, -1, -1, 1, 1, -1, 1, 1, 1, -1, -1, -1, -1, 1, -1, -1, 1, -1, 1, -1, 1, -1, 1, -1, -1, -1, -1, 1, 1, -1, -1, -1, 1, -1, -1, -1, -1, 1, 1, 1, 1, -1, 1, -1, 1, 1, -1, 1, -1, 1, 1, -1, -1, -1, 1, 1, -1, 1, -1, 1, 1, -1, 1, -1, 1, 1, -1, 1, -1, 1, 1, 1, -1, 1, -1, 1, -1, 1, -1, 1, 1, -1, 1, 1, -1, 1, 1, 1, -1, 1, 1, 1, 1, -1, 1, 1, 1, 1, -1, 1, 1, 1, 1, -1, -1, 1, 1, -1, 1, -1, 1, 1, -1, -1, -1, 1, 1, 1, 1, -1, 1, 1, 1, 1, -1, 1, 1, -1, 1, -1, 1, 1, 1, 1, -1, 1, 1, 1, 1, -1, 1, 1, -1, 1, -1, 1, 1, 1, 1, 1, -1, -1, 1, -1, -1, 1, -1, 1, -1, -1, -1, -1, -1, -1, -1, -1, -1, 1, -1, -1, -1, -1, 1, -1, -1, -1, 1, 1, -1, -1, -1, 1, -1, -1, -1, -1, 1, -1, -1, -1, -1, -1, 1, -1, -1, -1, -1, -1, -1, -1, -1, -1, 1, -1, -1, -1, -1, 1, -1, -1, -1, 1, 1, -1, -1, -1, 1, -1, -1, -1, -1, 1, -1, -1, -1, 1, 1, -1, -1, -1, -1, -1, 1, -1, -1, -1, 1, 1, -1, 1, -1, 1, 1, -1, 1, 1, -1, 1, -1, 1, 1, 1, -1, -1, 1, -1, -1, 1, -1, 1, -1, 1, 1, -1, 1, -1, -1, -1, 1, -1, -1, 1, -1, -1, 1, -1, 1, -1, 1, 1, 1, -1, 1, -1, 1, -1, 1, -1, -1, 1, 1, -1, -1, 1, -1, -1, -1, -1, 1, -1, -1, -1, 1, -1, 1, -1, 1, -1, 1, -1, 1, -1, 1, -1, -1, -1, -1, -1, -1, 1, 1, -1, 1, -1, -1, 1, 1, 1, -1, -1, -1, -1, 1, -1, 1, 1, -1, 1, 1, -1, 1, -1, 1, -1, -1, -1, 1, 1, -1, 1, -1, 1, 1, 1, -1, 1, -1, 1, -1, -1, -1, 1, 1, -1, -1, -1, 1, 1, 1, 1, -1, 1, 1, -1, -1, -1, 1, 1, 1, -1, 1, -1, 1, 1, 1, -1, 1, 1, 1, -1, -1, 1, 1, -1, -1, -1, 1, 1, 1, -1, 1, -1, -1, 1, -1, -1, 1, 1, 1, -1, -1, 1, -1, 1, -1, -1, 1, -1, 1, 1, -1, 1, -1, 1, -1, -1, 1, -1, 1, -1, 1, 1, -1, 1, -1, -1, 1, -1, 1, -1, -1, -1, 1, -1, -1, -1, 1, -1, 1
BQP_DATA, 598, 2596, -1317.000000, -1541.000000, -3666.000000, -3890.000000, 64.000679, 1526, 609
