using d-wave endpoint provided in data file: https://cloud.dwavesys.com/sapi
using d-wave solver name provided in data file: Advantage_system4.1
found d-wave chip id in data file: Advantage_system4.1
d-wave parameters:
  auto_scale - False
  num_reads - 2560
  num_spin_reversal_transforms - 25
  annealing_time - 62.5
-833.000000 - 1
-833.000000 - 1
-833.000000 - 1
-833.000000 - 1
-833.000000 - 1
-833.000000 - 1
-833.000000 - 1
-833.000000 - 1
-833.000000 - 1
-833.000000 - 1
-833.000000 - 1
-833.000000 - 1
-833.000000 - 1
-833.000000 - 1
-833.000000 - 1
-833.000000 - 1
-833.000000 - 1
-833.000000 - 1
-833.000000 - 1
-833.000000 - 1
-833.000000 - 1
-833.000000 - 1
-831.000000 - 1
-831.000000 - 1
-831.000000 - 1
-831.000000 - 1
-831.000000 - 1
-831.000000 - 1
-831.000000 - 1
-831.000000 - 1
-831.000000 - 1
-831.000000 - 1
-831.000000 - 1
-831.000000 - 1
-831.000000 - 1
-831.000000 - 1
-831.000000 - 1
-831.000000 - 1
-831.000000 - 1
-831.000000 - 1
-831.000000 - 1
-831.000000 - 1
-831.000000 - 1
-831.000000 - 1
-831.000000 - 1
-831.000000 - 1
-831.000000 - 1
-831.000000 - 1
-831.000000 - 1
-831.000000 - 1
-831.000000 - 1
-831.000000 - 1
showed 50 of 2555

BQP_SOLUTION, 383, 1570, -833.000000, 1.334054, -1, -1, 1, 1, 1, 1, -1, 1, -1, 1, -1, -1, -1, 1, 1, 1, -1, 1, -1, 1, -1, -1, 1, -1, 1, -1, 1, 1, -1, 1, 1, 1, -1, -1, 1, 1, 1, -1, 1, 1, -1, -1, 1, 1, -1, -1, 1, 1, -1, 1, -1, 1, -1, 1, 1, 1, -1, -1, 1, 1, -1, 1, 1, 1, -1, 1, 1, 1, -1, -1, 1, 1, -1, -1, 1, 1, -1, 1, -1, 1, 1, -1, 1, -1, 1, -1, 1, -1, 1, -1, 1, 1, 1, -1, 1, 1, -1, -1, 1, -1, -1, 1, 1, 1, 1, -1, 1, -1, -1, -1, -1, 1, -1, -1, 1, 1, -1, 1, 1, 1, 1, 1, -1, 1, -1, 1, -1, 1, -1, -1, 1, -1, 1, 1, 1, -1, 1, -1, -1, -1, -1, -1, 1, -1, -1, -1, 1, -1, 1, -1, 1, 1, -1, -1, 1, 1, -1, -1, 1, 1, 1, -1, -1, 1, 1, -1, 1, 1, 1, -1, -1, 1, 1, -1, 1, 1, 1, -1, -1, 1, 1, -1, -1, 1, 1, -1, 1, 1, 1, -1, -1, 1, -1, -1, -1, 1, 1, 1, -1, 1, -1, 1, -1, 1, 1, 1, -1, 1, -1, 1, -1, 1, 1, 1, 1, 1, 1, 1, -1, 1, 1, 1, -1, 1, 1, 1, -1, -1, 1, 1, -1, -1, -1, 1, -1, 1, 1, -1, -1, 1, 1, 1, -1, 1, 1, 1, -1, 1, -1, -1, 1, 1, 1, -1, -1, 1, -1, 1, -1, 1, 1, 1, -1, -1, -1, 1, 1, -1, 1, 1, -1, -1, -1, -1, 1, 1, -1, 1, 1, -1, -1, -1, 1, -1, -1, -1, 1, -1, 1, 1, 1, -1, -1, 1, 1, -1, -1, 1, 1, -1, 1, 1, 1, -1, -1, 1, 1, 1, -1, 1, 1, 1, 1, 1, 1, -1, 1, -1, 1, 1, -1, -1, 1, -1, -1, -1, 1, 1, -1, -1, 1, -1, 1, -1, 1, -1, -1, 1, 1, -1, 1, -1, 1, -1, -1, -1, 1, -1, 1, -1, 1, -1, 1, -1, 1, -1, -1, 1, -1, 1, -1, 1, -1, 1, -1, -1, 1, 1, -1, -1, 1, -1, -1, -1, -1, 1, 1, 1, -1, -1, -1, 1, -1
BQP_DATA, 383, 1570, -833.000000, -1893.000000, -833.000000, -1893.000000, 1.334054, 0, 2560, 0.000943, 0.038356, 0.649415, 3.425214, 4.113928
