using d-wave endpoint provided in data file: https://cloud.dwavesys.com/sapi
using d-wave solver name provided in data file: Advantage_system4.1
found d-wave chip id in data file: Advantage_system4.1
d-wave parameters:
  auto_scale - False
  num_reads - 2560
  num_spin_reversal_transforms - 25
  annealing_time - 62.5
-852.000000 - 1
-852.000000 - 1
-852.000000 - 1
-852.000000 - 1
-852.000000 - 1
-852.000000 - 1
-852.000000 - 1
-852.000000 - 1
-852.000000 - 1
-852.000000 - 1
-852.000000 - 1
-852.000000 - 1
-852.000000 - 1
-852.000000 - 1
-852.000000 - 1
-852.000000 - 1
-852.000000 - 1
-852.000000 - 1
-852.000000 - 1
-852.000000 - 1
-852.000000 - 1
-852.000000 - 1
-852.000000 - 1
-852.000000 - 1
-852.000000 - 2
-852.000000 - 1
-852.000000 - 1
-852.000000 - 1
-852.000000 - 1
-852.000000 - 1
-852.000000 - 1
-852.000000 - 1
-852.000000 - 1
-852.000000 - 1
-852.000000 - 1
-852.000000 - 1
-852.000000 - 1
-852.000000 - 1
-852.000000 - 1
-852.000000 - 1
-852.000000 - 1
-852.000000 - 1
-852.000000 - 1
-852.000000 - 1
-852.000000 - 1
-852.000000 - 1
-852.000000 - 1
-852.000000 - 1
-852.000000 - 1
-852.000000 - 1
-852.000000 - 1
-852.000000 - 1
showed 50 of 2479

BQP_SOLUTION, 383, 1612, -852.000000, 1.334062, -1, 1, 1, -1, 1, -1, -1, 1, 1, -1, 1, -1, -1, -1, -1, 1, -1, -1, -1, 1, -1, -1, -1, 1, -1, -1, 1, 1, -1, -1, -1, 1, -1, -1, -1, 1, 1, 1, -1, 1, -1, -1, -1, -1, 1, -1, -1, 1, -1, -1, 1, 1, -1, -1, -1, 1, -1, -1, 1, -1, 1, -1, -1, 1, -1, -1, -1, 1, 1, -1, -1, 1, -1, -1, -1, 1, -1, -1, -1, 1, 1, -1, -1, -1, -1, -1, 1, -1, -1, 1, 1, 1, 1, -1, -1, -1, 1, -1, 1, 1, -1, 1, -1, 1, 1, 1, -1, 1, -1, -1, 1, 1, 1, -1, 1, -1, -1, 1, 1, 1, -1, 1, 1, 1, -1, 1, 1, 1, -1, 1, 1, -1, 1, 1, 1, -1, -1, 1, 1, -1, 1, 1, 1, -1, 1, 1, 1, -1, 1, 1, 1, -1, 1, 1, -1, 1, -1, 1, 1, -1, -1, 1, 1, -1, 1, 1, -1, 1, 1, -1, 1, -1, -1, 1, -1, -1, -1, 1, -1, -1, 1, 1, -1, -1, 1, -1, -1, -1, 1, 1, -1, 1, 1, 1, 1, 1, -1, 1, -1, -1, 1, 1, 1, 1, -1, 1, 1, 1, 1, 1, 1, 1, 1, 1, 1, 1, 1, -1, 1, 1, 1, 1, -1, 1, 1, 1, 1, 1, 1, -1, 1, 1, 1, -1, 1, 1, 1, -1, -1, 1, 1, 1, -1, 1, 1, -1, 1, 1, 1, -1, 1, 1, 1, -1, 1, 1, 1, 1, -1, 1, 1, -1, 1, 1, 1, -1, 1, 1, 1, -1, 1, -1, 1, -1, -1, 1, 1, 1, 1, 1, 1, -1, -1, 1, 1, -1, -1, 1, -1, -1, -1, 1, 1, -1, -1, 1, -1, -1, 1, 1, -1, -1, -1, 1, -1, -1, -1, 1, 1, -1, 1, 1, 1, -1, 1, -1, 1, -1, 1, -1, 1, 1, -1, -1, 1, -1, 1, 1, -1, 1, -1, -1, 1, -1, 1, -1, -1, -1, 1, -1, 1, -1, 1, -1, -1, -1, 1, -1, 1, -1, 1, -1, -1, -1, 1, -1, 1, -1, 1, -1, 1, -1, -1, -1, -1, -1, 1, -1, 1, -1, -1, 1, -1, -1, 1, -1, 1, 1, 1, 1, -1, -1, 1
BQP_DATA, 383, 1612, -852.000000, -1940.000000, -852.000000, -1940.000000, 1.334062, 0, 2560, 0.000728, 0.037448, 0.603499, 3.287085, 3.928761
