Set parameter TSPort to value 51199
Set parameter TokenServer to value "open-license1.lanl.gov"
Set parameter TimeLimit to value 1
Set parameter Threads to value 1
Gurobi Optimizer version 10.0.3 build v10.0.3rc0 (linux64)

CPU model: Intel(R) Xeon(R) CPU E5-2695 v4 @ 2.10GHz, instruction set [SSE2|AVX|AVX2]
Thread count: 36 physical cores, 72 logical processors, using up to 1 threads

Optimize a model with 0 rows, 215 columns and 0 nonzeros
Model fingerprint: 0xdaf6e90d
Model has 837 quadratic objective terms
Variable types: 0 continuous, 215 integer (215 binary)
Coefficient statistics:
  Matrix range     [0e+00, 0e+00]
  Objective range  [2e+00, 3e+01]
  QObjective range [8e+00, 8e+00]
  Bounds range     [1e+00, 1e+00]
  RHS range        [0e+00, 0e+00]
Found heuristic solution: objective 0.0000000
Found heuristic solution: objective -382.0000000
Found heuristic solution: objective -1228.000000
Presolve time: 0.29s
Presolved: 837 rows, 1052 columns, 2511 nonzeros
Variable types: 0 continuous, 1052 integer (1052 binary)

Root relaxation: objective -1.609000e+03, 251 iterations, 0.00 seconds (0.00 work units)

    Nodes    |    Current Node    |     Objective Bounds      |     Work
 Expl Unexpl |  Obj  Depth IntInf | Incumbent    BestBd   Gap | It/Node Time

     0     0 -1609.0000    0  215 -1228.0000 -1609.0000  31.0%     -    0s
     0     0 -1438.0000    0  301 -1228.0000 -1438.0000  17.1%     -    0s
     0     0 -1436.0000    0  302 -1228.0000 -1436.0000  16.9%     -    0s
     0     0 -1401.0000    0  326 -1228.0000 -1401.0000  14.1%     -    0s
     0     0 -1401.0000    0  321 -1228.0000 -1401.0000  14.1%     -    0s
     0     2 -1401.0000    0  319 -1228.0000 -1401.0000  14.1%     -    0s

Cutting planes:
  Gomory: 6
  MIR: 45
  Zero half: 151
  RLT: 29
  BQP: 54

Explored 72 nodes (7148 simplex iterations) in 1.00 seconds (0.42 work units)
Thread count was 1 (of 72 available processors)

Solution count 3: -1228 -382 0 

Time limit reached
Best objective -1.228000000000e+03, best bound -1.388000000000e+03, gap 13.0293%

User-callback calls 609, time in user-callback 0.00 sec

BQP_SOLUTION, 215, 837, -456.000000, 1.000407, -1, -1, 1, 1, -1, -1, 1, -1, -1, 1, -1, 1, 1, 1, -1, 1, -1, 1, 1, -1, -1, -1, -1, -1, 1, 1, -1, 1, -1, -1, -1, 1, -1, 1, -1, -1, 1, -1, 1, -1, -1, -1, -1, 1, -1, 1, -1, -1, 1, -1, -1, 1, -1, -1, 1, -1, -1, 1, -1, -1, 1, 1, -1, 1, -1, -1, 1, -1, -1, 1, 1, 1, 1, -1, 1, 1, -1, 1, -1, 1, -1, 1, 1, 1, 1, 1, -1, 1, -1, 1, 1, 1, 1, 1, 1, 1, -1, 1, -1, 1, 1, 1, 1, 1, -1, 1, 1, 1, -1, 1, -1, -1, 1, -1, -1, -1, -1, -1, 1, -1, -1, -1, -1, -1, 1, 1, -1, -1, -1, -1, -1, -1, 1, -1, 1, -1, 1, -1, 1, -1, 1, 1, -1, 1, 1, -1, 1, -1, -1, -1, 1, -1, 1, 1, -1, 1, 1, -1, 1, 1, -1, 1, 1, -1, 1, 1, -1, 1, 1, 1, 1, 1, 1, 1, 1, -1, 1, 1, 1, 1, 1, -1, 1, 1, -1, 1, -1, 1, 1, 1, -1, 1, 1, -1, 1, 1, 1, 1, 1, -1, 1, 1, 1, 1, 1, -1, 1, 1, 1, 1, 1, -1, -1, 1, -1
BQP_DATA, 215, 837, -456.000000, -616.000000, -1228.000000, -1388.000000, 1.000407, 202, 72
