Set parameter TSPort to value 51199
Set parameter TokenServer to value "open-license1.lanl.gov"
Set parameter TimeLimit to value 512
Set parameter Threads to value 1
Gurobi Optimizer version 10.0.3 build v10.0.3rc0 (linux64)

CPU model: Intel(R) Xeon(R) CPU E5-2695 v4 @ 2.10GHz, instruction set [SSE2|AVX|AVX2]
Thread count: 36 physical cores, 72 logical processors, using up to 1 threads

Optimize a model with 0 rows, 215 columns and 0 nonzeros
Model fingerprint: 0x48cf3df9
Model has 869 quadratic objective terms
Variable types: 0 continuous, 215 integer (215 binary)
Coefficient statistics:
  Matrix range     [0e+00, 0e+00]
  Objective range  [2e+00, 3e+01]
  QObjective range [8e+00, 8e+00]
  Bounds range     [1e+00, 1e+00]
  RHS range        [0e+00, 0e+00]
Found heuristic solution: objective 0.0000000
Found heuristic solution: objective -370.0000000
Found heuristic solution: objective -1208.000000
Found heuristic solution: objective -1210.000000
Presolve time: 0.25s
Presolved: 869 rows, 1084 columns, 2607 nonzeros
Variable types: 0 continuous, 1084 integer (1084 binary)

Root relaxation: objective -1.617000e+03, 299 iterations, 0.00 seconds (0.00 work units)

    Nodes    |    Current Node    |     Objective Bounds      |     Work
 Expl Unexpl |  Obj  Depth IntInf | Incumbent    BestBd   Gap | It/Node Time

     0     0 -1617.0000    0  215 -1210.0000 -1617.0000  33.6%     -    0s
     0     0 -1461.0000    0  302 -1210.0000 -1461.0000  20.7%     -    0s
     0     0 -1459.0000    0  303 -1210.0000 -1459.0000  20.6%     -    0s
     0     0 -1425.0000    0  331 -1210.0000 -1425.0000  17.8%     -    0s
     0     0 -1425.0000    0  324 -1210.0000 -1425.0000  17.8%     -    0s
     0     2 -1424.6667    0  323 -1210.0000 -1424.6667  17.7%     -    0s
   551   490 -1268.4759   17  913 -1210.0000 -1268.4759  4.83%  59.8    5s
   623   538 -1252.4660   15  995 -1210.0000 -1252.4660  3.51%  52.9   10s
   680   579 -1247.6566   27  961 -1210.0000 -1249.1838  3.24%   120   15s
   737   609 -1238.1112   31  896 -1210.0000 -1247.1636  3.07%   158   20s
   803   639 -1221.3416   38  776 -1210.0000 -1245.4751  2.93%   193   25s
   887   669 -1229.0311   34  832 -1210.0000 -1243.4364  2.76%   217   30s
   972   716     cutoff   49      -1210.0000 -1243.4333  2.76%   238   35s
  1079   733 -1227.1180   35  821 -1210.0000 -1240.1007  2.49%   249   40s
  1158   768 -1212.1447   40  762 -1210.0000 -1239.9444  2.47%   266   45s
  1249   778 -1225.2975   35  811 -1210.0000 -1239.2595  2.42%   278   50s
  1348   801 -1229.5801   34  815 -1210.0000 -1238.7499  2.38%   289   55s
  1438   823 -1227.2157   34  835 -1210.0000 -1238.1465  2.33%   300   60s
  1519   834 -1216.6888   39  802 -1210.0000 -1237.9387  2.31%   312   65s
  1613   833 -1232.9957   32  903 -1210.0000 -1237.0768  2.24%   321   70s
  1693   850 -1222.0629   37  822 -1210.0000 -1236.6478  2.20%   330   75s
  1786   863 -1225.4775   35  822 -1210.0000 -1236.3728  2.18%   334   80s
  1878   881 -1222.9446   36  810 -1210.0000 -1236.1640  2.16%   338   85s
  1992   891 -1232.2277   33  857 -1210.0000 -1235.1191  2.08%   338   90s
  2105   871 -1223.3418   36  812 -1210.0000 -1234.9893  2.07%   337   95s
  2197   888 -1230.0393   33  887 -1210.0000 -1234.6448  2.04%   339  100s
  2294   895 -1216.2139   38  791 -1210.0000 -1234.4982  2.02%   340  105s
  2378   915 -1212.6227   41  755 -1210.0000 -1234.2187  2.00%   344  110s
  2481   938 -1228.7951   34  866 -1210.0000 -1233.5067  1.94%   344  115s
  2576   967 -1216.7803   38  823 -1210.0000 -1233.4320  1.94%   345  120s
  2661   996 -1216.0790   39  812 -1210.0000 -1233.3023  1.93%   347  125s
  2764  1029 -1224.0662   34  833 -1210.0000 -1232.9882  1.90%   346  130s
  2855  1067 -1226.7478   36  833 -1210.0000 -1232.8349  1.89%   347  135s
  2955  1121 -1215.1029   40  787 -1210.0000 -1232.7215  1.88%   347  140s
  3043  1159     cutoff   41      -1210.0000 -1232.6601  1.87%   348  145s
  3123  1181 -1213.4151   40  791 -1210.0000 -1232.5307  1.86%   350  150s
  3217  1215 -1226.8393   34  843 -1210.0000 -1232.2740  1.84%   349  155s
  3298  1252 -1230.3164   34  852 -1210.0000 -1232.2142  1.84%   350  160s
  3394  1300 -1220.2874   40  625 -1210.0000 -1232.0451  1.82%   350  165s
  3491  1330 -1215.9767   40  783 -1210.0000 -1231.6764  1.79%   349  170s
  3585  1357 -1214.1546   40  775 -1210.0000 -1231.4693  1.77%   350  175s
  3672  1389 -1224.3511   36  829 -1210.0000 -1231.2211  1.75%   351  180s
  3769  1422 -1212.2406   40  790 -1210.0000 -1230.9230  1.73%   351  185s
  3852  1462 -1214.3498   39  777 -1210.0000 -1230.7055  1.71%   352  190s
  3962  1475 -1225.6369   35  845 -1210.0000 -1230.6334  1.71%   350  195s
  4029  1496 -1218.1635   36  817 -1210.0000 -1230.5031  1.69%   352  200s
  4122  1535 -1218.0563   39  769 -1210.0000 -1230.4225  1.69%   352  205s
  4220  1563     cutoff   43      -1210.0000 -1230.2367  1.67%   351  210s
  4307  1590 -1212.4598   41  760 -1210.0000 -1230.1308  1.66%   351  215s
  4405  1602 -1224.2865   35  840 -1210.0000 -1230.0870  1.66%   351  220s
  4494  1633 -1226.1986   34  880 -1210.0000 -1230.0281  1.66%   352  225s
  4590  1661 -1223.6390   35  826 -1210.0000 -1229.8074  1.64%   352  230s
  4677  1693     cutoff   40      -1210.0000 -1229.6479  1.62%   353  235s
  4777  1711 -1222.5316   35  876 -1210.0000 -1229.6172  1.62%   353  240s
  4870  1743 -1215.2545   41  770 -1210.0000 -1229.5271  1.61%   353  245s
  4955  1770 -1224.6132   34  863 -1210.0000 -1229.4643  1.61%   354  250s
  5047  1802     cutoff   40      -1210.0000 -1229.4125  1.60%   354  255s
  5132  1829 -1212.7870   43  694 -1210.0000 -1229.3513  1.60%   354  260s
  5240  1847     cutoff   47      -1210.0000 -1229.2486  1.59%   354  265s
  5328  1871 -1224.4283   37  832 -1210.0000 -1229.1397  1.58%   354  270s
  5418  1901 -1220.2035   37  800 -1210.0000 -1229.0211  1.57%   355  275s
  5508  1938 -1213.6453   45  669 -1210.0000 -1228.9807  1.57%   355  280s
  5605  1947     cutoff   42      -1210.0000 -1228.9047  1.56%   355  285s
  5699  1981 -1218.4299   39  767 -1210.0000 -1228.7799  1.55%   355  290s
  5797  2010 -1216.9433   38  818 -1210.0000 -1228.7205  1.55%   355  295s
  5902  2039 -1212.0146   49  561 -1210.0000 -1228.6194  1.54%   354  300s
  6003  2055 -1216.3404   36  820 -1210.0000 -1228.5794  1.54%   354  305s
  6093  2079 -1223.1210   35  843 -1210.0000 -1228.5463  1.53%   354  310s
  6192  2105 -1221.0355   37  812 -1210.0000 -1228.4733  1.53%   353  315s
  6287  2135 -1220.0562   35  809 -1210.0000 -1228.3892  1.52%   353  320s
  6390  2152 -1214.5914   38  789 -1210.0000 -1228.3267  1.51%   353  325s
  6477  2167 -1212.9641   41  793 -1210.0000 -1228.1733  1.50%   353  330s
  6593  2189 -1225.3274   34  853 -1210.0000 -1228.0516  1.49%   352  335s
  6681  2218 -1224.8001   37  829 -1210.0000 -1227.9259  1.48%   352  340s
  6777  2244 -1216.3196   40  790 -1210.0000 -1227.8389  1.47%   352  345s
  6879  2260 -1218.2143   37  797 -1210.0000 -1227.7682  1.47%   352  350s
  6979  2281 -1218.0227   37  803 -1210.0000 -1227.6768  1.46%   352  355s
  7074  2312 -1212.4318   40  773 -1210.0000 -1227.6117  1.46%   352  360s
  7163  2334 -1214.6262   41  727 -1210.0000 -1227.5532  1.45%   352  365s
  7269  2362 -1215.6953   45  689 -1210.0000 -1227.4549  1.44%   352  370s
  7369  2386 -1212.4804   38  816 -1210.0000 -1227.3732  1.44%   351  375s
  7476  2412 -1218.9487   36  841 -1210.0000 -1227.3155  1.43%   351  380s
  7574  2435 -1212.3452   41  779 -1210.0000 -1227.2439  1.43%   351  385s
  7676  2473 -1218.4389   37  802 -1210.0000 -1227.1542  1.42%   350  390s
  7781  2499 -1218.9488   37  818 -1210.0000 -1227.0646  1.41%   350  395s
  7870  2510 -1223.8821   36  842 -1210.0000 -1227.0170  1.41%   350  400s
  7955  2531 -1216.5087   39  772 -1210.0000 -1226.9558  1.40%   350  405s
  8056  2551 -1217.2271   39  801 -1210.0000 -1226.8946  1.40%   350  410s
  8148  2574 -1215.6175   40  741 -1210.0000 -1226.8162  1.39%   350  415s
  8248  2588 -1222.1049   35  871 -1210.0000 -1226.7345  1.38%   350  420s
  8358  2613 -1212.6015   43  744 -1210.0000 -1226.6878  1.38%   350  425s
  8471  2640 -1219.8277   35  838 -1210.0000 -1226.5550  1.37%   349  430s
  8560  2657 -1214.8470   39  796 -1210.0000 -1226.5360  1.37%   349  435s
  8664  2679 -1221.1673   37  799 -1210.0000 -1226.4348  1.36%   349  440s
  8762  2685 -1218.4343   37  805 -1210.0000 -1226.3781  1.35%   349  445s
  8872  2711 -1213.7920   38  796 -1210.0000 -1226.2887  1.35%   349  450s
  8973  2732 -1215.9940   41  740 -1210.0000 -1226.1667  1.34%   349  455s
  9083  2756 -1212.0670   45  571 -1210.0000 -1226.1029  1.33%   348  460s
  9197  2774 -1216.1903   41  728 -1210.0000 -1226.0417  1.33%   348  465s
  9314  2801 -1220.1357   39  776 -1210.0000 -1225.9755  1.32%   347  470s
  9409  2822 -1215.2502   38  796 -1210.0000 -1225.9160  1.32%   347  475s
  9539  2826 -1213.6139   37  818 -1210.0000 -1225.8950  1.31%   346  480s
  9636  2845 -1214.6475   42  761 -1210.0000 -1225.8771  1.31%   346  485s
  9733  2862 -1213.2519   40  762 -1210.0000 -1225.7701  1.30%   347  490s
  9842  2891 -1218.9199   36  836 -1210.0000 -1225.7251  1.30%   346  495s
  9950  2909 -1212.0693   40  779 -1210.0000 -1225.6983  1.30%   346  500s
 10053  2926 -1222.9328   35  835 -1210.0000 -1225.6522  1.29%   346  505s
 10164  2961 -1212.7515   41  771 -1210.0000 -1225.6171  1.29%   346  510s

Cutting planes:
  Gomory: 16
  MIR: 42
  Flow cover: 414
  Zero half: 182
  RLT: 39
  BQP: 65

Explored 10202 nodes (3523547 simplex iterations) in 512.00 seconds (485.31 work units)
Thread count was 1 (of 72 available processors)

Solution count 4: -1210 -1208 -370 0 

Time limit reached
Best objective -1.210000000000e+03, best bound -1.224000000000e+03, gap 1.1570%

User-callback calls 83657, time in user-callback 0.51 sec

BQP_SOLUTION, 215, 869, -462.000000, 512.003217, 1, 1, 1, 1, 1, -1, 1, 1, -1, 1, 1, 1, -1, 1, 1, 1, 1, -1, 1, 1, 1, 1, 1, 1, 1, 1, 1, 1, 1, 1, 1, 1, 1, 1, 1, -1, 1, 1, -1, 1, 1, 1, 1, -1, -1, 1, 1, -1, 1, -1, -1, -1, 1, -1, 1, -1, -1, -1, -1, 1, 1, -1, 1, -1, 1, -1, 1, -1, 1, -1, 1, -1, -1, -1, 1, 1, -1, 1, -1, -1, -1, -1, 1, 1, -1, -1, -1, 1, -1, -1, 1, -1, -1, -1, 1, -1, 1, -1, 1, -1, -1, 1, -1, 1, 1, 1, -1, -1, 1, 1, -1, 1, -1, -1, 1, -1, -1, 1, -1, -1, -1, -1, -1, -1, 1, -1, 1, 1, -1, 1, 1, -1, 1, 1, -1, -1, 1, 1, -1, 1, -1, -1, 1, -1, 1, 1, -1, -1, 1, -1, 1, 1, -1, 1, 1, -1, 1, -1, -1, 1, 1, -1, 1, 1, -1, 1, 1, -1, -1, 1, -1, 1, -1, -1, 1, 1, -1, 1, 1, -1, 1, 1, -1, 1, 1, 1, -1, 1, -1, 1, 1, -1, 1, 1, -1, 1, 1, -1, 1, 1, 1, -1, 1, -1, 1, 1, -1, 1, -1, -1, 1, -1, 1, 1, 1
BQP_DATA, 215, 869, -462.000000, -476.000000, -1210.000000, -1224.000000, 512.003217, 654, 10202
