Set parameter TSPort to value 51199
Set parameter TokenServer to value "open-license1.lanl.gov"
Set parameter TimeLimit to value 512
Set parameter Threads to value 1
Gurobi Optimizer version 10.0.3 build v10.0.3rc0 (linux64)

CPU model: Intel(R) Xeon(R) CPU E5-2695 v4 @ 2.10GHz, instruction set [SSE2|AVX|AVX2]
Thread count: 36 physical cores, 72 logical processors, using up to 1 threads

Optimize a model with 0 rows, 215 columns and 0 nonzeros
Model fingerprint: 0x58d0de63
Model has 806 quadratic objective terms
Variable types: 0 continuous, 215 integer (215 binary)
Coefficient statistics:
  Matrix range     [0e+00, 0e+00]
  Objective range  [2e+00, 3e+01]
  QObjective range [8e+00, 8e+00]
  Bounds range     [1e+00, 1e+00]
  RHS range        [0e+00, 0e+00]
Found heuristic solution: objective 0.0000000
Found heuristic solution: objective -360.0000000
Found heuristic solution: objective -1180.000000
Found heuristic solution: objective -1192.000000
Presolve removed 0 rows and 1 columns
Presolve time: 0.11s
Presolved: 805 rows, 1019 columns, 2415 nonzeros
Variable types: 0 continuous, 1019 integer (1019 binary)

Root relaxation: objective -1.562000e+03, 248 iterations, 0.00 seconds (0.00 work units)

    Nodes    |    Current Node    |     Objective Bounds      |     Work
 Expl Unexpl |  Obj  Depth IntInf | Incumbent    BestBd   Gap | It/Node Time

     0     0 -1562.0000    0  214 -1192.0000 -1562.0000  31.0%     -    0s
     0     0 -1402.0000    0  298 -1192.0000 -1402.0000  17.6%     -    0s
     0     0 -1402.0000    0  298 -1192.0000 -1402.0000  17.6%     -    0s
     0     0 -1365.5000    0  341 -1192.0000 -1365.5000  14.6%     -    0s
     0     0 -1365.5000    0  322 -1192.0000 -1365.5000  14.6%     -    0s
     0     2 -1365.5000    0  319 -1192.0000 -1365.5000  14.6%     -    0s
   570   498 -1256.2252   10  828 -1192.0000 -1256.2252  5.39%  64.6    5s
   645   543 -1242.0636   17  776 -1192.0000 -1247.6801  4.67%   131   10s
   738   587 -1217.8890   24  687 -1192.0000 -1245.4097  4.48%   177   15s
   866   617 -1234.0699   19  741 -1192.0000 -1240.8007  4.09%   208   20s
   995   655 -1231.1370   20  748 -1192.0000 -1237.4545  3.81%   229   25s
* 1047   633              37    -1196.000000 -1237.3760  3.46%   235   27s
  1125   640     cutoff   31      -1196.0000 -1236.2661  3.37%   243   30s
  1248   684 -1211.3760   27  640 -1196.0000 -1235.5060  3.30%   258   35s
  1387   701 -1230.9111   20  737 -1196.0000 -1234.0930  3.19%   267   40s
  1554   711 -1220.2214   22  696 -1196.0000 -1233.7326  3.15%   268   45s
  1687   735 -1204.5714   27  638 -1196.0000 -1232.6088  3.06%   274   50s
  1838   762 -1210.7539   25  680 -1196.0000 -1231.8428  3.00%   278   55s
  1990   770 -1204.6691   28  656 -1196.0000 -1231.1603  2.94%   280   60s
  2139   808 -1209.7607   28  639 -1196.0000 -1230.8275  2.91%   281   65s
  2281   868 -1221.4101   22  690 -1196.0000 -1229.9009  2.83%   283   70s
  2409   929 -1206.5243   29  621 -1196.0000 -1229.6544  2.81%   286   75s
  2545   983 -1221.6128   21  727 -1196.0000 -1229.2227  2.78%   288   80s
  2669  1046 -1207.9909   28  642 -1196.0000 -1228.8073  2.74%   289   85s
  2791  1086 -1225.2564   20  738 -1196.0000 -1228.6214  2.73%   290   90s
  2913  1139 -1199.3912   30  631 -1196.0000 -1228.4354  2.71%   291   95s
  3017  1192 -1201.6918   30  638 -1196.0000 -1228.3253  2.70%   293  100s
H 3094  1149                    -1198.000000 -1228.1486  2.52%   292  102s
H 3113  1121                    -1200.000000 -1228.0948  2.34%   292  103s
  3163  1143 -1204.5364   29  654 -1200.0000 -1228.0579  2.34%   292  105s
  3287  1192 -1211.3422   27  658 -1200.0000 -1227.6190  2.30%   293  110s
  3409  1234 -1222.5521   21  746 -1200.0000 -1227.3777  2.28%   294  115s
  3539  1277 -1205.1466   29  646 -1200.0000 -1227.1467  2.26%   294  120s
  3659  1320 -1214.9942   24  683 -1200.0000 -1226.8153  2.23%   295  125s
H 3709  1278                    -1202.000000 -1226.6800  2.05%   295  126s
  3805  1301 -1217.0896   24  682 -1202.0000 -1226.4583  2.03%   295  130s
H 3941  1241                    -1204.000000 -1226.3323  1.85%   293  134s
  3968  1246 -1223.1434   21  725 -1204.0000 -1226.2423  1.85%   293  135s
  4092  1280 -1223.1027   21  752 -1204.0000 -1225.8956  1.82%   294  140s
  4220  1312 -1212.8660   24  698 -1204.0000 -1225.4507  1.78%   295  145s
  4380  1343 -1215.1918   24  676 -1204.0000 -1225.3285  1.77%   294  150s
  4525  1373     cutoff   26      -1204.0000 -1225.0736  1.75%   293  155s
  4685  1406 -1218.9319   23  734 -1204.0000 -1225.0042  1.74%   292  160s
  4825  1437 -1213.4380   26  667 -1204.0000 -1224.6823  1.72%   292  165s
  4968  1466 -1219.8670   23  727 -1204.0000 -1224.4687  1.70%   293  170s
  5101  1481 -1217.7646   24  676 -1204.0000 -1224.2393  1.68%   293  175s
  5238  1510 -1220.6279   23  720 -1204.0000 -1224.0020  1.66%   293  180s
  5360  1546 -1206.7491   26  695 -1204.0000 -1223.8804  1.65%   293  185s
  5506  1559 -1211.2132   25  677 -1204.0000 -1223.7624  1.64%   293  190s
  5647  1580 -1217.7366   24  720 -1204.0000 -1223.6006  1.63%   293  195s
  5818  1606 -1207.5484   28  642 -1204.0000 -1223.5137  1.62%   292  200s
  5987  1630 -1217.0553   22  724 -1204.0000 -1223.2539  1.60%   291  205s
  6137  1664 -1219.0790   22  733 -1204.0000 -1223.0931  1.59%   290  210s
  6284  1681 -1219.1589   23  709 -1204.0000 -1222.9761  1.58%   290  215s
  6424  1703 -1216.6197   23  723 -1204.0000 -1222.7992  1.56%   290  220s
  6583  1721 -1206.5473   27  659 -1204.0000 -1222.6973  1.55%   290  225s
  6737  1746 -1216.9373   22  750 -1204.0000 -1222.4834  1.54%   289  230s
  6885  1774 -1208.7290   28  684 -1204.0000 -1222.3052  1.52%   289  235s
  7038  1785 -1210.6392   25  696 -1204.0000 -1222.1510  1.51%   289  240s
  7186  1799 -1206.0954   27  674 -1204.0000 -1222.0462  1.50%   288  245s
  7348  1808 -1212.5493   24  679 -1204.0000 -1221.8449  1.48%   287  250s
  7514  1832 -1206.8502   28  651 -1204.0000 -1221.7392  1.47%   287  255s
  7671  1850     cutoff   30      -1204.0000 -1221.6018  1.46%   287  260s
  7823  1867 -1219.0432   23  729 -1204.0000 -1221.5103  1.45%   286  265s
  7968  1882 -1209.1731   25  674 -1204.0000 -1221.3795  1.44%   286  270s
  8109  1900 -1218.2674   23  722 -1204.0000 -1221.2689  1.43%   286  275s
  8257  1920 -1209.0542   25  696 -1204.0000 -1221.1888  1.43%   286  280s
  8419  1936 -1206.7112   29  637 -1204.0000 -1221.0589  1.42%   286  285s
  8568  1951 -1212.8412   25  681 -1204.0000 -1220.9518  1.41%   286  290s
  8724  1953 -1217.3397   23  708 -1204.0000 -1220.7653  1.39%   285  295s
  8883  1968 -1212.8236   25  692 -1204.0000 -1220.6322  1.38%   285  300s
  9040  1986 -1214.0311   24  698 -1204.0000 -1220.5575  1.38%   284  305s
  9186  2003 -1215.4875   23  728 -1204.0000 -1220.4533  1.37%   284  310s
  9340  2020 -1207.9606   26  653 -1204.0000 -1220.2930  1.35%   284  315s
  9505  2029 -1217.4643   24  695 -1204.0000 -1220.1783  1.34%   283  320s
  9653  2044 -1212.8046   25  690 -1204.0000 -1220.0870  1.34%   283  325s
  9827  2059     cutoff   29      -1204.0000 -1219.9777  1.33%   283  330s
  9978  2063 -1209.1607   27  653 -1204.0000 -1219.7896  1.31%   282  335s
 10135  2079 -1210.2970   27  662 -1204.0000 -1219.7108  1.30%   282  340s

Cutting planes:
  Gomory: 26
  MIR: 49
  Flow cover: 16
  Zero half: 526
  Mod-K: 1
  RLT: 41
  BQP: 44

Explored 10202 nodes (2877340 simplex iterations) in 371.34 seconds (342.53 work units)
Thread count was 1 (of 72 available processors)

Solution count 9: -1204 -1202 -1200 ... 0
No other solutions better than -1204

Optimal solution found (tolerance 1.00e-04)
Best objective -1.204000000000e+03, best bound -1.204000000000e+03, gap 0.0000%

User-callback calls 69486, time in user-callback 0.34 sec

BQP_SOLUTION, 215, 806, -448.000000, 371.335181, 1, -1, 1, -1, 1, -1, 1, 1, -1, 1, -1, 1, 1, -1, 1, 1, -1, 1, 1, -1, -1, 1, -1, 1, 1, 1, -1, 1, -1, -1, 1, -1, -1, 1, -1, -1, -1, -1, -1, -1, -1, -1, 1, -1, -1, -1, -1, -1, 1, -1, -1, -1, -1, -1, -1, -1, -1, 1, -1, -1, -1, -1, -1, -1, 1, -1, 1, 1, -1, -1, 1, -1, 1, -1, -1, 1, -1, -1, 1, -1, -1, 1, -1, -1, 1, 1, -1, -1, -1, 1, -1, 1, -1, 1, 1, -1, -1, 1, -1, 1, -1, -1, 1, 1, -1, 1, -1, -1, 1, 1, -1, 1, 1, -1, -1, 1, 1, -1, 1, -1, 1, 1, -1, -1, -1, -1, 1, -1, 1, -1, -1, -1, 1, -1, -1, 1, -1, -1, 1, -1, 1, 1, -1, 1, -1, -1, 1, -1, -1, 1, 1, -1, 1, 1, -1, -1, 1, -1, 1, 1, -1, 1, 1, 1, 1, 1, -1, -1, 1, 1, 1, 1, 1, -1, 1, 1, 1, 1, 1, 1, 1, 1, 1, 1, 1, 1, 1, 1, 1, 1, 1, 1, -1, 1, 1, 1, 1, -1, 1, -1, 1, 1, 1, 1, 1, 1, -1, 1, 1, -1, 1, 1, -1, 1, 1
BQP_DATA, 215, 806, -448.000000, -448.000000, -1204.000000, -1204.000000, 371.335181, 618, 10202
