Set parameter TSPort to value 51199
Set parameter TokenServer to value "open-license1.lanl.gov"
Set parameter TimeLimit to value 512
Set parameter Threads to value 1
Gurobi Optimizer version 10.0.3 build v10.0.3rc0 (linux64)

CPU model: Intel(R) Xeon(R) CPU E5-2695 v4 @ 2.10GHz, instruction set [SSE2|AVX|AVX2]
Thread count: 36 physical cores, 72 logical processors, using up to 1 threads

Optimize a model with 0 rows, 215 columns and 0 nonzeros
Model fingerprint: 0x1ee2de91
Model has 854 quadratic objective terms
Variable types: 0 continuous, 215 integer (215 binary)
Coefficient statistics:
  Matrix range     [0e+00, 0e+00]
  Objective range  [2e+00, 3e+01]
  QObjective range [8e+00, 8e+00]
  Bounds range     [1e+00, 1e+00]
  RHS range        [0e+00, 0e+00]
Found heuristic solution: objective 0.0000000
Found heuristic solution: objective -362.0000000
Found heuristic solution: objective -1234.000000
Found heuristic solution: objective -1236.000000
Presolve removed 0 rows and 1 columns
Presolve time: 0.29s
Presolved: 853 rows, 1067 columns, 2559 nonzeros
Variable types: 0 continuous, 1067 integer (1067 binary)

Root relaxation: objective -1.633000e+03, 272 iterations, 0.00 seconds (0.00 work units)

    Nodes    |    Current Node    |     Objective Bounds      |     Work
 Expl Unexpl |  Obj  Depth IntInf | Incumbent    BestBd   Gap | It/Node Time

     0     0 -1633.0000    0  214 -1236.0000 -1633.0000  32.1%     -    0s
     0     0 -1467.0000    0  313 -1236.0000 -1467.0000  18.7%     -    0s
     0     0 -1466.5000    0  310 -1236.0000 -1466.5000  18.6%     -    0s
     0     0 -1423.7903    0  356 -1236.0000 -1423.7903  15.2%     -    0s
     0     0 -1423.7903    0  344 -1236.0000 -1423.7903  15.2%     -    0s
     0     2 -1423.7258    0  344 -1236.0000 -1423.7258  15.2%     -    0s
   563   502 -1239.5000   39  832 -1236.0000 -1302.8698  5.41%  75.3    5s
   631   548 -1289.0000   22  908 -1236.0000 -1290.1016  4.38%   104   10s
   699   596 -1264.2719   34  743 -1236.0000 -1282.8162  3.79%   148   15s
H  786   605                    -1238.000000 -1282.8098  3.62%   177   19s
   800   604 -1271.9868   27  814 -1238.0000 -1281.2703  3.50%   184   20s
   867   641 -1256.5063   34  741 -1238.0000 -1281.2560  3.49%   214   25s
   961   686     cutoff   42      -1238.0000 -1279.8845  3.38%   245   30s
  1085   711 -1271.9352   28  818 -1238.0000 -1279.2074  3.33%   260   35s
  1169   731 -1258.4203   32  735 -1238.0000 -1277.5605  3.20%   275   40s
  1295   763 -1268.7786   28  805 -1238.0000 -1276.7651  3.13%   281   45s
  1406   778 -1260.5376   32  753 -1238.0000 -1276.3624  3.10%   287   50s
  1525   823 -1243.8205   42  661 -1238.0000 -1275.5865  3.04%   292   55s
  1638   840 -1268.3767   31  770 -1238.0000 -1274.6182  2.96%   298   60s
  1764   850 -1268.7669   30  769 -1238.0000 -1273.5684  2.87%   300   65s
  1901   881 -1262.0024   29  789 -1238.0000 -1272.8096  2.81%   301   70s
H 1960   789                    -1242.000000 -1272.7159  2.47%   302   72s
  2004   792 -1269.8186   28  835 -1242.0000 -1272.3808  2.45%   304   75s
  2092   798 -1259.8923   31  769 -1242.0000 -1272.0380  2.42%   310   80s
  2212   808 -1251.3486   38  707 -1242.0000 -1271.8336  2.40%   312   85s
  2324   837 -1255.2265   33  729 -1242.0000 -1271.6504  2.39%   314   90s
H 2431   841                    -1244.000000 -1271.3615  2.20%   314   94s
  2445   845 -1263.0884   30  765 -1244.0000 -1271.2268  2.19%   314   95s
  2551   895 -1248.6652   34  757 -1244.0000 -1270.8212  2.16%   316  100s
  2653   943 -1263.5848   31  752 -1244.0000 -1270.6672  2.14%   318  105s
  2750   986 -1247.2140   37  677 -1244.0000 -1270.2492  2.11%   321  110s
  2847  1008 -1246.0995   36  707 -1244.0000 -1270.2411  2.11%   323  115s
  2964  1035 -1265.5215   29  814 -1244.0000 -1269.8161  2.08%   323  120s
  3059  1074 -1246.6081   36  714 -1244.0000 -1269.6216  2.06%   324  125s
  3159  1102 -1258.3354   31  773 -1244.0000 -1269.4265  2.04%   325  130s
  3254  1137 -1251.0004   36  687 -1244.0000 -1269.2486  2.03%   327  135s
  3356  1170 -1261.7840   30  779 -1244.0000 -1269.0101  2.01%   328  140s
  3452  1205 -1255.8590   35  718 -1244.0000 -1268.9218  2.00%   329  145s
  3559  1246 -1257.9378   31  752 -1244.0000 -1268.7256  1.99%   329  150s
  3661  1287 -1265.1838   28  812 -1244.0000 -1268.5688  1.97%   330  155s
  3775  1313 -1253.1274   36  696 -1244.0000 -1268.4066  1.96%   330  160s
  3885  1338 -1262.8570   31  740 -1244.0000 -1268.3046  1.95%   330  165s
  3993  1381 -1246.0436   41  575 -1244.0000 -1268.1682  1.94%   330  170s
  4094  1406 -1265.2229   31  767 -1244.0000 -1267.8794  1.92%   331  175s
  4196  1446 -1257.1751   36  715 -1244.0000 -1267.7248  1.91%   331  180s
  4306  1469 -1246.0514   37  703 -1244.0000 -1267.6801  1.90%   331  185s
  4419  1510 -1250.3829   34  710 -1244.0000 -1267.2497  1.87%   331  190s
  4527  1533 -1254.2160   33  750 -1244.0000 -1267.1711  1.86%   331  195s
  4639  1568 -1257.3784   32  773 -1244.0000 -1267.0677  1.85%   331  200s
  4738  1601 -1247.5722   38  696 -1244.0000 -1266.7821  1.83%   332  205s
  4850  1640 -1249.6019   35  728 -1244.0000 -1266.6794  1.82%   332  210s
  4962  1665 -1256.8560   35  695 -1244.0000 -1266.5216  1.81%   332  215s
  5090  1710 -1250.1708   36  720 -1244.0000 -1266.4629  1.81%   331  220s
  5202  1730 -1246.5644   36  704 -1244.0000 -1266.3801  1.80%   331  225s
  5295  1760 -1261.4362   30  776 -1244.0000 -1266.2308  1.79%   331  230s
  5419  1788 -1260.5821   30  794 -1244.0000 -1266.0795  1.77%   331  235s
  5531  1823 -1250.2768   36  698 -1244.0000 -1265.9843  1.77%   331  240s
  5646  1837 -1250.1105   36  714 -1244.0000 -1265.9074  1.76%   330  245s
  5757  1877 -1252.8502   34  712 -1244.0000 -1265.7956  1.75%   330  250s
  5870  1901 -1255.2535   30  776 -1244.0000 -1265.6624  1.74%   330  255s
  5979  1934 -1247.5968   34  729 -1244.0000 -1265.6340  1.74%   331  260s
  6106  1963 -1249.6072   40  653 -1244.0000 -1265.5270  1.73%   330  265s
  6227  1993 -1256.6479   32  767 -1244.0000 -1265.4319  1.72%   330  270s
  6332  2019 -1257.3608   33  736 -1244.0000 -1265.3530  1.72%   330  275s
  6459  2046 -1261.4035   30  795 -1244.0000 -1265.2513  1.71%   330  280s
  6569  2072 -1248.2347   35  713 -1244.0000 -1265.1935  1.70%   330  285s
  6695  2093 -1260.8020   31  757 -1244.0000 -1265.1244  1.70%   330  290s
  6809  2132     cutoff   35      -1244.0000 -1265.0570  1.69%   330  295s
  6932  2143 -1250.8803   34  732 -1244.0000 -1265.0027  1.69%   329  300s
  7045  2177 -1252.2376   34  761 -1244.0000 -1264.8292  1.67%   329  305s
  7156  2204 -1259.1160   31  781 -1244.0000 -1264.7149  1.67%   329  310s
  7260  2238     cutoff   38      -1244.0000 -1264.5547  1.65%   330  315s
  7372  2262 -1248.6518   34  751 -1244.0000 -1264.4465  1.64%   330  320s
  7491  2289 -1251.0896   38  648 -1244.0000 -1264.3853  1.64%   330  325s
  7623  2323 -1261.6465   32  771 -1244.0000 -1264.2658  1.63%   329  330s
  7749  2340 -1253.5780   33  751 -1244.0000 -1264.1807  1.62%   329  335s
  7875  2365 -1260.2590   31  783 -1244.0000 -1264.0691  1.61%   328  340s
  7983  2387 -1249.8439   37  695 -1244.0000 -1263.9814  1.61%   329  345s
  8090  2426 -1249.0488   37  686 -1244.0000 -1263.8859  1.60%   329  350s
  8227  2445     cutoff   37      -1244.0000 -1263.6924  1.58%   328  355s
  8345  2475 -1257.2184   32  781 -1244.0000 -1263.6257  1.58%   328  360s
  8467  2507 -1250.7641   38  633 -1244.0000 -1263.3648  1.56%   328  365s
  8583  2530 -1253.3743   34  735 -1244.0000 -1263.3102  1.55%   328  370s
  8706  2567 -1257.8082   33  768 -1244.0000 -1263.2297  1.55%   327  375s
  8823  2588 -1260.7640   31  793 -1244.0000 -1263.0980  1.54%   327  380s
  8936  2608 -1259.2158   31  788 -1244.0000 -1262.9840  1.53%   327  385s
  9057  2640     cutoff   37      -1244.0000 -1262.8825  1.52%   327  390s
  9168  2662 -1256.1763   32  755 -1244.0000 -1262.7956  1.51%   327  395s
  9317  2690 -1258.5619   31  780 -1244.0000 -1262.6983  1.50%   326  400s
  9437  2714     cutoff   35      -1244.0000 -1262.6138  1.50%   326  405s
  9543  2743 -1251.1777   34  757 -1244.0000 -1262.5690  1.49%   326  410s
  9664  2752 -1250.1763   35  728 -1244.0000 -1262.5108  1.49%   326  415s
  9789  2777 -1248.5731   35  749 -1244.0000 -1262.3923  1.48%   326  420s
  9891  2806 -1247.3813   35  742 -1244.0000 -1262.3387  1.47%   326  425s
 10006  2820 -1254.0899   33  736 -1244.0000 -1262.2731  1.47%   326  430s
 10132  2842 -1248.8071   34  753 -1244.0000 -1262.1977  1.46%   326  435s

Cutting planes:
  Gomory: 23
  MIR: 35
  Flow cover: 32
  Zero half: 453
  RLT: 52
  BQP: 89

Explored 10202 nodes (3324287 simplex iterations) in 495.19 seconds (477.19 work units)
Thread count was 1 (of 72 available processors)

Solution count 7: -1244 -1242 -1238 ... 0
No other solutions better than -1244

Optimal solution found (tolerance 1.00e-04)
Best objective -1.244000000000e+03, best bound -1.244000000000e+03, gap 0.0000%

User-callback calls 81973, time in user-callback 0.39 sec

BQP_SOLUTION, 215, 854, -465.000000, 495.186758, 1, -1, 1, -1, -1, 1, 1, -1, -1, 1, -1, -1, 1, -1, -1, 1, -1, 1, 1, -1, -1, 1, -1, -1, 1, 1, -1, 1, -1, -1, 1, 1, -1, 1, 1, -1, 1, -1, -1, 1, -1, -1, 1, 1, 1, 1, -1, -1, 1, 1, -1, 1, 1, -1, 1, 1, -1, 1, -1, -1, -1, 1, -1, -1, 1, -1, 1, 1, 1, 1, 1, -1, 1, 1, -1, 1, 1, -1, 1, 1, -1, -1, 1, -1, -1, 1, -1, 1, 1, -1, 1, 1, -1, 1, 1, -1, 1, -1, 1, -1, 1, 1, 1, 1, 1, -1, 1, -1, 1, -1, -1, 1, -1, -1, 1, -1, -1, -1, -1, -1, 1, -1, -1, -1, -1, -1, -1, 1, 1, -1, 1, -1, -1, 1, -1, -1, -1, 1, -1, -1, 1, -1, -1, -1, -1, 1, -1, 1, 1, 1, -1, 1, 1, -1, 1, 1, -1, -1, 1, -1, -1, 1, -1, -1, 1, 1, -1, 1, 1, -1, 1, -1, -1, 1, 1, 1, 1, 1, -1, 1, -1, 1, 1, 1, -1, 1, 1, -1, 1, 1, 1, 1, 1, 1, 1, 1, 1, 1, 1, -1, 1, 1, 1, 1, 1, 1, 1, 1, 1, -1, 1, -1, 1, 1, 1
BQP_DATA, 215, 854, -465.000000, -465.000000, -1244.000000, -1244.000000, 495.186758, 543, 10202
