Set parameter TSPort to value 51199
Set parameter TokenServer to value "open-license1.lanl.gov"
Set parameter TimeLimit to value 8192
Set parameter Threads to value 1
Gurobi Optimizer version 10.0.3 build v10.0.3rc0 (linux64)

CPU model: Intel(R) Xeon(R) CPU E5-2695 v4 @ 2.10GHz, instruction set [SSE2|AVX|AVX2]
Thread count: 36 physical cores, 72 logical processors, using up to 1 threads

Optimize a model with 0 rows, 215 columns and 0 nonzeros
Model fingerprint: 0x3b17c402
Model has 835 quadratic objective terms
Variable types: 0 continuous, 215 integer (215 binary)
Coefficient statistics:
  Matrix range     [0e+00, 0e+00]
  Objective range  [2e+00, 2e+01]
  QObjective range [8e+00, 8e+00]
  Bounds range     [1e+00, 1e+00]
  RHS range        [0e+00, 0e+00]
Found heuristic solution: objective 0.0000000
Found heuristic solution: objective -364.0000000
Found heuristic solution: objective -1192.000000
Found heuristic solution: objective -1194.000000
Presolve time: 0.26s
Presolved: 835 rows, 1050 columns, 2505 nonzeros
Variable types: 0 continuous, 1050 integer (1050 binary)

Root relaxation: objective -1.578000e+03, 274 iterations, 0.00 seconds (0.00 work units)

    Nodes    |    Current Node    |     Objective Bounds      |     Work
 Expl Unexpl |  Obj  Depth IntInf | Incumbent    BestBd   Gap | It/Node Time

     0     0 -1578.0000    0  215 -1194.0000 -1578.0000  32.2%     -    0s
     0     0 -1404.0000    0  302 -1194.0000 -1404.0000  17.6%     -    0s
     0     0 -1373.6667    0  339 -1194.0000 -1373.6667  15.0%     -    0s
     0     0 -1373.6667    0  332 -1194.0000 -1373.6667  15.0%     -    0s
     0     2 -1373.6667    0  326 -1194.0000 -1373.6667  15.0%     -    0s
   567   497 -1260.1500   11  841 -1194.0000 -1260.1500  5.54%  70.8    5s
   637   545 -1245.1152   16  888 -1194.0000 -1245.1152  4.28%   101   10s
   715   599 -1213.9939   38  718 -1194.0000 -1236.0917  3.53%   139   15s
   826   651 -1206.6231   40  695 -1194.0000 -1234.7323  3.41%   176   20s
   932   698 -1223.8880   31  770 -1194.0000 -1234.2058  3.37%   205   25s
  1042   761 -1203.0913   46  633 -1194.0000 -1234.2034  3.37%   229   30s
  1193   786 -1222.6270   31  775 -1194.0000 -1231.8292  3.17%   239   35s
  1310   830 -1212.8610   33  761 -1194.0000 -1230.2219  3.03%   256   40s
  1434   853 -1218.8093   33  768 -1194.0000 -1229.8900  3.01%   264   45s
H 1489   829                    -1196.000000 -1229.3145  2.79%   269   47s
  1544   846 -1207.2471   39  716 -1196.0000 -1229.0142  2.76%   276   50s
  1663   877 -1198.6863   39  678 -1196.0000 -1228.6951  2.73%   284   55s
H 1763   819                    -1198.000000 -1228.2997  2.53%   285   58s
  1810   817 -1217.0608   34  749 -1198.0000 -1227.9848  2.50%   284   60s
  1932   847 -1214.6765   35  727 -1198.0000 -1227.8790  2.49%   289   65s
  2025   875 -1201.7442   39  697 -1198.0000 -1227.6201  2.47%   297   70s
  2151   898 -1216.5623   34  746 -1198.0000 -1226.9584  2.42%   301   75s
  2286   920 -1222.8345   31  779 -1198.0000 -1226.5912  2.39%   303   80s
  2403   975 -1205.9861   43  655 -1198.0000 -1226.2552  2.36%   306   85s
  2521  1037 -1218.0608   31  765 -1198.0000 -1225.7843  2.32%   308   90s
  2644  1102 -1201.1122   43  665 -1198.0000 -1225.4040  2.29%   309   95s
  2777  1162 -1204.4857   41  707 -1198.0000 -1225.1167  2.26%   310  100s
  2887  1214 -1200.6749   43  679 -1198.0000 -1224.8124  2.24%   312  105s
  2998  1261 -1218.3923   32  786 -1198.0000 -1224.5379  2.22%   314  110s
  3117  1319 -1218.7928   33  779 -1198.0000 -1224.2531  2.19%   314  115s
  3240  1382 -1218.9505   31  765 -1198.0000 -1223.9558  2.17%   315  120s
  3353  1442 -1205.5585   36  743 -1198.0000 -1223.7235  2.15%   316  125s
  3480  1501 -1209.8651   37  709 -1198.0000 -1223.5788  2.14%   316  130s
  3593  1554 -1204.4674   42  630 -1198.0000 -1223.3278  2.11%   316  135s
  3717  1612 -1220.0280   32  776 -1198.0000 -1223.1519  2.10%   317  140s
  3831  1662 -1216.9793   36  738 -1198.0000 -1223.0030  2.09%   318  145s
  3969  1716 -1218.1685   33  778 -1198.0000 -1222.8653  2.08%   319  150s
  4084  1763 -1212.9512   33  786 -1198.0000 -1222.5306  2.05%   320  155s
  4207  1815 -1217.2309   33  770 -1198.0000 -1222.3783  2.03%   321  160s
  4330  1866 -1211.4841   35  737 -1198.0000 -1222.2412  2.02%   323  165s
  4467  1921 -1207.4427   39  707 -1198.0000 -1222.1707  2.02%   324  170s
  4600  1966 -1212.6761   36  731 -1198.0000 -1222.0618  2.01%   324  175s
  4739  2021 -1216.0080   34  755 -1198.0000 -1222.0025  2.00%   325  180s
  4856  2077 -1210.8077   37  715 -1198.0000 -1221.9140  2.00%   327  185s
  4993  2116 -1209.6680   37  723 -1198.0000 -1221.7938  1.99%   327  190s
  5119  2178 -1217.2889   34  750 -1198.0000 -1221.6145  1.97%   328  195s
  5242  2228 -1219.5186   33  768 -1198.0000 -1221.4743  1.96%   329  200s
  5365  2283 -1210.7198   34  745 -1198.0000 -1221.3353  1.95%   330  205s
  5499  2324 -1208.2031   35  764 -1198.0000 -1221.2532  1.94%   330  210s
  5627  2376 -1210.2372   36  706 -1198.0000 -1221.1586  1.93%   330  215s
  5759  2425 -1204.0584   39  694 -1198.0000 -1221.0268  1.92%   331  220s
  5874  2468     cutoff   41      -1198.0000 -1220.9568  1.92%   332  225s
  6012  2508 -1207.8830   39  711 -1198.0000 -1220.8093  1.90%   332  230s
  6150  2570 -1217.1953   33  787 -1198.0000 -1220.5736  1.88%   333  235s
  6278  2634 -1200.5948   43  670 -1198.0000 -1220.5250  1.88%   333  240s
  6411  2686 -1207.5694   39  721 -1198.0000 -1220.3831  1.87%   334  245s
  6543  2743 -1201.1930   38  722 -1198.0000 -1220.2798  1.86%   334  250s
  6691  2804 -1216.4904   33  770 -1198.0000 -1220.1907  1.85%   334  255s
  6829  2872     cutoff   40      -1198.0000 -1220.1546  1.85%   334  260s
  6985  2915 -1203.5338   45  631 -1198.0000 -1220.1085  1.85%   333  265s
  7122  2957 -1216.8938   32  771 -1198.0000 -1219.9434  1.83%   333  270s
  7261  3016 -1215.8037   33  776 -1198.0000 -1219.8366  1.82%   333  275s
  7410  3068 -1210.1955   37  719 -1198.0000 -1219.8151  1.82%   333  280s
  7535  3117 -1216.0386   33  780 -1198.0000 -1219.6725  1.81%   333  285s
  7672  3178 -1202.6605   38  721 -1198.0000 -1219.6236  1.80%   334  290s
  7812  3226     cutoff   40      -1198.0000 -1219.5534  1.80%   334  295s
  7934  3262 -1213.2038   37  729 -1198.0000 -1219.4580  1.79%   334  300s
  8065  3309 -1215.7954   35  746 -1198.0000 -1219.4045  1.79%   334  305s
  8188  3374 -1201.9897   43  638 -1198.0000 -1219.3428  1.78%   335  310s
  8332  3406 -1200.7672   42  653 -1198.0000 -1219.2550  1.77%   334  315s
  8461  3454 -1204.9318   38  708 -1198.0000 -1219.0782  1.76%   335  320s
  8587  3504 -1215.0213   34  776 -1198.0000 -1218.9861  1.75%   335  325s
  8729  3550 -1215.2765   36  758 -1198.0000 -1218.9357  1.75%   335  330s
  8870  3600 -1210.1313   38  707 -1198.0000 -1218.8863  1.74%   335  335s
  9009  3655 -1212.6831   36  746 -1198.0000 -1218.8198  1.74%   335  340s
  9131  3694 -1201.9678   41  710 -1198.0000 -1218.7845  1.73%   335  345s
  9287  3737 -1215.2801   32  780 -1198.0000 -1218.6936  1.73%   334  350s
  9421  3796 -1214.0162   33  797 -1198.0000 -1218.6050  1.72%   334  355s
  9552  3862 -1200.5955   41  658 -1198.0000 -1218.5734  1.72%   335  360s
  9704  3922 -1214.9017   34  765 -1198.0000 -1218.4942  1.71%   334  365s
  9860  3949 -1207.9302   36  718 -1198.0000 -1218.4503  1.71%   334  370s
  9996  4007 -1216.7824   36  735 -1198.0000 -1218.4078  1.70%   334  375s
 10152  4063 -1213.4251   34  786 -1198.0000 -1218.3903  1.70%   334  380s
 10203  4092 -1208.6180   39  418 -1198.0000 -1218.3829  1.70%   334  447s
 10224  4106 -1216.8368   33  960 -1198.0000 -1218.3624  1.70%   333  450s
 10279  4143 -1209.1097   38  981 -1198.0000 -1217.0924  1.59%   331  455s
 10339  4183 -1211.2325   33  968 -1198.0000 -1216.0010  1.50%   330  460s
 10379  4197 -1210.3798   39  870 -1198.0000 -1212.3945  1.20%   332  465s
 10452  4207 -1203.6099   41  818 -1198.0000 -1209.7680  0.98%   334  470s
 10543  4179 -1202.7789   42  785 -1198.0000 -1208.7736  0.90%   335  475s
 10638  4154 -1200.4314   43  803 -1198.0000 -1207.1383  0.76%   336  480s
 10732  4116 -1203.7097   41  823 -1198.0000 -1206.2549  0.69%   336  485s
 10851  4066 -1201.5685   43  771 -1198.0000 -1204.4684  0.54%   336  490s

Cutting planes:
  Gomory: 18
  MIR: 30
  Flow cover: 204
  Zero half: 338
  RLT: 32
  BQP: 53

Explored 10944 nodes (3679808 simplex iterations) in 494.08 seconds (445.05 work units)
Thread count was 1 (of 72 available processors)

Solution count 6: -1198 -1196 -1194 ... 0
No other solutions better than -1198

Optimal solution found (tolerance 1.00e-04)
Best objective -1.198000000000e+03, best bound -1.198000000000e+03, gap 0.0000%

User-callback calls 88588, time in user-callback 0.43 sec

BQP_SOLUTION, 215, 835, -455.000000, 494.076500, -1, 1, -1, 1, -1, 1, -1, -1, -1, -1, -1, 1, 1, 1, -1, 1, -1, 1, -1, -1, 1, 1, -1, 1, -1, 1, 1, -1, 1, -1, -1, -1, 1, 1, 1, -1, -1, 1, 1, -1, -1, 1, -1, 1, -1, -1, 1, -1, 1, -1, -1, -1, 1, -1, -1, -1, -1, -1, 1, -1, 1, -1, -1, 1, -1, -1, 1, -1, -1, 1, -1, -1, -1, -1, 1, -1, -1, -1, -1, -1, -1, -1, -1, 1, 1, -1, 1, 1, -1, -1, 1, -1, -1, 1, -1, 1, 1, -1, 1, 1, -1, -1, -1, 1, 1, 1, -1, -1, 1, -1, 1, -1, 1, 1, -1, -1, 1, 1, -1, 1, 1, -1, 1, 1, -1, -1, 1, -1, 1, 1, -1, -1, 1, 1, -1, 1, -1, 1, 1, 1, 1, 1, 1, 1, 1, -1, 1, 1, 1, -1, 1, 1, 1, 1, 1, -1, 1, 1, 1, 1, 1, 1, 1, 1, 1, 1, 1, 1, -1, 1, 1, 1, 1, -1, 1, 1, 1, -1, 1, -1, 1, 1, -1, 1, 1, -1, 1, -1, 1, 1, 1, 1, 1, 1, -1, 1, -1, -1, 1, -1, -1, 1, -1, -1, 1, -1, -1, 1, 1, -1, -1, 1, 1, 1, -1
BQP_DATA, 215, 835, -455.000000, -455.000000, -1198.000000, -1198.000000, 494.076500, 590, 10944
