Set parameter TSPort to value 51199
Set parameter TokenServer to value "open-license1.lanl.gov"
Set parameter TimeLimit to value 8192
Set parameter Threads to value 1
Gurobi Optimizer version 10.0.3 build v10.0.3rc0 (linux64)

CPU model: Intel(R) Xeon(R) CPU E5-2695 v4 @ 2.10GHz, instruction set [SSE2|AVX|AVX2]
Thread count: 36 physical cores, 72 logical processors, using up to 1 threads

Optimize a model with 0 rows, 214 columns and 0 nonzeros
Model fingerprint: 0x0435b2f2
Model has 839 quadratic objective terms
Variable types: 0 continuous, 214 integer (214 binary)
Coefficient statistics:
  Matrix range     [0e+00, 0e+00]
  Objective range  [2e+00, 3e+01]
  QObjective range [8e+00, 8e+00]
  Bounds range     [1e+00, 1e+00]
  RHS range        [0e+00, 0e+00]
Found heuristic solution: objective 0.0000000
Found heuristic solution: objective -364.0000000
Found heuristic solution: objective -1198.000000
Presolve time: 0.25s
Presolved: 839 rows, 1053 columns, 2517 nonzeros
Variable types: 0 continuous, 1053 integer (1053 binary)

Root relaxation: objective -1.586000e+03, 260 iterations, 0.00 seconds (0.00 work units)

    Nodes    |    Current Node    |     Objective Bounds      |     Work
 Expl Unexpl |  Obj  Depth IntInf | Incumbent    BestBd   Gap | It/Node Time

     0     0 -1586.0000    0  214 -1198.0000 -1586.0000  32.4%     -    0s
     0     0 -1427.0000    0  296 -1198.0000 -1427.0000  19.1%     -    0s
     0     0 -1425.0000    0  297 -1198.0000 -1425.0000  18.9%     -    0s
     0     0 -1390.5000    0  337 -1198.0000 -1390.5000  16.1%     -    0s
     0     0 -1390.5000    0  327 -1198.0000 -1390.5000  16.1%     -    0s
     0     2 -1390.5000    0  323 -1198.0000 -1390.5000  16.1%     -    0s
   569   507 -1263.3023   10  866 -1198.0000 -1263.3023  5.45%  62.6    5s
   636   553 -1250.8218    8  879 -1198.0000 -1250.8218  4.41%  93.6   10s
   702   599 -1227.6095   42  710 -1198.0000 -1242.5070  3.72%   138   15s
   808   646 -1233.6298   35  788 -1198.0000 -1242.1916  3.69%   175   20s
   894   690 -1216.1682   44  690 -1198.0000 -1242.1888  3.69%   208   25s
  1019   745 -1215.4856   46  625 -1198.0000 -1239.6357  3.48%   226   30s
  1176   765 -1220.4823   41  696 -1198.0000 -1237.4751  3.30%   232   35s
  1293   810 -1217.3314   41  713 -1198.0000 -1236.7530  3.23%   244   40s
* 1353   765              70    -1200.000000 -1236.7428  3.06%   242   41s
  1445   786 -1205.0383   47  656 -1200.0000 -1236.0727  3.01%   247   45s
  1553   814 -1219.1565   44  662 -1200.0000 -1235.5526  2.96%   256   50s
  1682   855 -1211.1134   43  675 -1200.0000 -1234.8551  2.90%   262   55s
  1831   884 -1213.0569   46  679 -1200.0000 -1233.8471  2.82%   264   60s
H 1881   842                    -1202.000000 -1233.8152  2.65%   264   61s
  1972   867 -1230.8506   36  799 -1202.0000 -1233.3764  2.61%   266   65s
  2076   889 -1205.5754   45  688 -1202.0000 -1233.1159  2.59%   270   70s
  2185   922 -1205.9177   47  683 -1202.0000 -1232.9551  2.58%   276   75s
  2314   967 -1210.0615   47  666 -1202.0000 -1232.2779  2.52%   280   80s
H 2369   925                    -1204.000000 -1232.0043  2.33%   281   81s
  2433   969 -1209.4828   47  672 -1204.0000 -1231.7794  2.31%   286   85s
  2575  1030 -1225.9371   39  771 -1204.0000 -1231.5358  2.29%   287   90s
  2686  1103 -1212.8019   44  665 -1204.0000 -1231.4443  2.28%   291   95s
  2803  1146 -1214.2986   44  684 -1204.0000 -1231.1945  2.26%   294  100s
  2921  1175 -1224.7804   38  780 -1204.0000 -1231.1018  2.25%   297  105s
  3034  1231 -1212.7714   45  691 -1204.0000 -1231.0072  2.24%   299  110s
  3152  1283 -1215.4186   43  694 -1204.0000 -1230.7726  2.22%   300  115s
  3269  1334 -1222.8880   40  733 -1204.0000 -1230.3851  2.19%   303  120s
  3371  1397 -1213.0166   42  705 -1204.0000 -1230.2760  2.18%   307  125s
  3499  1427 -1215.3767   42  685 -1204.0000 -1230.0905  2.17%   308  130s
  3613  1475 -1208.8691   47  595 -1204.0000 -1230.0387  2.16%   310  135s
  3724  1531 -1215.2197   45  659 -1204.0000 -1229.7916  2.14%   312  140s
  3848  1588 -1218.0345   44  651 -1204.0000 -1229.6837  2.13%   313  145s
  3974  1635 -1225.4919   39  763 -1204.0000 -1229.4801  2.12%   315  150s
  4094  1684 -1206.1836   46  644 -1204.0000 -1229.4056  2.11%   318  155s
  4216  1744 -1216.4960   41  721 -1204.0000 -1229.2156  2.09%   320  160s
  4340  1802 -1209.3418   45  651 -1204.0000 -1228.9857  2.08%   322  165s
  4479  1835 -1214.6261   44  684 -1204.0000 -1228.8938  2.07%   322  170s
  4612  1903 -1208.8578   45  667 -1204.0000 -1228.8142  2.06%   324  175s
  4754  1961 -1222.0293   40  692 -1204.0000 -1228.5337  2.04%   325  180s
  4894  1998 -1206.9152   44  704 -1204.0000 -1228.4527  2.03%   326  185s
  5010  2031 -1222.6378   40  724 -1204.0000 -1228.4130  2.03%   328  190s
  5137  2088 -1216.2163   42  687 -1204.0000 -1228.2739  2.02%   329  195s
  5270  2131 -1213.5206   44  669 -1204.0000 -1228.0828  2.00%   330  200s
  5394  2181 -1208.4714   43  710 -1204.0000 -1228.0012  1.99%   331  205s
  5536  2221 -1217.6676   42  713 -1204.0000 -1227.8995  1.99%   332  210s
  5670  2273 -1224.4702   37  758 -1204.0000 -1227.7166  1.97%   333  215s
  5791  2322 -1222.9320   41  713 -1204.0000 -1227.6958  1.97%   334  220s
  5934  2351 -1224.2381   39  751 -1204.0000 -1227.5879  1.96%   334  225s
  6068  2412 -1224.3479   39  764 -1204.0000 -1227.4473  1.95%   335  230s
  6182  2462 -1213.4368   43  688 -1204.0000 -1227.3382  1.94%   336  235s
  6303  2511 -1206.6705   44  685 -1204.0000 -1227.1399  1.92%   338  240s
  6421  2536 -1209.9797   45  662 -1204.0000 -1227.0718  1.92%   339  245s
  6540  2579 -1207.5692   48  628 -1204.0000 -1226.9732  1.91%   340  250s
  6674  2638 -1206.6495   50  612 -1204.0000 -1226.8527  1.90%   341  255s
  6813  2669 -1211.6201   46  666 -1204.0000 -1226.7938  1.89%   341  260s
  6937  2714 -1209.2015   43  709 -1204.0000 -1226.7176  1.89%   342  265s
  7065  2766 -1214.5284   42  718 -1204.0000 -1226.5727  1.87%   343  270s
  7189  2802 -1207.4188   46  632 -1204.0000 -1226.4392  1.86%   344  275s
  7322  2842 -1220.9874   39  736 -1204.0000 -1226.3082  1.85%   344  280s
  7449  2880 -1217.2216   44  688 -1204.0000 -1226.2070  1.84%   345  285s
  7614  2951 -1219.0817   42  716 -1204.0000 -1226.0750  1.83%   345  290s
  7763  2987 -1212.2282   42  704 -1204.0000 -1226.0185  1.83%   344  295s
  7895  3026 -1221.6991   37  784 -1204.0000 -1225.9256  1.82%   344  300s
  8003  3062 -1218.1219   39  753 -1204.0000 -1225.8953  1.82%   345  305s
  8145  3111 -1209.7138   43  720 -1204.0000 -1225.7929  1.81%   346  310s
  8286  3154     cutoff   47      -1204.0000 -1225.7088  1.80%   346  315s
  8409  3200 -1211.4078   45  668 -1204.0000 -1225.6638  1.80%   347  320s
  8523  3245 -1217.0603   40  741 -1204.0000 -1225.6125  1.80%   347  325s
  8669  3264 -1221.2967   39  757 -1204.0000 -1225.5398  1.79%   347  330s
  8788  3299 -1217.4410   40  709 -1204.0000 -1225.5090  1.79%   348  335s
  8930  3359 -1216.6471   43  710 -1204.0000 -1225.4583  1.78%   348  340s
  9070  3402 -1221.8528   39  762 -1204.0000 -1225.3891  1.78%   348  345s
  9191  3459 -1208.5752   45  683 -1204.0000 -1225.3365  1.77%   349  350s
  9331  3503 -1218.1721   41  717 -1204.0000 -1225.1833  1.76%   349  355s
  9470  3536 -1207.4168   48  622 -1204.0000 -1225.1214  1.75%   349  360s
  9625  3573 -1220.1665   40  732 -1204.0000 -1225.0601  1.75%   348  365s
  9759  3614 -1220.8802   39  751 -1204.0000 -1224.9850  1.74%   349  370s
  9911  3648 -1206.2760   49  580 -1204.0000 -1224.9294  1.74%   348  375s
 10041  3690 -1206.8571   52  217 -1204.0000 -1224.8813  1.73%   349  380s
*10044  3510              54    -1206.000000 -1224.8813  1.57%   348  380s
*10048  3217              54    -1208.000000 -1224.8813  1.40%   348  380s
 10192  3242     cutoff   45      -1208.0000 -1224.8283  1.39%   348  385s

Cutting planes:
  Gomory: 27
  MIR: 47
  Flow cover: 16
  Zero half: 474
  RLT: 40
  BQP: 66

Explored 10202 nodes (3555700 simplex iterations) in 443.43 seconds (391.64 work units)
Thread count was 1 (of 72 available processors)

Solution count 8: -1208 -1206 -1204 ... 0
No other solutions better than -1208

Optimal solution found (tolerance 1.00e-04)
Best objective -1.208000000000e+03, best bound -1.208000000000e+03, gap 0.0000%

User-callback calls 77942, time in user-callback 0.38 sec

BQP_SOLUTION, 214, 839, -461.000000, 443.434074, -1, 1, -1, 1, 1, -1, 1, 1, -1, -1, 1, 1, 1, 1, 1, 1, 1, 1, 1, 1, 1, 1, 1, -1, 1, 1, 1, 1, -1, 1, 1, 1, -1, 1, 1, -1, 1, -1, -1, 1, -1, -1, 1, -1, -1, -1, -1, -1, 1, -1, -1, 1, -1, -1, 1, -1, -1, 1, -1, -1, 1, -1, -1, 1, -1, -1, -1, -1, -1, 1, -1, -1, 1, -1, -1, 1, -1, 1, -1, -1, -1, 1, -1, 1, -1, -1, 1, 1, -1, -1, -1, -1, 1, 1, -1, 1, 1, -1, 1, -1, -1, 1, -1, 1, 1, -1, 1, -1, -1, 1, -1, 1, -1, -1, -1, -1, 1, -1, -1, -1, -1, 1, -1, -1, -1, -1, 1, 1, -1, -1, 1, -1, -1, 1, 1, -1, 1, -1, 1, -1, -1, 1, 1, -1, 1, 1, -1, 1, 1, -1, 1, 1, 1, 1, 1, -1, -1, 1, -1, 1, 1, -1, 1, 1, 1, 1, 1, -1, 1, 1, -1, 1, 1, -1, 1, 1, -1, 1, 1, 1, 1, 1, 1, 1, -1, 1, 1, -1, 1, 1, 1, -1, 1, -1, 1, -1, 1, 1, -1, 1, 1, 1, -1, 1, 1, -1, -1, 1, -1, 1, 1, -1, 1, -1
BQP_DATA, 214, 839, -461.000000, -461.000000, -1208.000000, -1208.000000, 443.434074, 564, 10202
