Set parameter TSPort to value 51199
Set parameter TokenServer to value "open-license1.lanl.gov"
Set parameter TimeLimit to value 1024
Set parameter Threads to value 1
Gurobi Optimizer version 10.0.3 build v10.0.3rc0 (linux64)

CPU model: Intel(R) Xeon(R) CPU E5-2695 v4 @ 2.10GHz, instruction set [SSE2|AVX|AVX2]
Thread count: 36 physical cores, 72 logical processors, using up to 1 threads

Optimize a model with 0 rows, 1173 columns and 0 nonzeros
Model fingerprint: 0xbfb55edc
Model has 5197 quadratic objective terms
Variable types: 0 continuous, 1173 integer (1173 binary)
Coefficient statistics:
  Matrix range     [0e+00, 0e+00]
  Objective range  [2e+00, 3e+01]
  QObjective range [8e+00, 8e+00]
  Bounds range     [1e+00, 1e+00]
  RHS range        [0e+00, 0e+00]
Found heuristic solution: objective 0.0000000
Found heuristic solution: objective -1972.000000
Found heuristic solution: objective -7026.000000
Found heuristic solution: objective -7036.000000
Presolve time: 0.30s
Presolved: 5197 rows, 6370 columns, 15591 nonzeros
Variable types: 0 continuous, 6370 integer (6370 binary)

Root relaxation: objective -9.776000e+03, 1612 iterations, 0.03 seconds (0.01 work units)

    Nodes    |    Current Node    |     Objective Bounds      |     Work
 Expl Unexpl |  Obj  Depth IntInf | Incumbent    BestBd   Gap | It/Node Time

     0     0 -9776.0000    0 1173 -7036.0000 -9776.0000  38.9%     -    0s
     0     0 -9001.0000    0 1570 -7036.0000 -9001.0000  27.9%     -    0s
     0     0 -8986.0000    0 1578 -7036.0000 -8986.0000  27.7%     -    0s
     0     0 -8794.6667    0 1710 -7036.0000 -8794.6667  25.0%     -    1s
     0     0 -8794.6667    0 1683 -7036.0000 -8794.6667  25.0%     -    1s
     0     2 -8794.6667    0 1678 -7036.0000 -8794.6667  25.0%     -    1s
   218   220 -7966.3333  109 2183 -7036.0000 -8786.6667  24.9%   100    5s
   623   593 -7118.5000  269 1173 -7036.0000 -8786.6667  24.9%  75.2   10s
   633   600 -7042.0000  298 2471 -7036.0000 -8236.6023  17.1%  74.0   18s
   634   601 -8013.3333  101 2472 -7036.0000 -8215.9726  16.8%  73.9   20s
   647   609 -7599.3333  166 2943 -7036.0000 -8075.8689  14.8%  72.4   34s
   648   610 -7424.3333  203 3101 -7036.0000 -8051.2633  14.4%  72.3   40s
   652   613 -7696.3333  150 3338 -7036.0000 -8043.3700  14.3%  71.9   45s
   661   619 -7949.3097  108 3691 -7036.0000 -7949.3097  13.0%  70.9   64s
   662   619 -7933.4842   12 3726 -7036.0000 -7933.4842  12.8%  70.8   73s
   663   620 -7498.3333  185 3916 -7036.0000 -7930.2115  12.7%  70.7   76s
   667   623 -7599.3333  166 4027 -7036.0000 -7927.4116  12.7%  70.2   80s
   672   626 -7466.3333  195 4219 -7036.0000 -7855.4162  11.6%  69.7  102s
   673   627 -7240.0000  241 4348 -7036.0000 -7842.7665  11.5%  69.6  111s
   674   627 -7839.1326   70 4359 -7036.0000 -7839.1326  11.4%  69.5  115s
   681   632 -7678.3333  153 4526 -7036.0000 -7837.5432  11.4%  68.8  120s
   683   633 -7786.9300   23 4760 -7036.0000 -7786.9300  10.7%  68.6  145s
   684   634 -7709.3333  148 5049 -7036.0000 -7777.2323  10.5%  68.5  156s
   685   635 -7774.6538   99 5115 -7036.0000 -7774.6538  10.5%  68.4  161s
   691   639 -7685.3333  152 5126 -7036.0000 -7773.6678  10.5%  67.8  166s
   692   639 -7748.8734   41 5124 -7036.0000 -7748.8734  10.1%  67.7  183s
   693   640 -7621.3333  162 5199 -7036.0000 -7743.9003  10.1%  67.6  192s
   695   641 -7742.8464   24 5233 -7036.0000 -7742.8464  10.0%  67.4  196s
   701   645 -7110.0000  272 5242 -7036.0000 -7722.4971  9.76%  66.8  218s
   702   646 -7298.0000  230 5261 -7036.0000 -7719.2935  9.71%  66.7  225s
   706   649 -7085.5000  283 5303 -7036.0000 -7718.5868  9.70%  66.4  230s
   711   652 -7703.4849  121 5284 -7036.0000 -7703.4849  9.49%  65.9  247s
   712   653 -7700.1132   69 5343 -7036.0000 -7700.1132  9.44%  65.8  255s
   715   655 -7699.1871   82 5375 -7036.0000 -7699.1871  9.43%  65.5  260s
   720   658 -7475.3333  192 5352 -7036.0000 -7687.4963  9.26%  65.1  276s
   721   659 -7685.2609  130 5390 -7036.0000 -7685.2609  9.23%  65.0  283s
   722   659 -7684.7662   54 5442 -7036.0000 -7684.7662  9.22%  64.9  285s
   727   663 -7673.9132   53 5376 -7036.0000 -7673.9132  9.07%  64.5  303s
   728   663 -7306.0000  228 5438 -7036.0000 -7671.8052  9.04%  64.4  309s
   729   664 -7671.4105    6 5457 -7036.0000 -7671.4105  9.03%  64.3  311s
   735   668 -7470.3333  194 5424 -7036.0000 -7664.0902  8.93%  63.7  328s
   736   669 -7662.5722  143 5492 -7036.0000 -7662.5722  8.91%  63.7  333s
   738   670 -7662.2185  106 5522 -7036.0000 -7662.2185  8.90%  63.5  335s
   742   673 -7590.3333  167 5483 -7036.0000 -7654.0568  8.78%  63.1  349s
   743   673 -7329.0000  223 5494 -7036.0000 -7652.8397  8.77%  63.1  354s
   744   674 -7652.5891  147 5521 -7036.0000 -7652.5891  8.76%  63.0  356s
   749   677 -7648.7647   14 5519 -7036.0000 -7648.7647  8.71%  62.6  366s
   750   678 -7647.9109  117 5554 -7036.0000 -7647.9109  8.70%  62.5  370s
   756   682 -7199.0000  248 5502 -7036.0000 -7641.9636  8.61%  62.0  384s
   757   683 -7233.0000  242 5547 -7036.0000 -7640.4873  8.59%  61.9  389s
   758   683 -7640.2052   66 5577 -7036.0000 -7640.2052  8.59%  61.8  391s
   763   687 -7498.3333  185 5549 -7036.0000 -7635.9048  8.53%  61.4  402s
   764   687 -7481.3333  189 5580 -7036.0000 -7635.1204  8.52%  61.3  405s
   769   691 -7631.1042  152 5568 -7036.0000 -7631.1042  8.46%  60.9  417s
   770   691 -7243.0000  239 5579 -7036.0000 -7630.1546  8.44%  60.9  421s
   777   696 -7322.0000  225 5580 -7036.0000 -7626.4452  8.39%  60.3  432s
   778   697 -7625.8523   49 5630 -7036.0000 -7625.8523  8.38%  60.2  436s
   784   701 -7622.7544  148 5587 -7036.0000 -7622.7544  8.34%  59.8  447s
   785   701 -7622.0349   99 5607 -7036.0000 -7622.0349  8.33%  59.7  451s
   790   705 -7619.0577   25 5594 -7036.0000 -7619.0577  8.29%  59.3  461s
   791   705 -7618.1347  152 5631 -7036.0000 -7618.1347  8.27%  59.2  466s
   797   709 -7615.4354  113 5623 -7036.0000 -7615.4354  8.24%  58.8  476s
   798   710 -7614.7270   56 5662 -7036.0000 -7614.7270  8.23%  58.7  480s
   806   715 -7085.5000  283 5662 -7036.0000 -7614.1391  8.22%  58.1  485s
   820   726 -7475.3333  192 2304 -7036.0000 -7614.0756  8.22%   840  492s
   821   726 -7614.0756  130 4527 -7036.0000 -7614.0756  8.22%   839  526s
   822   727 -7614.0756   54 5388 -7036.0000 -7614.0756  8.22%   838  565s
   823   728 -7118.5000  269 5483 -7036.0000 -7614.0756  8.22%   837  587s
   824   728 -7076.5000  288 5547 -7036.0000 -7614.0756  8.22%   836  596s
   825   729 -7614.0756   31 5617 -7036.0000 -7614.0756  8.22%   835  600s
   829   732 -7614.0756    6 5662 -7036.0000 -7614.0756  8.22%   831  605s
   832   734 -7358.6667  217 5653 -7036.0000 -7608.3875  8.14%   828  619s
   833   734 -7042.0000  298 5666 -7036.0000 -7607.8605  8.13%   827  622s
   838   738 -7607.6884  106 5679 -7036.0000 -7607.6884  8.13%   822  626s
   839   738 -7280.0000  232 5640 -7036.0000 -7602.7621  8.06%   821  639s
   840   739 -7211.0000  246 5686 -7036.0000 -7601.9157  8.04%   820  643s
   842   740 -7590.3333  167 5686 -7036.0000 -7601.6240  8.04%   819  645s
   846   743 -7042.0000  298 5666 -7036.0000 -7597.7654  7.98%   815  657s
   847   744 -7597.1389  166 5695 -7036.0000 -7597.1389  7.98%   814  661s
   852   747 -7592.9804  150 5707 -7036.0000 -7592.9804  7.92%   809  675s
   854   748 -7042.0000  298 5731 -7036.0000 -7592.2791  7.91%   807  680s
   858   751 -7590.0468   66 5708 -7036.0000 -7590.0468  7.87%   803  691s
   860   752 -7589.4592   23 5748 -7036.0000 -7589.4592  7.87%   801  695s
   864   755 -7481.3333  189 5738 -7036.0000 -7587.3771  7.84%   798  706s
   865   756 -7327.0000  223 5780 -7036.0000 -7586.8454  7.83%   797  710s
   870   759 -7243.0000  239 5747 -7036.0000 -7585.2569  7.81%   792  720s
   874   762 -7584.8720   70 5775 -7036.0000 -7584.8720  7.80%   789  725s
   876   763 -7323.0000  224 5745 -7036.0000 -7582.6024  7.77%   787  735s
   878   764 -7581.9546   49 5764 -7036.0000 -7581.9546  7.76%   785  740s
   882   767 -7312.0000  227 5772 -7036.0000 -7579.8644  7.73%   781  751s
   883   768 -7579.4063   23 5764 -7036.0000 -7579.4063  7.72%   781  755s
   888   771 -7578.1728   41 5774 -7036.0000 -7578.1728  7.71%   776  764s
   889   772 -7097.5000  277 5791 -7036.0000 -7577.8165  7.70%   775  767s
   893   774 -7577.7160  162 5821 -7036.0000 -7577.7160  7.70%   772  770s
   894   775 -7576.3095   81 5786 -7036.0000 -7576.3095  7.68%   771  777s
   895   776 -7575.9902   24 5797 -7036.0000 -7575.9902  7.67%   770  780s
   900   779 -7558.3333  172 5789 -7036.0000 -7574.2627  7.65%   766  790s
   902   780 -7298.0000  230 5830 -7036.0000 -7573.7474  7.64%   764  795s
   907   784 -7240.0000  241 5808 -7036.0000 -7573.0324  7.63%   760  801s
   911   786 -7572.8275  121 5843 -7036.0000 -7572.8275  7.63%   757  806s
   912   787 -7571.3910   69 5793 -7036.0000 -7571.3910  7.61%   756  812s
   913   788 -7571.0185   89 5816 -7036.0000 -7571.0185  7.60%   755  815s
   918   791 -7389.3333  210 5828 -7036.0000 -7569.7630  7.59%   751  823s
   919   792 -7569.4509   43 5823 -7036.0000 -7569.4509  7.58%   750  826s
   924   795 -7076.5000  288 5806 -7036.0000 -7568.2412  7.56%   746  834s
   925   796 -7567.8729   31 5815 -7036.0000 -7567.8729  7.56%   745  837s
   928   798 -7306.0000  228 5844 -7036.0000 -7567.7553  7.56%   743  840s
   930   799 -7477.3333  190 5832 -7036.0000 -7566.8605  7.54%   741  846s
   932   800 -7358.6667  217 5856 -7036.0000 -7566.5837  7.54%   739  850s
   936   803 -7565.8112  143 5833 -7036.0000 -7565.8112  7.53%   736  856s
   941   806 -7565.5861   84 5869 -7036.0000 -7565.5861  7.53%   732  860s
   942   807 -7564.8417  167 5847 -7036.0000 -7564.8417  7.52%   732  865s
   948   811 -7424.3333  203 5879 -7036.0000 -7564.4983  7.51%   727  871s
   949   812 -7563.4204   14 5863 -7036.0000 -7563.4204  7.50%   726  877s
   950   812 -7563.1527  117 5871 -7036.0000 -7563.1527  7.49%   725  880s
   955   816 -7451.3333  199 5878 -7036.0000 -7562.6951  7.49%   722  886s
   960   819 -7562.5088   23 5899 -7036.0000 -7562.5088  7.48%   718  890s
   961   820 -7561.7037  108 5866 -7036.0000 -7561.7037  7.47%   717  895s
   965   822 -7327.0000  223 5900 -7036.0000 -7561.4165  7.47%   714  900s
   967   824 -7560.5266  166 5870 -7036.0000 -7560.5266  7.45%   713  907s
   968   824 -7560.2947  131 5899 -7036.0000 -7560.2947  7.45%   712  910s
   973   828 -7240.0000  241 5879 -7036.0000 -7559.4439  7.44%   708  917s
   974   828 -7559.1824   70 5892 -7036.0000 -7559.1824  7.44%   708  920s
   979   832 -7558.5356   72 5860 -7036.0000 -7558.5356  7.43%   704  927s
   981   833 -7558.2683  153 5901 -7036.0000 -7558.2683  7.42%   703  930s
   985   836 -7557.6626   99 5870 -7036.0000 -7557.6626  7.41%   700  937s
   986   836 -7557.4012  142 5908 -7036.0000 -7557.4012  7.41%   699  940s
   990   839 -7556.8219   25 5891 -7036.0000 -7556.8219  7.40%   696  946s
   994   842 -7556.6104   81 5927 -7036.0000 -7556.6104  7.40%   693  951s
   995   842 -7556.0442   24 5890 -7036.0000 -7556.0442  7.39%   693  955s
  1000   846 -7555.8685  172 5915 -7036.0000 -7555.8685  7.39%   689  960s
  1002   847 -7298.0000  230 5904 -7036.0000 -7555.4030  7.38%   688  965s
  1007   850 -7240.0000  241 5894 -7036.0000 -7554.9476  7.38%   684  971s
  1011   853 -7554.7314  121 5921 -7036.0000 -7554.7314  7.37%   682  976s
  1012   854 -7554.0290   69 5905 -7036.0000 -7554.0290  7.36%   681  980s
  1017   857 -7312.0000  227 5931 -7036.0000 -7553.7698  7.36%   678  985s
  1019   858 -7553.1771   43 5889 -7036.0000 -7553.1771  7.35%   676  990s
  1023   861 -7118.5000  269 5888 -7036.0000 -7552.4471  7.34%   674  997s
  1025   862 -7552.2277   31 5899 -7036.0000 -7552.2277  7.34%   672 1000s
  1028   864 -7306.0000  228 5906 -7036.0000 -7551.9630  7.33%   670 1005s
  1033   868 -7042.0000  298 5892 -7036.0000 -7551.2914  7.32%   667 1013s
  1034   868 -7551.1428  101 5918 -7036.0000 -7551.1428  7.32%   667 1015s
  1038   871 -7550.7465  106 5913 -7036.0000 -7550.7465  7.32%   664 1021s

Cutting planes:
  Gomory: 46
  MIR: 179
  Flow cover: 2392
  Zero half: 759
  Mod-K: 13
  RLT: 228
  BQP: 376

Explored 1039 nodes (1365754 simplex iterations) in 1024.00 seconds (1309.44 work units)
Thread count was 1 (of 72 available processors)

Solution count 4: -7036 -7026 -1972 0 

Time limit reached
Best objective -7.036000000000e+03, best bound -7.550000000000e+03, gap 7.3053%

User-callback calls 19137, time in user-callback 0.09 sec

BQP_SOLUTION, 1173, 5197, -2457.000000, 1024.001086, -1, 1, -1, 1, -1, -1, -1, 1, 1, 1, -1, 1, -1, -1, -1, 1, 1, 1, -1, -1, -1, 1, -1, 1, 1, -1, -1, -1, -1, -1, 1, -1, -1, -1, 1, 1, -1, 1, -1, 1, -1, -1, 1, -1, 1, -1, -1, -1, -1, 1, 1, 1, -1, 1, -1, 1, -1, 1, 1, 1, 1, -1, -1, -1, -1, 1, 1, 1, -1, -1, -1, -1, 1, 1, -1, -1, 1, 1, 1, -1, 1, 1, -1, 1, 1, -1, 1, 1, -1, -1, 1, -1, 1, 1, 1, 1, -1, 1, 1, -1, 1, 1, 1, -1, -1, 1, -1, 1, 1, 1, -1, 1, 1, 1, 1, 1, 1, -1, -1, -1, -1, -1, 1, 1, -1, 1, 1, 1, -1, 1, 1, -1, -1, 1, -1, 1, -1, 1, -1, -1, 1, 1, -1, 1, 1, -1, 1, -1, 1, -1, 1, 1, -1, -1, 1, 1, 1, 1, 1, -1, -1, -1, 1, -1, 1, 1, -1, -1, 1, 1, 1, 1, -1, -1, 1, 1, -1, -1, 1, -1, -1, 1, 1, -1, -1, 1, 1, -1, -1, 1, -1, -1, 1, -1, -1, 1, 1, 1, -1, -1, 1, -1, -1, -1, -1, -1, 1, -1, -1, 1, 1, 1, -1, 1, -1, -1, 1, 1, 1, -1, 1, -1, -1, -1, -1, 1, 1, 1, -1, -1, 1, -1, 1, -1, 1, -1, -1, 1, 1, -1, -1, -1, 1, 1, 1, 1, -1, -1, 1, -1, -1, 1, -1, -1, -1, 1, -1, -1, 1, -1, 1, -1, 1, 1, -1, 1, -1, -1, -1, 1, 1, -1, 1, 1, -1, -1, 1, 1, 1, 1, 1, -1, 1, -1, 1, 1, 1, 1, 1, 1, 1, 1, 1, 1, 1, -1, -1, 1, 1, 1, 1, 1, 1, -1, 1, 1, -1, 1, 1, -1, -1, -1, 1, 1, 1, 1, 1, -1, -1, 1, 1, 1, 1, -1, -1, 1, 1, 1, 1, 1, -1, -1, -1, 1, -1, 1, 1, 1, -1, 1, 1, 1, 1, -1, 1, -1, -1, 1, -1, 1, 1, -1, -1, 1, -1, -1, 1, 1, -1, -1, -1, -1, -1, -1, -1, 1, 1, -1, -1, -1, 1, 1, 1, -1, -1, 1, 1, 1, 1, -1, 1, -1, -1, -1, 1, 1, -1, 1, -1, -1, -1, -1, 1, -1, 1, 1, -1, 1, 1, 1, -1, -1, -1, -1, -1, -1, 1, -1, 1, -1, -1, -1, -1, 1, 1, 1, -1, -1, -1, 1, 1, 1, 1, -1, -1, -1, 1, -1, 1, 1, -1, 1, -1, -1, 1, 1, 1, -1, -1, 1, 1, 1, 1, 1, 1, -1, 1, -1, 1, 1, 1, 1, -1, -1, 1, 1, 1, 1, -1, -1, -1, 1, 1, 1, -1, 1, 1, -1, 1, 1, 1, -1, 1, -1, -1, 1, 1, 1, -1, 1, -1, -1, 1, 1, 1, -1, 1, 1, 1, 1, 1, 1, -1, 1, 1, -1, 1, 1, 1, -1, -1, -1, -1, 1, 1, -1, -1, 1, -1, -1, 1, 1, 1, -1, 1, -1, -1, 1, 1, 1, -1, 1, -1, -1, 1, 1, -1, -1, 1, -1, -1, 1, 1, 1, -1, 1, 1, -1, 1, -1, 1, -1, 1, -1, -1, 1, -1, 1, -1, -1, -1, 1, -1, 1, -1, -1, 1, -1, -1, 1, -1, 1, -1, -1, 1, -1, 1, -1, 1, -1, -1, -1, -1, -1, -1, 1, -1, -1, 1, -1, 1, -1, 1, -1, -1, -1, 1, 1, -1, 1, -1, -1, -1, 1, -1, 1, -1, -1, 1, -1, 1, 1, -1, -1, -1, 1, -1, 1, 1, -1, 1, -1, 1, -1, -1, 1, 1, -1, 1, -1, -1, -1, -1, -1, -1, -1, -1, -1, -1, -1, 1, -1, -1, -1, -1, 1, -1, -1, -1, -1, 1, 1, -1, -1, -1, -1, -1, -1, -1, 1, 1, -1, -1, -1, 1, -1, -1, 1, 1, -1, 1, -1, -1, 1, -1, -1, -1, -1, 1, 1, 1, -1, -1, -1, -1, -1, 1, -1, -1, -1, 1, -1, -1, -1, 1, -1, 1, -1, -1, -1, 1, -1, 1, -1, -1, -1, -1, 1, 1, -1, 1, -1, 1, -1, 1, 1, -1, 1, -1, -1, -1, 1, -1, 1, -1, 1, -1, -1, -1, -1, 1, 1, -1, 1, -1, 1, -1, -1, 1, -1, -1, 1, -1, 1, 1, -1, 1, -1, -1, -1, -1, -1, 1, 1, 1, -1, -1, -1, 1, -1, 1, -1, 1, -1, -1, 1, 1, -1, -1, 1, -1, 1, 1, 1, 1, 1, -1, 1, 1, 1, -1, 1, -1, -1, 1, -1, 1, 1, -1, 1, -1, -1, 1, 1, 1, 1, -1, -1, -1, 1, 1, 1, 1, -1, 1, 1, -1, 1, 1, -1, -1, 1, -1, -1, 1, 1, 1, -1, 1, -1, -1, 1, 1, -1, -1, 1, -1, -1, -1, 1, 1, -1, 1, 1, 1, -1, 1, -1, -1, 1, 1, -1, 1, -1, 1, -1, 1, -1, -1, 1, 1, -1, 1, 1, -1, -1, -1, 1, -1, 1, 1, -1, 1, 1, 1, -1, 1, 1, 1, -1, -1, 1, -1, 1, 1, 1, -1, 1, 1, 1, 1, 1, -1, -1, -1, 1, -1, -1, 1, 1, -1, 1, -1, 1, 1, 1, 1, -1, 1, 1, 1, 1, 1, 1, -1, -1, 1, 1, -1, 1, -1, 1, -1, 1, -1, 1, 1, -1, -1, 1, 1, 1, -1, -1, -1, -1, 1, 1, 1, -1, 1, -1, -1, 1, 1, -1, 1, -1, -1, -1, 1, 1, 1, -1, 1, -1, -1, -1, 1, 1, -1, 1, -1, -1, 1, 1, 1, -1, 1, -1, -1, -1, 1, 1, -1, 1, 1, -1, 1, -1, 1, -1, 1, 1, 1, -1, -1, 1, 1, -1, 1, -1, 1, -1, 1, -1, -1, 1, -1, 1, -1, 1, 1, -1, 1, -1, 1, -1, 1, -1, -1, 1, 1, 1, 1, -1, 1, -1, -1, 1, 1, -1, 1, 1, -1, 1, 1, -1, -1, 1, -1, 1, 1, 1, -1, -1, 1, -1, -1, 1, 1, 1, -1, 1, -1, 1, 1, 1, -1, 1, 1, 1, 1, 1, 1, 1, -1, -1, 1, 1, 1, 1, 1, -1, 1, 1, 1, 1, 1, 1, -1, 1, 1, 1, 1, 1, 1, -1, 1, 1, 1, 1, 1, 1, -1, 1, -1, 1, 1, -1, 1, -1, 1, 1, 1, 1, 1, 1, -1, -1, -1, 1, 1, 1, 1, -1, 1, 1, 1, 1, 1, 1, -1, 1, 1, 1, -1, -1, -1, 1, 1, 1, -1, -1, 1, 1, -1, 1, 1, 1, 1, 1, 1, 1, 1, 1, 1, -1, 1, 1, 1, 1, 1, 1, -1, 1, 1, -1, 1, 1, 1, 1, 1, 1, -1, 1, -1, 1, 1, -1, 1, -1, 1, 1, 1, 1, -1, -1, -1, -1, -1, 1, 1, -1, -1, 1, 1, -1, 1, 1, 1, -1, 1, 1, -1, 1, 1, -1, 1, -1, 1, 1, 1
BQP_DATA, 1173, 5197, -2457.000000, -2971.000000, -7036.000000, -7550.000000, 1024.001086, 3389, 1039
