using d-wave endpoint provided in data file: https://cloud.dwavesys.com/sapi
using d-wave solver name provided in data file: Advantage_system4.1
found d-wave chip id in data file: Advantage_system4.1
d-wave parameters:
  auto_scale - False
  num_reads - 2560
  num_spin_reversal_transforms - 25
  annealing_time - 62.5
-462.000000 - 11
-462.000000 - 8
-462.000000 - 7
-462.000000 - 3
-462.000000 - 12
-462.000000 - 7
-462.000000 - 4
-462.000000 - 3
-462.000000 - 6
-462.000000 - 9
-462.000000 - 2
-462.000000 - 3
-462.000000 - 5
-462.000000 - 4
-462.000000 - 7
-462.000000 - 1
-462.000000 - 5
-462.000000 - 3
-462.000000 - 3
-462.000000 - 8
-462.000000 - 5
-462.000000 - 13
-462.000000 - 3
-462.000000 - 6
-462.000000 - 2
-462.000000 - 8
-462.000000 - 4
-462.000000 - 10
-462.000000 - 4
-462.000000 - 6
-462.000000 - 3
-462.000000 - 7
-462.000000 - 2
-462.000000 - 5
-462.000000 - 1
-462.000000 - 13
-462.000000 - 6
-462.000000 - 21
-462.000000 - 9
-462.000000 - 14
-462.000000 - 7
-462.000000 - 10
-462.000000 - 13
-462.000000 - 10
-462.000000 - 4
-462.000000 - 20
-462.000000 - 9
-462.000000 - 6
-462.000000 - 9
-462.000000 - 4
-462.000000 - 3
-462.000000 - 3
showed 50 of 924

BQP_SOLUTION, 215, 869, -462.000000, 1.320564, -1, 1, 1, 1, 1, -1, 1, 1, -1, 1, 1, 1, -1, 1, 1, 1, 1, -1, 1, 1, 1, 1, 1, 1, 1, 1, 1, 1, 1, 1, 1, 1, 1, 1, 1, -1, 1, 1, -1, 1, 1, 1, 1, -1, -1, 1, 1, -1, 1, -1, -1, -1, 1, -1, 1, -1, -1, -1, -1, 1, 1, -1, 1, -1, 1, -1, 1, -1, 1, -1, 1, -1, -1, -1, 1, 1, -1, 1, -1, -1, -1, -1, 1, 1, -1, -1, -1, -1, -1, -1, 1, -1, -1, -1, 1, -1, 1, -1, 1, -1, -1, 1, -1, -1, -1, 1, -1, -1, 1, 1, -1, 1, -1, -1, 1, -1, -1, 1, -1, -1, -1, -1, -1, -1, 1, -1, 1, 1, -1, 1, 1, -1, 1, 1, -1, -1, 1, 1, -1, 1, -1, -1, 1, -1, 1, 1, -1, -1, 1, -1, 1, 1, -1, 1, 1, -1, 1, -1, -1, 1, 1, -1, 1, 1, -1, 1, 1, -1, -1, 1, -1, 1, -1, -1, 1, 1, -1, 1, 1, -1, 1, 1, -1, 1, 1, 1, -1, 1, -1, 1, 1, -1, 1, 1, -1, 1, 1, -1, 1, 1, 1, -1, 1, -1, 1, 1, -1, 1, -1, -1, 1, -1, 1, 1, 1
BQP_DATA, 215, 869, -462.000000, -1054.000000, -462.000000, -1054.000000, 1.320564, 0, 2560, 0.000953, 0.038729, 0.648756, 3.150553, 3.838991
