Set parameter TSPort to value 51199
Set parameter TokenServer to value "open-license1.lanl.gov"
Set parameter TimeLimit to value 512
Set parameter Threads to value 1
Gurobi Optimizer version 10.0.3 build v10.0.3rc0 (linux64)

CPU model: Intel(R) Xeon(R) CPU E5-2695 v4 @ 2.10GHz, instruction set [SSE2|AVX|AVX2]
Thread count: 36 physical cores, 72 logical processors, using up to 1 threads

Optimize a model with 0 rows, 1532 columns and 0 nonzeros
Model fingerprint: 0x285608fd
Model has 6889 quadratic objective terms
Variable types: 0 continuous, 1532 integer (1532 binary)
Coefficient statistics:
  Matrix range     [0e+00, 0e+00]
  Objective range  [2e+00, 3e+01]
  QObjective range [8e+00, 8e+00]
  Bounds range     [1e+00, 1e+00]
  RHS range        [0e+00, 0e+00]
Found heuristic solution: objective 0.0000000
Found heuristic solution: objective -2610.000000
Found heuristic solution: objective -9230.000000
Found heuristic solution: objective -9328.000000
Presolve removed 0 rows and 1 columns
Presolve time: 4.14s
Presolved: 6888 rows, 8419 columns, 20664 nonzeros
Variable types: 0 continuous, 8419 integer (8419 binary)

Root simplex log...

Iteration    Objective       Primal Inf.    Dual Inf.      Time
       0   -1.3854000e+04   2.698000e+03   0.000000e+00      5s
    2144   -1.2941000e+04   0.000000e+00   0.000000e+00      6s

Root relaxation: objective -1.294100e+04, 2144 iterations, 0.50 seconds (0.02 work units)
Total elapsed time = 5.93s

    Nodes    |    Current Node    |     Objective Bounds      |     Work
 Expl Unexpl |  Obj  Depth IntInf | Incumbent    BestBd   Gap | It/Node Time

     0     0 -12941.000    0 1531 -9328.0000 -12941.000  38.7%     -    7s
     0     0 -11998.000    0 2003 -9328.0000 -11998.000  28.6%     -   12s
     0     0 -11931.250    0 2046 -9328.0000 -11931.250  27.9%     -   14s
     0     0 -11929.250    0 2047 -9328.0000 -11929.250  27.9%     -   14s
     0     0 -11686.500    0 2230 -9328.0000 -11686.500  25.3%     -   24s
     0     0 -11686.500    0 2203 -9328.0000 -11686.500  25.3%     -   29s
     0     2 -11686.500    0 2199 -9328.0000 -11686.500  25.3%     -   37s
    10    12 -11645.500    5 2237 -9328.0000 -11675.500  25.2%   274   40s
    30    32 -11560.000   15 2332 -9328.0000 -11675.500  25.2%   167   45s
    54    56 -11447.000   27 2435 -9328.0000 -11675.500  25.2%   133   50s
    80    82 -11355.000   40 2480 -9328.0000 -11675.500  25.2%   121   55s
   100   102 -11276.000   50 2550 -9328.0000 -11675.500  25.2%   122   60s
   123   125 -11173.500   62 2601 -9328.0000 -11675.500  25.2%   119   65s
   147   149 -11078.500   74 2693 -9328.0000 -11675.500  25.2%   116   70s
   172   174 -10987.500   86 2789 -9328.0000 -11675.500  25.2%   112   75s
   197   199 -10888.500   99 2847 -9328.0000 -11675.500  25.2%   108   80s
   220   222 -10812.500  110 2868 -9328.0000 -11675.500  25.2%   108   85s
   242   244 -10733.500  121 2899 -9328.0000 -11675.500  25.2%   107   90s
   267   269 -10646.500  134 2982 -9328.0000 -11675.500  25.2%   105   95s
   289   291 -10571.500  145 2987 -9328.0000 -11675.500  25.2%   104  100s
   313   315 -10496.500  157 2998 -9328.0000 -11675.500  25.2%   101  105s
   338   340 -10422.000  169 3008 -9328.0000 -11675.500  25.2%   100  110s
   359   361 -10343.000  180 3031 -9328.0000 -11675.500  25.2%   100  115s
   378   380 -10273.000  189 3080 -9328.0000 -11675.500  25.2%   101  120s
   404   406 -10187.000  202 3078 -9328.0000 -11675.500  25.2%  99.0  131s
   422   424 -10126.000  211 3072 -9328.0000 -11675.500  25.2%  98.3  135s
   448   450 -10053.000  224 3094 -9328.0000 -11675.500  25.2%  97.4  140s
   482   484 -9985.0000  241 3079 -9328.0000 -11675.500  25.2%  94.5  145s
   500   502 -9936.0000  250 3066 -9328.0000 -11675.500  25.2%  95.9  150s
   527   529 -9859.5000  264 3092 -9328.0000 -11675.500  25.2%  94.9  155s
   554   556 -9787.5000  277 3090 -9328.0000 -11675.500  25.2%  94.1  160s
   579   581 -9732.5000  290 3093 -9328.0000 -11675.500  25.2%  93.8  165s
   605   607 -9665.5000  303 3044 -9328.0000 -11675.500  25.2%  93.2  170s
   635   637 -9587.5000  318 3023 -9328.0000 -11675.500  25.2%  91.4  175s
   665   667 -9540.5000  334 2957 -9328.0000 -11675.500  25.2%  89.3  180s
   698   700 -9478.5000  351 2912 -9328.0000 -11675.500  25.2%  87.3  185s
   728   730 -9432.5000  366 2871 -9328.0000 -11675.500  25.2%  85.7  190s
H  729   729                    -9332.000000 -11675.500  25.1%  85.6  191s
   755   757 -9387.5000  380 2813 -9332.0000 -11675.500  25.1%  84.1  195s
   789   791 -9350.8333  398 2747 -9332.0000 -11675.500  25.1%  81.8  200s
   832   793 -10140.000  209 3444 -9332.0000 -11675.500  25.1%  78.7  226s
   834   794 -9748.5000  286 1531 -9332.0000 -11675.500  25.1%  78.5  239s
   835   795 -10155.000  207 2003 -9332.0000 -11675.500  25.1%  78.4  243s
   836   796 -10023.000  230 2568 -9332.0000 -11209.658  20.1%  78.3  281s
   837   796 -9390.5000  379 2760 -9332.0000 -11131.120  19.3%  78.2  301s
   838   797 -10638.500  136 2840 -9332.0000 -11116.317  19.1%  78.1  310s
   840   798 -9686.5000  300 2848 -9332.0000 -11111.834  19.1%  78.0  315s
   844   801 -9785.5000  280 2883 -9332.0000 -11111.632  19.1%  77.6  324s
   845   802 -10466.000  163 3258 -9332.0000 -10866.265  16.4%  77.5  471s

Cutting planes:
  Gomory: 42
  MIR: 291
  Flow cover: 1100
  Zero half: 901
  RLT: 295
  BQP: 444

Explored 845 nodes (157916 simplex iterations) in 512.06 seconds (27.21 work units)
Thread count was 1 (of 72 available processors)

Solution count 5: -9332 -9328 -9230 ... 0

Time limit reached
Best objective -9.332000000000e+03, best bound -1.086600000000e+04, gap 16.4381%

User-callback calls 15489, time in user-callback 1.76 sec

BQP_SOLUTION, 1532, 6889, -3280.000000, 512.067532, 1, -1, 1, -1, 1, 1, 1, -1, 1, -1, 1, -1, 1, 1, -1, 1, 1, -1, -1, -1, 1, 1, -1, 1, -1, 1, 1, 1, 1, 1, -1, -1, -1, 1, -1, 1, 1, 1, -1, -1, 1, 1, -1, 1, 1, 1, -1, -1, -1, 1, 1, 1, 1, 1, -1, 1, 1, 1, -1, 1, 1, 1, -1, -1, -1, 1, -1, 1, -1, 1, -1, 1, 1, 1, -1, 1, 1, 1, 1, -1, 1, 1, 1, -1, 1, 1, -1, -1, -1, 1, -1, 1, 1, 1, 1, -1, 1, 1, -1, 1, 1, 1, -1, -1, 1, -1, 1, 1, 1, 1, -1, 1, 1, -1, 1, -1, 1, 1, 1, -1, -1, 1, 1, 1, 1, -1, -1, 1, 1, -1, 1, 1, 1, 1, -1, 1, 1, 1, -1, -1, 1, 1, -1, -1, -1, 1, 1, 1, 1, -1, 1, -1, -1, -1, 1, -1, 1, 1, 1, -1, 1, 1, -1, 1, 1, 1, -1, -1, -1, -1, 1, -1, 1, 1, 1, -1, 1, -1, 1, 1, 1, -1, 1, -1, -1, -1, 1, 1, -1, 1, -1, 1, -1, 1, 1, -1, -1, -1, -1, 1, -1, 1, 1, 1, 1, -1, 1, -1, -1, 1, 1, 1, -1, -1, 1, 1, -1, 1, 1, 1, -1, -1, 1, -1, -1, 1, 1, 1, -1, -1, 1, 1, -1, 1, 1, 1, 1, -1, 1, 1, -1, 1, -1, 1, -1, -1, 1, 1, -1, -1, 1, 1, 1, -1, 1, -1, -1, -1, -1, 1, -1, -1, 1, -1, -1, 1, 1, 1, -1, -1, 1, 1, -1, -1, -1, 1, -1, 1, 1, -1, 1, -1, 1, 1, -1, 1, -1, -1, -1, 1, 1, 1, -1, -1, -1, -1, 1, 1, 1, 1, 1, -1, 1, 1, -1, 1, 1, -1, 1, -1, 1, 1, -1, -1, 1, 1, 1, -1, -1, 1, 1, -1, 1, 1, 1, -1, -1, 1, 1, -1, 1, 1, -1, 1, -1, -1, 1, -1, 1, -1, 1, -1, -1, 1, -1, -1, -1, 1, 1, -1, -1, 1, -1, -1, -1, 1, 1, -1, -1, -1, 1, -1, -1, 1, 1, -1, -1, 1, 1, -1, 1, -1, 1, -1, -1, 1, -1, -1, -1, 1, 1, -1, -1, -1, 1, -1, -1, 1, -1, -1, -1, 1, -1, -1, 1, 1, -1, 1, -1, -1, 1, -1, -1, 1, -1, -1, 1, -1, -1, 1, 1, 1, 1, -1, -1, -1, 1, 1, -1, 1, -1, -1, -1, 1, -1, 1, -1, -1, 1, -1, 1, -1, -1, 1, -1, -1, -1, -1, 1, -1, -1, 1, -1, 1, -1, -1, -1, -1, -1, 1, 1, 1, -1, -1, -1, -1, -1, 1, 1, 1, -1, -1, -1, -1, -1, -1, -1, 1, -1, 1, -1, -1, -1, 1, -1, 1, -1, 1, -1, -1, -1, 1, 1, 1, -1, -1, -1, -1, -1, -1, 1, -1, -1, 1, 1, -1, -1, -1, 1, -1, -1, -1, 1, -1, -1, -1, 1, -1, 1, -1, -1, 1, -1, -1, 1, 1, 1, -1, -1, 1, -1, 1, -1, -1, 1, -1, -1, 1, -1, 1, -1, 1, 1, -1, 1, 1, 1, 1, 1, 1, 1, -1, -1, 1, -1, 1, 1, 1, 1, -1, -1, 1, -1, -1, 1, -1, 1, 1, 1, 1, -1, -1, 1, -1, 1, 1, 1, 1, -1, 1, 1, 1, 1, 1, 1, 1, 1, 1, -1, 1, 1, 1, -1, 1, -1, 1, -1, 1, 1, 1, -1, 1, 1, 1, -1, 1, 1, 1, -1, 1, 1, 1, 1, 1, 1, 1, 1, 1, -1, 1, 1, 1, 1, 1, -1, 1, -1, 1, 1, -1, 1, 1, -1, 1, 1, 1, 1, 1, 1, 1, -1, 1, -1, 1, 1, 1, 1, 1, 1, -1, 1, -1, 1, -1, 1, 1, -1, 1, -1, 1, 1, 1, 1, 1, 1, -1, 1, -1, 1, 1, 1, 1, -1, -1, 1, 1, 1, 1, 1, -1, 1, -1, 1, 1, 1, 1, -1, 1, -1, -1, -1, -1, -1, 1, -1, -1, -1, -1, 1, 1, 1, 1, 1, -1, -1, -1, -1, -1, 1, -1, 1, -1, 1, -1, 1, -1, 1, 1, 1, -1, -1, 1, -1, 1, 1, 1, -1, -1, -1, -1, 1, -1, 1, -1, 1, -1, -1, 1, -1, -1, 1, 1, -1, -1, 1, -1, -1, -1, 1, 1, -1, -1, -1, -1, 1, -1, 1, 1, 1, -1, 1, -1, 1, -1, 1, -1, 1, -1, -1, 1, -1, -1, 1, 1, -1, 1, 1, 1, -1, -1, 1, -1, -1, 1, -1, 1, -1, 1, 1, -1, 1, -1, -1, 1, 1, -1, 1, -1, 1, -1, 1, 1, -1, 1, 1, -1, -1, 1, 1, 1, 1, -1, -1, 1, 1, 1, -1, 1, -1, 1, -1, 1, 1, -1, 1, 1, -1, 1, -1, 1, 1, -1, 1, 1, -1, 1, -1, -1, 1, 1, -1, 1, 1, 1, -1, 1, 1, -1, -1, 1, 1, 1, 1, -1, 1, 1, 1, 1, 1, 1, 1, -1, 1, -1, -1, 1, -1, 1, 1, -1, 1, -1, 1, 1, 1, 1, -1, -1, 1, -1, 1, -1, 1, 1, 1, 1, 1, -1, 1, 1, -1, 1, 1, 1, 1, 1, -1, 1, 1, 1, 1, -1, 1, -1, 1, 1, -1, 1, 1, -1, 1, -1, -1, 1, -1, 1, 1, -1, 1, -1, 1, -1, 1, 1, -1, 1, 1, 1, -1, -1, 1, 1, 1, -1, -1, 1, -1, -1, 1, -1, 1, 1, -1, 1, -1, -1, -1, -1, -1, 1, 1, -1, -1, -1, 1, -1, 1, -1, -1, 1, 1, -1, 1, -1, 1, -1, 1, 1, -1, 1, -1, 1, 1, -1, 1, 1, -1, 1, 1, -1, 1, 1, 1, 1, -1, 1, 1, -1, -1, 1, 1, 1, -1, -1, 1, 1, -1, -1, 1, -1, -1, 1, -1, -1, -1, 1, 1, 1, -1, 1, -1, 1, -1, -1, -1, -1, -1, 1, 1, -1, -1, 1, -1, -1, 1, 1, -1, -1, -1, 1, -1, -1, -1, 1, -1, 1, -1, -1, 1, 1, -1, 1, -1, 1, -1, 1, -1, -1, -1, -1, -1, 1, -1, 1, -1, 1, -1, 1, 1, 1, -1, 1, -1, -1, -1, 1, 1, -1, -1, 1, 1, -1, -1, 1, -1, 1, -1, 1, 1, -1, 1, 1, 1, -1, -1, 1, 1, -1, -1, 1, -1, -1, -1, 1, -1, 1, -1, -1, 1, 1, -1, 1, -1, -1, -1, 1, -1, -1, -1, 1, -1, 1, -1, 1, -1, -1, -1, 1, -1, 1, -1, -1, -1, 1, 1, -1, 1, -1, -1, -1, 1, -1, -1, -1, -1, -1, -1, -1, 1, -1, 1, 1, 1, -1, -1, -1, 1, -1, 1, -1, -1, -1, 1, -1, -1, -1, -1, -1, 1, -1, -1, 1, -1, 1, 1, -1, -1, -1, -1, -1, -1, -1, -1, 1, -1, 1, -1, -1, 1, -1, -1, -1, -1, 1, 1, -1, -1, -1, 1, -1, -1, 1, 1, 1, -1, 1, -1, -1, -1, -1, -1, -1, -1, 1, 1, -1, -1, -1, 1, -1, 1, 1, -1, -1, -1, -1, 1, -1, 1, -1, 1, -1, -1, -1, 1, -1, 1, -1, -1, 1, -1, -1, 1, -1, 1, 1, 1, -1, 1, -1, 1, -1, -1, -1, -1, -1, -1, 1, 1, -1, 1, -1, -1, -1, -1, 1, 1, 1, 1, 1, -1, -1, -1, 1, 1, -1, 1, -1, -1, -1, -1, 1, 1, -1, 1, -1, 1, -1, -1, -1, 1, -1, 1, -1, -1, 1, -1, 1, 1, 1, 1, -1, -1, 1, -1, 1, 1, -1, 1, -1, -1, 1, -1, 1, 1, -1, 1, -1, -1, 1, -1, -1, 1, 1, 1, -1, 1, -1, -1, 1, 1, -1, 1, -1, -1, 1, -1, -1, 1, -1, 1, 1, -1, 1, -1, 1, 1, -1, 1, 1, -1, 1, 1, 1, -1, 1, 1, 1, -1, 1, -1, 1, -1, 1, 1, -1, -1, 1, 1, -1, -1, 1, 1, -1, 1, -1, 1, -1, -1, 1, -1, -1, 1, -1, 1, -1, 1, 1, 1, -1, -1, 1, 1, -1, -1, 1, 1, 1, -1, 1, 1, 1, 1, 1, 1, 1, -1, -1, 1, -1, -1, 1, 1, 1, -1, -1, 1, 1, -1, 1, 1, 1, -1, 1, 1, 1, -1, 1, 1, 1, -1, 1, 1, 1, -1, 1, 1, 1, -1, -1, 1, 1, -1, 1, -1, 1, -1, 1, 1, 1, -1, 1, 1, -1, 1, 1, 1, -1, -1, 1, 1, 1, 1, -1, 1, 1, 1, 1, 1, -1, -1, 1, -1, 1, 1, 1, 1, 1, 1, 1, 1, 1, 1, -1, 1, -1, 1, 1, 1, -1, -1, 1, 1, 1, 1, 1, 1, 1, 1, 1, 1, -1, 1, 1, 1, 1, -1, 1, -1, 1, 1, -1, 1, 1, -1, 1, -1, 1, 1, 1, 1, 1, -1, 1, -1, 1, -1, 1, 1, 1, 1, 1, 1, -1, 1, 1, 1, -1, 1, -1, 1, -1, -1, 1, -1, 1, -1, 1, -1, 1, 1, 1
BQP_DATA, 1532, 6889, -3280.000000, -4814.000000, -9332.000000, -10866.000000, 512.067532, 2334, 845
