Set parameter TSPort to value 51199
Set parameter TokenServer to value "open-license1.lanl.gov"
Set parameter TimeLimit to value 512
Set parameter Threads to value 1
Gurobi Optimizer version 10.0.3 build v10.0.3rc0 (linux64)

CPU model: Intel(R) Xeon(R) CPU E5-2695 v4 @ 2.10GHz, instruction set [SSE2|AVX|AVX2]
Thread count: 36 physical cores, 72 logical processors, using up to 1 threads

Optimize a model with 0 rows, 1532 columns and 0 nonzeros
Model fingerprint: 0x67f72f13
Model has 6864 quadratic objective terms
Variable types: 0 continuous, 1532 integer (1532 binary)
Coefficient statistics:
  Matrix range     [0e+00, 0e+00]
  Objective range  [2e+00, 3e+01]
  QObjective range [8e+00, 8e+00]
  Bounds range     [1e+00, 1e+00]
  RHS range        [0e+00, 0e+00]
Found heuristic solution: objective 0.0000000
Found heuristic solution: objective -2634.000000
Found heuristic solution: objective -9340.000000
Found heuristic solution: objective -9372.000000
Presolve removed 0 rows and 2 columns
Presolve time: 0.36s
Presolved: 6860 rows, 8390 columns, 20580 nonzeros
Variable types: 0 continuous, 8390 integer (8390 binary)

Root relaxation: objective -1.294300e+04, 2168 iterations, 0.05 seconds (0.02 work units)

    Nodes    |    Current Node    |     Objective Bounds      |     Work
 Expl Unexpl |  Obj  Depth IntInf | Incumbent    BestBd   Gap | It/Node Time

     0     0 -12943.000    0 1530 -9372.0000 -12943.000  38.1%     -    0s
     0     0 -11984.000    0 2009 -9372.0000 -11984.000  27.9%     -    1s
     0     0 -11917.000    0 2046 -9372.0000 -11917.000  27.2%     -    1s
     0     0 -11913.000    0 2053 -9372.0000 -11913.000  27.1%     -    1s
     0     0 -11691.556    0 2238 -9372.0000 -11691.556  24.7%     -    1s
     0     0 -11691.556    0 2214 -9372.0000 -11691.556  24.7%     -    2s
     0     2 -11691.389    0 2210 -9372.0000 -11691.389  24.7%     -    2s
   147   149 -11087.167   74 2634 -9372.0000 -11679.556  24.6%   111    5s
   567   569 -9671.0000  284 2937 -9372.0000 -11679.556  24.6%  84.5   10s
   772   719 -11251.518   24 2587 -9372.0000 -11251.518  20.1%  73.1   16s
   781   725 -10943.548   14 3211 -9372.0000 -10943.548  16.8%  72.3   27s
   782   725 -9754.5000  272 3439 -9372.0000 -10908.370  16.4%  72.2   32s
   785   727 -9750.0000  273 3615 -9372.0000 -10900.323  16.3%  71.9   35s
   792   732 -9807.0000  263 3968 -9372.0000 -10736.149  14.6%  71.3   57s
   793   733 -9417.5000  348 4164 -9372.0000 -10706.548  14.2%  71.2   69s
   794   733 -10014.000  226 4268 -9372.0000 -10699.927  14.2%  71.1   72s
   795   734 -10697.210   45 4335 -9372.0000 -10697.210  14.1%  71.0   75s
   804   740 -9605.0000  298 4494 -9372.0000 -10694.256  14.1%  70.2   80s
   805   741 -10070.000  217 4787 -9372.0000 -10559.281  12.7%  70.1  112s
   806   741 -10271.000  185 5120 -9372.0000 -10529.295  12.3%  70.0  135s
   807   742 -10104.667  211 5167 -9372.0000 -10523.204  12.3%  70.0  142s
   808   743 -10254.667  188 5252 -9372.0000 -10521.436  12.3%  69.9  145s
   813   746 -9833.3333  256 5364 -9372.0000 -10519.943  12.2%  69.4  150s
   817   749 -9935.0000  238 5593 -9372.0000 -10431.389  11.3%  69.1  192s
   818   749 -10413.270   90 5997 -9372.0000 -10413.270  11.1%  69.0  218s
   819   750 -10408.971  154 6001 -9372.0000 -10408.971  11.1%  68.9  226s
   820   751 -9509.5000  322 6065 -9372.0000 -10408.152  11.1%  68.8  230s
   827   755 -10078.000  216 6132 -9372.0000 -10407.601  11.0%  68.3  236s
   828   756 -10261.000  186 6241 -9372.0000 -10341.580  10.3%  68.2  279s
   829   757 -9854.5000  250 6372 -9372.0000 -10328.689  10.2%  68.1  305s
   830   757 -9937.0000  237 6537 -9372.0000 -10326.217  10.2%  68.0  312s
   831   758 -10325.386   53 6514 -9372.0000 -10325.386  10.2%  67.9  316s
   832   759 -10325.002   14 6651 -9372.0000 -10325.002  10.2%  67.9  320s
   838   763 -9682.0000  283 6688 -9372.0000 -10324.650  10.2%  67.4  325s
   839   763 -10216.667  193 6739 -9372.0000 -10287.857  9.77%  67.3  364s
   840   764 -9556.5000  309 6792 -9372.0000 -10281.437  9.70%  67.2  384s
   841   765 -10280.054  117 6844 -9372.0000 -10280.054  9.69%  67.1  392s
   842   765 -10279.564   83 6903 -9372.0000 -10279.564  9.68%  67.0  397s
   845   767 -10279.297   52 6912 -9372.0000 -10279.297  9.68%  66.8  400s
   849   770 -10258.969   12 6877 -9372.0000 -10258.969  9.46%  66.5  437s
   850   771 -9481.5000  330 6972 -9372.0000 -10254.104  9.41%  66.4  455s
   851   771 -9425.5000  345 6997 -9372.0000 -10252.987  9.40%  66.3  462s
   852   772 -9754.5000  272 7015 -9372.0000 -10252.697  9.40%  66.3  465s
   856   775 -10252.540    9 7067 -9372.0000 -10252.540  9.40%  66.0  470s
   857   775 -10237.502  145 6991 -9372.0000 -10237.502  9.23%  65.9  504s

Cutting planes:
  Gomory: 60
  MIR: 290
  Flow cover: 2057
  Zero half: 1196
  Mod-K: 38
  RLT: 342
  BQP: 417

Explored 857 nodes (692648 simplex iterations) in 512.00 seconds (614.25 work units)
Thread count was 1 (of 72 available processors)

Solution count 4: -9372 -9340 -2634 0 

Time limit reached
Best objective -9.372000000000e+03, best bound -1.023600000000e+04, gap 9.2190%

User-callback calls 6367, time in user-callback 0.03 sec

BQP_SOLUTION, 1532, 6864, -3291.000000, 512.000632, 1, 1, -1, -1, -1, -1, 1, 1, 1, -1, -1, 1, -1, 1, -1, -1, -1, -1, -1, -1, 1, -1, 1, -1, -1, -1, -1, 1, -1, 1, -1, -1, -1, 1, -1, -1, -1, -1, 1, -1, 1, -1, -1, 1, 1, 1, -1, 1, -1, -1, -1, 1, -1, -1, -1, -1, 1, 1, -1, -1, -1, -1, 1, -1, -1, 1, -1, 1, 1, -1, -1, 1, 1, -1, -1, -1, 1, 1, -1, 1, 1, -1, -1, -1, -1, 1, 1, -1, -1, -1, -1, -1, 1, 1, -1, 1, -1, -1, 1, -1, -1, -1, 1, 1, -1, 1, -1, 1, -1, -1, 1, 1, 1, -1, -1, 1, 1, -1, 1, -1, -1, -1, 1, -1, 1, -1, 1, 1, 1, -1, -1, 1, 1, 1, 1, 1, -1, 1, -1, -1, 1, -1, -1, 1, -1, 1, -1, -1, 1, 1, 1, 1, 1, 1, -1, 1, 1, -1, -1, 1, -1, 1, -1, 1, 1, 1, -1, 1, 1, 1, -1, -1, 1, 1, -1, 1, 1, 1, 1, -1, 1, 1, -1, 1, 1, 1, 1, 1, -1, 1, -1, 1, 1, 1, 1, -1, 1, -1, -1, 1, 1, 1, -1, 1, 1, -1, 1, 1, 1, 1, -1, 1, 1, 1, 1, 1, 1, 1, 1, -1, 1, -1, -1, 1, 1, 1, 1, -1, 1, 1, -1, 1, 1, -1, -1, 1, 1, 1, -1, 1, -1, 1, 1, -1, 1, 1, 1, 1, -1, -1, -1, -1, -1, 1, 1, -1, -1, 1, -1, -1, 1, 1, -1, -1, -1, 1, -1, -1, 1, 1, 1, -1, 1, 1, -1, -1, 1, 1, 1, 1, -1, 1, -1, -1, 1, -1, 1, -1, 1, -1, -1, 1, 1, 1, -1, -1, 1, -1, -1, 1, 1, 1, -1, -1, -1, 1, -1, 1, -1, -1, 1, -1, 1, 1, -1, 1, -1, 1, 1, 1, -1, 1, 1, -1, 1, -1, 1, -1, 1, 1, -1, -1, 1, -1, 1, 1, 1, 1, 1, -1, 1, -1, 1, -1, 1, 1, -1, -1, 1, -1, 1, 1, 1, 1, 1, -1, 1, -1, 1, 1, -1, 1, 1, -1, 1, -1, 1, 1, 1, 1, -1, -1, -1, -1, -1, 1, 1, -1, 1, -1, 1, -1, 1, 1, 1, -1, -1, 1, -1, -1, 1, 1, -1, -1, 1, 1, -1, -1, 1, -1, 1, -1, -1, -1, -1, 1, -1, 1, -1, 1, 1, -1, -1, 1, 1, -1, 1, 1, 1, -1, 1, 1, 1, 1, -1, -1, -1, -1, -1, 1, 1, -1, 1, -1, -1, -1, -1, 1, -1, -1, 1, 1, -1, -1, -1, 1, -1, -1, 1, 1, -1, -1, -1, 1, 1, -1, -1, 1, -1, 1, -1, 1, -1, 1, -1, 1, -1, 1, -1, 1, 1, -1, -1, 1, -1, 1, -1, 1, 1, -1, 1, -1, 1, -1, 1, 1, 1, -1, 1, -1, 1, 1, -1, 1, -1, -1, -1, -1, 1, -1, 1, 1, -1, -1, 1, 1, -1, 1, -1, 1, -1, 1, 1, -1, -1, 1, -1, 1, -1, -1, 1, -1, -1, -1, -1, 1, -1, -1, 1, -1, 1, 1, -1, 1, 1, -1, 1, 1, -1, 1, -1, 1, 1, -1, -1, -1, -1, 1, -1, -1, 1, -1, -1, 1, 1, 1, -1, 1, 1, -1, 1, 1, -1, 1, -1, 1, 1, -1, 1, -1, 1, 1, -1, 1, 1, 1, 1, -1, 1, -1, 1, 1, 1, 1, 1, -1, 1, -1, -1, -1, 1, 1, 1, -1, -1, -1, -1, 1, 1, -1, -1, -1, -1, -1, -1, -1, 1, -1, 1, -1, 1, -1, 1, -1, 1, 1, 1, -1, -1, 1, -1, -1, 1, 1, 1, 1, 1, -1, -1, -1, 1, 1, 1, 1, -1, -1, -1, -1, 1, 1, 1, 1, -1, 1, -1, -1, 1, 1, 1, 1, 1, -1, -1, -1, 1, 1, 1, -1, 1, -1, -1, -1, 1, 1, -1, 1, 1, -1, 1, -1, 1, 1, 1, 1, 1, 1, -1, 1, 1, 1, 1, 1, -1, -1, 1, 1, 1, -1, 1, -1, -1, -1, 1, 1, 1, 1, 1, -1, -1, 1, 1, 1, -1, 1, 1, -1, 1, 1, 1, 1, 1, -1, 1, 1, -1, 1, 1, 1, -1, 1, 1, -1, -1, 1, 1, -1, -1, 1, 1, 1, -1, 1, 1, 1, -1, 1, -1, 1, -1, 1, 1, 1, -1, 1, -1, 1, -1, 1, 1, 1, -1, 1, 1, 1, -1, 1, 1, 1, -1, 1, 1, -1, -1, 1, 1, 1, -1, -1, 1, 1, 1, -1, -1, 1, 1, -1, 1, -1, 1, 1, -1, 1, -1, -1, 1, -1, 1, 1, -1, 1, 1, -1, 1, 1, 1, 1, -1, 1, 1, -1, 1, -1, 1, 1, 1, 1, 1, 1, -1, 1, 1, -1, 1, 1, -1, -1, 1, 1, 1, -1, 1, -1, -1, 1, -1, 1, -1, 1, -1, 1, -1, -1, 1, -1, 1, 1, -1, 1, 1, -1, 1, 1, 1, -1, -1, -1, 1, 1, -1, -1, 1, -1, -1, 1, 1, -1, 1, -1, 1, -1, -1, 1, -1, 1, -1, 1, -1, -1, 1, -1, -1, 1, -1, 1, 1, -1, -1, 1, -1, -1, 1, -1, -1, 1, -1, 1, -1, -1, 1, -1, -1, -1, 1, -1, -1, 1, -1, 1, 1, -1, -1, 1, -1, 1, -1, -1, -1, -1, 1, 1, 1, 1, 1, -1, -1, -1, -1, 1, 1, -1, -1, -1, 1, -1, -1, -1, -1, -1, -1, -1, 1, -1, 1, 1, 1, -1, -1, 1, -1, -1, 1, 1, 1, -1, 1, -1, 1, -1, 1, 1, 1, -1, -1, 1, -1, 1, -1, 1, 1, -1, -1, 1, -1, -1, -1, 1, 1, -1, 1, -1, 1, -1, 1, 1, 1, -1, -1, -1, 1, -1, 1, 1, 1, -1, -1, -1, 1, 1, 1, 1, 1, -1, 1, 1, -1, -1, 1, 1, 1, 1, -1, -1, 1, -1, -1, 1, 1, 1, 1, 1, -1, -1, 1, 1, 1, -1, 1, 1, 1, -1, -1, 1, 1, -1, 1, -1, 1, -1, 1, 1, 1, -1, 1, 1, 1, -1, 1, -1, 1, -1, 1, -1, -1, -1, 1, 1, 1, 1, 1, 1, 1, -1, 1, -1, 1, 1, -1, 1, 1, -1, 1, -1, 1, -1, 1, -1, -1, 1, 1, -1, 1, -1, 1, 1, 1, -1, 1, -1, 1, 1, 1, -1, 1, 1, 1, -1, 1, -1, 1, -1, 1, 1, 1, 1, 1, -1, -1, 1, 1, 1, -1, -1, 1, 1, 1, -1, 1, 1, 1, -1, 1, 1, 1, -1, 1, 1, 1, 1, 1, 1, 1, 1, -1, 1, -1, 1, 1, 1, 1, -1, 1, 1, 1, -1, -1, 1, 1, -1, -1, 1, 1, -1, 1, 1, 1, -1, -1, 1, -1, 1, 1, 1, 1, -1, 1, 1, 1, -1, 1, 1, -1, 1, 1, 1, 1, -1, 1, 1, 1, -1, 1, 1, -1, -1, 1, 1, -1, -1, 1, 1, 1, -1, -1, 1, 1, 1, 1, 1, 1, -1, -1, -1, 1, -1, 1, 1, 1, -1, -1, -1, 1, -1, 1, -1, -1, -1, -1, -1, 1, 1, 1, 1, 1, -1, -1, 1, 1, -1, 1, -1, 1, -1, -1, -1, 1, 1, 1, 1, 1, -1, -1, -1, 1, 1, 1, -1, 1, -1, -1, -1, 1, 1, 1, 1, 1, -1, -1, 1, 1, 1, -1, 1, 1, -1, -1, -1, 1, 1, 1, -1, 1, -1, 1, -1, 1, 1, 1, -1, -1, 1, -1, 1, 1, 1, 1, -1, 1, -1, 1, 1, 1, 1, 1, -1, 1, 1, -1, -1, 1, 1, 1, -1, 1, 1, -1, 1, 1, -1, 1, -1, 1, 1, -1, -1, 1, -1, 1, -1, 1, 1, 1, -1, 1, 1, 1, -1, 1, 1, -1, 1, 1, 1, -1, 1, -1, 1, 1, 1, 1, -1, 1, -1, 1, 1, 1, 1, 1, -1, 1, -1, 1, 1, 1, 1, -1, -1, 1, -1, 1, 1, -1, 1, -1, 1, 1, -1, -1, 1, -1, 1, -1, 1, -1, -1, 1, 1, -1, 1, -1, -1, 1, -1, 1, -1, -1, 1, -1, -1, 1, -1, -1, 1, 1, 1, -1, 1, 1, -1, 1, -1, 1, -1, -1, 1, -1, -1, -1, 1, -1, 1, -1, -1, 1, -1, -1, -1, -1, -1, 1, -1, 1, -1, -1, -1, -1, -1, 1, -1, 1, -1, 1, -1, -1, -1, 1, -1, -1, -1, 1, -1, 1, -1, 1, -1, -1, -1, 1, -1, -1, -1, 1, -1, -1, -1, -1, -1, -1, -1, 1, -1, -1, 1, -1, -1, -1, -1, 1, -1, -1, -1, 1, -1, 1, -1, 1, -1, -1, -1, 1, -1, -1, -1, 1, 1, -1, -1, 1, -1, 1, -1, -1, -1, -1, -1, -1, 1, 1, -1, 1, -1, -1, -1, 1, -1, -1, -1, -1, 1, -1, 1, 1, 1, -1, -1, -1, 1, -1, 1, 1, -1, -1, 1, -1, 1, -1, -1, 1, -1, -1, 1, -1, 1, 1, -1, 1, 1, -1, 1, 1, 1, -1, -1
BQP_DATA, 1532, 6864, -3291.000000, -4155.000000, -9372.000000, -10236.000000, 512.000632, 3641, 857
