Set parameter TSPort to value 51199
Set parameter TokenServer to value "open-license1.lanl.gov"
Set parameter TimeLimit to value 512
Set parameter Threads to value 1
Gurobi Optimizer version 10.0.3 build v10.0.3rc0 (linux64)

CPU model: Intel(R) Xeon(R) CPU E5-2695 v4 @ 2.10GHz, instruction set [SSE2|AVX|AVX2]
Thread count: 36 physical cores, 72 logical processors, using up to 1 threads

Optimize a model with 0 rows, 1532 columns and 0 nonzeros
Model fingerprint: 0x6d807542
Model has 7036 quadratic objective terms
Variable types: 0 continuous, 1532 integer (1532 binary)
Coefficient statistics:
  Matrix range     [0e+00, 0e+00]
  Objective range  [2e+00, 3e+01]
  QObjective range [8e+00, 8e+00]
  Bounds range     [1e+00, 1e+00]
  RHS range        [0e+00, 0e+00]
Found heuristic solution: objective 0.0000000
Found heuristic solution: objective -2554.000000
Found heuristic solution: objective -9330.000000
Found heuristic solution: objective -9388.000000
Presolve removed 0 rows and 2 columns
Presolve time: 0.39s
Presolved: 7034 rows, 8564 columns, 21102 nonzeros
Variable types: 0 continuous, 8564 integer (8564 binary)

Root relaxation: objective -1.312100e+04, 2029 iterations, 0.04 seconds (0.01 work units)

    Nodes    |    Current Node    |     Objective Bounds      |     Work
 Expl Unexpl |  Obj  Depth IntInf | Incumbent    BestBd   Gap | It/Node Time

     0     0 -13121.000    0 1530 -9388.0000 -13121.000  39.8%     -    0s
     0     0 -12185.000    0 2000 -9388.0000 -12185.000  29.8%     -    1s
     0     0 -12108.000    0 2044 -9388.0000 -12108.000  29.0%     -    1s
     0     0 -12108.000    0 2044 -9388.0000 -12108.000  29.0%     -    1s
     0     0 -11907.750    0 2210 -9388.0000 -11907.750  26.8%     -    1s
     0     0 -11907.750    0 2173 -9388.0000 -11907.750  26.8%     -    2s
     0     2 -11907.750    0 2172 -9388.0000 -11907.750  26.8%     -    2s
   188   190 -11083.000   94 2759 -9388.0000 -11902.750  26.8%   104    5s
   623   625 -9750.5000  313 2997 -9388.0000 -11902.750  26.8%  74.7   10s
   840   807 -10620.000  160 2556 -9388.0000 -11419.115  21.6%  66.7   16s
   850   813 -11023.000  103 3277 -9388.0000 -11068.555  17.9%  65.9   29s
   851   814 -9997.5000  257 3414 -9388.0000 -11032.540  17.5%  65.8   35s
   856   817 -10194.500  220 3667 -9388.0000 -11020.150  17.4%  65.5   40s
   861   821 -10397.500  191 4097 -9388.0000 -10824.194  15.3%  65.1   64s
   862   821 -10113.000  235 4293 -9388.0000 -10795.765  15.0%  65.0   76s
   863   822 -10789.704   31 4384 -9388.0000 -10789.704  14.9%  64.9   80s
   865   823 -9771.5000  309 4472 -9388.0000 -10785.621  14.9%  64.8   85s
   873   829 -10374.500  194 4883 -9388.0000 -10650.883  13.5%  64.2  121s
   874   829 -10614.000  161 5085 -9388.0000 -10621.564  13.1%  64.1  137s
   875   830 -10616.008   50 5173 -9388.0000 -10616.008  13.1%  64.0  144s
   876   831 -10614.310   89 5190 -9388.0000 -10614.310  13.1%  64.0  148s
   877   831 -10613.700   30 5260 -9388.0000 -10613.700  13.1%  63.9  150s
   884   836 -10613.107   67 5390 -9388.0000 -10613.107  13.0%  63.4  155s
   885   837 -10444.500  185 5861 -9388.0000 -10506.886  11.9%  63.3  200s
   886   837 -9591.0000  347 6169 -9388.0000 -10487.276  11.7%  63.2  227s
   887   838 -9600.0000  343 6196 -9388.0000 -10483.031  11.7%  63.2  236s
   888   839 -10481.952   21 6258 -9388.0000 -10481.952  11.7%  63.1  240s
   891   841 -10478.500  180 6261 -9388.0000 -10481.178  11.6%  62.9  245s
   896   844 -9676.0000  331 6815 -9388.0000 -10406.976  10.9%  62.5  303s
   897   845 -10188.500  221 6910 -9388.0000 -10390.805  10.7%  62.5  336s
   898   845 -10387.405  117 7012 -9388.0000 -10387.405  10.6%  62.4  350s
   899   846 -10144.500  229 7056 -9388.0000 -10386.198  10.6%  62.3  357s
   900   847 -10113.000  235 7082 -9388.0000 -10385.897  10.6%  62.3  360s
   905   850 -10385.734  117 7123 -9388.0000 -10385.734  10.6%  61.9  365s
   906   851 -9588.0000  346 7082 -9388.0000 -10355.894  10.3%  61.8  408s
   907   851 -10350.246  194 7179 -9388.0000 -10350.246  10.2%  61.8  429s
   908   852 -10349.210  138 7173 -9388.0000 -10349.210  10.2%  61.7  436s
   909   853 -10083.500  242 7205 -9388.0000 -10348.932  10.2%  61.6  440s
   914   856 -9781.5000  308 7223 -9388.0000 -10348.798  10.2%  61.3  445s
   915   857 -10325.594  124 7146 -9388.0000 -10325.594  10.0%  61.2  483s
   916   857 -9410.0000  401 7224 -9388.0000 -10319.649  9.92%  61.2  506s

Cutting planes:
  Gomory: 68
  MIR: 287
  Flow cover: 2161
  Zero half: 1208
  Mod-K: 35
  RLT: 319
  BQP: 435

Explored 916 nodes (654012 simplex iterations) in 512.00 seconds (611.57 work units)
Thread count was 1 (of 72 available processors)

Solution count 4: -9388 -9330 -2554 0 

Time limit reached
Best objective -9.388000000000e+03, best bound -1.031800000000e+04, gap 9.9063%

User-callback calls 6613, time in user-callback 0.04 sec

BQP_SOLUTION, 1532, 7036, -3303.000000, 512.000785, -1, 1, -1, 1, 1, 1, -1, -1, 1, -1, 1, 1, 1, -1, -1, 1, 1, 1, -1, 1, 1, -1, -1, -1, -1, 1, -1, 1, 1, -1, 1, -1, -1, 1, -1, 1, 1, 1, -1, 1, -1, 1, -1, 1, 1, -1, -1, -1, -1, 1, -1, -1, 1, -1, -1, -1, -1, 1, -1, 1, -1, -1, -1, -1, -1, 1, -1, -1, 1, -1, -1, -1, -1, 1, 1, -1, 1, 1, -1, -1, 1, 1, 1, -1, 1, 1, -1, 1, -1, -1, 1, -1, 1, -1, 1, -1, -1, 1, -1, 1, 1, -1, 1, -1, -1, 1, -1, -1, 1, 1, -1, 1, -1, 1, -1, -1, 1, -1, 1, -1, -1, 1, 1, 1, -1, 1, -1, -1, -1, -1, 1, -1, 1, 1, -1, -1, -1, -1, 1, -1, 1, 1, -1, 1, 1, -1, 1, -1, -1, 1, -1, 1, -1, 1, 1, -1, 1, 1, 1, 1, -1, 1, 1, 1, -1, -1, 1, 1, 1, -1, 1, -1, 1, 1, 1, -1, -1, 1, -1, 1, -1, 1, 1, 1, -1, 1, 1, 1, -1, 1, 1, 1, -1, -1, 1, 1, -1, -1, 1, -1, -1, 1, 1, -1, 1, 1, 1, -1, -1, 1, -1, 1, 1, 1, 1, -1, -1, 1, -1, -1, -1, 1, 1, 1, -1, -1, -1, 1, -1, 1, 1, 1, -1, -1, -1, 1, -1, -1, 1, 1, 1, 1, -1, 1, -1, 1, 1, 1, -1, -1, -1, 1, 1, -1, 1, -1, 1, 1, -1, -1, 1, 1, -1, -1, -1, -1, 1, -1, -1, 1, 1, 1, 1, 1, 1, -1, 1, 1, -1, -1, 1, -1, 1, -1, 1, -1, 1, 1, 1, 1, -1, 1, -1, 1, 1, 1, 1, -1, -1, 1, -1, 1, -1, 1, 1, 1, -1, 1, 1, -1, 1, 1, -1, 1, -1, 1, 1, 1, -1, 1, 1, -1, -1, -1, 1, -1, -1, 1, 1, -1, -1, -1, 1, -1, -1, 1, -1, 1, -1, 1, 1, -1, -1, -1, 1, 1, -1, -1, 1, -1, 1, 1, 1, 1, -1, -1, 1, 1, 1, -1, 1, 1, -1, -1, 1, -1, -1, 1, 1, 1, 1, -1, 1, 1, -1, 1, 1, 1, -1, -1, 1, 1, -1, 1, 1, 1, 1, 1, 1, -1, 1, -1, 1, -1, -1, 1, 1, -1, -1, -1, 1, -1, 1, -1, 1, -1, -1, -1, 1, 1, -1, -1, 1, 1, -1, 1, 1, 1, -1, -1, 1, 1, 1, 1, 1, 1, -1, -1, 1, -1, -1, 1, -1, 1, -1, 1, -1, 1, -1, 1, 1, 1, 1, -1, 1, 1, -1, 1, 1, 1, -1, -1, -1, 1, 1, -1, -1, 1, -1, 1, -1, 1, -1, 1, -1, 1, -1, -1, -1, 1, -1, -1, -1, 1, -1, -1, -1, -1, 1, -1, 1, -1, -1, -1, 1, 1, 1, -1, 1, 1, -1, 1, 1, 1, -1, -1, 1, 1, -1, 1, 1, 1, -1, -1, 1, -1, 1, -1, -1, 1, 1, -1, 1, 1, 1, -1, -1, -1, 1, 1, -1, 1, -1, -1, -1, 1, 1, -1, -1, -1, 1, -1, -1, 1, 1, -1, 1, 1, 1, -1, -1, -1, 1, -1, 1, -1, -1, 1, -1, -1, 1, 1, -1, -1, 1, -1, -1, -1, 1, -1, 1, -1, 1, 1, -1, -1, 1, 1, -1, -1, 1, -1, -1, -1, 1, 1, -1, -1, 1, -1, -1, 1, 1, -1, 1, 1, 1, -1, -1, 1, 1, 1, -1, 1, -1, 1, -1, 1, -1, 1, -1, -1, 1, -1, 1, 1, 1, 1, -1, -1, 1, 1, -1, -1, 1, -1, -1, -1, -1, 1, -1, -1, 1, 1, -1, 1, 1, 1, 1, -1, 1, 1, 1, -1, -1, 1, 1, -1, 1, 1, -1, 1, 1, 1, 1, -1, -1, -1, 1, -1, -1, -1, -1, -1, -1, -1, 1, 1, 1, -1, 1, 1, -1, 1, 1, 1, -1, 1, 1, -1, -1, 1, 1, 1, -1, 1, 1, -1, -1, 1, 1, -1, 1, 1, -1, -1, 1, 1, 1, -1, 1, -1, 1, -1, 1, -1, 1, 1, 1, -1, -1, 1, 1, 1, 1, -1, 1, 1, -1, -1, -1, 1, 1, -1, -1, 1, -1, -1, -1, 1, 1, -1, 1, -1, -1, 1, 1, 1, 1, -1, 1, 1, 1, -1, -1, 1, 1, 1, 1, -1, -1, 1, -1, 1, 1, 1, -1, 1, -1, 1, 1, 1, -1, 1, 1, 1, -1, 1, -1, 1, 1, -1, 1, 1, -1, 1, 1, 1, -1, 1, -1, 1, 1, -1, 1, 1, -1, -1, 1, 1, 1, 1, 1, 1, -1, -1, 1, 1, -1, 1, 1, 1, 1, 1, 1, 1, -1, 1, 1, 1, 1, 1, 1, -1, 1, 1, 1, 1, -1, -1, 1, -1, 1, -1, -1, 1, -1, -1, 1, -1, 1, 1, -1, 1, -1, 1, -1, -1, -1, 1, -1, 1, -1, 1, 1, 1, -1, -1, 1, 1, -1, -1, 1, 1, 1, -1, 1, 1, -1, 1, 1, -1, -1, -1, 1, 1, 1, -1, 1, 1, -1, -1, 1, -1, 1, 1, -1, 1, -1, 1, -1, -1, -1, 1, 1, -1, 1, -1, -1, -1, -1, 1, 1, 1, 1, -1, -1, -1, -1, -1, 1, -1, -1, -1, 1, 1, -1, 1, 1, 1, -1, -1, 1, -1, 1, -1, -1, 1, -1, -1, -1, -1, -1, -1, -1, 1, -1, -1, 1, -1, -1, -1, 1, 1, -1, -1, -1, 1, -1, -1, -1, 1, -1, 1, -1, 1, 1, -1, 1, 1, -1, 1, -1, 1, -1, -1, -1, 1, -1, 1, 1, 1, 1, -1, -1, 1, -1, -1, -1, -1, -1, -1, 1, -1, 1, -1, -1, 1, -1, -1, 1, 1, -1, -1, -1, 1, -1, -1, 1, -1, -1, 1, -1, 1, -1, -1, 1, 1, 1, -1, 1, -1, -1, 1, -1, -1, 1, -1, 1, 1, -1, 1, -1, -1, 1, -1, 1, 1, -1, 1, 1, -1, 1, -1, 1, 1, 1, 1, 1, -1, 1, 1, 1, -1, 1, -1, -1, -1, 1, -1, 1, 1, -1, 1, 1, -1, 1, 1, -1, -1, 1, 1, -1, 1, -1, 1, -1, 1, 1, -1, 1, -1, 1, 1, -1, 1, 1, -1, 1, 1, 1, 1, 1, 1, 1, -1, -1, 1, 1, 1, -1, 1, 1, 1, -1, 1, 1, -1, 1, 1, 1, -1, 1, -1, 1, -1, -1, 1, 1, -1, 1, 1, 1, 1, -1, -1, 1, 1, 1, 1, -1, -1, 1, 1, 1, -1, 1, 1, -1, 1, 1, 1, 1, -1, 1, -1, 1, -1, -1, 1, -1, 1, -1, 1, -1, 1, -1, 1, 1, 1, -1, 1, -1, -1, 1, 1, 1, 1, -1, 1, -1, 1, -1, 1, -1, 1, -1, 1, -1, 1, 1, -1, 1, -1, 1, -1, 1, -1, 1, 1, 1, 1, -1, -1, -1, 1, 1, 1, -1, -1, -1, -1, -1, 1, 1, 1, 1, 1, 1, 1, -1, 1, 1, 1, 1, 1, 1, 1, -1, 1, 1, -1, 1, 1, -1, -1, -1, -1, 1, -1, 1, 1, -1, -1, -1, 1, -1, -1, 1, 1, -1, -1, -1, -1, 1, -1, 1, 1, -1, -1, -1, 1, -1, -1, 1, 1, 1, -1, -1, -1, -1, -1, -1, 1, 1, -1, 1, -1, 1, -1, -1, 1, 1, 1, 1, 1, -1, -1, 1, 1, -1, 1, -1, 1, -1, -1, -1, 1, -1, -1, 1, -1, -1, -1, 1, 1, -1, 1, 1, 1, 1, -1, 1, 1, 1, -1, 1, -1, 1, -1, -1, 1, -1, 1, 1, -1, 1, -1, 1, 1, 1, -1, 1, 1, -1, -1, -1, 1, -1, 1, 1, -1, 1, -1, -1, 1, 1, 1, 1, -1, -1, 1, -1, 1, 1, -1, 1, -1, -1, 1, -1, 1, 1, 1, -1, -1, -1, 1, -1, -1, 1, 1, 1, 1, -1, 1, -1, 1, 1, -1, 1, -1, 1, -1, -1, 1, 1, -1, 1, -1, -1, 1, -1, 1, 1, 1, 1, 1, -1, 1, -1, 1, 1, 1, 1, -1, -1, 1, -1, 1, -1, 1, 1, -1, -1, 1, 1, 1, 1, 1, -1, 1, -1, 1, -1, -1, -1, 1, 1, 1, -1, 1, -1, -1, 1, 1, 1, -1, -1, 1, -1, -1, 1, -1, 1, 1, -1, -1, 1, -1, 1, 1, 1, 1, -1, 1, -1, -1, -1, 1, 1, 1, 1, -1, 1, -1, -1, 1, 1, -1, -1, -1, 1, -1, -1, 1, 1, -1, 1, -1, 1, -1, 1, -1, 1, -1, 1, 1, -1, -1, 1, 1, -1, -1, 1, 1, 1, -1, 1, -1, 1, 1, 1, 1, -1, -1, 1, -1, 1, 1, -1, 1, 1, -1, 1, -1, 1, -1, 1, -1, 1, -1, -1, 1, 1, 1, -1, 1, 1, -1, -1, 1, 1, 1, 1, 1, 1, -1, -1, 1, 1, 1, -1, 1, -1, -1, 1, 1, 1, 1, 1, 1, 1, 1, -1, 1, 1, -1, 1, 1, 1, -1, 1, 1, 1, 1, 1, -1, -1, 1, -1, 1
BQP_DATA, 1532, 7036, -3303.000000, -4233.000000, -9388.000000, -10318.000000, 512.000785, 3759, 916
