Set parameter TSPort to value 51199
Set parameter TokenServer to value "open-license1.lanl.gov"
Set parameter TimeLimit to value 1024
Set parameter Threads to value 1
Gurobi Optimizer version 10.0.3 build v10.0.3rc0 (linux64)

CPU model: Intel(R) Xeon(R) CPU E5-2695 v4 @ 2.10GHz, instruction set [SSE2|AVX|AVX2]
Thread count: 36 physical cores, 72 logical processors, using up to 1 threads

Optimize a model with 0 rows, 598 columns and 0 nonzeros
Model fingerprint: 0xa90d4da3
Model has 2592 quadratic objective terms
Variable types: 0 continuous, 598 integer (598 binary)
Coefficient statistics:
  Matrix range     [0e+00, 0e+00]
  Objective range  [2e+00, 3e+01]
  QObjective range [8e+00, 8e+00]
  Bounds range     [1e+00, 1e+00]
  RHS range        [0e+00, 0e+00]
Found heuristic solution: objective 0.0000000
Found heuristic solution: objective -1052.000000
Found heuristic solution: objective -3600.000000
Found heuristic solution: objective -3610.000000
Presolve time: 0.22s
Presolved: 2592 rows, 3190 columns, 7776 nonzeros
Variable types: 0 continuous, 3190 integer (3190 binary)

Root relaxation: objective -4.946000e+03, 706 iterations, 0.02 seconds (0.01 work units)

    Nodes    |    Current Node    |     Objective Bounds      |     Work
 Expl Unexpl |  Obj  Depth IntInf | Incumbent    BestBd   Gap | It/Node Time

     0     0 -4946.0000    0  598 -3610.0000 -4946.0000  37.0%     -    0s
     0     0 -4500.5000    0  827 -3610.0000 -4500.5000  24.7%     -    0s
     0     0 -4493.0000    0  830 -3610.0000 -4493.0000  24.5%     -    0s
     0     0 -4384.1667    0  934 -3610.0000 -4384.1667  21.4%     -    0s
     0     0 -4384.1667    0  905 -3610.0000 -4384.1667  21.4%     -    1s
     0     2 -4384.1667    0  902 -3610.0000 -4384.1667  21.4%     -    1s
   475   465 -3727.0000   96 1140 -3610.0000 -4373.0000  21.1%  98.5    5s
   531   513 -3705.0000  105 1696 -3610.0000 -4057.3296  12.4%  91.2   10s
   541   520 -3987.5000   50 2065 -3610.0000 -3997.3905  10.7%  89.6   16s
   550   526 -3964.2627   40 2337 -3610.0000 -3964.2627  9.81%  88.1   22s
   553   528 -3957.5751   15 2530 -3610.0000 -3957.5751  9.63%  87.6   25s
   558   531 -3934.4588    5 2607 -3610.0000 -3934.4588  8.99%  86.8   30s
   565   536 -3623.0000  140 2661 -3610.0000 -3915.8906  8.47%  85.7   37s
   571   540 -3822.2500   74 2719 -3610.0000 -3912.4952  8.38%  84.8   40s
   579   545 -3902.2207   30 2784 -3610.0000 -3902.2207  8.09%  83.7   45s
   586   550 -3792.5000   84 2757 -3610.0000 -3894.8300  7.89%  82.7   50s
   598   558 -3890.8755    8 2819 -3610.0000 -3890.8755  7.78%  81.0   55s
   609   565 -3710.5000  103 2834 -3610.0000 -3886.1592  7.65%  79.6   60s
   621   573 -3881.7296   44 2843 -3610.0000 -3881.7296  7.53%  78.0   65s
   635   583 -3774.7500   83 2830 -3610.0000 -3877.1357  7.40%  76.3   70s
   652   594 -3873.3023   68 2843 -3610.0000 -3873.3023  7.29%  74.3   75s
   669   605 -3869.7954   26 2883 -3610.0000 -3869.7954  7.20%  72.4   80s
   688   618 -3754.5000   93 2873 -3610.0000 -3866.7747  7.11%  70.4   85s
   716   637 -3864.4250   22 2903 -3610.0000 -3864.4250  7.05%  67.7   90s
   726   645 -3804.2500   76 2546 -3610.0000 -3864.4246  7.05%   315   97s
   727   645 -3738.5000   92 2751 -3610.0000 -3864.4246  7.05%   315  103s
   728   646 -3740.5000   97 2829 -3610.0000 -3864.4246  7.05%   314  107s
   736   651 -3695.0000  107 2893 -3610.0000 -3864.4246  7.05%   311  110s
   746   658 -3786.5000   85 2906 -3610.0000 -3860.6958  6.94%   307  115s
   755   664 -3804.2500   76 2897 -3610.0000 -3857.1084  6.85%   303  120s
   766   671 -3674.0000  122 2918 -3610.0000 -3854.2972  6.77%   299  125s
   780   681 -3852.1744   16 2936 -3610.0000 -3852.1744  6.71%   294  130s
   792   689 -3730.5000   93 2929 -3610.0000 -3850.1253  6.65%   289  135s
   807   699 -3784.5000   81 2914 -3610.0000 -3848.1131  6.60%   284  140s
   826   711 -3804.2500   76 2928 -3610.0000 -3846.8812  6.56%   277  145s
   849   727 -3845.8219   68 2953 -3610.0000 -3845.8219  6.53%   270  150s
   870   741 -3844.4691   18 2959 -3610.0000 -3844.4691  6.49%   263  155s
   891   755 -3688.0000  113 2974 -3610.0000 -3843.3088  6.46%   257  160s
   912   769 -3770.5000   88 2971 -3610.0000 -3842.4148  6.44%   251  165s
   918   773 -3842.3947   39 2955 -3610.0000 -3842.3947  6.44%   249  172s
   919   775 -3840.0747   27 2897 -3610.0000 -3842.2402  6.43%   392  175s
   922   777 -3837.4778   28 2858 -3610.0000 -3840.3192  6.38%   401  180s
   925   779 -3833.8289   30 2838 -3610.0000 -3840.3192  6.38%   410  185s
   928   781 -3830.2904   31 2798 -3610.0000 -3840.3192  6.38%   423  190s
   933   785 -3825.1924   34 2709 -3610.0000 -3840.3192  6.38%   434  195s
   938   788 -3818.3835   36 2688 -3610.0000 -3840.3192  6.38%   444  200s
   943   791 -3814.0998   39 2607 -3610.0000 -3840.3192  6.38%   454  206s
   946   793 -3809.1886   40 2579 -3610.0000 -3840.3192  6.38%   462  210s
   953   798 -3800.4415   44 2497 -3610.0000 -3840.3192  6.38%   473  215s
   959   802 -3794.5446   47 2475 -3610.0000 -3840.3192  6.38%   483  220s
   964   805 -3786.7547   49 2422 -3610.0000 -3840.3192  6.38%   495  225s
   972   811 -3775.0923   53 2409 -3610.0000 -3840.3192  6.38%   505  230s
   979   815 -3773.2328   57 2340 -3610.0000 -3840.3192  6.38%   515  235s
   988   821 -3763.9008   61 2288 -3610.0000 -3840.3192  6.38%   526  240s
   998   828 -3755.0413   66 2253 -3610.0000 -3840.3192  6.38%   536  245s
  1002   831 -3751.1087   68 2238 -3610.0000 -3840.3192  6.38%   540  252s
  1009   835 -3744.9335   72 2231 -3610.0000 -3840.3192  6.38%   544  255s
  1026   847 -3733.9661   80 2141 -3610.0000 -3840.3192  6.38%   551  260s
  1042   857 -3721.7403   88 2097 -3610.0000 -3840.3192  6.38%   562  265s
H 1053   821                    -3620.000000 -3840.3192  6.09%   567  268s
  1057   825 -3706.6041   96 1990 -3620.0000 -3840.3192  6.09%   570  270s
  1082   842 -3681.9839  108 1859 -3620.0000 -3840.3192  6.09%   573  275s
  1111   861 -3657.0981  123 1849 -3620.0000 -3840.3192  6.09%   575  280s
  1155   889 -3622.7582  144 1546 -3620.0000 -3840.3192  6.09%   573  285s
  1167   883 -3834.9032   29 2824 -3620.0000 -3840.1448  6.08%   575  291s
  1170   885 -3831.2111   30 2803 -3620.0000 -3840.1448  6.08%   583  296s
  1173   887 -3827.3905   32 2737 -3620.0000 -3840.1448  6.08%   590  300s
  1177   889 -3822.7038   34 2718 -3620.0000 -3840.1448  6.08%   597  305s
  1181   892 -3816.5947   36 2652 -3620.0000 -3840.1448  6.08%   604  310s
  1185   895 -3809.8655   38 2593 -3620.0000 -3840.1448  6.08%   612  315s
  1189   897 -3805.4124   40 2579 -3620.0000 -3840.1448  6.08%   619  320s
  1193   900 -3800.1869   42 2531 -3620.0000 -3840.1448  6.08%   627  325s
  1197   903 -3791.2986   44 2512 -3620.0000 -3840.1448  6.08%   636  330s
  1203   907 -3785.8831   47 2467 -3620.0000 -3840.1448  6.08%   645  336s
  1208   910 -3778.2413   49 2446 -3620.0000 -3840.1448  6.08%   651  340s
  1215   915 -3770.6521   53 2380 -3620.0000 -3840.1448  6.08%   659  345s
  1223   920 -3759.6164   57 2310 -3620.0000 -3840.1448  6.08%   665  350s
  1233   927 -3750.2008   62 2277 -3620.0000 -3840.1448  6.08%   672  355s
  1245   935 -3740.7054   68 2209 -3620.0000 -3840.1448  6.08%   677  360s
  1258   943 -3729.7609   74 2171 -3620.0000 -3840.1448  6.08%   684  365s
H 1274   897                    -3634.000000 -3840.1448  5.67%   685  370s
  1292   911 -3713.0862   91 1907 -3634.0000 -3840.1448  5.67%   688  375s
H 1301   853                    -3654.000000 -3840.1448  5.09%   688  377s
  1316   865 -3704.6223  103 1807 -3654.0000 -3840.1448  5.09%   689  380s
  1344   884 -3687.1263  117 1695 -3654.0000 -3840.1448  5.09%   688  385s
  1380   908 -3667.9597  135 1519 -3654.0000 -3840.1448  5.09%   684  390s
H 1382   869                    -3656.000000 -3840.1448  5.04%   683  390s
  1407   872 -3835.9847   28 2898 -3656.0000 -3837.0516  4.95%   680  395s
  1410   874 -3831.0507   30 2829 -3656.0000 -3837.0516  4.95%   686  400s
  1413   876 -3827.5501   31 2785 -3656.0000 -3837.0516  4.95%   691  405s
  1417   878 -3820.3304   33 2734 -3656.0000 -3837.0516  4.95%   698  411s
  1420   880 -3817.8921   35 2706 -3656.0000 -3837.0516  4.95%   702  415s
  1424   883 -3809.2363   37 2643 -3656.0000 -3837.0516  4.95%   711  421s
  1427   885 -3806.7348   38 2639 -3656.0000 -3837.0516  4.95%   715  425s
  1431   888 -3800.5051   40 2568 -3656.0000 -3837.0516  4.95%   722  431s
  1435   890 -3793.8544   42 2526 -3656.0000 -3837.0516  4.95%   727  435s
H 1436   849                    -3658.000000 -3837.0516  4.89%   727  436s
  1441   854 -3786.1813   45 2454 -3658.0000 -3837.0516  4.89%   735  441s
  1446   858 -3779.2304   48 2437 -3658.0000 -3837.0516  4.89%   741  445s
  1452   862 -3770.1391   51 2395 -3658.0000 -3837.0516  4.89%   748  450s
  1457   865 -3762.8269   53 2374 -3658.0000 -3837.0516  4.89%   755  455s
  1465   870 -3752.7494   57 2359 -3658.0000 -3837.0516  4.89%   761  460s
  1474   876 -3747.2858   62 2292 -3658.0000 -3837.0516  4.89%   766  465s
  1487   885 -3737.9954   68 2220 -3658.0000 -3837.0516  4.89%   769  470s
  1501   894 -3728.6518   75 2152 -3658.0000 -3837.0516  4.89%   772  475s
  1517   905 -3719.5412   83 2035 -3658.0000 -3837.0516  4.89%   773  480s
  1539   920 -3703.8557   94 1938 -3658.0000 -3837.0516  4.89%   774  485s
H 1542   886                    -3660.000000 -3837.0516  4.84%   774  486s
  1560   900 -3693.4484  105 1872 -3660.0000 -3837.0516  4.84%   775  490s
  1602   928 -3675.2876  126 1407 -3660.0000 -3837.0516  4.84%   767  495s
H 1620   894                    -3662.000000 -3837.0516  4.78%   762  496s
  1639   890 -3833.4098   29 2882 -3662.0000 -3836.9616  4.78%   758  500s
  1643   893 -3824.5285   32 2763 -3662.0000 -3836.9616  4.78%   764  506s
  1646   895 -3821.8024   33 2739 -3662.0000 -3836.9616  4.78%   769  511s
  1649   897 -3816.0219   35 2701 -3662.0000 -3836.9616  4.78%   773  515s
  1652   899 -3817.6169   34 2731 -3662.0000 -3836.9616  4.78%   778  520s
  1655   901 -3812.8370   36 2676 -3662.0000 -3836.9616  4.78%   783  525s
  1660   904 -3809.8716   36 2711 -3662.0000 -3836.9616  4.78%   788  530s
  1664   907 -3808.1288   37 2644 -3662.0000 -3836.9616  4.78%   792  535s
  1668   910 -3803.5004   41 2593 -3662.0000 -3836.9616  4.78%   797  540s
  1673   913 -3802.7518   42 2580 -3662.0000 -3836.9616  4.78%   802  545s
  1678   916 -3794.6767   43 2520 -3662.0000 -3836.9616  4.78%   807  550s
  1683   920 -3790.0746   44 2511 -3662.0000 -3836.9616  4.78%   811  555s
  1689   924 -3787.3348   45 2487 -3662.0000 -3836.9616  4.78%   816  560s
  1695   928 -3776.8308   48 2446 -3662.0000 -3836.9616  4.78%   820  565s
  1702   932 -3775.0506   49 2446 -3662.0000 -3836.9616  4.78%   825  570s
  1708   936 -3768.2710   52 2386 -3662.0000 -3836.9616  4.78%   829  575s
  1716   942 -3760.3763   55 2345 -3662.0000 -3836.9616  4.78%   833  580s
  1724   947 -3758.1406   56 2339 -3662.0000 -3836.9616  4.78%   837  585s
  1732   952 -3753.3606   58 2321 -3662.0000 -3836.9616  4.78%   842  590s
  1742   959 -3744.4172   61 2307 -3662.0000 -3836.9616  4.78%   845  595s
  1752   966 -3735.2065   68 2220 -3662.0000 -3836.9616  4.78%   848  600s
  1762   972 -3730.3184   71 2195 -3662.0000 -3836.9616  4.78%   852  605s
  1775   981 -3722.2615   74 2165 -3662.0000 -3836.9616  4.78%   855  610s
  1792   992 -3716.2584   77 2159 -3662.0000 -3836.9616  4.78%   856  615s
  1811  1005 -3709.1892   80 2131 -3662.0000 -3836.9616  4.78%   856  620s
  1831  1018 -3698.3363   88 2081 -3662.0000 -3836.9616  4.78%   855  625s
  1854  1034 -3689.9612   97 1847 -3662.0000 -3836.9616  4.78%   854  630s
  1878  1050 -3678.3044  102 1810 -3662.0000 -3836.9616  4.78%   854  635s
H 1880   979                    -3668.000000 -3836.9616  4.61%   854  635s
  1912  1002 -3674.0140  112 1693 -3668.0000 -3836.9616  4.61%   849  640s
H 1923   957                    -3670.000000 -3836.9616  4.55%   845  640s
  1926   957 -3830.3743   30 2832 -3670.0000 -3834.3692  4.48%   849  645s
  1929   959 -3822.3342   33 2752 -3670.0000 -3834.3692  4.48%   852  650s
  1933   961 -3820.6568   34 2718 -3670.0000 -3834.3692  4.48%   856  655s
  1937   964 -3816.0808   35 2695 -3670.0000 -3834.3692  4.48%   860  660s
  1942   967 -3812.1529   36 2665 -3670.0000 -3834.3692  4.48%   865  666s
  1946   970 -3810.2947   37 2662 -3670.0000 -3834.3692  4.48%   868  670s
  1949   972 -3808.7055   37 2631 -3670.0000 -3834.3692  4.48%   872  675s
  1953   975 -3807.6193   38 2641 -3670.0000 -3834.3692  4.48%   876  680s
  1958   978 -3805.8727   38 2636 -3670.0000 -3834.3692  4.48%   881  686s
  1962   981 -3801.3891   39 2615 -3670.0000 -3834.3692  4.48%   884  690s
  1967   984 -3799.0437   41 2593 -3670.0000 -3834.3692  4.48%   887  695s
  1971   987 -3796.0653   41 2595 -3670.0000 -3834.3692  4.48%   892  700s
  1975   989 -3794.7904   42 2560 -3670.0000 -3834.3692  4.48%   896  705s
  1980   993 -3791.4447   43 2567 -3670.0000 -3834.3692  4.48%   899  710s
  1986   997 -3790.9764   44 2558 -3670.0000 -3834.3692  4.48%   903  715s
  1992  1001 -3788.3844   44 2564 -3670.0000 -3834.3692  4.48%   907  720s
  1996  1003 -3780.6068   47 2503 -3670.0000 -3834.3692  4.48%   909  725s
  1998  1005 -3781.5873   48 2493 -3670.0000 -3834.3692  4.48%   910  730s
  2002  1007 -3777.2835   48 2527 -3670.0000 -3834.3692  4.48%   913  735s
  2004  1009 -3776.6726   49 2484 -3670.0000 -3834.3692  4.48%   914  749s
  2005  1009 -3777.4629   49 2501 -3670.0000 -3834.3692  4.48%   915  750s
  2012  1014 -3772.1610   51 2415 -3670.0000 -3834.3692  4.48%   918  755s
  2018  1018 -3770.7907   52 2413 -3670.0000 -3834.3692  4.48%   922  760s
  2024  1022 -3766.1407   54 2413 -3670.0000 -3834.3692  4.48%   925  765s
  2031  1027 -3763.8064   54 2413 -3670.0000 -3834.3692  4.48%   928  770s
H 2036   984                    -3672.000000 -3834.3692  4.42%   930  773s
  2038   987 -3759.2383   56 2360 -3672.0000 -3834.3692  4.42%   932  775s
  2044   991 -3756.0115   57 2341 -3672.0000 -3834.3692  4.42%   936  780s
  2051   996 -3753.9934   58 2341 -3672.0000 -3834.3692  4.42%   940  785s
  2058  1001 -3750.1424   60 2320 -3672.0000 -3834.3692  4.42%   943  790s
  2066  1006 -3745.4491   61 2310 -3672.0000 -3834.3692  4.42%   946  795s
  2076  1013 -3742.1511   63 2296 -3672.0000 -3834.3692  4.42%   949  800s
H 2088   927                    -3680.000000 -3834.3692  4.19%   949  805s
  2102   938 -3727.9238   72 2187 -3680.0000 -3834.3692  4.19%   950  810s
  2117   948 -3722.9915   75 2137 -3680.0000 -3834.3692  4.19%   951  815s
  2130   957 -3718.8102   77 2120 -3680.0000 -3834.3692  4.19%   952  820s
  2147   968 -3709.4569   83 2097 -3680.0000 -3834.3692  4.19%   952  825s
  2166   986 -3704.0188   85 2080 -3680.0000 -3834.3692  4.19%   951  830s
  2185  1005 -3697.8163   88 2063 -3680.0000 -3834.3692  4.19%   950  835s
  2205  1025 -3689.2994   94 2011 -3680.0000 -3834.3692  4.19%   949  840s
  2221  1041 -3684.3356   96 1985 -3680.0000 -3834.3692  4.19%   950  845s
  2236  1048 -3829.4834   31 2803 -3680.0000 -3834.3669  4.19%   949  851s
  2239  1051 -3823.0452   33 2745 -3680.0000 -3834.3669  4.19%   952  855s
  2242  1054 -3823.0534   33 2735 -3680.0000 -3834.3669  4.19%   955  860s
H 2244  1007                    -3684.000000 -3834.3669  4.08%   956  863s
  2245  1010 -3820.3345   34 2722 -3684.0000 -3834.3669  4.08%   959  865s
  2248  1013 -3820.0876   34 2722 -3684.0000 -3834.3669  4.08%   962  870s
  2252  1017 -3813.9821   36 2691 -3684.0000 -3834.3669  4.08%   965  875s
  2256  1021 -3816.0435   35 2698 -3684.0000 -3834.3669  4.08%   969  880s
  2260  1025 -3808.4562   37 2662 -3684.0000 -3834.3669  4.08%   972  885s
  2264  1029 -3811.0380   37 2684 -3684.0000 -3834.3669  4.08%   975  890s
  2268  1033 -3809.5704   38 2641 -3684.0000 -3834.3669  4.08%   979  896s
  2272  1037 -3806.7154   39 2631 -3684.0000 -3834.3669  4.08%   982  900s
  2276  1041 -3802.2986   41 2597 -3684.0000 -3834.3669  4.08%   985  905s
  2281  1046 -3797.7304   42 2582 -3684.0000 -3834.3669  4.08%   989  911s
  2284  1049 -3797.5091   42 2589 -3684.0000 -3834.3669  4.08%   993  915s
  2289  1054 -3795.1987   43 2535 -3684.0000 -3834.3669  4.08%   996  920s
  2294  1059 -3791.7065   44 2535 -3684.0000 -3834.3669  4.08%   999  925s
  2300  1065 -3788.2838   45 2526 -3684.0000 -3834.3669  4.08%  1003  930s
  2304  1069 -3786.2811   47 2494 -3684.0000 -3834.3669  4.08%  1006  935s
  2310  1075 -3782.0167   48 2482 -3684.0000 -3834.3669  4.08%  1009  940s
  2316  1081 -3778.4748   48 2489 -3684.0000 -3834.3669  4.08%  1013  945s
  2322  1087 -3773.9761   51 2440 -3684.0000 -3834.3669  4.08%  1015  950s
  2328  1093 -3772.8253   52 2437 -3684.0000 -3834.3669  4.08%  1019  956s
  2334  1099 -3769.1980   54 2402 -3684.0000 -3834.3669  4.08%  1021  960s
  2342  1107 -3762.5524   56 2391 -3684.0000 -3834.3669  4.08%  1024  965s
  2350  1115 -3755.8531   59 2346 -3684.0000 -3834.3669  4.08%  1026  970s
  2360  1125 -3753.5291   62 2289 -3684.0000 -3834.3669  4.08%  1027  975s
  2371  1136 -3746.4022   65 2293 -3684.0000 -3834.3669  4.08%  1029  980s
H 2374  1113                    -3686.000000 -3834.3669  4.03%  1029  981s
  2383  1124 -3742.7142   68 2258 -3686.0000 -3834.3669  4.03%  1030  985s
  2394  1135 -3740.3320   70 2237 -3686.0000 -3834.3669  4.03%  1032  990s
  2408  1149 -3731.9861   75 2179 -3686.0000 -3834.3669  4.03%  1032  995s
  2423  1164 -3723.0811   80 2139 -3686.0000 -3834.3669  4.03%  1032 1000s
  2439  1180 -3719.4824   84 2109 -3686.0000 -3834.3669  4.03%  1032 1005s
  2457  1198 -3708.9032   87 2057 -3686.0000 -3834.3669  4.03%  1031 1010s
  2482  1223 -3700.2950   94 2030 -3686.0000 -3834.3669  4.03%  1027 1015s
  2509  1250 -3691.3954  104 1917 -3686.0000 -3834.3669  4.03%  1023 1020s

Cutting planes:
  Gomory: 20
  MIR: 117
  Flow cover: 1237
  Zero half: 471
  Mod-K: 1
  RLT: 117
  BQP: 189

Explored 2522 nodes (2576082 simplex iterations) in 1024.01 seconds (1221.94 work units)
Thread count was 1 (of 72 available processors)

Solution count 10: -3686 -3684 -3680 ... -3656

Time limit reached
Best objective -3.686000000000e+03, best bound -3.832000000000e+03, gap 3.9609%

User-callback calls 35601, time in user-callback 0.15 sec

BQP_SOLUTION, 598, 2592, -1332.000000, 1024.006785, -1, -1, -1, 1, -1, 1, 1, -1, 1, -1, 1, 1, -1, -1, 1, 1, 1, -1, 1, -1, 1, -1, -1, 1, -1, -1, 1, -1, -1, 1, 1, 1, -1, -1, 1, 1, 1, -1, 1, 1, 1, -1, -1, -1, 1, 1, 1, -1, -1, 1, 1, 1, -1, -1, 1, 1, 1, -1, -1, 1, 1, 1, -1, 1, 1, 1, 1, -1, 1, 1, 1, 1, -1, 1, 1, 1, -1, -1, 1, 1, 1, 1, -1, 1, 1, 1, 1, -1, 1, 1, -1, 1, 1, 1, 1, 1, 1, -1, 1, 1, 1, 1, 1, -1, 1, 1, 1, 1, -1, 1, 1, -1, 1, 1, 1, 1, -1, 1, 1, 1, 1, 1, -1, 1, 1, 1, 1, 1, 1, 1, 1, 1, 1, 1, 1, 1, 1, 1, 1, -1, 1, 1, -1, 1, 1, 1, -1, 1, 1, 1, 1, 1, 1, 1, 1, 1, 1, 1, 1, -1, -1, 1, 1, -1, 1, 1, -1, 1, 1, 1, 1, 1, -1, 1, 1, -1, 1, 1, -1, 1, 1, -1, 1, 1, 1, 1, 1, -1, -1, 1, 1, -1, -1, -1, -1, 1, 1, -1, -1, 1, -1, -1, -1, -1, -1, 1, 1, 1, -1, -1, 1, -1, 1, -1, -1, -1, 1, -1, -1, 1, -1, -1, 1, -1, -1, -1, 1, -1, -1, 1, -1, -1, 1, -1, -1, 1, -1, -1, -1, -1, -1, -1, 1, -1, 1, 1, -1, -1, -1, 1, -1, 1, -1, -1, 1, -1, -1, 1, -1, -1, -1, -1, 1, -1, 1, -1, 1, -1, -1, 1, -1, 1, -1, 1, 1, -1, -1, 1, -1, 1, 1, -1, 1, -1, 1, -1, 1, 1, -1, 1, -1, 1, 1, -1, 1, 1, -1, 1, -1, -1, 1, -1, 1, 1, -1, -1, -1, 1, -1, -1, -1, -1, -1, -1, -1, -1, -1, 1, -1, -1, -1, -1, 1, -1, -1, -1, 1, -1, 1, -1, -1, 1, -1, -1, 1, -1, 1, -1, 1, -1, -1, 1, -1, -1, -1, -1, 1, -1, -1, -1, -1, -1, -1, -1, -1, -1, 1, 1, -1, -1, 1, -1, 1, -1, -1, 1, 1, 1, -1, 1, -1, 1, 1, -1, -1, -1, 1, 1, -1, -1, -1, 1, 1, -1, -1, 1, -1, 1, 1, -1, 1, -1, 1, 1, -1, -1, 1, 1, 1, -1, -1, -1, 1, -1, -1, -1, -1, 1, 1, 1, -1, -1, -1, 1, 1, -1, -1, 1, 1, -1, -1, 1, 1, 1, -1, 1, 1, -1, 1, -1, -1, -1, 1, 1, -1, -1, 1, 1, 1, -1, -1, 1, -1, 1, 1, -1, 1, 1, 1, 1, -1, 1, -1, 1, 1, -1, 1, 1, 1, 1, -1, 1, -1, 1, 1, -1, 1, 1, 1, 1, -1, 1, -1, 1, 1, -1, -1, 1, 1, -1, -1, 1, -1, 1, -1, 1, 1, -1, -1, -1, -1, 1, -1, -1, -1, 1, -1, 1, 1, -1, -1, 1, -1, 1, -1, -1, 1, 1, 1, -1, -1, 1, 1, -1, -1, -1, 1, 1, 1, -1, -1, 1, 1, -1, -1, -1, 1, -1, -1, -1, -1, 1, 1, -1, -1, -1, 1, 1, -1, -1, 1, 1, 1, -1, -1, 1, 1, 1, -1, -1, 1, 1, 1, -1, -1, 1, 1, 1, -1, -1, -1, 1, 1, -1, -1, -1, 1, 1, 1, -1, 1, 1, 1, -1, -1, 1, 1, -1, 1, -1, 1, -1, 1, 1, -1, -1, 1, 1, 1, 1, -1, 1, 1, 1, -1, 1, -1, 1
BQP_DATA, 598, 2592, -1332.000000, -1478.000000, -3686.000000, -3832.000000, 1024.006785, 1846, 2522
