Set parameter TSPort to value 51199
Set parameter TokenServer to value "open-license1.lanl.gov"
Set parameter TimeLimit to value 1024
Set parameter Threads to value 1
Gurobi Optimizer version 10.0.3 build v10.0.3rc0 (linux64)

CPU model: Intel(R) Xeon(R) CPU E5-2695 v4 @ 2.10GHz, instruction set [SSE2|AVX|AVX2]
Thread count: 36 physical cores, 72 logical processors, using up to 1 threads

Optimize a model with 0 rows, 598 columns and 0 nonzeros
Model fingerprint: 0x370c0171
Model has 2616 quadratic objective terms
Variable types: 0 continuous, 598 integer (598 binary)
Coefficient statistics:
  Matrix range     [0e+00, 0e+00]
  Objective range  [2e+00, 3e+01]
  QObjective range [8e+00, 8e+00]
  Bounds range     [1e+00, 1e+00]
  RHS range        [0e+00, 0e+00]
Found heuristic solution: objective 0.0000000
Found heuristic solution: objective -1012.000000
Found heuristic solution: objective -3654.000000
Found heuristic solution: objective -3676.000000
Presolve removed 0 rows and 1 columns
Presolve time: 0.25s
Presolved: 2615 rows, 3212 columns, 7845 nonzeros
Variable types: 0 continuous, 3212 integer (3212 binary)

Root relaxation: objective -4.948000e+03, 768 iterations, 0.02 seconds (0.01 work units)

    Nodes    |    Current Node    |     Objective Bounds      |     Work
 Expl Unexpl |  Obj  Depth IntInf | Incumbent    BestBd   Gap | It/Node Time

     0     0 -4948.0000    0  597 -3676.0000 -4948.0000  34.6%     -    0s
     0     0 -4518.5000    0  829 -3676.0000 -4518.5000  22.9%     -    0s
     0     0 -4517.5000    0  825 -3676.0000 -4517.5000  22.9%     -    0s
     0     0 -4413.5000    0  895 -3676.0000 -4413.5000  20.1%     -    0s
     0     0 -4413.5000    0  878 -3676.0000 -4413.5000  20.1%     -    1s
     0     2 -4413.3333    0  878 -3676.0000 -4413.3333  20.1%     -    1s
   511   474 -3761.0000  101 1308 -3676.0000 -4393.5000  19.5%  95.3    5s
   532   488 -3747.0000  101 1676 -3676.0000 -4074.1651  10.8%  91.5   10s
   542   495 -3836.0000   83 2017 -3676.0000 -4012.1904  9.15%  89.8   15s
   551   501 -3977.3781   30 2201 -3676.0000 -3977.3781  8.20%  88.4   20s
   560   507 -3947.1012    6 2456 -3676.0000 -3947.1012  7.37%  86.9   27s
   562   508 -3810.0000   90 2577 -3676.0000 -3942.0328  7.24%  86.6   30s
   568   512 -3689.5000  122 2648 -3676.0000 -3924.1550  6.75%  85.7   35s
   575   517 -3761.0000   95 2702 -3676.0000 -3908.7437  6.33%  84.7   42s
   580   520 -3905.9467   58 2756 -3676.0000 -3905.9467  6.26%  83.9   45s
   588   525 -3896.3598   68 2741 -3676.0000 -3896.3598  5.99%  82.8   51s
   594   529 -3891.3236   63 2740 -3676.0000 -3891.3236  5.86%  82.0   55s
   601   534 -3885.1047   45 2789 -3676.0000 -3885.1047  5.69%  81.0   60s
   612   541 -3745.0000  103 2829 -3676.0000 -3881.5923  5.59%  79.5   65s
   621   547 -3877.2155   43 2815 -3676.0000 -3877.2155  5.47%  78.4   70s
   633   555 -3872.5317   32 2853 -3676.0000 -3872.5317  5.35%  76.9   75s
   647   565 -3686.5000  123 2859 -3676.0000 -3869.1744  5.26%  75.2   80s
   661   574 -3815.0000   88 2861 -3676.0000 -3865.6369  5.16%  73.6   85s
   677   585 -3799.0000   87 2897 -3676.0000 -3862.9748  5.09%  71.9   90s
   697   598 -3860.2221    7 2886 -3676.0000 -3860.2221  5.01%  69.8   95s
   710   608 -3812.0000   89 2571 -3676.0000 -3860.2028  5.01%   352  103s
   711   608 -3761.0000  101 2783 -3676.0000 -3860.2028  5.01%   352  108s
   712   609 -3745.0000  103 2839 -3676.0000 -3860.2028  5.01%   351  111s
   721   615 -3859.3412   43 2893 -3676.0000 -3859.3412  4.99%   347  115s
   732   622 -3747.0000  101 2894 -3676.0000 -3856.2929  4.90%   342  120s
   743   630 -3853.7568   11 2897 -3676.0000 -3853.7568  4.84%   337  125s
   754   637 -3852.4411   57 2909 -3676.0000 -3852.4411  4.80%   332  130s
   764   644 -3849.9148   65 2922 -3676.0000 -3849.9148  4.73%   327  135s
   775   651 -3761.0000   95 2903 -3676.0000 -3846.7961  4.65%   323  140s
   790   661 -3797.0000   94 2900 -3676.0000 -3844.8416  4.59%   317  145s
   808   673 -3843.3107   31 2934 -3676.0000 -3843.3107  4.55%   310  150s
   826   685 -3812.0000   89 2936 -3676.0000 -3842.0484  4.52%   303  155s
   843   696 -3841.1010   11 2955 -3676.0000 -3841.1010  4.49%   297  160s
   860   708 -3840.3906    6 2962 -3676.0000 -3840.3906  4.47%   291  165s
   877   719 -3799.0000   87 2953 -3676.0000 -3839.3558  4.44%   285  170s
   893   730 -3838.7773   10 2944 -3676.0000 -3838.7773  4.43%   280  181s
   895   733 -3836.3113   19 2894 -3676.0000 -3836.3113  4.36%   443  185s
   898   735 -3831.2097   21 2799 -3676.0000 -3836.3113  4.36%   452  190s
   902   738 -3827.2235   23 2748 -3676.0000 -3836.3113  4.36%   463  195s
   905   740 -3822.8689   24 2732 -3676.0000 -3836.3113  4.36%   475  200s
   909   742 -3822.1206   26 2663 -3676.0000 -3836.3113  4.36%   486  205s
   914   746 -3818.6007   29 2597 -3676.0000 -3836.3113  4.36%   500  211s
   918   748 -3811.4690   31 2568 -3676.0000 -3836.3113  4.36%   512  216s
   922   751 -3809.7558   33 2509 -3676.0000 -3836.3113  4.36%   520  220s
   928   755 -3803.9081   36 2430 -3676.0000 -3836.3113  4.36%   533  226s
   934   759 -3797.7177   39 2399 -3676.0000 -3836.3113  4.36%   543  230s
   939   762 -3790.1659   41 2367 -3676.0000 -3836.3113  4.36%   554  235s
   946   767 -3786.7830   45 2325 -3676.0000 -3836.3113  4.36%   562  241s
   953   772 -3775.3923   48 2292 -3676.0000 -3836.3113  4.36%   571  245s
   961   777 -3778.1086   52 2237 -3676.0000 -3836.3113  4.36%   581  250s
   971   784 -3770.1082   57 2206 -3676.0000 -3836.3113  4.36%   588  255s
   983   792 -3756.9336   63 2142 -3676.0000 -3836.3113  4.36%   598  260s
   997   801 -3749.2030   70 2035 -3676.0000 -3836.3113  4.36%   604  265s
  1017   814 -3736.0963   80 1916 -3676.0000 -3836.3113  4.36%   608  270s
  1041   830 -3723.9484   92 1777 -3676.0000 -3836.3113  4.36%   611  275s
  1066   847 -3703.4828  105 1768 -3676.0000 -3836.3113  4.36%   613  280s
  1104   858 -3834.3261   20 2870 -3676.0000 -3836.1762  4.36%   609  286s
  1106   860 -3829.7182   21 2858 -3676.0000 -3836.1762  4.36%   617  290s
  1109   862 -3826.7880   23 2773 -3676.0000 -3836.1762  4.36%   625  295s
  1113   864 -3822.1124   25 2696 -3676.0000 -3836.1762  4.36%   632  300s
  1117   867 -3815.1748   27 2656 -3676.0000 -3836.1762  4.36%   641  305s
  1122   870 -3806.7746   29 2588 -3676.0000 -3836.1762  4.36%   650  311s
  1126   873 -3807.1155   31 2549 -3676.0000 -3836.1762  4.36%   657  315s
  1132   877 -3797.2765   34 2525 -3676.0000 -3836.1762  4.36%   667  321s
  1136   880 -3795.2749   36 2500 -3676.0000 -3836.1762  4.36%   673  325s
  1144   885 -3787.8118   40 2433 -3676.0000 -3836.1762  4.36%   679  330s
  1150   889 -3781.3031   43 2398 -3676.0000 -3836.1762  4.36%   688  335s
  1158   894 -3768.1569   47 2330 -3676.0000 -3836.1762  4.36%   698  341s
  1164   898 -3766.0877   50 2293 -3676.0000 -3836.1762  4.36%   705  345s
  1174   905 -3757.7583   55 2231 -3676.0000 -3836.1762  4.36%   711  350s
  1187   914 -3749.4529   62 2167 -3676.0000 -3836.1762  4.36%   718  355s
  1203   924 -3735.0687   70 2107 -3676.0000 -3836.1762  4.36%   721  360s
  1221   936 -3726.5688   79 2030 -3676.0000 -3836.1762  4.36%   723  365s
  1240   949 -3714.6904   88 1896 -3676.0000 -3836.1762  4.36%   726  370s
H 1271   908                    -3696.000000 -3836.1762  3.79%   722  374s
  1272   910 -3707.2502  104 1483 -3696.0000 -3836.1762  3.79%   722  375s
H 1299   860                    -3700.000000 -3836.1762  3.68%   713  379s
  1300   863 -3830.8399   21 2866 -3700.0000 -3833.2208  3.60%   718  380s
  1303   865 -3825.4074   22 2799 -3700.0000 -3833.2208  3.60%   727  386s
  1305   866 -3821.3344   23 2763 -3700.0000 -3833.2208  3.60%   732  390s
  1309   869 -3817.1941   25 2723 -3700.0000 -3833.2208  3.60%   739  395s
  1313   872 -3810.6581   27 2676 -3700.0000 -3833.2208  3.60%   746  401s
  1318   875 -3808.1288   30 2625 -3700.0000 -3833.2208  3.60%   751  406s
  1323   878 -3803.1604   32 2556 -3700.0000 -3833.2208  3.60%   756  410s
  1329   882 -3796.5027   35 2479 -3700.0000 -3833.2208  3.60%   764  416s
  1334   886 -3785.6387   38 2438 -3700.0000 -3833.2208  3.60%   769  420s
  1341   890 -3780.3534   41 2414 -3700.0000 -3833.2208  3.60%   775  425s
  1347   894 -3773.5374   44 2336 -3700.0000 -3833.2208  3.60%   782  430s
  1356   900 -3767.4501   49 2267 -3700.0000 -3833.2208  3.60%   787  435s
  1368   908 -3756.4274   55 2190 -3700.0000 -3833.2208  3.60%   791  440s
  1380   916 -3748.0534   61 2132 -3700.0000 -3833.2208  3.60%   796  445s
  1393   925 -3739.0839   67 2106 -3700.0000 -3833.2208  3.60%   799  450s
  1408   935 -3732.0808   75 2010 -3700.0000 -3833.2208  3.60%   801  455s
  1429   949 -3714.2018   85 1923 -3700.0000 -3833.2208  3.60%   801  460s
  1457   966 -3702.2542   99 1796 -3700.0000 -3833.2208  3.60%   798  465s
  1484   960 -3829.7308   21 2832 -3700.0000 -3833.2207  3.60%   790  470s
  1486   961 -3825.1552   22 2786 -3700.0000 -3833.2207  3.60%   796  475s
  1490   964 -3822.8307   23 2777 -3700.0000 -3833.2207  3.60%   802  480s
  1494   966 -3812.9932   27 2667 -3700.0000 -3833.2207  3.60%   807  485s
  1498   969 -3811.5429   27 2653 -3700.0000 -3833.2207  3.60%   812  490s
  1503   972 -3803.4205   30 2602 -3700.0000 -3833.2207  3.60%   817  495s
  1508   976 -3805.4165   30 2598 -3700.0000 -3833.2207  3.60%   822  500s
  1514   980 -3801.2885   32 2549 -3700.0000 -3833.2207  3.60%   827  505s
  1520   984 -3795.5814   33 2526 -3700.0000 -3833.2207  3.60%   833  510s
  1526   988 -3795.5802   35 2486 -3700.0000 -3833.2207  3.60%   837  515s
  1533   992 -3790.1688   38 2416 -3700.0000 -3833.2207  3.60%   842  520s
  1543   999 -3775.7249   46 2274 -3700.0000 -3833.2207  3.60%   845  525s
  1553  1006 -3768.5802   50 2204 -3700.0000 -3833.2207  3.60%   849  530s
  1566  1014 -3759.1293   55 2162 -3700.0000 -3833.2207  3.60%   851  535s
H 1570   966                    -3702.000000 -3833.2207  3.54%   850  536s
  1584   977 -3746.7245   67 2008 -3702.0000 -3833.2207  3.54%   851  540s
  1611   995 -3725.4500   82 1806 -3702.0000 -3833.2207  3.54%   848  545s
H 1624   886                    -3714.000000 -3833.2207  3.21%   844  546s
H 1651   859                    -3716.000000 -3833.2207  3.15%   836  548s
  1656   852 -3827.9516   21 2845 -3716.0000 -3830.8396  3.09%   838  552s
  1658   854 -3824.5843   22 2808 -3716.0000 -3830.8396  3.09%   841  556s
  1662   856 -3815.0870   26 2692 -3716.0000 -3830.8396  3.09%   846  560s
  1665   858 -3813.1150   26 2711 -3716.0000 -3830.8396  3.09%   850  565s
  1669   861 -3812.7443   26 2724 -3716.0000 -3830.8396  3.09%   855  570s
  1675   865 -3804.3281   30 2609 -3716.0000 -3830.8396  3.09%   860  575s
  1681   869 -3801.7107   31 2572 -3716.0000 -3830.8396  3.09%   864  580s
  1687   873 -3794.4601   35 2509 -3716.0000 -3830.8396  3.09%   867  585s
  1695   878 -3785.8328   38 2449 -3716.0000 -3830.8396  3.09%   871  590s
  1702   883 -3779.3440   41 2384 -3716.0000 -3830.8396  3.09%   875  595s
  1710   888 -3772.4872   43 2337 -3716.0000 -3830.8396  3.09%   879  600s
  1718   894 -3771.2174   44 2310 -3716.0000 -3830.8396  3.09%   883  605s
  1725   898 -3763.9020   46 2314 -3716.0000 -3830.8396  3.09%   888  610s
  1732   903 -3757.9772   49 2258 -3716.0000 -3830.8396  3.09%   892  615s
  1744   911 -3756.0276   50 2221 -3716.0000 -3830.8396  3.09%   894  620s
  1758   920 -3743.2617   56 2157 -3716.0000 -3830.8396  3.09%   895  625s
  1771   929 -3737.9500   61 2123 -3716.0000 -3830.8396  3.09%   898  630s
  1785   938 -3729.2013   68 2066 -3716.0000 -3830.8396  3.09%   899  635s
  1798   947 -3722.1025   72 2032 -3716.0000 -3830.8396  3.09%   901  640s
  1819   951 -3826.7299   22 2838 -3716.0000 -3830.8357  3.09%   902  648s
  1821   952 -3822.4380   24 2751 -3716.0000 -3830.8357  3.09%   904  650s
  1824   954 -3820.8438   24 2748 -3716.0000 -3830.8357  3.09%   909  655s
  1828   957 -3812.9130   28 2665 -3716.0000 -3830.8357  3.09%   912  660s
  1833   960 -3812.4846   28 2682 -3716.0000 -3830.8357  3.09%   916  665s
  1838   964 -3809.0091   29 2651 -3716.0000 -3830.8357  3.09%   921  670s
  1844   968 -3804.2065   31 2606 -3716.0000 -3830.8357  3.09%   924  675s
  1849   971 -3803.4940   32 2577 -3716.0000 -3830.8357  3.09%   928  680s
  1854   974 -3802.1860   32 2586 -3716.0000 -3830.8357  3.09%   932  685s
  1859   978 -3794.5155   36 2507 -3716.0000 -3830.8357  3.09%   935  690s
  1864   981 -3794.8850   35 2546 -3716.0000 -3830.8357  3.09%   940  695s
  1871   986 -3785.8985   40 2427 -3716.0000 -3830.8357  3.09%   943  700s
  1879   991 -3783.0025   41 2414 -3716.0000 -3830.8357  3.09%   946  705s
  1887   996 -3779.7628   42 2385 -3716.0000 -3830.8357  3.09%   950  711s
  1893  1000 -3776.8975   44 2362 -3716.0000 -3830.8357  3.09%   953  715s
  1901  1006 -3772.1668   47 2302 -3716.0000 -3830.8357  3.09%   957  720s
  1909  1011 -3766.1272   49 2298 -3716.0000 -3830.8357  3.09%   959  725s
  1921  1019 -3760.4383   53 2226 -3716.0000 -3830.8357  3.09%   961  730s
  1933  1027 -3755.2220   57 2183 -3716.0000 -3830.8357  3.09%   962  735s
  1948  1037 -3748.2514   63 2011 -3716.0000 -3830.8357  3.09%   963  740s
H 1960   958                    -3720.000000 -3830.8357  2.98%   961  743s
  1967   965 -3739.0445   68 1996 -3720.0000 -3830.8357  2.98%   961  745s
H 1975   850                    -3732.000000 -3830.8357  2.65%   959  746s
  1988   851 -3824.9679   22 2869 -3732.0000 -3830.5698  2.64%   961  752s
  1990   852 -3820.2471   24 2785 -3732.0000 -3830.5698  2.64%   962  755s
  1994   855 -3810.7537   28 2685 -3732.0000 -3830.5698  2.64%   965  760s
  1997   857 -3804.0704   31 2596 -3732.0000 -3830.5698  2.64%   968  767s
  2000   859 -3798.5726   34 2516 -3732.0000 -3830.5698  2.64%   969  771s
  2004   861 -3789.7079   38 2466 -3732.0000 -3830.5698  2.64%   971  782s
  2008   864 -3780.8712   42 2360 -3732.0000 -3830.5698  2.64%   972  785s
  2020   872 -3760.2661   54 2204 -3732.0000 -3830.5698  2.64%   974  790s
  2035   882 -3736.1132   69 1905 -3732.0000 -3830.5698  2.64%   974  795s
  2063   870 -3826.0803   22 2837 -3732.0000 -3830.5622  2.64%   969  801s
  2066   872 -3819.5683   25 2747 -3732.0000 -3830.5622  2.64%   972  805s
  2071   875 -3807.7917   30 2634 -3732.0000 -3830.5622  2.64%   976  811s
  2076   878 -3797.3373   35 2517 -3732.0000 -3830.5622  2.64%   978  815s
  2086   885 -3780.1547   45 2332 -3732.0000 -3830.5622  2.64%   980  820s
  2096   892 -3758.1750   55 2268 -3732.0000 -3830.5622  2.64%   982  825s
  2113   897 -3735.3770   67 2126 -3732.0000 -3830.5622  2.64%   981  830s
  2119   895 -3822.4503   23 2797 -3732.0000 -3829.7181  2.62%   983  836s
  2123   898 -3813.5009   27 2713 -3732.0000 -3829.7181  2.62%   986  840s
  2128   901 -3800.6871   32 2592 -3732.0000 -3829.7181  2.62%   990  845s
  2133   904 -3785.7375   37 2497 -3732.0000 -3829.7181  2.62%   993  850s
  2141   910 -3765.4986   45 2350 -3732.0000 -3829.7181  2.62%   996  855s
  2150   916 -3742.5305   54 2298 -3732.0000 -3829.7181  2.62%   997  860s
  2166   910 -3826.7798   22 2856 -3732.0000 -3829.7175  2.62%   997  866s
  2169   912 -3818.9950   25 2722 -3732.0000 -3829.7175  2.62%  1000  870s
  2174   916 -3810.3528   30 2604 -3732.0000 -3829.7175  2.62%  1002  875s
  2179   919 -3795.9170   35 2471 -3732.0000 -3829.7175  2.62%  1005  880s
  2190   926 -3777.4223   46 2298 -3732.0000 -3829.7175  2.62%  1006  885s
  2202   934 -3748.9995   58 2234 -3732.0000 -3829.7175  2.62%  1008  890s
  2218   933 -3824.9073   22 2855 -3732.0000 -3829.1276  2.60%  1007  896s
  2220   934 -3821.2778   23 2830 -3732.0000 -3829.1276  2.60%  1010  900s
  2224   937 -3816.7820   25 2752 -3732.0000 -3829.1276  2.60%  1014  906s
  2227   939 -3813.6935   26 2729 -3732.0000 -3829.1276  2.60%  1016  910s
  2230   941 -3814.4673   25 2755 -3732.0000 -3829.1276  2.60%  1021  916s
  2234   944 -3810.7050   27 2682 -3732.0000 -3829.1276  2.60%  1024  921s
  2237   946 -3811.2896   27 2703 -3732.0000 -3829.1276  2.60%  1027  925s
  2241   948 -3808.6999   28 2667 -3732.0000 -3829.1276  2.60%  1030  930s
  2245   951 -3806.7169   28 2668 -3732.0000 -3829.1276  2.60%  1035  936s
  2249   954 -3803.9012   30 2634 -3732.0000 -3829.1276  2.60%  1038  940s
  2254   957 -3798.5885   32 2575 -3732.0000 -3829.1276  2.60%  1040  945s
  2260   961 -3796.3588   34 2531 -3732.0000 -3829.1276  2.60%  1042  950s
  2266   965 -3794.3468   35 2505 -3732.0000 -3829.1276  2.60%  1045  955s
  2273   970 -3791.0225   37 2435 -3732.0000 -3829.1276  2.60%  1048  960s
  2279   974 -3787.8504   38 2404 -3732.0000 -3829.1276  2.60%  1050  965s
  2285   978 -3781.3769   42 2322 -3732.0000 -3829.1276  2.60%  1053  970s
  2293   983 -3778.3220   45 2299 -3732.0000 -3829.1276  2.60%  1056  975s
  2299   987 -3769.9733   47 2254 -3732.0000 -3829.1276  2.60%  1059  980s
H 2301   870                    -3740.000000 -3829.1276  2.38%  1058  981s
  2306   877 -3769.9811   49 2250 -3740.0000 -3829.1276  2.38%  1062  985s
  2316   887 -3762.1654   52 2211 -3740.0000 -3829.1276  2.38%  1063  990s
  2325   896 -3759.0579   53 2222 -3740.0000 -3829.1276  2.38%  1065  995s
H 2327   874                    -3742.000000 -3829.1276  2.33%  1065  996s
  2336   885 -3749.6765   57 2156 -3742.0000 -3829.1276  2.33%  1066 1000s
  2350   894     cutoff   59      -3742.0000 -3829.1276  2.33%  1066 1005s
  2362   892 -3821.9761   24 2766 -3742.0000 -3829.1256  2.33%  1066 1011s
  2366   896 -3812.1303   28 2667 -3742.0000 -3829.1256  2.33%  1068 1015s
  2371   901 -3799.9524   33 2563 -3742.0000 -3829.1256  2.33%  1071 1020s

Cutting planes:
  Gomory: 23
  MIR: 104
  Flow cover: 1395
  Zero half: 499
  Mod-K: 6
  RLT: 122
  BQP: 195

Explored 2374 nodes (2553687 simplex iterations) in 1024.00 seconds (1205.03 work units)
Thread count was 1 (of 72 available processors)

Solution count 10: -3742 -3740 -3732 ... -3676

Time limit reached
Best objective -3.742000000000e+03, best bound -3.828000000000e+03, gap 2.2982%

User-callback calls 36061, time in user-callback 0.17 sec

BQP_SOLUTION, 598, 2616, -1410.000000, 1024.000565, 1, 1, 1, -1, 1, 1, 1, -1, 1, 1, 1, -1, -1, 1, 1, 1, 1, -1, 1, 1, 1, 1, -1, 1, 1, 1, 1, 1, 1, 1, 1, 1, 1, 1, 1, -1, 1, 1, 1, 1, 1, 1, 1, 1, 1, -1, 1, 1, -1, 1, -1, -1, 1, -1, 1, 1, 1, -1, 1, 1, -1, -1, -1, 1, 1, -1, 1, 1, 1, -1, -1, 1, 1, 1, 1, -1, 1, 1, 1, 1, -1, -1, 1, 1, 1, -1, -1, 1, 1, 1, -1, 1, -1, 1, 1, -1, 1, 1, 1, 1, 1, -1, 1, 1, 1, 1, -1, 1, 1, 1, -1, 1, 1, 1, 1, 1, -1, 1, 1, 1, -1, -1, 1, 1, 1, -1, -1, 1, 1, -1, -1, -1, 1, 1, 1, -1, 1, 1, 1, 1, -1, -1, 1, -1, 1, -1, -1, 1, 1, -1, -1, 1, 1, 1, 1, -1, -1, 1, 1, 1, -1, 1, 1, 1, 1, -1, 1, 1, 1, -1, -1, -1, 1, 1, 1, -1, 1, 1, 1, -1, 1, -1, 1, 1, -1, -1, -1, 1, 1, -1, 1, -1, 1, 1, -1, 1, -1, 1, 1, -1, 1, 1, 1, 1, -1, 1, -1, -1, 1, -1, -1, -1, 1, 1, -1, 1, -1, -1, 1, 1, -1, -1, -1, 1, -1, 1, -1, -1, 1, 1, -1, 1, -1, 1, -1, -1, -1, -1, 1, -1, -1, -1, -1, 1, -1, 1, -1, -1, 1, -1, -1, -1, 1, -1, -1, 1, -1, -1, 1, -1, 1, -1, -1, 1, -1, 1, -1, -1, -1, -1, 1, -1, -1, -1, -1, -1, -1, -1, 1, -1, 1, -1, 1, -1, 1, -1, -1, -1, -1, -1, -1, -1, 1, -1, -1, -1, 1, -1, -1, 1, 1, 1, -1, 1, 1, -1, 1, 1, 1, 1, 1, 1, 1, 1, 1, -1, 1, 1, 1, 1, 1, 1, 1, -1, 1, 1, 1, 1, -1, 1, 1, 1, 1, -1, 1, 1, 1, 1, -1, 1, 1, 1, 1, -1, 1, 1, 1, 1, -1, 1, 1, 1, 1, -1, 1, -1, 1, -1, 1, 1, 1, -1, 1, 1, 1, 1, 1, -1, 1, 1, 1, 1, 1, -1, 1, -1, -1, 1, -1, 1, 1, -1, 1, -1, 1, 1, -1, 1, 1, -1, -1, -1, -1, -1, -1, 1, 1, -1, -1, -1, 1, -1, 1, -1, 1, 1, -1, 1, -1, 1, 1, 1, 1, -1, -1, 1, -1, 1, 1, -1, -1, 1, 1, -1, 1, -1, 1, -1, 1, -1, -1, 1, 1, -1, -1, 1, 1, 1, -1, -1, -1, 1, 1, 1, -1, -1, 1, 1, -1, -1, -1, 1, 1, 1, -1, 1, 1, 1, 1, 1, -1, 1, 1, -1, 1, -1, 1, 1, 1, -1, -1, 1, 1, -1, 1, -1, 1, 1, 1, -1, 1, 1, -1, -1, -1, -1, 1, 1, -1, -1, -1, 1, 1, -1, -1, -1, 1, -1, -1, 1, -1, 1, 1, -1, -1, 1, 1, 1, -1, -1, -1, -1, 1, -1, -1, -1, 1, 1, -1, -1, 1, -1, -1, -1, -1, -1, -1, 1, -1, -1, -1, -1, 1, -1, -1, 1, -1, -1, -1, -1, 1, -1, 1, -1, -1, -1, -1, 1, -1, -1, -1, -1, 1, -1, -1, -1, -1, 1, -1, -1, -1, -1, -1, -1, -1, -1, -1, 1, -1, 1, -1, -1, 1, -1, -1, 1, -1, -1, -1, 1, -1, -1, 1, -1, -1, -1, 1, -1, -1, -1, 1, 1, -1, -1, 1, -1, 1, -1
BQP_DATA, 598, 2616, -1410.000000, -1496.000000, -3742.000000, -3828.000000, 1024.000565, 2027, 2374
