Set parameter TSPort to value 51199
Set parameter TokenServer to value "open-license1.lanl.gov"
Set parameter TimeLimit to value 1024
Set parameter Threads to value 1
Gurobi Optimizer version 10.0.3 build v10.0.3rc0 (linux64)

CPU model: Intel(R) Xeon(R) CPU E5-2695 v4 @ 2.10GHz, instruction set [SSE2|AVX|AVX2]
Thread count: 36 physical cores, 72 logical processors, using up to 1 threads

Optimize a model with 0 rows, 598 columns and 0 nonzeros
Model fingerprint: 0x9381c687
Model has 2566 quadratic objective terms
Variable types: 0 continuous, 598 integer (598 binary)
Coefficient statistics:
  Matrix range     [0e+00, 0e+00]
  Objective range  [2e+00, 3e+01]
  QObjective range [8e+00, 8e+00]
  Bounds range     [1e+00, 1e+00]
  RHS range        [0e+00, 0e+00]
Found heuristic solution: objective 0.0000000
Found heuristic solution: objective -1020.000000
Found heuristic solution: objective -3648.000000
Found heuristic solution: objective -3670.000000
Presolve removed 0 rows and 1 columns
Presolve time: 0.21s
Presolved: 2565 rows, 3162 columns, 7695 nonzeros
Variable types: 0 continuous, 3162 integer (3162 binary)

Root relaxation: objective -4.924000e+03, 717 iterations, 0.01 seconds (0.01 work units)

    Nodes    |    Current Node    |     Objective Bounds      |     Work
 Expl Unexpl |  Obj  Depth IntInf | Incumbent    BestBd   Gap | It/Node Time

     0     0 -4924.0000    0  597 -3670.0000 -4924.0000  34.2%     -    0s
     0     0 -4479.0000    0  835 -3670.0000 -4479.0000  22.0%     -    0s
     0     0 -4479.0000    0  835 -3670.0000 -4479.0000  22.0%     -    0s
     0     0 -4394.3333    0  925 -3670.0000 -4394.3333  19.7%     -    0s
     0     0 -4394.3333    0  911 -3670.0000 -4394.3333  19.7%     -    0s
     0     2 -4394.3333    0  901 -3670.0000 -4394.3333  19.7%     -    1s
   508   475 -4350.3333    4  936 -3670.0000 -4372.3333  19.1%  92.8    5s
   529   489 -3765.0000   99 1747 -3670.0000 -4036.7461  10.0%  89.2   10s
   537   494 -3980.8311   55 2193 -3670.0000 -3980.8311  8.47%  87.8   16s
   543   498 -3889.0000   70 2387 -3670.0000 -3951.8933  7.68%  86.9   21s
   550   503 -3839.0000   81 2488 -3670.0000 -3945.9163  7.52%  85.8   25s
   552   504 -3682.6667  125 2624 -3670.0000 -3923.5088  6.91%  85.4   30s
   557   508 -3910.7984   31 2634 -3670.0000 -3910.7984  6.56%  84.7   35s
   564   512 -3783.0000   91 2691 -3670.0000 -3897.4970  6.20%  83.6   42s
   570   516 -3799.0000   89 2744 -3670.0000 -3891.1071  6.02%  82.7   46s
   576   520 -3886.0225   15 2741 -3670.0000 -3886.0225  5.89%  81.9   50s
   583   525 -3760.0000   97 2791 -3670.0000 -3880.6475  5.74%  80.9   55s
   593   532 -3757.0000   98 2793 -3670.0000 -3876.5644  5.63%  79.5   60s
   604   539 -3870.1150   13 2802 -3670.0000 -3870.1150  5.45%  78.1   66s
   614   546 -3765.0000   99 2800 -3670.0000 -3864.8436  5.31%  76.8   70s
   624   552 -3860.8117   74 2820 -3670.0000 -3860.8117  5.20%  75.6   75s
   636   560 -3857.4465   55 2848 -3670.0000 -3857.4465  5.11%  74.2   80s
   651   570 -3853.5226   13 2876 -3670.0000 -3853.5226  5.00%  72.4   85s
   669   582 -3849.8417   31 2877 -3670.0000 -3849.8417  4.90%  70.5   90s
   695   601 -3786.0000   93 1065 -3670.0000 -3848.0122  4.85%   352   95s
   696   602 -3848.0122   10 2510 -3670.0000 -3848.0122  4.85%   351  102s
   697   602 -3848.0122   49 2755 -3670.0000 -3848.0122  4.85%   351  108s
   698   603 -3848.0122   27 2807 -3670.0000 -3848.0122  4.85%   350  111s
   704   607 -3848.0122   13 2905 -3670.0000 -3848.0122  4.85%   347  115s
   715   614 -3845.4551   26 2899 -3670.0000 -3845.4551  4.78%   342  120s
   727   622 -3842.8719   62 2912 -3670.0000 -3842.8719  4.71%   336  125s
   738   630 -3841.2485    7 2923 -3670.0000 -3841.2485  4.67%   331  130s
   751   638 -3839.4852   13 2932 -3670.0000 -3839.4852  4.62%   326  135s
   765   648 -3837.6295   44 2954 -3670.0000 -3837.6295  4.57%   320  140s
   783   660 -3760.0000   97 2972 -3670.0000 -3835.9290  4.52%   312  145s
   800   671 -3833.8279   64 2965 -3670.0000 -3833.8279  4.46%   306  150s
   816   682 -3832.6149    9 2969 -3670.0000 -3832.6149  4.43%   300  155s
   834   694 -3737.0000  108 2981 -3670.0000 -3831.6000  4.40%   293  160s
   851   705 -3830.1626   13 2971 -3670.0000 -3830.1626  4.36%   287  165s
   862   712 -3829.8433   42 2969 -3670.0000 -3829.8433  4.36%   284  175s
   865   716 -3825.1119   26 2874 -3670.0000 -3827.8187  4.30%   443  181s
   868   718 -3820.9953   27 2846 -3670.0000 -3827.8187  4.30%   454  187s
   870   720 -3820.3699   28 2832 -3670.0000 -3827.8187  4.30%   461  190s
   875   723 -3814.2789   31 2756 -3670.0000 -3827.8187  4.30%   472  195s
   880   726 -3809.1612   33 2723 -3670.0000 -3827.8187  4.30%   484  200s
   886   730 -3802.6681   36 2650 -3670.0000 -3827.8187  4.30%   496  205s
   892   734 -3795.1926   39 2608 -3670.0000 -3827.8187  4.30%   505  210s
   898   738 -3790.5812   42 2535 -3670.0000 -3827.8187  4.30%   515  215s
   904   742 -3783.2971   45 2518 -3670.0000 -3827.8187  4.30%   528  220s
   909   746 -3780.2868   48 2468 -3670.0000 -3827.8187  4.30%   534  232s
   913   748 -3778.3041   50 2440 -3670.0000 -3827.8187  4.30%   540  235s
   920   753 -3773.0336   53 2421 -3670.0000 -3827.8187  4.30%   550  240s
   929   759 -3765.2268   58 2351 -3670.0000 -3827.8187  4.30%   561  245s
   938   765 -3756.1533   62 2278 -3670.0000 -3827.8187  4.30%   572  250s
   953   775 -3750.3642   70 2190 -3670.0000 -3827.8187  4.30%   582  255s
   966   784 -3738.7437   76 2133 -3670.0000 -3827.8187  4.30%   589  260s
   984   796 -3731.2121   85 2068 -3670.0000 -3827.8187  4.30%   595  265s
  1003   808 -3717.0142   95 2003 -3670.0000 -3827.8187  4.30%   600  270s
  1019   819 -3702.2892  103 1925 -3670.0000 -3827.8187  4.30%   607  275s
  1048   838 -3674.7945  117 1852 -3670.0000 -3827.8187  4.30%   609  280s
  1061   835 -3822.8806   27 2866 -3670.0000 -3827.6804  4.30%   613  286s
  1064   837 -3817.5131   29 2818 -3670.0000 -3827.6804  4.30%   620  290s
  1068   840 -3812.7349   31 2755 -3670.0000 -3827.6804  4.30%   629  295s
  1072   842 -3809.7072   33 2702 -3670.0000 -3827.6804  4.30%   636  300s
  1077   846 -3803.2812   35 2655 -3670.0000 -3827.6804  4.30%   645  306s
  1080   848 -3797.6318   37 2622 -3670.0000 -3827.6804  4.30%   653  310s
  1086   852 -3793.0804   40 2542 -3670.0000 -3827.6804  4.30%   662  315s
  1091   855 -3786.0042   42 2527 -3670.0000 -3827.6804  4.30%   670  320s
  1097   859 -3781.8992   45 2470 -3670.0000 -3827.6804  4.30%   680  325s
  1101   862 -3774.1437   47 2423 -3670.0000 -3827.6804  4.30%   695  332s
  1105   864 -3776.1866   49 2428 -3670.0000 -3827.6804  4.30%   700  335s
  1112   869 -3768.8041   53 2376 -3670.0000 -3827.6804  4.30%   710  340s
  1121   875 -3758.9323   57 2357 -3670.0000 -3827.6804  4.30%   718  345s
  1129   880 -3745.4465   61 2291 -3670.0000 -3827.6804  4.30%   727  350s
  1139   887 -3744.4751   66 2229 -3670.0000 -3827.6804  4.30%   733  355s
  1149   894 -3736.5772   71 2181 -3670.0000 -3827.6804  4.30%   740  360s
H 1160   846                    -3684.000000 -3827.6804  3.90%   745  364s
  1162   849 -3732.7931   78 2050 -3684.0000 -3827.6804  3.90%   745  365s
  1183   863 -3715.7017   88 2012 -3684.0000 -3827.6804  3.90%   746  370s
  1209   881 -3707.9522  101 1767 -3684.0000 -3827.6804  3.90%   745  375s
H 1214   834                    -3696.000000 -3827.6804  3.56%   744  375s
H 1226   805                    -3698.000000 -3827.6804  3.51%   744  377s
  1248   804 -3824.5331   26 2922 -3698.0000 -3825.1608  3.44%   740  381s
  1251   806 -3819.7718   28 2883 -3698.0000 -3825.1608  3.44%   746  386s
H 1252   763                    -3700.000000 -3825.1608  3.38%   746  388s
  1253   766 -3817.1901   29 2848 -3700.0000 -3825.1608  3.38%   752  390s
  1257   769 -3812.3945   31 2790 -3700.0000 -3825.1608  3.38%   757  395s
  1261   771 -3808.8013   33 2714 -3700.0000 -3825.1608  3.38%   763  400s
  1266   775 -3803.8891   35 2667 -3700.0000 -3825.1608  3.38%   771  406s
  1271   778 -3797.9070   38 2578 -3700.0000 -3825.1608  3.38%   776  411s
  1276   781 -3791.5483   40 2540 -3700.0000 -3825.1608  3.38%   781  415s
  1282   785 -3784.9114   43 2516 -3700.0000 -3825.1608  3.38%   791  421s
  1286   788 -3782.9972   45 2487 -3700.0000 -3825.1608  3.38%   796  425s
  1294   793 -3774.2955   49 2425 -3700.0000 -3825.1608  3.38%   802  430s
  1300   797 -3764.0050   52 2409 -3700.0000 -3825.1608  3.38%   808  435s
  1309   803 -3761.9379   57 2361 -3700.0000 -3825.1608  3.38%   813  440s
  1320   811 -3752.4544   62 2308 -3700.0000 -3825.1608  3.38%   817  445s
  1334   820 -3742.3525   69 2220 -3700.0000 -3825.1608  3.38%   820  450s
  1349   830 -3734.0915   77 2134 -3700.0000 -3825.1608  3.38%   822  455s
  1364   840 -3723.7615   84 2056 -3700.0000 -3825.1608  3.38%   825  460s
  1386   855 -3712.1608   95 1890 -3700.0000 -3825.1608  3.38%   824  465s
  1412   872 -3704.8516  108 1773 -3700.0000 -3825.1608  3.38%   821  470s
  1429   868 -3819.4925   28 2854 -3700.0000 -3825.1575  3.38%   818  475s
  1432   870 -3815.9897   29 2834 -3700.0000 -3825.1575  3.38%   823  480s
  1436   873 -3814.3200   30 2808 -3700.0000 -3825.1575  3.38%   829  485s
  1440   876 -3808.3393   32 2751 -3700.0000 -3825.1575  3.38%   835  490s
  1444   878 -3807.4010   32 2760 -3700.0000 -3825.1575  3.38%   840  495s
  1448   881 -3805.1293   33 2734 -3700.0000 -3825.1575  3.38%   845  500s
  1452   884 -3804.1704   33 2737 -3700.0000 -3825.1575  3.38%   850  505s
  1456   886 -3802.3487   34 2706 -3700.0000 -3825.1575  3.38%   855  510s
  1461   890 -3797.8361   36 2650 -3700.0000 -3825.1575  3.38%   861  515s
  1467   894 -3789.7371   41 2540 -3700.0000 -3825.1575  3.38%   865  520s
  1472   897 -3785.1661   43 2504 -3700.0000 -3825.1575  3.38%   871  525s
  1478   901 -3783.0588   44 2506 -3700.0000 -3825.1575  3.38%   876  530s
  1483   904 -3779.9847   45 2479 -3700.0000 -3825.1575  3.38%   883  535s
  1488   908 -3776.3371   47 2454 -3700.0000 -3825.1575  3.38%   888  540s
  1495   912 -3772.2214   48 2444 -3700.0000 -3825.1575  3.38%   893  545s
  1501   916 -3769.3815   49 2428 -3700.0000 -3825.1575  3.38%   899  550s
  1509   922 -3764.3685   53 2395 -3700.0000 -3825.1575  3.38%   903  555s
  1515   926 -3759.9222   54 2365 -3700.0000 -3825.1575  3.38%   909  560s
  1524   932 -3757.0463   56 2337 -3700.0000 -3825.1575  3.38%   912  565s
  1535   939 -3751.0434   63 2267 -3700.0000 -3825.1575  3.38%   915  570s
  1549   948 -3743.4569   69 2177 -3700.0000 -3825.1575  3.38%   916  575s
  1567   960 -3732.3276   77 2075 -3700.0000 -3825.1575  3.38%   915  580s
  1586   973 -3725.2011   87 1972 -3700.0000 -3825.1575  3.38%   914  585s
  1603   984 -3718.4040   90 1983 -3700.0000 -3825.1575  3.38%   915  590s
  1622   997 -3708.0750  100 1894 -3700.0000 -3825.1575  3.38%   917  595s
  1659  1008 -3822.4034   27 2870 -3700.0000 -3823.4227  3.34%   911  602s
  1661  1009 -3818.1530   29 2821 -3700.0000 -3823.4227  3.34%   913  605s
  1665  1012 -3812.4830   31 2754 -3700.0000 -3823.4227  3.34%   918  610s
  1669  1014 -3809.1217   33 2717 -3700.0000 -3823.4227  3.34%   922  615s
  1674  1018 -3804.6782   35 2680 -3700.0000 -3823.4227  3.34%   926  620s
  1678  1020 -3803.2304   35 2655 -3700.0000 -3823.4227  3.34%   930  625s
  1685  1025 -3793.2385   39 2572 -3700.0000 -3823.4227  3.34%   934  630s
  1690  1028 -3785.9098   43 2511 -3700.0000 -3823.4227  3.34%   937  635s
  1696  1032 -3778.4188   45 2458 -3700.0000 -3823.4227  3.34%   942  640s
  1703  1037 -3777.7853   47 2438 -3700.0000 -3823.4227  3.34%   946  646s
  1709  1041 -3775.7866   49 2408 -3700.0000 -3823.4227  3.34%   949  650s
  1716  1046 -3771.0098   51 2380 -3700.0000 -3823.4227  3.34%   952  655s
  1723  1050 -3767.6655   52 2361 -3700.0000 -3823.4227  3.34%   956  660s
  1729  1054 -3766.4316   52 2361 -3700.0000 -3823.4227  3.34%   961  665s
  1738  1060 -3761.1463   55 2362 -3700.0000 -3823.4227  3.34%   964  670s
  1747  1066 -3757.5818   59 2299 -3700.0000 -3823.4227  3.34%   967  675s
  1756  1072 -3754.5219   60 2302 -3700.0000 -3823.4227  3.34%   969  680s
  1768  1080 -3750.8959   64 2240 -3700.0000 -3823.4227  3.34%   972  685s
  1779  1088 -3745.2125   68 2199 -3700.0000 -3823.4227  3.34%   975  690s
  1794  1098 -3738.5336   72 2157 -3700.0000 -3823.4227  3.34%   976  695s
  1811  1109 -3734.9102   75 2156 -3700.0000 -3823.4227  3.34%   975  700s
  1830  1122 -3725.9621   79 2078 -3700.0000 -3823.4227  3.34%   974  705s
  1847  1133 -3720.2538   85 2043 -3700.0000 -3823.4227  3.34%   974  710s
  1865  1145 -3716.6169   93 1988 -3700.0000 -3823.4227  3.34%   973  715s
  1891  1160     cutoff  106      -3700.0000 -3823.4227  3.34%   970  720s
  1921  1162 -3820.2544   28 2874 -3700.0000 -3823.4215  3.34%   965  727s
  1923  1164 -3815.7765   30 2806 -3700.0000 -3823.4215  3.34%   967  730s
  1928  1167 -3807.3672   34 2704 -3700.0000 -3823.4215  3.34%   971  735s
  1932  1170 -3804.8018   35 2682 -3700.0000 -3823.4215  3.34%   974  740s
  1936  1172 -3802.5460   36 2652 -3700.0000 -3823.4215  3.34%   979  745s
  1940  1175 -3805.2556   35 2672 -3700.0000 -3823.4215  3.34%   983  751s
  1943  1177 -3801.8076   36 2664 -3700.0000 -3823.4215  3.34%   987  755s
  1948  1180 -3798.0336   39 2617 -3700.0000 -3823.4215  3.34%   990  760s
  1954  1184 -3794.5517   39 2605 -3700.0000 -3823.4215  3.34%   994  766s
  1959  1188 -3792.2460   42 2571 -3700.0000 -3823.4215  3.34%   996  770s
  1964  1191 -3788.6640   43 2522 -3700.0000 -3823.4215  3.34%  1001  775s
  1969  1194 -3784.4922   44 2526 -3700.0000 -3823.4215  3.34%  1004  780s
  1975  1198 -3784.1865   45 2507 -3700.0000 -3823.4215  3.34%  1007  785s
  1980  1202 -3782.3489   45 2507 -3700.0000 -3823.4215  3.34%  1012  790s
  1985  1205 -3780.5051   46 2501 -3700.0000 -3823.4215  3.34%  1016  795s
  1991  1209 -3777.9457   49 2446 -3700.0000 -3823.4215  3.34%  1019  800s
  1995  1212 -3774.9313   51 2414 -3700.0000 -3823.4215  3.34%  1022  805s
  2000  1215 -3770.1176   51 2416 -3700.0000 -3823.4215  3.34%  1023  810s
  2004  1218 -3767.6626   54 2370 -3700.0000 -3823.4215  3.34%  1025  820s
  2012  1223 -3763.2651   56 2353 -3700.0000 -3823.4215  3.34%  1028  825s
  2022  1230 -3761.3950   58 2327 -3700.0000 -3823.4215  3.34%  1030  830s
  2033  1237 -3756.2526   62 2284 -3700.0000 -3823.4215  3.34%  1031  835s
  2046  1246 -3748.4843   66 2257 -3700.0000 -3823.4215  3.34%  1032  840s
  2056  1252 -3742.8892   71 2170 -3700.0000 -3823.4215  3.34%  1034  845s
  2071  1262 -3736.3174   78 2087 -3700.0000 -3823.4215  3.34%  1035  850s
  2087  1273 -3726.3384   82 2091 -3700.0000 -3823.4215  3.34%  1035  855s
  2108  1287 -3721.6460   92 1967 -3700.0000 -3823.4215  3.34%  1033  860s
  2131  1302 -3713.1690  104 1937 -3700.0000 -3823.4215  3.34%  1030  865s
H 2162  1246                    -3702.000000 -3823.4215  3.28%  1022  869s
  2164  1245 -3819.8432   28 2874 -3702.0000 -3821.5988  3.23%  1024  872s
  2167  1247 -3812.6151   31 2760 -3702.0000 -3821.5988  3.23%  1027  875s
  2171  1250 -3801.3516   35 2693 -3702.0000 -3821.5988  3.23%  1029  880s
  2176  1253 -3789.2791   40 2589 -3702.0000 -3821.5988  3.23%  1032  885s
  2181  1257 -3779.7803   45 2511 -3702.0000 -3821.5988  3.23%  1036  890s
  2191  1263 -3761.3143   55 2337 -3702.0000 -3821.5988  3.23%  1037  895s
  2206  1273 -3736.7018   70 2221 -3702.0000 -3821.5988  3.23%  1037  900s
H 2214  1217                    -3704.000000 -3821.5988  3.17%  1036  902s
  2227  1227 -3709.4977   91 1875 -3704.0000 -3821.5988  3.17%  1034  905s
H 2241  1161                    -3706.000000 -3821.5988  3.12%  1030  908s
  2242  1163 -3815.0796   29 2860 -3706.0000 -3821.5976  3.12%  1033  910s
  2246  1166 -3805.9848   33 2743 -3706.0000 -3821.5976  3.12%  1035  915s
  2252  1170 -3794.0371   39 2620 -3706.0000 -3821.5976  3.12%  1039  921s
  2257  1173 -3781.2922   44 2537 -3706.0000 -3821.5976  3.12%  1041  925s
  2265  1179 -3765.3042   52 2422 -3706.0000 -3821.5976  3.12%  1043  930s
  2274  1185 -3749.3003   61 2290 -3706.0000 -3821.5976  3.12%  1045  935s
  2288  1194 -3720.4179   75 2156 -3706.0000 -3821.5976  3.12%  1045  940s
  2300  1194 -3816.6812   28 2888 -3706.0000 -3820.9951  3.10%  1046  946s
  2303  1196 -3810.0919   31 2755 -3706.0000 -3820.9951  3.10%  1048  950s
  2307  1200 -3799.6006   35 2680 -3706.0000 -3820.9951  3.10%  1052  955s
  2312  1205 -3785.5986   40 2569 -3706.0000 -3820.9951  3.10%  1055  960s
  2317  1210 -3770.9075   45 2500 -3706.0000 -3820.9951  3.10%  1058  965s
  2324  1217 -3751.4006   52 2419 -3706.0000 -3820.9951  3.10%  1060  970s
  2334  1227 -3728.3480   62 2343 -3706.0000 -3820.9951  3.10%  1061  975s
  2350  1233     cutoff   72      -3706.0000 -3820.9951  3.10%  1060  980s
  2353  1236 -3811.4103   30 2774 -3706.0000 -3820.9948  3.10%  1064  986s
  2357  1240 -3804.3734   34 2693 -3706.0000 -3820.9948  3.10%  1066  990s
  2362  1245 -3793.8348   39 2581 -3706.0000 -3820.9948  3.10%  1069  995s
  2369  1252 -3778.8104   46 2460 -3706.0000 -3820.9948  3.10%  1071 1000s
  2378  1261 -3763.0877   55 2341 -3706.0000 -3820.9948  3.10%  1072 1005s
  2394  1277 -3741.6062   71 2171 -3706.0000 -3820.9948  3.10%  1071 1010s
  2415  1294 -3708.8712   89 2008 -3706.0000 -3820.9948  3.10%  1068 1015s
  2426  1293 -3813.3879   29 2838 -3706.0000 -3820.9691  3.10%  1068 1020s

Cutting planes:
  Gomory: 25
  MIR: 118
  Flow cover: 1353
  Zero half: 457
  RLT: 106
  BQP: 172

Explored 2430 nodes (2603480 simplex iterations) in 1024.00 seconds (1213.54 work units)
Thread count was 1 (of 72 available processors)

Solution count 10: -3706 -3704 -3702 ... -1020

Time limit reached
Best objective -3.706000000000e+03, best bound -3.820000000000e+03, gap 3.0761%

User-callback calls 34336, time in user-callback 0.18 sec

BQP_SOLUTION, 598, 2566, -1348.000000, 1024.000656, -1, 1, -1, 1, -1, 1, -1, 1, 1, -1, -1, -1, -1, -1, 1, -1, -1, 1, -1, 1, -1, -1, -1, -1, 1, -1, -1, -1, 1, -1, -1, -1, -1, 1, -1, 1, -1, -1, -1, 1, -1, -1, -1, -1, -1, -1, -1, -1, -1, 1, -1, -1, -1, -1, 1, -1, -1, -1, -1, -1, -1, -1, -1, -1, 1, -1, 1, -1, -1, 1, -1, -1, -1, -1, -1, -1, -1, -1, -1, 1, -1, -1, -1, -1, -1, 1, -1, 1, -1, -1, -1, -1, -1, 1, -1, 1, -1, -1, -1, 1, 1, -1, -1, 1, -1, 1, -1, -1, -1, -1, 1, -1, -1, 1, -1, 1, 1, -1, -1, -1, 1, -1, 1, 1, -1, 1, -1, -1, 1, -1, 1, -1, 1, 1, -1, 1, -1, -1, 1, -1, 1, 1, -1, 1, -1, 1, -1, -1, 1, -1, 1, 1, 1, 1, -1, 1, -1, -1, 1, 1, 1, 1, -1, 1, 1, 1, -1, -1, 1, 1, 1, -1, 1, 1, -1, 1, 1, -1, 1, 1, -1, -1, 1, 1, 1, 1, -1, 1, 1, 1, 1, -1, 1, 1, 1, 1, -1, 1, 1, 1, 1, -1, 1, 1, 1, 1, 1, -1, 1, 1, 1, 1, -1, 1, 1, -1, 1, -1, 1, -1, 1, 1, 1, 1, -1, -1, 1, -1, 1, -1, -1, 1, -1, 1, 1, -1, 1, -1, -1, -1, -1, 1, -1, 1, 1, -1, -1, 1, 1, -1, -1, -1, 1, 1, -1, -1, -1, 1, -1, 1, -1, -1, -1, 1, 1, -1, -1, -1, 1, 1, -1, -1, 1, 1, -1, -1, -1, -1, 1, -1, -1, 1, -1, 1, 1, -1, -1, -1, 1, 1, -1, 1, -1, 1, 1, -1, -1, 1, -1, 1, -1, -1, 1, -1, 1, 1, 1, -1, 1, 1, -1, -1, -1, 1, 1, -1, -1, 1, -1, 1, -1, -1, -1, 1, -1, -1, 1, -1, 1, -1, -1, -1, 1, 1, 1, -1, -1, 1, 1, 1, -1, -1, -1, 1, 1, -1, -1, 1, 1, 1, 1, -1, 1, 1, 1, -1, -1, 1, 1, -1, 1, 1, 1, 1, 1, -1, 1, 1, 1, 1, 1, 1, 1, 1, 1, -1, 1, 1, 1, 1, -1, 1, 1, 1, 1, 1, -1, 1, 1, 1, 1, -1, 1, 1, 1, 1, -1, 1, 1, 1, 1, -1, 1, 1, 1, 1, -1, 1, 1, 1, 1, 1, 1, 1, 1, 1, -1, 1, 1, 1, -1, -1, 1, 1, 1, -1, 1, -1, 1, 1, 1, -1, 1, 1, 1, 1, 1, 1, 1, 1, 1, -1, 1, 1, 1, 1, -1, 1, 1, 1, 1, -1, 1, 1, 1, 1, 1, 1, 1, -1, -1, 1, 1, 1, 1, 1, 1, 1, -1, -1, 1, -1, 1, 1, 1, -1, 1, 1, 1, 1, -1, 1, 1, 1, -1, 1, 1, 1, 1, -1, -1, 1, -1, 1, -1, -1, 1, 1, 1, 1, -1, -1, 1, 1, -1, -1, 1, 1, 1, 1, -1, 1, 1, -1, 1, -1, -1, -1, 1, 1, -1, -1, 1, -1, 1, -1, -1, 1, -1, 1, 1, -1, -1, 1, 1, -1, -1, -1, 1, 1, -1, -1, -1, 1, -1, -1, -1, 1, 1, 1, -1, -1, -1, -1, 1, -1, -1, 1, -1, 1, 1, -1, -1, -1, 1, -1, -1, -1, -1, 1, -1, -1, -1, 1, 1, 1, -1, -1, 1, -1, 1, -1, -1, -1, 1, 1, -1, -1, 1, -1, 1, -1, 1, 1, -1, 1, 1, -1
BQP_DATA, 598, 2566, -1348.000000, -1462.000000, -3706.000000, -3820.000000, 1024.000656, 1953, 2430
