Set parameter TSPort to value 51199
Set parameter TokenServer to value "open-license1.lanl.gov"
Set parameter TimeLimit to value 1024
Set parameter Threads to value 1
Gurobi Optimizer version 10.0.3 build v10.0.3rc0 (linux64)

CPU model: Intel(R) Xeon(R) CPU E5-2695 v4 @ 2.10GHz, instruction set [SSE2|AVX|AVX2]
Thread count: 36 physical cores, 72 logical processors, using up to 1 threads

Optimize a model with 0 rows, 1940 columns and 0 nonzeros
Model fingerprint: 0xffd6318e
Model has 8829 quadratic objective terms
Variable types: 0 continuous, 1940 integer (1940 binary)
Coefficient statistics:
  Matrix range     [0e+00, 0e+00]
  Objective range  [2e+00, 3e+01]
  QObjective range [8e+00, 8e+00]
  Bounds range     [1e+00, 1e+00]
  RHS range        [0e+00, 0e+00]
Found heuristic solution: objective 0.0000000
Found heuristic solution: objective -3278.000000
Found heuristic solution: objective -11842.00000
Found heuristic solution: objective -11900.00000
Presolve removed 0 rows and 1 columns
Presolve time: 0.32s
Presolved: 8828 rows, 10767 columns, 26484 nonzeros
Variable types: 0 continuous, 10767 integer (10767 binary)

Root relaxation: objective -1.654700e+04, 2797 iterations, 0.04 seconds (0.02 work units)

    Nodes    |    Current Node    |     Objective Bounds      |     Work
 Expl Unexpl |  Obj  Depth IntInf | Incumbent    BestBd   Gap | It/Node Time

     0     0 -16547.000    0 1939 -11900.000 -16547.000  39.1%     -    0s
     0     0 -15376.000    0 2523 -11900.000 -15376.000  29.2%     -    1s
     0     0 -15311.000    0 2559 -11900.000 -15311.000  28.7%     -    1s
     0     0 -15300.000    0 2571 -11900.000 -15300.000  28.6%     -    1s
     0     0 -15073.833    0 2719 -11900.000 -15073.833  26.7%     -    1s
     0     0 -15073.833    0 2703 -11900.000 -15073.833  26.7%     -    2s
     0     2 -15073.833    0 2700 -11900.000 -15073.833  26.7%     -    2s
   148   150 -14433.333   74 3203 -11900.000 -15061.833  26.6%   113    5s
   513   515 -13043.667  257 3786 -11900.000 -15061.833  26.6%  86.6   10s
   810   812 -12301.833  406 3745 -11900.000 -15061.833  26.6%  74.6   15s
  1042   998 -12145.333  439 4414 -11900.000 -15061.389  26.6%  66.1   20s
  1050  1003 -12623.500  335 3445 -11900.000 -14303.736  20.2%  65.6   25s
  1055  1007 -12790.000  300 3875 -11900.000 -14027.852  17.9%  65.3   34s
  1056  1007 -12416.833  384 4039 -11900.000 -13965.717  17.4%  65.3   39s
  1057  1008 -13287.500  224 4174 -11900.000 -13948.061  17.2%  65.2   42s
  1060  1010 -13941.844  132 4257 -11900.000 -13941.844  17.2%  65.0   45s
  1068  1015 -13722.417   47 4836 -11900.000 -13722.417  15.3%  64.5   74s
  1069  1016 -12350.833  397 5116 -11900.000 -13678.355  14.9%  64.5   93s
  1070  1017 -12757.000  308 5207 -11900.000 -13668.502  14.9%  64.4   99s
  1071  1017 -13663.489  134 5375 -11900.000 -13663.489  14.8%  64.3  104s
  1072  1018 -13195.500  236 5396 -11900.000 -13661.968  14.8%  64.3  106s
  1079  1023 -12050.500  464 5507 -11900.000 -13660.776  14.8%  63.9  110s
  1081  1024 -13287.500  224 5855 -11900.000 -13485.971  13.3%  63.8  161s
  1082  1025 -13444.523  150 6313 -11900.000 -13444.523  13.0%  63.7  201s
  1083  1025 -11919.500  502 6399 -11900.000 -13437.569  12.9%  63.6  211s
  1084  1026 -12104.333  450 6476 -11900.000 -13433.930  12.9%  63.6  218s
  1085  1027 -12499.000  366 6521 -11900.000 -13432.438  12.9%  63.5  222s
  1086  1027 -12735.000  311 6564 -11900.000 -13431.939  12.9%  63.5  225s
  1092  1031 -12263.833  416 6682 -11900.000 -13431.503  12.9%  63.1  230s
  1093  1032 -12138.333  442 7024 -11900.000 -13308.279  11.8%  63.1  304s
  1094  1033 -13279.612  178 7364 -11900.000 -13279.612  11.6%  63.0  346s
  1095  1033 -13272.560  187 7471 -11900.000 -13272.560  11.5%  62.9  364s
  1096  1034 -12187.833  430 7559 -11900.000 -13269.912  11.5%  62.9  373s
  1097  1035 -12639.000  332 7614 -11900.000 -13269.012  11.5%  62.8  378s
  1098  1035 -12612.000  340 7667 -11900.000 -13268.690  11.5%  62.8  380s
  1103  1039 -13268.496   85 7757 -11900.000 -13268.496  11.5%  62.5  386s
  1104  1039 -12029.500  470 8232 -11900.000 -13182.517  10.8%  62.4  473s
  1105  1040 -13165.210  126 8458 -11900.000 -13165.210  10.6%  62.4  520s
  1106  1041 -13162.241  222 8577 -11900.000 -13162.241  10.6%  62.3  538s
  1107  1041 -12077.333  457 8545 -11900.000 -13161.568  10.6%  62.3  543s
  1108  1042 -12725.000  312 8583 -11900.000 -13161.070  10.6%  62.2  547s
  1109  1043 -13160.911  158 8610 -11900.000 -13160.911  10.6%  62.1  550s
  1113  1045 -13114.567   83 8656 -11900.000 -13114.567  10.2%  61.9  633s
  1114  1046 -13105.588  215 8724 -11900.000 -13105.588  10.1%  61.9  674s
  1115  1047 -12307.833  406 8809 -11900.000 -13103.651  10.1%  61.8  687s
  1116  1047 -12682.000  324 8860 -11900.000 -13103.137  10.1%  61.8  694s
  1117  1048 -13103.028    8 8872 -11900.000 -13103.028  10.1%  61.7  697s
  1119  1049 -13102.983  136 8883 -11900.000 -13102.983  10.1%  61.6  700s
  1122  1051 -13068.720  105 8902 -11900.000 -13068.720  9.82%  61.4  777s
  1123  1052 -12470.833  372 9037 -11900.000 -13062.054  9.77%  61.4  815s
  1124  1053 -13060.482  138 9040 -11900.000 -13060.482  9.75%  61.3  831s
  1125  1053 -13059.880   62 9045 -11900.000 -13059.880  9.75%  61.3  839s
  1126  1054 -12971.667  270 9096 -11900.000 -13059.574  9.74%  61.2  844s
  1127  1055 -13059.480    4 9102 -11900.000 -13059.480  9.74%  61.2  846s
  1131  1057 -13059.430  217 9106 -11900.000 -13059.430  9.74%  60.9  851s
  1132  1058 -13035.194   49 8993 -11900.000 -13035.194  9.54%  60.9  912s
  1133  1059 -13030.234  225 9049 -11900.000 -13030.234  9.50%  60.8  947s
  1134  1059 -12620.000  338 9111 -11900.000 -13029.413  9.49%  60.8  958s
  1135  1060 -12789.500  300 9115 -11900.000 -13029.173  9.49%  60.7  962s
  1136  1061 -13029.095  124 9139 -11900.000 -13029.095  9.49%  60.7  965s
  1139  1063 -12823.000  294 9143 -11900.000 -13029.032  9.49%  60.5  970s

Cutting planes:
  Gomory: 78
  MIR: 356
  Flow cover: 2950
  Zero half: 1275
  Mod-K: 62
  RLT: 441
  BQP: 529

Explored 1139 nodes (1001950 simplex iterations) in 1024.00 seconds (1343.60 work units)
Thread count was 1 (of 72 available processors)

Solution count 4: -11900 -11842 -3278 0 

Time limit reached
Best objective -1.190000000000e+04, best bound -1.302800000000e+04, gap 9.4790%

User-callback calls 9870, time in user-callback 0.04 sec

BQP_SOLUTION, 1940, 8829, -4182.000000, 1024.001219, 1, 1, 1, -1, -1, -1, 1, 1, -1, 1, -1, -1, 1, -1, 1, 1, 1, 1, -1, -1, -1, 1, -1, 1, -1, 1, 1, -1, 1, -1, 1, -1, -1, 1, -1, 1, -1, -1, -1, -1, 1, -1, 1, -1, 1, 1, -1, -1, 1, 1, -1, 1, -1, 1, -1, -1, -1, -1, 1, -1, 1, -1, 1, 1, 1, -1, 1, 1, -1, 1, 1, -1, 1, -1, -1, -1, 1, -1, -1, 1, -1, -1, -1, -1, -1, 1, -1, 1, 1, 1, 1, -1, 1, -1, 1, -1, 1, -1, 1, -1, -1, 1, -1, 1, -1, 1, -1, 1, -1, -1, -1, -1, 1, -1, -1, 1, 1, 1, -1, -1, 1, 1, -1, -1, 1, -1, -1, 1, 1, 1, 1, 1, -1, 1, -1, 1, 1, -1, -1, 1, -1, 1, 1, 1, 1, 1, 1, -1, 1, 1, -1, -1, 1, 1, -1, 1, -1, 1, 1, -1, -1, 1, 1, -1, 1, -1, 1, -1, -1, 1, 1, 1, -1, 1, 1, 1, -1, -1, -1, 1, 1, -1, 1, 1, -1, 1, 1, -1, 1, 1, 1, 1, 1, -1, 1, -1, -1, 1, 1, 1, 1, 1, 1, -1, -1, -1, 1, -1, 1, 1, 1, -1, 1, -1, -1, 1, 1, 1, 1, 1, 1, 1, -1, -1, 1, 1, 1, 1, 1, 1, -1, -1, 1, 1, 1, 1, 1, 1, -1, 1, -1, -1, 1, 1, 1, 1, 1, -1, -1, -1, -1, 1, 1, 1, -1, 1, 1, -1, -1, -1, 1, 1, -1, 1, 1, -1, -1, -1, -1, 1, 1, 1, 1, -1, 1, -1, 1, -1, 1, 1, -1, -1, 1, 1, -1, -1, -1, 1, 1, 1, 1, -1, -1, -1, -1, 1, 1, 1, 1, -1, 1, -1, -1, 1, -1, 1, -1, 1, -1, 1, -1, -1, -1, -1, 1, 1, -1, -1, -1, -1, -1, -1, 1, 1, -1, -1, 1, -1, -1, -1, 1, 1, 1, 1, -1, 1, -1, -1, -1, 1, -1, 1, -1, 1, -1, 1, -1, -1, 1, 1, 1, 1, -1, 1, -1, -1, 1, 1, 1, 1, -1, -1, -1, 1, -1, -1, 1, 1, 1, 1, -1, 1, -1, 1, -1, -1, 1, 1, -1, -1, -1, 1, 1, -1, 1, 1, 1, -1, 1, -1, -1, 1, -1, 1, 1, 1, 1, 1, -1, 1, -1, 1, 1, -1, -1, 1, 1, -1, -1, 1, -1, -1, 1, 1, -1, 1, -1, 1, 1, 1, -1, 1, 1, -1, 1, -1, 1, 1, 1, 1, 1, -1, 1, -1, 1, 1, -1, -1, 1, -1, -1, 1, -1, 1, 1, -1, -1, 1, -1, -1, -1, -1, 1, -1, 1, -1, 1, -1, -1, 1, -1, 1, 1, 1, 1, 1, -1, 1, -1, -1, 1, 1, 1, 1, 1, -1, 1, -1, -1, -1, 1, 1, 1, 1, -1, 1, -1, -1, 1, 1, 1, -1, 1, -1, -1, -1, -1, -1, 1, 1, 1, 1, -1, -1, 1, -1, -1, 1, 1, 1, 1, -1, 1, -1, 1, -1, 1, -1, 1, 1, 1, -1, -1, 1, 1, 1, -1, 1, 1, 1, 1, -1, 1, -1, 1, 1, 1, 1, -1, -1, 1, 1, 1, -1, 1, 1, 1, -1, -1, -1, -1, 1, 1, -1, -1, 1, -1, -1, 1, -1, 1, -1, 1, 1, 1, 1, -1, 1, -1, 1, -1, 1, 1, 1, -1, -1, -1, -1, 1, 1, 1, 1, 1, -1, -1, 1, -1, 1, -1, -1, 1, 1, -1, -1, 1, 1, 1, -1, 1, -1, 1, -1, -1, 1, 1, 1, -1, 1, -1, 1, -1, -1, -1, 1, 1, 1, -1, -1, 1, -1, 1, -1, 1, -1, -1, 1, 1, 1, 1, -1, 1, -1, 1, 1, -1, -1, 1, 1, -1, 1, 1, 1, 1, -1, 1, 1, -1, -1, 1, -1, 1, -1, 1, -1, 1, -1, -1, 1, 1, 1, -1, 1, 1, 1, 1, -1, 1, 1, -1, 1, -1, -1, 1, -1, -1, 1, 1, 1, -1, -1, 1, -1, -1, 1, -1, 1, -1, 1, -1, -1, 1, -1, -1, 1, 1, 1, -1, -1, -1, 1, -1, 1, 1, 1, -1, -1, -1, -1, -1, 1, 1, 1, 1, 1, -1, -1, 1, 1, 1, -1, 1, 1, 1, -1, -1, 1, -1, 1, 1, -1, 1, 1, -1, -1, -1, 1, 1, -1, 1, 1, -1, -1, -1, -1, -1, 1, -1, 1, 1, 1, 1, -1, -1, 1, 1, -1, 1, 1, 1, -1, -1, -1, 1, -1, 1, 1, -1, -1, -1, -1, 1, -1, 1, 1, -1, 1, 1, -1, -1, 1, 1, -1, 1, -1, 1, -1, -1, -1, 1, -1, 1, 1, -1, 1, -1, 1, -1, 1, 1, -1, 1, -1, 1, 1, -1, -1, -1, 1, 1, 1, -1, -1, 1, 1, -1, -1, 1, 1, 1, -1, -1, 1, -1, -1, 1, 1, 1, 1, 1, -1, 1, -1, -1, 1, 1, 1, 1, 1, -1, 1, -1, 1, -1, 1, 1, 1, 1, 1, -1, 1, -1, 1, 1, -1, -1, -1, -1, 1, -1, 1, 1, 1, 1, -1, 1, -1, 1, -1, 1, 1, 1, -1, 1, -1, 1, 1, -1, 1, 1, -1, -1, -1, 1, -1, 1, -1, 1, -1, 1, -1, 1, -1, -1, 1, -1, -1, 1, -1, -1, -1, 1, 1, 1, -1, 1, 1, 1, 1, -1, 1, -1, 1, 1, -1, 1, 1, -1, -1, 1, 1, 1, -1, -1, -1, 1, 1, 1, -1, 1, 1, -1, -1, 1, 1, -1, -1, 1, -1, 1, 1, 1, 1, 1, -1, -1, 1, 1, 1, -1, -1, 1, 1, -1, -1, 1, 1, 1, -1, 1, -1, 1, -1, -1, 1, 1, 1, 1, -1, 1, -1, 1, -1, -1, -1, 1, -1, 1, 1, -1, -1, -1, -1, -1, 1, 1, -1, -1, 1, -1, -1, -1, 1, 1, 1, 1, 1, 1, 1, -1, -1, -1, 1, 1, 1, 1, 1, 1, -1, -1, -1, 1, 1, -1, 1, 1, -1, -1, -1, 1, 1, 1, -1, 1, 1, -1, -1, -1, 1, -1, -1, 1, 1, 1, -1, -1, -1, 1, 1, 1, -1, 1, 1, -1, -1, -1, 1, 1, 1, 1, -1, 1, 1, -1, -1, 1, 1, 1, -1, 1, 1, 1, -1, 1, 1, 1, -1, -1, 1, -1, 1, -1, -1, 1, 1, 1, -1, 1, 1, 1, -1, 1, 1, -1, -1, 1, -1, 1, -1, -1, 1, 1, -1, 1, 1, 1, 1, -1, 1, 1, 1, -1, 1, -1, 1, 1, -1, -1, 1, 1, -1, -1, 1, 1, 1, 1, -1, 1, 1, 1, -1, -1, 1, 1, -1, -1, 1, 1, -1, -1, -1, 1, 1, -1, 1, -1, 1, -1, -1, -1, -1, 1, -1, -1, 1, -1, -1, -1, -1, -1, 1, -1, -1, 1, -1, -1, 1, -1, 1, 1, 1, -1, -1, 1, -1, -1, 1, -1, 1, -1, 1, -1, 1, 1, -1, 1, -1, 1, -1, -1, 1, -1, -1, -1, 1, -1, -1, -1, 1, -1, -1, 1, -1, -1, 1, 1, -1, -1, -1, 1, -1, -1, -1, -1, 1, -1, -1, 1, 1, -1, 1, -1, -1, 1, -1, 1, 1, 1, -1, 1, -1, 1, -1, 1, -1, 1, 1, -1, 1, -1, 1, -1, 1, -1, 1, 1, -1, 1, -1, 1, -1, -1, 1, 1, 1, -1, 1, -1, 1, -1, 1, 1, 1, 1, -1, 1, -1, 1, 1, -1, 1, 1, 1, -1, 1, 1, 1, -1, 1, 1, 1, 1, -1, 1, 1, 1, 1, -1, 1, 1, -1, -1, -1, -1, 1, 1, -1, 1, 1, -1, 1, 1, 1, 1, -1, 1, 1, 1, -1, -1, 1, -1, 1, -1, 1, 1, -1, 1, -1, 1, -1, -1, -1, 1, -1, 1, -1, 1, 1, -1, -1, -1, -1, 1, -1, 1, -1, 1, -1, 1, -1, -1, 1, -1, -1, 1, -1, 1, 1, 1, 1, 1, -1, -1, -1, 1, -1, -1, 1, -1, 1, -1, -1, 1, 1, -1, -1, 1, -1, -1, -1, -1, -1, -1, 1, -1, 1, -1, 1, -1, -1, -1, -1, -1, -1, 1, -1, 1, -1, -1, 1, -1, 1, 1, -1, -1, 1, -1, -1, -1, -1, -1, -1, -1, -1, 1, -1, 1, 1, -1, -1, -1, -1, 1, -1, -1, 1, -1, 1, -1, -1, -1, -1, -1, 1, -1, 1, -1, -1, -1, -1, 1, 1, 1, -1, 1, -1, -1, -1, 1, 1, -1, -1, 1, 1, -1, -1, -1, 1, 1, -1, -1, -1, 1, -1, -1, -1, -1, 1, -1, -1, 1, 1, -1, -1, 1, -1, 1, 1, -1, 1, 1, 1, -1, 1, -1, 1, -1, 1, 1, 1, -1, -1, 1, -1, 1, 1, -1, 1, 1, 1, 1, 1, 1, -1, 1, -1, 1, 1, 1, -1, 1, -1, 1, -1, 1, -1, 1, 1, 1, 1, -1, 1, 1, -1, 1, -1, 1, -1, 1, 1, 1, 1, -1, -1, 1, -1, 1, 1, 1, 1, -1, -1, 1, 1, -1, -1, 1, -1, 1, -1, -1, -1, 1, 1, 1, 1, 1, 1, -1, 1, 1, 1, 1, 1, 1, -1, 1, -1, -1, -1, 1, -1, 1, 1, -1, 1, -1, 1, -1, 1, 1, 1, 1, -1, 1, 1, -1, -1, 1, 1, 1, 1, 1, 1, 1, 1, -1, -1, 1, 1, 1, 1, 1, 1, -1, 1, -1, 1, 1, 1, 1, 1, -1, -1, -1, 1, 1, 1, 1, 1, 1, 1, 1, -1, -1, 1, 1, -1, 1, 1, 1, -1, -1, 1, 1, -1, 1, 1, 1, 1, -1, 1, 1, 1, 1, -1, 1, 1, -1, -1, 1, 1, 1, -1, 1, 1, 1, -1, -1, 1, 1, 1, 1, -1, 1, 1, -1, 1, -1, 1, -1, 1, -1, 1, 1, 1, -1, -1, 1, 1, 1, -1, 1, 1, -1, -1, 1, 1, 1, -1, -1, 1, -1, 1, -1, 1, -1, -1, -1, 1, 1, 1, 1, 1, -1, 1, 1, 1, -1, 1, 1, -1, 1, -1, -1, 1, -1, -1, 1, 1, 1, 1, -1, 1, 1, -1, -1, 1, 1, 1, -1, -1, -1, 1, -1, 1, 1, 1, 1, 1, -1, -1, 1, -1, 1, 1, 1, 1, -1, -1, 1, -1, 1, 1, 1, 1, -1, 1, -1, 1, 1, 1, -1, 1, 1, -1, -1, -1, 1, -1, -1, -1, 1, 1, -1, -1, -1, -1, -1, 1, 1, 1, -1, -1, -1, -1, 1, -1, 1, 1, 1, 1, -1, -1, -1, -1, 1, -1, 1, -1, 1, -1, -1, -1, 1, -1, 1, 1, -1, 1, -1, -1, -1, -1, 1, -1, -1, 1, 1, -1, 1, -1, -1, 1, -1, 1, -1, 1, -1, -1, -1, -1, -1, -1, 1, -1, 1, -1, 1, -1, -1, -1, -1, -1, 1, -1, 1, -1, 1, 1, -1, -1, 1, -1, -1, -1, 1, 1, -1, -1, -1, -1, -1, -1, 1, -1, 1, -1, -1, 1, 1, -1, -1, -1, 1, 1, -1, -1, -1, -1, -1, -1, 1, 1, 1, 1, 1, -1, -1, -1, -1, -1, 1, 1, 1, -1, -1, -1, -1, 1, -1, 1, -1, -1, -1, -1, -1, 1, -1, -1, 1, 1, 1, 1, -1, -1, -1, -1, -1, 1, 1, 1, -1, -1, 1, -1, 1, -1, 1, 1, 1, 1, -1, -1, 1, -1, -1, 1, 1, 1, 1, 1, 1, 1, -1, 1, -1, 1, 1, -1, 1, -1, -1, -1, 1, 1, 1, -1, 1, -1
BQP_DATA, 1940, 8829, -4182.000000, -5310.000000, -11900.000000, -13028.000000, 1024.001219, 4721, 1139
