Set parameter TSPort to value 51199
Set parameter TokenServer to value "open-license1.lanl.gov"
Set parameter TimeLimit to value 1024
Set parameter Threads to value 1
Gurobi Optimizer version 10.0.3 build v10.0.3rc0 (linux64)

CPU model: Intel(R) Xeon(R) CPU E5-2695 v4 @ 2.10GHz, instruction set [SSE2|AVX|AVX2]
Thread count: 36 physical cores, 72 logical processors, using up to 1 threads

Optimize a model with 0 rows, 1940 columns and 0 nonzeros
Model fingerprint: 0x8b8c38d8
Model has 8884 quadratic objective terms
Variable types: 0 continuous, 1940 integer (1940 binary)
Coefficient statistics:
  Matrix range     [0e+00, 0e+00]
  Objective range  [2e+00, 3e+01]
  QObjective range [8e+00, 8e+00]
  Bounds range     [1e+00, 1e+00]
  RHS range        [0e+00, 0e+00]
Found heuristic solution: objective 0.0000000
Found heuristic solution: objective -3312.000000
Found heuristic solution: objective -11886.00000
Found heuristic solution: objective -11904.00000
Presolve removed 0 rows and 1 columns
Presolve time: 0.37s
Presolved: 8883 rows, 10822 columns, 26649 nonzeros
Variable types: 0 continuous, 10822 integer (10822 binary)

Root relaxation: objective -1.660400e+04, 2611 iterations, 0.03 seconds (0.02 work units)

    Nodes    |    Current Node    |     Objective Bounds      |     Work
 Expl Unexpl |  Obj  Depth IntInf | Incumbent    BestBd   Gap | It/Node Time

     0     0 -16604.000    0 1939 -11904.000 -16604.000  39.5%     -    0s
     0     0 -15478.000    0 2502 -11904.000 -15478.000  30.0%     -    1s
     0     0 -15421.000    0 2532 -11904.000 -15421.000  29.5%     -    1s
     0     0 -15414.000    0 2537 -11904.000 -15414.000  29.5%     -    1s
     0     0 -15247.875    0 2643 -11904.000 -15247.875  28.1%     -    1s
     0     0 -15247.875    0 2631 -11904.000 -15247.875  28.1%     -    1s
     0     2 -15247.875    0 2630 -11904.000 -15247.875  28.1%     -    2s
   179   181 -14432.333   90 3193 -11904.000 -15235.875  28.0%  89.3    5s
   582   584 -12998.500  292 3699 -11904.000 -15235.875  28.0%  70.7   10s
   864   866 -12268.500  434 3624 -11904.000 -15235.875  28.0%  67.3   15s
  1088  1060 -13965.333  151 1939 -11904.000 -15233.875  28.0%  62.5   20s
  1099  1068 -12665.500  360 3856 -11904.000 -14086.531  18.3%  61.9   32s
  1100  1068 -13315.000  244 4032 -11904.000 -14023.260  17.8%  61.8   40s
  1102  1070 -12510.500  387 4207 -11904.000 -14004.953  17.6%  61.7   46s
  1110  1075 -13966.333  151 4405 -11904.000 -14002.090  17.6%  61.3   50s
  1111  1076 -12122.500  466 4745 -11904.000 -13762.749  15.6%  61.2   81s
  1112  1076 -13721.441   63 5075 -11904.000 -13721.441  15.3%  61.2  102s
  1113  1077 -13708.945  181 5233 -11904.000 -13708.945  15.2%  61.1  112s
  1114  1078 -13705.058  123 5343 -11904.000 -13705.058  15.1%  61.1  115s
  1117  1080 -13703.030  166 5498 -11904.000 -13703.030  15.1%  60.9  120s
  1125  1085 -13543.855  147 5904 -11904.000 -13543.855  13.8%  60.5  176s
  1126  1086 -12362.500  415 6112 -11904.000 -13512.759  13.5%  60.4  213s
  1127  1086 -13507.270   96 6197 -11904.000 -13507.270  13.5%  60.4  223s
  1128  1087 -13505.013   67 6318 -11904.000 -13505.013  13.4%  60.3  230s
  1130  1088 -13504.041   76 6446 -11904.000 -13504.041  13.4%  60.2  235s
  1137  1093 -12547.500  380 6781 -11904.000 -13384.559  12.4%  59.8  312s
  1138  1094 -12295.500  429 7229 -11904.000 -13358.141  12.2%  59.8  362s
  1139  1094 -12213.500  443 7344 -11904.000 -13352.803  12.2%  59.7  378s
  1140  1095 -13351.012   95 7454 -11904.000 -13351.012  12.2%  59.7  386s
  1141  1096 -13350.257   77 7418 -11904.000 -13350.257  12.1%  59.6  390s
  1144  1098 -12203.500  445 7482 -11904.000 -13349.756  12.1%  59.5  395s
  1147  1100 -13285.313  172 7590 -11904.000 -13285.313  11.6%  59.3  464s
  1148  1100 -13274.068  162 7713 -11904.000 -13274.068  11.5%  59.2  492s
  1149  1101 -12905.500  308 7754 -11904.000 -13271.393  11.5%  59.2  502s
  1150  1102 -12046.500  487 7838 -11904.000 -13270.684  11.5%  59.1  506s
  1152  1103 -11950.500  519 7910 -11904.000 -13270.274  11.5%  59.0  511s
  1156  1106 -13212.504  167 7902 -11904.000 -13212.504  11.0%  58.8  580s
  1157  1106 -13199.862  138 8107 -11904.000 -13199.862  10.9%  58.8  613s
  1158  1107 -13197.868  195 8223 -11904.000 -13197.868  10.9%  58.7  624s
  1159  1108 -12304.500  428 8249 -11904.000 -13197.359  10.9%  58.7  628s
  1160  1108 -12102.500  472 8317 -11904.000 -13197.186  10.9%  58.6  631s
  1164  1111 -13197.091  187 8377 -11904.000 -13197.091  10.9%  58.4  635s
  1165  1112 -13156.721  157 8269 -11904.000 -13156.721  10.5%  58.4  698s
  1166  1112 -12451.500  400 8655 -11904.000 -13147.197  10.4%  58.3  732s
  1167  1113 -12183.500  449 8636 -11904.000 -13145.408  10.4%  58.3  743s
  1168  1114 -13144.634  213 8735 -11904.000 -13144.634  10.4%  58.2  750s
  1170  1115 -11986.500  507 8772 -11904.000 -13144.307  10.4%  58.1  756s
  1174  1118 -12921.500  304 8792 -11904.000 -13144.273  10.4%  57.9  760s
  1175  1118 -12665.500  360 8782 -11904.000 -13110.774  10.1%  57.9  827s
  1176  1119 -12738.500  344 8874 -11904.000 -13103.383  10.1%  57.8  865s
  1177  1120 -13102.160   69 8884 -11904.000 -13102.160  10.1%  57.8  877s
  1178  1120 -13101.840    9 8947 -11904.000 -13101.840  10.1%  57.7  882s
  1179  1121 -13101.727  241 8956 -11904.000 -13101.727  10.1%  57.7  885s
  1183  1124 -13101.605  102 8978 -11904.000 -13101.605  10.1%  57.5  890s
  1185  1125 -13000.000  291 8945 -11904.000 -13079.088  9.87%  57.4  955s
  1186  1126 -13074.551  256 9057 -11904.000 -13074.551  9.83%  57.4  980s
  1187  1126 -12017.500  495 9078 -11904.000 -13073.619  9.83%  57.3  988s
  1188  1127 -13073.361  151 9089 -11904.000 -13073.361  9.82%  57.3  994s
  1189  1128 -12438.000  402 9122 -11904.000 -13073.305  9.82%  57.2  996s

Cutting planes:
  Gomory: 73
  MIR: 334
  Flow cover: 3080
  Zero half: 1114
  Mod-K: 76
  RLT: 408
  BQP: 560

Explored 1191 nodes (1022029 simplex iterations) in 1024.02 seconds (1365.08 work units)
Thread count was 1 (of 72 available processors)

Solution count 4: -11904 -11886 -3312 0 

Time limit reached
Best objective -1.190400000000e+04, best bound -1.307200000000e+04, gap 9.8118%

User-callback calls 10182, time in user-callback 0.05 sec

BQP_SOLUTION, 1940, 8884, -4184.000000, 1024.016753, 1, -1, 1, 1, 1, 1, 1, 1, 1, 1, -1, 1, -1, 1, -1, -1, 1, -1, 1, -1, -1, -1, 1, 1, 1, 1, -1, 1, 1, 1, 1, -1, 1, 1, 1, -1, 1, -1, -1, 1, -1, 1, 1, 1, -1, -1, 1, -1, 1, -1, 1, 1, 1, -1, 1, 1, -1, 1, 1, 1, -1, 1, -1, -1, 1, -1, 1, 1, -1, 1, 1, 1, 1, 1, -1, -1, 1, -1, 1, 1, -1, -1, 1, -1, -1, -1, 1, -1, 1, 1, -1, 1, -1, -1, -1, -1, -1, 1, 1, 1, 1, -1, -1, -1, -1, 1, 1, 1, 1, -1, 1, -1, -1, -1, 1, 1, 1, -1, 1, -1, 1, -1, -1, 1, 1, -1, 1, 1, 1, -1, -1, -1, 1, -1, 1, 1, 1, -1, 1, -1, 1, 1, -1, -1, -1, 1, -1, 1, -1, -1, -1, 1, 1, 1, 1, 1, -1, 1, -1, 1, 1, 1, 1, 1, -1, 1, -1, -1, 1, -1, -1, 1, 1, -1, 1, -1, -1, -1, -1, 1, 1, 1, 1, -1, -1, -1, -1, 1, 1, 1, 1, 1, -1, 1, -1, -1, -1, -1, 1, 1, -1, 1, 1, -1, -1, -1, -1, 1, 1, 1, 1, -1, -1, -1, 1, 1, 1, 1, 1, -1, -1, -1, 1, -1, 1, -1, -1, 1, -1, -1, -1, -1, 1, 1, -1, 1, 1, -1, 1, -1, -1, 1, 1, 1, 1, 1, -1, 1, -1, 1, 1, -1, -1, -1, 1, -1, -1, 1, -1, 1, -1, -1, -1, 1, -1, -1, -1, -1, 1, -1, -1, 1, 1, -1, 1, 1, -1, 1, -1, -1, 1, 1, -1, 1, 1, 1, 1, -1, -1, 1, 1, 1, 1, 1, -1, 1, 1, -1, 1, -1, 1, 1, 1, 1, 1, 1, -1, 1, 1, -1, 1, 1, -1, 1, -1, -1, 1, 1, 1, 1, 1, -1, -1, -1, 1, 1, 1, 1, 1, 1, -1, 1, -1, 1, 1, 1, 1, -1, 1, 1, -1, -1, 1, -1, 1, 1, -1, 1, -1, -1, -1, 1, -1, 1, 1, -1, 1, -1, -1, -1, 1, -1, -1, 1, -1, 1, 1, -1, -1, 1, 1, 1, 1, 1, 1, -1, -1, 1, -1, -1, 1, -1, 1, -1, -1, -1, -1, -1, -1, 1, 1, 1, 1, -1, 1, 1, -1, -1, 1, 1, 1, -1, -1, 1, 1, -1, 1, 1, -1, 1, -1, -1, -1, 1, 1, -1, -1, 1, -1, -1, -1, -1, 1, -1, -1, 1, 1, -1, -1, -1, 1, -1, -1, 1, -1, 1, -1, -1, -1, -1, 1, -1, 1, 1, -1, -1, 1, -1, -1, 1, -1, 1, 1, -1, -1, -1, -1, -1, 1, 1, 1, 1, 1, -1, -1, -1, 1, 1, -1, 1, 1, 1, -1, -1, -1, -1, 1, 1, -1, 1, 1, -1, -1, -1, 1, 1, -1, 1, 1, -1, -1, -1, -1, 1, -1, -1, 1, 1, -1, -1, 1, -1, -1, 1, 1, 1, 1, 1, -1, -1, -1, 1, 1, 1, 1, 1, 1, -1, 1, -1, -1, 1, 1, 1, 1, 1, -1, 1, -1, 1, 1, -1, 1, 1, 1, -1, 1, -1, 1, -1, 1, 1, 1, -1, -1, 1, -1, 1, 1, 1, 1, 1, 1, 1, -1, 1, 1, 1, -1, 1, 1, -1, 1, 1, -1, 1, 1, 1, 1, 1, -1, 1, 1, -1, 1, -1, 1, 1, 1, 1, 1, 1, -1, 1, 1, -1, 1, 1, -1, 1, 1, 1, 1, 1, -1, 1, 1, 1, 1, 1, -1, 1, 1, -1, -1, 1, 1, 1, 1, -1, 1, -1, -1, 1, 1, 1, -1, 1, -1, -1, 1, -1, 1, 1, 1, -1, 1, -1, 1, 1, -1, -1, 1, 1, 1, 1, -1, 1, 1, -1, -1, 1, 1, 1, -1, -1, 1, -1, -1, 1, 1, 1, 1, 1, -1, 1, -1, -1, 1, 1, 1, 1, -1, 1, 1, -1, -1, 1, 1, 1, 1, -1, 1, -1, 1, -1, 1, 1, 1, -1, -1, -1, 1, 1, 1, 1, 1, 1, 1, -1, -1, 1, 1, -1, 1, 1, -1, 1, 1, -1, 1, 1, -1, 1, 1, 1, -1, 1, -1, 1, 1, -1, 1, 1, -1, 1, 1, -1, -1, 1, 1, 1, 1, -1, 1, 1, -1, 1, 1, -1, 1, -1, 1, 1, 1, -1, -1, -1, 1, 1, 1, 1, 1, 1, -1, 1, 1, -1, 1, 1, -1, 1, 1, -1, 1, 1, 1, 1, -1, 1, 1, -1, 1, -1, 1, 1, -1, 1, 1, -1, 1, -1, -1, 1, -1, -1, 1, -1, -1, 1, -1, -1, 1, -1, -1, -1, 1, -1, 1, -1, 1, 1, -1, 1, -1, 1, 1, -1, -1, 1, 1, 1, -1, -1, -1, 1, -1, 1, -1, 1, -1, -1, -1, 1, -1, -1, 1, 1, 1, -1, -1, -1, 1, 1, -1, -1, 1, 1, -1, 1, -1, 1, -1, 1, 1, 1, -1, 1, -1, -1, 1, -1, 1, -1, 1, 1, -1, -1, -1, 1, -1, 1, -1, 1, 1, -1, 1, -1, 1, 1, -1, -1, 1, 1, 1, -1, -1, 1, -1, -1, 1, -1, -1, 1, -1, -1, 1, -1, -1, -1, -1, 1, 1, -1, -1, 1, 1, -1, -1, 1, 1, 1, -1, -1, 1, -1, -1, 1, -1, 1, 1, -1, -1, 1, 1, -1, 1, -1, 1, -1, 1, -1, 1, 1, -1, -1, 1, 1, 1, -1, -1, 1, 1, 1, -1, -1, 1, 1, -1, -1, 1, 1, -1, -1, -1, 1, 1, 1, -1, 1, 1, 1, 1, -1, 1, 1, 1, -1, 1, 1, 1, -1, -1, 1, 1, 1, 1, 1, -1, 1, -1, -1, 1, 1, 1, -1, 1, 1, 1, 1, 1, -1, 1, -1, -1, -1, 1, -1, 1, -1, -1, 1, -1, -1, 1, -1, -1, 1, 1, -1, 1, -1, -1, -1, -1, 1, 1, -1, 1, 1, -1, -1, 1, -1, -1, 1, -1, 1, -1, 1, 1, 1, -1, -1, 1, -1, 1, 1, -1, -1, -1, 1, 1, -1, -1, 1, 1, -1, 1, -1, -1, 1, 1, -1, 1, 1, -1, 1, -1, 1, -1, -1, -1, 1, 1, 1, -1, 1, -1, -1, 1, 1, 1, 1, -1, 1, -1, 1, 1, -1, -1, 1, 1, -1, -1, 1, 1, -1, -1, -1, 1, 1, 1, 1, 1, -1, 1, 1, -1, 1, 1, 1, -1, 1, -1, -1, -1, 1, -1, -1, 1, 1, -1, -1, 1, -1, -1, -1, 1, 1, 1, -1, -1, -1, -1, 1, -1, 1, -1, 1, -1, -1, -1, -1, 1, -1, -1, 1, 1, -1, -1, -1, -1, -1, 1, -1, 1, 1, 1, -1, 1, 1, -1, -1, -1, -1, 1, 1, -1, -1, 1, -1, -1, 1, 1, 1, -1, 1, -1, 1, -1, 1, -1, 1, -1, 1, -1, -1, 1, -1, 1, -1, 1, -1, 1, -1, 1, 1, -1, -1, 1, 1, -1, 1, -1, 1, 1, 1, -1, 1, 1, -1, 1, 1, 1, 1, -1, -1, 1, -1, 1, -1, 1, -1, 1, -1, -1, 1, -1, 1, -1, 1, -1, 1, -1, -1, 1, -1, 1, -1, 1, -1, 1, -1, 1, -1, -1, 1, 1, -1, 1, 1, -1, 1, -1, 1, -1, 1, -1, 1, 1, -1, 1, -1, -1, -1, 1, -1, 1, 1, -1, 1, -1, -1, -1, 1, -1, 1, -1, -1, 1, -1, 1, -1, 1, -1, 1, 1, -1, 1, -1, -1, -1, 1, -1, 1, 1, -1, -1, -1, -1, -1, 1, -1, 1, 1, -1, -1, 1, -1, -1, 1, -1, -1, 1, 1, -1, -1, -1, 1, -1, -1, -1, 1, 1, -1, -1, -1, -1, -1, 1, 1, -1, -1, -1, -1, -1, 1, -1, -1, 1, 1, -1, -1, -1, -1, -1, 1, -1, 1, 1, 1, 1, -1, -1, 1, 1, -1, 1, 1, 1, 1, 1, -1, -1, 1, 1, 1, -1, 1, -1, -1, -1, 1, 1, 1, -1, -1, 1, -1, -1, 1, 1, 1, 1, 1, 1, 1, -1, -1, -1, 1, 1, 1, -1, 1, 1, -1, -1, -1, -1, -1, 1, -1, -1, 1, -1, 1, -1, -1, 1, 1, -1, 1, -1, 1, -1, -1, 1, 1, 1, 1, 1, 1, -1, -1, -1, -1, 1, 1, -1, 1, -1, -1, -1, -1, 1, 1, 1, -1, 1, -1, -1, 1, -1, 1, 1, 1, -1, 1, -1, 1, -1, 1, -1, 1, 1, 1, 1, -1, 1, 1, -1, 1, 1, 1, 1, -1, -1, -1, 1, -1, -1, 1, 1, 1, 1, -1, 1, -1, -1, -1, 1, 1, 1, 1, -1, 1, -1, 1, -1, 1, 1, -1, 1, -1, -1, 1, -1, -1, 1, -1, 1, 1, 1, 1, 1, 1, -1, -1, 1, -1, 1, 1, -1, 1, 1, -1, 1, -1, 1, 1, 1, -1, 1, 1, -1, -1, 1, -1, 1, -1, -1, 1, -1, -1, -1, 1, -1, 1, -1, -1, 1, 1, -1, -1, -1, 1, 1, -1, 1, 1, -1, -1, -1, -1, 1, 1, -1, 1, 1, 1, -1, -1, -1, 1, 1, -1, 1, 1, -1, 1, -1, -1, 1, 1, -1, 1, 1, -1, -1, -1, -1, -1, 1, 1, -1, 1, -1, -1, -1, -1, -1, 1, 1, -1, 1, -1, 1, -1, -1, -1, 1, 1, 1, 1, 1, -1, 1, -1, 1, 1, 1, -1, 1, -1, -1, 1, -1, -1, 1, -1, 1, 1, -1, 1, -1, -1, -1, 1, 1, 1, 1, 1, -1, 1, -1, -1, -1, 1, -1, 1, -1, -1, -1, -1, 1, 1, -1, 1, -1, 1, -1, 1, 1, 1, 1, -1, 1, -1, -1, -1, -1, -1, -1, 1, -1, 1, -1, 1, 1, 1, 1, -1, 1, -1, 1, -1, 1, -1, 1, -1, -1, 1, 1, -1, 1, -1, -1, 1, -1, 1, -1, -1, -1, 1, -1, 1, 1, -1, -1, 1, 1, 1, 1, -1, 1, 1, -1, -1, -1, 1, -1, 1, -1, 1, -1, -1, -1, -1, 1, -1, 1, -1, 1, 1, -1, -1, 1, 1, -1, 1, 1, 1, 1, -1, -1, 1, -1, 1, 1, 1, 1, 1, 1, -1, -1, -1, 1, 1, -1, 1, 1, 1, -1, -1, 1, -1, 1, 1, 1, -1, -1, -1, 1, -1, 1, 1, 1, 1, 1, -1, -1, 1, -1, 1, 1, 1, -1, 1, 1, 1, 1, 1, 1, 1, 1, 1, 1, -1, -1, -1, -1, 1, 1, 1, -1, 1, 1, -1, 1, -1, 1, 1, 1, 1, 1, 1, -1, 1, -1, 1, 1, 1, 1, -1, 1, -1, 1, -1, 1, 1, 1, -1, 1, 1, -1, 1, -1, 1, 1, -1, 1, 1, 1, -1, 1, -1, 1, 1, 1, 1, -1, 1, 1, 1, 1, -1, 1, -1, 1, -1, 1, -1, -1, 1, 1, 1, 1, 1, -1, 1, -1, 1, 1, 1, -1, -1, 1, 1, 1, 1, -1, 1, 1, 1, -1, -1, 1, 1, -1, 1, -1, 1, -1, -1, 1, -1, -1, -1, 1, 1, 1, -1, 1, 1, 1, 1, 1, -1, 1, 1, 1, -1, 1, 1, -1, 1, -1, 1, 1, -1, -1, -1, 1, 1, 1, -1, 1, 1, 1, -1, 1, -1, 1, 1, -1, 1, 1, -1, 1, 1, 1, -1, 1, 1, -1, 1, 1, -1, -1, 1, 1, 1, 1, 1, 1, 1, -1, -1, 1, -1, 1, 1, 1, 1, 1, -1, 1, 1, -1, -1, 1, -1, 1, -1, 1, -1, 1, 1
BQP_DATA, 1940, 8884, -4184.000000, -5352.000000, -11904.000000, -13072.000000, 1024.016753, 4677, 1191
