Set parameter TSPort to value 51199
Set parameter TokenServer to value "open-license1.lanl.gov"
Set parameter TimeLimit to value 1024
Set parameter Threads to value 1
Gurobi Optimizer version 10.0.3 build v10.0.3rc0 (linux64)

CPU model: Intel(R) Xeon(R) CPU E5-2695 v4 @ 2.10GHz, instruction set [SSE2|AVX|AVX2]
Thread count: 36 physical cores, 72 logical processors, using up to 1 threads

Optimize a model with 0 rows, 1940 columns and 0 nonzeros
Model fingerprint: 0xbc6d9834
Model has 8870 quadratic objective terms
Variable types: 0 continuous, 1940 integer (1940 binary)
Coefficient statistics:
  Matrix range     [0e+00, 0e+00]
  Objective range  [2e+00, 3e+01]
  QObjective range [8e+00, 8e+00]
  Bounds range     [1e+00, 1e+00]
  RHS range        [0e+00, 0e+00]
Found heuristic solution: objective 0.0000000
Found heuristic solution: objective -3306.000000
Found heuristic solution: objective -12018.00000
Found heuristic solution: objective -12036.00000
Presolve time: 0.39s
Presolved: 8870 rows, 10810 columns, 26610 nonzeros
Variable types: 0 continuous, 10810 integer (10810 binary)

Root relaxation: objective -1.668700e+04, 2705 iterations, 0.04 seconds (0.02 work units)

    Nodes    |    Current Node    |     Objective Bounds      |     Work
 Expl Unexpl |  Obj  Depth IntInf | Incumbent    BestBd   Gap | It/Node Time

     0     0 -16687.000    0 1940 -12036.000 -16687.000  38.6%     -    0s
     0     0 -15535.000    0 2516 -12036.000 -15535.000  29.1%     -    1s
     0     0 -15453.000    0 2560 -12036.000 -15453.000  28.4%     -    1s
     0     0 -15449.000    0 2563 -12036.000 -15449.000  28.4%     -    1s
     0     0 -15176.167    0 2770 -12036.000 -15176.167  26.1%     -    1s
     0     0 -15176.167    0 2736 -12036.000 -15176.167  26.1%     -    2s
     0     2 -15176.167    0 2732 -12036.000 -15176.167  26.1%     -    3s
   113   115 -14672.500   57 3116 -12036.000 -15165.167  26.0%   118    5s
   472   474 -13311.000  236 3777 -12036.000 -15165.167  26.0%  87.0   10s
H  648   648                    -12040.00000 -15165.167  26.0%  79.3   12s
   795   797 -12441.500  399 3810 -12040.000 -15165.167  26.0%  74.0   15s
  1037  1005 -12458.500  397 4435 -12040.000 -15165.167  26.0%  65.7   21s
  1042  1008 -13876.000  160 3398 -12040.000 -14460.167  20.1%  65.4   26s
  1050  1014 -13459.000  214 4078 -12040.000 -14106.450  17.2%  64.9   40s
  1051  1014 -14032.424  136 4300 -12040.000 -14032.424  16.5%  64.8   52s
  1052  1015 -14019.641  129 4343 -12040.000 -14019.641  16.4%  64.7   56s
  1054  1016 -14012.529    6 4483 -12040.000 -14012.529  16.4%  64.6   60s
  1063  1022 -13233.000  248 5182 -12040.000 -13805.759  14.7%  64.1   99s
  1064  1023 -12353.500  420 5464 -12040.000 -13770.734  14.4%  64.0  121s
  1065  1024 -12589.500  366 5503 -12040.000 -13760.695  14.3%  63.9  133s
  1066  1024 -12113.000  488 5655 -12040.000 -13757.437  14.3%  63.9  136s
  1068  1026 -12231.000  448 5795 -12040.000 -13755.489  14.2%  63.8  140s
  1074  1030 -13585.884   13 6199 -12040.000 -13585.884  12.8%  63.4  201s
  1075  1030 -13240.000  247 6418 -12040.000 -13553.077  12.6%  63.4  241s
  1076  1031 -13543.505   35 6644 -12040.000 -13543.505  12.5%  63.3  256s
  1077  1032 -13540.856  119 6782 -12040.000 -13540.856  12.5%  63.2  263s
  1078  1032 -13021.833  284 6837 -12040.000 -13539.550  12.5%  63.2  268s
  1079  1033 -13538.935  165 6837 -12040.000 -13538.935  12.4%  63.1  271s
  1083  1036 -13314.000  236 6902 -12040.000 -13538.543  12.4%  62.9  275s
  1087  1038 -12441.500  400 7298 -12040.000 -13413.666  11.4%  62.7  358s
  1088  1039 -13390.591   69 7646 -12040.000 -13390.591  11.2%  62.6  409s
  1089  1040 -13384.807  201 7872 -12040.000 -13384.807  11.2%  62.5  428s
  1090  1040 -13383.418  201 7797 -12040.000 -13383.418  11.2%  62.5  435s
  1091  1041 -12076.500  498 7935 -12040.000 -13382.716  11.2%  62.4  440s
  1094  1043 -12333.000  424 8000 -12040.000 -13382.351  11.1%  62.3  445s
  1098  1046 -13099.000  271 8210 -12040.000 -13300.453  10.5%  62.0  534s
  1099  1046 -13286.830  113 8440 -12040.000 -13286.830  10.4%  62.0  582s
  1100  1047 -12391.500  412 8594 -12040.000 -13283.649  10.3%  61.9  598s
  1101  1048 -13282.457   23 8570 -12040.000 -13282.457  10.3%  61.9  607s
  1102  1048 -13282.076  124 8633 -12040.000 -13282.076  10.3%  61.8  611s
  1104  1050 -12589.500  366 8640 -12040.000 -13281.771  10.3%  61.7  616s
  1109  1053 -12993.000  288 8711 -12040.000 -13281.700  10.3%  61.4  620s
  1110  1054 -12157.500  473 8710 -12040.000 -13241.219  10.0%  61.4  693s
  1111  1054 -13233.060  208 8785 -12040.000 -13233.060  9.91%  61.3  726s
  1112  1055 -12575.500  371 8860 -12040.000 -13231.697  9.90%  61.2  736s
  1113  1056 -12138.500  478 8889 -12040.000 -13230.857  9.89%  61.2  745s
  1115  1057 -12373.500  415 8918 -12040.000 -13230.602  9.89%  61.1  750s
  1119  1060 -12135.500  478 8822 -12040.000 -13200.848  9.64%  60.9  822s
  1120  1060 -13194.049   74 8947 -12040.000 -13194.049  9.59%  60.8  859s
  1121  1061 -13192.827  100 8975 -12040.000 -13192.827  9.57%  60.8  869s
  1122  1062 -13192.362  172 9013 -12040.000 -13192.362  9.57%  60.7  876s
  1124  1063 -13192.195  109 9061 -12040.000 -13192.195  9.57%  60.6  880s
  1128  1066 -12747.500  331 9017 -12040.000 -13170.004  9.39%  60.4  946s
  1129  1066 -13166.185   71 9081 -12040.000 -13166.185  9.35%  60.3  976s
  1130  1067 -13165.351  252 9129 -12040.000 -13165.351  9.35%  60.3  985s
  1131  1068 -13165.127   97 9147 -12040.000 -13165.127  9.34%  60.2  990s
  1135  1070 -12710.500  338 9158 -12040.000 -13165.012  9.34%  60.0  996s

Cutting planes:
  Gomory: 93
  MIR: 352
  Flow cover: 2881
  Zero half: 1353
  Mod-K: 66
  RLT: 380
  BQP: 528

Explored 1135 nodes (1016603 simplex iterations) in 1024.01 seconds (1335.61 work units)
Thread count was 1 (of 72 available processors)

Solution count 5: -12040 -12036 -12018 ... 0

Time limit reached
Best objective -1.204000000000e+04, best bound -1.316400000000e+04, gap 9.3355%

User-callback calls 10064, time in user-callback 0.06 sec

BQP_SOLUTION, 1940, 8870, -4223.000000, 1024.005583, -1, 1, 1, 1, -1, 1, 1, 1, -1, 1, -1, -1, 1, -1, -1, 1, 1, -1, -1, 1, -1, 1, -1, 1, -1, -1, 1, -1, 1, 1, -1, -1, -1, 1, 1, -1, -1, -1, 1, -1, -1, 1, -1, 1, -1, -1, 1, -1, 1, -1, -1, 1, -1, -1, 1, -1, 1, -1, -1, -1, -1, -1, 1, -1, 1, 1, 1, -1, -1, -1, -1, -1, -1, -1, 1, -1, 1, -1, 1, -1, 1, -1, 1, 1, -1, 1, -1, -1, 1, -1, 1, -1, 1, -1, 1, -1, 1, -1, 1, 1, -1, 1, -1, -1, -1, 1, -1, 1, -1, 1, 1, -1, -1, 1, -1, 1, 1, -1, 1, 1, -1, -1, 1, -1, 1, -1, 1, 1, 1, 1, 1, 1, -1, 1, 1, -1, 1, 1, 1, -1, 1, -1, 1, 1, 1, -1, 1, -1, 1, 1, -1, -1, 1, 1, -1, 1, -1, 1, 1, -1, -1, 1, 1, -1, 1, 1, -1, 1, -1, 1, 1, 1, 1, -1, 1, 1, 1, -1, 1, 1, 1, 1, 1, 1, 1, 1, 1, 1, 1, 1, 1, 1, 1, 1, 1, 1, -1, 1, 1, -1, -1, 1, 1, 1, -1, 1, 1, 1, 1, -1, 1, -1, 1, -1, 1, 1, 1, -1, 1, 1, 1, -1, -1, 1, 1, 1, -1, 1, 1, 1, -1, 1, 1, 1, 1, -1, 1, 1, 1, -1, -1, -1, 1, 1, -1, 1, 1, 1, -1, -1, 1, 1, 1, -1, -1, 1, 1, -1, -1, 1, 1, 1, -1, 1, 1, 1, 1, -1, 1, 1, 1, -1, -1, 1, 1, 1, -1, 1, 1, 1, -1, 1, 1, 1, -1, -1, 1, 1, 1, 1, 1, 1, -1, -1, 1, -1, 1, -1, 1, -1, 1, 1, -1, -1, -1, 1, -1, -1, 1, 1, 1, -1, -1, 1, 1, -1, -1, -1, 1, 1, -1, -1, -1, 1, 1, -1, 1, 1, -1, -1, 1, -1, 1, -1, 1, -1, -1, 1, -1, -1, 1, 1, -1, -1, -1, -1, -1, -1, -1, 1, 1, -1, 1, -1, 1, -1, -1, -1, 1, 1, -1, 1, -1, 1, -1, 1, -1, -1, 1, -1, -1, 1, -1, -1, -1, 1, -1, 1, -1, 1, -1, -1, -1, -1, 1, -1, 1, 1, -1, -1, -1, 1, 1, 1, -1, 1, -1, 1, 1, -1, -1, 1, -1, -1, -1, 1, -1, 1, -1, -1, 1, 1, -1, -1, 1, 1, -1, -1, 1, 1, 1, -1, 1, 1, 1, -1, -1, 1, 1, 1, -1, 1, 1, -1, -1, 1, -1, 1, -1, -1, 1, 1, -1, -1, -1, -1, 1, -1, 1, 1, 1, -1, -1, 1, -1, 1, -1, -1, 1, 1, 1, -1, -1, -1, 1, 1, -1, -1, 1, -1, -1, 1, 1, 1, 1, -1, 1, -1, 1, -1, -1, -1, 1, 1, -1, -1, 1, -1, -1, 1, 1, -1, 1, -1, 1, -1, -1, -1, -1, 1, 1, 1, -1, 1, 1, 1, -1, -1, 1, -1, -1, 1, 1, -1, -1, -1, -1, 1, 1, 1, -1, 1, 1, -1, -1, -1, 1, 1, 1, -1, 1, -1, -1, -1, -1, 1, -1, 1, 1, 1, -1, 1, -1, 1, 1, -1, 1, -1, 1, -1, 1, -1, -1, 1, 1, -1, -1, 1, -1, 1, -1, 1, 1, -1, -1, 1, 1, -1, 1, -1, 1, 1, -1, 1, -1, 1, 1, 1, -1, -1, 1, -1, 1, -1, 1, 1, 1, -1, 1, 1, -1, -1, 1, 1, -1, -1, -1, 1, 1, -1, 1, -1, 1, -1, 1, -1, -1, 1, -1, -1, -1, -1, 1, -1, 1, -1, 1, -1, 1, -1, 1, 1, -1, -1, 1, 1, 1, -1, -1, 1, 1, 1, -1, -1, 1, -1, 1, -1, 1, 1, 1, -1, 1, 1, 1, 1, -1, 1, 1, -1, -1, 1, 1, 1, -1, 1, 1, 1, -1, -1, 1, 1, -1, -1, -1, 1, 1, -1, -1, 1, 1, 1, 1, -1, 1, 1, -1, 1, 1, 1, 1, -1, -1, 1, 1, -1, -1, 1, 1, 1, 1, -1, 1, 1, -1, -1, 1, 1, 1, 1, -1, 1, 1, 1, -1, 1, 1, 1, 1, -1, 1, 1, -1, -1, -1, 1, 1, -1, -1, 1, 1, -1, -1, 1, 1, 1, 1, -1, 1, 1, 1, -1, 1, -1, 1, 1, -1, -1, 1, 1, 1, -1, -1, -1, 1, 1, -1, 1, 1, -1, 1, 1, 1, 1, 1, 1, 1, 1, 1, 1, 1, 1, 1, 1, 1, 1, -1, 1, 1, -1, 1, -1, 1, 1, 1, 1, -1, 1, -1, 1, 1, 1, 1, -1, 1, -1, -1, 1, 1, 1, -1, 1, -1, 1, -1, 1, 1, -1, 1, -1, 1, 1, 1, 1, -1, -1, 1, -1, -1, 1, -1, 1, 1, 1, -1, -1, 1, 1, 1, -1, 1, -1, 1, 1, -1, 1, 1, 1, 1, 1, -1, -1, -1, 1, 1, 1, -1, -1, 1, 1, -1, -1, -1, 1, 1, 1, -1, 1, 1, -1, -1, 1, 1, -1, -1, -1, 1, 1, 1, 1, -1, 1, 1, 1, -1, 1, -1, 1, -1, 1, 1, 1, 1, 1, 1, 1, -1, -1, 1, 1, 1, -1, -1, 1, 1, 1, -1, 1, -1, 1, -1, -1, 1, 1, 1, 1, -1, 1, 1, -1, -1, 1, 1, 1, -1, 1, 1, 1, -1, -1, 1, 1, 1, -1, 1, 1, -1, -1, -1, 1, 1, -1, 1, 1, -1, 1, -1, 1, -1, 1, 1, 1, 1, -1, 1, -1, 1, 1, 1, -1, 1, 1, -1, 1, -1, -1, 1, 1, -1, 1, -1, 1, 1, -1, 1, 1, 1, -1, 1, -1, -1, 1, -1, 1, 1, 1, 1, 1, 1, -1, -1, -1, -1, 1, -1, 1, 1, -1, 1, -1, -1, -1, 1, -1, -1, 1, -1, -1, 1, -1, -1, -1, -1, 1, 1, -1, -1, -1, -1, -1, -1, -1, -1, -1, -1, -1, 1, -1, -1, -1, -1, -1, -1, -1, 1, -1, -1, -1, -1, 1, 1, -1, -1, 1, -1, -1, -1, -1, -1, -1, 1, -1, 1, -1, 1, -1, -1, -1, -1, 1, 1, 1, -1, -1, -1, -1, -1, -1, 1, -1, 1, 1, 1, -1, -1, -1, -1, -1, 1, -1, 1, 1, 1, -1, -1, -1, -1, 1, -1, 1, 1, 1, -1, -1, -1, -1, 1, 1, -1, 1, -1, 1, -1, -1, -1, 1, 1, -1, 1, -1, -1, -1, -1, -1, 1, -1, 1, 1, -1, 1, -1, -1, 1, 1, 1, 1, 1, -1, 1, -1, -1, -1, 1, 1, -1, 1, 1, 1, 1, -1, 1, 1, 1, -1, 1, 1, 1, -1, -1, -1, 1, -1, -1, 1, -1, 1, -1, -1, -1, -1, -1, 1, 1, -1, 1, 1, -1, -1, 1, 1, -1, 1, 1, -1, 1, -1, -1, -1, -1, -1, 1, 1, -1, 1, -1, -1, 1, -1, -1, 1, 1, -1, 1, -1, -1, 1, -1, -1, 1, 1, 1, 1, -1, -1, 1, 1, 1, 1, -1, 1, -1, -1, 1, -1, -1, 1, -1, 1, 1, -1, -1, 1, 1, -1, -1, 1, 1, 1, 1, 1, 1, -1, -1, 1, 1, -1, -1, 1, 1, -1, -1, 1, -1, 1, -1, -1, 1, 1, 1, -1, -1, 1, 1, 1, 1, 1, -1, 1, 1, -1, 1, 1, 1, -1, 1, 1, -1, -1, -1, -1, 1, -1, 1, 1, -1, 1, 1, -1, 1, -1, 1, -1, 1, 1, -1, 1, -1, -1, -1, 1, -1, 1, 1, 1, 1, -1, -1, 1, 1, 1, 1, -1, -1, 1, 1, -1, -1, 1, 1, 1, -1, -1, 1, -1, -1, -1, 1, 1, -1, -1, 1, 1, -1, 1, -1, 1, 1, 1, 1, -1, 1, -1, -1, 1, 1, 1, 1, 1, -1, 1, -1, 1, 1, 1, 1, -1, -1, -1, 1, -1, -1, 1, 1, 1, 1, -1, -1, 1, -1, -1, 1, 1, 1, 1, -1, -1, 1, -1, -1, 1, 1, 1, 1, -1, 1, 1, -1, -1, 1, 1, -1, 1, -1, -1, -1, -1, -1, 1, 1, 1, 1, -1, -1, 1, 1, -1, 1, 1, 1, 1, -1, -1, 1, 1, -1, 1, 1, 1, -1, 1, -1, -1, 1, -1, 1, 1, 1, 1, -1, -1, -1, 1, -1, 1, 1, 1, -1, -1, -1, 1, 1, -1, 1, 1, 1, -1, -1, -1, 1, -1, 1, 1, 1, -1, -1, -1, -1, 1, -1, -1, -1, 1, -1, 1, -1, -1, 1, -1, -1, 1, 1, -1, 1, 1, -1, 1, -1, -1, 1, 1, -1, -1, 1, -1, 1, -1, -1, 1, -1, -1, -1, 1, -1, 1, -1, -1, 1, -1, 1, -1, 1, -1, 1, -1, -1, 1, -1, -1, -1, 1, -1, 1, 1, -1, 1, -1, -1, 1, 1, -1, 1, 1, -1, 1, -1, -1, -1, -1, -1, 1, -1, -1, 1, -1, -1, -1, 1, -1, 1, -1, -1, 1, -1, -1, 1, -1, 1, 1, -1, -1, 1, -1, -1, -1, 1, 1, 1, -1, 1, 1, -1, -1, 1, -1, 1, 1, 1, 1, -1, -1, -1, -1, 1, 1, 1, -1, -1, 1, -1, -1, 1, -1, 1, 1, -1, -1, 1, -1, -1, -1, 1, -1, -1, -1, 1, 1, -1, -1, -1, 1, 1, -1, -1, 1, -1, -1, -1, -1, 1, -1, 1, -1, 1, 1, 1, 1, -1, -1, -1, -1, -1, 1, -1, 1, -1, -1, 1, 1, -1, -1, 1, 1, 1, -1, -1, -1, -1, 1, -1, 1, 1, -1, 1, -1, 1, 1, -1, 1, 1, -1, -1, -1, 1, 1, -1, 1, 1, 1, 1, 1, -1, -1, -1, 1, 1, 1, 1, -1, 1, 1, -1, 1, -1, -1, 1, 1, -1, 1, 1, -1, 1, -1, -1, 1, 1, -1, -1, 1, 1, 1, 1, -1, 1, 1, -1, -1, 1, -1, 1, -1, -1, 1, 1, -1, -1, 1, -1, -1, 1, 1, -1, 1, 1, -1, 1, -1, 1, -1, 1, 1, 1, 1, -1, 1, 1, 1, 1, -1, 1, 1, 1, -1, 1, -1, -1, 1, 1, -1, -1, 1, -1, 1, -1, 1, -1, -1, 1, -1, 1, -1, -1, -1, 1, -1, 1, 1, 1, -1, -1, -1, -1, 1, -1, 1, -1, 1, -1, -1, -1, -1, -1, 1, -1, -1, 1, 1, 1, 1, -1, 1, -1, 1, -1, 1, -1, -1, -1, 1, -1, 1, 1, -1, -1, 1, -1, -1, 1, -1, -1, 1, -1, 1, -1, -1, 1, 1, -1, 1, 1, -1, -1, 1, -1, 1, -1, -1, -1, -1, -1, 1, 1, -1, 1, -1, -1, 1, -1, 1, 1, -1, -1, 1, 1, -1, 1, 1, -1, -1, 1, -1, 1, 1, -1, -1, -1, -1, -1, 1, 1, 1, 1, -1, -1, 1, -1, 1, -1, 1, -1, 1, -1, 1, -1, -1, 1, 1, -1, 1, 1, -1, 1, -1, -1, 1, 1, 1, 1, 1, -1, 1, -1, -1, 1, 1, -1, 1, -1, -1, 1, -1, -1, -1, 1, -1, 1, 1, -1, 1, -1, -1, 1, -1, 1, 1, 1, -1, 1, 1, -1, -1, 1, 1, 1, 1, -1, 1, 1, -1, -1, 1, 1, -1, 1, -1, -1, -1, 1, -1, -1, 1, -1, 1, -1, 1, 1, -1, 1, -1, 1, -1, 1, -1, -1, 1, -1, -1, 1, 1, 1, 1, 1, -1, 1, -1, -1, 1, 1, -1, 1, -1, 1, 1, 1, -1, 1, -1, 1, 1, -1, -1
BQP_DATA, 1940, 8870, -4223.000000, -5347.000000, -12040.000000, -13164.000000, 1024.005583, 4745, 1135
