using d-wave endpoint provided in data file: https://cloud.dwavesys.com/sapi
using d-wave solver name provided in data file: Advantage_system4.1
found d-wave chip id in data file: Advantage_system4.1
d-wave parameters:
  auto_scale - False
  num_reads - 2560
  num_spin_reversal_transforms - 25
  annealing_time - 62.5
-198.000000 - 191
-198.000000 - 417
-198.000000 - 387
-198.000000 - 295
-198.000000 - 279
-198.000000 - 456
-198.000000 - 418
-196.000000 - 4
-196.000000 - 3
-196.000000 - 1
-196.000000 - 2
-196.000000 - 3
-196.000000 - 5
-196.000000 - 1
-196.000000 - 7
-196.000000 - 5
-196.000000 - 1
-196.000000 - 1
-196.000000 - 2
-196.000000 - 1
-196.000000 - 1
-196.000000 - 1
-196.000000 - 2
-196.000000 - 1
-196.000000 - 1
-196.000000 - 1
-196.000000 - 1
-196.000000 - 1
-196.000000 - 5
-196.000000 - 1
-196.000000 - 2
-196.000000 - 1
-196.000000 - 1
-196.000000 - 7
-196.000000 - 6
-196.000000 - 1
-196.000000 - 3
-196.000000 - 1
-196.000000 - 3
-196.000000 - 1
-196.000000 - 4
-196.000000 - 1
-196.000000 - 1
-196.000000 - 1
-196.000000 - 1
-196.000000 - 3
-196.000000 - 2
-196.000000 - 1
-196.000000 - 3
-196.000000 - 1
-196.000000 - 1
-196.000000 - 2
showed 50 of 68

BQP_SOLUTION, 96, 356, -198.000000, 0.827251, 1, -1, -1, 1, -1, -1, 1, -1, -1, 1, 1, -1, -1, -1, 1, -1, 1, -1, 1, -1, -1, -1, 1, -1, 1, -1, 1, -1, 1, -1, 1, -1, 1, -1, 1, -1, 1, -1, 1, -1, 1, 1, -1, 1, 1, 1, 1, -1, 1, 1, -1, 1, -1, -1, -1, -1, -1, -1, -1, -1, 1, -1, 1, -1, 1, -1, -1, -1, 1, 1, 1, 1, 1, -1, -1, -1, 1, -1, 1, 1, 1, -1, 1, 1, 1, 1, 1, 1, 1, -1, 1, 1, 1, 1, 1, 1
BQP_DATA, 96, 356, -198.000000, -438.000000, -198.000000, -438.000000, 0.827251, 0, 2560, 0.000652, 0.036807, 0.620768, 3.104206, 3.762434
