using d-wave endpoint provided in data file: https://cloud.dwavesys.com/sapi
using d-wave solver name provided in data file: Advantage_system4.1
found d-wave chip id in data file: Advantage_system4.1
d-wave parameters:
  auto_scale - False
  num_reads - 2560
  num_spin_reversal_transforms - 25
  annealing_time - 62.5
-209.000000 - 300
-209.000000 - 134
-209.000000 - 170
-209.000000 - 105
-209.000000 - 192
-209.000000 - 97
-209.000000 - 120
-209.000000 - 91
-209.000000 - 293
-209.000000 - 136
-209.000000 - 208
-209.000000 - 112
-209.000000 - 185
-209.000000 - 87
-209.000000 - 136
-209.000000 - 74
-207.000000 - 1
-207.000000 - 1
-207.000000 - 2
-207.000000 - 1
-207.000000 - 1
-207.000000 - 1
-207.000000 - 2
-207.000000 - 1
-207.000000 - 1
-207.000000 - 1
-207.000000 - 1
-207.000000 - 2
-207.000000 - 1
-207.000000 - 2
-207.000000 - 2
-207.000000 - 2
-207.000000 - 1
-207.000000 - 2
-207.000000 - 1
-207.000000 - 1
-207.000000 - 1
-207.000000 - 1
-207.000000 - 1
-207.000000 - 1
-207.000000 - 1
-207.000000 - 1
-207.000000 - 1
-207.000000 - 3
-207.000000 - 1
-207.000000 - 1
-207.000000 - 1
-207.000000 - 2
-207.000000 - 1
-207.000000 - 1
-207.000000 - 1
-207.000000 - 1
showed 50 of 114

BQP_SOLUTION, 96, 344, -209.000000, 0.827231, 1, 1, 1, -1, 1, 1, 1, 1, -1, 1, 1, -1, 1, 1, 1, 1, 1, 1, 1, 1, 1, 1, 1, -1, 1, 1, 1, 1, 1, 1, -1, -1, 1, -1, -1, 1, -1, -1, 1, -1, -1, -1, -1, -1, 1, -1, -1, 1, 1, 1, -1, 1, -1, -1, -1, 1, -1, 1, -1, 1, -1, 1, -1, 1, -1, -1, -1, -1, -1, -1, -1, 1, -1, 1, -1, 1, -1, 1, -1, 1, -1, 1, -1, 1, 1, 1, -1, 1, -1, -1, -1, 1, -1, 1, 1, -1
BQP_DATA, 96, 344, -209.000000, -431.000000, -209.000000, -431.000000, 0.827231, 0, 2560, 0.000806, 0.034243, 0.649513, 4.144317, 4.828880
