using d-wave endpoint provided in data file: https://cloud.dwavesys.com/sapi
using d-wave solver name provided in data file: Advantage_system4.1
found d-wave chip id in data file: Advantage_system4.1
d-wave parameters:
  auto_scale - False
  num_reads - 2560
  num_spin_reversal_transforms - 25
  annealing_time - 62.5
-202.000000 - 299
-202.000000 - 189
-202.000000 - 171
-202.000000 - 138
-202.000000 - 140
-202.000000 - 211
-202.000000 - 171
-202.000000 - 177
-202.000000 - 131
-202.000000 - 140
-202.000000 - 149
-202.000000 - 92
-202.000000 - 75
-202.000000 - 104
-202.000000 - 79
-202.000000 - 72
-200.000000 - 1
-200.000000 - 1
-200.000000 - 1
-200.000000 - 1
-200.000000 - 1
-200.000000 - 1
-200.000000 - 1
-200.000000 - 1
-200.000000 - 2
-200.000000 - 1
-200.000000 - 1
-200.000000 - 2
-200.000000 - 1
-200.000000 - 1
-200.000000 - 1
-200.000000 - 1
-200.000000 - 1
-200.000000 - 1
-200.000000 - 1
-200.000000 - 1
-200.000000 - 1
-200.000000 - 1
-200.000000 - 1
-200.000000 - 1
-200.000000 - 2
-200.000000 - 1
-200.000000 - 1
-200.000000 - 1
-200.000000 - 1
-200.000000 - 2
-200.000000 - 1
-200.000000 - 1
-198.000000 - 1
-198.000000 - 1
-198.000000 - 2
-198.000000 - 1
showed 50 of 94

BQP_SOLUTION, 96, 339, -202.000000, 0.827245, -1, 1, -1, 1, -1, 1, -1, 1, -1, 1, -1, -1, -1, 1, -1, -1, -1, 1, 1, -1, -1, 1, -1, 1, 1, -1, -1, -1, 1, -1, 1, -1, 1, -1, 1, 1, 1, -1, 1, -1, 1, 1, 1, 1, 1, 1, 1, -1, 1, -1, 1, -1, 1, -1, -1, -1, 1, -1, 1, 1, -1, -1, 1, -1, 1, -1, 1, -1, 1, -1, 1, -1, 1, -1, -1, 1, 1, 1, 1, -1, -1, 1, 1, 1, 1, 1, 1, 1, -1, 1, -1, 1, -1, 1, 1, 1
BQP_DATA, 96, 339, -202.000000, -416.000000, -202.000000, -416.000000, 0.827245, 0, 2560, 0.000670, 0.037448, 0.632542, 2.203470, 2.874131
