Set parameter TSPort to value 51199
Set parameter TokenServer to value "open-license1.lanl.gov"
Set parameter TimeLimit to value 8
Set parameter Threads to value 1
Gurobi Optimizer version 10.0.3 build v10.0.3rc0 (linux64)

CPU model: Intel(R) Xeon(R) CPU E5-2695 v4 @ 2.10GHz, instruction set [SSE2|AVX|AVX2]
Thread count: 36 physical cores, 72 logical processors, using up to 1 threads

Optimize a model with 0 rows, 215 columns and 0 nonzeros
Model fingerprint: 0xb37450d0
Model has 836 quadratic objective terms
Variable types: 0 continuous, 215 integer (215 binary)
Coefficient statistics:
  Matrix range     [0e+00, 0e+00]
  Objective range  [2e+00, 2e+01]
  QObjective range [8e+00, 8e+00]
  Bounds range     [1e+00, 1e+00]
  RHS range        [0e+00, 0e+00]
Found heuristic solution: objective 0.0000000
Found heuristic solution: objective -368.0000000
Found heuristic solution: objective -1204.000000
Presolve time: 0.32s
Presolved: 836 rows, 1051 columns, 2508 nonzeros
Variable types: 0 continuous, 1051 integer (1051 binary)

Root relaxation: objective -1.590000e+03, 259 iterations, 0.00 seconds (0.00 work units)

    Nodes    |    Current Node    |     Objective Bounds      |     Work
 Expl Unexpl |  Obj  Depth IntInf | Incumbent    BestBd   Gap | It/Node Time

     0     0 -1590.0000    0  215 -1204.0000 -1590.0000  32.1%     -    0s
     0     0 -1424.0000    0  298 -1204.0000 -1424.0000  18.3%     -    0s
     0     0 -1422.0000    0  299 -1204.0000 -1422.0000  18.1%     -    0s
     0     0 -1380.2000    0  356 -1204.0000 -1380.2000  14.6%     -    0s
     0     0 -1380.2000    0  350 -1204.0000 -1380.2000  14.6%     -    0s
     0     2 -1380.1000    0  350 -1204.0000 -1380.1000  14.6%     -    0s
   563   496 -1247.0000   26  834 -1204.0000 -1273.5060  5.77%  67.4    5s

Cutting planes:
  Gomory: 18
  MIR: 54
  Flow cover: 27
  Zero half: 448
  RLT: 32
  BQP: 50

Explored 602 nodes (67807 simplex iterations) in 8.00 seconds (6.67 work units)
Thread count was 1 (of 72 available processors)

Solution count 3: -1204 -368 0 

Time limit reached
Best objective -1.204000000000e+03, best bound -1.260000000000e+03, gap 4.6512%

User-callback calls 3030, time in user-callback 0.01 sec

BQP_SOLUTION, 215, 836, -450.000000, 8.000493, -1, 1, -1, 1, -1, 1, -1, 1, -1, -1, -1, 1, 1, -1, -1, -1, -1, -1, 1, -1, -1, -1, 1, -1, 1, -1, 1, -1, 1, -1, -1, -1, 1, 1, -1, 1, -1, -1, 1, -1, 1, -1, 1, -1, -1, -1, -1, 1, -1, 1, -1, -1, -1, 1, 1, -1, 1, 1, -1, 1, 1, -1, 1, 1, 1, -1, 1, -1, 1, 1, 1, 1, 1, -1, 1, 1, -1, 1, 1, -1, 1, 1, 1, -1, 1, 1, -1, 1, 1, 1, 1, 1, -1, -1, 1, 1, 1, 1, 1, 1, -1, 1, 1, 1, 1, 1, -1, 1, -1, 1, -1, -1, -1, 1, -1, 1, 1, -1, 1, 1, 1, 1, 1, -1, -1, 1, 1, -1, 1, -1, -1, 1, -1, -1, 1, 1, -1, 1, 1, -1, 1, 1, -1, 1, 1, 1, 1, -1, -1, 1, 1, -1, -1, 1, -1, 1, 1, -1, 1, 1, -1, 1, 1, -1, -1, 1, -1, 1, 1, -1, 1, 1, -1, 1, 1, -1, 1, -1, 1, 1, 1, -1, 1, -1, 1, 1, -1, 1, 1, -1, -1, 1, -1, 1, -1, -1, -1, 1, -1, 1, -1, 1, 1, 1, -1, 1, 1, -1, -1, 1, 1, 1, 1, 1, -1
BQP_DATA, 215, 836, -450.000000, -506.000000, -1204.000000, -1260.000000, 8.000493, 547, 602
