Set parameter TSPort to value 51199
Set parameter TokenServer to value "open-license1.lanl.gov"
Set parameter TimeLimit to value 4096
Set parameter Threads to value 1
Gurobi Optimizer version 10.0.3 build v10.0.3rc0 (linux64)

CPU model: Intel(R) Xeon(R) CPU E5-2695 v4 @ 2.10GHz, instruction set [SSE2|AVX|AVX2]
Thread count: 36 physical cores, 72 logical processors, using up to 1 threads

Optimize a model with 0 rows, 862 columns and 0 nonzeros
Model fingerprint: 0xee2c0331
Model has 3827 quadratic objective terms
Variable types: 0 continuous, 862 integer (862 binary)
Coefficient statistics:
  Matrix range     [0e+00, 0e+00]
  Objective range  [2e+00, 3e+01]
  QObjective range [8e+00, 8e+00]
  Bounds range     [1e+00, 1e+00]
  RHS range        [0e+00, 0e+00]
Found heuristic solution: objective 0.0000000
Found heuristic solution: objective -1456.000000
Found heuristic solution: objective -5158.000000
Found heuristic solution: objective -5178.000000
Presolve time: 0.25s
Presolved: 3827 rows, 4689 columns, 11481 nonzeros
Variable types: 0 continuous, 4689 integer (4689 binary)

Root relaxation: objective -7.146000e+03, 1048 iterations, 0.02 seconds (0.01 work units)

    Nodes    |    Current Node    |     Objective Bounds      |     Work
 Expl Unexpl |  Obj  Depth IntInf | Incumbent    BestBd   Gap | It/Node Time

     0     0 -7146.0000    0  862 -5178.0000 -7146.0000  38.0%     -    0s
     0     0 -6508.0000    0 1196 -5178.0000 -6508.0000  25.7%     -    0s
     0     0 -6504.0000    0 1198 -5178.0000 -6504.0000  25.6%     -    0s
     0     0 -6387.5000    0 1280 -5178.0000 -6387.5000  23.4%     -    1s
     0     0 -6387.5000    0 1264 -5178.0000 -6387.5000  23.4%     -    1s
     0     2 -6387.5000    0 1264 -5178.0000 -6387.5000  23.4%     -    1s
   434   414 -6314.5000    7 1308 -5178.0000 -6374.5000  23.1%  79.1    5s
   520   496 -5947.0000   55 1949 -5178.0000 -5971.3232  15.3%  82.7   11s
   531   503 -5838.8536   12 2419 -5178.0000 -5838.8536  12.8%  81.0   21s
   533   505 -5339.0000  158 2662 -5178.0000 -5819.3404  12.4%  80.7   25s
   542   511 -5270.0000  177 2945 -5178.0000 -5756.8691  11.2%  79.4   35s
   543   511 -5321.5000  161 3154 -5178.0000 -5743.4374  10.9%  79.2   41s
   548   515 -5188.5000  204 3301 -5178.0000 -5737.8959  10.8%  78.5   45s
   552   517 -5692.7696   45 3535 -5178.0000 -5692.7696  9.94%  77.9   57s
   553   518 -5685.8671   15 3671 -5178.0000 -5685.8671  9.81%  77.8   61s
   557   521 -5683.4096   90 3705 -5178.0000 -5683.4096  9.76%  77.2   65s
   561   523 -5654.5090   49 3795 -5178.0000 -5654.5090  9.20%  76.7   77s
   562   524 -5360.5000  153 3855 -5178.0000 -5649.6273  9.11%  76.5   81s
   567   527 -5376.5000  146 3931 -5178.0000 -5647.7683  9.07%  75.9   85s
   570   529 -5234.0000  187 3847 -5178.0000 -5635.5234  8.84%  75.5   94s
   571   530 -5387.5000  144 3916 -5178.0000 -5632.7635  8.78%  75.3   97s
   577   534 -5632.0710   33 3971 -5178.0000 -5632.0710  8.77%  74.5  100s
   578   535 -5394.5000  141 3903 -5178.0000 -5620.4675  8.55%  74.4  107s
   579   535 -5618.2934   29 3944 -5178.0000 -5618.2934  8.50%  74.3  110s
   585   539 -5610.8453   78 3965 -5178.0000 -5610.8453  8.36%  73.5  118s
   586   540 -5188.5000  204 3994 -5178.0000 -5609.2810  8.33%  73.4  121s
   593   545 -5603.8331   41 4025 -5178.0000 -5603.8331  8.22%  72.5  129s
   594   545 -5602.4595   40 4031 -5178.0000 -5602.4595  8.20%  72.4  131s
   599   549 -5598.6106   82 4016 -5178.0000 -5598.6106  8.12%  71.8  137s
   604   552 -5366.5000  150 4078 -5178.0000 -5597.7185  8.11%  71.2  140s
   605   553 -5592.7429  105 4013 -5178.0000 -5592.7429  8.01%  71.1  145s
   610   556 -5590.9902   53 4101 -5178.0000 -5590.9902  7.98%  70.5  150s
   612   557 -5586.6793   15 4056 -5178.0000 -5586.6793  7.89%  70.3  155s
   619   562 -5582.9514   18 4074 -5178.0000 -5582.9514  7.82%  69.5  163s
   620   563 -5582.1219   55 4095 -5178.0000 -5582.1219  7.80%  69.4  165s
   626   567 -5279.5000  176 4111 -5178.0000 -5579.7854  7.76%  68.7  171s
   632   571 -5578.7919   27 4125 -5178.0000 -5578.7919  7.74%  68.1  175s
   634   572 -5574.7462   11 4147 -5178.0000 -5574.7462  7.66%  67.8  181s
   640   576 -5366.5000  150 4134 -5178.0000 -5571.9184  7.61%  67.2  187s
   645   579 -5571.2163   24 4168 -5178.0000 -5571.2163  7.59%  66.7  190s
   648   581 -5188.5000  204 4148 -5178.0000 -5567.5517  7.52%  66.4  196s
   654   585 -5565.8375   91 4144 -5178.0000 -5565.8375  7.49%  65.8  200s
   661   590 -5562.8453   49 4163 -5178.0000 -5562.8453  7.43%  65.1  208s
   663   591 -5562.2468   95 4174 -5178.0000 -5562.2468  7.42%  64.9  210s
   669   595 -5560.6280   24 4182 -5178.0000 -5560.6280  7.39%  64.3  215s
   674   599 -5415.5000  137 4188 -5178.0000 -5558.6726  7.35%  63.8  220s
   679   602 -5557.0241   29 4169 -5178.0000 -5557.0241  7.32%  63.3  225s
   685   606 -5555.5684   78 4195 -5178.0000 -5555.5684  7.29%  62.8  230s
   702   619 -5555.1053   45 2608 -5178.0000 -5555.1053  7.28%   673  242s
   703   619 -5437.5000  133 3925 -5178.0000 -5555.1053  7.28%   672  263s
   704   620 -5366.5000  150 4052 -5178.0000 -5555.1053  7.28%   671  276s
   705   621 -5555.1053  105 4130 -5178.0000 -5555.1053  7.28%   670  283s
   706   621 -5290.0000  171 4180 -5178.0000 -5555.1053  7.28%   669  286s
   712   625 -5555.1053   15 4223 -5178.0000 -5555.1053  7.28%   663  290s
   713   626 -5551.6085    5 4170 -5178.0000 -5551.6085  7.22%   663  296s
   720   631 -5548.8534   55 4179 -5178.0000 -5548.8534  7.16%   656  303s
   721   631 -5548.1509    8 4178 -5178.0000 -5548.1509  7.15%   655  305s
   727   635 -5545.3327   44 4172 -5178.0000 -5545.3327  7.09%   650  312s
   730   637 -5402.5000  140 4215 -5178.0000 -5544.8095  7.08%   647  315s
   733   639 -5339.0000  158 4191 -5178.0000 -5542.7391  7.04%   644  320s
   738   643 -5540.3016    8 4199 -5178.0000 -5540.3016  7.00%   640  327s
   742   645 -5270.0000  177 4246 -5178.0000 -5539.9382  6.99%   637  331s
   743   646 -5321.5000  161 4232 -5178.0000 -5538.1839  6.96%   636  335s
   749   650 -5536.2669    4 4244 -5178.0000 -5536.2669  6.92%   631  342s
   754   653 -5535.9352   91 4284 -5178.0000 -5535.9352  6.91%   626  345s
   760   657 -5534.6805   42 4283 -5178.0000 -5534.6805  6.89%   622  351s
   765   661 -5335.5000  159 4298 -5178.0000 -5533.5684  6.87%   617  356s
   767   662 -5376.5000  146 4280 -5178.0000 -5531.7636  6.83%   616  360s
   773   666 -5530.4043   40 4275 -5178.0000 -5530.4043  6.81%   611  366s
   778   669 -5394.5000  141 4306 -5178.0000 -5529.9363  6.80%   607  370s
   780   671 -5406.5000  139 4283 -5178.0000 -5528.2092  6.76%   606  375s
   785   674 -5526.8758   78 4280 -5178.0000 -5526.8758  6.74%   602  381s
   791   678 -5387.5000  144 4320 -5178.0000 -5526.4858  6.73%   597  385s
   794   680 -5525.1035   40 4302 -5178.0000 -5525.1035  6.70%   595  390s
   800   684 -5301.5000  167 4329 -5178.0000 -5524.2225  6.69%   590  395s
   810   691 -5523.0296   53 4306 -5178.0000 -5523.0296  6.66%   583  401s
   816   695 -5522.5048   35 4326 -5178.0000 -5522.5048  6.65%   579  406s
   823   699 -5521.9959   13 4344 -5178.0000 -5521.9959  6.64%   574  410s
   832   705 -5521.1573   27 4337 -5178.0000 -5521.1573  6.63%   568  415s
   838   709 -5520.4748    8 4347 -5178.0000 -5520.4748  6.61%   564  420s
   849   717 -5519.7111    4 4315 -5178.0000 -5519.7111  6.60%   556  426s
   854   720 -5519.0949   91 4302 -5178.0000 -5519.0949  6.59%   553  430s
   862   725 -5360.5000  153 4333 -5178.0000 -5518.2951  6.57%   548  435s
   870   731 -5234.0000  187 4337 -5178.0000 -5517.4523  6.56%   543  441s
   876   735 -5516.9211   24 4347 -5178.0000 -5516.9211  6.55%   539  445s
   884   740 -5516.1735    4 4322 -5178.0000 -5516.1735  6.53%   534  450s
   893   746 -5515.7111   41 4344 -5178.0000 -5515.7111  6.52%   529  455s
   898   749 -5514.6753    5 4354 -5178.0000 -5514.6753  6.50%   526  460s
   905   754 -5514.1142  105 4376 -5178.0000 -5514.1142  6.49%   522  465s
   909   757 -5263.5000  180 4359 -5178.0000 -5513.2748  6.47%   520  470s
   916   761 -5512.6750   35 4382 -5178.0000 -5512.6750  6.46%   516  475s
   924   767 -5512.2063   24 4392 -5178.0000 -5512.2063  6.45%   511  480s
   932   772 -5511.4154   27 4375 -5178.0000 -5511.4154  6.44%   507  486s
   939   777 -5511.1484   15 4399 -5178.0000 -5511.1484  6.43%   503  490s
   947   782 -5379.5000  145 4383 -5178.0000 -5510.8208  6.43%   499  495s
   956   788 -5510.0452   17 4372 -5178.0000 -5510.0452  6.41%   494  501s
   961   791 -5509.5882   49 4385 -5178.0000 -5509.5882  6.40%   492  505s
   970   797 -5234.0000  187 4406 -5178.0000 -5509.3746  6.40%   487  510s
   976   801 -5508.8202   24 4400 -5178.0000 -5508.8202  6.39%   484  515s
   986   808 -5188.5000  204 4397 -5178.0000 -5508.5089  6.38%   479  520s
   997   815 -5508.4427    5 4368 -5178.0000 -5508.4427  6.38%   474  526s
   998   816 -5508.4427    5 4368 -5178.0000 -5508.4427  6.38%   473  677s
   999   819 -5505.2707   21 4312 -5178.0000 -5508.3738  6.38%   956  683s
  1000   819 -5506.0308   21 4316 -5178.0000 -5506.0308  6.34%   962  687s
  1001   820 -5503.8602   22 4295 -5178.0000 -5506.0308  6.34%   967  691s
  1002   821 -5503.1085   22 4292 -5178.0000 -5505.2112  6.32%   975  696s
  1003   821 -5501.2646   23 4267 -5178.0000 -5505.2112  6.32%   980  700s
  1005   823 -5498.3506   24 4224 -5178.0000 -5505.2112  6.32%   992  708s
  1006   823 -5499.1085   24 4216 -5178.0000 -5505.2112  6.32%   997  712s
  1007   824 -5495.7796   25 4185 -5178.0000 -5505.2112  6.32%  1001  716s
  1009   825 -5494.3329   26 4170 -5178.0000 -5505.2112  6.32%  1007  722s
  1010   826 -5494.2540   26 4176 -5178.0000 -5505.2112  6.32%  1014  727s
  1012   827 -5490.3696   27 4178 -5178.0000 -5505.2112  6.32%  1016  731s
  1015   829 -5485.3242   29 4114 -5178.0000 -5505.2112  6.32%  1021  737s
  1017   831 -5482.0822   30 4112 -5178.0000 -5505.2112  6.32%  1024  740s
  1018   831 -5482.0282   30 4085 -5178.0000 -5505.2112  6.32%  1030  745s
  1021   833 -5478.8127   32 4055 -5178.0000 -5505.2112  6.32%  1035  751s
  1024   835 -5476.4858   33 4021 -5178.0000 -5505.2112  6.32%  1038  755s
  1026   837 -5472.6793   34 4016 -5178.0000 -5505.2112  6.32%  1044  760s
  1028   838 -5467.5066   35 3981 -5178.0000 -5505.2112  6.32%  1053  768s
  1030   839 -5466.1925   36 3982 -5178.0000 -5505.2112  6.32%  1056  771s
  1032   841 -5468.3452   37 3968 -5178.0000 -5505.2112  6.32%  1061  775s
  1035   843 -5465.7224   39 3865 -5178.0000 -5505.2112  6.32%  1069  782s
  1036   843 -5464.9124   39 3856 -5178.0000 -5505.2112  6.32%  1074  785s
  1038   845 -5460.5647   40 3847 -5178.0000 -5505.2112  6.32%  1080  790s
  1041   847 -5458.6497   42 3825 -5178.0000 -5505.2112  6.32%  1090  797s
  1043   848 -5456.5777   43 3804 -5178.0000 -5505.2112  6.32%  1091  800s
  1048   851 -5449.9604   45 3798 -5178.0000 -5505.2112  6.32%  1096  805s
  1050   853 -5449.3819   46 3768 -5178.0000 -5505.2112  6.32%  1101  810s
  1054   855 -5445.9181   48 3733 -5178.0000 -5505.2112  6.32%  1110  817s
  1056   857 -5443.3401   49 3742 -5178.0000 -5505.2112  6.32%  1112  820s
  1060   859 -5440.4417   51 3688 -5178.0000 -5505.2112  6.32%  1122  827s
  1062   861 -5437.9195   52 3651 -5178.0000 -5505.2112  6.32%  1125  830s
  1065   863 -5433.6109   54 3618 -5178.0000 -5505.2112  6.32%  1130  835s
  1069   865 -5429.5281   56 3560 -5178.0000 -5505.2112  6.32%  1137  840s
  1073   868 -5424.5720   58 3533 -5178.0000 -5505.2112  6.32%  1141  845s
  1077   871 -5420.2701   60 3487 -5178.0000 -5505.2112  6.32%  1147  851s
  1082   874 -5415.4044   62 3486 -5178.0000 -5505.2112  6.32%  1150  855s
  1087   877 -5408.0332   65 3428 -5178.0000 -5505.2112  6.32%  1155  860s
  1092   881 -5404.0788   67 3395 -5178.0000 -5505.2112  6.32%  1159  865s
  1096   883 -5395.0613   69 3383 -5178.0000 -5505.2112  6.32%  1167  871s
  1101   887 -5392.6237   72 3357 -5178.0000 -5505.2112  6.32%  1170  875s
  1106   890 -5386.2190   74 3309 -5178.0000 -5505.2112  6.32%  1176  881s
  1113   895 -5379.1501   78 3259 -5178.0000 -5505.2112  6.32%  1177  885s
  1122   901 -5369.1762   82 3183 -5178.0000 -5505.2112  6.32%  1177  890s
  1134   909 -5354.8806   88 3162 -5178.0000 -5505.2112  6.32%  1174  895s
  1147   917 -5345.5383   95 3093 -5178.0000 -5505.2112  6.32%  1170  900s
  1162   927 -5331.8040  102 3027 -5178.0000 -5505.2112  6.32%  1165  905s
  1179   939 -5311.4340  111 2852 -5178.0000 -5505.2112  6.32%  1158  910s
  1201   953 -5284.0552  122 2770 -5178.0000 -5505.2112  6.32%  1148  915s
  1229   972 -5259.2519  136 2662 -5178.0000 -5505.2112  6.32%  1133  920s
  1263   995 -5225.7311  153 2537 -5178.0000 -5505.2112  6.32%  1114  925s
H 1268   950                    -5182.000000 -5505.2112  6.24%  1111  925s
H 1295   924                    -5186.000000 -5505.2112  6.16%  1095  928s
  1311   929     cutoff  175      -5186.0000 -5505.2112  6.16%  1086  930s
  1326   920 -5502.8521   22 4284 -5186.0000 -5505.1583  6.15%  1080  936s
  1327   920 -5500.1022   23 4247 -5186.0000 -5505.1583  6.15%  1083  940s
  1328   921 -5499.4466   23 4252 -5186.0000 -5505.1583  6.15%  1087  945s
  1331   923 -5494.3605   25 4201 -5186.0000 -5505.1583  6.15%  1090  950s
  1334   925 -5493.7376   26 4182 -5186.0000 -5505.1583  6.15%  1093  956s
  1336   926 -5490.1530   27 4169 -5186.0000 -5505.1583  6.15%  1095  960s
  1339   928 -5486.5825   29 4109 -5186.0000 -5505.1583  6.15%  1098  966s
  1342   930 -5484.0161   30 4083 -5186.0000 -5505.1583  6.15%  1101  971s
  1345   932 -5480.3322   32 4032 -5186.0000 -5505.1583  6.15%  1103  975s
  1348   934 -5476.9000   33 4008 -5186.0000 -5505.1583  6.15%  1105  980s
  1352   937 -5470.4213   35 3963 -5186.0000 -5505.1583  6.15%  1108  986s
  1356   940 -5467.9847   37 3886 -5186.0000 -5505.1583  6.15%  1111  991s
  1360   942 -5461.4879   39 3875 -5186.0000 -5505.1583  6.15%  1113  996s
  1364   945 -5454.5195   41 3827 -5186.0000 -5505.1583  6.15%  1115 1000s
  1369   948 -5450.9924   44 3797 -5186.0000 -5505.1583  6.15%  1118 1005s
  1374   952 -5444.1532   46 3774 -5186.0000 -5505.1583  6.15%  1119 1010s
  1379   955 -5438.0745   49 3687 -5186.0000 -5505.1583  6.15%  1122 1015s
  1385   959 -5432.6111   52 3653 -5186.0000 -5505.1583  6.15%  1123 1020s
  1391   963 -5426.3340   55 3584 -5186.0000 -5505.1583  6.15%  1125 1025s
  1398   968 -5419.9097   58 3550 -5186.0000 -5505.1583  6.15%  1127 1030s
  1404   972 -5413.5915   61 3529 -5186.0000 -5505.1583  6.15%  1128 1035s
  1412   977 -5403.4175   65 3492 -5186.0000 -5505.1583  6.15%  1129 1040s
  1421   983 -5391.0448   70 3417 -5186.0000 -5505.1583  6.15%  1128 1045s
  1430   989 -5376.9152   74 3400 -5186.0000 -5505.1583  6.15%  1128 1050s
  1439   995 -5368.0194   79 3288 -5186.0000 -5505.1583  6.15%  1127 1055s
  1450  1002 -5354.0710   84 3255 -5186.0000 -5505.1583  6.15%  1126 1060s
  1463  1011 -5341.7599   91 3116 -5186.0000 -5505.1583  6.15%  1124 1065s
  1478  1021 -5326.0427   98 3044 -5186.0000 -5505.1583  6.15%  1120 1070s
  1496  1033 -5313.2160  107 2990 -5186.0000 -5505.1583  6.15%  1115 1075s
  1519  1048 -5294.6085  119 2790 -5186.0000 -5505.1583  6.15%  1106 1080s
  1550  1069 -5279.0266  134 2637 -5186.0000 -5505.1583  6.15%  1094 1085s
  1588  1094 -5259.6810  153 2373 -5186.0000 -5505.1583  6.15%  1076 1090s
H 1619  1042                    -5216.000000 -5505.1583  5.54%  1064 1094s
H 1625  1005                    -5218.000000 -5505.1583  5.50%  1061 1094s
  1630  1010 -5243.3287  174 2039 -5218.0000 -5505.1583  5.50%  1059 1095s
H 1646   965                    -5232.000000 -5505.1583  5.22%  1052 1096s
H 1673   896                    -5242.000000 -5505.1583  5.02%  1041 1100s
  1675   895 -5501.8005   22 4318 -5242.0000 -5503.0308  4.98%  1043 1106s
  1677   897 -5499.0395   23 4268 -5242.0000 -5503.0308  4.98%  1047 1112s
  1679   898 -5495.7864   24 4215 -5242.0000 -5503.0308  4.98%  1050 1117s
  1681   899 -5492.2513   25 4171 -5242.0000 -5503.0308  4.98%  1051 1120s
  1684   901 -5487.0797   27 4159 -5242.0000 -5503.0308  4.98%  1054 1126s
  1687   903 -5486.4422   28 4095 -5242.0000 -5503.0308  4.98%  1055 1130s
  1690   905 -5480.7187   30 4030 -5242.0000 -5503.0308  4.98%  1058 1136s
  1693   907 -5477.0889   31 4035 -5242.0000 -5503.0308  4.98%  1060 1141s
  1696   909 -5473.4040   33 3981 -5242.0000 -5503.0308  4.98%  1062 1145s
  1700   912 -5469.8215   35 3939 -5242.0000 -5503.0308  4.98%  1064 1150s
  1704   915 -5461.9697   37 3886 -5242.0000 -5503.0308  4.98%  1066 1155s
  1709   918 -5455.4054   39 3872 -5242.0000 -5503.0308  4.98%  1068 1160s
  1714   921 -5449.1995   42 3808 -5242.0000 -5503.0308  4.98%  1070 1165s
  1719   925 -5440.7653   44 3796 -5242.0000 -5503.0308  4.98%  1071 1170s
  1724   928 -5435.8336   47 3766 -5242.0000 -5503.0308  4.98%  1073 1175s
  1729   931 -5429.4777   49 3733 -5242.0000 -5503.0308  4.98%  1075 1180s
  1735   935 -5422.2019   52 3687 -5242.0000 -5503.0308  4.98%  1077 1185s
  1742   940 -5408.8315   56 3611 -5242.0000 -5503.0308  4.98%  1078 1190s
  1748   944 -5404.7433   59 3586 -5242.0000 -5503.0308  4.98%  1080 1195s
H 1755   903                    -5244.000000 -5503.0308  4.94%  1080 1200s
  1763   910 -5386.3864   66 3468 -5244.0000 -5503.0308  4.94%  1081 1205s
  1773   917 -5374.5706   71 3399 -5244.0000 -5503.0308  4.94%  1080 1210s
  1784   924 -5363.9103   77 3339 -5244.0000 -5503.0308  4.94%  1080 1215s
  1796   932 -5352.4223   83 3272 -5244.0000 -5503.0308  4.94%  1079 1220s
H 1807   889                    -5248.000000 -5503.0308  4.86%  1077 1224s
  1809   893 -5334.3163   89 3235 -5248.0000 -5503.0308  4.86%  1077 1225s
  1825   903 -5325.4076   97 3109 -5248.0000 -5503.0308  4.86%  1074 1230s
H 1833   875                    -5250.000000 -5503.0308  4.82%  1072 1232s
  1841   882 -5310.6446  105 2952 -5250.0000 -5503.0308  4.82%  1071 1235s
  1863   897 -5293.0510  116 2855 -5250.0000 -5503.0308  4.82%  1065 1240s
H 1885   870                    -5254.000000 -5503.0308  4.74%  1058 1243s
  1892   877 -5279.0926  131 2734 -5254.0000 -5503.0308  4.74%  1056 1245s
H 1911   849                    -5256.000000 -5503.0308  4.70%  1048 1247s
  1927   861 -5262.3182  148 2570 -5256.0000 -5503.0308  4.70%  1044 1250s
  1942   860 -5499.4828   23 4299 -5256.0000 -5502.9839  4.70%  1042 1259s
  1943   861 -5495.9120   24 4251 -5256.0000 -5502.9839  4.70%  1044 1263s
  1944   862 -5494.1959   24 4259 -5256.0000 -5502.9839  4.70%  1047 1268s
  1945   862 -5493.8800   25 4225 -5256.0000 -5502.9839  4.70%  1048 1270s
  1948   864 -5490.3128   26 4179 -5256.0000 -5502.9839  4.70%  1050 1276s
  1951   866 -5489.5438   26 4183 -5256.0000 -5502.9839  4.70%  1052 1281s
  1953   868 -5484.4306   27 4142 -5256.0000 -5502.9839  4.70%  1054 1285s
  1956   870 -5479.8286   30 4097 -5256.0000 -5502.9839  4.70%  1056 1290s
  1960   872 -5472.5394   33 4005 -5256.0000 -5502.9839  4.70%  1058 1295s
  1963   874 -5473.6420   32 4034 -5256.0000 -5502.9839  4.70%  1059 1300s
  1967   877 -5465.2494   35 3985 -5256.0000 -5502.9839  4.70%  1061 1305s
  1970   879 -5464.8783   36 3962 -5256.0000 -5502.9839  4.70%  1063 1310s
  1974   882 -5462.3835   36 3965 -5256.0000 -5502.9839  4.70%  1065 1316s
  1978   884 -5462.6863   37 3938 -5256.0000 -5502.9839  4.70%  1067 1321s
  1982   887 -5456.7980   39 3892 -5256.0000 -5502.9839  4.70%  1068 1325s
  1987   890 -5452.7764   40 3891 -5256.0000 -5502.9839  4.70%  1070 1330s
  1991   893 -5446.0543   43 3830 -5256.0000 -5502.9839  4.70%  1072 1335s
  1996   896 -5441.6486   45 3810 -5256.0000 -5502.9839  4.70%  1074 1340s
  2000   899 -5438.2569   46 3774 -5256.0000 -5502.9839  4.70%  1075 1345s
  2005   902 -5433.3888   48 3728 -5256.0000 -5502.9839  4.70%  1077 1350s
  2011   906 -5429.9862   50 3677 -5256.0000 -5502.9839  4.70%  1078 1355s
  2016   910 -5424.7646   52 3637 -5256.0000 -5502.9839  4.70%  1079 1360s
  2023   914 -5421.1082   53 3634 -5256.0000 -5502.9839  4.70%  1081 1365s
  2028   918 -5422.4933   53 3636 -5256.0000 -5502.9839  4.70%  1082 1370s
  2035   922 -5413.3503   54 3614 -5256.0000 -5502.9839  4.70%  1083 1375s
  2041   926 -5409.9713   56 3595 -5256.0000 -5502.9839  4.70%  1084 1380s
  2049   932 -5401.1433   61 3528 -5256.0000 -5502.9839  4.70%  1085 1385s
  2057   937 -5390.7604   65 3438 -5256.0000 -5502.9839  4.70%  1085 1390s
  2066   943 -5386.3505   67 3421 -5256.0000 -5502.9839  4.70%  1085 1395s
  2074   948 -5380.6784   69 3417 -5256.0000 -5502.9839  4.70%  1086 1400s
  2083   954 -5372.0282   73 3363 -5256.0000 -5502.9839  4.70%  1086 1405s
  2093   961 -5362.6388   76 3320 -5256.0000 -5502.9839  4.70%  1086 1410s
  2104   968 -5353.8957   78 3296 -5256.0000 -5502.9839  4.70%  1085 1415s
  2117   977 -5343.5931   85 3238 -5256.0000 -5502.9839  4.70%  1083 1420s
  2131   986 -5334.9842   90 3165 -5256.0000 -5502.9839  4.70%  1081 1425s
  2145   996 -5327.4901   97 3066 -5256.0000 -5502.9839  4.70%  1079 1430s
  2164  1008 -5323.1183   99 3033 -5256.0000 -5502.9839  4.70%  1076 1435s
  2179  1018 -5315.3001  101 2978 -5256.0000 -5502.9839  4.70%  1073 1440s
  2196  1030 -5313.2033  102 3019 -5256.0000 -5502.9839  4.70%  1071 1445s
  2214  1042 -5306.7606  106 2932 -5256.0000 -5502.9839  4.70%  1068 1450s
  2235  1056 -5299.4021  112 2893 -5256.0000 -5502.9839  4.70%  1063 1455s
H 2240   993                    -5264.000000 -5502.9839  4.54%  1062 1456s
H 2250   963                    -5272.000000 -5502.9839  4.38%  1060 1458s
  2260   975 -5289.9276  117 2854 -5272.0000 -5502.9839  4.38%  1058 1460s
  2290  1005 -5280.7993  125 2759 -5272.0000 -5502.9839  4.38%  1049 1465s
  2323  1024     cutoff  139      -5272.0000 -5502.9839  4.38%  1041 1470s
  2325  1024 -5498.8550   23 4299 -5272.0000 -5501.1489  4.35%  1043 1476s
  2327  1026 -5496.1467   24 4251 -5272.0000 -5501.1489  4.35%  1046 1483s
H 2328   959                    -5278.000000 -5501.1489  4.23%  1045 1484s
  2329   962 -5490.7352   26 4169 -5278.0000 -5501.1489  4.23%  1047 1486s
  2331   964 -5485.7125   27 4134 -5278.0000 -5501.1489  4.23%  1048 1490s
  2334   967 -5484.2283   28 4111 -5278.0000 -5501.1489  4.23%  1050 1496s
  2337   970 -5480.2684   30 4062 -5278.0000 -5501.1489  4.23%  1051 1500s
  2340   973 -5474.7473   32 4026 -5278.0000 -5501.1489  4.23%  1053 1506s
  2343   976 -5475.5595   32 4022 -5278.0000 -5501.1489  4.23%  1054 1510s
  2347   980 -5469.4659   34 3970 -5278.0000 -5501.1489  4.23%  1056 1516s
  2350   983 -5463.5521   37 3906 -5278.0000 -5501.1489  4.23%  1058 1520s
  2355   988 -5458.0834   39 3869 -5278.0000 -5501.1489  4.23%  1059 1525s
  2360   993 -5452.7987   41 3855 -5278.0000 -5501.1489  4.23%  1060 1530s
  2366   999 -5446.7173   44 3804 -5278.0000 -5501.1489  4.23%  1061 1535s
  2371  1004 -5444.6510   45 3809 -5278.0000 -5501.1489  4.23%  1063 1540s
  2375  1008 -5440.8541   47 3756 -5278.0000 -5501.1489  4.23%  1064 1545s
  2380  1013 -5438.0055   46 3795 -5278.0000 -5501.1489  4.23%  1065 1550s
  2385  1018 -5435.1563   49 3716 -5278.0000 -5501.1489  4.23%  1067 1555s
  2391  1024 -5431.9084   50 3705 -5278.0000 -5501.1489  4.23%  1068 1560s
  2396  1029 -5428.1744   51 3696 -5278.0000 -5501.1489  4.23%  1069 1565s
  2402  1035 -5427.7419   52 3661 -5278.0000 -5501.1489  4.23%  1071 1570s
  2406  1039 -5425.4033   53 3650 -5278.0000 -5501.1489  4.23%  1072 1575s
  2412  1045 -5423.6478   53 3658 -5278.0000 -5501.1489  4.23%  1074 1580s
  2418  1051 -5423.3129   54 3626 -5278.0000 -5501.1489  4.23%  1074 1585s
  2425  1058 -5417.3631   55 3619 -5278.0000 -5501.1489  4.23%  1075 1590s
  2432  1065 -5415.7919   56 3593 -5278.0000 -5501.1489  4.23%  1076 1596s
  2437  1070 -5410.3275   58 3570 -5278.0000 -5501.1489  4.23%  1077 1600s
  2445  1078 -5404.2773   60 3527 -5278.0000 -5501.1489  4.23%  1078 1605s
  2453  1086 -5399.8378   61 3544 -5278.0000 -5501.1489  4.23%  1079 1610s
  2460  1093 -5395.9106   62 3512 -5278.0000 -5501.1489  4.23%  1079 1615s
  2468  1101 -5390.8178   63 3494 -5278.0000 -5501.1489  4.23%  1079 1620s
  2476  1109 -5389.5614   65 3494 -5278.0000 -5501.1489  4.23%  1080 1625s
  2484  1117 -5384.3102   66 3482 -5278.0000 -5501.1489  4.23%  1080 1630s
  2490  1123 -5377.0994   68 3459 -5278.0000 -5501.1489  4.23%  1081 1635s
  2499  1132 -5373.2741   70 3422 -5278.0000 -5501.1489  4.23%  1081 1640s
  2509  1142 -5369.7500   73 3374 -5278.0000 -5501.1489  4.23%  1081 1645s
  2517  1150 -5365.8483   74 3399 -5278.0000 -5501.1489  4.23%  1081 1650s
  2526  1159 -5359.5215   76 3340 -5278.0000 -5501.1489  4.23%  1081 1655s
  2537  1170 -5354.1482   79 3297 -5278.0000 -5501.1489  4.23%  1081 1660s
  2546  1179 -5344.3584   83 3240 -5278.0000 -5501.1489  4.23%  1081 1665s
  2559  1192 -5336.8212   87 3211 -5278.0000 -5501.1489  4.23%  1080 1670s
  2573  1206 -5330.6430   89 3156 -5278.0000 -5501.1489  4.23%  1078 1675s
  2588  1221 -5324.7579   91 3141 -5278.0000 -5501.1489  4.23%  1076 1680s
  2602  1235 -5319.7692   94 3058 -5278.0000 -5501.1489  4.23%  1075 1685s
  2617  1250 -5314.8070   96 3099 -5278.0000 -5501.1489  4.23%  1073 1690s
  2632  1265 -5307.9387  100 3042 -5278.0000 -5501.1489  4.23%  1071 1695s
  2650  1283 -5304.6385  106 2960 -5278.0000 -5501.1489  4.23%  1068 1700s
  2671  1304 -5293.8042  112 2892 -5278.0000 -5501.1489  4.23%  1064 1705s
  2694  1327 -5285.7526  119 2864 -5278.0000 -5501.1489  4.23%  1059 1710s
  2716  1329 -5496.9702   24 4300 -5278.0000 -5501.1410  4.23%  1057 1720s
  2718  1331 -5492.9366   25 4235 -5278.0000 -5501.1410  4.23%  1061 1728s
  2719  1332 -5491.0067   26 4204 -5278.0000 -5501.1410  4.23%  1061 1730s
  2722  1335 -5485.4779   28 4137 -5278.0000 -5501.1410  4.23%  1062 1735s
  2725  1338 -5482.3652   29 4116 -5278.0000 -5501.1410  4.23%  1064 1741s
  2727  1340 -5485.9252   28 4125 -5278.0000 -5501.1410  4.23%  1065 1745s
  2730  1343 -5481.0147   30 4094 -5278.0000 -5501.1410  4.23%  1067 1750s
  2733  1346 -5482.8834   29 4106 -5278.0000 -5501.1410  4.23%  1068 1756s
  2736  1349 -5482.6765   29 4092 -5278.0000 -5501.1410  4.23%  1069 1760s
  2739  1352 -5479.3663   31 4066 -5278.0000 -5501.1410  4.23%  1070 1765s
  2742  1355 -5475.5038   32 4062 -5278.0000 -5501.1410  4.23%  1072 1770s
  2745  1358 -5476.8994   31 4043 -5278.0000 -5501.1410  4.23%  1073 1775s
  2748  1361 -5473.0673   33 4037 -5278.0000 -5501.1410  4.23%  1074 1780s
  2751  1364 -5472.0998   33 4022 -5278.0000 -5501.1410  4.23%  1076 1785s
  2755  1368 -5463.9737   36 3956 -5278.0000 -5501.1410  4.23%  1077 1791s
  2758  1371 -5467.2531   35 3991 -5278.0000 -5501.1410  4.23%  1078 1795s
  2762  1375 -5462.9349   37 3929 -5278.0000 -5501.1410  4.23%  1079 1800s
  2766  1379 -5458.8119   38 3928 -5278.0000 -5501.1410  4.23%  1081 1805s
  2770  1383 -5455.2252   40 3876 -5278.0000 -5501.1410  4.23%  1082 1810s
  2774  1387 -5454.6356   40 3887 -5278.0000 -5501.1410  4.23%  1083 1815s
  2779  1392 -5448.1546   42 3831 -5278.0000 -5501.1410  4.23%  1084 1820s
  2783  1396 -5444.7017   43 3810 -5278.0000 -5501.1410  4.23%  1085 1825s
  2787  1400 -5445.4446   44 3789 -5278.0000 -5501.1410  4.23%  1087 1830s
  2792  1405 -5441.8062   43 3817 -5278.0000 -5501.1410  4.23%  1088 1835s
  2796  1409 -5438.6288   45 3783 -5278.0000 -5501.1410  4.23%  1089 1840s
  2800  1413 -5440.1855   46 3729 -5278.0000 -5501.1410  4.23%  1092 1846s
  2804  1417 -5434.6797   48 3727 -5278.0000 -5501.1410  4.23%  1093 1850s
  2810  1423 -5430.8929   49 3708 -5278.0000 -5501.1410  4.23%  1094 1856s
  2815  1428 -5428.1198   51 3700 -5278.0000 -5501.1410  4.23%  1094 1860s
  2822  1435 -5422.8200   53 3663 -5278.0000 -5501.1410  4.23%  1095 1865s
  2829  1442 -5419.6947   55 3637 -5278.0000 -5501.1410  4.23%  1095 1870s
  2835  1448 -5417.2104   55 3633 -5278.0000 -5501.1410  4.23%  1096 1875s
  2842  1455 -5411.2638   58 3613 -5278.0000 -5501.1410  4.23%  1097 1880s
  2847  1460 -5412.8851   57 3601 -5278.0000 -5501.1410  4.23%  1098 1885s
  2855  1468 -5402.1538   62 3545 -5278.0000 -5501.1410  4.23%  1098 1890s
  2862  1475 -5399.1734   63 3531 -5278.0000 -5501.1410  4.23%  1099 1895s
  2869  1482 -5396.5527   65 3479 -5278.0000 -5501.1410  4.23%  1099 1900s
  2876  1489 -5393.0650   67 3440 -5278.0000 -5501.1410  4.23%  1100 1905s
  2884  1497 -5387.5206   69 3433 -5278.0000 -5501.1410  4.23%  1100 1910s
  2893  1506 -5380.9288   71 3415 -5278.0000 -5501.1410  4.23%  1100 1915s
  2904  1517 -5376.2098   73 3376 -5278.0000 -5501.1410  4.23%  1100 1920s
  2914  1527 -5369.6754   77 3312 -5278.0000 -5501.1410  4.23%  1099 1925s
  2925  1538 -5363.6153   80 3262 -5278.0000 -5501.1410  4.23%  1099 1930s
  2936  1549 -5357.7201   83 3256 -5278.0000 -5501.1410  4.23%  1098 1935s
  2946  1559 -5351.6298   86 3199 -5278.0000 -5501.1410  4.23%  1098 1940s
  2959  1572 -5346.2284   88 3183 -5278.0000 -5501.1410  4.23%  1097 1945s
  2975  1588 -5338.5593   95 3137 -5278.0000 -5501.1410  4.23%  1095 1950s
  2990  1603 -5332.6994   97 3117 -5278.0000 -5501.1410  4.23%  1093 1955s
  3005  1618 -5326.8234  100 3087 -5278.0000 -5501.1410  4.23%  1091 1960s
  3020  1633 -5322.8146  102 3031 -5278.0000 -5501.1410  4.23%  1090 1965s
  3036  1649 -5317.3508  106 2951 -5278.0000 -5501.1410  4.23%  1087 1970s
  3059  1672 -5311.6744  109 2928 -5278.0000 -5501.1410  4.23%  1083 1975s
  3083  1696 -5296.2607  119 2816 -5278.0000 -5501.1410  4.23%  1079 1980s
  3110  1723 -5290.1683  124 2719 -5278.0000 -5501.1410  4.23%  1074 1985s
  3145  1746     cutoff  136      -5278.0000 -5501.1410  4.23%  1066 1990s
  3147  1746 -5495.9739   24 4311 -5278.0000 -5499.7053  4.20%  1067 1995s
  3149  1748 -5491.2559   26 4211 -5278.0000 -5499.7053  4.20%  1069 2000s
  3152  1751 -5481.8608   29 4125 -5278.0000 -5499.7053  4.20%  1070 2006s
  3154  1753 -5475.3247   31 4084 -5278.0000 -5499.7053  4.20%  1072 2010s
  3158  1757 -5463.6796   35 3974 -5278.0000 -5499.7053  4.20%  1073 2015s
  3163  1762 -5449.3518   40 3858 -5278.0000 -5499.7053  4.20%  1074 2020s
  3168  1767 -5435.8119   45 3775 -5278.0000 -5499.7053  4.20%  1075 2025s
  3173  1772 -5419.9060   50 3700 -5278.0000 -5499.7053  4.20%  1075 2030s
  3179  1778 -5401.6913   56 3525 -5278.0000 -5499.7053  4.20%  1076 2035s
  3186  1785 -5384.5124   63 3441 -5278.0000 -5499.7053  4.20%  1077 2040s
  3196  1795 -5361.5961   73 3293 -5278.0000 -5499.7053  4.20%  1077 2045s
  3207  1806 -5341.1830   84 3123 -5278.0000 -5499.7053  4.20%  1076 2050s
  3223  1822 -5310.9296  100 2927 -5278.0000 -5499.7053  4.20%  1074 2055s
  3252  1843     cutoff  124      -5278.0000 -5499.7053  4.20%  1069 2060s
  3256  1841 -5494.6764   24 4273 -5278.0000 -5499.7051  4.20%  1070 2068s
  3257  1842 -5490.6079   25 4243 -5278.0000 -5499.7051  4.20%  1071 2071s
  3260  1845 -5483.5557   28 4161 -5278.0000 -5499.7051  4.20%  1072 2076s
  3262  1847 -5477.3440   30 4116 -5278.0000 -5499.7051  4.20%  1073 2080s
  3266  1851 -5467.9459   34 4006 -5278.0000 -5499.7051  4.20%  1074 2086s
  3269  1854 -5458.7662   37 3941 -5278.0000 -5499.7051  4.20%  1075 2090s
  3273  1858 -5449.4249   41 3895 -5278.0000 -5499.7051  4.20%  1076 2095s
  3278  1863 -5437.1452   46 3778 -5278.0000 -5499.7051  4.20%  1077 2100s
  3284  1869 -5422.6726   52 3692 -5278.0000 -5499.7051  4.20%  1078 2105s
  3291  1876 -5406.2608   59 3620 -5278.0000 -5499.7051  4.20%  1078 2110s
  3298  1883 -5388.5455   66 3525 -5278.0000 -5499.7051  4.20%  1079 2115s
  3307  1892 -5367.1522   75 3470 -5278.0000 -5499.7051  4.20%  1079 2120s
  3318  1903 -5340.8039   86 3325 -5278.0000 -5499.7051  4.20%  1078 2125s
  3334  1919 -5305.1183  102 3167 -5278.0000 -5499.7051  4.20%  1076 2130s
  3355  1924     cutoff  111      -5278.0000 -5499.7051  4.20%  1073 2135s
  3356  1925 -5494.5480   24 4263 -5278.0000 -5499.4463  4.20%  1077 2150s
  3358  1927 -5487.0665   26 4190 -5278.0000 -5499.4463  4.20%  1079 2157s
  3360  1929 -5482.6602   28 4129 -5278.0000 -5499.4463  4.20%  1080 2160s
  3363  1932 -5473.9172   31 4076 -5278.0000 -5499.4463  4.20%  1081 2165s
  3366  1935 -5463.6663   34 3999 -5278.0000 -5499.4463  4.20%  1082 2170s
  3370  1939 -5449.6365   38 3955 -5278.0000 -5499.4463  4.20%  1083 2175s
  3375  1944 -5436.1958   43 3867 -5278.0000 -5499.4463  4.20%  1084 2180s
  3379  1948 -5424.4818   47 3769 -5278.0000 -5499.4463  4.20%  1085 2185s
  3386  1955 -5404.1097   54 3672 -5278.0000 -5499.4463  4.20%  1086 2190s
  3393  1962 -5387.6955   61 3617 -5278.0000 -5499.4463  4.20%  1086 2195s
  3401  1970 -5362.4532   69 3508 -5278.0000 -5499.4463  4.20%  1087 2200s
  3409  1978 -5335.0519   77 3482 -5278.0000 -5499.4463  4.20%  1087 2205s
  3421  1990 -5304.6780   89 3362 -5278.0000 -5499.4463  4.20%  1086 2210s
  3434  1995 -5280.1653   95 3284 -5278.0000 -5499.4463  4.20%  1085 2215s
  3448  1993     cutoff   97      -5278.0000 -5499.4463  4.20%  1084 2220s
  3452  1993 -5495.2397   24 4263 -5278.0000 -5499.4459  4.20%  1085 2227s
  3453  1994 -5491.4591   25 4218 -5278.0000 -5499.4459  4.20%  1086 2230s
  3456  1997 -5481.9504   28 4136 -5278.0000 -5499.4459  4.20%  1088 2236s
  3459  2000 -5474.6925   31 4038 -5278.0000 -5499.4459  4.20%  1089 2241s
  3462  2003 -5466.1049   34 3943 -5278.0000 -5499.4459  4.20%  1090 2246s
  3465  2006 -5456.4543   37 3903 -5278.0000 -5499.4459  4.20%  1091 2250s
  3469  2010 -5447.4310   41 3834 -5278.0000 -5499.4459  4.20%  1092 2255s
  3475  2016 -5432.5403   47 3743 -5278.0000 -5499.4459  4.20%  1092 2260s
  3481  2022 -5415.6146   53 3650 -5278.0000 -5499.4459  4.20%  1093 2265s
  3487  2028 -5400.0064   59 3531 -5278.0000 -5499.4459  4.20%  1094 2270s
  3494  2035 -5382.9127   66 3472 -5278.0000 -5499.4459  4.20%  1094 2275s
  3504  2045 -5356.2716   76 3311 -5278.0000 -5499.4459  4.20%  1094 2280s
  3516  2057 -5332.6910   88 3177 -5278.0000 -5499.4459  4.20%  1093 2285s
  3532  2073 -5304.8747  104 3074 -5278.0000 -5499.4459  4.20%  1091 2290s
  3553  2080     cutoff  114      -5278.0000 -5499.4459  4.20%  1088 2295s
  3554  2081 -5495.4367   24 4264 -5278.0000 -5498.1973  4.17%  1090 2301s
  3556  2083 -5487.1216   26 4170 -5278.0000 -5498.1973  4.17%  1091 2307s
  3557  2084 -5491.7830   25 4187 -5278.0000 -5498.1973  4.17%  1092 2310s
  3560  2087 -5488.2372   26 4145 -5278.0000 -5498.1973  4.17%  1095 2318s
  3561  2088 -5484.9464   27 4123 -5278.0000 -5498.1973  4.17%  1095 2320s
  3564  2091 -5485.8058   27 4128 -5278.0000 -5498.1973  4.17%  1096 2325s
  3567  2094 -5483.7361   28 4088 -5278.0000 -5498.1973  4.17%  1097 2330s
  3570  2097 -5484.7748   27 4135 -5278.0000 -5498.1973  4.17%  1098 2336s
  3572  2099 -5481.0487   29 4067 -5278.0000 -5498.1973  4.17%  1100 2341s
  3575  2102 -5479.8431   29 4079 -5278.0000 -5498.1973  4.17%  1101 2346s
  3578  2105 -5479.3397   29 4079 -5278.0000 -5498.1973  4.17%  1102 2350s
  3581  2108 -5478.5692   30 4030 -5278.0000 -5498.1973  4.17%  1102 2355s
  3584  2111 -5476.3342   30 4034 -5278.0000 -5498.1973  4.17%  1103 2360s
  3588  2115 -5469.3713   33 3943 -5278.0000 -5498.1973  4.17%  1104 2365s
  3591  2118 -5471.8603   33 3967 -5278.0000 -5498.1973  4.17%  1105 2370s
  3595  2122 -5467.8995   34 3949 -5278.0000 -5498.1973  4.17%  1106 2375s
  3599  2126 -5464.0560   35 3905 -5278.0000 -5498.1973  4.17%  1107 2381s
  3602  2129 -5464.0159   35 3919 -5278.0000 -5498.1973  4.17%  1108 2386s
  3605  2132 -5461.4910   36 3867 -5278.0000 -5498.1973  4.17%  1109 2390s
  3609  2136 -5458.5234   37 3853 -5278.0000 -5498.1973  4.17%  1110 2396s
  3612  2139 -5458.4089   37 3849 -5278.0000 -5498.1973  4.17%  1111 2401s
  3616  2143 -5453.3834   39 3770 -5278.0000 -5498.1973  4.17%  1112 2406s
  3619  2146 -5451.3079   40 3794 -5278.0000 -5498.1973  4.17%  1113 2410s
  3623  2150 -5448.4621   41 3753 -5278.0000 -5498.1973  4.17%  1114 2415s
  3627  2154 -5446.0354   42 3734 -5278.0000 -5498.1973  4.17%  1115 2420s
  3631  2158 -5441.1839   44 3692 -5278.0000 -5498.1973  4.17%  1116 2425s
  3637  2164 -5436.5387   45 3685 -5278.0000 -5498.1973  4.17%  1117 2430s
  3642  2169 -5432.7990   47 3620 -5278.0000 -5498.1973  4.17%  1118 2435s
  3648  2175 -5429.9029   48 3600 -5278.0000 -5498.1973  4.17%  1118 2440s
  3653  2180 -5425.1718   49 3594 -5278.0000 -5498.1973  4.17%  1119 2445s
  3659  2186 -5423.2714   50 3591 -5278.0000 -5498.1973  4.17%  1120 2450s
  3665  2192 -5418.7242   50 3576 -5278.0000 -5498.1973  4.17%  1120 2455s
  3672  2199 -5412.5323   54 3511 -5278.0000 -5498.1973  4.17%  1121 2460s
  3678  2205 -5407.3951   56 3466 -5278.0000 -5498.1973  4.17%  1121 2465s
  3685  2212 -5403.3216   58 3474 -5278.0000 -5498.1973  4.17%  1122 2470s
  3692  2219 -5397.0596   59 3433 -5278.0000 -5498.1973  4.17%  1122 2475s
  3699  2226 -5392.5769   61 3394 -5278.0000 -5498.1973  4.17%  1123 2480s
  3707  2234 -5387.1612   64 3335 -5278.0000 -5498.1973  4.17%  1123 2485s
  3714  2241 -5381.9923   67 3295 -5278.0000 -5498.1973  4.17%  1124 2490s
  3724  2251 -5372.3068   71 3267 -5278.0000 -5498.1973  4.17%  1123 2495s
  3734  2261 -5365.7293   74 3233 -5278.0000 -5498.1973  4.17%  1123 2500s
  3744  2271 -5360.3813   77 3198 -5278.0000 -5498.1973  4.17%  1122 2505s
  3756  2283 -5349.0588   82 3149 -5278.0000 -5498.1973  4.17%  1122 2510s
  3768  2295 -5343.4517   87 3059 -5278.0000 -5498.1973  4.17%  1121 2515s
  3784  2311 -5330.8163   94 2888 -5278.0000 -5498.1973  4.17%  1119 2520s
  3801  2328 -5326.6676   96 2873 -5278.0000 -5498.1973  4.17%  1117 2525s
  3816  2343 -5321.8380   99 2828 -5278.0000 -5498.1973  4.17%  1116 2530s
  3835  2362 -5315.3348  101 2794 -5278.0000 -5498.1973  4.17%  1113 2535s
  3853  2380 -5307.3815  108 2753 -5278.0000 -5498.1973  4.17%  1111 2540s
  3879  2406 -5292.6584  121 2487 -5278.0000 -5498.1973  4.17%  1107 2545s
  3919  2445 -5284.2392  138 2025 -5278.0000 -5498.1973  4.17%  1100 2550s
  3944  2447 -5494.2858   25 4283 -5278.0000 -5498.1905  4.17%  1097 2559s
  3945  2448 -5491.1455   26 4196 -5278.0000 -5498.1905  4.17%  1098 2562s
  3946  2449 -5489.2160   27 4159 -5278.0000 -5498.1905  4.17%  1098 2565s
  3950  2453 -5477.1049   31 4053 -5278.0000 -5498.1905  4.17%  1099 2570s
  3953  2456 -5469.2351   34 3977 -5278.0000 -5498.1905  4.17%  1100 2575s
  3957  2460 -5458.5447   38 3882 -5278.0000 -5498.1905  4.17%  1101 2580s
  3961  2464 -5447.2579   42 3812 -5278.0000 -5498.1905  4.17%  1102 2585s
  3967  2470 -5432.3392   48 3663 -5278.0000 -5498.1905  4.17%  1103 2590s
  3973  2476 -5419.5973   54 3572 -5278.0000 -5498.1905  4.17%  1103 2595s
  3980  2483 -5403.6006   61 3464 -5278.0000 -5498.1905  4.17%  1103 2600s
  3989  2492 -5383.4118   70 3331 -5278.0000 -5498.1905  4.17%  1103 2605s
  4000  2503 -5358.3774   81 3234 -5278.0000 -5498.1905  4.17%  1103 2610s
  4016  2519 -5328.5344   97 3063 -5278.0000 -5498.1905  4.17%  1101 2615s
  4040  2543 -5286.3080  121 2789 -5278.0000 -5498.1905  4.17%  1098 2620s
  4055  2542 -5492.3879   25 4285 -5278.0000 -5497.0305  4.15%  1097 2628s
  4056  2543 -5489.5751   26 4227 -5278.0000 -5497.0305  4.15%  1098 2631s
  4058  2545 -5481.2999   28 4143 -5278.0000 -5497.0305  4.15%  1099 2636s
  4061  2548 -5475.7090   30 4095 -5278.0000 -5497.0305  4.15%  1100 2640s
  4064  2551 -5473.2451   31 4064 -5278.0000 -5497.0305  4.15%  1101 2646s
  4067  2554 -5469.9472   32 4066 -5278.0000 -5497.0305  4.15%  1101 2651s
  4070  2557 -5460.9937   34 4037 -5278.0000 -5497.0305  4.15%  1102 2655s
  4074  2561 -5460.5614   35 4006 -5278.0000 -5497.0305  4.15%  1103 2661s
  4076  2563 -5454.4652   36 4005 -5278.0000 -5497.0305  4.15%  1104 2665s
  4080  2567 -5449.3117   38 3946 -5278.0000 -5497.0305  4.15%  1105 2670s
  4084  2571 -5447.0836   39 3914 -5278.0000 -5497.0305  4.15%  1106 2675s
  4088  2575 -5439.0400   42 3859 -5278.0000 -5497.0305  4.15%  1106 2680s
  4092  2579 -5436.1384   43 3840 -5278.0000 -5497.0305  4.15%  1107 2685s
  4096  2583 -5431.8684   44 3830 -5278.0000 -5497.0305  4.15%  1108 2690s
  4101  2588 -5427.3070   45 3796 -5278.0000 -5497.0305  4.15%  1109 2695s
  4105  2592 -5428.1735   45 3789 -5278.0000 -5497.0305  4.15%  1110 2700s
  4109  2596 -5418.4580   47 3769 -5278.0000 -5497.0305  4.15%  1111 2705s
  4114  2601 -5408.4136   50 3708 -5278.0000 -5497.0305  4.15%  1112 2710s
  4119  2606 -5404.4736   51 3679 -5278.0000 -5497.0305  4.15%  1112 2715s
  4125  2612 -5380.8447   56 3609 -5278.0000 -5497.0305  4.15%  1113 2720s
  4132  2619 -5373.4882   59 3559 -5278.0000 -5497.0305  4.15%  1113 2725s
  4137  2624 -5359.4706   62 3507 -5278.0000 -5497.0305  4.15%  1114 2730s
  4145  2632 -5345.9670   65 3491 -5278.0000 -5497.0305  4.15%  1115 2735s
  4152  2639 -5328.3839   70 3402 -5278.0000 -5497.0305  4.15%  1115 2740s
  4161  2648 -5314.2699   75 3348 -5278.0000 -5497.0305  4.15%  1115 2745s
  4173  2660 -5295.8948   80 3301 -5278.0000 -5497.0305  4.15%  1114 2750s
  4182  2669 -5286.2914   84 3237 -5278.0000 -5497.0305  4.15%  1114 2755s
  4193  2672     cutoff   86      -5278.0000 -5497.0305  4.15%  1114 2760s
  4197  2670 -5491.7557   25 4278 -5278.0000 -5497.0291  4.15%  1115 2768s
  4198  2671 -5488.0463   26 4220 -5278.0000 -5497.0291  4.15%  1116 2771s
  4200  2673 -5481.1434   28 4181 -5278.0000 -5497.0291  4.15%  1116 2775s
  4204  2677 -5471.2327   32 4030 -5278.0000 -5497.0291  4.15%  1118 2781s
  4207  2680 -5462.2453   35 3966 -5278.0000 -5497.0291  4.15%  1118 2786s
  4211  2684 -5451.7843   39 3890 -5278.0000 -5497.0291  4.15%  1119 2790s
  4215  2688 -5440.7711   43 3807 -5278.0000 -5497.0291  4.15%  1119 2795s
  4220  2693 -5427.2357   48 3691 -5278.0000 -5497.0291  4.15%  1120 2800s
  4227  2700 -5409.1236   55 3604 -5278.0000 -5497.0291  4.15%  1121 2805s
  4234  2707 -5388.5358   62 3484 -5278.0000 -5497.0291  4.15%  1121 2810s
  4243  2716 -5367.8361   71 3359 -5278.0000 -5497.0291  4.15%  1121 2815s
  4254  2727 -5344.9207   82 3168 -5278.0000 -5497.0291  4.15%  1120 2820s
  4271  2744 -5316.0083   99 2908 -5278.0000 -5497.0291  4.15%  1118 2825s
  4301  2768     cutoff  126      -5278.0000 -5497.0291  4.15%  1114 2830s
  4304  2767 -5493.2257   25 4259 -5278.0000 -5496.5906  4.14%  1116 2845s
  4306  2769 -5487.6701   27 4174 -5278.0000 -5496.5906  4.14%  1118 2851s
  4309  2772 -5475.9843   30 4108 -5278.0000 -5496.5906  4.14%  1119 2855s
  4312  2775 -5467.2775   33 4012 -5278.0000 -5496.5906  4.14%  1120 2861s
  4315  2778 -5457.4477   36 3956 -5278.0000 -5496.5906  4.14%  1121 2866s
  4318  2781 -5448.6048   39 3919 -5278.0000 -5496.5906  4.14%  1121 2870s
  4323  2786 -5435.4169   44 3852 -5278.0000 -5496.5906  4.14%  1122 2875s
  4329  2792 -5417.5795   50 3729 -5278.0000 -5496.5906  4.14%  1122 2880s
  4335  2798 -5402.4759   56 3654 -5278.0000 -5496.5906  4.14%  1123 2885s
  4343  2806 -5382.1253   64 3505 -5278.0000 -5496.5906  4.14%  1123 2890s
  4351  2814 -5359.9422   72 3413 -5278.0000 -5496.5906  4.14%  1123 2895s
  4363  2826 -5331.8095   84 3272 -5278.0000 -5496.5906  4.14%  1122 2900s
  4378  2841 -5302.9036   99 3119 -5278.0000 -5496.5906  4.14%  1121 2905s
  4397  2848 -5280.5987  108 3004 -5278.0000 -5496.5906  4.14%  1118 2910s
  4407  2846 -5487.8648   25 4278 -5278.0000 -5496.5888  4.14%  1119 2919s
  4408  2847 -5484.1440   26 4247 -5278.0000 -5496.5888  4.14%  1119 2921s
  4410  2849 -5478.0132   28 4187 -5278.0000 -5496.5888  4.14%  1120 2925s
  4413  2852 -5469.7963   31 4099 -5278.0000 -5496.5888  4.14%  1121 2930s
  4416  2855 -5462.6917   34 4048 -5278.0000 -5496.5888  4.14%  1122 2935s
  4419  2858 -5454.9493   37 3989 -5278.0000 -5496.5888  4.14%  1122 2940s
  4424  2863 -5441.8079   42 3835 -5278.0000 -5496.5888  4.14%  1123 2945s
  4428  2867 -5429.6166   46 3761 -5278.0000 -5496.5888  4.14%  1124 2950s
  4433  2872 -5414.9463   51 3676 -5278.0000 -5496.5888  4.14%  1125 2955s
  4439  2878 -5402.1550   57 3573 -5278.0000 -5496.5888  4.14%  1125 2960s
  4446  2885 -5384.1369   64 3472 -5278.0000 -5496.5888  4.14%  1125 2965s
  4454  2893 -5365.9985   72 3411 -5278.0000 -5496.5888  4.14%  1125 2970s
  4464  2903 -5343.3225   82 3289 -5278.0000 -5496.5888  4.14%  1125 2975s
  4480  2919 -5312.2902   98 3084 -5278.0000 -5496.5888  4.14%  1124 2980s
  4499  2932 -5283.9631  112 2932 -5278.0000 -5496.5888  4.14%  1121 2985s
  4505  2930 -5492.9461   25 4266 -5278.0000 -5496.1443  4.13%  1123 2999s
  4506  2931 -5489.5877   26 4234 -5278.0000 -5496.1443  4.13%  1124 3001s
  4509  2934 -5480.3259   29 4131 -5278.0000 -5496.1443  4.13%  1125 3006s
  4511  2936 -5474.0959   31 4079 -5278.0000 -5496.1443  4.13%  1125 3010s
  4514  2939 -5465.2712   34 4018 -5278.0000 -5496.1443  4.13%  1126 3015s
  4518  2943 -5455.5211   38 3902 -5278.0000 -5496.1443  4.13%  1127 3020s
  4522  2947 -5438.7141   42 3831 -5278.0000 -5496.1443  4.13%  1128 3026s
  4527  2952 -5426.7802   47 3782 -5278.0000 -5496.1443  4.13%  1128 3030s
  4532  2957 -5414.8158   52 3697 -5278.0000 -5496.1443  4.13%  1128 3035s
  4539  2964 -5394.3449   59 3601 -5278.0000 -5496.1443  4.13%  1129 3040s
  4548  2973 -5374.4302   68 3469 -5278.0000 -5496.1443  4.13%  1129 3045s
  4559  2984 -5345.5712   79 3342 -5278.0000 -5496.1443  4.13%  1128 3050s
  4570  2995 -5320.6617   90 3174 -5278.0000 -5496.1443  4.13%  1128 3055s
  4586  3011 -5286.1495  106 2917 -5278.0000 -5496.1443  4.13%  1126 3060s
  4603  3008     cutoff  108      -5278.0000 -5496.1443  4.13%  1125 3065s
  4604  3009 -5487.1569   25 4288 -5278.0000 -5495.9733  4.13%  1126 3070s
  4606  3011 -5479.7493   27 4187 -5278.0000 -5495.9733  4.13%  1127 3075s
  4609  3014 -5470.7562   30 4100 -5278.0000 -5495.9733  4.13%  1128 3080s
  4612  3017 -5463.6711   33 4034 -5278.0000 -5495.9733  4.13%  1128 3085s
  4615  3020 -5457.3173   36 3973 -5278.0000 -5495.9733  4.13%  1129 3090s
  4619  3024 -5448.5412   40 3887 -5278.0000 -5495.9733  4.13%  1130 3095s
  4623  3028 -5438.7685   44 3808 -5278.0000 -5495.9733  4.13%  1131 3100s
  4628  3033 -5423.6516   49 3734 -5278.0000 -5495.9733  4.13%  1131 3105s
  4634  3039 -5406.1010   55 3629 -5278.0000 -5495.9733  4.13%  1132 3110s
  4641  3046 -5389.7607   62 3515 -5278.0000 -5495.9733  4.13%  1132 3115s
  4650  3055 -5365.3799   71 3438 -5278.0000 -5495.9733  4.13%  1132 3120s
  4659  3064 -5345.6817   80 3319 -5278.0000 -5495.9733  4.13%  1132 3125s
  4673  3078 -5318.0277   94 3167 -5278.0000 -5495.9733  4.13%  1131 3130s
  4690  3095 -5283.1304  111 3043 -5278.0000 -5495.9733  4.13%  1129 3135s
  4702  3092 -5493.0650   25 4298 -5278.0000 -5495.7794  4.13%  1129 3142s
  4703  3093 -5490.0382   26 4216 -5278.0000 -5495.7794  4.13%  1129 3145s
  4705  3095 -5486.2934   27 4197 -5278.0000 -5495.7794  4.13%  1130 3151s
  4708  3098 -5483.8551   28 4158 -5278.0000 -5495.7794  4.13%  1131 3155s
  4711  3101 -5477.0834   30 4114 -5278.0000 -5495.7794  4.13%  1132 3161s
  4713  3103 -5474.8495   31 4079 -5278.0000 -5495.7794  4.13%  1132 3165s
  4716  3106 -5472.2431   32 4049 -5278.0000 -5495.7794  4.13%  1133 3170s
  4718  3108 -5468.7547   33 4035 -5278.0000 -5495.7794  4.13%  1135 3176s
  4721  3111 -5463.1251   35 3999 -5278.0000 -5495.7794  4.13%  1136 3180s
  4725  3115 -5456.1375   37 3973 -5278.0000 -5495.7794  4.13%  1136 3186s
  4728  3118 -5454.0882   38 3941 -5278.0000 -5495.7794  4.13%  1137 3190s
  4732  3122 -5445.1137   40 3894 -5278.0000 -5495.7794  4.13%  1138 3195s
  4737  3127 -5442.1378   43 3851 -5278.0000 -5495.7794  4.13%  1138 3200s
  4742  3132 -5434.5172   45 3829 -5278.0000 -5495.7794  4.13%  1139 3205s
  4746  3136 -5428.0648   47 3828 -5278.0000 -5495.7794  4.13%  1140 3210s
  4752  3142 -5422.2630   50 3746 -5278.0000 -5495.7794  4.13%  1140 3215s
  4756  3146 -5415.1141   52 3689 -5278.0000 -5495.7794  4.13%  1141 3220s
  4762  3152 -5410.7936   55 3686 -5278.0000 -5495.7794  4.13%  1141 3225s
  4769  3159 -5400.2931   59 3645 -5278.0000 -5495.7794  4.13%  1142 3230s
  4775  3165 -5394.9525   62 3590 -5278.0000 -5495.7794  4.13%  1142 3235s
  4784  3174 -5385.4501   66 3536 -5278.0000 -5495.7794  4.13%  1142 3240s
  4792  3182 -5376.7121   70 3466 -5278.0000 -5495.7794  4.13%  1142 3245s
  4801  3191 -5368.8961   75 3411 -5278.0000 -5495.7794  4.13%  1142 3250s
  4811  3201 -5359.0702   80 3370 -5278.0000 -5495.7794  4.13%  1141 3255s
  4822  3212 -5344.8673   85 3326 -5278.0000 -5495.7794  4.13%  1141 3260s
  4835  3225 -5337.8405   92 3206 -5278.0000 -5495.7794  4.13%  1140 3265s
  4853  3243 -5324.2961  101 3112 -5278.0000 -5495.7794  4.13%  1138 3270s
  4870  3260 -5309.5291  109 3048 -5278.0000 -5495.7794  4.13%  1137 3275s
  4888  3278 -5288.5709  118 2633 -5278.0000 -5495.7794  4.13%  1135 3280s
  4907  3285 -5489.9088   26 4259 -5278.0000 -5495.7787  4.13%  1134 3290s
  4909  3287 -5484.5612   28 4150 -5278.0000 -5495.7787  4.13%  1135 3295s
  4912  3290 -5474.9166   31 4074 -5278.0000 -5495.7787  4.13%  1136 3300s
  4915  3293 -5464.5856   34 4023 -5278.0000 -5495.7787  4.13%  1136 3305s
  4918  3296 -5456.3919   37 3948 -5278.0000 -5495.7787  4.13%  1137 3310s
  4922  3300 -5444.9360   41 3858 -5278.0000 -5495.7787  4.13%  1138 3315s
  4927  3305 -5431.6344   46 3754 -5278.0000 -5495.7787  4.13%  1138 3320s
  4933  3311 -5414.5968   52 3647 -5278.0000 -5495.7787  4.13%  1139 3325s
  4938  3316 -5402.2825   57 3551 -5278.0000 -5495.7787  4.13%  1139 3330s
  4946  3324 -5379.5779   65 3448 -5278.0000 -5495.7787  4.13%  1140 3335s
  4954  3332 -5363.4124   73 3388 -5278.0000 -5495.7787  4.13%  1140 3340s
  4964  3342 -5341.5576   83 3259 -5278.0000 -5495.7787  4.13%  1139 3345s
  4979  3357 -5312.4367   98 3113 -5278.0000 -5495.7787  4.13%  1138 3350s
  4988  3366 -5299.0330  107 3017 -5278.0000 -5495.7787  4.13%  1137 3357s
  4991  3369 -5292.2476  110 2948 -5278.0000 -5495.7787  4.13%  1137 3360s
  5010  3370 -5489.6633   26 4249 -5278.0000 -5495.2375  4.12%  1137 3378s
  5011  3371 -5485.9439   27 4190 -5278.0000 -5495.2375  4.12%  1138 3382s
  5013  3373 -5481.8938   29 4110 -5278.0000 -5495.2375  4.12%  1139 3386s
  5016  3376 -5470.5997   32 4044 -5278.0000 -5495.2375  4.12%  1139 3391s
  5019  3379 -5461.2907   35 3957 -5278.0000 -5495.2375  4.12%  1140 3395s
  5023  3383 -5451.3682   39 3864 -5278.0000 -5495.2375  4.12%  1141 3400s
  5028  3388 -5437.7635   44 3780 -5278.0000 -5495.2375  4.12%  1141 3405s
  5033  3393 -5424.1712   49 3637 -5278.0000 -5495.2375  4.12%  1142 3410s
  5039  3399 -5409.8690   55 3535 -5278.0000 -5495.2375  4.12%  1142 3415s
  5047  3407 -5392.6268   63 3401 -5278.0000 -5495.2375  4.12%  1142 3420s
  5056  3416 -5370.5934   72 3267 -5278.0000 -5495.2375  4.12%  1142 3425s
  5067  3427 -5346.5240   83 3127 -5278.0000 -5495.2375  4.12%  1141 3430s
  5084  3444 -5316.1904  100 2907 -5278.0000 -5495.2375  4.12%  1140 3435s
  5113  3473 -5288.2616  129 2417 -5278.0000 -5495.2375  4.12%  1136 3440s
  5144  3478 -5490.2534   25 4246 -5278.0000 -5495.2078  4.12%  1133 3450s
  5146  3480 -5487.0103   26 4191 -5278.0000 -5495.2078  4.12%  1135 3456s
  5149  3483 -5480.9175   28 4114 -5278.0000 -5495.2078  4.12%  1135 3460s
  5152  3486 -5477.8056   29 4093 -5278.0000 -5495.2078  4.12%  1136 3465s
  5155  3489 -5475.5377   30 4083 -5278.0000 -5495.2078  4.12%  1136 3470s
  5158  3492 -5471.2930   31 4052 -5278.0000 -5495.2078  4.12%  1137 3475s
  5161  3495 -5469.5002   32 4021 -5278.0000 -5495.2078  4.12%  1138 3480s
  5164  3498 -5468.0788   32 4027 -5278.0000 -5495.2078  4.12%  1138 3485s
  5168  3502 -5463.9168   34 3980 -5278.0000 -5495.2078  4.12%  1139 3491s
  5171  3505 -5460.5778   35 3951 -5278.0000 -5495.2078  4.12%  1139 3495s
  5174  3508 -5460.9515   35 3947 -5278.0000 -5495.2078  4.12%  1140 3500s
  5177  3511 -5460.4021   35 3958 -5278.0000 -5495.2078  4.12%  1141 3505s
  5181  3515 -5457.8221   36 3944 -5278.0000 -5495.2078  4.12%  1142 3510s
  5184  3518 -5454.4921   37 3905 -5278.0000 -5495.2078  4.12%  1142 3515s
  5189  3523 -5453.7646   38 3879 -5278.0000 -5495.2078  4.12%  1143 3520s
  5194  3528 -5446.2351   41 3827 -5278.0000 -5495.2078  4.12%  1143 3526s
  5198  3532 -5447.2894   41 3809 -5278.0000 -5495.2078  4.12%  1144 3530s
  5202  3536 -5443.8909   42 3805 -5278.0000 -5495.2078  4.12%  1145 3535s
  5206  3540 -5440.7724   43 3810 -5278.0000 -5495.2078  4.12%  1145 3540s
  5209  3543 -5438.0203   43 3774 -5278.0000 -5495.2078  4.12%  1147 3545s
  5214  3548 -5438.0139   44 3785 -5278.0000 -5495.2078  4.12%  1147 3550s
  5219  3553 -5436.0184   45 3758 -5278.0000 -5495.2078  4.12%  1148 3555s
  5225  3559 -5432.7272   47 3707 -5278.0000 -5495.2078  4.12%  1148 3560s
  5230  3564 -5427.0003   48 3709 -5278.0000 -5495.2078  4.12%  1149 3566s
  5235  3569 -5421.7226   52 3626 -5278.0000 -5495.2078  4.12%  1149 3570s
  5242  3576 -5420.1414   53 3643 -5278.0000 -5495.2078  4.12%  1149 3575s
  5249  3583 -5412.5825   55 3568 -5278.0000 -5495.2078  4.12%  1150 3580s
  5254  3588 -5408.8563   56 3552 -5278.0000 -5495.2078  4.12%  1150 3585s
  5261  3595 -5406.7855   57 3549 -5278.0000 -5495.2078  4.12%  1150 3590s
  5267  3601 -5403.9998   58 3517 -5278.0000 -5495.2078  4.12%  1151 3595s
  5275  3609 -5400.0781   58 3532 -5278.0000 -5495.2078  4.12%  1151 3600s
  5281  3615 -5400.2868   60 3517 -5278.0000 -5495.2078  4.12%  1151 3605s
  5288  3622 -5393.2703   63 3458 -5278.0000 -5495.2078  4.12%  1151 3610s
  5296  3630 -5387.1884   66 3429 -5278.0000 -5495.2078  4.12%  1152 3615s
  5304  3638 -5381.7067   67 3404 -5278.0000 -5495.2078  4.12%  1152 3620s
  5313  3647 -5373.9251   71 3366 -5278.0000 -5495.2078  4.12%  1152 3625s
  5322  3656 -5368.3894   73 3358 -5278.0000 -5495.2078  4.12%  1151 3630s
  5332  3666 -5358.2962   78 3281 -5278.0000 -5495.2078  4.12%  1151 3635s
  5343  3677 -5352.5503   82 3213 -5278.0000 -5495.2078  4.12%  1151 3640s
  5355  3689 -5341.4815   88 3120 -5278.0000 -5495.2078  4.12%  1150 3645s
  5370  3704 -5329.0575   96 3035 -5278.0000 -5495.2078  4.12%  1149 3650s
  5387  3721 -5325.3785  100 3019 -5278.0000 -5495.2078  4.12%  1147 3655s
  5409  3743 -5316.7732  105 2981 -5278.0000 -5495.2078  4.12%  1145 3660s
  5429  3763 -5309.4431  108 2947 -5278.0000 -5495.2078  4.12%  1143 3665s
  5445  3779 -5304.8841  112 2883 -5278.0000 -5495.2078  4.12%  1142 3670s
  5463  3797 -5297.8723  114 2884 -5278.0000 -5495.2078  4.12%  1140 3675s
  5493  3827 -5287.5832  126 2608 -5278.0000 -5495.2078  4.12%  1137 3680s
  5519  3834 -5489.7688   25 4276 -5278.0000 -5495.2063  4.12%  1136 3699s
  5520  3835 -5486.4839   26 4231 -5278.0000 -5495.2063  4.12%  1137 3701s
  5522  3837 -5481.3483   28 4163 -5278.0000 -5495.2063  4.12%  1137 3705s
  5525  3840 -5474.7151   31 4088 -5278.0000 -5495.2063  4.12%  1138 3710s
  5529  3844 -5464.3590   35 4023 -5278.0000 -5495.2063  4.12%  1138 3715s
  5532  3847 -5456.4862   38 3957 -5278.0000 -5495.2063  4.12%  1139 3720s
  5536  3851 -5447.3582   42 3892 -5278.0000 -5495.2063  4.12%  1139 3725s
  5541  3856 -5434.4819   47 3796 -5278.0000 -5495.2063  4.12%  1140 3730s
  5547  3862 -5420.2519   53 3682 -5278.0000 -5495.2063  4.12%  1140 3735s
  5553  3868 -5406.4711   59 3602 -5278.0000 -5495.2063  4.12%  1140 3740s
  5561  3876 -5384.1357   67 3474 -5278.0000 -5495.2063  4.12%  1140 3745s
  5571  3886 -5357.9406   77 3418 -5278.0000 -5495.2063  4.12%  1140 3750s
  5582  3897 -5334.7250   88 3273 -5278.0000 -5495.2063  4.12%  1140 3755s
  5599  3914 -5300.1007  105 3111 -5278.0000 -5495.2063  4.12%  1139 3760s
  5615  3920 -5489.6006   25 4268 -5278.0000 -5494.6752  4.11%  1140 3778s
  5616  3921 -5485.2444   26 4216 -5278.0000 -5494.6752  4.11%  1140 3781s
  5619  3924 -5477.5256   29 4138 -5278.0000 -5494.6752  4.11%  1141 3786s
  5622  3927 -5471.5163   32 4074 -5278.0000 -5494.6752  4.11%  1141 3790s
  5625  3930 -5463.8368   35 3992 -5278.0000 -5494.6752  4.11%  1142 3795s
  5629  3934 -5452.9710   39 3914 -5278.0000 -5494.6752  4.11%  1142 3800s
  5633  3938 -5440.1707   43 3817 -5278.0000 -5494.6752  4.11%  1143 3805s
  5639  3944 -5424.5221   49 3759 -5278.0000 -5494.6752  4.11%  1143 3810s
  5644  3949 -5410.5885   54 3703 -5278.0000 -5494.6752  4.11%  1144 3815s
  5650  3955 -5395.8621   60 3588 -5278.0000 -5494.6752  4.11%  1144 3820s
  5658  3963 -5374.3471   68 3475 -5278.0000 -5494.6752  4.11%  1144 3825s
  5667  3972 -5352.4864   77 3371 -5278.0000 -5494.6752  4.11%  1144 3830s
  5681  3986 -5329.1452   91 3196 -5278.0000 -5494.6752  4.11%  1143 3835s
  5700  4005 -5294.1700  110 3026 -5278.0000 -5494.6752  4.11%  1141 3840s
  5719  4008 -5282.5204  114 3010 -5278.0000 -5494.6752  4.11%  1139 3845s
  5725  4006 -5488.8565   25 4257 -5278.0000 -5494.5457  4.10%  1140 3852s
  5726  4007 -5485.9799   26 4208 -5278.0000 -5494.5457  4.10%  1141 3855s
  5729  4010 -5478.4358   29 4124 -5278.0000 -5494.5457  4.10%  1141 3861s
  5732  4013 -5471.3110   32 4069 -5278.0000 -5494.5457  4.10%  1142 3866s
  5736  4017 -5460.4107   36 4003 -5278.0000 -5494.5457  4.10%  1143 3871s
  5739  4020 -5451.4839   39 3939 -5278.0000 -5494.5457  4.10%  1143 3875s
  5744  4025 -5441.2853   44 3853 -5278.0000 -5494.5457  4.10%  1144 3881s
  5748  4029 -5428.5413   48 3785 -5278.0000 -5494.5457  4.10%  1144 3885s
  5754  4035 -5411.9243   54 3678 -5278.0000 -5494.5457  4.10%  1144 3890s
  5761  4042 -5392.9622   61 3612 -5278.0000 -5494.5457  4.10%  1145 3895s
  5769  4050 -5371.5100   69 3484 -5278.0000 -5494.5457  4.10%  1145 3900s
  5780  4061 -5344.1907   80 3310 -5278.0000 -5494.5457  4.10%  1144 3905s
  5793  4074 -5309.0880   93 3199 -5278.0000 -5494.5457  4.10%  1144 3910s
  5812  4085     cutoff  108      -5278.0000 -5494.5457  4.10%  1142 3915s
  5816  4083 -5490.6671   25 4262 -5278.0000 -5494.3593  4.10%  1142 3920s
  5818  4085 -5484.6120   27 4178 -5278.0000 -5494.3593  4.10%  1143 3926s
  5820  4087 -5483.9568   27 4155 -5278.0000 -5494.3593  4.10%  1144 3930s
  5823  4090 -5483.9370   27 4158 -5278.0000 -5494.3593  4.10%  1144 3935s
  5826  4093 -5480.9762   28 4135 -5278.0000 -5494.3593  4.10%  1145 3940s
  5829  4096 -5476.9747   30 4096 -5278.0000 -5494.3593  4.10%  1145 3945s
  5833  4100 -5470.6259   32 4040 -5278.0000 -5494.3593  4.10%  1146 3950s
  5837  4104 -5458.4506   35 4028 -5278.0000 -5494.3593  4.10%  1146 3956s
  5841  4108 -5456.7939   36 3984 -5278.0000 -5494.3593  4.10%  1147 3960s
  5845  4112 -5454.9621   36 3980 -5278.0000 -5494.3593  4.10%  1147 3966s
  5848  4115 -5446.7197   39 3910 -5278.0000 -5494.3593  4.10%  1148 3970s
  5852  4119 -5444.9635   39 3907 -5278.0000 -5494.3593  4.10%  1148 3975s
  5856  4123 -5436.7224   42 3849 -5278.0000 -5494.3593  4.10%  1149 3980s
  5861  4128 -5428.9917   45 3788 -5278.0000 -5494.3593  4.10%  1149 3985s
  5866  4133 -5432.7157   44 3785 -5278.0000 -5494.3593  4.10%  1150 3990s
  5871  4138 -5423.0029   47 3772 -5278.0000 -5494.3593  4.10%  1150 3995s
  5875  4142 -5416.3072   48 3755 -5278.0000 -5494.3593  4.10%  1151 4000s
  5881  4148 -5417.3904   49 3728 -5278.0000 -5494.3593  4.10%  1151 4005s
  5888  4155 -5406.4015   54 3672 -5278.0000 -5494.3593  4.10%  1151 4010s
  5895  4162 -5396.4936   57 3584 -5278.0000 -5494.3593  4.10%  1152 4015s
  5900  4167 -5389.4204   59 3546 -5278.0000 -5494.3593  4.10%  1152 4020s
  5906  4173 -5376.2831   62 3537 -5278.0000 -5494.3593  4.10%  1152 4025s
  5915  4182 -5358.9789   67 3469 -5278.0000 -5494.3593  4.10%  1152 4030s
  5923  4190 -5347.8011   70 3437 -5278.0000 -5494.3593  4.10%  1152 4035s
  5930  4197 -5344.6756   71 3413 -5278.0000 -5494.3593  4.10%  1153 4040s
  5940  4207 -5329.5151   76 3310 -5278.0000 -5494.3593  4.10%  1152 4045s
  5951  4218 -5322.5617   78 3282 -5278.0000 -5494.3593  4.10%  1152 4050s
  5962  4229 -5295.4984   87 3165 -5278.0000 -5494.3593  4.10%  1152 4055s
  5975  4240 -5281.5801   92 3141 -5278.0000 -5494.3593  4.10%  1151 4060s
  5983  4238 -5486.9407   26 4262 -5278.0000 -5494.3591  4.10%  1153 4079s
  5984  4239 -5483.7726   27 4178 -5278.0000 -5494.3591  4.10%  1154 4082s
  5985  4240 -5480.0716   28 4149 -5278.0000 -5494.3591  4.10%  1154 4094s

Cutting planes:
  Gomory: 33
  MIR: 151
  Flow cover: 2171
  Zero half: 740
  Mod-K: 10
  RLT: 188
  BQP: 274

Explored 5986 nodes (6917694 simplex iterations) in 4096.01 seconds (5139.65 work units)
Thread count was 1 (of 72 available processors)

Solution count 10: -5278 -5272 -5264 ... -5232

Time limit reached
Best objective -5.278000000000e+03, best bound -5.494000000000e+03, gap 4.0925%

User-callback calls 99302, time in user-callback 0.49 sec

BQP_SOLUTION, 862, 3827, -1959.000000, 4096.008746, 1, -1, 1, 1, 1, -1, -1, 1, 1, -1, 1, -1, 1, -1, 1, -1, 1, -1, -1, -1, 1, 1, -1, -1, -1, -1, 1, 1, -1, 1, 1, 1, 1, -1, 1, -1, 1, -1, 1, 1, 1, 1, 1, -1, 1, 1, 1, -1, -1, -1, 1, 1, 1, -1, 1, -1, -1, 1, -1, 1, 1, -1, 1, 1, 1, 1, 1, -1, 1, 1, -1, -1, 1, -1, 1, 1, -1, 1, -1, -1, 1, -1, -1, -1, 1, -1, 1, 1, -1, 1, -1, 1, 1, -1, 1, -1, -1, -1, 1, 1, -1, 1, -1, -1, 1, 1, 1, -1, 1, -1, 1, 1, 1, -1, -1, -1, 1, 1, -1, 1, 1, -1, 1, 1, -1, -1, -1, -1, -1, 1, -1, 1, 1, -1, 1, 1, -1, -1, 1, -1, 1, 1, -1, 1, 1, 1, 1, -1, -1, 1, 1, -1, 1, -1, -1, 1, 1, -1, -1, 1, -1, -1, -1, 1, 1, 1, 1, 1, 1, -1, 1, 1, -1, 1, -1, 1, -1, 1, -1, -1, 1, 1, -1, -1, -1, 1, 1, 1, 1, 1, -1, 1, 1, 1, 1, -1, 1, 1, 1, -1, -1, 1, 1, 1, 1, 1, 1, -1, -1, 1, 1, 1, -1, -1, 1, 1, 1, -1, -1, -1, 1, 1, 1, -1, 1, -1, -1, 1, 1, -1, -1, -1, 1, 1, 1, -1, -1, 1, 1, 1, 1, 1, -1, -1, -1, 1, 1, 1, -1, -1, -1, 1, 1, 1, -1, 1, -1, 1, -1, 1, -1, -1, -1, 1, 1, 1, -1, -1, -1, 1, 1, 1, 1, -1, -1, 1, 1, -1, 1, 1, -1, -1, 1, -1, 1, -1, -1, 1, -1, 1, -1, -1, -1, 1, -1, 1, 1, -1, -1, 1, -1, 1, -1, -1, 1, 1, -1, 1, 1, -1, -1, 1, -1, 1, 1, -1, 1, 1, -1, 1, 1, -1, -1, 1, 1, -1, 1, -1, -1, 1, -1, -1, 1, -1, -1, 1, 1, -1, 1, -1, -1, 1, 1, -1, 1, -1, 1, 1, 1, -1, 1, 1, -1, 1, 1, -1, 1, -1, -1, 1, -1, 1, -1, -1, 1, 1, 1, -1, -1, -1, 1, 1, 1, -1, -1, 1, -1, 1, 1, 1, 1, -1, -1, 1, 1, -1, -1, -1, -1, 1, 1, -1, 1, -1, -1, 1, 1, -1, 1, -1, -1, 1, 1, -1, 1, -1, -1, 1, 1, -1, -1, 1, -1, 1, -1, 1, -1, -1, -1, 1, 1, -1, 1, 1, -1, 1, -1, 1, -1, 1, 1, -1, 1, -1, 1, -1, -1, 1, -1, 1, -1, -1, -1, -1, 1, -1, -1, -1, 1, 1, -1, -1, 1, -1, -1, 1, -1, -1, -1, -1, -1, -1, -1, -1, -1, -1, 1, 1, 1, -1, -1, -1, -1, 1, -1, -1, -1, 1, -1, 1, 1, -1, -1, -1, 1, 1, 1, -1, -1, -1, 1, 1, 1, -1, -1, -1, 1, 1, -1, 1, -1, -1, 1, 1, -1, -1, -1, 1, 1, 1, -1, 1, -1, -1, 1, 1, -1, 1, 1, 1, 1, 1, -1, 1, -1, -1, 1, 1, -1, -1, 1, -1, 1, 1, 1, -1, 1, -1, -1, 1, -1, 1, 1, -1, 1, 1, -1, 1, 1, -1, -1, 1, -1, -1, 1, -1, 1, 1, -1, -1, 1, 1, -1, -1, 1, -1, -1, 1, 1, -1, 1, -1, 1, 1, -1, 1, 1, 1, 1, 1, -1, -1, -1, -1, 1, 1, -1, -1, -1, 1, 1, -1, -1, -1, 1, -1, 1, 1, -1, -1, 1, -1, 1, 1, -1, -1, 1, -1, -1, 1, -1, -1, 1, -1, 1, 1, -1, -1, 1, -1, -1, 1, -1, -1, 1, -1, -1, 1, -1, 1, -1, 1, -1, 1, -1, -1, -1, 1, -1, -1, -1, -1, 1, 1, -1, 1, -1, -1, 1, -1, -1, 1, -1, 1, 1, -1, -1, 1, -1, -1, 1, 1, 1, -1, -1, -1, 1, 1, -1, 1, -1, 1, -1, 1, -1, -1, 1, -1, 1, -1, -1, 1, -1, 1, -1, 1, -1, 1, 1, 1, -1, 1, 1, -1, -1, 1, 1, 1, -1, 1, 1, -1, -1, 1, -1, 1, -1, 1, 1, 1, 1, -1, -1, 1, 1, 1, 1, 1, -1, 1, 1, 1, 1, -1, 1, 1, 1, 1, 1, -1, 1, -1, 1, 1, 1, -1, -1, 1, 1, 1, 1, 1, 1, 1, 1, -1, 1, 1, 1, 1, 1, 1, -1, 1, 1, -1, 1, 1, 1, 1, 1, 1, 1, 1, 1, 1, 1, 1, 1, 1, 1, 1, -1, 1, 1, 1, 1, 1, 1, 1, 1, 1, 1, 1, -1, 1, -1, 1, 1, 1, 1, 1, -1, 1, 1, 1, -1, 1, 1, 1, 1, 1, 1, -1, 1, 1, 1, 1, -1, 1, -1, 1, 1, 1, 1, 1, -1, 1, -1, 1, 1, -1, -1, 1, -1, 1, -1, -1, -1, -1, 1, 1, 1, -1, -1, 1, -1, 1, 1, 1, -1, 1, 1, 1, 1, 1, -1, -1, 1, 1, 1, 1, 1, 1, -1, 1, 1, -1, -1, -1, 1, -1
BQP_DATA, 862, 3827, -1959.000000, -2175.000000, -5278.000000, -5494.000000, 4096.008746, 3105, 5986
