Set parameter TSPort to value 51199
Set parameter TokenServer to value "open-license1.lanl.gov"
Set parameter TimeLimit to value 4096
Set parameter Threads to value 1
Gurobi Optimizer version 10.0.3 build v10.0.3rc0 (linux64)

CPU model: Intel(R) Xeon(R) CPU E5-2695 v4 @ 2.10GHz, instruction set [SSE2|AVX|AVX2]
Thread count: 36 physical cores, 72 logical processors, using up to 1 threads

Optimize a model with 0 rows, 862 columns and 0 nonzeros
Model fingerprint: 0xd2366e33
Model has 3802 quadratic objective terms
Variable types: 0 continuous, 862 integer (862 binary)
Coefficient statistics:
  Matrix range     [0e+00, 0e+00]
  Objective range  [2e+00, 3e+01]
  QObjective range [8e+00, 8e+00]
  Bounds range     [1e+00, 1e+00]
  RHS range        [0e+00, 0e+00]
Found heuristic solution: objective 0.0000000
Found heuristic solution: objective -1444.000000
Found heuristic solution: objective -5178.000000
Found heuristic solution: objective -5196.000000
Presolve time: 0.26s
Presolved: 3802 rows, 4664 columns, 11406 nonzeros
Variable types: 0 continuous, 4664 integer (4664 binary)

Root relaxation: objective -7.140000e+03, 1062 iterations, 0.02 seconds (0.01 work units)

    Nodes    |    Current Node    |     Objective Bounds      |     Work
 Expl Unexpl |  Obj  Depth IntInf | Incumbent    BestBd   Gap | It/Node Time

     0     0 -7140.0000    0  862 -5196.0000 -7140.0000  37.4%     -    0s
     0     0 -6504.0000    0 1193 -5196.0000 -6504.0000  25.2%     -    0s
     0     0 -6502.0000    0 1194 -5196.0000 -6502.0000  25.1%     -    0s
     0     0 -6366.0000    0 1297 -5196.0000 -6366.0000  22.5%     -    1s
     0     0 -6366.0000    0 1283 -5196.0000 -6366.0000  22.5%     -    1s
     0     2 -6365.9667    0 1283 -5196.0000 -6365.9667  22.5%     -    1s
   413   393 -6301.5000    7 1317 -5196.0000 -6357.0000  22.3%  78.3    5s
   523   498 -5966.3251    7 1901 -5196.0000 -5966.3251  14.8%  79.7   11s
   534   505 -5851.3108   11 2436 -5196.0000 -5851.3108  12.6%  78.1   19s
   535   506 -5467.6667  130 2543 -5196.0000 -5836.4592  12.3%  78.0   22s
   543   511 -5321.0000  161 2780 -5196.0000 -5829.4105  12.2%  76.8   25s
   544   512 -5536.1667  119 2945 -5196.0000 -5771.9069  11.1%  76.7   34s
   545   513 -5760.0808   35 3071 -5196.0000 -5760.0808  10.9%  76.5   38s
   546   513 -5592.1667  108 3134 -5196.0000 -5757.1687  10.8%  76.4   40s
   555   519 -5213.6667  193 3441 -5196.0000 -5713.9905  10.0%  75.1   53s
   556   520 -5706.3485   28 3477 -5196.0000 -5706.3485  9.82%  75.0   57s
   558   521 -5703.3749   20 3577 -5196.0000 -5703.3749  9.76%  74.7   60s
   565   526 -5332.5000  159 3741 -5196.0000 -5668.4120  9.09%  73.8   73s
   566   527 -5663.7238   90 3737 -5196.0000 -5663.7238  9.00%  73.7   77s
   568   528 -5471.1667  129 3790 -5196.0000 -5662.2357  8.97%  73.4   80s
   573   531 -5647.6565   40 3820 -5196.0000 -5647.6565  8.69%  72.8   88s
   574   532 -5433.6667  137 3863 -5196.0000 -5645.1668  8.64%  72.7   91s
   583   538 -5275.6667  174 3891 -5196.0000 -5634.5195  8.44%  71.5  101s
   588   541 -5632.2659   63 3973 -5196.0000 -5632.2659  8.40%  70.9  105s
   591   543 -5402.0000  145 3909 -5196.0000 -5622.7478  8.21%  70.6  112s
   592   544 -5435.1667  138 3941 -5196.0000 -5620.3521  8.17%  70.5  115s
   599   549 -5612.4246   82 3954 -5196.0000 -5612.4246  8.01%  69.6  123s
   600   549 -5302.6667  167 3971 -5196.0000 -5611.0919  7.99%  69.5  125s
   608   555 -5604.8307   11 3950 -5196.0000 -5604.8307  7.87%  68.6  133s
   609   555 -5256.6667  179 4017 -5196.0000 -5603.1439  7.84%  68.5  136s
   616   560 -5599.7259   35 3989 -5196.0000 -5599.7259  7.77%  67.7  142s
   618   561 -5443.1667  134 4024 -5196.0000 -5598.4928  7.75%  67.5  145s
   623   565 -5594.1565    7 4033 -5196.0000 -5594.1565  7.66%  66.9  151s
   627   567 -5592.8335   44 4067 -5196.0000 -5592.8335  7.64%  66.5  155s
   633   571 -5336.6667  158 4092 -5196.0000 -5587.7274  7.54%  65.9  161s
   640   576 -5375.0000  150 4071 -5196.0000 -5584.6087  7.48%  65.2  167s
   644   579 -5536.1667  119 4122 -5196.0000 -5583.8802  7.46%  64.8  170s
   647   581 -5395.0000  146 4112 -5196.0000 -5579.4555  7.38%  64.5  176s
   653   585 -5577.1198   26 4085 -5196.0000 -5577.1198  7.33%  63.9  181s
   660   589 -5573.6515   42 4094 -5196.0000 -5573.6515  7.27%  63.2  188s
   661   590 -5572.8571    6 4118 -5196.0000 -5572.8571  7.25%  63.1  190s
   667   594 -5394.0000  147 4091 -5196.0000 -5570.4874  7.21%  62.5  195s
   674   599 -5433.6667  137 4125 -5196.0000 -5567.5643  7.15%  61.9  202s
   677   601 -5566.7349   43 4151 -5196.0000 -5566.7349  7.14%  61.6  205s
   683   605 -5275.6667  174 4165 -5196.0000 -5565.1681  7.10%  61.1  210s
   689   609 -5563.0154   34 4151 -5196.0000 -5563.0154  7.06%  60.5  215s
   695   613 -5214.6667  192 4181 -5196.0000 -5560.9613  7.02%  60.0  221s
   712   626 -5560.8740   15 2832 -5196.0000 -5560.8740  7.02%   607  233s
   713   626 -5560.8740    5 3884 -5196.0000 -5560.8740  7.02%   606  255s
   714   627 -5560.8740   14 4032 -5196.0000 -5560.8740  7.02%   605  267s
   715   628 -5560.8740   83 4072 -5196.0000 -5560.8740  7.02%   604  274s
   716   628 -5560.8740   35 4114 -5196.0000 -5560.8740  7.02%   604  276s
   723   633 -5560.8740    7 4173 -5196.0000 -5560.8740  7.02%   598  280s
   724   634 -5557.5659   24 4134 -5196.0000 -5557.5659  6.96%   597  285s
   730   638 -5416.0000  141 4145 -5196.0000 -5554.0238  6.89%   592  293s
   731   638 -5553.4044   23 4152 -5196.0000 -5553.4044  6.88%   591  295s
   737   642 -5302.6667  168 4184 -5196.0000 -5550.7132  6.83%   586  301s
   743   646 -5321.0000  161 4202 -5196.0000 -5548.0258  6.77%   582  308s
   744   647 -5536.1667  119 4202 -5196.0000 -5547.5277  6.77%   581  310s
   750   651 -5545.2601   90 4196 -5196.0000 -5545.2601  6.72%   576  316s
   756   655 -5544.7164   28 4232 -5196.0000 -5544.7164  6.71%   572  320s
   758   656 -5542.7585   20 4229 -5196.0000 -5542.7585  6.67%   570  325s
   763   660 -5540.8341   95 4237 -5196.0000 -5540.8341  6.64%   566  331s
   769   664 -5539.4166   24 4258 -5196.0000 -5539.4166  6.61%   562  337s
   774   667 -5433.6667  137 4260 -5196.0000 -5538.9465  6.60%   558  340s
   777   669 -5537.4633   43 4273 -5196.0000 -5537.4633  6.57%   556  345s
   782   672 -5536.2310   27 4284 -5196.0000 -5536.2310  6.55%   553  350s
   786   675 -5535.0561   51 4265 -5196.0000 -5535.0561  6.53%   550  355s
   793   680 -5533.8887   41 4268 -5196.0000 -5533.8887  6.50%   545  361s
   798   683 -5532.3102   13 4260 -5196.0000 -5532.3102  6.47%   542  368s
   800   684 -5302.6667  167 4289 -5196.0000 -5531.9096  6.46%   540  370s
   807   689 -5531.1710   18 4285 -5196.0000 -5531.1710  6.45%   535  375s
   813   693 -5530.1277    5 4287 -5196.0000 -5530.1277  6.43%   532  380s
   820   698 -5529.1803   55 4293 -5196.0000 -5529.1803  6.41%   527  385s
   826   702 -5268.6667  176 4287 -5196.0000 -5527.4728  6.38%   523  392s
   832   706 -5527.0379   27 4317 -5196.0000 -5527.0379  6.37%   519  395s
   835   708 -5467.6667  130 4288 -5196.0000 -5525.8298  6.35%   518  400s
   845   714 -5525.0457   35 4282 -5196.0000 -5525.0457  6.33%   511  406s
   850   718 -5524.4535   90 4289 -5196.0000 -5524.4535  6.32%   508  410s
   858   723 -5523.7857   20 4294 -5196.0000 -5523.7857  6.31%   504  415s
   866   728 -5523.2569   90 4300 -5196.0000 -5523.2569  6.30%   499  420s
   872   732 -5522.6236   50 4312 -5196.0000 -5522.6236  6.29%   496  425s
   882   739 -5521.9371   27 4306 -5196.0000 -5521.9371  6.27%   490  430s
   889   744 -5521.4426   34 4344 -5196.0000 -5521.4426  6.26%   486  435s
   897   749 -5521.0135   15 4342 -5196.0000 -5521.0135  6.26%   482  440s
   906   755 -5290.6667  171 4347 -5196.0000 -5520.6002  6.25%   477  445s
   916   762 -5520.2421   35 4344 -5196.0000 -5520.2421  6.24%   472  450s
   925   768 -5519.5447   89 4356 -5196.0000 -5519.5447  6.23%   467  455s
   934   774 -5519.0866   11 4325 -5196.0000 -5519.0866  6.22%   463  460s
   943   780 -5321.0000  161 4350 -5196.0000 -5518.6654  6.21%   458  465s
   949   784 -5517.8922    4 4331 -5196.0000 -5517.8922  6.19%   455  470s
   959   790 -5517.4520   11 4345 -5196.0000 -5517.4520  6.19%   451  475s
   968   796 -5471.1667  129 4362 -5196.0000 -5516.9982  6.18%   446  480s
   974   800 -5433.6667  137 4347 -5196.0000 -5516.4402  6.17%   444  485s
   980   804 -5422.6667  140 4355 -5196.0000 -5515.9381  6.16%   441  490s
   989   810 -5515.5862   34 4353 -5196.0000 -5515.5862  6.15%   437  495s
   999   817 -5515.1684   82 4360 -5196.0000 -5515.1684  6.14%   433  500s
  1008   823 -5514.9171   11 4353 -5196.0000 -5514.9171  6.14%   429  505s
  1018   830 -5443.1667  134 4354 -5196.0000 -5514.6018  6.13%   424  510s
  1024   834 -5514.0514   24 4333 -5196.0000 -5514.0514  6.12%   422  515s
  1033   840 -5336.6667  158 4347 -5196.0000 -5513.8233  6.12%   418  520s
  1042   846 -5268.6667  176 4340 -5196.0000 -5513.2333  6.11%   415  526s
  1048   850 -5512.9225   51 4345 -5196.0000 -5512.9225  6.10%   412  530s
  1058   856 -5512.7998   20 4346 -5196.0000 -5512.7998  6.10%   408  535s
  1067   862 -5394.0000  147 4350 -5196.0000 -5512.6172  6.09%   405  540s
  1076   868 -5512.2951   24 4355 -5196.0000 -5512.2951  6.09%   402  545s
  1085   874 -5512.0996   78 4361 -5196.0000 -5512.0996  6.08%   398  550s
  1095   881 -5214.6667  192 4360 -5196.0000 -5511.8364  6.08%   395  555s
  1107   889 -5511.4353   18 4362 -5196.0000 -5511.4353  6.07%   390  560s
  1126   903 -5268.6667  176 2893 -5196.0000 -5511.2462  6.07%   835  576s
  1127   903 -5511.2462   44 4091 -5196.0000 -5511.2462  6.07%   834  603s
  1128   904 -5511.2462    7 4218 -5196.0000 -5511.2462  6.07%   833  619s
  1129   905 -5511.2462   42 4265 -5196.0000 -5511.2462  6.07%   833  628s
  1130   905 -5416.0000  141 4305 -5196.0000 -5511.2462  6.07%   832  633s
  1131   906 -5511.2462   23 4339 -5196.0000 -5511.2462  6.07%   831  635s
  1139   911 -5511.2379   25 4355 -5196.0000 -5511.2379  6.07%   825  640s
  1147   917 -5395.0000  146 4371 -5196.0000 -5511.0601  6.06%   820  645s
  1153   921 -5511.0335   26 4358 -5196.0000 -5511.0335  6.06%   815  655s
  1154   923 -5509.2705   43 4286 -5196.0000 -5510.9374  6.06%   942  660s
  1155   924 -5507.7327   43 4272 -5196.0000 -5509.1943  6.03%   948  665s
  1156   925 -5505.4312   44 4245 -5196.0000 -5509.1642  6.03%   956  671s
  1157   925 -5506.2555   44 4258 -5196.0000 -5507.6374  6.00%   961  676s
  1159   927 -5503.4476   45 4232 -5196.0000 -5507.6374  6.00%   967  682s
  1160   927 -5502.0729   46 4205 -5196.0000 -5507.6374  6.00%   972  686s
  1161   928 -5500.7702   46 4203 -5196.0000 -5507.6374  6.00%   979  692s
  1162   929 -5500.0562   47 4184 -5196.0000 -5507.6374  6.00%   983  695s
  1164   930 -5498.2007   48 4148 -5196.0000 -5507.6374  6.00%   990  702s
  1166   931 -5496.8403   49 4108 -5196.0000 -5507.6374  6.00%   994  706s
  1169   933 -5493.1200   50 4092 -5196.0000 -5507.6374  6.00%  1003  714s
  1170   934 -5490.8372   51 4058 -5196.0000 -5507.6374  6.00%  1004  716s
  1172   935 -5488.9739   52 4034 -5196.0000 -5507.6374  6.00%  1006  720s
  1174   937 -5486.9991   53 4006 -5196.0000 -5507.6374  6.00%  1012  725s
  1177   939 -5483.9051   54 3974 -5196.0000 -5507.6374  6.00%  1017  731s
  1179   940 -5478.6976   55 3955 -5196.0000 -5507.6374  6.00%  1022  736s
  1182   942 -5475.6643   57 3949 -5196.0000 -5507.6374  6.00%  1024  740s
  1186   945 -5472.0922   59 3892 -5196.0000 -5507.6374  6.00%  1031  747s
  1188   946 -5468.7926   60 3883 -5196.0000 -5507.6374  6.00%  1035  751s
  1191   948 -5466.6395   61 3876 -5196.0000 -5507.6374  6.00%  1038  755s
  1193   949 -5466.1491   62 3835 -5196.0000 -5507.6374  6.00%  1046  762s
  1196   951 -5461.2531   64 3825 -5196.0000 -5507.6374  6.00%  1051  766s
  1198   953 -5458.6412   65 3814 -5196.0000 -5507.6374  6.00%  1054  770s
  1201   955 -5455.2233   66 3799 -5196.0000 -5507.6374  6.00%  1060  775s
  1204   957 -5452.4994   68 3768 -5196.0000 -5507.6374  6.00%  1067  781s
  1208   959 -5448.7404   70 3721 -5196.0000 -5507.6374  6.00%  1069  786s
  1212   962 -5445.8178   72 3698 -5196.0000 -5507.6374  6.00%  1073  790s
  1216   965 -5441.7645   74 3653 -5196.0000 -5507.6374  6.00%  1077  795s
  1221   968 -5432.9747   76 3634 -5196.0000 -5507.6374  6.00%  1083  801s
  1225   971 -5434.8180   78 3611 -5196.0000 -5507.6374  6.00%  1085  805s
  1230   974 -5425.4311   81 3582 -5196.0000 -5507.6374  6.00%  1089  810s
  1235   977 -5420.9272   83 3582 -5196.0000 -5507.6374  6.00%  1092  815s
  1244   983 -5409.7624   88 3526 -5196.0000 -5507.6374  6.00%  1093  821s
  1250   987 -5406.2260   91 3487 -5196.0000 -5507.6374  6.00%  1095  825s
  1257   992 -5397.5862   94 3460 -5196.0000 -5507.6374  6.00%  1096  830s
  1263   996 -5396.5030   97 3447 -5196.0000 -5507.6374  6.00%  1101  835s
  1271  1001 -5388.4582  101 3390 -5196.0000 -5507.6374  6.00%  1101  840s
  1281  1008 -5379.4419  106 3339 -5196.0000 -5507.6374  6.00%  1102  845s
  1291  1015 -5369.1464  111 3321 -5196.0000 -5507.6374  6.00%  1102  850s
  1299  1020 -5358.8490  115 3219 -5196.0000 -5507.6374  6.00%  1104  855s
  1313  1029 -5352.3951  122 3226 -5196.0000 -5507.6374  6.00%  1100  860s
  1330  1041 -5347.1508  131 3147 -5196.0000 -5507.6374  6.00%  1095  865s
H 1342  1000                    -5198.000000 -5507.6374  5.96%  1090  868s
  1349  1006 -5337.7804  140 3067 -5198.0000 -5507.6374  5.96%  1088  870s
  1367  1018 -5317.9085  149 2975 -5198.0000 -5507.6374  5.96%  1082  875s
  1390  1034 -5294.5369  161 2841 -5198.0000 -5507.6374  5.96%  1074  880s
  1407  1045 -5276.7341  169 2781 -5198.0000 -5507.6374  5.96%  1069  885s
  1429  1060 -5248.8838  180 2758 -5198.0000 -5507.6374  5.96%  1063  890s
  1459  1080 -5219.6165  195 2559 -5198.0000 -5507.6374  5.96%  1051  895s
H 1477  1046                    -5200.000000 -5507.6374  5.92%  1043  898s
  1489  1047 -5202.1370  207 2430 -5200.0000 -5507.6374  5.92%  1039  900s
  1503  1036 -5505.0868   44 4219 -5200.0000 -5507.5983  5.92%  1038  908s
  1504  1037 -5501.7634   45 4210 -5200.0000 -5507.5983  5.92%  1041  911s
  1505  1037 -5500.7620   45 4217 -5200.0000 -5507.5983  5.92%  1044  916s
  1507  1039 -5499.0415   46 4169 -5200.0000 -5507.5983  5.92%  1046  920s
  1510  1041 -5494.6217   48 4149 -5200.0000 -5507.5983  5.92%  1049  926s
  1512  1042 -5491.2930   49 4124 -5200.0000 -5507.5983  5.92%  1051  930s
  1515  1044 -5488.4864   50 4085 -5200.0000 -5507.5983  5.92%  1053  935s
  1519  1047 -5483.4702   52 4045 -5200.0000 -5507.5983  5.92%  1056  941s
  1522  1049 -5480.6841   54 3983 -5200.0000 -5507.5983  5.92%  1058  945s
  1525  1051 -5475.6356   55 3975 -5200.0000 -5507.5983  5.92%  1060  951s
  1528  1053 -5469.2133   57 3910 -5200.0000 -5507.5983  5.92%  1062  955s
  1533  1056 -5463.6564   59 3886 -5200.0000 -5507.5983  5.92%  1064  961s
  1538  1059 -5456.1295   62 3822 -5200.0000 -5507.5983  5.92%  1066  965s
  1543  1063 -5449.9228   64 3796 -5200.0000 -5507.5983  5.92%  1067  970s
  1548  1066 -5446.3992   67 3752 -5200.0000 -5507.5983  5.92%  1069  975s
  1552  1069 -5441.1937   69 3683 -5200.0000 -5507.5983  5.92%  1071  980s
  1557  1072 -5435.7301   71 3668 -5200.0000 -5507.5983  5.92%  1073  985s
  1564  1077 -5429.9460   75 3591 -5200.0000 -5507.5983  5.92%  1074  990s
  1571  1081 -5419.8779   78 3574 -5200.0000 -5507.5983  5.92%  1076  995s
  1578  1086 -5414.1143   82 3514 -5200.0000 -5507.5983  5.92%  1076 1000s
  1583  1089 -5409.5891   84 3468 -5200.0000 -5507.5983  5.92%  1078 1005s
  1589  1093 -5403.7889   87 3409 -5200.0000 -5507.5983  5.92%  1083 1011s
  1596  1098 -5397.7009   91 3402 -5200.0000 -5507.5983  5.92%  1082 1015s
  1606  1105 -5388.8749   96 3387 -5200.0000 -5507.5983  5.92%  1082 1020s
  1618  1113 -5381.8701  102 3350 -5200.0000 -5507.5983  5.92%  1080 1025s
  1628  1119 -5373.0727  107 3285 -5200.0000 -5507.5983  5.92%  1080 1030s
  1638  1126 -5367.3301  112 3230 -5200.0000 -5507.5983  5.92%  1080 1035s
  1649  1133 -5355.0347  117 3184 -5200.0000 -5507.5983  5.92%  1079 1040s
  1663  1143 -5343.1078  124 3157 -5200.0000 -5507.5983  5.92%  1076 1045s
  1679  1153 -5332.9799  132 3092 -5200.0000 -5507.5983  5.92%  1073 1050s
  1697  1165 -5316.2913  141 3017 -5200.0000 -5507.5983  5.92%  1069 1055s
  1719  1180 -5295.4623  152 2943 -5200.0000 -5507.5983  5.92%  1062 1060s
  1738  1193 -5290.6577  162 2921 -5200.0000 -5507.5983  5.92%  1057 1065s
  1763  1209 -5280.0192  174 2810 -5200.0000 -5507.5983  5.92%  1050 1070s
  1786  1225 -5269.9312  186 2705 -5200.0000 -5507.5983  5.92%  1043 1075s
  1811  1241 -5259.0840  198 2658 -5200.0000 -5507.5983  5.92%  1036 1080s
  1835  1257 -5247.0250  210 2311 -5200.0000 -5507.5983  5.92%  1030 1085s
  1861  1275 -5233.0016  223 2435 -5200.0000 -5507.5983  5.92%  1024 1090s
  1889  1293 -5220.8059  237 1665 -5200.0000 -5507.5983  5.92%  1017 1095s
H 1909  1263                    -5204.000000 -5507.5983  5.83%  1011 1098s
  1923  1270     cutoff  254      -5204.0000 -5507.5983  5.83%  1008 1100s
  1938  1262 -5503.5203   44 4266 -5204.0000 -5505.4295  5.79%  1006 1107s
  1939  1263 -5500.5290   45 4233 -5204.0000 -5505.4295  5.79%  1008 1110s
  1941  1264 -5497.0582   46 4199 -5204.0000 -5505.4295  5.79%  1010 1115s
  1944  1266 -5493.9899   47 4195 -5204.0000 -5505.4295  5.79%  1011 1120s
  1947  1268 -5489.8042   49 4129 -5204.0000 -5505.4295  5.79%  1014 1126s
  1949  1269 -5486.0480   50 4081 -5204.0000 -5505.4295  5.79%  1016 1131s
  1952  1271 -5482.1882   51 4069 -5204.0000 -5505.4295  5.79%  1017 1136s
  1955  1273 -5477.6383   53 4024 -5204.0000 -5505.4295  5.79%  1019 1141s
  1958  1275 -5473.5454   54 3989 -5204.0000 -5505.4295  5.79%  1021 1145s
  1962  1278 -5466.8250   56 3968 -5204.0000 -5505.4295  5.79%  1023 1150s
  1965  1280 -5467.1329   58 3919 -5204.0000 -5505.4295  5.79%  1024 1155s
  1968  1282 -5462.8550   59 3923 -5204.0000 -5505.4295  5.79%  1026 1160s
  1972  1285 -5458.1879   61 3862 -5204.0000 -5505.4295  5.79%  1028 1165s
  1976  1287 -5454.7366   63 3821 -5204.0000 -5505.4295  5.79%  1031 1170s
  1982  1291 -5446.4917   66 3767 -5204.0000 -5505.4295  5.79%  1031 1175s
  1986  1294 -5443.7300   68 3717 -5204.0000 -5505.4295  5.79%  1033 1180s
  1992  1298 -5437.9399   71 3662 -5204.0000 -5505.4295  5.79%  1035 1185s
  1994  1299 -5434.2149   72 3650 -5204.0000 -5505.4295  5.79%  1035 1191s
  1997  1301 -5433.8248   74 3608 -5204.0000 -5505.4295  5.79%  1036 1197s
  2000  1303 -5427.4279   75 3616 -5204.0000 -5505.4295  5.79%  1036 1203s
  2002  1305 -5429.1672   76 3591 -5204.0000 -5505.4295  5.79%  1036 1205s
  2004  1306 -5425.2541   77 3586 -5204.0000 -5505.4295  5.79%  1037 1242s
  2008  1309 -5420.0132   79 3586 -5204.0000 -5505.4295  5.79%  1037 1245s
  2015  1313 -5414.2109   83 3500 -5204.0000 -5505.4295  5.79%  1038 1250s
  2023  1319 -5404.9975   87 3464 -5204.0000 -5505.4295  5.79%  1039 1255s
  2032  1325 -5394.3172   91 3432 -5204.0000 -5505.4295  5.79%  1039 1260s
  2043  1332 -5391.6716   97 3388 -5204.0000 -5505.4295  5.79%  1038 1265s
  2053  1339 -5383.1310  102 3350 -5204.0000 -5505.4295  5.79%  1038 1270s
  2064  1346 -5374.4431  107 3298 -5204.0000 -5505.4295  5.79%  1037 1275s
H 2073  1306                    -5206.000000 -5505.4295  5.75%  1037 1279s
  2074  1309 -5364.7443  112 3251 -5206.0000 -5505.4295  5.75%  1037 1280s
  2087  1317 -5356.8566  119 3203 -5206.0000 -5505.4295  5.75%  1036 1285s
  2101  1327 -5344.0799  126 3157 -5206.0000 -5505.4295  5.75%  1034 1290s
  2117  1337 -5330.0036  134 3096 -5206.0000 -5505.4295  5.75%  1032 1295s
  2134  1349 -5317.3644  142 3029 -5206.0000 -5505.4295  5.75%  1029 1300s
  2150  1359 -5299.7561  150 2979 -5206.0000 -5505.4295  5.75%  1027 1305s
  2171  1373 -5286.9070  161 2927 -5206.0000 -5505.4295  5.75%  1022 1310s
  2196  1390 -5268.5939  173 2636 -5206.0000 -5505.4295  5.75%  1017 1315s
  2222  1407 -5260.7813  186 2495 -5206.0000 -5505.4295  5.75%  1011 1320s
  2254  1429 -5243.7704  202 2329 -5206.0000 -5505.4295  5.75%  1003 1325s
  2290  1453 -5234.2738  220 2179 -5206.0000 -5505.4295  5.75%   994 1330s
  2345  1489 -5219.3754  248 1711 -5206.0000 -5505.4295  5.75%   977 1335s
  2385  1494 -5502.0270   45 4237 -5206.0000 -5505.4263  5.75%   967 1343s
  2386  1495 -5498.9405   46 4219 -5206.0000 -5505.4263  5.75%   969 1346s
  2388  1496 -5496.1425   47 4153 -5206.0000 -5505.4263  5.75%   971 1351s
  2390  1497 -5492.5780   48 4114 -5206.0000 -5505.4263  5.75%   972 1355s
  2393  1499 -5487.4521   50 4080 -5206.0000 -5505.4263  5.75%   973 1360s
  2396  1501 -5481.2412   52 4026 -5206.0000 -5505.4263  5.75%   975 1365s
  2399  1503 -5476.2868   54 3988 -5206.0000 -5505.4263  5.75%   977 1370s
  2402  1505 -5473.8344   55 3967 -5206.0000 -5505.4263  5.75%   978 1375s
  2406  1508 -5471.2699   56 3951 -5206.0000 -5505.4263  5.75%   980 1381s
  2410  1511 -5465.0980   58 3926 -5206.0000 -5505.4263  5.75%   981 1385s
  2415  1514 -5462.3601   59 3900 -5206.0000 -5505.4263  5.75%   982 1390s
  2419  1517 -5459.7790   60 3871 -5206.0000 -5505.4263  5.75%   984 1395s
  2424  1520 -5459.3749   60 3890 -5206.0000 -5505.4263  5.75%   985 1401s
  2427  1522 -5456.7998   61 3853 -5206.0000 -5505.4263  5.75%   986 1405s
  2431  1525 -5456.3328   61 3870 -5206.0000 -5505.4263  5.75%   988 1410s
  2435  1527 -5453.9041   62 3830 -5206.0000 -5505.4263  5.75%   990 1416s
  2439  1530 -5445.7288   64 3808 -5206.0000 -5505.4263  5.75%   991 1420s
  2442  1532 -5448.2073   64 3790 -5206.0000 -5505.4263  5.75%   993 1425s
  2447  1535 -5442.3342   67 3730 -5206.0000 -5505.4263  5.75%   994 1430s
  2454  1540 -5433.3235   72 3645 -5206.0000 -5505.4263  5.75%   996 1435s
  2460  1544 -5427.1586   76 3601 -5206.0000 -5505.4263  5.75%   997 1440s
  2466  1548 -5422.9030   77 3617 -5206.0000 -5505.4263  5.75%   998 1445s
  2475  1554 -5415.0647   81 3574 -5206.0000 -5505.4263  5.75%   998 1450s
  2482  1559 -5411.2996   84 3555 -5206.0000 -5505.4263  5.75%   999 1455s
  2489  1563 -5409.5205   85 3548 -5206.0000 -5505.4263  5.75%  1000 1460s
  2497  1569 -5403.6835   89 3454 -5206.0000 -5505.4263  5.75%  1001 1465s
  2505  1574 -5400.8870   90 3437 -5206.0000 -5505.4263  5.75%  1001 1470s
  2514  1580 -5393.9351   91 3431 -5206.0000 -5505.4263  5.75%  1001 1475s
  2522  1585 -5389.0701   93 3412 -5206.0000 -5505.4263  5.75%  1002 1480s
  2531  1591 -5383.5775   95 3390 -5206.0000 -5505.4263  5.75%  1002 1485s
  2541  1598 -5382.0929   98 3349 -5206.0000 -5505.4263  5.75%  1002 1490s
  2550  1604 -5374.4662  100 3308 -5206.0000 -5505.4263  5.75%  1003 1495s
  2561  1611 -5369.4627  104 3294 -5206.0000 -5505.4263  5.75%  1003 1500s
  2572  1619 -5364.9958  107 3255 -5206.0000 -5505.4263  5.75%  1003 1505s
  2581  1625 -5358.3463  109 3241 -5206.0000 -5505.4263  5.75%  1003 1510s
  2592  1632 -5353.3485  114 3178 -5206.0000 -5505.4263  5.75%  1003 1515s
  2606  1641 -5349.5396  117 3177 -5206.0000 -5505.4263  5.75%  1001 1520s
  2623  1653 -5345.4617  117 3153 -5206.0000 -5505.4263  5.75%  1000 1525s
  2642  1665 -5340.3272  122 3154 -5206.0000 -5505.4263  5.75%   997 1530s
  2655  1674 -5335.8597  123 3143 -5206.0000 -5505.4263  5.75%   996 1535s
  2669  1683 -5334.5360  126 3102 -5206.0000 -5505.4263  5.75%   995 1540s
  2685  1694 -5323.2469  129 3095 -5206.0000 -5505.4263  5.75%   993 1545s
  2703  1706 -5322.1468  135 3040 -5206.0000 -5505.4263  5.75%   991 1550s
  2721  1718 -5310.5190  138 3001 -5206.0000 -5505.4263  5.75%   989 1555s
  2741  1731 -5307.8627  146 2920 -5206.0000 -5505.4263  5.75%   986 1560s
H 2745  1686                    -5208.000000 -5505.4263  5.71%   985 1561s
  2759  1697 -5299.8767  151 2895 -5208.0000 -5505.4263  5.71%   984 1565s
  2783  1713 -5295.2144  154 2818 -5208.0000 -5505.4263  5.71%   980 1570s
  2804  1727 -5288.5484  157 2879 -5208.0000 -5505.4263  5.71%   977 1575s
  2823  1740 -5284.0579  161 2825 -5208.0000 -5505.4263  5.71%   975 1580s
  2844  1754 -5277.4828  163 2829 -5208.0000 -5505.4263  5.71%   972 1585s
  2866  1769 -5270.6447  167 2799 -5208.0000 -5505.4263  5.71%   969 1590s
H 2875  1731                    -5210.000000 -5505.4263  5.67%   968 1592s
  2887  1741 -5265.6148  172 2556 -5210.0000 -5505.4263  5.67%   966 1595s
  2914  1759 -5258.7414  178 2586 -5210.0000 -5505.4263  5.67%   962 1600s
H 2927  1709                    -5214.000000 -5505.4263  5.59%   960 1602s
  2946  1724 -5245.1337  192 2432 -5214.0000 -5505.4263  5.59%   956 1605s
H 2953  1684                    -5216.000000 -5505.4263  5.55%   955 1605s
H 2979  1682                    -5218.000000 -5505.4263  5.51%   950 1609s
  2981  1686 -5241.4882  209 2236 -5218.0000 -5505.4263  5.51%   950 1610s
H 3005  1667                    -5224.000000 -5505.4263  5.39%   946 1613s
  3017  1681 -5227.6113  218 2233 -5224.0000 -5505.4263  5.39%   944 1615s
H 3031  1575                    -5234.000000 -5505.4263  5.19%   941 1617s
  3044  1563 -5502.9576   45 4229 -5234.0000 -5503.4466  5.15%   939 1621s
H 3045  1519                    -5240.000000 -5503.4466  5.03%   938 1623s
  3046  1522 -5497.9347   47 4169 -5240.0000 -5503.4466  5.03%   940 1625s
  3049  1525 -5491.3458   50 4110 -5240.0000 -5503.4466  5.03%   941 1630s
  3053  1529 -5487.2751   51 4067 -5240.0000 -5503.4466  5.03%   943 1636s
  3056  1532 -5485.2685   52 4050 -5240.0000 -5503.4466  5.03%   944 1641s
  3059  1535 -5480.7877   54 3996 -5240.0000 -5503.4466  5.03%   945 1645s
  3063  1539 -5481.3137   54 4002 -5240.0000 -5503.4466  5.03%   946 1650s
  3067  1543 -5478.1792   55 3983 -5240.0000 -5503.4466  5.03%   947 1655s
  3070  1546 -5475.5516   56 3981 -5240.0000 -5503.4466  5.03%   948 1660s
  3074  1550 -5472.5747   57 3948 -5240.0000 -5503.4466  5.03%   950 1666s
  3077  1553 -5473.3472   57 3976 -5240.0000 -5503.4466  5.03%   951 1670s
  3080  1556 -5469.1272   59 3924 -5240.0000 -5503.4466  5.03%   952 1675s
  3083  1559 -5472.3667   57 3952 -5240.0000 -5503.4466  5.03%   954 1680s
  3086  1562 -5468.4239   58 3932 -5240.0000 -5503.4466  5.03%   955 1685s
  3090  1566 -5463.5855   60 3906 -5240.0000 -5503.4466  5.03%   956 1690s
  3094  1570 -5466.1454   60 3904 -5240.0000 -5503.4466  5.03%   957 1695s
  3099  1575 -5464.9692   60 3873 -5240.0000 -5503.4466  5.03%   959 1701s
  3102  1578 -5459.2614   62 3886 -5240.0000 -5503.4466  5.03%   960 1705s
  3107  1583 -5455.6465   63 3864 -5240.0000 -5503.4466  5.03%   961 1710s
  3112  1588 -5453.1400   64 3849 -5240.0000 -5503.4466  5.03%   962 1715s
  3117  1593 -5452.5753   64 3859 -5240.0000 -5503.4466  5.03%   963 1720s
  3121  1597 -5449.4617   66 3828 -5240.0000 -5503.4466  5.03%   964 1725s
  3126  1602 -5448.6183   66 3847 -5240.0000 -5503.4466  5.03%   966 1730s
  3131  1607 -5444.6742   68 3810 -5240.0000 -5503.4466  5.03%   966 1735s
H 3135  1564                    -5244.000000 -5503.4466  4.95%   967 1738s
  3137  1568 -5443.6263   70 3777 -5244.0000 -5503.4466  4.95%   967 1740s
  3144  1575 -5438.3256   72 3727 -5244.0000 -5503.4466  4.95%   968 1745s
  3149  1580 -5434.7472   74 3701 -5244.0000 -5503.4466  4.95%   969 1750s
  3155  1586 -5433.6849   74 3707 -5244.0000 -5503.4466  4.95%   970 1756s
H 3161  1546                    -5248.000000 -5503.4466  4.87%   970 1760s
  3167  1554 -5425.8047   77 3675 -5248.0000 -5503.4466  4.87%   972 1765s
  3173  1560 -5423.7974   79 3661 -5248.0000 -5503.4466  4.87%   973 1770s
  3178  1565 -5419.8726   80 3650 -5248.0000 -5503.4466  4.87%   974 1775s
  3184  1571 -5415.6688   81 3623 -5248.0000 -5503.4466  4.87%   975 1780s
  3191  1578 -5412.7749   84 3566 -5248.0000 -5503.4466  4.87%   976 1785s
  3198  1585 -5409.3064   85 3559 -5248.0000 -5503.4466  4.87%   976 1790s
  3207  1594 -5405.2473   88 3504 -5248.0000 -5503.4466  4.87%   977 1795s
  3214  1601 -5401.8772   89 3481 -5248.0000 -5503.4466  4.87%   977 1800s
  3224  1611 -5396.0958   94 3450 -5248.0000 -5503.4466  4.87%   977 1805s
  3233  1620 -5386.6878   98 3406 -5248.0000 -5503.4466  4.87%   978 1810s
  3242  1629 -5385.0332  101 3404 -5248.0000 -5503.4466  4.87%   978 1815s
  3252  1639 -5381.9785  103 3356 -5248.0000 -5503.4466  4.87%   978 1820s
  3262  1649 -5375.9364  105 3329 -5248.0000 -5503.4466  4.87%   978 1825s
  3274  1661 -5374.0590  107 3307 -5248.0000 -5503.4466  4.87%   978 1830s
  3285  1672 -5360.4180  110 3296 -5248.0000 -5503.4466  4.87%   977 1835s
H 3291  1663                    -5250.000000 -5503.4466  4.83%   977 1838s
  3297  1671 -5359.7573  115 3256 -5250.0000 -5503.4466  4.83%   977 1840s
  3311  1685 -5350.2611  117 3248 -5250.0000 -5503.4466  4.83%   976 1845s
  3326  1700 -5345.6879  121 3221 -5250.0000 -5503.4466  4.83%   975 1850s
  3342  1716 -5343.7515  123 3197 -5250.0000 -5503.4466  4.83%   974 1855s
  3358  1732 -5339.7424  126 3181 -5250.0000 -5503.4466  4.83%   972 1860s
  3374  1748 -5335.6155  128 3157 -5250.0000 -5503.4466  4.83%   971 1865s
  3389  1763 -5334.0739  129 3167 -5250.0000 -5503.4466  4.83%   970 1870s
  3403  1777 -5330.6186  131 3137 -5250.0000 -5503.4466  4.83%   969 1875s
  3417  1791 -5323.5613  132 3101 -5250.0000 -5503.4466  4.83%   968 1880s
  3431  1805 -5322.7479  133 3083 -5250.0000 -5503.4466  4.83%   967 1885s
  3447  1821 -5318.0059  135 3081 -5250.0000 -5503.4466  4.83%   966 1890s
  3467  1841 -5312.8525  142 3024 -5250.0000 -5503.4466  4.83%   964 1895s
  3483  1857 -5310.9286  142 3004 -5250.0000 -5503.4466  4.83%   963 1900s
  3501  1875 -5301.5639  149 2969 -5250.0000 -5503.4466  4.83%   961 1905s
  3525  1899 -5290.4766  160 2879 -5250.0000 -5503.4466  4.83%   958 1910s
  3549  1923 -5285.5092  169 2826 -5250.0000 -5503.4466  4.83%   956 1915s
  3573  1947 -5278.5599  174 2610 -5250.0000 -5503.4466  4.83%   953 1920s
  3597  1971 -5267.3949  181 2266 -5250.0000 -5503.4466  4.83%   950 1925s
  3623  1997 -5263.0264  188 1703 -5250.0000 -5503.4466  4.83%   947 1930s
  3649  2023 -5256.7823  197 1682 -5250.0000 -5503.4466  4.83%   945 1935s
  3677  2031 -5498.9356   46 4246 -5250.0000 -5503.4451  4.83%   942 1943s
  3678  2032 -5496.6904   47 4207 -5250.0000 -5503.4451  4.83%   943 1946s
  3681  2035 -5492.5705   49 4163 -5250.0000 -5503.4451  4.83%   944 1950s
  3684  2038 -5488.4433   51 4070 -5250.0000 -5503.4451  4.83%   945 1956s
  3687  2041 -5488.8750   50 4143 -5250.0000 -5503.4451  4.83%   946 1961s
  3690  2044 -5485.4466   52 4067 -5250.0000 -5503.4451  4.83%   947 1965s
  3694  2048 -5483.5871   52 4073 -5250.0000 -5503.4451  4.83%   948 1971s
  3697  2051 -5481.6040   54 3996 -5250.0000 -5503.4451  4.83%   949 1975s
  3701  2055 -5478.5766   55 3972 -5250.0000 -5503.4451  4.83%   950 1980s
  3704  2058 -5476.5381   56 3970 -5250.0000 -5503.4451  4.83%   951 1985s
  3707  2061 -5474.9316   56 3954 -5250.0000 -5503.4451  4.83%   952 1990s
  3710  2064 -5468.5807   59 3917 -5250.0000 -5503.4451  4.83%   953 1995s
  3715  2069 -5466.5663   59 3928 -5250.0000 -5503.4451  4.83%   954 2001s
  3718  2072 -5462.5482   61 3877 -5250.0000 -5503.4451  4.83%   955 2005s
  3722  2076 -5463.2866   61 3867 -5250.0000 -5503.4451  4.83%   956 2010s
  3726  2080 -5458.0894   63 3871 -5250.0000 -5503.4451  4.83%   957 2015s
  3732  2086 -5456.4706   64 3861 -5250.0000 -5503.4451  4.83%   958 2020s
  3736  2090 -5455.2216   65 3842 -5250.0000 -5503.4451  4.83%   959 2025s
  3740  2094 -5451.6922   66 3816 -5250.0000 -5503.4451  4.83%   960 2030s
  3744  2098 -5449.1822   67 3795 -5250.0000 -5503.4451  4.83%   961 2035s
  3750  2104 -5446.3086   67 3817 -5250.0000 -5503.4451  4.83%   962 2040s
  3755  2109 -5444.3884   69 3777 -5250.0000 -5503.4451  4.83%   963 2045s
  3760  2114 -5444.6254   69 3779 -5250.0000 -5503.4451  4.83%   964 2050s
  3766  2120 -5438.3650   71 3746 -5250.0000 -5503.4451  4.83%   965 2055s
  3771  2125 -5439.0577   72 3735 -5250.0000 -5503.4451  4.83%   965 2060s
  3777  2131 -5432.5255   75 3695 -5250.0000 -5503.4451  4.83%   966 2065s
  3783  2137 -5427.7737   76 3673 -5250.0000 -5503.4451  4.83%   967 2070s
  3790  2144 -5425.7209   77 3657 -5250.0000 -5503.4451  4.83%   968 2075s
  3797  2151 -5423.5408   78 3688 -5250.0000 -5503.4451  4.83%   968 2080s
  3805  2159 -5420.6301   80 3633 -5250.0000 -5503.4451  4.83%   969 2085s
  3811  2165 -5417.4448   82 3634 -5250.0000 -5503.4451  4.83%   969 2090s
  3818  2172 -5415.0282   83 3608 -5250.0000 -5503.4451  4.83%   970 2095s
  3826  2180 -5407.0555   86 3572 -5250.0000 -5503.4451  4.83%   970 2100s
  3834  2188 -5403.0673   89 3535 -5250.0000 -5503.4451  4.83%   971 2105s
  3841  2195 -5400.7271   90 3526 -5250.0000 -5503.4451  4.83%   971 2110s
  3848  2202 -5395.9546   92 3500 -5250.0000 -5503.4451  4.83%   972 2115s
  3858  2212 -5390.7473   94 3458 -5250.0000 -5503.4451  4.83%   972 2120s
  3868  2222 -5384.3566  100 3420 -5250.0000 -5503.4451  4.83%   972 2125s
  3879  2233 -5380.9522  102 3402 -5250.0000 -5503.4451  4.83%   972 2130s
  3889  2243 -5374.3102  106 3355 -5250.0000 -5503.4451  4.83%   972 2135s
  3901  2255 -5367.3277  109 3344 -5250.0000 -5503.4451  4.83%   972 2140s
  3914  2268 -5362.0578  113 3293 -5250.0000 -5503.4451  4.83%   971 2145s
  3927  2281 -5357.8058  115 3273 -5250.0000 -5503.4451  4.83%   971 2150s
  3939  2293 -5353.7440  118 3255 -5250.0000 -5503.4451  4.83%   970 2155s
  3952  2306 -5348.9323  121 3246 -5250.0000 -5503.4451  4.83%   970 2160s
  3966  2320 -5344.1202  124 3204 -5250.0000 -5503.4451  4.83%   969 2165s
  3982  2336 -5337.1768  128 3173 -5250.0000 -5503.4451  4.83%   968 2170s
  3991  2345 -5330.3211  130 3153 -5250.0000 -5503.4451  4.83%   967 2177s
  3994  2348 -5334.4917  130 3152 -5250.0000 -5503.4451  4.83%   967 2180s
  4008  2362 -5324.1007  136 3097 -5250.0000 -5503.4451  4.83%   967 2185s
  4024  2378 -5320.7948  140 3028 -5250.0000 -5503.4451  4.83%   965 2190s
  4044  2398 -5313.7622  144 2985 -5250.0000 -5503.4451  4.83%   964 2195s
  4065  2419 -5308.4059  147 2969 -5250.0000 -5503.4451  4.83%   962 2200s
  4079  2433 -5302.1796  148 2939 -5250.0000 -5503.4451  4.83%   961 2205s
  4099  2453 -5289.5417  155 2885 -5250.0000 -5503.4451  4.83%   959 2210s
  4120  2474 -5285.8126  161 2765 -5250.0000 -5503.4451  4.83%   958 2215s
  4145  2499 -5277.4368  166 2775 -5250.0000 -5503.4451  4.83%   955 2220s
  4168  2522 -5262.7258  172 2677 -5250.0000 -5503.4451  4.83%   953 2225s
  4193  2547 -5262.4045  177 2372 -5250.0000 -5503.4451  4.83%   951 2230s
  4225  2569     cutoff  188      -5250.0000 -5503.4451  4.83%   947 2235s
  4233  2566 -5497.5191   46 4228 -5250.0000 -5502.9562  4.82%   947 2241s
  4235  2568 -5492.0828   48 4168 -5250.0000 -5502.9562  4.82%   948 2246s
  4238  2571 -5485.2357   51 4087 -5250.0000 -5502.9562  4.82%   949 2251s
  4241  2574 -5475.0322   54 3992 -5250.0000 -5502.9562  4.82%   950 2256s
  4244  2577 -5464.8511   57 3945 -5250.0000 -5502.9562  4.82%   951 2260s
  4248  2581 -5452.5615   61 3850 -5250.0000 -5502.9562  4.82%   952 2265s
  4253  2586 -5440.8084   66 3788 -5250.0000 -5502.9562  4.82%   953 2270s
  4259  2592 -5427.8937   72 3703 -5250.0000 -5502.9562  4.82%   953 2275s
  4265  2598 -5414.6980   78 3602 -5250.0000 -5502.9562  4.82%   954 2280s
  4272  2605 -5395.0024   85 3559 -5250.0000 -5502.9562  4.82%   955 2285s
  4282  2615 -5378.1353   95 3479 -5250.0000 -5502.9562  4.82%   955 2290s
  4293  2626 -5356.7292  106 3359 -5250.0000 -5502.9562  4.82%   954 2295s
  4308  2641 -5330.2009  121 3218 -5250.0000 -5502.9562  4.82%   954 2300s
  4328  2661 -5301.0438  141 3047 -5250.0000 -5502.9562  4.82%   952 2305s
  4352  2685 -5267.1476  165 2632 -5250.0000 -5502.9562  4.82%   950 2310s
  4384  2715 -5253.9805  196 1280 -5250.0000 -5502.9562  4.82%   946 2315s
  4401  2712 -5498.2969   46 4231 -5250.0000 -5501.7602  4.80%   945 2322s
  4403  2714 -5493.3616   48 4150 -5250.0000 -5501.7602  4.80%   946 2327s
  4405  2716 -5488.6562   50 4073 -5250.0000 -5501.7602  4.80%   947 2330s
  4408  2719 -5480.7348   53 3987 -5250.0000 -5501.7602  4.80%   948 2335s
  4411  2722 -5473.5552   56 3927 -5250.0000 -5501.7602  4.80%   949 2340s
  4416  2727 -5460.5777   61 3833 -5250.0000 -5501.7602  4.80%   950 2345s
  4421  2732 -5448.1689   66 3765 -5250.0000 -5501.7602  4.80%   950 2350s
  4426  2737 -5439.0360   71 3707 -5250.0000 -5501.7602  4.80%   951 2355s
  4433  2744 -5424.9679   78 3620 -5250.0000 -5501.7602  4.80%   952 2360s
  4440  2751 -5410.0256   85 3526 -5250.0000 -5501.7602  4.80%   952 2365s
  4449  2760 -5391.1543   94 3409 -5250.0000 -5501.7602  4.80%   952 2370s
  4460  2771 -5367.7564  105 3334 -5250.0000 -5501.7602  4.80%   953 2375s
  4472  2783 -5341.5052  117 3217 -5250.0000 -5501.7602  4.80%   952 2380s
  4487  2798 -5307.9948  132 3039 -5250.0000 -5501.7602  4.80%   952 2385s
  4505  2816 -5271.8051  150 2936 -5250.0000 -5501.7602  4.80%   951 2390s
  4524  2821 -5497.0814   46 4197 -5250.0000 -5501.7598  4.80%   950 2399s
  4525  2822 -5494.2679   47 4166 -5250.0000 -5501.7598  4.80%   951 2402s
  4526  2823 -5491.8453   48 4142 -5250.0000 -5501.7598  4.80%   952 2405s
  4529  2826 -5484.9001   51 4063 -5250.0000 -5501.7598  4.80%   952 2410s
  4532  2829 -5474.0893   54 3965 -5250.0000 -5501.7598  4.80%   954 2415s
  4535  2832 -5464.5889   57 3907 -5250.0000 -5501.7598  4.80%   954 2420s
  4538  2835 -5455.2029   60 3875 -5250.0000 -5501.7598  4.80%   955 2425s
  4543  2840 -5440.5730   65 3806 -5250.0000 -5501.7598  4.80%   956 2430s
  4548  2845 -5429.7181   70 3754 -5250.0000 -5501.7598  4.80%   957 2435s
  4555  2852 -5412.6303   77 3679 -5250.0000 -5501.7598  4.80%   957 2440s
  4563  2860 -5391.3486   85 3599 -5250.0000 -5501.7598  4.80%   958 2445s
  4571  2868 -5375.8454   93 3506 -5250.0000 -5501.7598  4.80%   958 2450s
  4580  2877 -5349.9914  102 3433 -5250.0000 -5501.7598  4.80%   958 2455s
  4590  2887 -5323.9271  112 3383 -5250.0000 -5501.7598  4.80%   958 2460s
  4601  2898 -5293.5380  123 3303 -5250.0000 -5501.7598  4.80%   958 2465s
  4612  2909 -5255.8652  134 3200 -5250.0000 -5501.7598  4.80%   958 2470s
  4623  2909 -5252.0848  136 3202 -5250.0000 -5501.7598  4.80%   958 2475s
  4635  2905     cutoff  136      -5250.0000 -5501.7598  4.80%   958 2480s
  4637  2907 -5496.6650   47 4166 -5250.0000 -5500.7106  4.78%   960 2487s
  4639  2909 -5492.1028   49 4097 -5250.0000 -5500.7106  4.78%   960 2490s
  4642  2912 -5483.9879   52 4028 -5250.0000 -5500.7106  4.78%   961 2495s
  4646  2916 -5472.9927   56 3917 -5250.0000 -5500.7106  4.78%   962 2501s
  4650  2920 -5461.7732   60 3842 -5250.0000 -5500.7106  4.78%   963 2506s
  4654  2924 -5452.8175   64 3772 -5250.0000 -5500.7106  4.78%   963 2510s
  4660  2930 -5441.0254   70 3680 -5250.0000 -5500.7106  4.78%   964 2515s
  4667  2937 -5426.1074   77 3581 -5250.0000 -5500.7106  4.78%   965 2520s
  4674  2944 -5407.5228   84 3517 -5250.0000 -5500.7106  4.78%   965 2525s
  4682  2952 -5393.3738   92 3402 -5250.0000 -5500.7106  4.78%   965 2530s
  4692  2962 -5374.1375  102 3305 -5250.0000 -5500.7106  4.78%   965 2535s
  4704  2974 -5350.3247  114 3207 -5250.0000 -5500.7106  4.78%   965 2540s
  4720  2990 -5320.6596  130 3070 -5250.0000 -5500.7106  4.78%   964 2545s
  4737  3007 -5283.9839  147 2938 -5250.0000 -5500.7106  4.78%   963 2550s
  4764  3032     cutoff  174      -5250.0000 -5500.7106  4.78%   961 2555s
  4769  3029 -5497.0031   47 4184 -5250.0000 -5500.6374  4.77%   961 2561s
  4771  3031 -5494.3576   48 4151 -5250.0000 -5500.6374  4.77%   962 2565s
  4774  3034 -5490.0233   50 4081 -5250.0000 -5500.6374  4.77%   963 2570s
  4777  3037 -5487.5755   51 4084 -5250.0000 -5500.6374  4.77%   964 2575s
  4779  3039 -5483.6877   52 4042 -5250.0000 -5500.6374  4.77%   965 2580s
  4782  3042 -5479.9807   53 3995 -5250.0000 -5500.6374  4.77%   966 2585s
  4785  3045 -5484.4537   52 4060 -5250.0000 -5500.6374  4.77%   966 2590s
  4788  3048 -5479.4680   54 4008 -5250.0000 -5500.6374  4.77%   967 2595s
  4791  3051 -5476.4532   55 3975 -5250.0000 -5500.6374  4.77%   968 2600s
  4794  3054 -5475.9807   55 3978 -5250.0000 -5500.6374  4.77%   969 2605s
  4797  3057 -5473.6447   56 3956 -5250.0000 -5500.6374  4.77%   970 2610s
  4801  3061 -5467.1454   58 3889 -5250.0000 -5500.6374  4.77%   971 2615s
  4804  3064 -5466.9877   58 3898 -5250.0000 -5500.6374  4.77%   971 2620s
  4808  3068 -5464.8833   59 3889 -5250.0000 -5500.6374  4.77%   972 2625s
  4812  3072 -5461.0869   60 3870 -5250.0000 -5500.6374  4.77%   973 2630s
  4816  3076 -5461.2786   60 3876 -5250.0000 -5500.6374  4.77%   974 2635s
  4820  3080 -5459.5305   61 3871 -5250.0000 -5500.6374  4.77%   975 2640s
  4823  3083 -5459.3046   61 3842 -5250.0000 -5500.6374  4.77%   975 2645s
  4827  3087 -5454.4288   62 3818 -5250.0000 -5500.6374  4.77%   976 2650s
  4831  3091 -5455.1057   62 3841 -5250.0000 -5500.6374  4.77%   977 2656s
  4835  3095 -5452.0344   64 3823 -5250.0000 -5500.6374  4.77%   978 2660s
  4840  3100 -5444.1484   67 3741 -5250.0000 -5500.6374  4.77%   979 2665s
  4846  3106 -5441.1839   69 3733 -5250.0000 -5500.6374  4.77%   979 2670s
  4851  3111 -5438.4284   70 3711 -5250.0000 -5500.6374  4.77%   980 2675s
  4856  3116 -5432.7014   72 3707 -5250.0000 -5500.6374  4.77%   981 2680s
  4861  3121 -5432.3431   73 3661 -5250.0000 -5500.6374  4.77%   981 2685s
  4867  3127 -5430.6282   73 3668 -5250.0000 -5500.6374  4.77%   982 2690s
  4875  3135 -5425.7709   75 3636 -5250.0000 -5500.6374  4.77%   982 2695s
  4883  3143 -5422.1696   76 3622 -5250.0000 -5500.6374  4.77%   983 2700s
  4890  3150 -5420.3824   78 3622 -5250.0000 -5500.6374  4.77%   983 2705s
  4898  3158 -5415.6156   79 3621 -5250.0000 -5500.6374  4.77%   983 2710s
  4904  3164 -5413.7698   81 3604 -5250.0000 -5500.6374  4.77%   984 2715s
  4911  3171 -5405.8241   83 3561 -5250.0000 -5500.6374  4.77%   984 2720s
  4919  3179 -5403.2108   85 3534 -5250.0000 -5500.6374  4.77%   985 2725s
  4927  3187 -5399.7387   88 3495 -5250.0000 -5500.6374  4.77%   985 2730s
  4935  3195 -5393.5805   91 3446 -5250.0000 -5500.6374  4.77%   985 2735s
  4943  3203 -5390.7520   94 3424 -5250.0000 -5500.6374  4.77%   985 2740s
  4954  3214 -5386.6379   96 3427 -5250.0000 -5500.6374  4.77%   985 2745s
  4965  3225 -5380.2145  101 3365 -5250.0000 -5500.6374  4.77%   985 2750s
  4975  3235 -5374.9683  102 3364 -5250.0000 -5500.6374  4.77%   985 2755s
  4985  3245 -5370.5973  108 3305 -5250.0000 -5500.6374  4.77%   985 2763s
  4988  3248 -5366.9962  108 3317 -5250.0000 -5500.6374  4.77%   985 2768s
  4991  3251 -5364.4466  110 3293 -5250.0000 -5500.6374  4.77%   985 2773s
  4995  3255 -5360.6900  111 3278 -5250.0000 -5500.6374  4.77%   985 2775s
  5008  3268 -5358.2498  115 3263 -5250.0000 -5500.6374  4.77%   984 2780s
  5010  3270 -5355.6682  116 3245 -5250.0000 -5500.6374  4.77%   984 2791s
  5020  3280 -5354.4175  118 3229 -5250.0000 -5500.6374  4.77%   983 2795s
  5033  3293 -5347.7114  122 3174 -5250.0000 -5500.6374  4.77%   983 2800s
  5047  3307 -5342.3745  126 3167 -5250.0000 -5500.6374  4.77%   982 2805s
  5062  3322 -5334.6046  130 3107 -5250.0000 -5500.6374  4.77%   982 2810s
  5077  3337 -5329.0187  131 3109 -5250.0000 -5500.6374  4.77%   981 2815s
  5095  3355 -5324.3108  137 3041 -5250.0000 -5500.6374  4.77%   980 2820s
  5114  3374 -5314.3180  141 2972 -5250.0000 -5500.6374  4.77%   978 2825s
  5135  3395 -5305.9751  152 2881 -5250.0000 -5500.6374  4.77%   976 2830s
  5154  3414 -5293.3699  156 2856 -5250.0000 -5500.6374  4.77%   975 2835s
  5179  3439 -5286.5308  166 2246 -5250.0000 -5500.6374  4.77%   973 2840s
  5207  3467 -5279.1147  172 2442 -5250.0000 -5500.6374  4.77%   971 2845s
  5233  3493 -5273.2900  179 2058 -5250.0000 -5500.6374  4.77%   968 2850s
  5263  3523 -5264.9522  185 1762 -5250.0000 -5500.6374  4.77%   966 2855s
  5307  3567 -5256.8381  197 1603 -5250.0000 -5500.6374  4.77%   961 2860s
  5346  3571 -5495.8780   47 4186 -5250.0000 -5500.2537  4.77%   957 2869s
  5347  3572 -5493.3731   48 4145 -5250.0000 -5500.2537  4.77%   958 2871s
  5349  3574 -5488.4443   50 4099 -5250.0000 -5500.2537  4.77%   959 2875s
  5352  3577 -5481.9950   53 3994 -5250.0000 -5500.2537  4.77%   959 2881s
  5356  3581 -5470.1265   57 3948 -5250.0000 -5500.2537  4.77%   960 2886s
  5359  3584 -5462.3175   60 3889 -5250.0000 -5500.2537  4.77%   961 2890s
  5363  3588 -5452.6079   64 3824 -5250.0000 -5500.2537  4.77%   961 2895s
  5369  3594 -5441.4535   70 3731 -5250.0000 -5500.2537  4.77%   962 2900s
  5375  3600 -5428.3300   76 3654 -5250.0000 -5500.2537  4.77%   962 2905s
  5382  3607 -5415.3094   83 3589 -5250.0000 -5500.2537  4.77%   963 2910s
  5391  3616 -5397.7911   92 3454 -5250.0000 -5500.2537  4.77%   963 2915s
  5403  3628 -5379.7582  104 3329 -5250.0000 -5500.2537  4.77%   963 2920s
  5416  3641 -5350.2185  117 3219 -5250.0000 -5500.2537  4.77%   962 2925s
  5432  3657 -5317.2581  133 3089 -5250.0000 -5500.2537  4.77%   962 2930s
  5454  3679 -5276.1752  155 2907 -5250.0000 -5500.2537  4.77%   960 2935s
  5476  3689 -5496.0716   47 4202 -5250.0000 -5499.5051  4.75%   959 2943s
  5477  3690 -5494.3661   48 4152 -5250.0000 -5499.5051  4.75%   959 2945s
  5480  3693 -5488.1120   49 4151 -5250.0000 -5499.5051  4.75%   960 2950s
  5483  3696 -5488.2877   50 4093 -5250.0000 -5499.5051  4.75%   961 2955s
  5486  3699 -5482.2180   51 4103 -5250.0000 -5499.5051  4.75%   961 2960s
  5489  3702 -5479.7708   52 4027 -5250.0000 -5499.5051  4.75%   962 2966s
  5492  3705 -5476.1914   53 3984 -5250.0000 -5499.5051  4.75%   963 2971s
  5495  3708 -5473.5055   54 3971 -5250.0000 -5499.5051  4.75%   964 2976s
  5498  3711 -5468.1033   56 3916 -5250.0000 -5499.5051  4.75%   965 2981s
  5501  3714 -5468.1789   56 3919 -5250.0000 -5499.5051  4.75%   965 2985s
  5505  3718 -5465.3099   57 3911 -5250.0000 -5499.5051  4.75%   966 2991s
  5508  3721 -5462.3489   58 3918 -5250.0000 -5499.5051  4.75%   967 2995s
  5512  3725 -5457.0371   60 3891 -5250.0000 -5499.5051  4.75%   967 3000s
  5516  3729 -5448.0462   62 3861 -5250.0000 -5499.5051  4.75%   968 3005s
  5521  3734 -5438.9548   65 3845 -5250.0000 -5499.5051  4.75%   969 3011s
  5527  3740 -5439.1262   65 3841 -5250.0000 -5499.5051  4.75%   969 3015s
  5533  3746 -5433.5490   67 3828 -5250.0000 -5499.5051  4.75%   969 3021s
  5538  3751 -5431.5093   68 3798 -5250.0000 -5499.5051  4.75%   970 3025s
  5543  3756 -5428.4195   69 3760 -5250.0000 -5499.5051  4.75%   971 3031s
  5548  3761 -5424.6227   71 3744 -5250.0000 -5499.5051  4.75%   971 3035s
  5553  3766 -5414.8524   74 3702 -5250.0000 -5499.5051  4.75%   972 3040s
  5559  3772 -5409.6799   76 3681 -5250.0000 -5499.5051  4.75%   972 3045s
  5565  3778 -5401.1321   78 3663 -5250.0000 -5499.5051  4.75%   973 3050s
  5572  3785 -5386.5858   82 3607 -5250.0000 -5499.5051  4.75%   973 3055s
  5579  3792 -5379.1811   84 3593 -5250.0000 -5499.5051  4.75%   974 3060s
  5586  3799 -5369.8560   87 3545 -5250.0000 -5499.5051  4.75%   974 3065s
  5594  3807 -5365.8362   89 3539 -5250.0000 -5499.5051  4.75%   974 3070s
  5603  3816 -5354.7981   92 3472 -5250.0000 -5499.5051  4.75%   975 3075s
  5611  3824 -5351.9696   94 3487 -5250.0000 -5499.5051  4.75%   975 3080s
  5621  3834 -5345.8122   96 3456 -5250.0000 -5499.5051  4.75%   975 3085s
  5630  3843 -5334.9129   99 3422 -5250.0000 -5499.5051  4.75%   975 3090s
  5640  3853 -5322.8582  103 3396 -5250.0000 -5499.5051  4.75%   975 3095s
  5651  3864 -5310.5717  107 3343 -5250.0000 -5499.5051  4.75%   975 3100s
  5661  3874 -5304.9557  108 3358 -5250.0000 -5499.5051  4.75%   975 3105s
  5673  3886 -5287.9343  115 3296 -5250.0000 -5499.5051  4.75%   975 3110s
  5686  3899 -5267.3731  123 3256 -5250.0000 -5499.5051  4.75%   975 3115s
  5699  3908     cutoff  128      -5250.0000 -5499.5051  4.75%   974 3120s
  5712  3905 -5252.5292  128 3207 -5250.0000 -5499.5051  4.75%   974 3125s
  5718  3903 -5494.8726   46 4241 -5250.0000 -5499.5031  4.75%   975 3131s
  5720  3905 -5488.0286   48 4158 -5250.0000 -5499.5031  4.75%   976 3137s
  5722  3907 -5482.0520   50 4102 -5250.0000 -5499.5031  4.75%   976 3140s
  5726  3911 -5471.3172   54 4005 -5250.0000 -5499.5031  4.75%   977 3146s
  5728  3913 -5464.4478   56 3951 -5250.0000 -5499.5031  4.75%   977 3150s
  5732  3917 -5450.9239   60 3895 -5250.0000 -5499.5031  4.75%   978 3155s
  5737  3922 -5437.2691   65 3852 -5250.0000 -5499.5031  4.75%   979 3160s
  5742  3927 -5426.5834   70 3747 -5250.0000 -5499.5031  4.75%   979 3165s
  5748  3933 -5412.4422   76 3672 -5250.0000 -5499.5031  4.75%   980 3170s
  5755  3940 -5391.6542   83 3562 -5250.0000 -5499.5031  4.75%   980 3175s
  5764  3949 -5376.1367   92 3490 -5250.0000 -5499.5031  4.75%   980 3180s
  5775  3960 -5352.9931  103 3369 -5250.0000 -5499.5031  4.75%   980 3185s
  5787  3972 -5328.0658  115 3302 -5250.0000 -5499.5031  4.75%   980 3190s
  5802  3987 -5299.7625  130 3144 -5250.0000 -5499.5031  4.75%   979 3195s
  5820  4005 -5267.1394  148 2939 -5250.0000 -5499.5031  4.75%   978 3200s
  5841  4014 -5252.8014  159 2841 -5250.0000 -5499.5031  4.75%   977 3205s
  5846  4013 -5495.4635   46 4245 -5250.0000 -5499.2751  4.75%   977 3210s
  5849  4016 -5488.5063   49 4158 -5250.0000 -5499.2751  4.75%   978 3216s
  5852  4019 -5481.2506   52 4051 -5250.0000 -5499.2751  4.75%   979 3221s
  5855  4022 -5473.7247   55 3961 -5250.0000 -5499.2751  4.75%   979 3225s
  5858  4025 -5465.9473   58 3909 -5250.0000 -5499.2751  4.75%   980 3230s
  5862  4029 -5455.7083   62 3857 -5250.0000 -5499.2751  4.75%   981 3235s
  5868  4035 -5441.6093   68 3794 -5250.0000 -5499.2751  4.75%   981 3240s
  5873  4040 -5429.4187   73 3699 -5250.0000 -5499.2751  4.75%   982 3245s
  5879  4046 -5414.3447   79 3613 -5250.0000 -5499.2751  4.75%   982 3250s
  5887  4054 -5396.3630   87 3507 -5250.0000 -5499.2751  4.75%   982 3255s
  5895  4062 -5373.4636   95 3443 -5250.0000 -5499.2751  4.75%   983 3260s
  5906  4073 -5353.5792  106 3337 -5250.0000 -5499.2751  4.75%   983 3265s
  5917  4084 -5335.7123  117 3265 -5250.0000 -5499.2751  4.75%   982 3270s
  5932  4099 -5308.8172  132 3111 -5250.0000 -5499.2751  4.75%   982 3275s
  5951  4118 -5268.2220  151 2951 -5250.0000 -5499.2751  4.75%   980 3280s
  5966  4123 -5495.4419   47 4209 -5250.0000 -5498.9405  4.74%   980 3287s
  5968  4125 -5490.1527   49 4106 -5250.0000 -5498.9405  4.74%   981 3292s
  5970  4127 -5485.5763   51 4048 -5250.0000 -5498.9405  4.74%   981 3295s
  5974  4131 -5474.4249   55 3970 -5250.0000 -5498.9405  4.74%   982 3300s
  5978  4135 -5461.8932   59 3890 -5250.0000 -5498.9405  4.74%   983 3306s
  5982  4139 -5452.3358   63 3809 -5250.0000 -5498.9405  4.74%   983 3314s
  5983  4140 -5450.1857   64 3797 -5250.0000 -5498.9405  4.74%   983 3315s
  5985  4142 -5447.9733   66 3766 -5250.0000 -5498.9405  4.74%   983 3321s
  5988  4145 -5441.2635   69 3696 -5250.0000 -5498.9405  4.74%   984 3328s
  5990  4147 -5437.6785   71 3668 -5250.0000 -5498.9405  4.74%   984 3330s
  5997  4154 -5424.0703   78 3553 -5250.0000 -5498.9405  4.74%   984 3335s
  6005  4162 -5411.2997   86 3470 -5250.0000 -5498.9405  4.74%   984 3340s
  6012  4169 -5400.3148   93 3388 -5250.0000 -5498.9405  4.74%   984 3347s
  6017  4174 -5389.7059   98 3359 -5250.0000 -5498.9405  4.74%   984 3350s
  6029  4186 -5364.0039  110 3255 -5250.0000 -5498.9405  4.74%   984 3355s
  6043  4200 -5335.7684  124 3141 -5250.0000 -5498.9405  4.74%   984 3360s
  6059  4216 -5300.8648  140 2974 -5250.0000 -5498.9405  4.74%   983 3365s
  6081  4238 -5261.5220  162 2725 -5250.0000 -5498.9405  4.74%   981 3370s
  6093  4240 -5494.5607   47 4222 -5250.0000 -5498.9402  4.74%   982 3377s
  6095  4242 -5489.9077   49 4133 -5250.0000 -5498.9402  4.74%   982 3381s
  6097  4244 -5484.9468   51 4062 -5250.0000 -5498.9402  4.74%   983 3385s
  6101  4248 -5473.8309   55 3957 -5250.0000 -5498.9402  4.74%   984 3391s
  6104  4251 -5464.7410   58 3915 -5250.0000 -5498.9402  4.74%   984 3395s
  6108  4255 -5455.4983   62 3819 -5250.0000 -5498.9402  4.74%   985 3400s
  6113  4260 -5442.3641   67 3766 -5250.0000 -5498.9402  4.74%   985 3405s
  6119  4266 -5427.6013   73 3684 -5250.0000 -5498.9402  4.74%   986 3410s
  6126  4273 -5414.9802   80 3561 -5250.0000 -5498.9402  4.74%   986 3415s
  6134  4281 -5395.8751   88 3453 -5250.0000 -5498.9402  4.74%   986 3420s
  6141  4288 -5376.8154   95 3390 -5250.0000 -5498.9402  4.74%   986 3425s
  6154  4301 -5354.1767  108 3302 -5250.0000 -5498.9402  4.74%   986 3430s
  6166  4313 -5329.6604  120 3178 -5250.0000 -5498.9402  4.74%   986 3435s
  6184  4331 -5289.9771  138 3021 -5250.0000 -5498.9402  4.74%   985 3440s
  6203  4344 -5252.7047  152 2874 -5250.0000 -5498.9402  4.74%   984 3445s
  6221  4344 -5493.3434   47 4232 -5250.0000 -5498.9316  4.74%   983 3454s
  6222  4345 -5491.4592   48 4189 -5250.0000 -5498.9316  4.74%   984 3455s
  6225  4348 -5484.0447   51 4086 -5250.0000 -5498.9316  4.74%   984 3461s
  6228  4351 -5476.9408   54 4006 -5250.0000 -5498.9316  4.74%   985 3466s
  6231  4354 -5469.5745   57 3919 -5250.0000 -5498.9316  4.74%   985 3470s
  6234  4357 -5461.8423   60 3865 -5250.0000 -5498.9316  4.74%   986 3475s
  6239  4362 -5451.2699   65 3794 -5250.0000 -5498.9316  4.74%   987 3480s
  6244  4367 -5440.3468   70 3706 -5250.0000 -5498.9316  4.74%   987 3485s
  6251  4374 -5427.8903   77 3611 -5250.0000 -5498.9316  4.74%   988 3490s
  6258  4381 -5410.5602   84 3500 -5250.0000 -5498.9316  4.74%   988 3495s
  6268  4391 -5387.7129   94 3397 -5250.0000 -5498.9316  4.74%   988 3500s
  6278  4401 -5366.9665  104 3331 -5250.0000 -5498.9316  4.74%   988 3505s
  6290  4413 -5339.5277  116 3222 -5250.0000 -5498.9316  4.74%   988 3510s
  6306  4429 -5301.0593  132 3052 -5250.0000 -5498.9316  4.74%   987 3515s
  6324  4447 -5262.2029  150 2932 -5250.0000 -5498.9316  4.74%   986 3520s
  6337  4448 -5493.1793   47 4232 -5250.0000 -5498.2951  4.73%   986 3526s
  6339  4450 -5490.3501   48 4207 -5250.0000 -5498.2951  4.73%   987 3530s
  6342  4453 -5484.6535   50 4119 -5250.0000 -5498.2951  4.73%   987 3536s
  6345  4456 -5481.1922   51 4098 -5250.0000 -5498.2951  4.73%   988 3541s
  6347  4458 -5478.4429   52 4064 -5250.0000 -5498.2951  4.73%   988 3546s
  6350  4461 -5474.3405   54 4024 -5250.0000 -5498.2951  4.73%   989 3550s
  6353  4464 -5470.8861   55 3968 -5250.0000 -5498.2951  4.73%   989 3555s
  6357  4468 -5465.0820   57 3924 -5250.0000 -5498.2951  4.73%   990 3560s
  6360  4471 -5461.9615   59 3911 -5250.0000 -5498.2951  4.73%   991 3565s
  6364  4475 -5457.0036   61 3901 -5250.0000 -5498.2951  4.73%   991 3570s
  6369  4480 -5452.5290   63 3879 -5250.0000 -5498.2951  4.73%   991 3575s
  6373  4484 -5446.4831   65 3822 -5250.0000 -5498.2951  4.73%   992 3580s
  6379  4490 -5438.5780   68 3777 -5250.0000 -5498.2951  4.73%   993 3585s
  6384  4495 -5431.6868   71 3728 -5250.0000 -5498.2951  4.73%   993 3590s
  6390  4501 -5424.9305   74 3716 -5250.0000 -5498.2951  4.73%   994 3595s
  6397  4508 -5416.9315   77 3664 -5250.0000 -5498.2951  4.73%   994 3600s
  6404  4515 -5405.7136   81 3612 -5250.0000 -5498.2951  4.73%   994 3605s
  6412  4523 -5398.6555   85 3548 -5250.0000 -5498.2951  4.73%   995 3610s
  6420  4531 -5388.4433   89 3501 -5250.0000 -5498.2951  4.73%   995 3615s
  6427  4538 -5375.6168   92 3469 -5250.0000 -5498.2951  4.73%   995 3620s
  6437  4548 -5371.9515   97 3401 -5250.0000 -5498.2951  4.73%   995 3625s
  6447  4558 -5360.6771  102 3335 -5250.0000 -5498.2951  4.73%   995 3630s
  6458  4569 -5355.4219  108 3285 -5250.0000 -5498.2951  4.73%   995 3635s
  6469  4580 -5341.2539  113 3253 -5250.0000 -5498.2951  4.73%   995 3640s
  6482  4593 -5336.5090  120 3236 -5250.0000 -5498.2951  4.73%   994 3645s
  6498  4609 -5320.5426  128 3171 -5250.0000 -5498.2951  4.73%   994 3650s
  6515  4626 -5307.5706  136 3067 -5250.0000 -5498.2951  4.73%   993 3655s
  6533  4644 -5287.8312  145 2980 -5250.0000 -5498.2951  4.73%   992 3660s
  6556  4667 -5275.5004  157 2798 -5250.0000 -5498.2951  4.73%   990 3665s
  6579  4690 -5255.8383  168 2749 -5250.0000 -5498.2951  4.73%   988 3670s
  6605  4694     cutoff  174      -5250.0000 -5498.2951  4.73%   987 3675s
  6608  4697 -5490.2295   49 4136 -5250.0000 -5498.0153  4.72%   987 3681s
  6611  4700 -5483.2362   52 4050 -5250.0000 -5498.0153  4.72%   988 3686s
  6614  4703 -5475.4018   55 3975 -5250.0000 -5498.0153  4.72%   989 3690s
  6617  4706 -5468.2676   58 3905 -5250.0000 -5498.0153  4.72%   989 3695s
  6622  4711 -5454.6752   63 3828 -5250.0000 -5498.0153  4.72%   989 3700s
  6627  4716 -5444.4116   68 3756 -5250.0000 -5498.0153  4.72%   990 3705s
  6634  4723 -5429.1922   75 3672 -5250.0000 -5498.0153  4.72%   990 3710s
  6641  4730 -5409.6068   82 3571 -5250.0000 -5498.0153  4.72%   991 3715s
  6650  4739 -5394.9831   91 3457 -5250.0000 -5498.0153  4.72%   991 3720s
  6660  4749 -5377.0980  101 3343 -5250.0000 -5498.0153  4.72%   991 3725s
  6673  4762 -5349.1584  114 3266 -5250.0000 -5498.0153  4.72%   990 3730s
  6688  4777 -5327.1302  129 3129 -5250.0000 -5498.0153  4.72%   990 3735s
  6708  4797 -5294.4389  149 2961 -5250.0000 -5498.0153  4.72%   989 3740s
  6733  4822 -5252.6794  174 2423 -5250.0000 -5498.0153  4.72%   987 3745s
  6740  4819 -5493.0717   48 4175 -5250.0000 -5498.0126  4.72%   987 3751s
  6742  4821 -5484.6285   50 4136 -5250.0000 -5498.0126  4.72%   988 3755s
  6745  4824 -5474.8794   53 4040 -5250.0000 -5498.0126  4.72%   989 3761s
  6748  4827 -5467.1699   56 3982 -5250.0000 -5498.0126  4.72%   989 3765s
  6751  4830 -5455.0307   59 3924 -5250.0000 -5498.0126  4.72%   990 3770s
  6756  4835 -5441.8446   64 3846 -5250.0000 -5498.0126  4.72%   990 3775s
  6762  4841 -5425.8136   70 3727 -5250.0000 -5498.0126  4.72%   991 3780s
  6768  4847 -5408.9360   76 3680 -5250.0000 -5498.0126  4.72%   991 3786s
  6773  4852 -5396.2168   81 3618 -5250.0000 -5498.0126  4.72%   991 3790s
  6782  4861 -5379.8688   90 3483 -5250.0000 -5498.0126  4.72%   992 3795s
  6793  4872 -5359.5291  101 3390 -5250.0000 -5498.0126  4.72%   991 3800s
  6805  4884 -5330.3377  113 3278 -5250.0000 -5498.0126  4.72%   991 3805s
  6819  4898 -5303.4141  127 3169 -5250.0000 -5498.0126  4.72%   991 3810s
  6838  4917 -5268.0617  146 2923 -5250.0000 -5498.0126  4.72%   990 3815s
  6857  4926 -5493.8091   48 4181 -5250.0000 -5497.9911  4.72%   989 3823s
  6859  4928 -5489.8710   50 4121 -5250.0000 -5497.9911  4.72%   990 3827s
  6861  4930 -5484.5440   52 4075 -5250.0000 -5497.9911  4.72%   990 3830s
  6863  4932 -5481.8269   53 4022 -5250.0000 -5497.9911  4.72%   991 3835s
  6867  4936 -5484.0793   51 4102 -5250.0000 -5497.9911  4.72%   991 3841s
  6869  4938 -5481.0346   52 4055 -5250.0000 -5497.9911  4.72%   992 3845s
  6872  4941 -5479.5069   54 4005 -5250.0000 -5497.9911  4.72%   992 3850s
  6875  4944 -5477.7614   55 3969 -5250.0000 -5497.9911  4.72%   993 3855s
  6878  4947 -5475.9357   55 3981 -5250.0000 -5497.9911  4.72%   994 3860s
  6881  4950 -5473.9827   56 3937 -5250.0000 -5497.9911  4.72%   994 3865s
  6885  4954 -5472.4837   56 3966 -5250.0000 -5497.9911  4.72%   995 3871s
  6888  4957 -5471.1585   57 3941 -5250.0000 -5497.9911  4.72%   995 3875s
  6891  4960 -5467.2471   58 3900 -5250.0000 -5497.9911  4.72%   996 3880s
  6895  4964 -5467.2778   58 3862 -5250.0000 -5497.9911  4.72%   996 3886s
  6898  4967 -5465.9043   59 3881 -5250.0000 -5497.9911  4.72%   997 3890s
  6902  4971 -5461.7522   60 3885 -5250.0000 -5497.9911  4.72%   997 3895s
  6907  4976 -5461.5370   60 3892 -5250.0000 -5497.9911  4.72%   998 3900s
  6913  4982 -5455.4156   63 3835 -5250.0000 -5497.9911  4.72%   998 3905s
  6917  4986 -5453.3865   64 3803 -5250.0000 -5497.9911  4.72%   998 3910s
  6922  4991 -5449.2538   65 3802 -5250.0000 -5497.9911  4.72%   999 3916s
  6925  4994 -5448.6992   66 3833 -5250.0000 -5497.9911  4.72%  1000 3920s
  6930  4999 -5444.5586   68 3791 -5250.0000 -5497.9911  4.72%  1000 3925s
  6935  5004 -5444.2272   67 3799 -5250.0000 -5497.9911  4.72%  1001 3930s
  6940  5009 -5437.4508   70 3734 -5250.0000 -5497.9911  4.72%  1001 3936s
  6945  5014 -5439.2035   70 3729 -5250.0000 -5497.9911  4.72%  1002 3940s
  6952  5021 -5434.4869   71 3734 -5250.0000 -5497.9911  4.72%  1002 3945s
  6958  5027 -5433.0818   72 3699 -5250.0000 -5497.9911  4.72%  1003 3950s
  6964  5033 -5429.2424   73 3665 -5250.0000 -5497.9911  4.72%  1003 3955s
  6970  5039 -5422.8587   76 3636 -5250.0000 -5497.9911  4.72%  1003 3960s
H 6974  4951                    -5254.000000 -5497.9911  4.64%  1004 3964s
  6975  4954 -5420.9899   78 3639 -5254.0000 -5497.9911  4.64%  1004 3965s
  6979  4958 -5418.8566   79 3611 -5254.0000 -5497.9911  4.64%  1004 3972s
  6982  4961 -5417.2960   80 3609 -5254.0000 -5497.9911  4.64%  1004 3978s
  6985  4964 -5413.5348   81 3583 -5254.0000 -5497.9911  4.64%  1004 3984s
  6986  4965 -5410.8898   82 3573 -5254.0000 -5497.9911  4.64%  1004 3985s
  6993  4972 -5409.8502   83 3563 -5254.0000 -5497.9911  4.64%  1005 3990s
  7000  4979 -5399.6791   85 3522 -5254.0000 -5497.9911  4.64%  1005 3995s
  7008  4987 -5395.2247   88 3476 -5254.0000 -5497.9911  4.64%  1005 4000s
  7014  4993 -5396.2604   90 3478 -5254.0000 -5497.9911  4.64%  1005 4028s
  7017  4996 -5394.0494   91 3483 -5254.0000 -5497.9911  4.64%  1005 4030s
  7026  5005 -5388.5426   93 3439 -5254.0000 -5497.9911  4.64%  1005 4035s
  7035  5014 -5384.7600   96 3413 -5254.0000 -5497.9911  4.64%  1005 4040s
  7045  5024 -5380.0005   99 3383 -5254.0000 -5497.9911  4.64%  1005 4045s
  7054  5033 -5374.3058  103 3329 -5254.0000 -5497.9911  4.64%  1005 4050s
  7064  5043 -5364.5574  106 3301 -5254.0000 -5497.9911  4.64%  1005 4055s
  7077  5056 -5363.4968  110 3258 -5254.0000 -5497.9911  4.64%  1005 4060s
  7091  5070 -5352.5555  114 3238 -5254.0000 -5497.9911  4.64%  1004 4065s
  7104  5083 -5350.4038  118 3207 -5254.0000 -5497.9911  4.64%  1004 4070s
  7117  5096 -5345.7359  120 3178 -5254.0000 -5497.9911  4.64%  1003 4075s
  7132  5111 -5337.7382  126 3143 -5254.0000 -5497.9911  4.64%  1003 4080s
  7151  5130 -5328.1347  132 3098 -5254.0000 -5497.9911  4.64%  1002 4085s
  7164  5143 -5326.4485  134 3063 -5254.0000 -5497.9911  4.64%  1001 4090s
  7180  5159 -5316.1723  138 3013 -5254.0000 -5497.9911  4.64%  1001 4095s

Cutting planes:
  Gomory: 31
  MIR: 130
  Flow cover: 1968
  Zero half: 650
  Mod-K: 9
  RLT: 198
  BQP: 254

Explored 7183 nodes (7198244 simplex iterations) in 4096.00 seconds (5167.77 work units)
Thread count was 1 (of 72 available processors)

Solution count 10: -5254 -5250 -5248 ... -5214

Time limit reached
Best objective -5.254000000000e+03, best bound -5.496000000000e+03, gap 4.6060%

User-callback calls 144758, time in user-callback 0.82 sec

BQP_SOLUTION, 862, 3802, -1916.000000, 4096.002624, 1, 1, -1, 1, -1, 1, -1, 1, -1, 1, -1, 1, 1, 1, -1, 1, -1, 1, 1, 1, 1, 1, -1, 1, 1, -1, -1, 1, -1, -1, 1, 1, 1, -1, -1, 1, 1, -1, -1, 1, -1, -1, 1, 1, -1, 1, -1, -1, 1, 1, -1, 1, 1, -1, -1, 1, 1, 1, -1, -1, 1, 1, -1, 1, -1, -1, -1, 1, -1, 1, -1, -1, -1, 1, 1, -1, -1, -1, -1, -1, -1, 1, -1, -1, 1, -1, 1, -1, -1, -1, -1, -1, -1, -1, -1, -1, -1, 1, -1, -1, -1, -1, 1, -1, 1, -1, -1, -1, 1, -1, 1, -1, -1, -1, 1, -1, 1, -1, -1, -1, 1, -1, 1, -1, -1, -1, 1, -1, 1, -1, -1, -1, 1, -1, 1, 1, -1, -1, -1, -1, 1, -1, -1, -1, 1, -1, 1, -1, -1, -1, -1, 1, 1, -1, 1, -1, -1, 1, -1, -1, -1, -1, -1, -1, 1, -1, 1, -1, 1, -1, 1, -1, -1, -1, -1, -1, -1, -1, 1, -1, -1, -1, 1, 1, -1, 1, 1, 1, -1, 1, 1, 1, -1, 1, 1, -1, 1, -1, 1, -1, -1, 1, -1, -1, 1, -1, 1, 1, -1, -1, 1, -1, 1, -1, 1, 1, 1, -1, 1, 1, -1, 1, 1, 1, 1, -1, -1, -1, 1, 1, 1, -1, 1, 1, 1, 1, 1, 1, -1, 1, 1, 1, 1, -1, 1, -1, 1, 1, 1, -1, 1, 1, 1, 1, 1, -1, 1, 1, 1, 1, 1, -1, 1, 1, -1, 1, 1, -1, 1, 1, 1, 1, 1, -1, 1, 1, -1, 1, -1, -1, 1, 1, 1, 1, 1, -1, 1, 1, 1, 1, -1, -1, 1, 1, 1, 1, -1, 1, -1, 1, -1, 1, -1, 1, 1, 1, 1, 1, -1, 1, 1, 1, -1, 1, -1, 1, 1, 1, 1, 1, -1, -1, -1, 1, 1, 1, -1, -1, 1, 1, 1, 1, 1, 1, 1, 1, 1, 1, 1, -1, 1, 1, 1, 1, -1, 1, 1, 1, 1, 1, 1, 1, 1, 1, 1, 1, 1, 1, 1, 1, 1, -1, -1, 1, -1, 1, 1, 1, 1, 1, 1, 1, 1, 1, 1, 1, 1, 1, 1, 1, -1, 1, 1, 1, 1, 1, 1, 1, 1, 1, 1, 1, 1, 1, 1, -1, 1, 1, 1, -1, 1, 1, 1, 1, 1, 1, 1, -1, 1, 1, -1, 1, 1, -1, 1, 1, 1, 1, -1, -1, 1, 1, 1, 1, 1, -1, 1, 1, -1, 1, -1, -1, -1, 1, -1, -1, 1, 1, -1, 1, -1, -1, 1, 1, 1, 1, -1, -1, 1, 1, -1, 1, -1, -1, 1, -1, 1, 1, -1, 1, 1, -1, 1, -1, -1, 1, -1, 1, -1, -1, -1, -1, -1, 1, -1, -1, -1, 1, -1, 1, 1, -1, -1, -1, -1, 1, 1, -1, -1, 1, -1, 1, 1, -1, 1, -1, 1, 1, 1, -1, -1, -1, -1, 1, -1, 1, -1, -1, -1, 1, 1, -1, -1, 1, 1, 1, -1, -1, -1, -1, -1, 1, -1, -1, -1, 1, -1, 1, -1, 1, -1, -1, -1, -1, 1, -1, -1, -1, -1, -1, 1, -1, 1, -1, 1, 1, 1, -1, -1, -1, 1, 1, 1, -1, 1, -1, -1, 1, 1, -1, -1, -1, 1, -1, -1, -1, -1, -1, -1, 1, 1, -1, -1, -1, 1, -1, 1, -1, -1, -1, 1, -1, -1, -1, -1, -1, -1, -1, 1, -1, -1, -1, 1, -1, 1, -1, -1, 1, 1, -1, 1, 1, -1, -1, -1, -1, 1, -1, -1, -1, -1, 1, 1, -1, -1, -1, -1, -1, 1, -1, -1, -1, -1, -1, 1, -1, -1, -1, 1, 1, -1, -1, 1, -1, 1, 1, -1, -1, -1, -1, -1, 1, -1, -1, 1, -1, -1, 1, -1, 1, -1, 1, 1, 1, -1, -1, -1, 1, 1, 1, -1, 1, 1, -1, 1, 1, -1, 1, -1, 1, -1, 1, -1, 1, 1, -1, -1, 1, -1, 1, 1, 1, -1, 1, 1, -1, 1, -1, -1, 1, -1, 1, 1, -1, -1, 1, 1, -1, 1, -1, -1, 1, 1, -1, 1, -1, 1, 1, -1, -1, 1, 1, 1, 1, 1, -1, 1, -1, 1, -1, 1, 1, -1, -1, 1, 1, -1, 1, 1, -1, 1, -1, 1, 1, -1, 1, 1, 1, -1, 1, -1, -1, 1, 1, 1, 1, -1, -1, 1, 1, -1, 1, -1, -1, 1, 1, 1, 1, -1, -1, 1, 1, -1, -1, -1, -1, 1, 1, 1, -1, 1, -1, 1, 1, 1, 1, 1, -1, 1, 1, 1, -1, -1, -1, 1, 1, 1, 1, -1, -1, 1, 1, 1, -1, -1, -1, 1, 1, -1, -1, -1, 1, 1, 1, -1, -1, -1, 1, 1, 1, -1, -1, -1, 1, 1, 1, 1, -1, -1, 1, 1, 1, -1, 1, 1, -1, 1, -1, 1, -1, -1, -1, -1, 1, 1, 1, -1, 1, 1, 1, 1, 1, -1, -1, 1, 1, 1, -1, -1, 1, -1, 1, -1, 1, -1, 1, -1, 1, 1, 1, 1, -1
BQP_DATA, 862, 3802, -1916.000000, -2158.000000, -5254.000000, -5496.000000, 4096.002624, 2788, 7183
