Set parameter TSPort to value 51199
Set parameter TokenServer to value "open-license1.lanl.gov"
Set parameter TimeLimit to value 2048
Set parameter Threads to value 1
Gurobi Optimizer version 10.0.3 build v10.0.3rc0 (linux64)

CPU model: Intel(R) Xeon(R) CPU E5-2695 v4 @ 2.10GHz, instruction set [SSE2|AVX|AVX2]
Thread count: 36 physical cores, 72 logical processors, using up to 1 threads

Optimize a model with 0 rows, 2897 columns and 0 nonzeros
Model fingerprint: 0x85685ea0
Model has 13358 quadratic objective terms
Variable types: 0 continuous, 2897 integer (2897 binary)
Coefficient statistics:
  Matrix range     [0e+00, 0e+00]
  Objective range  [2e+00, 3e+01]
  QObjective range [8e+00, 8e+00]
  Bounds range     [1e+00, 1e+00]
  RHS range        [0e+00, 0e+00]
Found heuristic solution: objective 0.0000000
Found heuristic solution: objective -4896.000000
Found heuristic solution: objective -17774.00000
Found heuristic solution: objective -17832.00000
Presolve removed 0 rows and 0 columns (presolve time = 6s) ...
Presolve time: 6.26s
Presolved: 13358 rows, 16255 columns, 40074 nonzeros
Variable types: 0 continuous, 16255 integer (16255 binary)

Root simplex log...

Iteration    Objective       Primal Inf.    Dual Inf.      Time
       0   -2.6704000e+04   5.235000e+03   0.000000e+00     10s
    3211   -2.5172000e+04   1.977500e+03   0.000000e+00     10s
    3981   -2.4962000e+04   0.000000e+00   0.000000e+00     10s

Root relaxation: objective -2.496200e+04, 3981 iterations, 0.89 seconds (0.03 work units)
Total elapsed time = 10.38s

    Nodes    |    Current Node    |     Objective Bounds      |     Work
 Expl Unexpl |  Obj  Depth IntInf | Incumbent    BestBd   Gap | It/Node Time

     0     0 -24962.000    0 2897 -17832.000 -24962.000  40.0%     -   12s
     0     0 -23410.000    0 3648 -17832.000 -23410.000  31.3%     -   22s
     0     0 -23075.500    0 3862 -17832.000 -23075.500  29.4%     -   26s
     0     0 -23065.000    0 3852 -17832.000 -23065.000  29.3%     -   27s
     0     0 -22681.000    0 4143 -17832.000 -22681.000  27.2%     -   41s
     0     0 -22681.000    0 4072 -17832.000 -22681.000  27.2%     -   50s
     0     2 -22681.000    0 4060 -17832.000 -22681.000  27.2%     -   95s
    11    13 -22617.000    6 4104 -17832.000 -22665.000  27.1%   492  100s
    26    28 -22560.000   13 4199 -17832.000 -22665.000  27.1%   268  105s
    40    42 -22496.000   20 4257 -17832.000 -22665.000  27.1%   207  110s
    53    55 -22431.000   27 4344 -17832.000 -22665.000  27.1%   185  115s
    66    68 -22371.625   33 4367 -17832.000 -22665.000  27.1%   172  120s
    83    85 -22293.625   42 4460 -17832.000 -22665.000  27.1%   155  125s
    98   100 -22225.625   49 4522 -17832.000 -22665.000  27.1%   148  130s
   113   115 -22147.625   57 4611 -17832.000 -22665.000  27.1%   139  135s
   128   130 -22083.125   64 4644 -17832.000 -22665.000  27.1%   134  140s
   143   145 -22015.125   72 4696 -17832.000 -22665.000  27.1%   131  145s
   161   163 -21948.125   81 4725 -17832.000 -22665.000  27.1%   123  150s
   178   180 -21892.625   89 4746 -17832.000 -22665.000  27.1%   120  155s
   192   194 -21826.625   96 4777 -17832.000 -22665.000  27.1%   119  160s
   210   212 -21750.625  105 4840 -17832.000 -22665.000  27.1%   116  165s
   226   228 -21687.333  113 4865 -17832.000 -22665.000  27.1%   114  170s
   242   244 -21622.333  121 4927 -17832.000 -22665.000  27.1%   112  175s
   262   264 -21541.333  131 4995 -17832.000 -22665.000  27.1%   109  180s
   278   280 -21469.333  139 5058 -17832.000 -22665.000  27.1%   107  185s
   297   299 -21403.333  149 5082 -17832.000 -22665.000  27.1%   104  190s
   312   314 -21355.333  156 5115 -17832.000 -22665.000  27.1%   104  195s
   330   332 -21277.583  165 5115 -17832.000 -22665.000  27.1%   103  200s
   348   350 -21204.333  174 5133 -17832.000 -22665.000  27.1%   101  205s
   364   366 -21145.000  182 5198 -17832.000 -22665.000  27.1%   101  210s
   383   385 -21071.000  192 5234 -17832.000 -22665.000  27.1%   100  215s
   402   404 -21004.000  201 5257 -17832.000 -22665.000  27.1%  97.9  220s
   419   421 -20938.000  210 5302 -17832.000 -22665.000  27.1%  96.9  225s
   434   436 -20893.000  217 5330 -17832.000 -22665.000  27.1%  96.1  230s
   450   452 -20845.000  225 5335 -17832.000 -22665.000  27.1%  95.6  235s
   468   470 -20785.000  234 5362 -17832.000 -22665.000  27.1%  94.7  240s
   486   488 -20728.000  243 5384 -17832.000 -22665.000  27.1%  93.9  245s
   504   506 -20672.000  252 5373 -17832.000 -22665.000  27.1%  92.8  250s
   519   521 -20612.500  260 5388 -17832.000 -22665.000  27.1%  92.6  255s
   533   535 -20567.667  267 5394 -17832.000 -22665.000  27.1%  92.8  260s
   545   547 -20519.667  273 5421 -17832.000 -22665.000  27.1%  92.9  265s
   564   566 -20461.667  282 5424 -17832.000 -22665.000  27.1%  91.6  270s
   572   574 -20427.667  286 5443 -17832.000 -22665.000  27.1%  91.3  275s
   592   594 -20358.667  296 5460 -17832.000 -22665.000  27.1%  90.4  280s
   603   605 -20311.000  302 5469 -17832.000 -22665.000  27.1%  90.1  285s
   621   623 -20245.000  311 5516 -17832.000 -22665.000  27.1%  89.4  291s
   637   639 -20197.000  319 5537 -17832.000 -22665.000  27.1%  88.9  295s
   655   657 -20138.000  328 5546 -17832.000 -22665.000  27.1%  88.0  300s
   670   672 -20084.000  335 5574 -17832.000 -22665.000  27.1%  88.1  305s
   686   688 -20029.000  343 5574 -17832.000 -22665.000  27.1%  88.1  310s
   702   704 -19980.000  351 5574 -17832.000 -22665.000  27.1%  87.9  316s
   715   717 -19935.000  358 5601 -17832.000 -22665.000  27.1%  87.6  320s
   729   731 -19889.000  365 5641 -17832.000 -22665.000  27.1%  87.1  325s
   751   753 -19820.000  376 5639 -17832.000 -22665.000  27.1%  86.2  330s
   766   768 -19782.000  383 5647 -17832.000 -22665.000  27.1%  85.9  335s
   783   785 -19732.000  392 5621 -17832.000 -22665.000  27.1%  85.6  340s
   800   802 -19681.000  400 5619 -17832.000 -22665.000  27.1%  85.4  345s
   814   816 -19645.000  407 5634 -17832.000 -22665.000  27.1%  85.0  350s
   834   836 -19577.000  417 5674 -17832.000 -22665.000  27.1%  84.7  355s
   844   846 -19535.000  422 5663 -17832.000 -22665.000  27.1%  84.6  360s
   862   864 -19481.000  431 5691 -17832.000 -22665.000  27.1%  84.3  365s
H  864   864                    -17838.00000 -22665.000  27.1%  84.1  393s
   870   872 -19454.000  435 5701 -17838.000 -22665.000  27.1%  83.9  395s
   889   891 -19405.500  445 5700 -17838.000 -22665.000  27.1%  83.2  400s
   894   896 -19387.500  447 5705 -17838.000 -22665.000  27.1%  83.3  428s
   897   899 -19375.500  449 5712 -17838.000 -22665.000  27.1%  83.5  430s
   915   917 -19324.500  458 5725 -17838.000 -22665.000  27.1%  83.6  435s
   934   936 -19271.500  467 5743 -17838.000 -22665.000  27.1%  83.2  440s
   953   955 -19203.500  477 5740 -17838.000 -22665.000  27.1%  83.0  445s
   972   974 -19155.500  486 5724 -17838.000 -22665.000  27.1%  82.5  450s
   992   994 -19099.500  496 5776 -17838.000 -22665.000  27.1%  82.1  455s
  1014  1016 -19052.500  507 5779 -17838.000 -22665.000  27.1%  81.3  460s
  1031  1033 -19008.500  516 5779 -17838.000 -22665.000  27.1%  81.3  465s
  1051  1053 -18978.500  526 5733 -17838.000 -22665.000  27.1%  80.9  470s
H 1066  1066                    -17842.00000 -22665.000  27.0%  80.5  474s
  1072  1074 -18947.500  537 5711 -17842.000 -22665.000  27.0%  80.2  475s
  1092  1094 -18925.500  547 5697 -17842.000 -22665.000  27.0%  79.8  480s
  1108  1110 -18881.500  555 5696 -17842.000 -22665.000  27.0%  79.9  485s
  1126  1128 -18841.500  564 5680 -17842.000 -22665.000  27.0%  79.5  490s
  1144  1146 -18797.500  573 5670 -17842.000 -22665.000  27.0%  79.2  495s
  1165  1167 -18751.500  584 5645 -17842.000 -22665.000  27.0%  78.7  500s
  1184  1186 -18711.500  593 5622 -17842.000 -22665.000  27.0%  78.5  505s
H 1196  1196                    -17852.00000 -22665.000  27.0%  78.0  507s
  1207  1209 -18649.500  605 5614 -17852.000 -22665.000  27.0%  77.9  510s
H 1222  1222                    -17858.00000 -22665.000  26.9%  77.7  514s
  1224  1226 -18607.000  613 5598 -17858.000 -22665.000  26.9%  77.7  515s
  1246  1248 -18552.000  625 5573 -17858.000 -22665.000  26.9%  77.2  520s
H 1248  1248                    -17862.00000 -22665.000  26.9%  77.1  521s
  1265  1267 -18501.000  635 5569 -17862.000 -22665.000  26.9%  76.9  525s
  1284  1286 -18461.000  644 5538 -17862.000 -22665.000  26.9%  76.7  530s
  1305  1307 -18418.000  655 5511 -17862.000 -22665.000  26.9%  76.3  535s
  1326  1328 -18364.000  665 5531 -17862.000 -22665.000  26.9%  75.9  540s
  1346  1348 -18316.500  675 5524 -17862.000 -22665.000  26.9%  75.6  545s
  1365  1367 -18275.500  685 5515 -17862.000 -22665.000  26.9%  75.1  550s
  1385  1387 -18239.500  696 5483 -17862.000 -22665.000  26.9%  74.9  555s
H 1404  1404                    -17866.00000 -22665.000  26.9%  74.5  559s
  1406  1408 -18180.500  706 5458 -17866.000 -22665.000  26.9%  74.5  560s
  1428  1430 -18140.500  717 5428 -17866.000 -22665.000  26.9%  74.0  565s
  1448  1450 -18091.500  727 5407 -17866.000 -22665.000  26.9%  73.7  570s
H 1456  1456                    -17868.00000 -22665.000  26.8%  73.5  572s
  1470  1472 -18073.500  738 5391 -17868.000 -22665.000  26.8%  73.1  575s
  1491  1493 -18029.750  749 5398 -17868.000 -22665.000  26.8%  72.6  580s
  1512  1514 -18001.750  760 5333 -17868.000 -22665.000  26.8%  71.9  585s
H 1534  1534                    -17878.00000 -22665.000  26.8%  71.3  590s
H 1560  1560                    -17882.00000 -22665.000  26.7%  70.6  595s
  1582  1584 -17910.750  797 5163 -17882.000 -22665.000  26.7%  70.1  600s
H 1586  1586                    -17890.00000 -22665.000  26.7%  69.9  601s
  1607  1589     cutoff  804      -17890.000 -22665.000  26.7%  69.7  605s
H 1614  1588                    -17898.00000 -22665.000  26.6%  69.6  606s
  1619  1588 -21786.125  102 6679 -17898.000 -22664.000  26.6%  69.6  657s
  1621  1589 -22399.000   31 2897 -17898.000 -22664.000  26.6%  69.6  684s
  1622  1590 -18421.000  655 3667 -17898.000 -22664.000  26.6%  69.5  689s
  1623  1591 -19318.500  460 4347 -17898.000 -22204.667  24.1%  69.5  709s
  1624  1591 -18120.500  722 4901 -17898.000 -21711.167  21.3%  69.4  749s
  1625  1592 -18028.750  751 5097 -17898.000 -21605.961  20.7%  69.4  791s
  1626  1593 -18307.500  678 5175 -17898.000 -21579.585  20.6%  69.3  813s
  1627  1593 -21575.008  119 5186 -17898.000 -21575.008  20.5%  69.3  820s
  1628  1594 -20231.000  314 5238 -17898.000 -21573.098  20.5%  69.3  825s
  1631  1596 -19505.000  427 5256 -17898.000 -21571.674  20.5%  69.1  830s
  1635  1599 -17977.750  772 5279 -17898.000 -21571.601  20.5%  69.0  842s
  1636  1599 -19562.000  420 5757 -17898.000 -21161.530  18.2%  68.9 1159s
  1637  1600 -21018.000  200 6314 -17898.000 -21041.602  17.6%  68.9 1590s
  1638  1601 -19157.500  486 6378 -17898.000 -21011.720  17.4%  68.8 1800s
  1639  1601 -21001.430  110 6499 -17898.000 -21001.430  17.3%  68.8 1943s
  1640  1602 -19077.500  501 6633 -17898.000 -20998.488  17.3%  68.7 1999s

Cutting planes:
  Gomory: 69
  MIR: 474
  Flow cover: 1992
  Zero half: 1291
  RLT: 463
  BQP: 819

Explored 1640 nodes (341496 simplex iterations) in 2048.01 seconds (136.28 work units)
Thread count was 1 (of 72 available processors)

Solution count 10: -17898 -17890 -17882 ... -17842

Time limit reached
Best objective -1.789800000000e+04, best bound -2.099800000000e+04, gap 17.3204%

User-callback calls 34747, time in user-callback 1.94 sec

BQP_SOLUTION, 2897, 13358, -6294.000000, 2048.012125, 1, -1, 1, 1, -1, 1, -1, 1, -1, -1, 1, 1, -1, -1, 1, 1, -1, 1, 1, -1, 1, 1, -1, -1, -1, 1, 1, 1, -1, 1, 1, -1, 1, 1, -1, 1, 1, -1, 1, -1, 1, -1, -1, 1, -1, -1, -1, 1, -1, 1, -1, 1, 1, -1, -1, -1, 1, -1, 1, 1, -1, -1, 1, 1, -1, 1, 1, -1, -1, 1, 1, -1, -1, 1, -1, -1, 1, -1, -1, -1, 1, 1, -1, 1, 1, -1, -1, 1, 1, -1, -1, -1, 1, -1, 1, 1, 1, -1, -1, 1, -1, 1, -1, 1, 1, 1, -1, -1, -1, 1, 1, -1, 1, -1, 1, -1, 1, 1, -1, -1, -1, 1, -1, -1, 1, 1, -1, -1, -1, -1, -1, 1, 1, 1, 1, 1, 1, 1, -1, 1, 1, -1, -1, -1, -1, 1, 1, 1, -1, -1, 1, -1, -1, 1, -1, 1, -1, 1, 1, -1, 1, -1, 1, 1, 1, -1, 1, 1, 1, -1, 1, 1, -1, -1, 1, 1, -1, 1, 1, 1, 1, -1, 1, -1, 1, -1, 1, -1, 1, -1, 1, 1, -1, 1, -1, 1, 1, 1, -1, 1, 1, 1, 1, 1, 1, -1, 1, 1, 1, -1, 1, 1, 1, 1, -1, 1, 1, 1, 1, 1, 1, -1, 1, 1, 1, -1, 1, 1, -1, 1, 1, -1, -1, 1, 1, 1, -1, 1, 1, -1, 1, 1, 1, -1, 1, 1, -1, -1, -1, 1, 1, 1, 1, 1, -1, 1, 1, -1, 1, -1, 1, 1, 1, 1, 1, 1, 1, 1, -1, -1, 1, -1, 1, -1, 1, 1, 1, 1, 1, -1, -1, 1, -1, 1, 1, 1, 1, -1, 1, -1, 1, -1, 1, 1, 1, 1, -1, 1, 1, 1, 1, -1, 1, 1, 1, 1, 1, -1, 1, -1, 1, -1, 1, 1, -1, 1, -1, -1, -1, 1, 1, 1, 1, 1, -1, 1, 1, -1, 1, 1, 1, -1, 1, 1, -1, 1, 1, 1, -1, 1, -1, 1, 1, 1, -1, -1, 1, 1, 1, 1, 1, -1, -1, 1, 1, -1, -1, -1, 1, 1, 1, 1, 1, 1, -1, 1, 1, 1, -1, 1, 1, -1, 1, 1, 1, 1, 1, -1, 1, 1, 1, 1, -1, -1, 1, 1, 1, 1, -1, 1, 1, -1, 1, -1, -1, 1, 1, 1, -1, 1, 1, 1, 1, -1, -1, -1, 1, 1, 1, -1, 1, 1, 1, 1, -1, 1, -1, -1, 1, 1, -1, 1, -1, 1, 1, -1, 1, 1, 1, -1, 1, -1, 1, 1, 1, 1, -1, -1, 1, -1, 1, 1, -1, -1, -1, 1, -1, -1, -1, 1, 1, 1, 1, 1, -1, 1, 1, -1, 1, 1, -1, -1, 1, 1, -1, -1, 1, -1, -1, 1, -1, 1, -1, 1, -1, -1, -1, 1, -1, -1, -1, -1, 1, -1, 1, -1, 1, -1, 1, 1, -1, 1, -1, -1, 1, -1, 1, 1, -1, 1, -1, -1, 1, -1, 1, 1, -1, -1, 1, -1, 1, -1, -1, 1, -1, 1, -1, 1, -1, 1, -1, 1, -1, -1, 1, -1, 1, 1, 1, -1, -1, -1, 1, 1, 1, -1, -1, 1, 1, -1, -1, -1, 1, -1, 1, -1, -1, 1, 1, 1, 1, 1, 1, 1, -1, -1, 1, -1, -1, 1, 1, -1, -1, -1, -1, 1, 1, 1, 1, -1, 1, -1, 1, -1, -1, 1, -1, -1, 1, -1, -1, 1, 1, 1, 1, 1, -1, 1, -1, -1, 1, -1, 1, 1, 1, -1, 1, -1, -1, 1, -1, 1, -1, 1, 1, -1, -1, 1, -1, 1, -1, 1, 1, -1, 1, -1, 1, -1, 1, -1, 1, 1, -1, 1, -1, 1, 1, 1, 1, 1, -1, -1, 1, -1, 1, -1, 1, -1, -1, 1, 1, 1, 1, 1, -1, -1, -1, -1, 1, 1, -1, 1, -1, 1, 1, -1, -1, -1, 1, -1, -1, 1, 1, -1, 1, -1, -1, -1, -1, 1, 1, -1, 1, 1, -1, 1, 1, -1, -1, 1, -1, -1, -1, 1, 1, -1, 1, -1, -1, -1, 1, -1, -1, 1, 1, -1, -1, 1, 1, -1, -1, -1, -1, -1, -1, 1, -1, 1, -1, 1, -1, -1, -1, -1, -1, -1, 1, -1, -1, 1, 1, -1, -1, 1, 1, -1, 1, -1, 1, 1, 1, 1, -1, -1, 1, -1, -1, -1, 1, -1, 1, -1, 1, -1, -1, 1, -1, -1, -1, -1, 1, 1, -1, 1, -1, -1, 1, -1, 1, -1, -1, 1, 1, 1, 1, -1, 1, -1, 1, -1, 1, -1, -1, 1, -1, 1, 1, 1, 1, 1, -1, 1, -1, 1, -1, 1, 1, -1, 1, 1, 1, 1, -1, -1, 1, 1, 1, 1, -1, 1, 1, -1, 1, 1, 1, 1, 1, -1, 1, 1, -1, 1, -1, 1, -1, -1, 1, 1, -1, 1, 1, 1, -1, 1, 1, -1, -1, 1, 1, 1, 1, -1, -1, 1, -1, 1, 1, -1, 1, 1, 1, -1, 1, -1, 1, 1, 1, -1, -1, 1, -1, 1, 1, 1, 1, 1, -1, 1, -1, -1, 1, 1, -1, -1, 1, 1, 1, 1, 1, -1, 1, -1, 1, -1, 1, 1, 1, 1, -1, 1, 1, -1, 1, 1, -1, 1, -1, 1, 1, 1, 1, -1, -1, -1, -1, -1, 1, 1, 1, 1, 1, 1, -1, -1, -1, 1, -1, 1, -1, 1, 1, 1, -1, 1, -1, -1, 1, -1, -1, -1, 1, -1, 1, -1, -1, 1, 1, -1, -1, -1, 1, 1, -1, 1, 1, -1, -1, 1, -1, -1, 1, 1, -1, -1, 1, -1, 1, -1, 1, -1, -1, 1, 1, -1, 1, -1, 1, -1, 1, -1, -1, -1, 1, 1, -1, -1, 1, -1, -1, -1, -1, -1, -1, 1, 1, 1, 1, 1, -1, -1, 1, 1, -1, -1, -1, 1, 1, 1, 1, 1, -1, 1, -1, -1, -1, -1, 1, 1, 1, 1, -1, -1, 1, -1, -1, -1, 1, -1, 1, 1, 1, -1, -1, 1, -1, -1, -1, 1, -1, 1, -1, 1, 1, -1, 1, -1, -1, -1, 1, -1, 1, 1, 1, -1, -1, 1, -1, -1, 1, 1, -1, 1, 1, 1, -1, 1, -1, -1, -1, -1, -1, -1, 1, 1, 1, -1, 1, 1, -1, 1, -1, 1, -1, 1, 1, 1, -1, -1, 1, -1, -1, -1, -1, 1, 1, 1, -1, 1, -1, 1, -1, 1, -1, 1, -1, 1, 1, -1, 1, 1, -1, 1, -1, 1, 1, 1, 1, 1, 1, 1, 1, 1, -1, 1, -1, -1, 1, 1, 1, 1, 1, -1, 1, 1, -1, 1, 1, -1, -1, 1, -1, -1, 1, 1, 1, 1, 1, -1, 1, -1, 1, -1, 1, 1, 1, 1, -1, 1, -1, 1, -1, 1, 1, -1, 1, -1, 1, -1, 1, -1, 1, -1, 1, -1, -1, 1, -1, 1, -1, 1, -1, 1, -1, -1, 1, 1, 1, -1, 1, -1, 1, -1, 1, 1, 1, -1, -1, 1, 1, 1, -1, 1, -1, 1, -1, 1, -1, 1, 1, 1, -1, -1, 1, 1, -1, 1, -1, -1, 1, -1, 1, 1, -1, 1, 1, 1, 1, -1, 1, 1, -1, -1, 1, -1, 1, 1, 1, 1, -1, -1, 1, -1, 1, 1, -1, 1, 1, 1, 1, -1, -1, 1, 1, -1, 1, -1, 1, -1, 1, 1, -1, -1, -1, 1, -1, 1, -1, 1, -1, -1, 1, -1, -1, 1, -1, -1, 1, -1, 1, -1, 1, 1, -1, -1, 1, -1, -1, 1, -1, 1, -1, 1, 1, -1, -1, 1, -1, 1, 1, -1, -1, 1, -1, 1, -1, -1, 1, -1, -1, -1, 1, 1, -1, -1, 1, -1, 1, 1, -1, 1, -1, 1, -1, 1, -1, 1, -1, 1, 1, 1, -1, -1, 1, 1, 1, -1, -1, -1, 1, 1, -1, -1, 1, 1, 1, -1, 1, 1, -1, 1, -1, 1, -1, 1, 1, -1, -1, -1, 1, -1, 1, -1, -1, 1, 1, 1, -1, -1, -1, -1, -1, 1, -1, 1, 1, -1, 1, -1, -1, 1, 1, 1, 1, 1, -1, 1, -1, 1, 1, -1, -1, -1, -1, 1, 1, -1, -1, -1, 1, -1, 1, -1, 1, -1, -1, 1, -1, -1, -1, 1, 1, -1, 1, -1, -1, 1, 1, 1, 1, -1, 1, 1, -1, 1, -1, -1, -1, 1, -1, 1, -1, 1, 1, -1, 1, -1, -1, -1, 1, 1, 1, -1, 1, 1, -1, 1, -1, -1, 1, -1, 1, -1, -1, 1, 1, -1, 1, 1, -1, -1, 1, -1, 1, -1, -1, 1, 1, 1, -1, -1, 1, -1, 1, 1, 1, 1, -1, -1, 1, 1, -1, -1, 1, 1, -1, 1, -1, 1, 1, 1, 1, 1, -1, 1, -1, -1, -1, 1, -1, 1, 1, 1, -1, -1, -1, 1, 1, -1, -1, -1, -1, 1, 1, 1, 1, -1, 1, 1, -1, 1, -1, 1, 1, -1, 1, -1, 1, -1, 1, -1, -1, -1, 1, 1, 1, 1, -1, 1, 1, 1, -1, -1, -1, 1, 1, 1, 1, -1, -1, -1, 1, -1, 1, -1, 1, -1, 1, 1, -1, -1, -1, 1, 1, -1, -1, 1, 1, -1, 1, -1, -1, -1, 1, -1, -1, -1, 1, 1, 1, 1, 1, -1, -1, 1, 1, -1, -1, 1, 1, 1, 1, -1, -1, -1, 1, -1, -1, -1, 1, 1, -1, 1, -1, -1, 1, -1, -1, -1, 1, 1, 1, 1, -1, -1, -1, 1, -1, -1, -1, 1, 1, 1, 1, 1, -1, 1, 1, 1, -1, -1, 1, -1, 1, 1, -1, 1, -1, 1, 1, -1, -1, 1, -1, 1, 1, -1, -1, 1, -1, 1, 1, -1, 1, -1, 1, 1, -1, -1, 1, -1, -1, 1, -1, 1, 1, -1, 1, -1, 1, 1, -1, 1, -1, -1, 1, -1, -1, 1, -1, -1, -1, 1, 1, 1, 1, -1, 1, -1, 1, -1, 1, -1, 1, 1, -1, -1, 1, 1, -1, 1, -1, -1, -1, -1, 1, -1, 1, 1, -1, -1, 1, 1, -1, -1, 1, -1, 1, 1, -1, 1, -1, 1, -1, 1, -1, 1, 1, 1, 1, 1, -1, -1, 1, -1, -1, -1, 1, 1, 1, -1, 1, -1, -1, -1, 1, -1, 1, 1, 1, -1, 1, -1, 1, -1, -1, 1, -1, 1, -1, 1, 1, 1, 1, -1, -1, 1, -1, -1, 1, -1, 1, -1, 1, -1, 1, 1, 1, -1, 1, -1, -1, 1, -1, -1, -1, 1, 1, -1, -1, -1, 1, 1, 1, -1, 1, 1, -1, 1, 1, -1, 1, -1, -1, 1, 1, -1, 1, -1, 1, -1, -1, 1, -1, -1, 1, 1, -1, -1, 1, 1, -1, -1, -1, -1, -1, -1, 1, -1, -1, 1, 1, 1, -1, -1, 1, -1, 1, 1, 1, -1, 1, 1, 1, -1, 1, -1, -1, 1, 1, -1, 1, 1, -1, -1, -1, -1, 1, -1, -1, 1, -1, 1, -1, -1, -1, -1, -1, -1, 1, -1, 1, -1, 1, -1, -1, -1, -1, 1, -1, 1, 1, 1, -1, 1, -1, -1, 1, -1, 1, -1, -1, -1, 1, -1, 1, 1, -1, -1, 1, 1, 1, 1, 1, 1, -1, 1, -1, -1, -1, -1, 1, -1, 1, -1, 1, -1, 1, -1, 1, -1, -1, -1, -1, -1, 1, 1, -1, 1, 1, -1, 1, -1, 1, -1, 1, 1, -1, 1, 1, 1, -1, -1, 1, 1, -1, 1, -1, 1, 1, 1, -1, -1, 1, 1, -1, 1, -1, 1, 1, -1, -1, -1, -1, -1, 1, 1, -1, -1, 1, -1, 1, 1, -1, -1, 1, 1, 1, -1, -1, 1, 1, 1, 1, 1, -1, -1, 1, 1, -1, -1, -1, -1, 1, -1, 1, -1, 1, -1, 1, -1, -1, -1, 1, -1, 1, -1, -1, 1, 1, 1, -1, 1, 1, -1, 1, -1, -1, 1, 1, 1, 1, -1, 1, -1, 1, 1, -1, -1, 1, 1, 1, 1, -1, -1, -1, -1, 1, 1, -1, -1, -1, 1, 1, -1, 1, 1, -1, 1, 1, -1, 1, 1, -1, 1, -1, 1, -1, 1, 1, -1, -1, 1, -1, -1, -1, 1, -1, 1, -1, 1, -1, 1, -1, -1, 1, 1, -1, 1, -1, 1, 1, 1, -1, -1, -1, 1, 1, -1, -1, -1, -1, 1, 1, -1, -1, 1, -1, -1, 1, -1, -1, -1, 1, 1, 1, 1, 1, -1, 1, -1, -1, 1, -1, -1, 1, 1, 1, -1, -1, 1, 1, 1, -1, 1, -1, 1, 1, 1, -1, 1, 1, 1, -1, 1, -1, -1, 1, 1, 1, -1, -1, 1, 1, -1, 1, -1, 1, 1, 1, 1, 1, -1, -1, -1, 1, 1, -1, 1, 1, 1, 1, -1, -1, 1, 1, -1, 1, -1, 1, 1, 1, 1, -1, 1, -1, 1, -1, 1, -1, 1, 1, 1, -1, 1, -1, 1, -1, 1, 1, 1, -1, 1, -1, 1, 1, -1, -1, 1, -1, 1, -1, -1, 1, -1, 1, -1, 1, -1, -1, 1, 1, -1, -1, -1, -1, 1, 1, -1, 1, -1, 1, 1, -1, 1, -1, 1, 1, -1, -1, -1, 1, -1, 1, 1, -1, -1, -1, -1, 1, -1, 1, -1, -1, 1, 1, 1, -1, -1, -1, 1, -1, 1, -1, 1, 1, 1, 1, -1, 1, -1, -1, 1, -1, -1, 1, 1, 1, -1, -1, 1, -1, 1, -1, 1, 1, 1, 1, 1, -1, -1, 1, -1, 1, -1, -1, 1, 1, 1, -1, -1, -1, -1, -1, 1, -1, -1, 1, 1, 1, -1, 1, 1, -1, -1, 1, 1, -1, 1, 1, 1, 1, -1, 1, -1, 1, -1, -1, -1, 1, 1, 1, 1, -1, 1, -1, -1, -1, 1, -1, 1, -1, 1, 1, -1, 1, -1, -1, 1, 1, 1, -1, 1, -1, 1, -1, 1, -1, -1, 1, 1, -1, -1, 1, -1, 1, -1, 1, -1, 1, 1, -1, 1, 1, 1, 1, 1, -1, -1, 1, -1, 1, 1, -1, -1, 1, -1, 1, -1, -1, 1, -1, 1, 1, 1, -1, 1, 1, -1, 1, -1, -1, -1, 1, 1, -1, 1, 1, -1, -1, -1, 1, -1, -1, 1, 1, -1, 1, 1, -1, -1, -1, -1, 1, -1, 1, 1, 1, 1, 1, -1, 1, -1, -1, -1, -1, 1, 1, -1, 1, 1, -1, -1, -1, -1, 1, -1, 1, 1, 1, 1, 1, -1, -1, 1, 1, -1, 1, 1, -1, 1, -1, 1, -1, -1, -1, 1, 1, -1, -1, 1, 1, -1, 1, 1, -1, -1, -1, 1, -1, 1, -1, 1, 1, 1, 1, -1, 1, 1, 1, -1, -1, -1, 1, -1, 1, 1, -1, 1, -1, 1, -1, 1, -1, 1, -1, 1, 1, -1, 1, -1, 1, 1, -1, -1, 1, -1, 1, 1, -1, 1, -1, 1, -1, 1, 1, 1, -1, -1, 1, 1, -1, -1, 1, -1, -1, 1, -1, 1, -1, 1, 1, 1, 1, 1, 1, -1, 1, 1, -1, 1, -1, 1, 1, 1, -1, 1, -1, 1, 1, -1, -1, 1, -1, 1, -1, 1, -1, -1, -1, 1, -1, -1, 1, 1, 1, 1, 1, 1, -1, -1, -1, 1, -1, 1, 1, -1, 1, -1, -1, -1, 1, 1, -1, -1, 1, -1, 1, 1, -1, 1, 1, 1, 1, -1, -1, 1, 1, 1, -1, -1, 1, 1, 1, 1, -1, 1, -1, 1, -1, 1, -1, -1, 1, 1, 1, -1, -1, -1, 1, 1, -1, 1, -1, 1, 1, 1, -1, -1, 1, -1, 1, 1, -1, -1, 1, 1, 1, -1, 1, 1, -1, 1, 1, 1, -1, 1, 1, 1, -1, 1, -1, -1, 1, 1, -1, 1, 1, 1, 1, -1, 1, -1, 1, -1, 1, -1, 1, 1, 1, -1, -1, -1, -1, 1, 1, 1, -1, 1, 1, 1, -1, -1, 1, -1, 1, -1, 1, -1, 1, 1, 1, -1, -1, 1, -1, 1, -1, 1, -1, -1, 1, 1, -1, -1, 1, -1, 1, -1, 1, -1, 1, -1, 1, -1, -1, -1, -1, 1, 1, 1, -1, 1, -1, 1, 1, -1, -1, -1, 1, -1, 1, 1, -1, 1, 1, -1, -1, -1, 1, -1, 1, 1, -1, -1, -1, 1, -1, -1, -1, 1, -1, 1, 1, -1, -1, 1, -1, -1, 1, -1, 1, -1, 1, 1, -1, 1, 1, -1, 1, -1, -1, 1, -1, 1, 1, -1, -1, 1, -1, 1, -1, -1, 1, -1, 1, 1, -1, 1, -1, -1, 1, -1, -1, 1, 1, 1, -1, 1, 1, -1, 1, -1, -1, -1, 1, -1, 1, -1, 1, 1, -1, -1, -1, -1, -1, -1, -1, 1, -1, -1, 1, -1, -1, 1, 1, -1, 1, -1, 1, -1, -1, 1, 1, -1, 1, -1, -1, 1, -1, 1, -1, -1, 1, -1, -1, 1, 1, -1, 1, -1, -1, -1, -1, 1, -1, -1, 1, -1, -1, 1, -1, -1, -1, -1, 1, -1, -1, 1, 1, -1, 1, -1, 1, -1, -1, 1, -1, -1, 1, -1, 1, -1, 1, 1, 1, -1, 1, 1, -1, 1, -1, 1, 1, -1, 1, -1, -1, 1, -1, -1, 1, 1, 1, -1, 1, 1, -1, 1, -1, 1, -1, 1, -1, 1, 1, -1, 1
BQP_DATA, 2897, 13358, -6294.000000, -9394.000000, -17898.000000, -20998.000000, 2048.012125, 3826, 1640
