Set parameter TSPort to value 51199
Set parameter TokenServer to value "open-license1.lanl.gov"
Set parameter TimeLimit to value 2048
Set parameter Threads to value 1
Gurobi Optimizer version 10.0.3 build v10.0.3rc0 (linux64)

CPU model: Intel(R) Xeon(R) CPU E5-2695 v4 @ 2.10GHz, instruction set [SSE2|AVX|AVX2]
Thread count: 36 physical cores, 72 logical processors, using up to 1 threads

Optimize a model with 0 rows, 1173 columns and 0 nonzeros
Model fingerprint: 0x329a5ee9
Model has 5262 quadratic objective terms
Variable types: 0 continuous, 1173 integer (1173 binary)
Coefficient statistics:
  Matrix range     [0e+00, 0e+00]
  Objective range  [2e+00, 3e+01]
  QObjective range [8e+00, 8e+00]
  Bounds range     [1e+00, 1e+00]
  RHS range        [0e+00, 0e+00]
Found heuristic solution: objective 0.0000000
Found heuristic solution: objective -1962.000000
Found heuristic solution: objective -7084.000000
Found heuristic solution: objective -7124.000000
Presolve removed 0 rows and 2 columns
Presolve time: 0.31s
Presolved: 5260 rows, 6431 columns, 15780 nonzeros
Variable types: 0 continuous, 6431 integer (6431 binary)

Root relaxation: objective -9.769000e+03, 1641 iterations, 0.03 seconds (0.01 work units)

    Nodes    |    Current Node    |     Objective Bounds      |     Work
 Expl Unexpl |  Obj  Depth IntInf | Incumbent    BestBd   Gap | It/Node Time

     0     0 -9769.0000    0 1171 -7124.0000 -9769.0000  37.1%     -    0s
     0     0 -8983.0000    0 1577 -7124.0000 -8983.0000  26.1%     -    0s
     0     0 -8965.0000    0 1590 -7124.0000 -8965.0000  25.8%     -    0s
     0     0 -8806.5000    0 1702 -7124.0000 -8806.5000  23.6%     -    1s
     0     0 -8806.5000    0 1691 -7124.0000 -8806.5000  23.6%     -    1s
     0     2 -8806.5000    0 1690 -7124.0000 -8806.5000  23.6%     -    1s
   240   242 -7896.5000  120 2149 -7124.0000 -8795.5000  23.5%   105    5s
   575   550 -7363.0000  214 2041 -7124.0000 -8439.1913  18.5%  79.5   11s
   582   554 -7395.0000  206 2521 -7124.0000 -8222.5022  15.4%  78.5   16s
   585   556 -7845.0000  127 2635 -7124.0000 -8196.6375  15.1%  78.1   20s
   594   562 -7295.0000  227 3030 -7124.0000 -8076.4854  13.4%  76.9   32s
   595   563 -7192.0000  260 3150 -7124.0000 -8058.2745  13.1%  76.8   37s
   597   564 -8051.1033   20 3347 -7124.0000 -8051.1033  13.0%  76.5   40s
   604   569 -7382.0000  208 3667 -7124.0000 -7945.0023  11.5%  75.6   58s
   605   570 -7917.5000  118 3778 -7124.0000 -7928.0354  11.3%  75.5   65s
   607   571 -7921.5075   16 3957 -7124.0000 -7921.5075  11.2%  75.3   70s
   616   577 -7848.3274  112 4345 -7124.0000 -7848.3274  10.2%  74.2   95s
   617   578 -7659.0000  154 4549 -7124.0000 -7833.0926  10.0%  74.1  108s
   618   578 -7640.0000  157 4578 -7124.0000 -7829.8239  9.91%  73.9  112s
   620   580 -7827.8534   89 4667 -7124.0000 -7827.8534  9.88%  73.7  115s
   626   584 -7774.6550  133 4907 -7124.0000 -7774.6550  9.13%  73.0  142s
   627   584 -7763.7704  130 5124 -7124.0000 -7763.7704  8.98%  72.9  154s
   628   585 -7395.0000  206 5136 -7124.0000 -7762.1485  8.96%  72.8  157s
   630   586 -7233.0000  244 5175 -7124.0000 -7761.4623  8.95%  72.5  160s
   634   589 -7716.0000  145 5135 -7124.0000 -7737.9485  8.62%  72.1  180s
   635   590 -7382.0000  208 5187 -7124.0000 -7733.8722  8.56%  72.0  187s
   636   590 -7508.0000  188 5190 -7124.0000 -7733.2644  8.55%  71.8  190s
   643   595 -7713.2462   78 5187 -7124.0000 -7713.2462  8.27%  71.1  209s
   644   596 -7709.1198   93 5234 -7124.0000 -7709.1198  8.21%  70.9  218s
   645   596 -7708.2338  120 5315 -7124.0000 -7708.2338  8.20%  70.8  220s
   650   600 -7707.7337  139 5364 -7124.0000 -7707.7337  8.19%  70.3  225s
   651   600 -7695.5511   75 5285 -7124.0000 -7695.5511  8.02%  70.2  239s
   652   601 -7693.2920   98 5327 -7124.0000 -7693.2920  7.99%  70.1  244s
   653   602 -7692.6744    4 5331 -7124.0000 -7692.6744  7.98%  70.0  247s
   658   605 -7692.4753  120 5371 -7124.0000 -7692.4753  7.98%  69.4  250s
   659   606 -7681.2550   31 5342 -7124.0000 -7681.2550  7.82%  69.3  263s
   660   606 -7678.7064   53 5402 -7124.0000 -7678.7064  7.79%  69.2  269s
   661   607 -7678.0272    7 5407 -7124.0000 -7678.0272  7.78%  69.1  272s
   665   610 -7677.8024   70 5444 -7124.0000 -7677.8024  7.77%  68.7  275s
   666   610 -7671.4877    3 5364 -7124.0000 -7671.4877  7.69%  68.6  286s
   667   611 -7670.0906  139 5414 -7124.0000 -7670.0906  7.67%  68.5  291s
   672   614 -7344.0000  217 5447 -7124.0000 -7669.7409  7.66%  68.0  295s
   673   615 -7661.7980  129 5374 -7124.0000 -7661.7980  7.55%  67.9  309s
   674   616 -7659.8286   84 5394 -7124.0000 -7659.8286  7.52%  67.8  315s
   680   620 -7650.7737   45 5402 -7124.0000 -7650.7737  7.39%  67.2  331s
   681   620 -7648.5693   16 5472 -7124.0000 -7648.5693  7.36%  67.1  338s
   683   622 -7233.0000  244 5513 -7124.0000 -7648.1024  7.36%  66.9  340s
   688   625 -7399.0000  205 5491 -7124.0000 -7641.2807  7.26%  66.4  353s
   689   626 -7307.0000  224 5486 -7124.0000 -7639.8719  7.24%  66.3  358s
   690   626 -7639.6157  113 5528 -7124.0000 -7639.6157  7.24%  66.2  360s
   696   630 -7472.0000  193 5482 -7124.0000 -7632.8503  7.14%  65.6  375s
   697   631 -7631.1377   20 5559 -7124.0000 -7631.1377  7.12%  65.6  381s
   703   635 -7626.6160   73 5538 -7124.0000 -7626.6160  7.06%  65.0  393s
   704   636 -7382.0000  208 5559 -7124.0000 -7625.5238  7.04%  64.9  397s
   707   638 -7625.1494   16 5607 -7124.0000 -7625.1494  7.03%  64.6  400s
   711   640 -7621.4374   43 5542 -7124.0000 -7621.4374  6.98%  64.3  409s
   712   641 -7138.5000  276 5591 -7124.0000 -7620.5823  6.97%  64.2  413s
   713   642 -7293.0000  228 5615 -7124.0000 -7620.4057  6.97%  64.1  415s
   718   645 -7616.9852  157 5562 -7124.0000 -7616.9852  6.92%  63.6  426s
   719   646 -7616.1209   50 5614 -7124.0000 -7616.1209  6.91%  63.5  430s
   724   649 -7290.0000  229 5626 -7124.0000 -7613.6986  6.87%  63.1  439s
   725   650 -7613.2305  115 5660 -7124.0000 -7613.2305  6.87%  63.0  442s
   731   654 -7611.8459   63 5630 -7124.0000 -7611.8459  6.85%  62.5  449s
   732   654 -7611.5497  162 5651 -7124.0000 -7611.5497  6.84%  62.4  450s
   743   662 -7611.2238   78 5670 -7124.0000 -7611.2238  6.84%  61.5  455s
   752   669 -7611.2233   98 2398 -7124.0000 -7611.2233  6.84%   876  460s
   753   669 -7611.2233    4 4342 -7124.0000 -7611.2233  6.84%   875  490s
   754   670 -7406.0000  204 5356 -7124.0000 -7611.2233  6.84%   874  528s
   755   671 -7611.2233   77 5502 -7124.0000 -7611.2233  6.84%   873  550s
   756   671 -7611.2233   25 5593 -7124.0000 -7611.2233  6.84%   871  560s
   758   673 -7611.2233  120 5625 -7124.0000 -7611.2233  6.84%   869  565s
   764   677 -7426.0000  201 5649 -7124.0000 -7605.4622  6.76%   862  581s
   765   677 -7604.5512   70 5673 -7124.0000 -7604.5512  6.75%   861  585s
   770   681 -7147.5000  273 5710 -7124.0000 -7604.2268  6.74%   856  590s
   771   681 -7599.0036  137 5659 -7124.0000 -7599.0036  6.67%   855  603s
   772   682 -7344.0000  217 5705 -7124.0000 -7597.9872  6.65%   853  607s
   776   685 -7161.0000  269 5731 -7124.0000 -7597.8706  6.65%   849  610s
   777   685 -7592.9080    8 5727 -7124.0000 -7592.9080  6.58%   848  622s
   778   686 -7592.1751   84 5711 -7124.0000 -7592.1751  6.57%   847  626s
   782   689 -7395.0000  206 5749 -7124.0000 -7591.9605  6.57%   843  630s
   783   689 -7233.0000  244 5721 -7124.0000 -7588.0666  6.51%   841  640s
   785   691 -7587.1747  127 5751 -7124.0000 -7587.1747  6.50%   839  645s
   790   694 -7583.6729  113 5731 -7124.0000 -7583.6729  6.45%   834  658s
   791   695 -7582.6686    7 5749 -7124.0000 -7582.6686  6.44%   833  663s
   792   695 -7441.0000  198 5748 -7124.0000 -7582.5719  6.44%   832  665s
   797   699 -7579.3260   20 5738 -7124.0000 -7579.3260  6.39%   827  677s
   798   699 -7578.5675  127 5771 -7124.0000 -7578.5675  6.38%   826  681s
   802   702 -7444.0000  196 5820 -7124.0000 -7578.3040  6.38%   822  686s
   803   703 -7575.1709   73 5750 -7124.0000 -7575.1709  6.33%   820  697s
   804   703 -7382.0000  208 5774 -7124.0000 -7574.4479  6.32%   819  701s
   809   707 -7265.0000  235 5829 -7124.0000 -7574.2980  6.32%   814  705s
   810   707 -7572.1122   45 5797 -7124.0000 -7572.1122  6.29%   813  713s
   811   708 -7571.8558   43 5797 -7124.0000 -7571.8558  6.29%   812  715s
   816   711 -7570.4650  112 5794 -7124.0000 -7570.4650  6.27%   807  725s
   821   715 -7570.0219   16 5858 -7124.0000 -7570.0219  6.26%   802  731s
   822   715 -7568.5899  109 5799 -7124.0000 -7568.5899  6.24%   802  738s
   823   716 -7568.1166   53 5824 -7124.0000 -7568.1166  6.23%   801  741s
   827   719 -7566.3812  130 5828 -7124.0000 -7566.3812  6.21%   797  752s
   828   719 -7395.0000  206 5840 -7124.0000 -7565.9595  6.20%   796  755s
   833   723 -7538.0000  179 5829 -7124.0000 -7564.7844  6.19%   791  763s
   834   723 -7564.4194  145 5858 -7124.0000 -7564.4194  6.18%   790  766s
   839   727 -7562.4640    7 5848 -7124.0000 -7562.4640  6.15%   785  777s
   840   727 -7562.0436   43 5855 -7124.0000 -7562.0436  6.15%   784  780s
   844   730 -7560.7413   93 5836 -7124.0000 -7560.7413  6.13%   781  789s
   845   731 -7560.4481  120 5865 -7124.0000 -7560.4481  6.13%   780  792s
   849   733 -7560.3817  118 5883 -7124.0000 -7560.3817  6.13%   776  795s
   850   734 -7558.6263  139 5853 -7124.0000 -7558.6263  6.10%   775  802s
   851   735 -7558.2669   75 5872 -7124.0000 -7558.2669  6.10%   774  805s
   856   738 -7556.8474   25 5871 -7124.0000 -7556.8474  6.08%   770  815s
   858   739 -7556.1741  120 5909 -7124.0000 -7556.1741  6.07%   768  820s
   862   742 -7282.0000  231 5902 -7124.0000 -7555.7114  6.06%   764  825s
   868   746 -7554.8780  143 5890 -7124.0000 -7554.8780  6.05%   759  833s
   870   747 -7147.5000  273 5913 -7124.0000 -7554.6985  6.05%   757  835s
   873   749 -7554.0750  129 5878 -7124.0000 -7554.0750  6.04%   755  840s
   878   753 -7553.2301   84 5878 -7124.0000 -7553.2301  6.03%   750  849s
   879   753 -7160.0000  268 5912 -7124.0000 -7553.0673  6.02%   750  850s
   884   757 -7552.5604    3 5892 -7124.0000 -7552.5604  6.02%   745  856s
   888   759 -7399.0000  205 5930 -7124.0000 -7552.3682  6.01%   742  860s
   889   760 -7307.0000  224 5879 -7124.0000 -7551.4621  6.00%   741  865s
   892   762 -7441.0000  198 5928 -7124.0000 -7550.9959  5.99%   739  870s
   896   765 -7472.0000  193 5877 -7124.0000 -7550.3967  5.99%   735  876s
   898   766 -7549.9895  127 5938 -7124.0000 -7549.9895  5.98%   734  880s
   902   769 -7444.0000  196 5877 -7124.0000 -7549.2706  5.97%   730  886s
   905   771 -7549.0018  118 5952 -7124.0000 -7549.0018  5.97%   728  890s
   908   773 -7548.2764  154 5911 -7124.0000 -7548.2764  5.96%   726  896s
   913   776 -7293.0000  228 5922 -7124.0000 -7547.6841  5.95%   722  903s
   914   777 -7547.5182  114 5931 -7124.0000 -7547.5182  5.94%   721  905s
   918   779 -7547.0949  157 5918 -7124.0000 -7547.0949  5.94%   718  910s
   924   783 -7290.0000  229 5918 -7124.0000 -7546.4216  5.93%   713  918s
   925   784 -7546.2809  115 5942 -7124.0000 -7546.2809  5.93%   712  920s
   929   787 -7272.0000  234 5938 -7124.0000 -7545.8189  5.92%   709  925s
   934   790 -7545.1793  145 5925 -7124.0000 -7545.1793  5.91%   705  933s
   936   791 -7508.0000  188 5962 -7124.0000 -7544.9987  5.91%   704  935s
   941   795 -7544.5898   76 5940 -7124.0000 -7544.5898  5.90%   700  940s
   946   798 -7544.0080   53 5931 -7124.0000 -7544.0080  5.90%   696  947s
   947   799 -7307.0000  224 5949 -7124.0000 -7543.6620  5.89%   696  950s
   953   803 -7543.1608    4 5940 -7124.0000 -7543.1608  5.88%   691  957s
   956   805 -7543.0197   25 5972 -7124.0000 -7543.0197  5.88%   689  960s
   959   807 -7542.6377   31 5958 -7124.0000 -7542.6377  5.88%   687  965s
   964   810 -7426.0000  201 5960 -7124.0000 -7542.3230  5.87%   683  970s
   969   813 -7339.0000  218 5972 -7124.0000 -7542.1475  5.87%   680  975s
   972   815 -7344.0000  217 5944 -7124.0000 -7541.7891  5.86%   678  980s
   978   819 -7541.3529   84 5958 -7124.0000 -7541.3529  5.86%   674  987s
   981   821 -7541.1833   16 5972 -7124.0000 -7541.1833  5.86%   672  990s
   983   823 -7233.0000  244 5947 -7124.0000 -7540.7651  5.85%   670  995s
   989   827 -7307.0000  224 5960 -7124.0000 -7540.2868  5.84%   666 1002s
   993   829 -7540.1268  137 5988 -7124.0000 -7540.1268  5.84%   663 1006s
   995   831 -7192.0000  260 5960 -7124.0000 -7539.7601  5.84%   662 1010s
  1000   834 -7539.4255  165 5946 -7124.0000 -7539.4255  5.83%   659 1015s
  1006   838 -7334.0000  219 5973 -7124.0000 -7539.2158  5.83%   655 1020s
  1010   841 -7538.9369   45 5961 -7124.0000 -7538.9369  5.82%   652 1025s
  1018   846 -7538.4530  157 5956 -7124.0000 -7538.4530  5.82%   647 1032s
  1020   847 -7538.3280   89 5977 -7124.0000 -7538.3280  5.82%   646 1035s
  1024   850 -7290.0000  229 5961 -7124.0000 -7537.9609  5.81%   643 1041s
  1029   853 -7272.0000  234 5968 -7124.0000 -7537.7168  5.81%   640 1046s
  1034   857 -7537.5311  145 5992 -7124.0000 -7537.5311  5.80%   637 1050s
  1036   858 -7508.0000  188 5978 -7124.0000 -7537.1193  5.80%   636 1055s
  1040   861 -7536.6925   43 5967 -7124.0000 -7536.6925  5.79%   634 1061s
  1044   863 -7536.4359   93 5986 -7124.0000 -7536.4359  5.79%   631 1065s
  1049   867 -7536.2789  118 5990 -7124.0000 -7536.2789  5.79%   628 1071s
  1051   868 -7535.9048   75 5985 -7124.0000 -7535.9048  5.78%   627 1075s
  1055   871 -7535.5962   77 5973 -7124.0000 -7535.5962  5.78%   625 1080s
  1059   873 -7535.4315   31 6018 -7124.0000 -7535.4315  5.78%   622 1085s
  1061   875 -7534.7615    7 6003 -7124.0000 -7534.7615  5.77%   621 1091s
  1066   878 -7534.4489    3 5988 -7124.0000 -7534.4489  5.76%   618 1097s
  1068   879 -7534.3149  143 6009 -7124.0000 -7534.3149  5.76%   617 1100s
  1072   882 -7344.0000  217 5981 -7124.0000 -7533.8992  5.75%   615 1106s
  1076   885 -7161.0000  269 5980 -7124.0000 -7533.6503  5.75%   612 1111s
  1081   888 -7533.3927   16 5983 -7124.0000 -7533.3927  5.75%   609 1117s
  1085   891 -7533.2818  127 6011 -7124.0000 -7533.2818  5.75%   607 1121s
  1088   893 -7399.0000  205 6007 -7124.0000 -7532.9878  5.74%   606 1125s
  1093   896 -7532.7632  137 5995 -7124.0000 -7532.7632  5.74%   603 1130s
  1098   899 -7532.4168  127 5967 -7124.0000 -7532.4168  5.73%   600 1136s
  1103   903 -7532.2769   73 5999 -7124.0000 -7532.2769  5.73%   597 1140s
  1107   905 -7532.0088   16 5989 -7124.0000 -7532.0088  5.73%   595 1145s
  1110   907 -7531.7948   45 5990 -7124.0000 -7531.7948  5.72%   594 1150s
  1115   911 -7531.5581   80 5994 -7124.0000 -7531.5581  5.72%   591 1156s
  1119   913 -7531.2118   50 5984 -7124.0000 -7531.2118  5.72%   589 1161s
  1123   916 -7530.9949   53 5994 -7124.0000 -7530.9949  5.71%   587 1166s
  1128   919 -7395.0000  206 5983 -7124.0000 -7530.8995  5.71%   584 1170s
  1133   923 -7530.6543  179 5958 -7124.0000 -7530.6543  5.71%   582 1175s
  1138   926 -7264.0000  235 5972 -7124.0000 -7530.2739  5.70%   579 1182s
  1141   928 -7530.1396   76 5998 -7124.0000 -7530.1396  5.70%   577 1185s
  1145   931 -7529.8467  120 6000 -7124.0000 -7529.8467  5.70%   575 1190s
  1149   933 -7529.6684  118 5988 -7124.0000 -7529.6684  5.69%   573 1195s
  1154   937 -7406.0000  204 6003 -7124.0000 -7529.4923  5.69%   571 1201s
  1158   939 -7529.3518  120 6000 -7124.0000 -7529.3518  5.69%   569 1205s
  1163   943 -7528.9883  115 5971 -7124.0000 -7528.9883  5.68%   567 1211s
  1168   946 -7528.8599  143 6023 -7124.0000 -7528.8599  5.68%   564 1216s
  1172   949 -7344.0000  217 6017 -7124.0000 -7528.7109  5.68%   562 1221s
  1177   952 -7528.5554    8 6004 -7124.0000 -7528.5554  5.68%   560 1226s
  1182   955 -7395.0000  206 5996 -7124.0000 -7528.3992  5.68%   557 1231s
  1186   958 -7528.3094  111 6023 -7124.0000 -7528.3094  5.68%   556 1235s
  1192   962 -7441.0000  198 6013 -7124.0000 -7528.1473  5.67%   553 1240s
  1197   965 -7528.0548   20 6017 -7124.0000 -7528.0548  5.67%   550 1245s
  1203   969 -7527.8808   73 6026 -7124.0000 -7527.8808  5.67%   548 1250s
  1207   972 -7527.6896   16 6002 -7124.0000 -7527.6896  5.67%   546 1255s
  1212   975 -7138.5000  276 6015 -7124.0000 -7527.5302  5.66%   544 1260s
  1217   979 -7527.4131  154 6022 -7124.0000 -7527.4131  5.66%   541 1265s
  1224   983 -7290.0000  229 6027 -7124.0000 -7527.3038  5.66%   538 1270s
  1229   987 -7272.0000  234 6009 -7124.0000 -7527.1239  5.66%   536 1276s
  1233   989 -7526.9672  179 6023 -7124.0000 -7526.9672  5.66%   534 1280s
  1238   993 -7264.0000  235 6024 -7124.0000 -7526.7203  5.65%   532 1286s
  1243   996 -7526.6074   78 6035 -7124.0000 -7526.6074  5.65%   530 1290s
  1245   997 -7526.2937  120 6013 -7124.0000 -7526.2937  5.65%   529 1295s
  1250  1001 -7526.0848  139 6018 -7124.0000 -7526.0848  5.64%   527 1300s
  1257  1005 -7525.9609   25 6029 -7124.0000 -7525.9609  5.64%   524 1305s
  1264  1010 -7426.0000  201 6019 -7124.0000 -7525.7478  5.64%   521 1310s
  1271  1015 -7525.5349  137 6033 -7124.0000 -7525.5349  5.64%   518 1315s
  1275  1017 -7363.0000  214 6012 -7124.0000 -7525.1434  5.63%   517 1320s
  1280  1021 -7524.9139   45 6018 -7124.0000 -7524.9139  5.63%   515 1325s
  1290  1029 -7524.7787  113 2213 -7124.0000 -7524.7787  5.63%  1315 1333s
  1291  1029 -7524.7787    7 4298 -7124.0000 -7524.7787  5.63%  1314 1363s
  1292  1030 -7441.0000  198 5567 -7124.0000 -7524.7787  5.63%  1313 1417s
  1293  1031 -7524.7787  137 5769 -7124.0000 -7524.7787  5.63%  1312 1455s
  1294  1031 -7295.0000  227 5846 -7124.0000 -7524.7787  5.63%  1311 1477s
  1295  1032 -7192.0000  260 5937 -7124.0000 -7524.7787  5.63%  1310 1488s
  1296  1033 -7472.0000  193 5954 -7124.0000 -7524.7787  5.63%  1309 1492s
  1297  1033 -7524.7787   20 5963 -7124.0000 -7524.7787  5.63%  1308 1495s
  1303  1037 -7524.7675   73 6008 -7124.0000 -7524.7675  5.63%  1302 1500s
  1308  1041 -7524.6821  154 6007 -7124.0000 -7524.6821  5.62%  1297 1506s
  1313  1044 -7293.0000  228 5967 -7124.0000 -7524.6045  5.62%  1292 1511s
  1314  1045 -7524.6045  114 5967 -7124.0000 -7524.6045  5.62%  1291 1525s
  1315  1047 -7522.9847   28 5903 -7124.0000 -7524.5467  5.62%  1486 1534s
  1316  1048 -7522.7499   28 5910 -7124.0000 -7522.9484  5.60%  1494 1544s
  1317  1049 -7521.9846   29 5861 -7124.0000 -7522.9033  5.60%  1497 1549s
  1318  1049 -7520.7700   29 5841 -7124.0000 -7522.6668  5.60%  1502 1556s
  1319  1050 -7519.3946   30 5840 -7124.0000 -7522.6668  5.60%  1510 1565s
  1320  1051 -7519.2307   30 5830 -7124.0000 -7522.6668  5.60%  1516 1575s
  1321  1051 -7517.3909   31 5813 -7124.0000 -7522.6668  5.60%  1522 1582s
  1322  1052 -7515.1970   31 5815 -7124.0000 -7522.6668  5.60%  1528 1592s
  1323  1053 -7513.9939   32 5800 -7124.0000 -7522.6668  5.60%  1535 1600s
  1324  1053 -7514.4862   32 5780 -7124.0000 -7522.6668  5.60%  1542 1609s
  1325  1054 -7511.8492   33 5756 -7124.0000 -7522.6668  5.60%  1544 1613s
  1326  1055 -7511.9988   33 5746 -7124.0000 -7522.6668  5.60%  1545 1617s
  1327  1055 -7509.4800   34 5726 -7124.0000 -7522.6668  5.60%  1549 1622s
  1328  1056 -7508.2583   34 5726 -7124.0000 -7522.6668  5.60%  1550 1626s
  1329  1057 -7505.8193   35 5691 -7124.0000 -7522.6668  5.60%  1552 1630s
  1330  1057 -7505.8122   35 5706 -7124.0000 -7522.6668  5.60%  1560 1640s
  1332  1059 -7502.3716   36 5675 -7124.0000 -7522.6668  5.60%  1562 1646s
  1334  1060 -7500.8506   37 5624 -7124.0000 -7522.6668  5.60%  1571 1660s
  1336  1061 -7500.2284   38 5633 -7124.0000 -7522.6668  5.60%  1573 1666s
  1338  1063 -7498.7014   39 5608 -7124.0000 -7522.6668  5.60%  1579 1676s
  1340  1064 -7496.4117   40 5596 -7124.0000 -7522.6668  5.60%  1580 1681s
  1341  1065 -7493.3408   41 5582 -7124.0000 -7522.6668  5.60%  1581 1685s
  1342  1065 -7493.9320   41 5552 -7124.0000 -7522.6668  5.60%  1586 1691s
  1344  1067 -7491.7016   42 5509 -7124.0000 -7522.6668  5.60%  1590 1699s
  1345  1067 -7490.2521   43 5514 -7124.0000 -7522.6668  5.60%  1591 1702s
  1346  1068 -7489.4870   43 5496 -7124.0000 -7522.6668  5.60%  1598 1710s
  1348  1069 -7484.6340   44 5480 -7124.0000 -7522.6668  5.60%  1604 1720s
  1350  1071 -7485.9061   45 5468 -7124.0000 -7522.6668  5.60%  1607 1727s
  1352  1072 -7482.4093   46 5476 -7124.0000 -7522.6668  5.60%  1608 1732s
  1353  1073 -7480.6735   47 5434 -7124.0000 -7522.6668  5.60%  1612 1738s
  1354  1073 -7481.7873   47 5436 -7124.0000 -7522.6668  5.60%  1612 1741s
  1356  1075 -7479.5817   48 5437 -7124.0000 -7522.6668  5.60%  1615 1747s
  1357  1075 -7478.8468   49 5386 -7124.0000 -7522.6668  5.60%  1618 1751s
  1359  1077 -7477.5668   50 5353 -7124.0000 -7522.6668  5.60%  1622 1757s
  1360  1077 -7475.7910   50 5361 -7124.0000 -7522.6668  5.60%  1627 1764s
  1361  1078 -7475.1789   51 5349 -7124.0000 -7522.6668  5.60%  1628 1767s
  1362  1079 -7474.7254   51 5347 -7124.0000 -7522.6668  5.60%  1630 1771s
  1364  1080 -7470.5745   52 5334 -7124.0000 -7522.6668  5.60%  1631 1775s
  1366  1081 -7469.5060   53 5305 -7124.0000 -7522.6668  5.60%  1636 1783s
  1367  1082 -7468.2457   54 5318 -7124.0000 -7522.6668  5.60%  1636 1785s
  1369  1083 -7463.5575   55 5274 -7124.0000 -7522.6668  5.60%  1643 1794s
  1370  1084 -7466.1086   55 5279 -7124.0000 -7522.6668  5.60%  1646 1799s
  1371  1085 -7463.9506   56 5273 -7124.0000 -7522.6668  5.60%  1647 1801s
  1373  1086 -7462.3934   57 5242 -7124.0000 -7522.6668  5.60%  1649 1806s
  1375  1087 -7460.6178   58 5221 -7124.0000 -7522.6668  5.60%  1650 1810s
  1377  1089 -7458.3364   59 5194 -7124.0000 -7522.6668  5.60%  1653 1816s
  1378  1089 -7457.5877   59 5184 -7124.0000 -7522.6668  5.60%  1657 1821s
  1379  1090 -7455.4834   60 5159 -7124.0000 -7522.6668  5.60%  1660 1825s
  1382  1092 -7451.8085   61 5149 -7124.0000 -7522.6668  5.60%  1660 1830s
  1385  1094 -7450.0936   63 5106 -7124.0000 -7522.6668  5.60%  1663 1836s
  1386  1095 -7449.8255   63 5117 -7124.0000 -7522.6668  5.60%  1667 1841s
  1388  1096 -7448.4248   64 5064 -7124.0000 -7522.6668  5.60%  1669 1845s
  1391  1098 -7443.8015   66 5042 -7124.0000 -7522.6668  5.60%  1670 1851s
  1392  1099 -7443.4053   66 5008 -7124.0000 -7522.6668  5.60%  1673 1855s
  1394  1100 -7440.6652   67 5025 -7124.0000 -7522.6668  5.60%  1678 1861s
  1396  1101 -7437.8686   68 5015 -7124.0000 -7522.6668  5.60%  1682 1868s
  1397  1102 -7435.6216   69 5005 -7124.0000 -7522.6668  5.60%  1682 1870s
  1400  1104 -7431.1259   70 4975 -7124.0000 -7522.6668  5.60%  1683 1875s
  1403  1106 -7430.2744   72 4936 -7124.0000 -7522.6668  5.60%  1685 1880s
  1407  1109 -7427.2646   74 4888 -7124.0000 -7522.6668  5.60%  1685 1885s
  1410  1111 -7422.4568   75 4848 -7124.0000 -7522.6668  5.60%  1690 1894s
  1411  1111 -7423.2726   76 4824 -7124.0000 -7522.6668  5.60%  1691 1895s
  1413  1113 -7422.1537   77 4818 -7124.0000 -7522.6668  5.60%  1694 1900s
  1416  1115 -7418.0716   78 4802 -7124.0000 -7522.6668  5.60%  1694 1905s
  1418  1116 -7416.8637   79 4801 -7124.0000 -7522.6668  5.60%  1698 1910s
  1423  1119 -7409.9274   82 4786 -7124.0000 -7522.6668  5.60%  1696 1915s
  1428  1123 -7408.0062   84 4750 -7124.0000 -7522.6668  5.60%  1696 1920s
  1431  1125 -7401.5473   86 4695 -7124.0000 -7522.6668  5.60%  1699 1926s
  1435  1127 -7401.3831   88 4698 -7124.0000 -7522.6668  5.60%  1698 1930s
  1439  1130 -7397.6423   90 4696 -7124.0000 -7522.6668  5.60%  1698 1935s
  1444  1133 -7393.1011   92 4645 -7124.0000 -7522.6668  5.60%  1698 1940s
  1447  1135 -7387.8909   94 4658 -7124.0000 -7522.6668  5.60%  1700 1946s
  1450  1137 -7383.3191   95 4617 -7124.0000 -7522.6668  5.60%  1702 1951s
  1454  1140 -7380.8300   97 4648 -7124.0000 -7522.6668  5.60%  1702 1955s
  1460  1144 -7376.7674  100 4598 -7124.0000 -7522.6668  5.60%  1700 1960s
  1465  1147 -7372.9669  103 4534 -7124.0000 -7522.6668  5.60%  1702 1967s
  1468  1149 -7369.9816  104 4515 -7124.0000 -7522.6668  5.60%  1701 1970s
  1473  1153 -7365.0723  107 4512 -7124.0000 -7522.6668  5.60%  1700 1975s
H 1476  1100                    -7132.000000 -7522.6668  5.48%  1698 1977s
  1480  1104 -7362.9216  110 4505 -7132.0000 -7522.6668  5.48%  1698 1980s
  1486  1108 -7355.7968  113 4501 -7132.0000 -7522.6668  5.48%  1696 1985s
  1492  1112 -7352.7981  116 4467 -7132.0000 -7522.6668  5.48%  1694 1990s
  1499  1117 -7345.9982  120 4453 -7132.0000 -7522.6668  5.48%  1692 1995s
  1506  1122 -7340.3241  123 4404 -7132.0000 -7522.6668  5.48%  1689 2000s
  1514  1127 -7333.6481  127 4355 -7132.0000 -7522.6668  5.48%  1685 2005s
  1524  1134 -7325.4342  132 4318 -7132.0000 -7522.6668  5.48%  1680 2010s
  1532  1139 -7319.7053  136 4316 -7132.0000 -7522.6668  5.48%  1677 2015s
  1541  1145 -7318.1797  141 4236 -7132.0000 -7522.6668  5.48%  1672 2020s
  1552  1152 -7311.9076  146 4209 -7132.0000 -7522.6668  5.48%  1666 2025s
H 1557  1104                    -7136.000000 -7522.6668  5.42%  1663 2028s
  1562  1109 -7307.5827  151 4167 -7136.0000 -7522.6668  5.42%  1660 2030s
  1572  1116 -7304.5406  156 4129 -7136.0000 -7522.6668  5.42%  1655 2035s
  1582  1122 -7293.2060  161 4098 -7136.0000 -7522.6668  5.42%  1651 2040s
  1592  1129 -7279.8157  166 4092 -7136.0000 -7522.6668  5.42%  1646 2045s

Cutting planes:
  Gomory: 33
  MIR: 160
  Flow cover: 2557
  Zero half: 720
  Mod-K: 15
  RLT: 232
  BQP: 303

Explored 1597 nodes (2637637 simplex iterations) in 2048.01 seconds (2673.10 work units)
Thread count was 1 (of 72 available processors)

Solution count 6: -7136 -7132 -7124 ... 0

Time limit reached
Best objective -7.136000000000e+03, best bound -7.522000000000e+03, gap 5.4092%

User-callback calls 55898, time in user-callback 0.22 sec

BQP_SOLUTION, 1173, 5262, -2629.000000, 2048.006702, 1, 1, -1, 1, 1, 1, -1, -1, 1, 1, 1, 1, 1, 1, 1, 1, -1, 1, 1, 1, 1, 1, -1, -1, 1, 1, 1, -1, -1, 1, -1, 1, -1, 1, 1, 1, -1, -1, -1, 1, -1, 1, 1, -1, -1, 1, 1, 1, -1, 1, -1, -1, 1, -1, 1, 1, 1, -1, 1, -1, 1, 1, 1, 1, -1, -1, -1, 1, 1, 1, 1, -1, -1, 1, -1, 1, 1, 1, 1, -1, -1, 1, 1, -1, 1, -1, -1, 1, 1, 1, -1, 1, -1, 1, 1, 1, 1, 1, -1, -1, 1, 1, -1, 1, -1, 1, 1, 1, 1, -1, 1, -1, 1, -1, -1, 1, -1, 1, 1, 1, -1, 1, -1, -1, -1, 1, -1, -1, 1, 1, -1, -1, -1, -1, -1, 1, -1, -1, -1, 1, -1, 1, -1, 1, -1, 1, 1, -1, -1, 1, 1, -1, -1, 1, 1, -1, -1, 1, 1, 1, 1, -1, -1, -1, 1, -1, -1, 1, -1, 1, 1, 1, -1, 1, 1, -1, 1, 1, 1, -1, 1, 1, -1, 1, 1, 1, -1, 1, 1, -1, 1, 1, 1, 1, 1, 1, -1, -1, 1, 1, 1, 1, 1, -1, 1, 1, 1, -1, 1, 1, 1, -1, 1, 1, 1, 1, 1, -1, -1, 1, 1, -1, 1, 1, 1, -1, -1, 1, 1, 1, 1, -1, 1, 1, 1, -1, 1, 1, -1, -1, 1, 1, -1, 1, 1, -1, -1, 1, -1, 1, 1, -1, 1, 1, 1, -1, 1, 1, -1, -1, 1, 1, 1, 1, -1, 1, 1, 1, -1, 1, 1, 1, 1, -1, 1, 1, -1, 1, -1, 1, -1, 1, 1, 1, -1, -1, 1, -1, 1, -1, 1, 1, -1, -1, 1, -1, -1, -1, -1, -1, 1, 1, -1, -1, 1, 1, -1, 1, -1, -1, -1, 1, 1, -1, -1, 1, -1, -1, -1, 1, -1, -1, 1, -1, -1, -1, 1, -1, -1, 1, -1, -1, -1, 1, -1, 1, -1, -1, -1, 1, 1, -1, 1, -1, -1, -1, 1, 1, -1, 1, -1, -1, -1, 1, 1, -1, -1, -1, 1, -1, 1, -1, 1, 1, -1, -1, -1, 1, -1, 1, 1, -1, 1, -1, 1, 1, -1, 1, 1, 1, -1, 1, 1, -1, 1, 1, 1, -1, 1, -1, -1, 1, 1, 1, -1, 1, 1, -1, 1, 1, 1, -1, -1, 1, 1, 1, 1, 1, -1, 1, 1, 1, 1, 1, -1, -1, -1, 1, -1, 1, 1, -1, -1, -1, -1, 1, 1, 1, -1, -1, 1, -1, -1, 1, -1, -1, -1, -1, 1, -1, 1, 1, -1, -1, -1, 1, 1, 1, -1, 1, -1, -1, 1, -1, 1, 1, -1, -1, -1, 1, -1, 1, -1, -1, -1, -1, 1, -1, 1, -1, -1, -1, -1, 1, -1, 1, -1, 1, -1, -1, -1, 1, 1, 1, -1, -1, -1, -1, 1, 1, -1, 1, -1, 1, -1, 1, -1, 1, -1, 1, -1, 1, 1, -1, -1, -1, -1, -1, 1, -1, -1, -1, 1, -1, -1, 1, 1, -1, -1, 1, -1, 1, -1, 1, -1, -1, -1, -1, 1, -1, 1, 1, -1, -1, 1, -1, -1, 1, -1, -1, 1, -1, 1, -1, 1, 1, -1, -1, -1, 1, -1, 1, 1, -1, 1, -1, 1, -1, 1, 1, -1, -1, 1, 1, -1, 1, 1, -1, 1, 1, 1, -1, 1, 1, -1, -1, 1, 1, -1, 1, 1, -1, 1, 1, -1, -1, 1, -1, 1, -1, 1, -1, -1, -1, -1, 1, -1, 1, -1, -1, 1, -1, 1, -1, 1, -1, 1, -1, -1, 1, -1, 1, -1, -1, 1, -1, -1, 1, -1, -1, 1, -1, 1, 1, 1, -1, 1, -1, -1, 1, 1, 1, 1, 1, 1, -1, -1, 1, 1, -1, -1, 1, 1, 1, 1, 1, -1, -1, 1, -1, 1, 1, -1, 1, -1, 1, 1, 1, 1, 1, -1, -1, 1, 1, 1, 1, -1, 1, 1, 1, -1, 1, 1, -1, -1, 1, 1, 1, 1, 1, -1, -1, 1, 1, 1, 1, 1, -1, -1, 1, 1, 1, 1, 1, 1, -1, 1, 1, 1, 1, 1, -1, 1, 1, 1, 1, -1, 1, -1, -1, 1, 1, 1, -1, 1, 1, -1, 1, 1, 1, -1, 1, 1, -1, 1, 1, 1, -1, -1, 1, 1, -1, 1, -1, 1, -1, 1, 1, 1, 1, -1, 1, -1, -1, -1, 1, 1, 1, 1, -1, 1, 1, -1, 1, 1, -1, 1, 1, -1, 1, 1, 1, -1, -1, 1, -1, 1, 1, 1, 1, -1, 1, -1, 1, -1, -1, 1, -1, 1, -1, 1, 1, -1, -1, 1, 1, 1, 1, 1, -1, -1, 1, 1, 1, -1, 1, -1, -1, 1, 1, 1, 1, 1, -1, 1, 1, 1, 1, -1, 1, -1, 1, -1, -1, 1, -1, 1, 1, -1, -1, 1, 1, 1, -1, -1, -1, -1, 1, 1, 1, 1, -1, -1, -1, 1, 1, 1, -1, -1, -1, 1, 1, 1, -1, 1, 1, 1, 1, 1, 1, -1, -1, -1, -1, 1, 1, 1, 1, 1, 1, -1, 1, 1, 1, -1, 1, -1, 1, 1, 1, 1, 1, -1, -1, -1, 1, 1, 1, -1, 1, -1, -1, -1, 1, 1, 1, -1, 1, -1, 1, 1, -1, 1, -1, 1, -1, 1, 1, 1, 1, -1, 1, -1, 1, 1, 1, 1, 1, -1, -1, -1, -1, 1, 1, -1, 1, 1, -1, 1, 1, -1, -1, -1, 1, 1, 1, 1, 1, 1, -1, -1, -1, 1, 1, -1, 1, 1, 1, -1, 1, 1, -1, -1, 1, -1, 1, 1, 1, -1, -1, 1, 1, 1, -1, 1, -1, -1, 1, -1, 1, -1, 1, -1, -1, 1, -1, -1, -1, 1, -1, -1, 1, 1, -1, -1, 1, 1, -1, 1, 1, 1, -1, 1, 1, -1, 1, 1, -1, -1, 1, 1, -1, 1, -1, 1, -1, -1, 1, 1, -1, -1, 1, 1, 1, 1, -1, 1, 1, -1, 1, 1, -1, -1, 1, -1, -1, -1, -1, 1, -1, 1, -1, 1, -1, 1, 1, -1, -1, -1, -1, -1, 1, 1, -1, 1, -1, -1, 1, -1, 1, -1, 1, 1, -1, -1, -1, 1, -1, -1, -1, 1, 1, -1, 1, -1, 1, -1, 1, 1, -1, 1, 1, -1, -1, 1, -1, 1, 1, -1, 1, -1, 1, 1, -1, -1, -1, -1, -1, 1, -1, 1, -1, 1, -1, 1, -1, 1, 1, -1, -1, 1, -1, 1, 1, 1, -1, -1, -1, -1, 1, 1, -1, -1, -1, -1, -1, 1, 1, -1, -1, 1, -1, 1, 1, -1, 1, -1, -1, -1, -1, 1, 1, -1, -1, 1, -1, -1, 1, 1, -1, -1, 1, 1, 1, -1, -1, 1, -1, -1, 1, -1, 1, -1, 1, -1, 1, 1, -1, 1, 1, 1, -1, -1, 1, -1, 1, -1, 1, -1, 1, 1, -1, -1, 1, 1, -1, -1, 1, -1, 1, 1, -1, -1
BQP_DATA, 1173, 5262, -2629.000000, -3015.000000, -7136.000000, -7522.000000, 2048.006702, 3485, 1597
