Set parameter TSPort to value 51199
Set parameter TokenServer to value "open-license1.lanl.gov"
Set parameter TimeLimit to value 4096
Set parameter Threads to value 1
Gurobi Optimizer version 10.0.3 build v10.0.3rc0 (linux64)

CPU model: Intel(R) Xeon(R) CPU E5-2695 v4 @ 2.10GHz, instruction set [SSE2|AVX|AVX2]
Thread count: 36 physical cores, 72 logical processors, using up to 1 threads

Optimize a model with 0 rows, 1532 columns and 0 nonzeros
Model fingerprint: 0x9b248a18
Model has 6956 quadratic objective terms
Variable types: 0 continuous, 1532 integer (1532 binary)
Coefficient statistics:
  Matrix range     [0e+00, 0e+00]
  Objective range  [2e+00, 3e+01]
  QObjective range [8e+00, 8e+00]
  Bounds range     [1e+00, 1e+00]
  RHS range        [0e+00, 0e+00]
Found heuristic solution: objective 0.0000000
Found heuristic solution: objective -2594.000000
Found heuristic solution: objective -9470.000000
Found heuristic solution: objective -9508.000000
Presolve removed 0 rows and 1 columns
Presolve time: 0.37s
Presolved: 6955 rows, 8486 columns, 20865 nonzeros
Variable types: 0 continuous, 8486 integer (8486 binary)

Root relaxation: objective -1.309300e+04, 2162 iterations, 0.04 seconds (0.01 work units)

    Nodes    |    Current Node    |     Objective Bounds      |     Work
 Expl Unexpl |  Obj  Depth IntInf | Incumbent    BestBd   Gap | It/Node Time

     0     0 -13093.000    0 1531 -9508.0000 -13093.000  37.7%     -    0s
     0     0 -12138.000    0 2011 -9508.0000 -12138.000  27.7%     -    1s
     0     0 -12037.000    0 2065 -9508.0000 -12037.000  26.6%     -    1s
     0     0 -12034.000    0 2069 -9508.0000 -12034.000  26.6%     -    1s
     0     0 -11825.750    0 2240 -9508.0000 -11825.750  24.4%     -    1s
     0     0 -11825.750    0 2213 -9508.0000 -11825.750  24.4%     -    2s
     0     2 -11825.667    0 2209 -9508.0000 -11825.667  24.4%     -    2s
   173   175 -11099.000   87 2746 -9508.0000 -11811.750  24.2%   109    5s
   606   608 -9783.5000  304 2978 -9508.0000 -11811.750  24.2%  79.5   10s
   824   758 -11376.438   49 2547 -9508.0000 -11376.438  19.7%  68.2   16s
   830   762 -10293.500  209 3355 -9508.0000 -11046.665  16.2%  67.7   27s
   831   762 -10920.000  112 3488 -9508.0000 -11008.524  15.8%  67.6   33s
   832   763 -9805.5000  300 3512 -9508.0000 -11001.427  15.7%  67.5   35s
   841   769 -9551.0000  374 4016 -9508.0000 -10824.793  13.8%  66.8   60s
   842   770 -9880.0000  284 4297 -9508.0000 -10784.459  13.4%  66.7   75s
   844   771 -10773.814   64 4498 -9508.0000 -10773.814  13.3%  66.6   81s
   848   774 -9624.0000  346 4576 -9508.0000 -10771.581  13.3%  66.3   85s
   853   777 -10640.630   97 5037 -9508.0000 -10640.630  11.9%  65.9  121s
   854   778 -10444.000  188 5203 -9508.0000 -10614.503  11.6%  65.8  143s
   855   778 -9917.0000  278 5352 -9508.0000 -10608.422  11.6%  65.7  150s
   857   780 -10605.622    4 5519 -9508.0000 -10605.622  11.5%  65.6  156s
   863   784 -9783.5000  305 5528 -9508.0000 -10605.133  11.5%  65.1  160s
   865   785 -10324.500  205 5861 -9508.0000 -10507.560  10.5%  65.0  207s
   866   786 -9683.5000  331 6060 -9508.0000 -10487.556  10.3%  64.9  236s
   867   786 -10483.863   78 6166 -9508.0000 -10483.863  10.3%  64.8  244s
   868   787 -9978.0000  266 6201 -9508.0000 -10482.686  10.3%  64.7  248s
   869   788 -10481.873  146 6294 -9508.0000 -10481.873  10.2%  64.7  251s
   872   790 -10481.478  115 6345 -9508.0000 -10481.478  10.2%  64.4  255s
   875   792 -10418.769   34 6573 -9508.0000 -10418.769  9.58%  64.2  307s
   876   792 -10405.394  176 6782 -9508.0000 -10405.394  9.44%  64.1  332s
   877   793 -10023.000  254 6867 -9508.0000 -10403.160  9.41%  64.1  341s
   879   794 -10402.596  165 6943 -9508.0000 -10402.596  9.41%  63.9  345s
   884   798 -10246.500  217 6965 -9508.0000 -10402.359  9.41%  63.6  350s
   885   798 -10375.840   61 6869 -9508.0000 -10375.840  9.13%  63.5  384s
   886   799 -10371.035   56 6982 -9508.0000 -10371.035  9.08%  63.4  400s
   887   800 -9728.5000  316 6997 -9508.0000 -10369.966  9.07%  63.3  408s
   888   800 -10369.569  158 7037 -9508.0000 -10369.569  9.06%  63.3  411s
   891   802 -10369.420   73 7044 -9508.0000 -10369.420  9.06%  63.1  415s
   893   804 -9620.0000  347 6967 -9508.0000 -10348.985  8.85%  62.9  449s
   894   804 -9964.0000  272 7057 -9508.0000 -10344.573  8.80%  62.8  468s
   895   805 -9981.0000  265 7089 -9508.0000 -10343.887  8.79%  62.8  472s
   896   806 -10343.623   43 7108 -9508.0000 -10343.623  8.79%  62.7  475s
   900   808 -10239.500  218 7157 -9508.0000 -10343.475  8.79%  62.4  480s
H  900   766                    -9512.000000 -10327.170  8.57%  62.4  515s
   902   768 -9910.0000  280 7172 -9512.0000 -10323.607  8.53%  62.3  533s
   903   768 -10323.014   98 7197 -9512.0000 -10323.014  8.53%  62.2  538s
   904   769 -10322.900  130 7238 -9512.0000 -10322.900  8.53%  62.1  540s
   909   772 -10312.597   65 7194 -9512.0000 -10312.597  8.42%  61.8  572s
   910   773 -10309.837   65 7243 -9512.0000 -10309.837  8.39%  61.7  588s
   911   774 -10309.279  111 7257 -9512.0000 -10309.279  8.38%  61.7  592s
   913   775 -9610.0000  351 7311 -9512.0000 -10309.135  8.38%  61.5  595s
   918   778 -10297.914  175 7212 -9512.0000 -10297.914  8.26%  61.2  626s
   919   779 -10295.082  104 7276 -9512.0000 -10295.082  8.23%  61.1  642s
   920   780 -9928.0000  277 7301 -9512.0000 -10294.547  8.23%  61.1  646s
   924   782 -10294.393   49 7356 -9512.0000 -10294.393  8.23%  60.8  650s
   925   783 -9964.0000  272 7297 -9512.0000 -10288.603  8.16%  60.7  669s
   926   784 -10287.234  141 7352 -9512.0000 -10287.234  8.15%  60.7  677s
   927   784 -10286.837   21 7383 -9512.0000 -10286.837  8.15%  60.6  681s
   932   788 -9805.5000  300 7325 -9512.0000 -10281.063  8.09%  60.3  705s
   933   788 -10023.000  254 7374 -9512.0000 -10279.842  8.07%  60.2  712s
   934   789 -10279.528  108 7417 -9512.0000 -10279.528  8.07%  60.2  715s
   939   792 -10271.516  204 7337 -9512.0000 -10271.516  7.98%  59.8  745s
   940   793 -10269.310  192 7382 -9512.0000 -10269.310  7.96%  59.8  757s
   941   794 -9551.0000  374 7402 -9512.0000 -10269.028  7.96%  59.7  760s
   946   797 -10262.325  150 7365 -9512.0000 -10262.325  7.89%  59.4  787s
   947   798 -9970.0000  271 7426 -9512.0000 -10261.208  7.88%  59.3  795s
   949   799 -10254.500  216 7473 -9512.0000 -10260.614  7.87%  59.2  801s
   953   802 -10255.899   97 7402 -9512.0000 -10255.899  7.82%  59.0  821s
   954   802 -10254.514  188 7444 -9512.0000 -10254.514  7.81%  58.9  830s
   956   804 -9628.0000  345 7467 -9512.0000 -10254.167  7.80%  58.8  835s
   960   806 -9603.0000  352 7418 -9512.0000 -10250.010  7.76%  58.5  854s
   961   807 -10248.894   69 7460 -9512.0000 -10248.894  7.75%  58.5  862s
   962   808 -10248.633   58 7463 -9512.0000 -10248.633  7.74%  58.4  865s
   967   811 -10245.130   78 7455 -9512.0000 -10245.130  7.71%  58.1  885s
   968   812 -9978.0000  266 7468 -9512.0000 -10244.244  7.70%  58.0  892s
   970   813 -10243.971  127 7512 -9512.0000 -10243.971  7.70%  57.9  896s
   983   823 -9553.0000  372 2714 -9512.0000 -10243.929  7.69%   994  902s
   984   823 -10243.929  217 4354 -9512.0000 -10243.929  7.69%   993  923s
   985   824 -10243.929   61 6224 -9512.0000 -10243.929  7.69%   992  988s
   986   825 -10243.929   56 7189 -9512.0000 -10243.929  7.69%   991 1061s
   987   825 -9728.5000  316 7307 -9512.0000 -10243.929  7.69%   990 1101s
   988   826 -10243.929  158 7391 -9512.0000 -10243.929  7.69%   989 1118s
   989   827 -10243.929  206 7443 -9512.0000 -10243.929  7.69%   988 1125s
   991   828 -10243.929   73 7478 -9512.0000 -10243.929  7.69%   986 1131s
   995   831 -9981.0000  265 7474 -9512.0000 -10233.816  7.59%   982 1168s
   996   831 -10232.554   43 7504 -9512.0000 -10232.554  7.58%   981 1177s
   998   833 -10232.344  209 7515 -9512.0000 -10232.344  7.57%   979 1180s
  1001   835 -10222.594  166 7495 -9512.0000 -10222.594  7.47%   976 1216s
  1002   835 -9910.0000  280 7516 -9512.0000 -10220.886  7.45%   975 1228s
  1003   836 -10220.523   98 7542 -9512.0000 -10220.523  7.45%   974 1231s
  1007   839 -9813.5000  298 7558 -9512.0000 -10220.400  7.45%   970 1237s
  1008   839 -10214.198  108 7562 -9512.0000 -10214.198  7.38%   969 1266s
  1009   840 -10212.670   65 7582 -9512.0000 -10212.670  7.37%   968 1279s
  1010   841 -10212.464   65 7616 -9512.0000 -10212.464  7.36%   968 1282s
  1013   843 -9610.0000  351 7634 -9512.0000 -10212.405  7.36%   965 1286s
  1014   843 -10205.890  216 7597 -9512.0000 -10205.890  7.29%   964 1317s
  1015   844 -10204.817   54 7606 -9512.0000 -10204.817  7.28%   963 1326s
  1017   845 -9975.0000  269 7637 -9512.0000 -10204.538  7.28%   961 1330s
  1020   847 -9928.0000  277 7583 -9512.0000 -10199.600  7.23%   958 1359s
  1021   848 -9982.5000  264 7637 -9512.0000 -10198.393  7.22%   957 1371s
  1022   849 -10198.133   41 7649 -9512.0000 -10198.133  7.21%   956 1375s
  1026   851 -10198.049  141 7678 -9512.0000 -10198.049  7.21%   952 1380s
  1027   852 -10193.945   21 7596 -9512.0000 -10193.945  7.17%   951 1403s
  1028   853 -9985.0000  263 7680 -9512.0000 -10192.876  7.16%   951 1413s
  1029   853 -9712.5000  322 7675 -9512.0000 -10192.665  7.16%   950 1417s
  1032   855 -9805.5000  300 7691 -9512.0000 -10192.632  7.16%   947 1421s
  1033   856 -10023.000  254 7649 -9512.0000 -10188.198  7.11%   946 1448s
  1034   857 -10187.456  108 7688 -9512.0000 -10187.456  7.10%   945 1458s
  1035   857 -10187.293   42 7722 -9512.0000 -10187.293  7.10%   944 1461s
  1038   859 -10184.250   41 7702 -9512.0000 -10184.250  7.07%   941 1485s
  1039   860 -10183.433  204 7733 -9512.0000 -10183.433  7.06%   941 1495s
  1043   863 -10154.500  231 7774 -9512.0000 -10183.296  7.06%   937 1501s
  1044   863 -10179.644   64 7711 -9512.0000 -10179.644  7.02%   936 1526s
  1045   864 -10080.000  243 7726 -9512.0000 -10178.623  7.01%   935 1538s
  1046   865 -10178.451  150 7752 -9512.0000 -10178.451  7.01%   934 1541s
  1049   867 -10178.386  216 7768 -9512.0000 -10178.386  7.01%   932 1546s
  1050   867 -10175.543  135 7729 -9512.0000 -10175.543  6.98%   931 1567s
  1051   868 -10174.750  162 7734 -9512.0000 -10174.750  6.97%   930 1576s
  1053   869 -10174.583   97 7753 -9512.0000 -10174.583  6.97%   928 1581s
  1057   872 -10172.149    4 7734 -9512.0000 -10172.149  6.94%   924 1602s
  1058   873 -10171.417    7 7783 -9512.0000 -10171.417  6.93%   924 1611s
  1059   873 -10044.000  250 7803 -9512.0000 -10171.273  6.93%   923 1615s
  1063   876 -9783.5000  305 7821 -9512.0000 -10171.214  6.93%   919 1620s
  1064   877 -9601.5000  354 7767 -9512.0000 -10168.795  6.90%   918 1640s
  1065   877 -10168.221  205 7782 -9512.0000 -10168.221  6.90%   918 1648s
  1066   878 -9683.5000  331 7802 -9512.0000 -10168.110  6.90%   917 1651s
  1069   880 -10168.075  146 7828 -9512.0000 -10168.075  6.90%   914 1656s
  1070   881 -10166.229  127 7781 -9512.0000 -10166.229  6.88%   913 1671s
  1071   881 -10165.732  211 7808 -9512.0000 -10165.732  6.87%   912 1678s
  1072   882 -10165.603  115 7816 -9512.0000 -10165.603  6.87%   912 1682s
  1075   884 -10165.575   34 7826 -9512.0000 -10165.575  6.87%   909 1686s
  1076   885 -10163.635  176 7787 -9512.0000 -10163.635  6.85%   908 1703s
  1077   885 -10023.000  254 7803 -9512.0000 -10163.035  6.84%   907 1711s
  1079   887 -10162.877  165 7831 -9512.0000 -10162.877  6.84%   906 1715s
  1082   889 -9583.0000  361 7787 -9512.0000 -10161.306  6.83%   903 1731s
  1083   889 -9553.0000  372 7823 -9512.0000 -10160.934  6.82%   902 1737s
  1085   891 -10160.838   61 7850 -9512.0000 -10160.838  6.82%   901 1740s
  1087   892 -9728.5000  316 7822 -9512.0000 -10158.723  6.80%   899 1760s
  1088   893 -10158.216  158 7827 -9512.0000 -10158.216  6.79%   898 1768s
  1089   893 -10158.081  206 7844 -9512.0000 -10158.081  6.79%   897 1771s
  1093   896 -9620.0000  347 7813 -9512.0000 -10156.445  6.78%   894 1788s
  1094   897 -9964.0000  272 7821 -9512.0000 -10155.941  6.77%   893 1796s
  1096   898 -10155.771   43 7863 -9512.0000 -10155.771  6.77%   892 1801s
  1100   901 -10154.058  218 7819 -9512.0000 -10154.058  6.75%   888 1819s
  1101   901 -10153.673  166 7843 -9512.0000 -10153.673  6.75%   888 1826s
  1103   903 -10153.574   98 7867 -9512.0000 -10153.574  6.74%   886 1830s
  1106   905 -10152.090  151 7813 -9512.0000 -10152.090  6.73%   884 1846s
  1107   905 -9813.5000  298 7834 -9512.0000 -10151.807  6.73%   883 1851s
  1110   907 -10151.725   65 7875 -9512.0000 -10151.725  6.73%   880 1855s
  1112   909 -10150.690  194 7834 -9512.0000 -10150.690  6.71%   879 1867s
  1113   909 -9610.0000  351 7852 -9512.0000 -10150.260  6.71%   878 1874s
  1114   910 -10150.193  216 7873 -9512.0000 -10150.193  6.71%   877 1876s
  1118   913 -10150.142  175 7891 -9512.0000 -10150.142  6.71%   874 1880s
  1119   913 -10149.036  104 7842 -9512.0000 -10149.036  6.70%   873 1891s
  1120   914 -9928.0000  277 7857 -9512.0000 -10148.811  6.69%   872 1896s
  1123   916 -10148.719  162 7888 -9512.0000 -10148.719  6.69%   870 1900s
  1124   917 -10147.723   49 7867 -9512.0000 -10147.723  6.68%   869 1911s
  1125   917 -9964.0000  272 7894 -9512.0000 -10147.484  6.68%   869 1916s
  1129   920 -9712.5000  322 7900 -9512.0000 -10147.409  6.68%   866 1921s
  1130   921 -10146.118  209 7844 -9512.0000 -10146.118  6.67%   865 1932s
  1131   921 -10145.796  112 7863 -9512.0000 -10145.796  6.66%   864 1938s
  1132   922 -9805.5000  300 7880 -9512.0000 -10145.720  6.66%   863 1940s
  1135   924 -10144.627   42 7865 -9512.0000 -10144.627  6.65%   861 1954s
  1136   925 -10080.000  243 7900 -9512.0000 -10144.321  6.65%   860 1960s
  1140   927 -10144.173  192 7908 -9512.0000 -10144.173  6.65%   857 1965s
  1142   929 -9880.0000  284 7851 -9512.0000 -10142.933  6.63%   856 1979s
  1143   929 -10142.390  231 7860 -9512.0000 -10142.390  6.63%   855 1987s
  1144   930 -10142.243   64 7881 -9512.0000 -10142.243  6.63%   854 1991s
  1148   933 -9624.0000  346 7910 -9512.0000 -10142.171  6.63%   851 1996s
  1149   933 -10141.520  216 7862 -9512.0000 -10141.520  6.62%   850 2005s
  1151   935 -10141.243  162 7889 -9512.0000 -10141.243  6.62%   849 2011s
  1154   937 -10141.210  188 7913 -9512.0000 -10141.210  6.61%   847 2015s
  1155   937 -9917.0000  278 7877 -9512.0000 -10139.928  6.60%   846 2027s
  1156   938 -9628.0000  345 7899 -9512.0000 -10139.622  6.60%   845 2033s
  1157   939 -10139.549    4 7932 -9512.0000 -10139.549  6.60%   845 2036s
  1160   941 -9603.0000  352 7891 -9512.0000 -10138.642  6.59%   842 2049s
  1161   941 -10138.290   69 7891 -9512.0000 -10138.290  6.58%   842 2056s
  1164   943 -9601.5000  354 7919 -9512.0000 -10138.200  6.58%   840 2060s
  1166   945 -9683.5000  331 7885 -9512.0000 -10137.619  6.58%   838 2070s
  1168   946 -9978.0000  266 7918 -9512.0000 -10137.382  6.57%   837 2076s
  1171   948 -10135.988  211 7881 -9512.0000 -10135.988  6.56%   834 2093s
  1172   949 -10135.670  115 7908 -9512.0000 -10135.670  6.56%   834 2099s
  1173   949 -10135.607  225 7919 -9512.0000 -10135.607  6.56%   833 2102s
  1176   951 -10135.583  176 7931 -9512.0000 -10135.583  6.56%   831 2105s
  1177   952 -10023.000  254 7900 -9512.0000 -10135.121  6.55%   830 2112s
  1178   953 -10134.959   40 7935 -9512.0000 -10134.959  6.55%   830 2116s
  1181   955 -10134.901  106 7944 -9512.0000 -10134.901  6.55%   827 2120s
  1182   955 -9583.0000  361 7902 -9512.0000 -10134.508  6.54%   827 2126s
  1183   956 -9553.0000  372 7917 -9512.0000 -10134.337  6.54%   826 2131s
  1187   959 -9728.5000  316 7932 -9512.0000 -10134.288  6.54%   823 2135s
  1189   960 -10133.948  206 7929 -9512.0000 -10133.948  6.54%   822 2142s
  1192   962 -10133.898   91 7946 -9512.0000 -10133.898  6.54%   820 2146s
  1193   963 -9620.0000  347 7915 -9512.0000 -10133.455  6.53%   819 2153s
  1194   963 -9964.0000  272 7936 -9512.0000 -10133.303  6.53%   818 2157s
  1197   965 -9586.5000  359 7953 -9512.0000 -10133.279  6.53%   816 2161s
  1199   967 -10122.000  236 7936 -9512.0000 -10133.030  6.53%   815 2167s
  1202   969 -9910.0000  280 7952 -9512.0000 -10132.997  6.53%   813 2171s
  1203   969 -10132.685   98 7928 -9512.0000 -10132.685  6.53%   812 2175s
  1206   971 -10132.550  151 7956 -9512.0000 -10132.550  6.52%   810 2180s
  1209   973 -10132.069   65 7930 -9512.0000 -10132.069  6.52%   808 2189s
  1210   974 -10131.972   65 7938 -9512.0000 -10131.972  6.52%   808 2191s
  1213   976 -9610.0000  351 7953 -9512.0000 -10131.945  6.52%   806 2195s
  1214   977 -10131.548  216 7941 -9512.0000 -10131.548  6.51%   805 2202s
  1215   977 -10131.418   54 7948 -9512.0000 -10131.418  6.51%   804 2205s
  1219   980 -10130.976  104 7933 -9512.0000 -10130.976  6.51%   802 2215s
  1221   981 -9982.5000  264 7962 -9512.0000 -10130.815  6.51%   800 2220s
  1224   983 -10130.479   49 7937 -9512.0000 -10130.479  6.50%   798 2229s
  1225   984 -9964.0000  272 7961 -9512.0000 -10130.369  6.50%   798 2232s
  1228   986 -9985.0000  263 7978 -9512.0000 -10130.336  6.50%   796 2235s
  1229   987 -9712.5000  322 7949 -9512.0000 -10130.090  6.50%   795 2240s
  1232   989 -9805.5000  300 7976 -9512.0000 -10129.956  6.50%   793 2245s
  1234   990 -10129.593  108 7946 -9512.0000 -10129.593  6.49%   792 2253s
  1235   991 -10129.507   42 7971 -9512.0000 -10129.507  6.49%   791 2256s
  1238   993 -10129.468   41 7973 -9512.0000 -10129.468  6.49%   789 2260s
  1239   993 -10129.131  204 7941 -9512.0000 -10129.131  6.49%   789 2265s
  1241   995 -9551.0000  374 7956 -9512.0000 -10128.965  6.49%   787 2270s
  1244   997 -10128.629   64 7959 -9512.0000 -10128.629  6.48%   786 2280s
  1246   998 -10128.491  150 7983 -9512.0000 -10128.491  6.48%   784 2285s
  1249  1000 -10128.045  216 7956 -9512.0000 -10128.045  6.48%   782 2295s
  1251  1001 -10127.863  162 7984 -9512.0000 -10127.863  6.47%   781 2300s
  1254  1003 -10127.469  188 7936 -9512.0000 -10127.469  6.47%   779 2310s
  1256  1005 -9628.0000  345 7961 -9512.0000 -10127.337  6.47%   778 2315s
  1259  1007 -10044.000  250 7948 -9512.0000 -10126.941  6.46%   776 2323s
  1260  1007 -9603.0000  352 7968 -9512.0000 -10126.778  6.46%   776 2328s
  1262  1009 -10126.730   58 7976 -9512.0000 -10126.730  6.46%   774 2330s
  1265  1011 -10126.303  205 7943 -9512.0000 -10126.303  6.46%   772 2340s
  1267  1012 -10126.147   78 7967 -9512.0000 -10126.147  6.46%   771 2345s
  1270  1014 -10125.754  127 7951 -9512.0000 -10125.754  6.45%   769 2355s
  1272  1015 -10125.566  115 7974 -9512.0000 -10125.566  6.45%   768 2360s
  1276  1018 -10124.961  176 7927 -9512.0000 -10124.961  6.44%   766 2373s
  1277  1019 -10023.000  254 7961 -9512.0000 -10124.819  6.44%   765 2377s
  1280  1021 -10124.765  165 7989 -9512.0000 -10124.765  6.44%   763 2381s
  1281  1021 -10124.389  106 7933 -9512.0000 -10124.389  6.44%   763 2387s
  1282  1022 -9583.0000  361 7943 -9512.0000 -10124.246  6.44%   762 2391s
  1286  1025 -10123.702   56 7932 -9512.0000 -10123.702  6.43%   760 2403s
  1287  1025 -9728.5000  316 7950 -9512.0000 -10123.477  6.43%   759 2408s
  1288  1026 -10123.434  158 7958 -9512.0000 -10123.434  6.43%   759 2410s
  1292  1029 -10122.986   91 7958 -9512.0000 -10122.986  6.42%   756 2421s
  1293  1029 -9620.0000  347 7955 -9512.0000 -10122.832  6.42%   756 2425s
  1297  1032 -9586.5000  359 7938 -9512.0000 -10122.538  6.42%   753 2435s
  1299  1033 -10122.000  236 7966 -9512.0000 -10122.396  6.42%   752 2440s
  1302  1035 -9910.0000  280 7964 -9512.0000 -10122.167  6.41%   751 2447s
  1303  1036 -10122.100   98 7966 -9512.0000 -10122.100  6.41%   750 2450s
  1307  1039 -9813.5000  298 7940 -9512.0000 -10121.658  6.41%   748 2461s
  1309  1040 -10121.554   65 7975 -9512.0000 -10121.554  6.41%   747 2465s
  1312  1042 -10121.343  194 7945 -9512.0000 -10121.343  6.41%   745 2472s
  1313  1043 -9610.0000  351 7967 -9512.0000 -10121.267  6.41%   744 2475s
  1317  1045 -9975.0000  269 7950 -9512.0000 -10120.864  6.40%   742 2485s
  1319  1047 -10120.676  104 7990 -9512.0000 -10120.676  6.40%   741 2491s
  1322  1049 -10120.658   41 7997 -9512.0000 -10120.658  6.40%   739 2495s
  1324  1050 -10120.315   49 7994 -9512.0000 -10120.315  6.40%   738 2502s
  1327  1052 -10120.284   21 8015 -9512.0000 -10120.284  6.39%   736 2506s
  1328  1053 -9985.0000  263 7992 -9512.0000 -10120.107  6.39%   736 2510s
  1331  1055 -10120.053  112 8009 -9512.0000 -10120.053  6.39%   734 2515s
  1332  1055 -9805.5000  300 7988 -9512.0000 -10119.716  6.39%   734 2521s
  1333  1056 -10023.000  254 7997 -9512.0000 -10119.586  6.39%   733 2525s
  1336  1058 -10080.000  243 7988 -9512.0000 -10119.382  6.39%   731 2534s
  1337  1059 -10119.320  194 7997 -9512.0000 -10119.320  6.38%   731 2537s
  1340  1061 -10119.305  192 8015 -9512.0000 -10119.305  6.38%   729 2541s
  1341  1061 -9551.0000  374 7974 -9512.0000 -10119.005  6.38%   729 2547s
  1342  1062 -9880.0000  284 7999 -9512.0000 -10118.830  6.38%   728 2551s
  1345  1064 -10080.000  243 8013 -9512.0000 -10118.770  6.38%   727 2555s
  1347  1065 -9970.0000  271 7978 -9512.0000 -10118.554  6.38%   725 2562s
  1349  1067 -10118.487  216 8004 -9512.0000 -10118.487  6.38%   724 2565s
  1352  1069 -10118.312  195 7974 -9512.0000 -10118.312  6.37%   723 2572s
  1353  1069 -10118.240   97 7998 -9512.0000 -10118.240  6.37%   722 2575s
  1357  1072 -10118.118    4 7984 -9512.0000 -10118.118  6.37%   720 2582s
  1359  1073 -10044.000  250 8002 -9512.0000 -10118.097  6.37%   719 2585s
  1360  1074 -9603.0000  352 7983 -9512.0000 -10117.876  6.37%   719 2590s
  1363  1076 -9783.5000  305 8018 -9512.0000 -10117.780  6.37%   717 2595s
  1365  1077 -10117.581  205 8014 -9512.0000 -10117.581  6.37%   716 2601s
  1369  1080 -10117.512  146 8011 -9512.0000 -10117.512  6.37%   714 2607s
  1371  1081 -10117.496  211 8027 -9512.0000 -10117.496  6.37%   713 2610s
  1372  1082 -10117.112  115 7986 -9512.0000 -10117.112  6.36%   712 2617s
  1373  1083 -10116.997  225 8003 -9512.0000 -10116.997  6.36%   712 2620s
  1377  1085 -10023.000  254 7997 -9512.0000 -10116.751  6.36%   710 2629s
  1378  1086 -10116.700   40 8007 -9512.0000 -10116.700  6.36%   709 2631s
  1381  1088 -10116.676  106 8018 -9512.0000 -10116.676  6.36%   708 2635s
  1383  1089 -9553.0000  372 8007 -9512.0000 -10116.341  6.35%   707 2643s
  1385  1091 -10116.324   61 8027 -9512.0000 -10116.324  6.35%   706 2646s
  1386  1091 -10116.069   56 7987 -9512.0000 -10116.069  6.35%   705 2652s
  1388  1093 -10115.976  158 8011 -9512.0000 -10115.976  6.35%   704 2655s
  1391  1095 -10115.918   73 8028 -9512.0000 -10115.918  6.35%   703 2660s
  1394  1097 -9964.0000  272 7992 -9512.0000 -10115.693  6.35%   701 2668s
  1395  1097 -9981.0000  265 8012 -9512.0000 -10115.578  6.35%   700 2672s
  1398  1099 -10115.546  209 8031 -9512.0000 -10115.546  6.35%   699 2677s
  1399  1100 -10115.429  236 8020 -9512.0000 -10115.429  6.34%   698 2680s
  1403  1103 -10115.346   98 8027 -9512.0000 -10115.346  6.34%   696 2685s
  1405  1104 -9672.5000  334 8009 -9512.0000 -10115.064  6.34%   696 2692s
  1408  1106 -10115.039  108 8022 -9512.0000 -10115.039  6.34%   694 2695s
  1409  1107 -10114.834   65 7988 -9512.0000 -10114.834  6.34%   694 2700s
  1412  1109 -10114.685  194 8014 -9512.0000 -10114.685  6.34%   692 2705s
  1414  1110 -10114.576  216 7982 -9512.0000 -10114.576  6.33%   691 2711s
  1417  1112 -9975.0000  269 8000 -9512.0000 -10114.486  6.33%   690 2717s
  1418  1113 -10114.341  175 7981 -9512.0000 -10114.341  6.33%   689 2721s
  1420  1114 -9928.0000  277 8010 -9512.0000 -10114.236  6.33%   688 2725s
  1423  1116 -10113.883  162 7967 -9512.0000 -10113.883  6.33%   687 2734s
  1424  1117 -10113.707   49 7983 -9512.0000 -10113.707  6.33%   686 2738s
  1425  1117 -9964.0000  272 7981 -9512.0000 -10113.634  6.32%   686 2740s
  1428  1119 -9985.0000  263 8017 -9512.0000 -10113.606  6.32%   684 2745s
  1430  1121 -10113.335  209 7999 -9512.0000 -10113.335  6.32%   683 2752s
  1433  1123 -10023.000  254 8022 -9512.0000 -10113.309  6.32%   682 2757s
  1434  1123 -10113.171  108 7993 -9512.0000 -10113.171  6.32%   681 2760s
  1437  1125 -10113.111  194 8023 -9512.0000 -10113.111  6.32%   680 2766s
  1439  1127 -10112.965  204 8005 -9512.0000 -10112.965  6.32%   679 2771s
  1441  1128 -9551.0000  374 8024 -9512.0000 -10112.945  6.32%   678 2776s
  1443  1129 -10112.795  231 8002 -9512.0000 -10112.795  6.32%   677 2780s
  1446  1131 -10112.606  150 7992 -9512.0000 -10112.606  6.31%   676 2788s
  1447  1132 -9970.0000  271 7995 -9512.0000 -10112.536  6.31%   675 2791s
  1450  1134 -10112.507  135 8022 -9512.0000 -10112.507  6.31%   674 2796s
  1451  1135 -10112.222  162 7988 -9512.0000 -10112.222  6.31%   673 2801s
  1453  1136 -10112.114   97 8019 -9512.0000 -10112.114  6.31%   673 2805s
  1457  1139 -10112.077    4 8021 -9512.0000 -10112.077  6.31%   671 2810s
  1459  1140 -10044.000  250 7997 -9512.0000 -10111.819  6.31%   670 2818s
  1460  1141 -9603.0000  352 8007 -9512.0000 -10111.733  6.31%   669 2820s
  1462  1142 -10111.712   58 8014 -9512.0000 -10111.712  6.30%   668 2825s
  1463  1143 -9783.5000  305 7996 -9512.0000 -10111.359  6.30%   668 2830s
  1465  1144 -10111.240  205 8019 -9512.0000 -10111.240  6.30%   667 2835s
  1468  1146 -9978.0000  266 8009 -9512.0000 -10111.108  6.30%   666 2842s
  1469  1147 -10111.040  146 8013 -9512.0000 -10111.040  6.30%   665 2845s
  1473  1149 -10110.761  225 8010 -9512.0000 -10110.761  6.29%   663 2854s
  1474  1150 -10110.684  185 8016 -9512.0000 -10110.684  6.29%   663 2857s
  1477  1152 -10023.000  254 8028 -9512.0000 -10110.664  6.29%   662 2861s
  1481  1155 -10110.580  106 8041 -9512.0000 -10110.580  6.29%   660 2868s
  1482  1155 -9583.0000  361 8014 -9512.0000 -10110.422  6.29%   659 2872s
  1483  1156 -9553.0000  372 8028 -9512.0000 -10110.331  6.29%   659 2875s
  1486  1158 -10110.301   56 8040 -9512.0000 -10110.301  6.29%   658 2881s
H 1486  1091                    -9514.000000 -10110.095  6.27%   658 2885s
  1490  1094 -10109.960  130 8038 -9514.0000 -10109.960  6.26%   656 2890s
  1492  1095 -10109.888   91 8020 -9514.0000 -10109.888  6.26%   655 2896s
  1495  1097 -9981.0000  265 8043 -9514.0000 -10109.831  6.26%   654 2903s
  1496  1098 -10109.723   43 8019 -9514.0000 -10109.723  6.26%   653 2905s
  1499  1100 -10109.654  236 8036 -9514.0000 -10109.654  6.26%   652 2912s
  1500  1100 -10109.419  218 8012 -9514.0000 -10109.419  6.26%   651 2917s
  1501  1101 -10109.327  166 8019 -9514.0000 -10109.327  6.26%   651 2920s
  1504  1103 -10109.283  130 8044 -9514.0000 -10109.283  6.26%   650 2925s
  1511  1109 -10109.193  111 2726 -9514.0000 -10109.193  6.26%  1802 2931s
  1512  1109 -10109.193  194 4308 -9514.0000 -10109.193  6.26%  1801 2953s
  1513  1110 -9610.0000  351 6193 -9514.0000 -10109.193  6.26%  1800 3020s
  1514  1111 -10109.193  216 7358 -9514.0000 -10109.193  6.26%  1799 3122s
  1515  1111 -10109.193   54 7720 -9514.0000 -10109.193  6.26%  1798 3219s
  1516  1112 -10109.193   82 7873 -9514.0000 -10109.193  6.26%  1796 3266s
  1517  1113 -9975.0000  269 7922 -9514.0000 -10109.193  6.26%  1795 3291s
  1518  1113 -10109.193  175 7970 -9514.0000 -10109.193  6.26%  1794 3303s
  1519  1114 -10109.193  104 7979 -9514.0000 -10109.193  6.26%  1793 3310s
  1521  1115 -9982.5000  264 8005 -9514.0000 -10109.193  6.26%  1790 3316s
  1525  1118 -9964.0000  272 8013 -9514.0000 -10109.175  6.26%  1786 3320s
  1529  1121 -9712.5000  322 8023 -9514.0000 -10109.122  6.26%  1781 3325s
  1531  1122 -10108.957  112 8012 -9514.0000 -10108.957  6.25%  1779 3330s
  1534  1124 -10108.826  108 8012 -9514.0000 -10108.826  6.25%  1775 3337s
  1536  1125 -10080.000  243 8028 -9514.0000 -10108.754  6.25%  1773 3340s
  1538  1127 -10108.414   41 8003 -9514.0000 -10108.414  6.25%  1771 3348s
  1539  1127 -10108.351  204 8014 -9514.0000 -10108.351  6.25%  1770 3350s
  1542  1129 -9880.0000  284 8014 -9514.0000 -10108.203  6.25%  1766 3357s
  1544  1131 -10108.132   64 8032 -9514.0000 -10108.132  6.24%  1764 3360s
  1546  1132 -10107.824  150 8011 -9514.0000 -10107.824  6.24%  1762 3368s
  1547  1133 -9970.0000  271 8008 -9514.0000 -10107.723  6.24%  1760 3370s
  1550  1135 -10107.441  135 8003 -9514.0000 -10107.441  6.24%  1757 3379s
  1551  1135 -10107.391  162 8003 -9514.0000 -10107.391  6.24%  1756 3381s
  1554  1137 -10107.372  188 8022 -9514.0000 -10107.372  6.24%  1752 3385s
  1556  1139 -9628.0000  345 8012 -9514.0000 -10107.057  6.23%  1750 3392s
  1559  1141 -10044.000  250 8015 -9514.0000 -10107.019  6.23%  1747 3396s
  1560  1141 -9603.0000  352 7989 -9514.0000 -10106.828  6.23%  1746 3400s
  1564  1144 -9601.5000  354 7994 -9514.0000 -10106.715  6.23%  1741 3406s
  1565  1145 -10106.410  205 7976 -9514.0000 -10106.410  6.23%  1740 3413s
  1566  1145 -9683.5000  331 7988 -9514.0000 -10106.316  6.23%  1739 3416s
  1569  1147 -10106.298  146 8007 -9514.0000 -10106.298  6.23%  1736 3420s
  1570  1148 -10105.929  127 7977 -9514.0000 -10105.929  6.22%  1735 3426s
  1573  1150 -10105.843  225 7994 -9514.0000 -10105.843  6.22%  1731 3432s
  1574  1151 -10105.633  185 7972 -9514.0000 -10105.633  6.22%  1730 3436s
  1577  1153 -10023.000  254 7985 -9514.0000 -10105.556  6.22%  1727 3440s
  1580  1155 -10105.337  165 7997 -9514.0000 -10105.337  6.22%  1724 3447s
  1582  1156 -9583.0000  361 8000 -9514.0000 -10105.274  6.21%  1721 3450s
  1584  1157 -10105.074  217 7977 -9514.0000 -10105.074  6.21%  1719 3457s
  1585  1158 -10105.004   61 7992 -9514.0000 -10105.004  6.21%  1718 3460s
  1588  1160 -10104.893  158 7994 -9514.0000 -10104.893  6.21%  1715 3465s
  1593  1163 -9620.0000  347 7987 -9514.0000 -10104.426  6.21%  1710 3476s
  1596  1165 -10104.337   43 8017 -9514.0000 -10104.337  6.20%  1706 3481s
  1598  1167 -10104.165  209 8021 -9514.0000 -10104.165  6.20%  1704 3486s
  1601  1169 -10104.007  166 8014 -9514.0000 -10104.007  6.20%  1701 3491s
  1604  1171 -10103.963  130 8038 -9514.0000 -10103.963  6.20%  1698 3495s
  1607  1173 -9813.5000  298 8016 -9514.0000 -10103.808  6.20%  1695 3500s
  1610  1175 -10103.728   65 8008 -9514.0000 -10103.728  6.20%  1691 3505s
  1615  1178 -10103.484   54 8013 -9514.0000 -10103.484  6.20%  1686 3513s
  1616  1179 -10103.418   82 8019 -9514.0000 -10103.418  6.20%  1685 3515s
  1620  1181 -9928.0000  277 8017 -9514.0000 -10103.257  6.19%  1681 3522s
  1623  1183 -10103.195  162 8022 -9514.0000 -10103.195  6.19%  1678 3526s
  1624  1184 -10102.950   49 8005 -9514.0000 -10102.950  6.19%  1677 3531s
  1626  1185 -10102.832  141 8013 -9514.0000 -10102.832  6.19%  1675 3535s
  1629  1187 -9712.5000  322 8000 -9514.0000 -10102.664  6.19%  1672 3541s
  1633  1190 -10023.000  254 7993 -9514.0000 -10102.471  6.19%  1668 3548s
  1634  1191 -10102.428  108 8007 -9514.0000 -10102.428  6.18%  1667 3550s
  1638  1193 -10102.358   41 8023 -9514.0000 -10102.358  6.18%  1663 3555s
  1642  1196 -9880.0000  284 8033 -9514.0000 -10102.266  6.18%  1659 3560s
  1646  1199 -10102.244  150 8011 -9514.0000 -10102.244  6.18%  1654 3565s
  1647  1199 -9970.0000  271 8011 -9514.0000 -10102.244  6.18%  1653 3829s
  1648  1202 -10100.686   31 7950 -9514.0000 -10102.189  6.18%  2011 3843s
  1649  1203 -10099.578   31 7956 -9514.0000 -10100.686  6.17%  2018 3859s
  1650  1203 -10097.951   32 7917 -9514.0000 -10100.686  6.17%  2026 3878s
  1651  1204 -10097.881   32 7922 -9514.0000 -10099.578  6.15%  2033 3894s
  1652  1205 -10095.906   33 7863 -9514.0000 -10099.578  6.15%  2039 3908s
  1653  1205 -10094.059   33 7876 -9514.0000 -10099.578  6.15%  2049 3930s
  1654  1206 -10093.961   34 7825 -9514.0000 -10099.578  6.15%  2054 3944s
  1655  1207 -10092.514   34 7822 -9514.0000 -10099.578  6.15%  2062 3960s
  1656  1207 -10091.947   35 7808 -9514.0000 -10099.578  6.15%  2066 3971s
  1657  1208 -10091.095   35 7785 -9514.0000 -10099.578  6.15%  2071 3984s
  1658  1209 -10086.250   36 7786 -9514.0000 -10099.578  6.15%  2073 3993s
  1659  1209 -10089.783   36 7786 -9514.0000 -10099.578  6.15%  2074 3998s
  1660  1210 -10086.122   37 7769 -9514.0000 -10099.578  6.15%  2078 4012s
  1661  1211 -10085.939   37 7757 -9514.0000 -10099.578  6.15%  2079 4017s
  1662  1211 -10083.628   38 7725 -9514.0000 -10099.578  6.15%  2080 4025s
  1663  1212 -10083.447   38 7733 -9514.0000 -10099.578  6.15%  2081 4030s
  1664  1213 -10082.042   39 7685 -9514.0000 -10099.578  6.15%  2084 4039s
  1665  1213 -10081.577   39 7704 -9514.0000 -10099.578  6.15%  2085 4044s
  1666  1214 -10079.448   40 7656 -9514.0000 -10099.578  6.15%  2085 4049s
  1667  1215 -10079.056   40 7670 -9514.0000 -10099.578  6.15%  2091 4065s
  1668  1215 -10078.026   41 7656 -9514.0000 -10099.578  6.15%  2092 4070s
  1670  1217 -10075.736   42 7642 -9514.0000 -10099.578  6.15%  2092 4078s
  1671  1217 -10076.276   42 7635 -9514.0000 -10099.578  6.15%  2096 4088s
  1672  1218 -10073.914   43 7596 -9514.0000 -10099.578  6.15%  2096 4093s

Cutting planes:
  Gomory: 38
  MIR: 241
  Flow cover: 3308
  Zero half: 933
  Mod-K: 8
  RLT: 318
  BQP: 454

Explored 1673 nodes (3523649 simplex iterations) in 4096.04 seconds (5982.53 work units)
Thread count was 1 (of 72 available processors)

Solution count 6: -9514 -9512 -9508 ... 0

Time limit reached
Best objective -9.514000000000e+03, best bound -1.009800000000e+04, gap 6.1383%

User-callback calls 83695, time in user-callback 0.36 sec

BQP_SOLUTION, 1532, 6956, -3377.000000, 4096.039935, 1, 1, -1, 1, 1, 1, -1, 1, 1, 1, 1, -1, 1, -1, -1, -1, 1, 1, -1, 1, 1, 1, -1, 1, 1, -1, 1, 1, -1, 1, -1, 1, 1, 1, 1, 1, -1, 1, -1, -1, 1, 1, 1, 1, -1, 1, 1, 1, 1, 1, 1, 1, -1, 1, -1, -1, 1, 1, 1, 1, -1, 1, -1, -1, 1, 1, 1, -1, -1, 1, 1, -1, 1, 1, 1, 1, -1, 1, 1, -1, 1, 1, 1, -1, -1, -1, 1, -1, -1, 1, -1, 1, 1, 1, 1, -1, 1, 1, -1, 1, -1, 1, 1, -1, 1, -1, 1, 1, -1, 1, 1, -1, -1, -1, -1, 1, -1, 1, 1, -1, 1, -1, -1, 1, -1, -1, -1, -1, -1, 1, -1, -1, 1, 1, 1, -1, 1, 1, -1, 1, -1, 1, -1, -1, -1, 1, -1, 1, -1, -1, 1, -1, -1, 1, -1, 1, 1, -1, -1, -1, 1, 1, 1, 1, 1, -1, -1, -1, -1, -1, -1, 1, 1, -1, 1, -1, 1, -1, -1, 1, 1, -1, -1, -1, -1, 1, 1, -1, 1, -1, 1, 1, -1, 1, -1, 1, 1, -1, 1, -1, -1, 1, -1, 1, 1, -1, 1, -1, 1, 1, -1, -1, 1, 1, -1, -1, -1, 1, -1, -1, 1, -1, 1, -1, -1, 1, -1, -1, -1, 1, 1, -1, -1, 1, -1, 1, 1, -1, 1, -1, 1, 1, -1, -1, 1, 1, -1, -1, 1, 1, 1, -1, -1, 1, -1, -1, 1, -1, -1, -1, 1, -1, -1, 1, -1, 1, -1, 1, 1, 1, -1, -1, -1, 1, -1, -1, 1, 1, -1, 1, -1, -1, -1, 1, 1, 1, -1, 1, -1, -1, -1, 1, 1, 1, -1, 1, 1, -1, -1, 1, 1, -1, 1, 1, -1, -1, -1, 1, 1, -1, 1, 1, -1, -1, -1, 1, 1, -1, 1, 1, -1, 1, -1, -1, 1, -1, 1, 1, 1, -1, -1, 1, 1, 1, -1, 1, -1, 1, -1, 1, 1, -1, -1, 1, -1, -1, 1, -1, -1, -1, 1, 1, 1, -1, 1, 1, 1, -1, -1, 1, 1, -1, 1, -1, 1, -1, 1, 1, -1, 1, 1, -1, 1, -1, 1, 1, -1, -1, 1, 1, 1, -1, -1, 1, -1, 1, 1, 1, -1, -1, 1, 1, -1, 1, -1, 1, 1, -1, 1, -1, -1, 1, 1, -1, 1, 1, 1, 1, -1, 1, 1, -1, -1, 1, 1, -1, -1, 1, 1, -1, -1, -1, 1, 1, -1, 1, 1, -1, -1, -1, 1, -1, -1, -1, 1, -1, -1, -1, 1, -1, -1, 1, 1, -1, -1, -1, 1, -1, -1, -1, 1, 1, -1, -1, 1, -1, -1, 1, 1, 1, -1, 1, -1, -1, -1, -1, 1, 1, -1, 1, 1, 1, -1, -1, 1, 1, -1, -1, -1, -1, -1, 1, 1, -1, 1, 1, 1, -1, 1, 1, 1, -1, -1, 1, -1, -1, -1, 1, -1, 1, -1, 1, 1, -1, -1, 1, 1, -1, -1, 1, 1, -1, -1, 1, 1, -1, -1, 1, 1, -1, -1, -1, 1, 1, -1, 1, 1, -1, -1, -1, 1, 1, -1, -1, 1, -1, -1, 1, 1, 1, 1, 1, 1, -1, 1, -1, 1, 1, -1, -1, 1, -1, -1, -1, 1, 1, -1, -1, 1, -1, -1, 1, 1, 1, 1, -1, 1, -1, 1, 1, 1, 1, 1, -1, 1, -1, -1, 1, 1, 1, -1, 1, 1, -1, 1, -1, 1, 1, -1, 1, 1, -1, -1, 1, 1, 1, -1, 1, 1, -1, 1, 1, 1, 1, -1, 1, 1, -1, 1, 1, 1, 1, -1, -1, 1, 1, -1, 1, 1, 1, -1, 1, 1, 1, 1, 1, 1, 1, 1, -1, 1, -1, 1, 1, 1, 1, -1, 1, 1, -1, 1, 1, 1, 1, 1, -1, 1, -1, 1, 1, 1, 1, 1, -1, 1, -1, 1, 1, 1, 1, 1, -1, 1, -1, 1, 1, 1, 1, -1, -1, 1, 1, -1, 1, 1, 1, -1, 1, 1, 1, 1, -1, 1, -1, 1, 1, 1, 1, 1, -1, 1, -1, 1, -1, 1, 1, 1, 1, 1, -1, 1, 1, 1, 1, 1, -1, 1, -1, 1, 1, 1, 1, 1, 1, 1, -1, 1, 1, 1, 1, 1, -1, 1, -1, -1, 1, 1, -1, 1, -1, 1, 1, -1, -1, 1, 1, 1, -1, 1, -1, -1, -1, -1, 1, 1, 1, 1, 1, -1, 1, -1, 1, 1, -1, 1, -1, -1, 1, -1, 1, -1, -1, 1, 1, -1, -1, -1, 1, 1, -1, 1, 1, 1, 1, -1, 1, 1, -1, 1, 1, -1, -1, -1, 1, -1, -1, 1, 1, -1, 1, 1, 1, -1, -1, 1, 1, 1, -1, -1, 1, -1, -1, 1, 1, -1, -1, 1, 1, -1, 1, 1, 1, -1, -1, 1, 1, -1, 1, 1, -1, -1, -1, 1, 1, -1, 1, 1, -1, -1, -1, 1, 1, -1, 1, 1, -1, -1, -1, 1, 1, -1, 1, 1, 1, -1, -1, -1, 1, -1, 1, 1, 1, -1, -1, -1, -1, 1, 1, 1, -1, -1, -1, -1, -1, 1, 1, -1, -1, -1, -1, -1, 1, 1, 1, 1, -1, -1, 1, -1, 1, 1, 1, 1, -1, 1, -1, 1, 1, 1, 1, 1, -1, -1, -1, -1, -1, 1, 1, 1, 1, -1, -1, 1, -1, 1, 1, 1, -1, -1, -1, 1, -1, 1, 1, 1, 1, 1, -1, -1, -1, 1, 1, 1, -1, -1, 1, -1, -1, 1, 1, 1, -1, -1, -1, -1, -1, 1, 1, 1, -1, -1, 1, 1, -1, 1, -1, 1, -1, -1, -1, 1, -1, 1, 1, 1, -1, -1, 1, -1, 1, 1, 1, 1, -1, 1, -1, -1, 1, -1, 1, -1, -1, -1, -1, 1, 1, 1, -1, 1, -1, 1, 1, 1, -1, -1, 1, -1, -1, -1, 1, 1, 1, -1, 1, -1, 1, -1, 1, 1, 1, -1, 1, -1, -1, -1, 1, 1, -1, -1, 1, -1, -1, -1, 1, 1, 1, -1, -1, -1, -1, 1, -1, 1, 1, -1, -1, -1, -1, -1, 1, -1, 1, -1, -1, -1, -1, -1, -1, 1, 1, -1, -1, 1, -1, -1, 1, 1, 1, -1, -1, -1, 1, 1, 1, 1, -1, -1, -1, 1, 1, 1, -1, 1, -1, 1, -1, -1, 1, 1, 1, 1, -1, -1, -1, -1, 1, -1, -1, 1, -1, 1, -1, -1, 1, -1, -1, 1, -1, -1, -1, -1, 1, 1, -1, 1, -1, -1, -1, -1, 1, 1, -1, 1, -1, -1, -1, -1, -1, -1, 1, 1, 1, -1, -1, -1, 1, 1, -1, 1, -1, -1, -1, -1, -1, 1, -1, -1, 1, -1, -1, -1, 1, 1, -1, -1, 1, 1, -1, -1, -1, 1, -1, 1, 1, 1, -1, 1, -1, -1, 1, 1, 1, -1, -1, -1, -1, 1, -1, 1, -1, 1, -1, -1, -1, 1, -1, -1, 1, -1, -1, -1, -1, 1, -1, 1, 1, 1, -1, -1, -1, 1, -1, -1, -1, 1, -1, -1, -1, 1, -1, -1, -1, 1, -1, -1, -1, 1, 1, -1, -1, 1, -1, -1, -1, 1, 1, 1, -1, 1, 1, -1, 1, -1, 1, -1, -1, 1, -1, -1, 1, -1, 1, -1, -1, 1, 1, -1, -1, -1, 1, -1, -1, 1, 1, 1, -1, -1, 1, -1, -1, 1, 1, -1, 1, 1, 1, -1, -1, 1, 1, -1, 1, -1, 1, -1, -1, 1, -1, 1, -1, -1, 1, -1, 1, 1, 1, 1, -1, -1, 1, -1, -1, 1, -1, -1, 1, -1, 1, 1, -1, -1, 1, 1, 1, -1, 1, 1, 1, 1, 1, -1, 1, -1, 1, -1, -1, 1, 1, 1, 1, -1, 1, -1, 1, 1, 1, 1, 1, 1, -1, -1, 1, 1, 1, 1, 1, -1, -1, 1, -1, 1, 1, 1, 1, 1, 1, 1, 1, 1, 1, 1, -1, -1, -1, 1, -1, 1, 1, 1, 1, -1, 1, -1, 1, -1, 1, 1, 1, -1, -1, -1, 1, 1, 1, 1, 1, 1, -1, 1, 1, -1, -1, -1, 1, 1, -1, 1, 1, 1, 1, 1, 1, 1, 1, -1, 1, -1, -1, 1, 1, 1, -1, -1, 1, 1, -1, 1, 1, 1, -1, 1, 1, -1, -1, -1, 1, 1, 1, 1, -1, -1, -1, -1, -1, 1, -1, 1, 1, 1, -1, -1, 1, 1, -1, 1, 1, 1, 1, -1, -1, 1, -1, 1, -1, -1, -1, -1, -1, 1, 1, 1, 1, -1, -1, -1, -1, 1, 1, 1, 1, -1, -1, -1, -1, 1, -1, 1, 1, 1, -1, -1, 1, 1, 1, 1, -1, -1, -1, -1, -1, 1, 1, 1, -1, -1, -1, 1, 1, 1, 1, 1, -1, 1, -1, -1, 1, 1, -1, 1, -1, 1, -1, -1, 1, 1, 1, 1, -1, -1, -1, -1, -1, 1, 1, 1, -1, -1, -1, -1, -1, 1, 1, 1, -1, -1, 1, -1, 1, -1, 1, 1, 1, -1, -1, -1, -1, -1, 1, 1, -1, -1, 1, -1, 1, -1, 1, -1, 1, -1, -1, -1, -1
BQP_DATA, 1532, 6956, -3377.000000, -3961.000000, -9514.000000, -10098.000000, 4096.039935, 4528, 1673
