using d-wave endpoint provided in data file: https://cloud.dwavesys.com/sapi
using d-wave solver name provided in data file: Advantage_system4.1
found d-wave chip id in data file: Advantage_system4.1
d-wave parameters:
  auto_scale - False
  num_reads - 2560
  num_spin_reversal_transforms - 25
  annealing_time - 62.5
-37.000000 - 734
-37.000000 - 698
-37.000000 - 803
-35.000000 - 1
-35.000000 - 41
-35.000000 - 49
-35.000000 - 53
-35.000000 - 27
-35.000000 - 68
-35.000000 - 46
-35.000000 - 3
-35.000000 - 4
-35.000000 - 3
-35.000000 - 1
-35.000000 - 3
-35.000000 - 1
-35.000000 - 2
-35.000000 - 5
-35.000000 - 1
-35.000000 - 2
-35.000000 - 1
-35.000000 - 1
-35.000000 - 1
-35.000000 - 4
-35.000000 - 1
-33.000000 - 2
-33.000000 - 1
-33.000000 - 1
-33.000000 - 1
-33.000000 - 1
-31.000000 - 1

BQP_SOLUTION, 24, 63, -37.000000, 0.813721, 1, -1, 1, 1, 1, 1, 1, -1, 1, 1, 1, 1, -1, 1, 1, -1, -1, -1, -1, 1, -1, -1, -1, 1
BQP_DATA, 24, 63, -37.000000, -83.000000, -37.000000, -83.000000, 0.813721, 0, 2560, 0.000690, 0.034320, 0.579027, 2.060546, 2.674583
