Set parameter TSPort to value 51199
Set parameter TokenServer to value "open-license1.lanl.gov"
Set parameter TimeLimit to value 32
Set parameter Threads to value 1
Gurobi Optimizer version 10.0.3 build v10.0.3rc0 (linux64)

CPU model: Intel(R) Xeon(R) CPU E5-2695 v4 @ 2.10GHz, instruction set [SSE2|AVX|AVX2]
Thread count: 36 physical cores, 72 logical processors, using up to 1 threads

Optimize a model with 0 rows, 383 columns and 0 nonzeros
Model fingerprint: 0x406d0bc8
Model has 1613 quadratic objective terms
Variable types: 0 continuous, 383 integer (383 binary)
Coefficient statistics:
  Matrix range     [0e+00, 0e+00]
  Objective range  [2e+00, 3e+01]
  QObjective range [8e+00, 8e+00]
  Bounds range     [1e+00, 1e+00]
  RHS range        [0e+00, 0e+00]
Found heuristic solution: objective 0.0000000
Found heuristic solution: objective -684.0000000
Found heuristic solution: objective -2310.000000
Found heuristic solution: objective -2324.000000
Presolve time: 0.22s
Presolved: 1613 rows, 1996 columns, 4839 nonzeros
Variable types: 0 continuous, 1996 integer (1996 binary)

Root relaxation: objective -3.084000e+03, 503 iterations, 0.01 seconds (0.00 work units)

    Nodes    |    Current Node    |     Objective Bounds      |     Work
 Expl Unexpl |  Obj  Depth IntInf | Incumbent    BestBd   Gap | It/Node Time

     0     0 -3084.0000    0  383 -2324.0000 -3084.0000  32.7%     -    0s
     0     0 -2792.6667    0  553 -2324.0000 -2792.6667  20.2%     -    0s
     0     0 -2790.6667    0  551 -2324.0000 -2790.6667  20.1%     -    0s
     0     0 -2740.5000    0  577 -2324.0000 -2740.5000  17.9%     -    0s
     0     0 -2740.5000    0  569 -2324.0000 -2740.5000  17.9%     -    0s
     0     2 -2740.5000    0  567 -2324.0000 -2740.5000  17.9%     -    0s
   523   468 -2549.9499   12 1029 -2324.0000 -2549.9499  9.72%  89.1    5s
   543   481 -2380.0000   62 1528 -2324.0000 -2483.4710  6.86%  85.8   10s
   556   490 -2452.9778   24 1676 -2324.0000 -2452.9778  5.55%  83.8   15s
   571   500 -2440.9012    7 1730 -2324.0000 -2440.9012  5.03%  81.6   20s
   596   517 -2359.0000   67 1793 -2324.0000 -2432.3511  4.66%  78.2   25s
   636   543 -2425.7216   12 1802 -2324.0000 -2425.7216  4.38%  73.3   30s

Cutting planes:
  Gomory: 16
  MIR: 70
  Flow cover: 607
  Zero half: 298
  RLT: 66
  BQP: 103

Explored 653 nodes (136125 simplex iterations) in 32.00 seconds (33.44 work units)
Thread count was 1 (of 72 available processors)

Solution count 4: -2324 -2310 -684 0 

Time limit reached
Best objective -2.324000000000e+03, best bound -2.424000000000e+03, gap 4.3029%

User-callback calls 4939, time in user-callback 0.02 sec

BQP_SOLUTION, 383, 1613, -853.000000, 32.000492, -1, 1, -1, 1, -1, -1, 1, -1, -1, -1, -1, -1, -1, 1, -1, -1, 1, -1, 1, -1, 1, -1, 1, -1, -1, -1, 1, -1, -1, -1, -1, -1, 1, -1, -1, -1, -1, -1, -1, -1, -1, -1, -1, -1, 1, -1, -1, -1, 1, -1, -1, -1, -1, -1, -1, -1, -1, -1, -1, -1, -1, -1, 1, -1, 1, -1, 1, -1, -1, -1, -1, -1, -1, 1, 1, 1, -1, -1, 1, -1, 1, -1, -1, 1, -1, -1, -1, 1, 1, -1, 1, 1, -1, 1, 1, 1, -1, 1, 1, 1, -1, 1, 1, -1, -1, 1, 1, 1, 1, -1, 1, -1, 1, -1, 1, 1, 1, -1, 1, 1, 1, -1, 1, -1, 1, -1, 1, -1, 1, -1, 1, 1, -1, 1, 1, -1, 1, 1, 1, 1, -1, -1, 1, 1, -1, 1, -1, -1, -1, 1, 1, 1, -1, -1, 1, 1, -1, -1, 1, 1, -1, -1, 1, 1, -1, -1, 1, 1, 1, -1, 1, 1, 1, -1, 1, 1, 1, -1, -1, 1, 1, -1, 1, 1, 1, -1, 1, 1, 1, -1, 1, -1, 1, -1, 1, 1, -1, 1, -1, 1, 1, -1, 1, 1, -1, -1, -1, 1, 1, -1, -1, 1, 1, -1, -1, 1, 1, 1, -1, 1, 1, 1, -1, 1, 1, -1, -1, 1, 1, 1, -1, 1, -1, 1, -1, 1, 1, 1, -1, 1, 1, 1, -1, 1, 1, 1, -1, 1, -1, 1, -1, 1, -1, 1, -1, 1, 1, 1, -1, 1, 1, 1, -1, 1, 1, 1, 1, 1, 1, -1, 1, 1, 1, -1, 1, 1, 1, 1, -1, 1, 1, -1, 1, -1, 1, -1, 1, 1, -1, 1, 1, 1, 1, 1, 1, 1, -1, 1, 1, 1, -1, 1, 1, -1, 1, -1, 1, 1, -1, -1, 1, 1, -1, -1, 1, 1, 1, -1, 1, 1, 1, -1, 1, 1, -1, -1, 1, 1, 1, -1, -1, 1, 1, -1, 1, 1, -1, -1, 1, 1, -1, -1, 1, 1, 1, 1, -1, 1, -1, -1, 1, 1, 1, -1, 1, 1, -1, 1, -1, 1, -1, -1, 1, 1, 1, 1, -1, 1, 1, -1, 1, 1, -1, 1, -1, -1, 1, -1, 1, 1, 1, 1, -1
BQP_DATA, 383, 1613, -853.000000, -953.000000, -2324.000000, -2424.000000, 32.000492, 991, 653
