Set parameter TSPort to value 51199
Set parameter TokenServer to value "open-license1.lanl.gov"
Set parameter TimeLimit to value 32
Set parameter Threads to value 1
Gurobi Optimizer version 10.0.3 build v10.0.3rc0 (linux64)

CPU model: Intel(R) Xeon(R) CPU E5-2695 v4 @ 2.10GHz, instruction set [SSE2|AVX|AVX2]
Thread count: 36 physical cores, 72 logical processors, using up to 1 threads

Optimize a model with 0 rows, 383 columns and 0 nonzeros
Model fingerprint: 0x257a2a28
Model has 1591 quadratic objective terms
Variable types: 0 continuous, 383 integer (383 binary)
Coefficient statistics:
  Matrix range     [0e+00, 0e+00]
  Objective range  [2e+00, 3e+01]
  QObjective range [8e+00, 8e+00]
  Bounds range     [1e+00, 1e+00]
  RHS range        [0e+00, 0e+00]
Found heuristic solution: objective 0.0000000
Found heuristic solution: objective -638.0000000
Found heuristic solution: objective -2278.000000
Found heuristic solution: objective -2286.000000
Presolve removed 0 rows and 2 columns
Presolve time: 0.28s
Presolved: 1587 rows, 1968 columns, 4761 nonzeros
Variable types: 0 continuous, 1968 integer (1968 binary)

Root relaxation: objective -3.047000e+03, 448 iterations, 0.01 seconds (0.00 work units)

    Nodes    |    Current Node    |     Objective Bounds      |     Work
 Expl Unexpl |  Obj  Depth IntInf | Incumbent    BestBd   Gap | It/Node Time

     0     0 -3047.0000    0  381 -2286.0000 -3047.0000  33.3%     -    0s
     0     0 -2766.0000    0  529 -2286.0000 -2766.0000  21.0%     -    0s
     0     0 -2712.0000    0  567 -2286.0000 -2712.0000  18.6%     -    0s
     0     0 -2712.0000    0  562 -2286.0000 -2712.0000  18.6%     -    0s
     0     2 -2712.0000    0  558 -2286.0000 -2712.0000  18.6%     -    0s
   526   481 -2450.0000   37 1032 -2286.0000 -2506.1163  9.63%  73.1    5s
   555   500 -2430.6251   29 1578 -2286.0000 -2430.6251  6.33%  69.3   10s
   570   510 -2345.0000   61 1694 -2286.0000 -2414.6835  5.63%  67.5   15s
   597   528 -2321.0000   73 1731 -2286.0000 -2406.3317  5.26%  64.4   20s
   636   554 -2398.4668   13 1702 -2286.0000 -2398.4668  4.92%  60.5   25s
   685   587 -2343.0000   62 1764 -2286.0000 -2391.4248  4.61%  56.1   30s

Cutting planes:
  Gomory: 20
  MIR: 58
  Flow cover: 609
  Zero half: 315
  Mod-K: 3
  RLT: 69
  BQP: 85

Explored 710 nodes (129896 simplex iterations) in 32.00 seconds (33.61 work units)
Thread count was 1 (of 72 available processors)

Solution count 4: -2286 -2278 -638 0 

Time limit reached
Best objective -2.286000000000e+03, best bound -2.390000000000e+03, gap 4.5494%

User-callback calls 5259, time in user-callback 0.03 sec

BQP_SOLUTION, 383, 1591, -828.000000, 32.003045, 1, -1, -1, 1, 1, 1, 1, 1, 1, 1, -1, -1, 1, 1, -1, 1, 1, 1, -1, 1, 1, 1, -1, -1, 1, 1, -1, -1, 1, 1, -1, 1, 1, 1, -1, -1, 1, 1, -1, -1, 1, 1, -1, 1, 1, 1, -1, -1, 1, 1, -1, 1, 1, -1, -1, 1, 1, 1, -1, -1, 1, 1, -1, 1, 1, 1, -1, 1, 1, -1, 1, -1, 1, 1, -1, -1, 1, 1, -1, 1, 1, 1, -1, -1, 1, 1, -1, -1, -1, 1, -1, -1, 1, 1, -1, -1, 1, 1, 1, 1, 1, -1, 1, -1, 1, -1, 1, 1, 1, -1, 1, 1, -1, 1, 1, 1, -1, 1, -1, -1, -1, -1, 1, 1, -1, -1, 1, 1, 1, -1, 1, -1, -1, 1, 1, -1, -1, -1, 1, -1, -1, 1, 1, -1, 1, -1, 1, -1, 1, -1, 1, -1, -1, 1, 1, -1, -1, 1, -1, 1, -1, 1, -1, -1, -1, 1, -1, -1, -1, -1, -1, -1, -1, -1, -1, 1, -1, -1, 1, -1, -1, -1, -1, 1, -1, 1, 1, 1, -1, -1, -1, -1, 1, -1, 1, -1, -1, 1, -1, -1, -1, 1, 1, -1, 1, 1, -1, -1, -1, 1, 1, -1, -1, 1, 1, -1, -1, 1, 1, -1, -1, 1, 1, -1, -1, 1, 1, 1, -1, 1, -1, -1, -1, -1, 1, -1, -1, 1, 1, 1, -1, 1, 1, -1, -1, 1, 1, -1, -1, 1, 1, -1, -1, 1, 1, -1, -1, 1, 1, -1, -1, 1, 1, -1, 1, -1, 1, -1, 1, -1, 1, -1, 1, -1, 1, -1, -1, 1, 1, -1, 1, -1, 1, 1, -1, 1, -1, 1, 1, -1, -1, 1, 1, -1, 1, 1, 1, -1, 1, 1, 1, -1, 1, 1, 1, -1, 1, 1, 1, 1, 1, 1, 1, -1, -1, 1, 1, -1, 1, 1, 1, -1, 1, 1, -1, 1, -1, 1, 1, -1, 1, 1, 1, -1, 1, 1, 1, 1, -1, 1, 1, -1, 1, 1, 1, -1, 1, -1, 1, 1, 1, 1, 1, -1, 1, 1, 1, -1, 1, -1, -1, -1, 1, 1, 1, -1, 1, 1, -1, -1, 1, -1, 1, -1, 1, -1, 1, 1, -1, 1, 1, -1, -1
BQP_DATA, 383, 1591, -828.000000, -932.000000, -2286.000000, -2390.000000, 32.003045, 1005, 710
