Set parameter TSPort to value 51199
Set parameter TokenServer to value "open-license1.lanl.gov"
Set parameter TimeLimit to value 4096
Set parameter Threads to value 1
Gurobi Optimizer version 10.0.3 build v10.0.3rc0 (linux64)

CPU model: Intel(R) Xeon(R) CPU E5-2695 v4 @ 2.10GHz, instruction set [SSE2|AVX|AVX2]
Thread count: 36 physical cores, 72 logical processors, using up to 1 threads

Optimize a model with 0 rows, 2396 columns and 0 nonzeros
Model fingerprint: 0x81f765a4
Model has 10983 quadratic objective terms
Variable types: 0 continuous, 2396 integer (2396 binary)
Coefficient statistics:
  Matrix range     [0e+00, 0e+00]
  Objective range  [2e+00, 3e+01]
  QObjective range [8e+00, 8e+00]
  Bounds range     [1e+00, 1e+00]
  RHS range        [0e+00, 0e+00]
Found heuristic solution: objective 0.0000000
Found heuristic solution: objective -4092.000000
Found heuristic solution: objective -14738.00000
Found heuristic solution: objective -14824.00000
Presolve removed 0 rows and 1 columns
Presolve time: 0.39s
Presolved: 10982 rows, 13377 columns, 32946 nonzeros
Variable types: 0 continuous, 13377 integer (13377 binary)

Root relaxation: objective -2.063800e+04, 3238 iterations, 0.05 seconds (0.02 work units)

    Nodes    |    Current Node    |     Objective Bounds      |     Work
 Expl Unexpl |  Obj  Depth IntInf | Incumbent    BestBd   Gap | It/Node Time

     0     0 -20638.000    0 2395 -14824.000 -20638.000  39.2%     -    0s
     0     0 -19172.000    0 3123 -14824.000 -19172.000  29.3%     -    1s
     0     0 -19028.000    0 3211 -14824.000 -19028.000  28.4%     -    1s
     0     0 -19023.000    0 3212 -14824.000 -19023.000  28.3%     -    1s
     0     0 -18700.000    0 3423 -14824.000 -18700.000  26.1%     -    2s
     0     0 -18700.000    0 3394 -14824.000 -18700.000  26.1%     -    2s
     0     2 -18700.000    0 3393 -14824.000 -18700.000  26.1%     -    3s
    85    87 -18304.000   43 3810 -14824.000 -18688.000  26.1%   139    5s
   378   380 -17143.000  189 4513 -14824.000 -18688.000  26.1%  96.8   10s
   676   678 -16165.833  338 4751 -14824.000 -18688.000  26.1%  81.4   15s
   902   904 -15616.167  452 4685 -14824.000 -18688.000  26.1%  74.0   20s
H  962   962                    -14826.00000 -18688.000  26.0%  73.9   22s
  1101  1103 -15179.000  553 4545 -14826.000 -18688.000  26.0%  70.8   25s
  1345  1278 -15440.667  493 5491 -14826.000 -18688.000  26.0%  64.5   30s
  1350  1281 -15262.000  534 4112 -14826.000 -17858.875  20.5%  64.3   37s
  1353  1283 -15907.500  383 4360 -14826.000 -17778.828  19.9%  64.2   40s
  1358  1287 -17058.000  200 4784 -14826.000 -17449.094  17.7%  63.9   56s
  1359  1287 -14880.333  634 5244 -14826.000 -17345.649  17.0%  63.9   70s
  1360  1288 -14874.333  637 5332 -14826.000 -17321.861  16.8%  63.8   77s
  1361  1289 -14881.333  632 5407 -14826.000 -17316.269  16.8%  63.8   80s
  1365  1291 -17311.614  155 5596 -14826.000 -17311.614  16.8%  63.6   85s
  1373  1297 -16038.333  359 6109 -14826.000 -17069.653  15.1%  63.2  139s
  1374  1297 -15041.333  587 6430 -14826.000 -17021.840  14.8%  63.2  175s
  1375  1298 -15282.000  529 6644 -14826.000 -17008.523  14.7%  63.1  188s
  1376  1299 -15260.000  536 6662 -14826.000 -17003.134  14.7%  63.1  195s
  1378  1300 -16041.333  358 6804 -14826.000 -17000.584  14.7%  63.0  202s
  1379  1301 -16673.000  262 6813 -14826.000 -16999.939  14.7%  63.0  205s
  1385  1305 -16405.000  301 7209 -14826.000 -16804.676  13.3%  62.7  298s
  1386  1305 -15473.167  486 7771 -14826.000 -16755.390  13.0%  62.6  369s
  1387  1306 -14953.833  609 7974 -14826.000 -16744.791  12.9%  62.6  403s
  1388  1307 -15478.667  485 8033 -14826.000 -16742.107  12.9%  62.5  413s
  1389  1307 -16740.988  171 8051 -14826.000 -16740.988  12.9%  62.5  418s
  1390  1308 -16272.333  321 8191 -14826.000 -16740.019  12.9%  62.5  423s
  1391  1309 -16739.626  184 8238 -14826.000 -16739.626  12.9%  62.4  426s
  1394  1311 -16739.458   37 8257 -14826.000 -16739.458  12.9%  62.3  430s
  1396  1312 -14879.000  633 8701 -14826.000 -16591.973  11.9%  62.2  565s
  1397  1313 -16557.551  176 9078 -14826.000 -16557.551  11.7%  62.1  654s
  1398  1313 -14936.833  616 9249 -14826.000 -16550.462  11.6%  62.1  682s
  1399  1314 -16547.547  182 9326 -14826.000 -16547.547  11.6%  62.1  699s
  1400  1315 -14995.833  601 9394 -14826.000 -16546.426  11.6%  62.0  708s
  1401  1315 -14920.833  620 9465 -14826.000 -16546.097  11.6%  62.0  713s
  1402  1316 -16545.853  135 9451 -14826.000 -16545.853  11.6%  61.9  716s
  1406  1319 -16545.746  168 9522 -14826.000 -16545.746  11.6%  61.7  722s
  1407  1319 -16434.662  199 9892 -14826.000 -16434.662  10.9%  61.7  871s
  1408  1320 -16412.443  268 10185 -14826.000 -16412.443  10.7%  61.7  958s
  1409  1321 -14919.833  619 10287 -14826.000 -16407.439  10.7%  61.6 1001s
  1410  1321 -15779.500  407 10310 -14826.000 -16405.518  10.7%  61.6 1018s
  1411  1322 -15165.000  556 10382 -14826.000 -16404.935  10.6%  61.5 1027s
  1412  1323 -14894.333  629 10442 -14826.000 -16404.738  10.6%  61.5 1031s
  1414  1324 -15542.167  471 10451 -14826.000 -16404.583  10.6%  61.4 1035s
  1417  1326 -16404.551  230 10488 -14826.000 -16404.551  10.6%  61.3 1040s
  1418  1327 -16352.831   47 10541 -14826.000 -16352.831  10.3%  61.2 1168s
  1419  1327 -16342.107   29 10743 -14826.000 -16342.107  10.2%  61.2 1226s
  1420  1328 -16340.440    3 10807 -14826.000 -16340.440  10.2%  61.1 1245s
  1421  1329 -16339.928  303 10859 -14826.000 -16339.928  10.2%  61.1 1255s
  1422  1329 -16339.750  199 10874 -14826.000 -16339.750  10.2%  61.1 1261s
  1424  1331 -15065.333  581 10910 -14826.000 -16339.668  10.2%  61.0 1265s
  1427  1333 -15419.667  499 10932 -14826.000 -16339.645  10.2%  60.8 1270s
  1428  1333 -16279.333  320 10871 -14826.000 -16294.781  9.91%  60.8 1392s
  1429  1334 -16062.333  353 11006 -14826.000 -16284.423  9.84%  60.8 1467s
  1430  1335 -15301.000  526 11073 -14826.000 -16282.713  9.83%  60.7 1489s
  1431  1335 -14881.333  632 11051 -14826.000 -16282.238  9.82%  60.7 1501s
  1432  1336 -16038.333  359 11098 -14826.000 -16282.086  9.82%  60.6 1505s
  1435  1338 -15065.333  581 11127 -14826.000 -16282.025  9.82%  60.5 1510s
  1437  1339 -16161.833  339 11060 -14826.000 -16247.826  9.59%  60.4 1627s
  1438  1340 -15932.000  379 11202 -14826.000 -16240.006  9.54%  60.4 1690s
  1439  1341 -16126.833  344 11250 -14826.000 -16238.928  9.53%  60.3 1712s
  1440  1341 -16238.538  243 11309 -14826.000 -16238.538  9.53%  60.3 1719s
  1441  1342 -16238.468   41 11323 -14826.000 -16238.468  9.53%  60.2 1723s
  1442  1343 -15013.833  597 11323 -14826.000 -16238.422  9.53%  60.2 1725s
  1446  1345 -16238.392  309 11344 -14826.000 -16238.392  9.53%  60.0 1731s
  1447  1346 -15705.500  429 11221 -14826.000 -16212.795  9.35%  60.0 1854s
  1448  1347 -16208.287  165 11250 -14826.000 -16208.287  9.32%  60.0 1908s
  1449  1347 -16207.127  249 11358 -14826.000 -16207.127  9.32%  59.9 1927s
  1450  1348 -15262.000  534 11406 -14826.000 -16206.824  9.31%  59.9 1935s
  1452  1349 -16206.681  230 11433 -14826.000 -16206.681  9.31%  59.8 1940s
H 1454  1281                    -14828.00000 -16181.513  9.13%  59.7 2060s
  1456  1282 -15384.667  507 11414 -14828.000 -16176.012  9.09%  59.6 2127s
  1457  1283 -16175.103  300 11493 -14828.000 -16175.103  9.08%  59.6 2145s
  1458  1283 -16174.705  200 11519 -14828.000 -16174.705  9.08%  59.5 2157s
  1459  1284 -14880.333  634 11532 -14828.000 -16174.595  9.08%  59.5 2161s
  1461  1285 -14881.333  632 11558 -14828.000 -16174.536  9.08%  59.4 2165s
  1463  1287 -16050.333  356 11437 -14828.000 -16156.262  8.96%  59.3 2272s
  1464  1287 -15440.667  493 11505 -14828.000 -16152.212  8.93%  59.3 2328s
  1465  1288 -16151.506  155 11538 -14828.000 -16151.506  8.93%  59.3 2342s
  1466  1289 -16151.328   30 11576 -14828.000 -16151.328  8.92%  59.2 2348s
  1467  1289 -15623.667  450 11583 -14828.000 -16151.241  8.92%  59.2 2351s
  1470  1291 -14992.833  602 11604 -14828.000 -16151.199  8.92%  59.1 2357s
  1471  1292 -16137.021  303 11504 -14828.000 -16137.021  8.83%  59.0 2462s
  1472  1293 -16133.256  149 11571 -14828.000 -16133.256  8.80%  59.0 2513s
  1473  1293 -16038.333  359 11628 -14828.000 -16132.400  8.80%  58.9 2535s
  1474  1294 -15041.333  587 11629 -14828.000 -16132.188  8.80%  58.9 2542s
  1475  1295 -15282.000  529 11661 -14828.000 -16132.084  8.79%  58.9 2545s
  1477  1296 -15622.667  450 11675 -14828.000 -16132.024  8.79%  58.8 2550s
  1480  1298 -16118.173   36 11607 -14828.000 -16118.173  8.70%  58.7 2667s
  1481  1299 -16115.687   40 11693 -14828.000 -16115.687  8.68%  58.6 2707s
  1482  1299 -15238.000  541 11733 -14828.000 -16114.991  8.68%  58.6 2721s
  1483  1300 -16114.799  129 11764 -14828.000 -16114.799  8.68%  58.5 2728s
  1484  1301 -15105.000  571 11748 -14828.000 -16114.736  8.68%  58.5 2733s
  1486  1302 -15473.167  486 11769 -14828.000 -16114.712  8.68%  58.4 2735s
  1488  1303 -15478.667  485 11666 -14828.000 -16104.171  8.61%  58.3 2833s
  1489  1304 -16101.657  171 11715 -14828.000 -16101.657  8.59%  58.3 2879s
  1490  1305 -16101.191  321 11770 -14828.000 -16101.191  8.59%  58.3 2891s
  1491  1305 -16101.047  184 11788 -14828.000 -16101.047  8.59%  58.2 2896s
  1492  1306 -16101.003  149 11807 -14828.000 -16101.003  8.59%  58.2 2900s
  1495  1308 -16093.222  164 11680 -14828.000 -16093.222  8.53%  58.1 2982s
  1496  1309 -14879.000  633 11718 -14828.000 -16090.924  8.52%  58.0 3016s
  1497  1309 -16090.526  176 11782 -14828.000 -16090.526  8.51%  58.0 3027s
  1498  1310 -14936.833  616 11781 -14828.000 -16090.415  8.51%  58.0 3031s
  1500  1311 -14995.833  601 11814 -14828.000 -16090.352  8.51%  57.9 3036s
  1503  1313 -14926.833  618 11744 -14828.000 -16079.051  8.44%  57.8 3140s
  1504  1314 -16076.880  282 11794 -14828.000 -16076.880  8.42%  57.7 3176s
  1505  1315 -16076.198   34 11850 -14828.000 -16076.198  8.42%  57.7 3192s
  1506  1315 -16076.011  168 11892 -14828.000 -16076.011  8.42%  57.6 3201s
  1507  1316 -16075.965  199 11906 -14828.000 -16075.965  8.42%  57.6 3205s
  1510  1318 -15779.500  407 11915 -14828.000 -16075.942  8.42%  57.5 3210s
  1511  1319 -15165.000  556 11832 -14828.000 -16070.336  8.38%  57.5 3280s
  1512  1319 -14894.333  629 11844 -14828.000 -16068.941  8.37%  57.4 3313s
  1513  1320 -16068.596  169 11894 -14828.000 -16068.596  8.37%  57.4 3327s
  1514  1321 -15542.167  471 11915 -14828.000 -16068.505  8.37%  57.3 3333s
  1515  1321 -15687.667  435 11930 -14828.000 -16068.466  8.37%  57.3 3336s
  1518  1323 -16068.447   47 11955 -14828.000 -16068.447  8.37%  57.2 3340s
  1519  1324 -16062.872   29 11861 -14828.000 -16062.872  8.33%  57.2 3404s
  1520  1325 -16061.201    3 11943 -14828.000 -16061.201  8.32%  57.1 3446s
  1521  1325 -16060.868  303 11954 -14828.000 -16060.868  8.31%  57.1 3460s
  1522  1326 -16060.795  199 11986 -14828.000 -16060.795  8.31%  57.0 3465s
  1525  1328 -15457.667  490 12002 -14828.000 -16060.769  8.31%  56.9 3470s
  1526  1329 -15593.500  458 11883 -14828.000 -16054.424  8.27%  56.9 3545s
  1527  1329 -15419.667  499 11936 -14828.000 -16052.484  8.26%  56.9 3585s
  1528  1330 -16052.065  320 11976 -14828.000 -16052.065  8.26%  56.8 3601s
  1529  1331 -16051.960  353 11995 -14828.000 -16051.960  8.25%  56.8 3608s
  1530  1331 -15301.000  526 12018 -14828.000 -16051.923  8.25%  56.7 3611s
  1533  1333 -15695.500  432 12025 -14828.000 -16051.910  8.25%  56.6 3615s
  1534  1334 -15796.500  402 11995 -14828.000 -16051.589  8.25%  56.6 3623s
  1535  1335 -15065.333  581 12015 -14828.000 -16051.487  8.25%  56.6 3629s
  1536  1335 -15527.167  475 12026 -14828.000 -16051.480  8.25%  56.5 3630s
  1543  1340 -16051.469  284 12024 -14828.000 -16051.469  8.25%  56.3 3635s
  1553  1348 -15907.500  383 4585 -14828.000 -16051.469  8.25%  1529 3648s
  1554  1349 -15238.000  541 6063 -14828.000 -16051.469  8.25%  1528 3685s
  1555  1350 -16051.469  303 7902 -14828.000 -16051.469  8.25%  1527 3797s
  1556  1350 -15384.667  507 9369 -14828.000 -16051.469  8.25%  1526 3941s

Cutting planes:
  Gomory: 87
  MIR: 428
  Flow cover: 3961
  Zero half: 1175
  Mod-K: 50
  RLT: 480
  BQP: 687

Explored 1556 nodes (2797409 simplex iterations) in 4096.00 seconds (5926.80 work units)
Thread count was 1 (of 72 available processors)

Solution count 6: -14828 -14826 -14824 ... 0

Time limit reached
Best objective -1.482800000000e+04, best bound -1.605000000000e+04, gap 8.2412%

User-callback calls 17897, time in user-callback 0.08 sec

BQP_SOLUTION, 2396, 10983, -5173.000000, 4096.002540, 1, -1, 1, -1, 1, -1, 1, -1, 1, -1, 1, -1, 1, 1, -1, 1, 1, 1, -1, 1, -1, -1, -1, 1, 1, -1, 1, 1, 1, -1, 1, -1, -1, 1, 1, -1, 1, -1, 1, 1, 1, -1, -1, 1, 1, 1, 1, -1, 1, 1, 1, -1, -1, 1, 1, -1, 1, -1, 1, 1, 1, -1, -1, 1, 1, -1, 1, -1, 1, -1, 1, -1, -1, 1, -1, -1, 1, -1, 1, 1, -1, 1, -1, 1, 1, 1, -1, 1, 1, 1, 1, 1, -1, 1, 1, -1, 1, -1, -1, 1, 1, 1, -1, 1, 1, -1, 1, 1, -1, 1, 1, 1, -1, 1, -1, -1, 1, -1, 1, 1, 1, 1, -1, 1, 1, -1, 1, -1, 1, 1, 1, -1, -1, 1, -1, 1, 1, 1, 1, 1, -1, 1, 1, -1, -1, 1, 1, 1, 1, 1, 1, 1, -1, 1, -1, -1, 1, -1, 1, -1, -1, 1, -1, 1, -1, 1, 1, 1, -1, 1, -1, 1, 1, 1, -1, -1, 1, -1, 1, 1, -1, 1, 1, -1, -1, 1, 1, -1, 1, 1, -1, -1, 1, -1, -1, 1, 1, -1, 1, 1, -1, 1, 1, -1, -1, -1, 1, -1, 1, 1, -1, 1, 1, 1, 1, -1, 1, -1, 1, -1, -1, -1, 1, -1, -1, -1, 1, -1, 1, -1, 1, -1, 1, 1, -1, 1, 1, -1, 1, 1, -1, 1, 1, -1, -1, 1, 1, 1, 1, 1, -1, 1, -1, 1, -1, 1, 1, -1, -1, -1, 1, -1, 1, -1, 1, -1, 1, 1, 1, -1, -1, 1, 1, 1, 1, 1, 1, -1, 1, -1, -1, 1, -1, -1, -1, -1, 1, -1, 1, -1, -1, -1, -1, 1, -1, 1, 1, 1, 1, -1, -1, 1, 1, 1, 1, 1, -1, 1, 1, -1, -1, 1, -1, 1, -1, 1, 1, -1, 1, -1, -1, 1, 1, 1, 1, -1, 1, 1, 1, -1, 1, -1, 1, 1, 1, 1, -1, 1, -1, -1, 1, -1, 1, -1, 1, -1, 1, -1, 1, -1, 1, -1, -1, -1, 1, -1, -1, -1, 1, -1, 1, -1, -1, -1, -1, 1, -1, 1, 1, 1, -1, 1, -1, 1, 1, -1, 1, 1, -1, -1, -1, -1, -1, 1, 1, -1, -1, -1, 1, -1, -1, 1, -1, 1, -1, -1, -1, 1, 1, 1, 1, -1, 1, -1, 1, 1, -1, -1, 1, -1, 1, 1, -1, 1, 1, -1, 1, -1, 1, 1, -1, 1, -1, 1, 1, -1, -1, -1, 1, -1, 1, -1, -1, -1, 1, -1, 1, -1, 1, -1, 1, 1, -1, -1, 1, 1, -1, -1, 1, -1, -1, -1, -1, -1, 1, -1, -1, -1, 1, 1, -1, -1, 1, 1, -1, 1, -1, -1, -1, -1, -1, 1, -1, -1, 1, 1, -1, -1, 1, -1, -1, 1, -1, 1, -1, -1, -1, -1, 1, -1, -1, 1, -1, -1, 1, -1, 1, -1, 1, -1, 1, 1, -1, -1, 1, -1, 1, -1, -1, -1, -1, -1, -1, 1, -1, -1, 1, -1, -1, 1, -1, -1, -1, -1, -1, -1, -1, 1, -1, -1, -1, 1, -1, -1, 1, -1, 1, -1, -1, -1, 1, -1, -1, 1, -1, -1, 1, -1, -1, 1, -1, 1, -1, -1, -1, -1, 1, 1, 1, 1, 1, 1, 1, -1, 1, 1, -1, 1, -1, 1, -1, -1, -1, -1, 1, -1, -1, 1, 1, 1, 1, 1, -1, 1, 1, -1, 1, 1, 1, 1, -1, 1, 1, 1, -1, 1, 1, 1, -1, -1, 1, -1, 1, 1, 1, -1, 1, 1, -1, -1, -1, 1, 1, -1, 1, 1, 1, 1, -1, -1, -1, 1, 1, 1, 1, 1, 1, 1, -1, -1, 1, 1, 1, 1, 1, 1, 1, 1, 1, -1, 1, 1, 1, 1, -1, -1, 1, 1, 1, 1, -1, 1, 1, 1, 1, 1, 1, 1, 1, 1, -1, 1, 1, 1, 1, -1, 1, 1, 1, -1, 1, 1, 1, -1, 1, 1, 1, 1, 1, 1, -1, 1, 1, 1, 1, 1, -1, 1, 1, 1, -1, 1, 1, 1, -1, -1, 1, 1, 1, -1, 1, -1, 1, 1, 1, -1, -1, 1, 1, 1, 1, 1, 1, -1, 1, -1, -1, 1, 1, 1, -1, 1, 1, 1, -1, -1, 1, 1, 1, 1, -1, 1, -1, 1, 1, -1, 1, 1, 1, -1, -1, 1, 1, 1, 1, -1, 1, -1, -1, 1, 1, -1, -1, 1, 1, -1, 1, -1, 1, 1, -1, 1, -1, 1, -1, -1, -1, 1, 1, -1, -1, 1, 1, 1, 1, 1, -1, 1, 1, 1, -1, -1, -1, 1, -1, 1, -1, 1, -1, -1, -1, -1, -1, 1, -1, -1, 1, -1, -1, -1, 1, -1, 1, -1, 1, -1, -1, 1, -1, 1, -1, -1, -1, 1, 1, -1, 1, -1, -1, -1, 1, -1, 1, 1, -1, -1, 1, -1, -1, 1, -1, -1, 1, -1, 1, -1, 1, 1, -1, -1, -1, -1, 1, 1, -1, 1, -1, -1, -1, 1, -1, 1, -1, -1, 1, 1, -1, -1, 1, -1, 1, 1, -1, 1, 1, -1, -1, -1, 1, -1, -1, -1, -1, -1, 1, 1, -1, -1, 1, 1, -1, -1, 1, -1, 1, 1, -1, -1, 1, -1, -1, 1, 1, -1, 1, 1, -1, -1, 1, 1, -1, 1, -1, -1, 1, 1, 1, -1, 1, -1, -1, 1, -1, -1, 1, 1, -1, -1, 1, 1, -1, -1, 1, -1, 1, 1, 1, -1, 1, 1, -1, 1, 1, -1, -1, 1, -1, 1, 1, 1, -1, 1, 1, -1, 1, 1, 1, -1, 1, 1, -1, 1, 1, -1, 1, 1, 1, -1, 1, -1, 1, 1, -1, -1, 1, 1, -1, -1, 1, -1, 1, -1, -1, 1, 1, 1, -1, 1, 1, 1, -1, 1, -1, 1, 1, 1, -1, 1, 1, -1, 1, 1, 1, 1, -1, 1, -1, 1, -1, 1, -1, 1, -1, 1, 1, 1, -1, 1, 1, -1, -1, 1, 1, -1, 1, 1, 1, -1, 1, 1, -1, 1, -1, 1, 1, -1, 1, -1, -1, 1, 1, 1, 1, 1, 1, 1, -1, 1, -1, 1, 1, -1, 1, 1, 1, 1, -1, -1, 1, 1, 1, -1, 1, 1, 1, 1, 1, -1, 1, 1, -1, -1, -1, -1, -1, 1, -1, -1, -1, -1, 1, -1, 1, 1, 1, -1, 1, -1, 1, -1, 1, 1, -1, -1, 1, 1, -1, 1, 1, 1, -1, 1, 1, 1, 1, 1, -1, -1, -1, 1, -1, -1, -1, 1, 1, -1, -1, -1, -1, 1, -1, -1, 1, -1, 1, 1, -1, -1, -1, -1, -1, -1, 1, -1, 1, 1, -1, -1, -1, 1, -1, -1, -1, -1, 1, 1, -1, -1, -1, -1, -1, -1, 1, -1, 1, 1, -1, -1, 1, 1, 1, -1, 1, 1, 1, 1, -1, -1, -1, -1, 1, -1, 1, 1, 1, -1, -1, -1, 1, -1, 1, -1, 1, 1, 1, -1, -1, -1, 1, -1, 1, -1, 1, -1, 1, -1, -1, -1, 1, -1, -1, -1, -1, 1, 1, -1, 1, -1, -1, 1, 1, -1, -1, -1, 1, -1, 1, 1, -1, 1, 1, 1, -1, 1, -1, -1, 1, -1, 1, 1, 1, 1, 1, -1, -1, -1, 1, -1, -1, 1, 1, 1, -1, 1, 1, -1, 1, -1, -1, 1, 1, 1, 1, 1, -1, 1, -1, -1, 1, 1, 1, 1, -1, 1, -1, -1, 1, -1, 1, 1, 1, 1, -1, 1, -1, 1, 1, -1, 1, 1, 1, 1, -1, 1, -1, -1, 1, -1, 1, 1, 1, 1, 1, -1, 1, -1, 1, 1, 1, 1, -1, -1, 1, -1, -1, 1, 1, 1, -1, 1, -1, 1, 1, 1, -1, -1, -1, 1, -1, 1, 1, 1, 1, -1, 1, -1, 1, -1, 1, -1, -1, -1, 1, 1, -1, 1, 1, -1, -1, -1, 1, 1, 1, -1, -1, 1, -1, -1, -1, 1, 1, 1, 1, 1, 1, -1, 1, -1, 1, -1, 1, -1, 1, 1, 1, -1, 1, -1, -1, -1, 1, 1, 1, 1, 1, -1, 1, 1, -1, -1, 1, -1, 1, -1, 1, 1, -1, 1, -1, 1, 1, 1, 1, 1, 1, -1, 1, 1, -1, 1, 1, -1, -1, 1, 1, -1, -1, 1, 1, -1, 1, 1, -1, 1, 1, 1, -1, 1, -1, -1, 1, 1, 1, 1, 1, 1, -1, 1, -1, 1, 1, 1, -1, 1, 1, 1, -1, 1, -1, -1, -1, 1, -1, 1, 1, 1, 1, 1, -1, 1, 1, -1, -1, 1, 1, -1, -1, -1, -1, 1, 1, -1, -1, 1, 1, -1, 1, 1, -1, -1, -1, 1, -1, 1, 1, 1, -1, 1, -1, 1, -1, -1, -1, 1, -1, -1, 1, -1, -1, -1, 1, -1, 1, 1, 1, 1, 1, -1, 1, -1, 1, -1, 1, 1, -1, 1, 1, 1, -1, 1, 1, -1, 1, -1, 1, 1, 1, -1, -1, 1, -1, -1, -1, 1, -1, 1, -1, 1, -1, 1, -1, -1, 1, 1, 1, 1, 1, -1, 1, -1, 1, -1, 1, -1, 1, 1, -1, 1, -1, 1, -1, -1, -1, 1, -1, 1, -1, 1, 1, -1, 1, -1, 1, -1, -1, 1, -1, 1, -1, 1, 1, -1, 1, -1, 1, 1, 1, 1, -1, 1, -1, -1, -1, -1, 1, 1, -1, 1, -1, 1, 1, -1, 1, -1, -1, 1, -1, 1, -1, 1, -1, 1, 1, -1, 1, 1, -1, 1, -1, 1, -1, 1, 1, -1, 1, 1, -1, -1, 1, 1, 1, -1, -1, -1, -1, 1, 1, -1, -1, 1, 1, -1, 1, -1, -1, 1, -1, 1, 1, 1, 1, -1, 1, -1, -1, 1, -1, 1, -1, 1, 1, -1, 1, -1, -1, 1, -1, -1, -1, 1, 1, -1, 1, -1, 1, -1, -1, 1, 1, 1, -1, -1, 1, -1, -1, -1, -1, 1, -1, 1, 1, -1, -1, 1, -1, 1, 1, 1, 1, 1, -1, -1, 1, -1, 1, -1, 1, -1, 1, 1, -1, 1, -1, 1, -1, 1, -1, 1, -1, 1, -1, 1, -1, 1, -1, -1, -1, 1, -1, -1, 1, -1, -1, 1, -1, 1, -1, 1, 1, -1, 1, -1, -1, 1, 1, -1, -1, 1, -1, 1, 1, -1, 1, 1, -1, 1, 1, 1, -1, -1, -1, -1, -1, 1, 1, -1, -1, 1, 1, 1, 1, -1, 1, 1, -1, -1, -1, 1, -1, 1, -1, 1, -1, 1, 1, 1, -1, 1, 1, -1, 1, -1, -1, 1, 1, -1, 1, 1, -1, -1, 1, -1, 1, 1, -1, -1, -1, 1, 1, -1, 1, -1, 1, 1, -1, 1, 1, 1, -1, 1, -1, 1, -1, 1, -1, 1, 1, 1, -1, 1, 1, -1, 1, 1, 1, -1, 1, 1, -1, -1, 1, -1, 1, 1, 1, 1, 1, -1, -1, 1, -1, -1, 1, 1, 1, -1, 1, 1, -1, -1, -1, -1, 1, 1, -1, -1, 1, -1, 1, -1, 1, -1, -1, 1, -1, 1, 1, -1, 1, -1, 1, 1, -1, 1, 1, -1, 1, -1, -1, 1, -1, -1, 1, 1, -1, -1, 1, -1, 1, -1, -1, 1, 1, 1, -1, 1, 1, -1, -1, 1, 1, -1, 1, 1, -1, -1, -1, 1, -1, 1, -1, -1, -1, -1, -1, 1, 1, -1, -1, 1, 1, -1, 1, 1, -1, -1, -1, -1, 1, -1, 1, 1, 1, 1, -1, -1, -1, -1, 1, 1, -1, -1, 1, -1, -1, 1, 1, -1, -1, 1, -1, 1, -1, -1, -1, -1, -1, -1, 1, -1, 1, -1, 1, -1, -1, 1, -1, -1, -1, 1, 1, 1, 1, -1, -1, -1, -1, -1, 1, 1, 1, 1, 1, -1, 1, -1, -1, 1, -1, 1, 1, -1, -1, -1, -1, 1, -1, -1, 1, 1, 1, 1, -1, -1, 1, -1, -1, -1, -1, 1, 1, -1, 1, -1, -1, 1, 1, -1, 1, 1, 1, -1, 1, -1, 1, -1, -1, 1, 1, -1, 1, -1, 1, -1, 1, -1, 1, 1, -1, 1, 1, -1, 1, -1, -1, -1, -1, 1, 1, 1, -1, 1, -1, -1, -1, 1, -1, 1, -1, 1, -1, 1, -1, -1, 1, -1, 1, 1, -1, 1, -1, 1, 1, -1, -1, 1, -1, 1, 1, 1, -1, 1, -1, -1, -1, 1, 1, 1, 1, 1, -1, -1, -1, -1, -1, 1, 1, 1, -1, 1, -1, 1, 1, -1, -1, 1, 1, -1, 1, 1, -1, -1, 1, -1, -1, -1, 1, 1, 1, 1, -1, -1, -1, -1, 1, -1, 1, -1, -1, 1, -1, -1, -1, 1, -1, 1, 1, -1, -1, 1, -1, -1, -1, 1, 1, 1, 1, 1, -1, 1, -1, -1, -1, 1, -1, 1, -1, -1, 1, 1, 1, -1, -1, 1, -1, 1, -1, -1, 1, -1, 1, -1, 1, -1, -1, 1, 1, -1, -1, -1, -1, -1, 1, -1, 1, 1, -1, 1, -1, 1, -1, -1, 1, -1, 1, 1, -1, -1, 1, 1, -1, -1, 1, 1, 1, 1, 1, 1, -1, 1, 1, -1, 1, 1, -1, 1, -1, -1, -1, 1, -1, -1, 1, 1, 1, 1, -1, -1, -1, 1, -1, -1, 1, 1, 1, 1, -1, -1, -1, 1, 1, -1, 1, 1, 1, 1, -1, -1, -1, 1, 1, -1, 1, 1, 1, 1, 1, -1, 1, -1, 1, -1, 1, -1, 1, 1, -1, -1, 1, -1, 1, -1, 1, 1, 1, 1, -1, -1, -1, -1, 1, -1, -1, 1, 1, 1, 1, 1, -1, 1, -1, -1, 1, 1, 1, 1, -1, -1, 1, 1, -1, -1, 1, 1, 1, 1, 1, -1, 1, -1, -1, -1, 1, -1, 1, 1, -1, 1, -1, 1, 1, -1, 1, 1, -1, 1, 1, -1, 1, -1, 1, -1, 1, 1, 1, 1, -1, -1, 1, -1, 1, -1, 1, 1, -1, 1, -1, -1, 1, -1, 1, -1, 1, 1, 1, 1, -1, -1, 1, -1, -1, 1, 1, 1, -1, 1, -1, -1, 1, 1, 1, -1, 1, 1, 1, 1, 1, -1, 1, -1, 1, -1, 1, 1, -1, 1, 1, 1, 1, 1, -1, 1, -1, 1, -1, 1, 1, -1, 1, -1, 1, -1, 1, 1, -1, 1
BQP_DATA, 2396, 10983, -5173.000000, -6395.000000, -14828.000000, -16050.000000, 4096.002540, 5701, 1556
