Set parameter TSPort to value 51199
Set parameter TokenServer to value "open-license1.lanl.gov"
Set parameter TimeLimit to value 4096
Set parameter Threads to value 1
Gurobi Optimizer version 10.0.3 build v10.0.3rc0 (linux64)

CPU model: Intel(R) Xeon(R) CPU E5-2695 v4 @ 2.10GHz, instruction set [SSE2|AVX|AVX2]
Thread count: 36 physical cores, 72 logical processors, using up to 1 threads

Optimize a model with 0 rows, 2396 columns and 0 nonzeros
Model fingerprint: 0xf0329f31
Model has 11013 quadratic objective terms
Variable types: 0 continuous, 2396 integer (2396 binary)
Coefficient statistics:
  Matrix range     [0e+00, 0e+00]
  Objective range  [2e+00, 3e+01]
  QObjective range [8e+00, 8e+00]
  Bounds range     [1e+00, 1e+00]
  RHS range        [0e+00, 0e+00]
Found heuristic solution: objective 0.0000000
Found heuristic solution: objective -3986.000000
Found heuristic solution: objective -14688.00000
Found heuristic solution: objective -14754.00000
Presolve time: 0.31s
Presolved: 11013 rows, 13409 columns, 33039 nonzeros
Variable types: 0 continuous, 13409 integer (13409 binary)

Root relaxation: objective -2.062300e+04, 3320 iterations, 0.05 seconds (0.02 work units)

    Nodes    |    Current Node    |     Objective Bounds      |     Work
 Expl Unexpl |  Obj  Depth IntInf | Incumbent    BestBd   Gap | It/Node Time

     0     0 -20623.000    0 2396 -14754.000 -20623.000  39.8%     -    0s
     0     0 -19230.000    0 3087 -14754.000 -19230.000  30.3%     -    1s
     0     0 -19052.500    0 3191 -14754.000 -19052.500  29.1%     -    1s
     0     0 -19042.000    0 3192 -14754.000 -19042.000  29.1%     -    1s
     0     0 -18837.333    0 3328 -14754.000 -18837.333  27.7%     -    1s
     0     0 -18837.333    0 3327 -14754.000 -18837.333  27.7%     -    2s
     0     2 -18837.333    0 3316 -14754.000 -18837.333  27.7%     -    3s
   112   114 -18319.333   56 3745 -14754.000 -18826.333  27.6%   125    5s
   446   448 -16996.000  223 4394 -14754.000 -18826.333  27.6%  85.4   10s
   711   713 -16105.000  356 4612 -14754.000 -18826.333  27.6%  76.1   15s
H  837   837                    -14756.00000 -18826.333  27.6%  72.5   17s
   962   964 -15519.000  482 4457 -14756.000 -18826.333  27.6%  69.1   20s
H 1196  1196                    -14760.00000 -18826.333  27.5%  64.6   24s
  1266  1268 -14866.500  637 4047 -14760.000 -18826.333  27.5%  63.1   25s
  1372  1327 -17756.500  124 3708 -14760.000 -18184.500  23.2%  60.1   30s
  1380  1332 -16355.000  317 4280 -14760.000 -17843.875  20.9%  59.8   35s
  1381  1333 -17262.500  187 4822 -14760.000 -17493.531  18.5%  59.8   44s
  1382  1333 -17401.012   26 5013 -14760.000 -17401.012  17.9%  59.7   54s
  1383  1334 -15143.000  557 5039 -14760.000 -17381.026  17.8%  59.7   59s
  1384  1335 -17122.500  207 5143 -14760.000 -17373.842  17.7%  59.6   62s
  1386  1336 -17370.673   93 5328 -14760.000 -17370.673  17.7%  59.5   65s
  1393  1341 -14892.500  627 5679 -14760.000 -17111.414  15.9%  59.2  105s
  1394  1341 -17045.182   97 6125 -14760.000 -17045.182  15.5%  59.2  141s
  1395  1342 -14881.500  632 6305 -14760.000 -17030.444  15.4%  59.2  160s
  1396  1343 -15223.000  541 6491 -14760.000 -17023.674  15.3%  59.1  167s
  1397  1343 -17020.946  152 6560 -14760.000 -17020.946  15.3%  59.1  171s
  1399  1345 -17019.620  103 6618 -14760.000 -17019.620  15.3%  59.0  176s
  1406  1349 -14900.500  624 6992 -14760.000 -16832.412  14.0%  58.7  254s
  1407  1350 -16763.004  138 7535 -14760.000 -16763.004  13.6%  58.7  324s
  1408  1351 -16742.000  261 7769 -14760.000 -16748.081  13.5%  58.6  358s
  1409  1351 -16743.406   48 7828 -14760.000 -16743.406  13.4%  58.6  371s
  1410  1352 -16741.852  175 7895 -14760.000 -16741.852  13.4%  58.5  378s
  1411  1353 -16741.426  231 7925 -14760.000 -16741.426  13.4%  58.5  380s
  1414  1355 -16740.984  212 8074 -14760.000 -16740.984  13.4%  58.4  385s
  1418  1357 -15392.000  504 8681 -14760.000 -16578.071  12.3%  58.2  515s
  1419  1358 -16545.601   15 9151 -14760.000 -16545.601  12.1%  58.2  594s
  1420  1359 -14997.000  599 9207 -14760.000 -16536.088  12.0%  58.1  627s
  1421  1359 -15937.000  388 9297 -14760.000 -16532.942  12.0%  58.1  642s
  1422  1360 -16531.344   63 9302 -14760.000 -16531.344  12.0%  58.0  651s
  1423  1361 -16530.735  130 9345 -14760.000 -16530.735  12.0%  58.0  657s
  1424  1361 -16530.562   73 9402 -14760.000 -16530.562  12.0%  58.0  660s
  1428  1364 -16530.502  153 9461 -14760.000 -16530.502  12.0%  57.8  665s
  1429  1365 -16425.902  292 9832 -14760.000 -16425.902  11.3%  57.7  802s
  1430  1365 -16402.507  215 10135 -14760.000 -16402.507  11.1%  57.7  880s
  1431  1366 -16396.395  262 10217 -14760.000 -16396.395  11.1%  57.7  914s
  1432  1367 -15803.000  419 10214 -14760.000 -16394.717  11.1%  57.6  927s
  1433  1367 -15385.000  505 10300 -14760.000 -16393.995  11.1%  57.6  935s
  1435  1369 -15110.000  564 10344 -14760.000 -16393.694  11.1%  57.5  941s
  1438  1371 -16393.648  207 10357 -14760.000 -16393.648  11.1%  57.4  946s
  1439  1371 -15627.000  462 10395 -14760.000 -16341.262  10.7%  57.3 1057s
  1440  1372 -15060.000  582 10560 -14760.000 -16326.534  10.6%  57.3 1132s
  1441  1373 -16294.000  327 10676 -14760.000 -16324.244  10.6%  57.3 1152s
  1442  1373 -15705.000  448 10716 -14760.000 -16323.666  10.6%  57.2 1160s
  1444  1375 -16323.407  267 10783 -14760.000 -16323.407  10.6%  57.1 1167s
  1446  1376 -16323.357   71 10820 -14760.000 -16323.357  10.6%  57.1 1170s
  1448  1377 -16281.998  170 10791 -14760.000 -16281.998  10.3%  57.0 1289s
  1449  1378 -16273.614  277 10883 -14760.000 -16273.614  10.3%  57.0 1353s
  1450  1379 -15014.000  594 10932 -14760.000 -16272.153  10.2%  56.9 1369s
  1451  1379 -15055.000  584 10992 -14760.000 -16271.351  10.2%  56.9 1383s
  1452  1380 -16271.154  323 11027 -14760.000 -16271.154  10.2%  56.8 1388s
  1453  1381 -15809.000  414 11052 -14760.000 -16271.085  10.2%  56.8 1391s
  1456  1383 -16172.000  346 11073 -14760.000 -16271.049  10.2%  56.7 1397s
  1457  1383 -16186.000  344 10977 -14760.000 -16232.964  10.0%  56.6 1514s
  1458  1384 -15593.000  469 11055 -14760.000 -16224.448  9.92%  56.6 1584s
  1459  1385 -16222.835  250 11083 -14760.000 -16222.835  9.91%  56.6 1608s
  1460  1385 -16222.233  313 11126 -14760.000 -16222.233  9.91%  56.5 1618s
  1461  1386 -14794.000  663 11145 -14760.000 -16221.995  9.91%  56.5 1625s
  1463  1387 -15801.000  419 11172 -14760.000 -16221.885  9.90%  56.4 1632s
  1465  1389 -15073.000  579 11204 -14760.000 -16221.875  9.90%  56.3 1635s
  1466  1389 -16103.000  357 11079 -14760.000 -16193.648  9.71%  56.3 1748s
  1467  1390 -16187.823   51 11225 -14760.000 -16187.823  9.67%  56.3 1807s
  1468  1391 -16186.558  232 11297 -14760.000 -16186.558  9.67%  56.2 1823s
  1469  1391 -16186.244  163 11336 -14760.000 -16186.244  9.66%  56.2 1833s
  1470  1392 -16186.067  239 11379 -14760.000 -16186.067  9.66%  56.1 1839s
  1471  1393 -16186.028  110 11382 -14760.000 -16186.028  9.66%  56.1 1842s
  1472  1393 -16185.912  124 11379 -14760.000 -16185.912  9.66%  56.1 1845s
  1475  1395 -15059.000  583 11399 -14760.000 -16185.875  9.66%  55.9 1852s
  1476  1396 -15527.000  482 11283 -14760.000 -16162.630  9.50%  55.9 1956s
  1477  1397 -16158.258  296 11379 -14760.000 -16158.258  9.47%  55.9 2008s
  1478  1397 -16157.521  164 11406 -14760.000 -16157.521  9.47%  55.8 2025s
  1479  1398 -15020.000  593 11405 -14760.000 -16157.306  9.47%  55.8 2031s
  1480  1399 -16157.198  317 11453 -14760.000 -16157.198  9.47%  55.8 2036s
  1483  1401 -15143.000  557 11465 -14760.000 -16157.151  9.47%  55.6 2041s
  1484  1401 -16137.689  207 11421 -14760.000 -16137.689  9.33%  55.6 2147s
  1485  1402 -15779.000  427 11428 -14760.000 -16133.079  9.30%  55.6 2200s
  1486  1403 -16131.981   93 11507 -14760.000 -16131.981  9.30%  55.5 2224s
  1487  1403 -16131.658   96 11537 -14760.000 -16131.658  9.29%  55.5 2231s
  1488  1404 -16131.573  135 11567 -14760.000 -16131.573  9.29%  55.5 2235s
  1491  1406 -16131.513  276 11612 -14760.000 -16131.513  9.29%  55.3 2240s
  1493  1407 -14892.500  627 11441 -14760.000 -16118.812  9.21%  55.3 2333s
  1494  1408 -16116.074   97 11512 -14760.000 -16116.074  9.19%  55.2 2374s
  1495  1409 -14881.500  632 11564 -14760.000 -16115.589  9.18%  55.2 2384s
  1496  1409 -15223.000  541 11583 -14760.000 -16115.465  9.18%  55.2 2390s
  1499  1411 -16115.400  103 11636 -14760.000 -16115.400  9.18%  55.1 2395s
  1501  1413 -16100.517  237 11532 -14760.000 -16100.517  9.08%  55.0 2498s
  1502  1413 -16097.433  192 11588 -14760.000 -16097.433  9.06%  54.9 2544s
  1503  1414 -15376.000  508 11629 -14760.000 -16096.909  9.06%  54.9 2556s
  1504  1415 -16096.721  198 11637 -14760.000 -16096.721  9.06%  54.9 2564s
  1505  1415 -16096.657  215 11650 -14760.000 -16096.657  9.06%  54.8 2566s
  1508  1417 -16096.619  261 11680 -14760.000 -16096.619  9.06%  54.7 2571s
  1510  1419 -16084.659  175 11589 -14760.000 -16084.659  8.97%  54.6 2663s
  1511  1419 -16082.142  231 11678 -14760.000 -16082.142  8.96%  54.6 2705s
  1512  1420 -16081.581  204 11718 -14760.000 -16081.581  8.95%  54.6 2718s
  1513  1421 -14953.000  610 11748 -14760.000 -16081.417  8.95%  54.5 2723s
  1514  1421 -16081.379  212 11782 -14760.000 -16081.379  8.95%  54.5 2726s
  1518  1424 -15392.000  504 11683 -14760.000 -16072.393  8.89%  54.4 2800s
  1519  1425 -16070.253   15 11711 -14760.000 -16070.253  8.88%  54.3 2831s
  1520  1425 -14997.000  599 11776 -14760.000 -16069.914  8.87%  54.3 2842s
  1521  1426 -15937.000  388 11803 -14760.000 -16069.750  8.87%  54.3 2849s
  1522  1427 -16069.706   63 11812 -14760.000 -16069.706  8.87%  54.2 2852s
  1525  1429 -16069.692  131 11827 -14760.000 -16069.692  8.87%  54.1 2855s
  1526  1429 -16062.084  172 11693 -14760.000 -16062.084  8.82%  54.1 2931s
  1527  1430 -16060.082   37 11766 -14760.000 -16060.082  8.81%  54.0 2963s
  1528  1431 -16059.596  153 11783 -14760.000 -16059.596  8.80%  54.0 2975s
  1530  1432 -16059.449  215 11823 -14760.000 -16059.449  8.80%  53.9 2982s
  1533  1434 -15385.000  505 11743 -14760.000 -16053.693  8.76%  53.8 3044s
  1534  1435 -14932.000  615 11813 -14760.000 -16052.390  8.76%  53.8 3073s
  1535  1435 -15110.000  564 11840 -14760.000 -16052.146  8.75%  53.8 3081s
  1536  1436 -15076.000  573 11871 -14760.000 -16052.060  8.75%  53.7 3087s
  1537  1437 -15359.000  511 11869 -14760.000 -16052.015  8.75%  53.7 3090s
  1541  1439 -16051.980  327 11881 -14760.000 -16051.980  8.75%  53.6 3095s
  1542  1440 -15705.000  448 11797 -14760.000 -16044.581  8.70%  53.5 3175s
  1543  1441 -16042.102  337 11837 -14760.000 -16042.102  8.69%  53.5 3222s
  1544  1441 -16041.621  267 11896 -14760.000 -16041.621  8.68%  53.4 3234s
  1545  1442 -16041.487   23 11919 -14760.000 -16041.487  8.68%  53.4 3242s
  1546  1443 -16041.441   71 11925 -14760.000 -16041.441  8.68%  53.4 3245s
  1549  1445 -16041.026  277 11905 -14760.000 -16041.026  8.68%  53.3 3255s
  1551  1446 -15055.000  584 11931 -14760.000 -16040.925  8.68%  53.2 3260s
  1565  1456 -15073.000  579 2396 -14760.000 -16040.917  8.68%  1463 3265s
  1568  1458 -16040.917  232 4606 -14760.000 -16040.917  8.68%  1460 3274s
  1569  1459 -16040.917  163 5878 -14760.000 -16040.917  8.68%  1459 3303s
  1570  1460 -16040.917  239 7788 -14760.000 -16040.917  8.68%  1458 3390s
  1571  1460 -16040.917  110 9166 -14760.000 -16040.917  8.68%  1457 3524s
  1572  1461 -16040.917  124 11015 -14760.000 -16040.917  8.68%  1456 3735s
  1573  1462 -16040.917  248 11459 -14760.000 -16040.917  8.68%  1455 3933s
  1574  1462 -16040.917  176 11659 -14760.000 -16040.917  8.68%  1454 4046s

Cutting planes:
  Gomory: 82
  MIR: 414
  Flow cover: 4318
  Zero half: 1309
  Mod-K: 63
  RLT: 495
  BQP: 727

Explored 1574 nodes (2936683 simplex iterations) in 4096.03 seconds (5977.03 work units)
Thread count was 1 (of 72 available processors)

Solution count 6: -14760 -14756 -14754 ... 0

Time limit reached
Best objective -1.476000000000e+04, best bound -1.604000000000e+04, gap 8.6721%

User-callback calls 16755, time in user-callback 0.07 sec

BQP_SOLUTION, 2396, 11013, -5150.000000, 4096.026370, -1, 1, 1, -1, 1, 1, 1, -1, -1, 1, 1, 1, 1, -1, 1, 1, -1, -1, 1, -1, 1, 1, 1, -1, 1, 1, 1, -1, 1, 1, -1, 1, 1, -1, 1, 1, -1, 1, -1, 1, -1, 1, 1, -1, 1, 1, -1, 1, -1, 1, -1, 1, 1, 1, -1, 1, -1, -1, -1, -1, -1, -1, 1, 1, -1, 1, 1, -1, -1, 1, 1, -1, 1, -1, -1, 1, 1, -1, 1, -1, -1, -1, 1, 1, -1, 1, 1, -1, 1, 1, 1, -1, 1, 1, -1, 1, 1, -1, -1, -1, 1, -1, -1, 1, 1, 1, -1, -1, 1, 1, -1, -1, -1, 1, -1, 1, 1, -1, 1, -1, -1, 1, 1, -1, 1, -1, -1, 1, -1, 1, -1, -1, 1, -1, 1, 1, -1, 1, -1, 1, -1, -1, 1, -1, -1, 1, -1, -1, 1, 1, -1, -1, 1, -1, 1, -1, -1, 1, -1, 1, -1, -1, 1, 1, -1, -1, 1, 1, -1, 1, 1, -1, -1, 1, 1, 1, 1, -1, -1, -1, 1, -1, 1, -1, -1, -1, 1, 1, -1, 1, -1, -1, -1, -1, 1, 1, -1, 1, -1, 1, -1, -1, 1, 1, -1, -1, 1, -1, 1, -1, 1, -1, -1, 1, -1, 1, 1, -1, 1, -1, -1, -1, -1, 1, -1, -1, 1, 1, -1, -1, -1, -1, -1, 1, -1, -1, 1, 1, -1, 1, -1, -1, 1, 1, 1, -1, 1, -1, 1, -1, -1, -1, 1, -1, -1, -1, 1, -1, 1, -1, -1, -1, 1, -1, -1, 1, 1, -1, 1, -1, -1, -1, 1, -1, -1, 1, 1, -1, 1, 1, -1, 1, 1, 1, 1, 1, 1, -1, 1, 1, -1, -1, -1, 1, -1, 1, 1, -1, -1, 1, -1, -1, -1, 1, -1, -1, 1, -1, 1, 1, -1, 1, 1, -1, 1, 1, 1, -1, -1, 1, -1, 1, 1, 1, -1, 1, -1, -1, 1, -1, -1, 1, 1, 1, 1, 1, 1, -1, 1, 1, -1, 1, 1, 1, 1, 1, 1, -1, 1, -1, -1, 1, -1, 1, 1, 1, -1, -1, 1, -1, 1, 1, -1, 1, 1, -1, 1, -1, 1, -1, 1, 1, 1, 1, 1, 1, -1, 1, 1, 1, 1, 1, -1, 1, -1, 1, -1, 1, 1, -1, 1, 1, 1, 1, 1, 1, -1, 1, 1, 1, 1, 1, 1, 1, -1, 1, -1, 1, -1, 1, -1, 1, 1, 1, -1, 1, -1, 1, 1, 1, 1, 1, -1, 1, -1, 1, -1, 1, 1, -1, 1, 1, -1, 1, 1, 1, 1, 1, 1, 1, -1, 1, 1, 1, 1, 1, 1, -1, 1, 1, 1, -1, 1, 1, 1, 1, 1, -1, 1, 1, 1, -1, 1, -1, -1, 1, 1, 1, 1, 1, -1, 1, -1, 1, 1, 1, 1, 1, 1, 1, -1, 1, 1, -1, 1, 1, 1, 1, 1, 1, -1, 1, 1, 1, 1, 1, 1, -1, 1, 1, -1, -1, 1, 1, 1, 1, 1, 1, 1, 1, -1, 1, 1, -1, 1, -1, 1, 1, 1, 1, -1, 1, 1, -1, 1, -1, 1, 1, 1, 1, -1, 1, 1, 1, -1, 1, 1, -1, 1, 1, -1, -1, -1, 1, 1, -1, 1, 1, 1, 1, 1, -1, 1, 1, 1, -1, -1, 1, 1, 1, -1, -1, 1, 1, 1, -1, 1, 1, 1, 1, 1, -1, -1, 1, 1, -1, -1, 1, 1, 1, -1, -1, 1, 1, -1, -1, 1, 1, 1, 1, -1, -1, -1, 1, 1, -1, -1, 1, 1, 1, -1, -1, 1, 1, -1, -1, -1, 1, 1, 1, -1, -1, 1, 1, 1, -1, -1, 1, 1, -1, -1, 1, -1, 1, -1, 1, -1, 1, 1, -1, 1, -1, -1, 1, -1, -1, 1, 1, -1, -1, -1, 1, -1, 1, -1, 1, 1, 1, 1, -1, -1, 1, -1, 1, 1, 1, 1, -1, 1, -1, -1, 1, -1, 1, 1, -1, 1, -1, -1, 1, 1, 1, -1, -1, -1, 1, 1, 1, 1, 1, 1, -1, 1, -1, 1, -1, 1, 1, -1, -1, -1, 1, -1, -1, 1, -1, 1, 1, -1, 1, -1, 1, -1, -1, -1, -1, 1, 1, -1, 1, -1, -1, 1, -1, 1, -1, 1, 1, -1, 1, -1, 1, -1, -1, -1, 1, 1, -1, -1, -1, -1, 1, -1, 1, -1, 1, 1, 1, -1, -1, 1, -1, 1, -1, 1, 1, 1, 1, -1, 1, -1, 1, -1, 1, -1, 1, 1, 1, 1, 1, -1, 1, 1, 1, 1, -1, 1, 1, 1, 1, -1, 1, -1, -1, 1, -1, 1, 1, 1, 1, 1, 1, 1, 1, -1, -1, 1, 1, 1, 1, -1, -1, -1, 1, -1, -1, 1, 1, 1, 1, 1, -1, 1, -1, -1, 1, -1, 1, 1, 1, -1, -1, 1, -1, -1, 1, 1, 1, 1, 1, -1, 1, 1, -1, -1, -1, -1, 1, 1, 1, 1, 1, -1, -1, -1, -1, 1, 1, 1, 1, 1, 1, -1, 1, -1, 1, 1, 1, 1, 1, 1, 1, 1, -1, -1, 1, 1, 1, -1, 1, 1, 1, 1, -1, -1, -1, -1, 1, 1, -1, 1, -1, 1, -1, 1, -1, 1, 1, 1, -1, 1, 1, 1, -1, 1, -1, 1, 1, 1, -1, 1, 1, -1, -1, 1, -1, 1, 1, 1, -1, 1, 1, -1, 1, 1, -1, 1, -1, 1, -1, 1, 1, 1, -1, 1, -1, -1, 1, 1, -1, 1, 1, -1, 1, -1, -1, -1, -1, 1, -1, 1, -1, -1, -1, -1, -1, -1, 1, 1, -1, -1, 1, 1, -1, -1, -1, 1, -1, 1, -1, 1, 1, 1, -1, 1, 1, -1, -1, 1, -1, 1, 1, -1, 1, 1, 1, -1, 1, 1, -1, 1, 1, 1, -1, 1, 1, -1, 1, -1, 1, -1, 1, 1, 1, 1, 1, -1, -1, 1, -1, 1, 1, -1, -1, 1, -1, -1, 1, 1, -1, 1, -1, 1, 1, 1, 1, 1, -1, 1, -1, 1, -1, -1, -1, 1, -1, 1, -1, 1, 1, 1, -1, -1, -1, -1, 1, 1, -1, 1, -1, 1, 1, -1, -1, 1, 1, 1, -1, -1, 1, 1, -1, 1, -1, 1, 1, 1, -1, -1, 1, -1, 1, -1, -1, 1, 1, 1, -1, 1, -1, 1, 1, -1, -1, -1, -1, 1, 1, 1, 1, -1, 1, -1, 1, -1, -1, 1, 1, 1, 1, 1, -1, 1, -1, -1, -1, 1, -1, -1, 1, 1, -1, -1, -1, 1, 1, 1, -1, -1, 1, 1, -1, -1, 1, 1, -1, 1, -1, -1, 1, 1, -1, -1, -1, 1, -1, 1, -1, -1, 1, 1, -1, -1, -1, -1, 1, -1, -1, -1, 1, 1, 1, -1, 1, -1, 1, -1, 1, -1, -1, -1, -1, -1, 1, -1, 1, -1, -1, -1, -1, 1, 1, -1, 1, 1, 1, -1, -1, -1, -1, -1, 1, -1, -1, -1, 1, -1, -1, -1, 1, 1, -1, -1, -1, 1, -1, -1, 1, -1, 1, 1, 1, -1, -1, 1, 1, -1, 1, -1, 1, -1, 1, -1, -1, -1, 1, -1, -1, 1, 1, 1, -1, 1, 1, -1, -1, 1, 1, 1, 1, -1, -1, -1, -1, -1, 1, -1, 1, 1, -1, 1, -1, 1, 1, -1, -1, -1, 1, 1, 1, 1, -1, 1, -1, -1, -1, 1, 1, 1, 1, 1, -1, 1, -1, -1, -1, 1, -1, -1, 1, -1, -1, -1, 1, -1, 1, 1, 1, 1, 1, -1, -1, -1, 1, -1, -1, -1, 1, 1, 1, -1, -1, 1, -1, 1, -1, 1, -1, 1, 1, -1, -1, 1, 1, -1, -1, 1, 1, 1, 1, 1, -1, 1, -1, 1, -1, 1, 1, 1, 1, -1, -1, 1, 1, -1, 1, 1, 1, 1, -1, -1, 1, 1, 1, 1, 1, 1, 1, 1, 1, -1, 1, 1, -1, 1, -1, 1, 1, 1, 1, -1, 1, 1, 1, 1, 1, -1, 1, 1, 1, -1, 1, 1, 1, 1, -1, 1, 1, 1, -1, 1, 1, 1, -1, 1, -1, 1, 1, 1, -1, -1, 1, 1, -1, 1, -1, -1, 1, 1, 1, 1, 1, -1, 1, 1, -1, -1, 1, 1, -1, 1, 1, 1, -1, 1, -1, 1, -1, 1, 1, 1, 1, 1, -1, 1, 1, -1, -1, 1, 1, -1, 1, 1, 1, 1, 1, 1, -1, 1, 1, -1, 1, 1, 1, -1, -1, 1, -1, 1, 1, -1, 1, -1, 1, -1, 1, -1, -1, 1, 1, 1, 1, 1, 1, -1, 1, -1, 1, 1, -1, 1, 1, 1, -1, 1, -1, 1, 1, 1, 1, -1, 1, -1, 1, -1, -1, 1, -1, 1, -1, -1, 1, -1, -1, -1, -1, 1, -1, -1, -1, 1, 1, -1, -1, -1, 1, -1, 1, 1, -1, 1, -1, 1, -1, -1, -1, -1, 1, -1, -1, 1, 1, -1, -1, 1, 1, -1, -1, -1, -1, 1, -1, 1, -1, -1, -1, -1, -1, 1, -1, -1, -1, -1, -1, -1, -1, -1, -1, -1, -1, 1, 1, -1, -1, -1, -1, -1, -1, -1, -1, -1, -1, -1, 1, -1, -1, -1, -1, -1, 1, -1, 1, -1, -1, 1, -1, -1, 1, -1, -1, 1, 1, -1, -1, -1, 1, 1, 1, 1, -1, 1, 1, -1, -1, -1, 1, -1, -1, -1, 1, 1, 1, -1, 1, -1, -1, -1, 1, -1, -1, -1, 1, -1, 1, 1, -1, 1, -1, 1, -1, 1, -1, -1, -1, 1, 1, 1, -1, 1, 1, -1, 1, -1, -1, -1, 1, 1, -1, -1, -1, -1, 1, -1, 1, -1, -1, 1, 1, -1, 1, -1, 1, 1, -1, 1, 1, -1, 1, -1, -1, -1, 1, 1, -1, 1, -1, 1, -1, -1, 1, -1, 1, 1, -1, 1, 1, 1, 1, 1, -1, -1, 1, 1, 1, -1, 1, 1, 1, 1, -1, -1, 1, 1, 1, -1, 1, -1, 1, 1, -1, -1, -1, 1, 1, -1, 1, 1, 1, -1, -1, -1, 1, -1, -1, 1, 1, 1, 1, 1, -1, -1, 1, 1, -1, 1, 1, -1, 1, -1, 1, -1, -1, 1, 1, 1, 1, 1, 1, -1, -1, -1, 1, 1, -1, 1, 1, 1, -1, 1, -1, -1, 1, -1, 1, 1, 1, -1, -1, 1, -1, -1, 1, 1, -1, 1, 1, 1, 1, -1, -1, -1, 1, -1, -1, 1, 1, -1, 1, -1, -1, -1, -1, 1, -1, -1, 1, -1, 1, 1, -1, -1, -1, 1, -1, 1, 1, -1, -1, 1, -1, 1, 1, -1, -1, 1, 1, 1, -1, 1, -1, 1, -1, 1, -1, 1, 1, -1, 1, 1, -1, -1, -1, 1, 1, 1, 1, -1, 1, 1, -1, -1, -1, 1, 1, 1, 1, 1, -1, 1, 1, -1, -1, 1, -1, -1, 1, -1, 1, -1, 1, 1, 1, 1, 1, 1, 1, -1, 1, 1, -1, 1, -1, 1, -1, 1, -1, -1, 1, -1, 1, -1, 1, 1, 1, 1, 1, -1, 1, -1, -1, 1, -1, 1, -1, 1, -1, -1, -1, -1, 1, 1, 1, 1, 1, -1, -1, 1, -1, -1, -1, 1, 1, -1, 1, 1, -1, -1, 1, -1, -1, -1, 1, -1, 1, 1, 1, -1, 1, -1, -1, -1, 1, 1, 1, 1, 1, -1, 1, -1, -1, -1, -1, 1, 1, -1, 1, -1, -1, -1, -1, -1, 1, 1, 1, -1, 1, -1, -1, -1, -1, -1, 1, 1, -1, 1, 1, 1, -1, 1, -1, 1, 1, 1, -1, 1, 1, 1, -1, -1, -1, 1, 1, 1, -1, -1, -1, -1, -1, -1, -1, -1, 1, -1, -1, 1, 1, 1, -1, -1, -1, 1, -1, 1, 1, -1, 1, -1, 1, -1, -1, 1, -1, 1, -1, -1, -1, 1, -1, 1, -1, -1, -1, -1, -1, 1, -1, 1, -1, -1, -1, 1, 1, 1, -1, -1, 1, 1, 1, 1, -1, 1, -1, 1, 1, -1, 1, -1, 1, -1, 1, -1, 1, 1, -1, -1, 1, 1, 1, 1, 1, -1, 1, -1, 1, -1, -1, 1, 1, 1, -1, -1, -1, -1, 1, -1, -1, 1, -1, 1, -1, 1, -1, 1, 1, -1, 1, 1, -1, -1, 1, 1, -1, -1, -1, 1, -1, 1, 1, 1, -1, 1, -1, 1, 1, 1, -1, 1, 1, 1, -1, 1, -1, 1, 1, -1, -1, 1, 1, -1, -1, 1, -1, -1, 1, -1, -1, -1, -1, 1, -1, -1, -1, -1, 1, 1, -1, -1, -1, 1, 1, -1, -1, -1, 1, -1, 1, -1, 1, 1, -1, -1, -1, -1, 1, 1, -1, 1, -1, 1, 1, -1, -1, -1, 1, -1, -1, 1, -1, 1, 1, -1, -1, -1, 1, -1, 1, -1, -1, 1, 1, -1, -1, -1, 1, -1, 1, 1, -1, 1, 1, -1, -1, -1, -1, -1, 1, 1, 1, -1, -1, -1, -1, -1, -1, -1, 1, -1, 1, 1, -1, -1, -1, -1, -1, -1, 1, -1, 1, 1, -1, -1, -1, 1, 1, 1, 1, 1, -1, 1, 1, -1, 1, -1, 1, -1, 1, 1, 1, 1, 1, -1, 1, -1, 1, -1, 1, 1, 1, -1, -1, -1, 1, -1, 1, -1, 1, -1, 1, 1, -1, -1, 1, -1, 1, -1, 1, 1, 1, -1, -1, -1, 1, -1, -1, -1, -1, 1, 1, -1, -1, -1, -1, -1, -1, 1, -1, -1, 1, -1, -1, 1, 1, -1, -1, 1, 1, 1, 1, -1, -1, -1, -1, -1, -1, 1, -1, 1, -1, -1, -1, -1, -1, 1, -1, 1, 1, 1, -1, -1, -1, -1, 1, -1, 1, 1, 1, -1, 1, -1, -1, -1, 1, -1, 1, 1, 1, -1, 1, -1, -1, -1, 1, -1, 1, 1, -1, 1, -1, -1, -1, -1, 1, -1, 1, -1, 1, -1, -1, -1, -1, -1, 1, -1, -1, 1, -1, -1, 1, -1, 1, -1, 1, -1, -1, 1, 1, -1, 1, 1, -1, -1, -1, -1, -1, 1, 1, 1, -1, -1, -1, -1, -1, -1, 1, 1, 1, -1, -1, -1, 1, -1, 1, -1, 1, -1, 1, 1, -1, 1, -1, 1, -1, 1, -1, 1, 1, -1, 1, 1, 1, 1, 1, 1, 1, -1, 1, 1, -1, 1, -1, 1, 1, 1, -1, -1, 1
BQP_DATA, 2396, 11013, -5150.000000, -6430.000000, -14760.000000, -16040.000000, 4096.026370, 6186, 1574
