Set parameter TSPort to value 51199
Set parameter TokenServer to value "open-license1.lanl.gov"
Set parameter TimeLimit to value 2048
Set parameter Threads to value 1
Gurobi Optimizer version 10.0.3 build v10.0.3rc0 (linux64)

CPU model: Intel(R) Xeon(R) CPU E5-2695 v4 @ 2.10GHz, instruction set [SSE2|AVX|AVX2]
Thread count: 36 physical cores, 72 logical processors, using up to 1 threads

Optimize a model with 0 rows, 215 columns and 0 nonzeros
Model fingerprint: 0xf67e3503
Model has 868 quadratic objective terms
Variable types: 0 continuous, 215 integer (215 binary)
Coefficient statistics:
  Matrix range     [0e+00, 0e+00]
  Objective range  [2e+00, 3e+01]
  QObjective range [8e+00, 8e+00]
  Bounds range     [1e+00, 1e+00]
  RHS range        [0e+00, 0e+00]
Found heuristic solution: objective 0.0000000
Found heuristic solution: objective -386.0000000
Found heuristic solution: objective -1230.000000
Found heuristic solution: objective -1248.000000
Presolve removed 0 rows and 1 columns
Presolve time: 0.26s
Presolved: 867 rows, 1081 columns, 2601 nonzeros
Variable types: 0 continuous, 1081 integer (1081 binary)

Root relaxation: objective -1.641000e+03, 266 iterations, 0.00 seconds (0.00 work units)

    Nodes    |    Current Node    |     Objective Bounds      |     Work
 Expl Unexpl |  Obj  Depth IntInf | Incumbent    BestBd   Gap | It/Node Time

     0     0 -1641.0000    0  214 -1248.0000 -1641.0000  31.5%     -    0s
     0     0 -1469.0000    0  306 -1248.0000 -1469.0000  17.7%     -    0s
     0     0 -1469.0000    0  308 -1248.0000 -1469.0000  17.7%     -    0s
     0     0 -1438.8333    0  348 -1248.0000 -1438.8333  15.3%     -    0s
     0     0 -1438.8333    0  345 -1248.0000 -1438.8333  15.3%     -    0s
     0     2 -1438.6667    0  340 -1248.0000 -1438.6667  15.3%     -    0s
   556   485 -1319.0000   15  873 -1248.0000 -1328.3906  6.44%  83.8    5s
   604   519 -1293.6116   17  819 -1248.0000 -1300.1979  4.18%   128   10s
   699   556 -1290.6894   16  830 -1248.0000 -1298.1455  4.02%   175   15s
   781   592 -1266.5743   25  679 -1248.0000 -1295.4668  3.80%   213   20s
   899   618 -1286.3614   18  834 -1248.0000 -1292.6438  3.58%   235   25s
   990   646 -1273.5499   21  777 -1248.0000 -1290.9020  3.44%   256   30s
  1103   661 -1286.6642   17  841 -1248.0000 -1289.4559  3.32%   267   35s
  1223   687 -1255.6212   31  671 -1248.0000 -1288.8574  3.27%   275   40s
  1338   713 -1277.6081   21  752 -1248.0000 -1287.4678  3.16%   283   45s
  1476   717 -1270.8012   22  772 -1248.0000 -1286.7160  3.10%   285   50s
  1595   741 -1261.8917   27  708 -1248.0000 -1286.0869  3.05%   290   55s
  1717   767 -1251.5026   31  633 -1248.0000 -1285.3276  2.99%   294   60s
  1839   785 -1273.5691   21  800 -1248.0000 -1284.2390  2.90%   296   65s
  1960   802 -1279.6370   19  814 -1248.0000 -1283.6312  2.86%   298   70s
  2097   794 -1253.2537   31  644 -1248.0000 -1283.5288  2.85%   298   75s
  2211   833 -1268.7272   23  760 -1248.0000 -1283.0063  2.80%   299   80s
  2312   880 -1270.5882   23  776 -1248.0000 -1282.8986  2.80%   301   85s
  2438   925 -1252.4725   29  670 -1248.0000 -1282.0435  2.73%   302   90s
  2558   966 -1274.5616   21  815 -1248.0000 -1281.8282  2.71%   303   95s
  2654  1009 -1257.6419   26  717 -1248.0000 -1281.6311  2.69%   305  100s
  2765  1063 -1270.3552   21  777 -1248.0000 -1281.3143  2.67%   305  105s
  2875  1104 -1277.1176   22  785 -1248.0000 -1281.1551  2.66%   305  110s
  2970  1164 -1259.6931   25  745 -1248.0000 -1281.0071  2.64%   308  115s
  3109  1171 -1266.5445   23  749 -1248.0000 -1280.7348  2.62%   305  120s
  3207  1209 -1260.4955   27  694 -1248.0000 -1280.5731  2.61%   307  125s
  3316  1254 infeasible   35      -1248.0000 -1280.1039  2.57%   307  130s
  3432  1318 -1263.4065   26  720 -1248.0000 -1279.9206  2.56%   308  135s
  3563  1364 -1259.6413   25  734 -1248.0000 -1279.7215  2.54%   308  140s
  3673  1419 -1256.6381   26  708 -1248.0000 -1279.6317  2.53%   309  145s
  3779  1465 -1265.6425   24  734 -1248.0000 -1279.3129  2.51%   310  150s
H 3829  1448                    -1250.000000 -1279.1737  2.33%   310  152s
  3910  1478 -1256.3649   29  691 -1250.0000 -1279.0577  2.32%   310  155s
  4034  1509 -1253.2603   27  699 -1250.0000 -1278.8820  2.31%   309  160s
  4151  1540 -1270.8630   22  762 -1250.0000 -1278.6575  2.29%   310  165s
  4263  1581 -1273.6418   22  763 -1250.0000 -1278.5389  2.28%   311  170s
  4386  1631 -1254.1012   31  696 -1250.0000 -1278.3352  2.27%   311  175s
  4504  1660 -1268.9522   23  752 -1250.0000 -1278.1984  2.26%   311  180s
  4622  1704 -1272.1680   21  795 -1250.0000 -1277.9056  2.23%   311  185s
  4746  1749 -1258.2698   27  703 -1250.0000 -1277.7314  2.22%   311  190s
  4880  1773 -1271.1461   22  785 -1250.0000 -1277.6512  2.21%   311  195s
  4993  1817 -1273.3446   20  815 -1250.0000 -1277.3103  2.18%   311  200s
  5112  1856 -1253.6624   28  691 -1250.0000 -1276.9916  2.16%   311  205s
  5237  1898 -1252.1845   29  703 -1250.0000 -1276.6736  2.13%   311  210s
  5358  1921 -1252.6998   27  720 -1250.0000 -1276.5550  2.12%   311  215s
  5491  1965 -1252.4961   28  657 -1250.0000 -1276.4204  2.11%   310  220s
  5604  2010 -1261.7952   25  732 -1250.0000 -1276.2879  2.10%   311  225s
  5744  2027     cutoff   28      -1250.0000 -1276.2081  2.10%   310  230s
  5881  2078 -1255.7688   27  714 -1250.0000 -1275.9080  2.07%   310  235s
  6000  2115 -1265.5110   23  756 -1250.0000 -1275.7031  2.06%   310  240s
  6119  2167 -1262.0081   25  692 -1250.0000 -1275.5578  2.04%   310  245s
  6271  2196 -1267.2224   22  775 -1250.0000 -1275.4168  2.03%   309  250s
  6390  2233 -1262.5272   25  715 -1250.0000 -1275.2364  2.02%   309  255s
  6512  2269 -1254.8631   28  669 -1250.0000 -1275.1401  2.01%   308  260s
  6650  2292 -1262.5753   24  727 -1250.0000 -1275.0258  2.00%   308  265s
  6791  2328 -1269.4939   23  762 -1250.0000 -1274.8755  1.99%   307  270s
  6909  2355 -1267.8292   21  803 -1250.0000 -1274.6734  1.97%   307  275s
  7043  2388 -1269.2251   22  807 -1250.0000 -1274.5564  1.96%   307  280s
  7170  2430 -1266.6939   23  747 -1250.0000 -1274.4978  1.96%   307  285s
  7301  2471 -1265.6561   22  765 -1250.0000 -1274.4283  1.95%   306  290s
  7430  2501 -1266.7967   21  794 -1250.0000 -1274.2997  1.94%   307  295s
  7550  2535 -1260.9238   26  729 -1250.0000 -1274.1886  1.94%   307  300s
  7683  2574 -1269.7809   21  806 -1250.0000 -1274.0226  1.92%   307  305s
  7802  2609 -1253.0312   29  678 -1250.0000 -1273.9436  1.92%   307  310s
  7945  2628 -1263.3088   25  730 -1250.0000 -1273.8179  1.91%   306  315s
  8068  2670 -1263.3878   24  733 -1250.0000 -1273.6207  1.89%   306  320s
  8202  2696     cutoff   26      -1250.0000 -1273.5129  1.88%   306  325s
  8331  2741 -1252.0741   29  702 -1250.0000 -1273.3548  1.87%   306  330s
  8466  2780 -1253.0833   26  728 -1250.0000 -1273.2757  1.86%   305  335s
  8604  2809 -1266.9057   23  791 -1250.0000 -1273.0876  1.85%   305  340s
  8729  2854 -1254.0324   30  660 -1250.0000 -1273.0356  1.84%   305  345s
  8857  2889 -1260.0475   26  719 -1250.0000 -1272.9675  1.84%   305  350s
  9007  2920 -1266.0814   22  790 -1250.0000 -1272.8484  1.83%   304  355s
  9155  2964 -1263.4450   27  684 -1250.0000 -1272.7461  1.82%   304  360s
  9278  2999 -1259.9598   27  730 -1250.0000 -1272.6503  1.81%   303  365s
  9430  3020 -1255.5331   27  712 -1250.0000 -1272.5706  1.81%   303  370s
  9558  3048 -1260.3657   24  741 -1250.0000 -1272.4501  1.80%   303  375s
  9684  3078 -1263.0002   24  740 -1250.0000 -1272.3867  1.79%   303  380s
  9837  3095 -1253.7573   27  725 -1250.0000 -1272.2816  1.78%   302  385s
  9953  3127 -1255.5466   27  719 -1250.0000 -1272.2430  1.78%   302  390s
 10081  3153 -1254.0800   27  727 -1250.0000 -1272.1194  1.77%   302  395s

Cutting planes:
  Gomory: 26
  MIR: 57
  Flow cover: 16
  Zero half: 538
  Mod-K: 1
  RLT: 37
  BQP: 53

Explored 10202 nodes (3074974 simplex iterations) in 444.82 seconds (423.71 work units)
Thread count was 1 (of 72 available processors)

Solution count 5: -1250 -1248 -1230 ... 0
No other solutions better than -1250

Optimal solution found (tolerance 1.00e-04)
Best objective -1.250000000000e+03, best bound -1.250000000000e+03, gap 0.0000%

User-callback calls 77199, time in user-callback 0.35 sec

BQP_SOLUTION, 215, 868, -477.000000, 444.824539, 1, 1, 1, -1, 1, 1, -1, 1, -1, 1, 1, -1, 1, -1, -1, -1, 1, -1, 1, 1, -1, 1, 1, -1, 1, 1, -1, 1, 1, -1, 1, -1, 1, 1, 1, -1, 1, 1, -1, 1, 1, -1, 1, -1, 1, 1, 1, -1, 1, 1, -1, 1, 1, -1, 1, -1, 1, 1, 1, 1, -1, 1, -1, -1, 1, 1, -1, 1, 1, -1, 1, 1, -1, 1, -1, 1, 1, 1, -1, 1, 1, -1, 1, -1, -1, 1, 1, 1, 1, 1, -1, -1, 1, -1, 1, -1, -1, 1, -1, -1, 1, -1, -1, 1, -1, 1, -1, -1, 1, 1, -1, 1, 1, -1, 1, 1, -1, 1, 1, -1, 1, 1, 1, -1, 1, 1, -1, -1, 1, -1, -1, 1, -1, -1, 1, -1, 1, -1, -1, 1, 1, -1, -1, -1, -1, 1, -1, 1, 1, 1, -1, 1, -1, -1, 1, -1, -1, 1, -1, 1, 1, -1, 1, -1, 1, -1, -1, -1, -1, 1, -1, -1, -1, 1, -1, -1, 1, 1, -1, 1, -1, 1, 1, -1, 1, 1, 1, -1, 1, -1, 1, 1, -1, 1, 1, 1, -1, 1, -1, -1, 1, 1, -1, 1, 1, -1, 1, -1, 1, 1, -1, 1, -1, 1, -1
BQP_DATA, 215, 868, -477.000000, -477.000000, -1250.000000, -1250.000000, 444.824539, 638, 10202
