Set parameter TSPort to value 51199
Set parameter TokenServer to value "open-license1.lanl.gov"
Set parameter TimeLimit to value 2048
Set parameter Threads to value 1
Gurobi Optimizer version 10.0.3 build v10.0.3rc0 (linux64)

CPU model: Intel(R) Xeon(R) CPU E5-2695 v4 @ 2.10GHz, instruction set [SSE2|AVX|AVX2]
Thread count: 36 physical cores, 72 logical processors, using up to 1 threads

Optimize a model with 0 rows, 214 columns and 0 nonzeros
Model fingerprint: 0x22e808de
Model has 834 quadratic objective terms
Variable types: 0 continuous, 214 integer (214 binary)
Coefficient statistics:
  Matrix range     [0e+00, 0e+00]
  Objective range  [2e+00, 3e+01]
  QObjective range [8e+00, 8e+00]
  Bounds range     [1e+00, 1e+00]
  RHS range        [0e+00, 0e+00]
Found heuristic solution: objective 0.0000000
Found heuristic solution: objective -358.0000000
Found heuristic solution: objective -1190.000000
Found heuristic solution: objective -1196.000000
Presolve removed 0 rows and 1 columns
Presolve time: 0.24s
Presolved: 833 rows, 1046 columns, 2499 nonzeros
Variable types: 0 continuous, 1046 integer (1046 binary)

Root relaxation: objective -1.571000e+03, 279 iterations, 0.00 seconds (0.00 work units)

    Nodes    |    Current Node    |     Objective Bounds      |     Work
 Expl Unexpl |  Obj  Depth IntInf | Incumbent    BestBd   Gap | It/Node Time

     0     0 -1571.0000    0  213 -1196.0000 -1571.0000  31.4%     -    0s
     0     0 -1400.0000    0  301 -1196.0000 -1400.0000  17.1%     -    0s
     0     0 -1398.0000    0  302 -1196.0000 -1398.0000  16.9%     -    0s
     0     0 -1365.0000    0  339 -1196.0000 -1365.0000  14.1%     -    0s
     0     0 -1365.0000    0  334 -1196.0000 -1365.0000  14.1%     -    0s
     0     2 -1365.0000    0  331 -1196.0000 -1365.0000  14.1%     -    0s
   568   495 -1251.3958   18  844 -1196.0000 -1251.3958  4.63%  67.7    5s
   635   541 -1233.2258   13  880 -1196.0000 -1233.2258  3.11%  97.4   10s
   707   583 -1220.9738   34  793 -1196.0000 -1228.9427  2.75%   152   15s
   792   618 -1212.9292   35  735 -1196.0000 -1226.8251  2.58%   188   20s
   893   661 -1204.1417   47  616 -1196.0000 -1226.5559  2.55%   217   25s
*  911   619              54    -1198.000000 -1226.5559  2.38%   216   25s
  1042   638 -1213.8176   37  735 -1198.0000 -1223.8846  2.16%   229   30s
  1168   648 -1212.3621   37  742 -1198.0000 -1221.1152  1.93%   241   35s
  1307   666 -1201.8894   43  695 -1198.0000 -1220.5532  1.88%   248   40s
  1437   646 -1214.7170   36  759 -1198.0000 -1219.4465  1.79%   254   45s
  1571   659 -1200.6990   43  728 -1198.0000 -1218.7499  1.73%   260   50s
  1698   663 -1212.0464   35  792 -1198.0000 -1218.3179  1.70%   266   55s
  1807   663 -1202.0796   40  723 -1198.0000 -1218.2611  1.69%   273   60s
  1940   664 -1201.4531   45  657 -1198.0000 -1217.8889  1.66%   276   65s
  2073   666 -1212.5892   36  765 -1198.0000 -1217.3648  1.62%   278   70s
  2220   655 -1209.6580   37  743 -1198.0000 -1216.9669  1.58%   279   75s
  2354   690 infeasible   41      -1198.0000 -1216.4639  1.54%   280   80s
  2480   719 -1212.3255   36  773 -1198.0000 -1216.1417  1.51%   282   85s
  2599   754 -1208.3526   36  775 -1198.0000 -1215.8276  1.49%   284   90s
  2721   770 -1204.4256   42  702 -1198.0000 -1215.6336  1.47%   285   95s
  2837   798 -1209.7094   37  741 -1198.0000 -1215.4409  1.46%   287  100s
  2957   826     cutoff   42      -1198.0000 -1215.1464  1.43%   288  105s
  3076   851 -1207.2318   38  717 -1198.0000 -1214.9734  1.42%   288  110s
  3189   874 -1210.8074   37  784 -1198.0000 -1214.9256  1.41%   288  115s
  3299   897 -1203.4804   39  720 -1198.0000 -1214.8591  1.41%   289  120s
  3427   915 -1210.5712   37  768 -1198.0000 -1214.5912  1.38%   290  125s
  3547   942 -1209.2180   36  781 -1198.0000 -1214.4487  1.37%   290  130s
  3667   974 -1205.7131   37  748 -1198.0000 -1214.2653  1.36%   290  135s
  3788   989 -1203.6548   39  700 -1198.0000 -1214.1003  1.34%   291  140s
  3919  1022 -1201.9601   40  670 -1198.0000 -1214.0200  1.34%   291  145s
  4043  1047 -1207.9077   38  753 -1198.0000 -1213.7982  1.32%   291  150s
  4173  1082 -1203.5692   39  726 -1198.0000 -1213.6156  1.30%   291  155s
  4321  1110     cutoff   40      -1198.0000 -1213.3811  1.28%   290  160s
  4446  1116 -1208.0085   36  774 -1198.0000 -1213.2175  1.27%   291  165s
  4577  1141     cutoff   46      -1198.0000 -1213.0977  1.26%   291  170s
  4708  1157 -1207.6172   37  734 -1198.0000 -1212.9415  1.25%   291  175s
  4833  1178 -1203.8794   40  711 -1198.0000 -1212.7933  1.23%   291  180s
  4965  1201 -1206.4573   37  740 -1198.0000 -1212.6807  1.23%   291  185s
  5103  1213 -1201.4194   40  724 -1198.0000 -1212.5881  1.22%   291  190s
  5236  1224 -1209.8635   37  756 -1198.0000 -1212.3901  1.20%   291  195s
  5360  1241 -1200.5347   40  707 -1198.0000 -1212.3002  1.19%   291  200s
  5504  1257 -1208.2535   38  738 -1198.0000 -1212.1430  1.18%   291  205s
  5657  1270 -1203.5519   41  654 -1198.0000 -1212.0467  1.17%   290  210s
  5800  1280 -1200.5574   41  699 -1198.0000 -1211.8510  1.16%   290  215s
  5927  1290 -1208.0958   36  763 -1198.0000 -1211.6024  1.14%   290  220s
  6065  1295 -1201.0305   42  684 -1198.0000 -1211.5290  1.13%   290  225s
  6201  1315 -1200.0916   40  705 -1198.0000 -1211.4047  1.12%   290  230s
  6345  1326 -1202.0410   42  685 -1198.0000 -1211.3514  1.11%   289  235s
  6482  1342 -1203.0974   48  619 -1198.0000 -1211.1909  1.10%   289  240s
  6634  1355 -1202.7320   41  701 -1198.0000 -1211.0544  1.09%   289  245s
  6760  1369 -1202.1589   44  696 -1198.0000 -1210.9846  1.08%   289  250s
  6912  1383 -1202.3069   40  716 -1198.0000 -1210.9124  1.08%   288  255s
  7057  1399 -1200.6071   42  674 -1198.0000 -1210.8285  1.07%   288  260s
  7209  1409 -1201.9754   39  721 -1198.0000 -1210.7341  1.06%   287  265s
  7341  1419 -1207.5402   38  768 -1198.0000 -1210.6218  1.05%   287  270s
  7483  1422 -1206.3884   37  751 -1198.0000 -1210.5161  1.04%   287  275s
  7603  1426 -1200.0549   40  692 -1198.0000 -1210.4134  1.04%   288  280s
  7741  1418 -1204.9606   40  732 -1198.0000 -1210.3427  1.03%   288  285s
  7869  1420 -1206.1736   37  765 -1198.0000 -1210.2713  1.02%   288  290s
  8007  1414 -1206.6815   39  755 -1198.0000 -1210.2205  1.02%   288  295s
  8156  1422 -1201.9943   42  695 -1198.0000 -1210.0527  1.01%   287  300s
  8306  1420 -1204.8964   40  734 -1198.0000 -1209.9004  0.99%   287  305s
  8437  1423 -1201.1003   40  731 -1198.0000 -1209.8092  0.99%   287  310s
  8593  1430 -1204.8286   39  740 -1198.0000 -1209.6980  0.98%   286  315s
  8735  1432     cutoff   40      -1198.0000 -1209.6026  0.97%   286  320s
  8869  1427     cutoff   44      -1198.0000 -1209.5116  0.96%   286  325s
  9010  1422     cutoff   39      -1198.0000 -1209.4585  0.96%   286  330s
  9163  1427     cutoff   40      -1198.0000 -1209.3722  0.95%   286  335s
  9315  1426 -1202.2147   40  701 -1198.0000 -1209.2994  0.94%   285  340s
  9455  1421 -1202.0855   41  741 -1198.0000 -1209.2135  0.94%   285  345s
  9598  1412 -1206.9182   38  731 -1198.0000 -1209.1285  0.93%   285  350s
  9746  1417 -1200.7349   43  682 -1198.0000 -1209.0681  0.92%   284  355s
  9895  1408 -1202.0700   40  698 -1198.0000 -1208.9430  0.91%   284  360s
 10034  1401     cutoff   40      -1198.0000 -1208.8437  0.91%   284  365s
 10187  1403 -1206.1430   43  703 -1198.0000 -1208.7544  0.90%   284  370s
 10340  1396 -1201.9996   39  715 -1198.0000 -1208.6756  0.89%   284  375s
 10509  1393 -1200.5185   41  693 -1198.0000 -1208.5855  0.88%   283  380s
 10664  1383 -1203.7624   38  748 -1198.0000 -1208.5161  0.88%   283  385s
 10827  1370     cutoff   42      -1198.0000 -1208.4079  0.87%   282  390s
 10987  1359 -1204.5703   38  749 -1198.0000 -1208.2872  0.86%   282  395s
 11142  1342     cutoff   38      -1198.0000 -1208.2093  0.85%   282  400s
 11301  1329 -1204.3027   40  719 -1198.0000 -1208.1446  0.85%   282  405s
 11477  1320     cutoff   40      -1198.0000 -1208.0500  0.84%   282  410s
 11644  1309 -1200.7047   41  699 -1198.0000 -1207.9711  0.83%   281  415s
 11807  1287     cutoff   41      -1198.0000 -1207.8805  0.82%   281  420s
 11980  1272 -1205.7101   38  765 -1198.0000 -1207.7374  0.81%   281  425s
 12139  1256 -1204.6803   37  756 -1198.0000 -1207.6432  0.80%   281  430s
 12314  1233     cutoff   41      -1198.0000 -1207.5281  0.80%   280  435s
 12503  1232 -1204.3515   38  755 -1198.0000 -1207.3925  0.78%   280  440s
 12679  1215     cutoff   40      -1198.0000 -1207.2960  0.78%   279  445s
 12843  1198 -1202.9052   39  719 -1198.0000 -1207.1602  0.76%   279  450s
 13002  1173 -1202.5378   38  749 -1198.0000 -1207.0048  0.75%   279  455s
 13163  1147 -1201.4514   42  683 -1198.0000 -1206.9064  0.74%   279  460s
 13324  1126 -1201.6571   40  734 -1198.0000 -1206.7941  0.73%   278  465s
 13391  1117 -1202.3268   41  695 -1198.0000 -1206.7412  0.73%   278  470s
 13563  1088 -1203.5326   38  733 -1198.0000 -1206.6582  0.72%   278  475s
 13721  1063 -1201.9406   39  727 -1198.0000 -1206.4915  0.71%   278  480s
 13879  1032 -1201.4266   39  740 -1198.0000 -1206.3327  0.70%   277  485s
 14044  1001 -1200.5277   40  718 -1198.0000 -1206.1989  0.68%   277  490s
 14209   962 -1201.3799   44  663 -1198.0000 -1206.0624  0.67%   277  495s
 14397   926     cutoff   39      -1198.0000 -1205.9039  0.66%   276  500s
 14562   885 -1202.9607   38  722 -1198.0000 -1205.7291  0.65%   276  505s
 14734   839 -1200.2236   47  647 -1198.0000 -1205.5032  0.63%   276  510s
 14908   794     cutoff   40      -1198.0000 -1205.2942  0.61%   275  515s
 15084   756 -1200.9103   40  707 -1198.0000 -1205.0973  0.59%   275  520s
 15272   709     cutoff   41      -1198.0000 -1204.7799  0.57%   274  525s
 15471   659 -1201.0890   44  687 -1198.0000 -1204.5433  0.55%   274  530s
 15657   591     cutoff   41      -1198.0000 -1204.2342  0.52%   273  535s
 15879   515     cutoff   45      -1198.0000 -1203.7499  0.48%   272  540s
 16087   428 -1202.2902   44  689 -1198.0000 -1203.2928  0.44%   271  545s
 16323   303 -1200.2669   39  711 -1198.0000 -1202.5665  0.38%   270  550s

Cutting planes:
  Gomory: 27
  MIR: 45
  Flow cover: 18
  Zero half: 413
  RLT: 38
  BQP: 53

Explored 16669 nodes (4445451 simplex iterations) in 554.45 seconds (523.31 work units)
Thread count was 1 (of 72 available processors)

Solution count 5: -1198 -1196 -1190 ... 0
No other solutions better than -1198

Optimal solution found (tolerance 1.00e-04)
Best objective -1.198000000000e+03, best bound -1.198000000000e+03, gap 0.0000%

User-callback calls 91849, time in user-callback 0.40 sec

BQP_SOLUTION, 214, 834, -461.000000, 554.449212, -1, 1, -1, 1, -1, 1, 1, -1, -1, 1, -1, -1, 1, -1, 1, 1, -1, -1, 1, -1, -1, 1, -1, -1, 1, -1, -1, 1, 1, -1, 1, 1, -1, -1, 1, -1, 1, -1, -1, 1, 1, -1, 1, -1, -1, 1, 1, -1, -1, 1, -1, 1, 1, 1, -1, 1, 1, 1, 1, 1, 1, 1, 1, -1, 1, 1, 1, 1, 1, -1, 1, 1, 1, 1, -1, -1, 1, 1, -1, -1, -1, -1, -1, 1, 1, -1, 1, -1, -1, 1, -1, -1, -1, -1, -1, 1, 1, -1, 1, -1, -1, 1, -1, -1, -1, -1, -1, 1, -1, 1, -1, -1, 1, -1, 1, 1, -1, 1, -1, -1, 1, 1, -1, 1, 1, -1, -1, 1, -1, 1, 1, -1, -1, 1, -1, -1, -1, 1, -1, 1, 1, -1, 1, 1, -1, 1, -1, -1, 1, 1, 1, 1, 1, -1, 1, 1, 1, 1, 1, -1, 1, 1, -1, 1, 1, -1, 1, 1, -1, 1, 1, -1, 1, 1, 1, -1, 1, -1, -1, 1, -1, 1, 1, -1, 1, 1, -1, 1, 1, -1, 1, 1, -1, 1, 1, -1, -1, 1, 1, -1, 1, -1, 1, 1, 1, -1, 1, -1, 1, 1, 1, 1, 1, 1
BQP_DATA, 214, 834, -461.000000, -461.000000, -1198.000000, -1198.000000, 554.449212, 503, 16669
