Set parameter TSPort to value 51199
Set parameter TokenServer to value "open-license1.lanl.gov"
Set parameter TimeLimit to value 512
Set parameter Threads to value 1
Gurobi Optimizer version 10.0.3 build v10.0.3rc0 (linux64)

CPU model: Intel(R) Xeon(R) CPU E5-2695 v4 @ 2.10GHz, instruction set [SSE2|AVX|AVX2]
Thread count: 36 physical cores, 72 logical processors, using up to 1 threads

Optimize a model with 0 rows, 598 columns and 0 nonzeros
Model fingerprint: 0x62fbdb77
Model has 2597 quadratic objective terms
Variable types: 0 continuous, 598 integer (598 binary)
Coefficient statistics:
  Matrix range     [0e+00, 0e+00]
  Objective range  [2e+00, 3e+01]
  QObjective range [8e+00, 8e+00]
  Bounds range     [1e+00, 1e+00]
  RHS range        [0e+00, 0e+00]
Found heuristic solution: objective 0.0000000
Found heuristic solution: objective -1022.000000
Found heuristic solution: objective -3604.000000
Found heuristic solution: objective -3632.000000
Presolve time: 0.24s
Presolved: 2597 rows, 3195 columns, 7791 nonzeros
Variable types: 0 continuous, 3195 integer (3195 binary)

Root relaxation: objective -4.917000e+03, 727 iterations, 0.02 seconds (0.01 work units)

    Nodes    |    Current Node    |     Objective Bounds      |     Work
 Expl Unexpl |  Obj  Depth IntInf | Incumbent    BestBd   Gap | It/Node Time

     0     0 -4917.0000    0  598 -3632.0000 -4917.0000  35.4%     -    0s
     0     0 -4511.5000    0  809 -3632.0000 -4511.5000  24.2%     -    0s
     0     0 -4511.5000    0  809 -3632.0000 -4511.5000  24.2%     -    0s
     0     0 -4419.5000    0  865 -3632.0000 -4419.5000  21.7%     -    0s
     0     0 -4419.5000    0  861 -3632.0000 -4419.5000  21.7%     -    1s
     0     2 -4419.5000    0  857 -3632.0000 -4419.5000  21.7%     -    1s
   439   422 -3822.3571   82 1178 -3632.0000 -4406.0000  21.3%   101    5s
   530   506 -3652.5000  129 1671 -3632.0000 -4051.9061  11.6%  98.0   11s
   540   512 -3998.7279   48 1953 -3632.0000 -3998.7279  10.1%  96.2   15s
   549   518 -3690.5000  113 2271 -3632.0000 -3951.6165  8.80%  94.6   22s
   555   522 -3725.5000  112 2434 -3632.0000 -3945.3442  8.63%  93.6   25s
   557   524 -3916.7201   39 2603 -3632.0000 -3916.7201  7.84%  93.3   30s
   563   528 -3901.6929   44 2654 -3632.0000 -3901.6929  7.43%  92.3   36s
   570   532 -3892.0385   34 2689 -3632.0000 -3892.0385  7.16%  91.1   41s
   576   536 -3736.5000  110 2702 -3632.0000 -3886.9583  7.02%  90.2   45s
   584   542 -3737.5000  109 2738 -3632.0000 -3881.5949  6.87%  89.0   50s
   595   549 -3875.7710   39 2761 -3632.0000 -3875.7710  6.71%  87.3   55s
   607   557 -3870.8419   77 2765 -3632.0000 -3870.8419  6.58%  85.6   61s
   618   564 -3867.4902   25 2826 -3632.0000 -3867.4902  6.48%  84.1   65s
   628   571 -3826.3333   88 2810 -3632.0000 -3862.3465  6.34%  82.7   70s
   638   578 -3857.0772   62 2818 -3632.0000 -3857.0772  6.20%  81.4   75s
   654   588 -3735.6667  103 2837 -3632.0000 -3852.6484  6.08%  79.4   80s
   665   596 -3849.3161   33 2839 -3632.0000 -3849.3161  5.98%  78.1   85s
   685   609 -3764.3333  103 2875 -3632.0000 -3846.6517  5.91%  75.8   90s
   705   622 -3844.4653   20 2866 -3632.0000 -3844.4653  5.85%  73.7   95s
   719   633 -3844.2549    7 2530 -3632.0000 -3844.2549  5.84%   350  105s
   720   633 -3811.3750   85 2758 -3632.0000 -3844.2549  5.84%   349  111s
   722   635 -3844.2549   19 2812 -3632.0000 -3844.2549  5.84%   348  115s
   734   643 -3841.0077   69 2871 -3632.0000 -3841.0077  5.75%   342  121s
   743   649 -3838.8214   17 2881 -3632.0000 -3838.8214  5.69%   338  125s
   755   657 -3725.5000  112 2898 -3632.0000 -3836.0559  5.62%   333  130s
   768   665 -3834.2905   13 2904 -3632.0000 -3834.2905  5.57%   327  135s
   781   674 -3682.5000  116 2917 -3632.0000 -3832.9846  5.53%   322  140s
   793   682 -3830.1879   87 2901 -3632.0000 -3830.1879  5.46%   317  145s
   806   691 -3828.4205   39 2915 -3632.0000 -3828.4205  5.41%   312  150s
   820   700 -3811.3750   85 2916 -3632.0000 -3826.6159  5.36%   306  155s
   841   714 -3825.4212   43 2956 -3632.0000 -3825.4212  5.33%   299  160s
   862   728 -3824.5241   73 2979 -3632.0000 -3824.5241  5.30%   292  165s
   882   741 -3823.3448   63 2980 -3632.0000 -3823.3448  5.27%   285  170s
   899   753 -3821.8390   55 2976 -3632.0000 -3821.8390  5.23%   280  175s
   915   763 -3693.5000  118 2983 -3632.0000 -3821.1453  5.21%   275  180s
   934   776 -3820.6302   69 2985 -3632.0000 -3820.6302  5.19%   269  185s
   950   787 -3820.0324    6 2978 -3632.0000 -3820.0324  5.18%   265  190s
   959   793 -3790.3750   91 2974 -3632.0000 -3819.9717  5.18%   262  198s
   960   795 -3817.0514   25 2934 -3632.0000 -3819.8313  5.17%   427  201s
   962   797 -3814.8667   26 2907 -3632.0000 -3817.4538  5.11%   436  206s
   965   799 -3813.1740   27 2853 -3632.0000 -3817.4538  5.11%   444  211s
   967   800 -3809.3581   28 2847 -3632.0000 -3817.4538  5.11%   453  215s
   970   802 -3805.2545   30 2793 -3632.0000 -3817.4538  5.11%   461  220s
   975   805 -3800.9502   32 2761 -3632.0000 -3817.4538  5.11%   471  225s
   980   809 -3792.7816   35 2669 -3632.0000 -3817.4538  5.11%   482  230s
   985   812 -3788.1151   37 2633 -3632.0000 -3817.4538  5.11%   490  235s
   991   816 -3778.7966   40 2575 -3632.0000 -3817.4538  5.11%   500  240s
   996   819 -3775.2974   43 2547 -3632.0000 -3817.4538  5.11%   510  245s
  1002   823 -3769.4975   46 2489 -3632.0000 -3817.4538  5.11%   517  262s
  1005   825 -3762.3499   47 2471 -3632.0000 -3817.4538  5.11%   524  265s
  1012   830 -3762.2694   51 2406 -3632.0000 -3817.4538  5.11%   533  270s
  1017   833 -3757.0563   53 2367 -3632.0000 -3817.4538  5.11%   544  275s
  1029   841 -3740.6816   59 2301 -3632.0000 -3817.4538  5.11%   552  280s
  1037   847 -3738.5707   63 2223 -3632.0000 -3817.4538  5.11%   564  286s
  1047   853 -3738.3810   68 2157 -3632.0000 -3817.4538  5.11%   572  290s
  1061   863 -3726.4579   75 2022 -3632.0000 -3817.4538  5.11%   580  295s
  1077   873 -3712.3026   83 1961 -3632.0000 -3817.4538  5.11%   585  300s
  1096   886 -3702.6334   93 1883 -3632.0000 -3817.4538  5.11%   590  305s
  1121   903 -3677.0459  105 1750 -3632.0000 -3817.4538  5.11%   593  310s
  1156   926 -3643.6894  123 1609 -3632.0000 -3817.4538  5.11%   592  315s
  1187   927 -3813.0011   27 2832 -3632.0000 -3817.4388  5.11%   589  321s
  1190   929 -3809.7959   28 2802 -3632.0000 -3817.4388  5.11%   596  325s
  1193   931 -3805.2801   30 2775 -3632.0000 -3817.4388  5.11%   603  330s
  1196   933 -3801.7121   31 2757 -3632.0000 -3817.4388  5.11%   610  335s
  1198   934 -3799.7782   32 2743 -3632.0000 -3817.4388  5.11%   618  340s
  1202   937 -3790.6160   34 2692 -3632.0000 -3817.4388  5.11%   627  346s
  1205   939 -3789.4055   36 2648 -3632.0000 -3817.4388  5.11%   633  350s
  1210   942 -3785.2557   38 2606 -3632.0000 -3817.4388  5.11%   642  355s
  1214   945 -3779.1426   40 2554 -3632.0000 -3817.4388  5.11%   647  360s
  1220   949 -3772.5069   43 2486 -3632.0000 -3817.4388  5.11%   655  365s
  1224   951 -3768.9496   45 2457 -3632.0000 -3817.4388  5.11%   663  370s
  1230   955 -3761.5590   48 2429 -3632.0000 -3817.4388  5.11%   672  376s
  1237   960 -3755.2950   52 2391 -3632.0000 -3817.4388  5.11%   677  380s
  1244   965 -3747.0064   55 2352 -3632.0000 -3817.4388  5.11%   685  385s
  1253   971 -3742.0858   60 2305 -3632.0000 -3817.4388  5.11%   691  390s
  1261   976 -3737.9858   64 2271 -3632.0000 -3817.4388  5.11%   697  395s
  1271   983 -3729.0587   69 2211 -3632.0000 -3817.4388  5.11%   702  400s
  1286   993 -3712.1960   76 2108 -3632.0000 -3817.4388  5.11%   705  405s
  1302  1003 -3702.7828   84 2040 -3632.0000 -3817.4388  5.11%   708  410s
  1327  1020 -3691.1563   97 1965 -3632.0000 -3817.4388  5.11%   707  415s
  1357  1040 -3671.9838  112 1808 -3632.0000 -3817.4388  5.11%   705  420s
  1394  1065 -3644.5135  130 1729 -3632.0000 -3817.4388  5.11%   701  425s
  1427  1075 -3814.4544   26 2905 -3632.0000 -3814.8666  5.03%   696  431s
  1430  1077 -3808.7111   28 2831 -3632.0000 -3814.8666  5.03%   702  436s
  1433  1079 -3805.5858   29 2795 -3632.0000 -3814.8666  5.03%   707  440s
  1436  1081 -3802.4200   31 2780 -3632.0000 -3814.8666  5.03%   712  445s
  1439  1083 -3798.4318   32 2741 -3632.0000 -3814.8666  5.03%   719  450s
  1442  1085 -3794.7320   34 2701 -3632.0000 -3814.8666  5.03%   724  455s
  1446  1087 -3789.8172   36 2675 -3632.0000 -3814.8666  5.03%   730  460s
  1450  1090 -3784.3187   38 2635 -3632.0000 -3814.8666  5.03%   735  465s
  1455  1093 -3777.6787   40 2596 -3632.0000 -3814.8666  5.03%   742  471s
  1459  1096 -3773.8026   42 2576 -3632.0000 -3814.8666  5.03%   747  475s
  1464  1099 -3767.1484   45 2506 -3632.0000 -3814.8666  5.03%   752  480s
  1470  1103 -3760.8714   48 2473 -3632.0000 -3814.8666  5.03%   758  485s
  1476  1107 -3755.2821   51 2439 -3632.0000 -3814.8666  5.03%   763  490s
  1483  1112 -3744.7322   54 2401 -3632.0000 -3814.8666  5.03%   774  498s
  1486  1114 -3747.5408   56 2366 -3632.0000 -3814.8666  5.03%   777  500s
  1496  1121 -3739.8153   61 2297 -3632.0000 -3814.8666  5.03%   782  505s
  1507  1128 -3733.0255   66 2194 -3632.0000 -3814.8666  5.03%   785  510s

Cutting planes:
  Gomory: 20
  MIR: 82
  Flow cover: 1318
  Zero half: 419
  Mod-K: 1
  RLT: 113
  BQP: 154

Explored 1513 nodes (1193295 simplex iterations) in 512.00 seconds (605.48 work units)
Thread count was 1 (of 72 available processors)

Solution count 4: -3632 -3604 -1022 0 

Time limit reached
Best objective -3.632000000000e+03, best bound -3.814000000000e+03, gap 5.0110%

User-callback calls 26369, time in user-callback 0.12 sec

BQP_SOLUTION, 598, 2597, -1312.000000, 512.003007, 1, 1, 1, -1, 1, -1, 1, 1, -1, -1, 1, -1, -1, 1, -1, 1, 1, 1, -1, -1, 1, 1, 1, 1, -1, 1, 1, 1, -1, 1, 1, 1, -1, 1, -1, -1, -1, -1, 1, -1, 1, 1, -1, 1, -1, -1, 1, 1, 1, -1, 1, 1, -1, 1, -1, 1, -1, -1, -1, -1, 1, -1, 1, -1, -1, 1, -1, -1, -1, -1, 1, 1, -1, 1, 1, 1, -1, -1, 1, 1, 1, 1, -1, 1, -1, 1, -1, -1, 1, 1, -1, 1, -1, 1, 1, -1, 1, -1, 1, 1, 1, 1, 1, -1, 1, -1, 1, -1, -1, 1, -1, 1, 1, -1, 1, 1, 1, -1, -1, 1, 1, 1, -1, 1, 1, 1, 1, -1, 1, 1, 1, 1, -1, 1, 1, -1, 1, 1, 1, 1, 1, 1, 1, -1, 1, -1, 1, 1, 1, 1, -1, 1, -1, 1, 1, -1, 1, 1, 1, 1, 1, 1, 1, 1, -1, 1, -1, 1, 1, 1, 1, 1, -1, 1, 1, -1, 1, 1, 1, -1, 1, -1, 1, 1, -1, 1, 1, 1, -1, 1, 1, 1, 1, 1, -1, 1, -1, 1, 1, 1, -1, -1, -1, 1, -1, 1, -1, 1, 1, -1, 1, 1, -1, 1, 1, -1, 1, -1, 1, 1, -1, 1, -1, -1, -1, 1, -1, -1, 1, -1, -1, 1, 1, 1, -1, -1, 1, 1, -1, -1, 1, 1, -1, 1, -1, 1, -1, -1, 1, 1, 1, -1, -1, 1, -1, 1, 1, -1, -1, 1, 1, 1, -1, -1, -1, 1, 1, -1, 1, 1, -1, 1, -1, -1, -1, 1, 1, -1, 1, 1, 1, 1, 1, -1, 1, -1, 1, 1, -1, 1, -1, 1, -1, 1, 1, -1, 1, 1, 1, -1, 1, -1, 1, -1, -1, 1, 1, 1, -1, 1, -1, 1, 1, -1, -1, 1, -1, 1, 1, -1, -1, 1, 1, -1, -1, 1, 1, -1, -1, -1, 1, 1, -1, -1, -1, -1, 1, 1, -1, 1, -1, -1, 1, 1, -1, -1, 1, -1, 1, -1, -1, 1, 1, -1, -1, -1, 1, 1, -1, -1, 1, 1, 1, -1, -1, 1, -1, 1, 1, -1, -1, -1, 1, -1, -1, -1, 1, 1, 1, -1, -1, -1, 1, -1, 1, -1, 1, -1, 1, 1, -1, -1, -1, 1, -1, 1, 1, -1, -1, -1, 1, -1, -1, -1, 1, -1, -1, -1, -1, 1, -1, 1, -1, 1, 1, -1, -1, 1, 1, 1, 1, -1, -1, 1, -1, -1, -1, -1, 1, -1, 1, -1, -1, 1, 1, 1, -1, -1, 1, 1, 1, 1, -1, 1, 1, -1, -1, -1, -1, 1, -1, 1, -1, 1, 1, -1, 1, -1, -1, 1, 1, 1, -1, -1, 1, 1, 1, -1, -1, 1, 1, 1, -1, -1, -1, 1, 1, 1, 1, -1, -1, 1, -1, -1, 1, 1, 1, 1, -1, -1, -1, 1, -1, -1, 1, -1, -1, -1, -1, -1, -1, 1, 1, 1, 1, -1, -1, 1, 1, -1, -1, -1, 1, -1, -1, -1, 1, -1, 1, 1, -1, 1, 1, 1, -1, -1, -1, 1, 1, -1, -1, -1, 1, 1, 1, -1, -1, 1, 1, -1, -1, 1, 1, 1, -1, -1, 1, -1, 1, -1, -1, -1, 1, 1, -1, -1, -1, 1, 1, 1, -1, -1, 1, 1, -1, 1, -1, -1, 1, -1, -1, -1, 1, 1, -1, 1, -1, 1, 1, -1, -1, -1, 1, 1, -1, -1, -1, -1, 1, -1, -1, 1, -1, 1, 1, -1, 1, -1
BQP_DATA, 598, 2597, -1312.000000, -1494.000000, -3632.000000, -3814.000000, 512.003007, 1840, 1513
