Set parameter TSPort to value 51199
Set parameter TokenServer to value "open-license1.lanl.gov"
Set parameter TimeLimit to value 512
Set parameter Threads to value 1
Gurobi Optimizer version 10.0.3 build v10.0.3rc0 (linux64)

CPU model: Intel(R) Xeon(R) CPU E5-2695 v4 @ 2.10GHz, instruction set [SSE2|AVX|AVX2]
Thread count: 36 physical cores, 72 logical processors, using up to 1 threads

Optimize a model with 0 rows, 598 columns and 0 nonzeros
Model fingerprint: 0x6a30c6cb
Model has 2553 quadratic objective terms
Variable types: 0 continuous, 598 integer (598 binary)
Coefficient statistics:
  Matrix range     [0e+00, 0e+00]
  Objective range  [2e+00, 3e+01]
  QObjective range [8e+00, 8e+00]
  Bounds range     [1e+00, 1e+00]
  RHS range        [0e+00, 0e+00]
Found heuristic solution: objective 0.0000000
Found heuristic solution: objective -1044.000000
Found heuristic solution: objective -3516.000000
Found heuristic solution: objective -3558.000000
Presolve time: 0.25s
Presolved: 2553 rows, 3151 columns, 7659 nonzeros
Variable types: 0 continuous, 3151 integer (3151 binary)

Root relaxation: objective -4.792000e+03, 732 iterations, 0.01 seconds (0.01 work units)

    Nodes    |    Current Node    |     Objective Bounds      |     Work
 Expl Unexpl |  Obj  Depth IntInf | Incumbent    BestBd   Gap | It/Node Time

     0     0 -4792.0000    0  598 -3558.0000 -4792.0000  34.7%     -    0s
     0     0 -4362.0000    0  840 -3558.0000 -4362.0000  22.6%     -    0s
     0     0 -4361.0000    0  837 -3558.0000 -4361.0000  22.6%     -    0s
     0     0 -4267.1667    0  906 -3558.0000 -4267.1667  19.9%     -    0s
     0     0 -4267.1667    0  888 -3558.0000 -4267.1667  19.9%     -    1s
     0     2 -4266.6667    0  888 -3558.0000 -4266.6667  19.9%     -    1s
   511   468 -3818.5000   65 1277 -3558.0000 -4243.1667  19.3%  80.1    5s
   532   482 -3652.5000  101 1812 -3558.0000 -3911.9404  9.95%  77.0   10s
   542   489 -3858.7257   34 2107 -3558.0000 -3858.7257  8.45%  75.6   16s
   549   493 -3825.9282   39 2435 -3558.0000 -3825.9282  7.53%  74.6   21s
   556   498 -3816.8770   45 2543 -3558.0000 -3816.8770  7.28%  73.7   25s
   558   499 -3610.5000  106 2598 -3558.0000 -3791.5070  6.56%  73.4   30s
   563   503 -3776.4068   20 2642 -3558.0000 -3776.4068  6.14%  72.7   36s
   570   507 -3768.2589   39 2695 -3558.0000 -3768.2589  5.91%  71.8   41s
   576   511 -3603.5000  107 2676 -3558.0000 -3762.2460  5.74%  71.1   45s
   585   517 -3757.1684   23 2761 -3558.0000 -3757.1684  5.60%  70.0   50s
   595   524 -3751.6066    5 2798 -3558.0000 -3751.6066  5.44%  68.8   55s
   604   530 -3587.4286  120 2773 -3558.0000 -3744.9285  5.25%  67.8   60s
   614   537 -3652.5000  101 2785 -3558.0000 -3741.1293  5.15%  66.7   65s
   624   543 -3724.5000   83 2813 -3558.0000 -3736.0221  5.00%  65.6   70s
   638   553 -3579.9286  122 2808 -3558.0000 -3731.3301  4.87%  64.2   75s
   653   563 -3727.9978    8 2854 -3558.0000 -3727.9978  4.78%  62.7   80s
   669   573 -3725.0667   70 2829 -3558.0000 -3725.0667  4.70%  61.2   85s
   686   585 -3721.9226   12 2863 -3558.0000 -3721.9226  4.61%  59.7   90s
   705   599 -3721.0698   63 2515 -3558.0000 -3721.0698  4.58%   334   99s
   706   599 -3721.0698   12 2690 -3558.0000 -3721.0698  4.58%   334  106s
   708   601 -3610.5000  106 2812 -3558.0000 -3721.0698  4.58%   333  110s
   718   607 -3618.5000  102 2862 -3558.0000 -3718.6373  4.51%   328  115s
   730   615 -3716.3127   39 2908 -3558.0000 -3716.3127  4.45%   323  120s
   742   623 -3713.8000   34 2906 -3558.0000 -3713.8000  4.38%   318  125s
   754   631 -3711.9881    9 2926 -3558.0000 -3711.9881  4.33%   313  130s
   766   639 -3710.6842   51 2920 -3558.0000 -3710.6842  4.29%   308  135s
   781   649 -3626.5000  111 2918 -3558.0000 -3710.0465  4.27%   302  143s
   782   652 -3707.6523   21 2856 -3558.0000 -3709.9955  4.27%   419  145s
   785   654 -3703.7701   22 2843 -3558.0000 -3707.1090  4.19%   432  151s
   788   656 -3700.4471   24 2793 -3558.0000 -3707.1090  4.19%   446  156s
   789   657 -3696.5636   24 2787 -3558.0000 -3707.1090  4.19%   456  160s
   794   660 -3693.2894   27 2730 -3558.0000 -3707.1090  4.19%   471  166s
   799   663 -3687.5890   29 2661 -3558.0000 -3707.1090  4.19%   484  171s
   805   667 -3683.8947   32 2611 -3558.0000 -3707.1090  4.19%   493  175s
   808   669 -3678.8328   34 2577 -3558.0000 -3707.1090  4.19%   499  191s
   814   673 -3675.0210   37 2522 -3558.0000 -3707.1090  4.19%   509  195s
   822   679 -3666.0271   41 2472 -3558.0000 -3707.1090  4.19%   519  200s
   832   685 -3655.8370   46 2425 -3558.0000 -3707.1090  4.19%   533  205s
   842   692 -3645.9067   51 2363 -3558.0000 -3707.1090  4.19%   541  210s
   851   698 -3638.0048   55 2315 -3558.0000 -3707.1090  4.19%   553  215s
   861   705 -3626.9899   60 2265 -3558.0000 -3707.1090  4.19%   564  220s
   875   714 -3610.3315   67 2227 -3558.0000 -3707.1090  4.19%   574  225s
   891   725 -3602.9244   75 2179 -3558.0000 -3707.1090  4.19%   581  230s
   912   739 -3591.8923   86 2123 -3558.0000 -3707.1090  4.19%   585  235s
   931   751 -3576.5298   95 2049 -3558.0000 -3707.1090  4.19%   591  240s
   956   756 -3560.8688  103 1914 -3558.0000 -3707.1090  4.19%   599  245s
   964   750 -3700.9449   23 2820 -3558.0000 -3707.0496  4.19%   608  250s
   966   752 -3696.5601   24 2807 -3558.0000 -3707.0496  4.19%   617  255s
   970   754 -3693.9993   26 2751 -3558.0000 -3707.0496  4.19%   626  260s
   974   757 -3690.4379   28 2726 -3558.0000 -3707.0496  4.19%   637  265s
   978   760 -3687.0823   30 2711 -3558.0000 -3707.0496  4.19%   646  270s
   982   762 -3676.8563   32 2675 -3558.0000 -3707.0496  4.19%   658  276s
   986   765 -3676.8049   34 2627 -3558.0000 -3707.0496  4.19%   666  280s
   991   768 -3671.1804   36 2606 -3558.0000 -3707.0496  4.19%   676  285s
   996   772 -3665.4203   39 2552 -3558.0000 -3707.0496  4.19%   684  290s
  1002   776 -3657.7625   42 2489 -3558.0000 -3707.0496  4.19%   693  295s
  1009   780 -3649.0725   45 2463 -3558.0000 -3707.0496  4.19%   703  300s
  1016   785 -3641.8828   49 2387 -3558.0000 -3707.0496  4.19%   711  305s
  1024   790 -3633.3135   53 2370 -3558.0000 -3707.0496  4.19%   720  310s
  1032   796 -3626.5279   57 2309 -3558.0000 -3707.0496  4.19%   728  315s
  1043   803 -3614.5735   62 2298 -3558.0000 -3707.0496  4.19%   735  320s
  1055   811 -3606.6885   68 2238 -3558.0000 -3707.0496  4.19%   743  325s
  1071   822 -3593.4837   76 2148 -3558.0000 -3707.0496  4.19%   745  330s
  1091   835 -3588.6440   86 2052 -3558.0000 -3707.0496  4.19%   747  335s
  1114   850 -3572.1429   98 1956 -3558.0000 -3707.0496  4.19%   747  340s
  1144   848 -3704.2879   22 2846 -3558.0000 -3704.2879  4.11%   745  346s
  1146   850 -3699.6427   23 2817 -3558.0000 -3703.7669  4.10%   751  350s
  1149   852 -3693.9066   25 2775 -3558.0000 -3703.7669  4.10%   758  355s
  1152   854 -3688.7354   26 2777 -3558.0000 -3703.7669  4.10%   767  361s
  1155   856 -3685.8998   28 2740 -3558.0000 -3703.7669  4.10%   774  365s
  1159   858 -3679.7837   30 2703 -3558.0000 -3703.7669  4.10%   783  371s
  1163   861 -3676.0602   32 2638 -3558.0000 -3703.7669  4.10%   790  375s
  1167   864 -3670.3089   34 2613 -3558.0000 -3703.7669  4.10%   796  380s
  1172   867 -3665.9967   36 2594 -3558.0000 -3703.7669  4.10%   805  385s
  1177   870 -3659.2411   39 2540 -3558.0000 -3703.7669  4.10%   811  390s
  1184   875 -3653.0838   42 2480 -3558.0000 -3703.7669  4.10%   817  395s
  1192   880 -3641.4442   46 2429 -3558.0000 -3703.7669  4.10%   824  400s
  1199   885 -3631.4220   50 2357 -3558.0000 -3703.7669  4.10%   833  405s
  1206   890 -3626.6233   53 2302 -3558.0000 -3703.7669  4.10%   838  410s
  1215   896 -3622.0832   58 2284 -3558.0000 -3703.7669  4.10%   844  415s
  1226   903 -3609.1011   63 2212 -3558.0000 -3703.7669  4.10%   849  420s
  1238   911 -3600.4352   69 2139 -3558.0000 -3703.7669  4.10%   853  425s
  1253   921 -3592.3634   77 2109 -3558.0000 -3703.7669  4.10%   855  430s
  1272   934 -3575.3890   86 2016 -3558.0000 -3703.7669  4.10%   856  435s
  1300   952 -3565.9622  100 1953 -3558.0000 -3703.7669  4.10%   852  440s
  1327   950 -3699.2233   23 2843 -3558.0000 -3703.7640  4.10%   847  446s
  1330   952 -3693.6541   25 2760 -3558.0000 -3703.7640  4.10%   852  450s
  1334   955 -3691.0085   26 2759 -3558.0000 -3703.7640  4.10%   858  455s
  1338   958 -3685.8045   27 2751 -3558.0000 -3703.7640  4.10%   864  461s
  1342   960 -3683.9135   28 2729 -3558.0000 -3703.7640  4.10%   869  465s
  1345   962 -3683.7027   28 2735 -3558.0000 -3703.7640  4.10%   875  470s
  1352   967 -3672.0512   34 2613 -3558.0000 -3703.7640  4.10%   880  476s
  1357   970 -3673.4284   34 2602 -3558.0000 -3703.7640  4.10%   886  481s
  1361   973 -3671.3446   35 2580 -3558.0000 -3703.7640  4.10%   891  485s
  1366   976 -3664.1699   36 2600 -3558.0000 -3703.7640  4.10%   896  490s
  1371   980 -3662.2184   37 2577 -3558.0000 -3703.7640  4.10%   904  496s
  1377   984 -3661.2908   40 2526 -3558.0000 -3703.7640  4.10%   908  500s
  1383   988 -3657.4370   42 2484 -3558.0000 -3703.7640  4.10%   913  505s
  1391   993 -3654.2490   44 2441 -3558.0000 -3703.7640  4.10%   917  510s

Cutting planes:
  Gomory: 25
  MIR: 105
  Flow cover: 1190
  Zero half: 392
  Mod-K: 5
  RLT: 104
  BQP: 163

Explored 1394 nodes (1284618 simplex iterations) in 512.00 seconds (595.45 work units)
Thread count was 1 (of 72 available processors)

Solution count 4: -3558 -3516 -1044 0 

Time limit reached
Best objective -3.558000000000e+03, best bound -3.702000000000e+03, gap 4.0472%

User-callback calls 15394, time in user-callback 0.07 sec

BQP_SOLUTION, 598, 2553, -1319.000000, 512.000636, -1, -1, -1, -1, 1, -1, 1, -1, -1, 1, 1, -1, -1, -1, 1, 1, -1, -1, -1, 1, -1, 1, -1, -1, 1, 1, -1, -1, -1, 1, -1, -1, -1, -1, 1, -1, -1, -1, -1, 1, -1, -1, -1, -1, -1, -1, -1, -1, -1, 1, -1, 1, -1, -1, 1, -1, -1, -1, -1, 1, -1, -1, -1, -1, 1, -1, 1, -1, -1, 1, 1, -1, -1, 1, -1, 1, -1, -1, -1, -1, 1, 1, -1, 1, -1, -1, -1, -1, 1, -1, 1, -1, 1, -1, -1, 1, 1, -1, 1, 1, 1, 1, -1, 1, 1, 1, 1, -1, -1, 1, 1, 1, 1, -1, 1, -1, 1, -1, -1, 1, 1, 1, -1, 1, 1, 1, 1, -1, 1, 1, 1, 1, -1, 1, 1, 1, 1, -1, 1, 1, 1, 1, -1, 1, 1, 1, 1, -1, 1, 1, 1, 1, -1, 1, 1, 1, 1, -1, 1, 1, 1, 1, 1, 1, 1, 1, 1, -1, 1, 1, 1, 1, -1, 1, 1, 1, 1, 1, 1, 1, 1, -1, 1, 1, 1, 1, 1, 1, 1, 1, 1, 1, 1, -1, 1, 1, 1, -1, 1, 1, 1, 1, -1, -1, 1, 1, 1, 1, 1, -1, 1, 1, 1, -1, 1, 1, 1, 1, -1, -1, 1, 1, 1, -1, 1, -1, 1, 1, -1, -1, 1, 1, 1, -1, 1, 1, 1, 1, -1, -1, 1, 1, -1, -1, 1, -1, 1, -1, -1, -1, -1, 1, 1, -1, -1, 1, 1, -1, -1, 1, -1, 1, -1, -1, -1, -1, 1, 1, -1, 1, -1, 1, -1, -1, 1, -1, 1, -1, 1, 1, -1, 1, -1, -1, 1, -1, 1, 1, -1, 1, 1, -1, 1, 1, 1, -1, 1, 1, 1, 1, -1, 1, 1, -1, 1, 1, -1, -1, -1, 1, -1, -1, 1, -1, 1, -1, -1, 1, -1, 1, -1, -1, 1, 1, -1, 1, -1, -1, 1, -1, -1, 1, -1, 1, -1, -1, 1, 1, 1, -1, -1, -1, 1, -1, 1, -1, 1, 1, -1, -1, -1, -1, 1, 1, 1, -1, -1, 1, 1, -1, -1, 1, 1, 1, -1, -1, 1, 1, 1, -1, 1, -1, 1, 1, -1, -1, -1, 1, 1, -1, -1, -1, 1, 1, -1, 1, -1, 1, 1, 1, -1, -1, 1, 1, 1, -1, -1, -1, 1, 1, 1, -1, 1, 1, 1, -1, -1, 1, 1, 1, -1, -1, 1, 1, 1, 1, -1, -1, 1, -1, -1, -1, 1, 1, 1, -1, -1, 1, 1, 1, -1, -1, -1, 1, 1, -1, -1, 1, 1, 1, 1, -1, -1, 1, 1, -1, 1, -1, 1, 1, 1, -1, 1, 1, 1, 1, -1, -1, 1, 1, 1, -1, 1, 1, 1, 1, -1, -1, 1, 1, 1, -1, 1, 1, 1, 1, -1, -1, 1, 1, -1, -1, -1, 1, 1, 1, -1, 1, 1, -1, -1, 1, -1, 1, -1, 1, -1, 1, 1, -1, -1, -1, 1, 1, 1, -1, 1, -1, 1, -1, -1, 1, 1, 1, -1, -1, 1, 1, 1, -1, -1, 1, 1, 1, -1, -1, 1, 1, 1, -1, -1, -1, 1, 1, 1, -1, 1, 1, 1, -1, -1, 1, 1, -1, -1, -1, 1, 1, 1, -1, -1, 1, -1, 1, -1, -1, 1, -1, -1, 1, -1, 1, -1, -1, 1, -1, 1, 1, -1, 1, -1, 1, 1, -1, 1, -1, 1, 1, -1, 1, -1, -1, 1, -1, 1, -1, 1, 1, -1, 1, 1, 1, 1, -1, 1, -1, -1, 1
BQP_DATA, 598, 2553, -1319.000000, -1463.000000, -3558.000000, -3702.000000, 512.000636, 1717, 1394
