Set parameter TSPort to value 51199
Set parameter TokenServer to value "open-license1.lanl.gov"
Set parameter TimeLimit to value 512
Set parameter Threads to value 1
Gurobi Optimizer version 10.0.3 build v10.0.3rc0 (linux64)

CPU model: Intel(R) Xeon(R) CPU E5-2695 v4 @ 2.10GHz, instruction set [SSE2|AVX|AVX2]
Thread count: 36 physical cores, 72 logical processors, using up to 1 threads

Optimize a model with 0 rows, 598 columns and 0 nonzeros
Model fingerprint: 0x91f9fa9e
Model has 2639 quadratic objective terms
Variable types: 0 continuous, 598 integer (598 binary)
Coefficient statistics:
  Matrix range     [0e+00, 0e+00]
  Objective range  [2e+00, 3e+01]
  QObjective range [8e+00, 8e+00]
  Bounds range     [1e+00, 1e+00]
  RHS range        [0e+00, 0e+00]
Found heuristic solution: objective 0.0000000
Found heuristic solution: objective -1018.000000
Found heuristic solution: objective -3520.000000
Found heuristic solution: objective -3564.000000
Presolve removed 0 rows and 1 columns
Presolve time: 0.23s
Presolved: 2638 rows, 3235 columns, 7914 nonzeros
Variable types: 0 continuous, 3235 integer (3235 binary)

Root relaxation: objective -4.923000e+03, 718 iterations, 0.01 seconds (0.01 work units)

    Nodes    |    Current Node    |     Objective Bounds      |     Work
 Expl Unexpl |  Obj  Depth IntInf | Incumbent    BestBd   Gap | It/Node Time

     0     0 -4923.0000    0  597 -3564.0000 -4923.0000  38.1%     -    0s
     0     0 -4437.3333    0  850 -3564.0000 -4437.3333  24.5%     -    0s
     0     0 -4437.3333    0  850 -3564.0000 -4437.3333  24.5%     -    0s
     0     0 -4348.8333    0  919 -3564.0000 -4348.8333  22.0%     -    0s
     0     0 -4348.8333    0  903 -3564.0000 -4348.8333  22.0%     -    1s
     0     2 -4348.3333    0  901 -3564.0000 -4348.3333  22.0%     -    1s
   511   480 -3602.0000  137 1319 -3564.0000 -4339.3333  21.8%  90.1    5s
   531   493 -3989.3388   33 1806 -3564.0000 -3989.3388  11.9%  86.7   10s
   540   499 -3931.5130   10 2148 -3564.0000 -3931.5130  10.3%  85.3   16s
   545   503 -3871.3333   63 2396 -3564.0000 -3918.6043  9.95%  84.5   20s
   551   507 -3884.3706    3 2594 -3564.0000 -3884.3706  8.99%  83.6   25s
   559   512 -3821.0000   76 2699 -3564.0000 -3855.6847  8.18%  82.4   34s
   560   513 -3628.0000  127 2746 -3564.0000 -3851.6583  8.07%  82.2   36s
   570   519 -3622.0000  130 2768 -3564.0000 -3840.4291  7.76%  80.8   42s
   577   524 -3576.0000  143 2822 -3564.0000 -3837.5037  7.67%  79.8   45s
   585   529 -3781.0000   84 2825 -3564.0000 -3827.0923  7.38%  78.7   51s
   592   534 -3822.8332   64 2844 -3564.0000 -3822.8332  7.26%  77.8   55s
   602   541 -3621.0000  131 2893 -3564.0000 -3818.4242  7.14%  76.5   60s
   611   547 -3602.0000  137 2871 -3564.0000 -3813.6553  7.00%  75.4   65s
   624   555 -3722.0000   93 2898 -3564.0000 -3809.4044  6.89%  73.8   70s
   637   564 -3587.0000  140 2898 -3564.0000 -3804.9381  6.76%  72.3   75s
   652   574 -3627.0000  128 2934 -3564.0000 -3801.9891  6.68%  70.6   80s
   668   585 -3760.0000   80 2944 -3564.0000 -3797.9602  6.56%  69.0   85s
   692   601 -3795.6525   64 2946 -3564.0000 -3795.6525  6.50%  66.6   90s
   709   612 -3791.7327   30 2963 -3564.0000 -3791.7327  6.39%  65.0   95s
   738   633 -3789.7388   46 1061 -3564.0000 -3789.7388  6.33%   344  100s
   739   634 -3622.0000  131 2557 -3564.0000 -3789.7388  6.33%   343  107s
   740   634 -3789.7388   10 2841 -3564.0000 -3789.7388  6.33%   343  113s
   741   635 -3789.7388    9 2887 -3564.0000 -3789.7388  6.33%   342  117s
   748   640 -3640.0000  122 2980 -3564.0000 -3789.7388  6.33%   339  120s
   759   647 -3785.7055   76 2981 -3564.0000 -3785.7055  6.22%   334  125s
   771   655 -3782.9228   64 2995 -3564.0000 -3782.9228  6.14%   329  130s
   786   665 -3781.5195   29 3003 -3564.0000 -3781.5195  6.10%   323  135s
   799   674 -3779.3776   11 3018 -3564.0000 -3779.3776  6.04%   317  140s
   817   686 -3760.0000   80 3025 -3564.0000 -3778.0698  6.01%   310  145s
   836   698 -3776.3324   19 3040 -3564.0000 -3776.3324  5.96%   303  150s
   858   713 -3774.7576   55 3052 -3564.0000 -3774.7576  5.91%   296  155s
   879   727 -3773.4431   62 3061 -3564.0000 -3773.4431  5.88%   289  160s
   899   740 -3771.8135   11 3056 -3564.0000 -3771.8135  5.83%   282  165s
   922   756 -3691.2500  104 3073 -3564.0000 -3770.6049  5.80%   275  170s
   948   773 -3640.0000  122 3062 -3564.0000 -3769.5379  5.77%   268  175s
   970   788 -3622.0000  130 3057 -3564.0000 -3768.5034  5.74%   261  180s
   994   804 -3767.5470   37 3074 -3564.0000 -3767.5470  5.71%   255  185s
  1010   814 -3766.0983   78 3059 -3564.0000 -3766.0983  5.67%   251  190s
  1033   830 -3682.5000  106 3062 -3564.0000 -3765.3699  5.65%   246  195s
  1063   850 -3597.0000  138 3072 -3564.0000 -3764.9899  5.64%   239  200s
  1067   852 -3679.5000  108 3062 -3564.0000 -3764.9583  5.64%   238  247s
  1069   856 -3762.5202   19 3004 -3564.0000 -3763.0610  5.59%   398  251s
  1072   858 -3759.6468   21 2961 -3564.0000 -3762.5197  5.57%   407  256s
  1074   859 -3757.5451   22 2932 -3564.0000 -3762.5197  5.57%   412  260s
  1077   861 -3754.2399   23 2894 -3564.0000 -3762.5197  5.57%   423  265s
  1082   864 -3746.7590   26 2842 -3564.0000 -3762.5197  5.57%   432  270s
  1086   867 -3742.7715   28 2799 -3564.0000 -3762.5197  5.57%   440  275s
  1092   871 -3736.4098   31 2748 -3564.0000 -3762.5197  5.57%   451  280s
H 1094   821                    -3572.000000 -3762.5197  5.33%   451  282s
  1097   825 -3730.4078   33 2715 -3572.0000 -3762.5197  5.33%   457  285s
  1102   829 -3723.3604   36 2665 -3572.0000 -3762.5197  5.33%   468  290s
  1108   833 -3715.4458   39 2608 -3572.0000 -3762.5197  5.33%   475  295s
  1115   837 -3706.7612   42 2587 -3572.0000 -3762.5197  5.33%   484  300s
  1121   841 -3698.5553   45 2552 -3572.0000 -3762.5197  5.33%   497  306s
  1126   845 -3696.3042   48 2499 -3572.0000 -3762.5197  5.33%   504  310s
  1135   851 -3686.7256   52 2471 -3572.0000 -3762.5197  5.33%   512  315s
  1143   856 -3680.8363   56 2401 -3572.0000 -3762.5197  5.33%   520  320s
  1154   863 -3670.8239   62 2354 -3572.0000 -3762.5197  5.33%   528  325s
  1165   871 -3654.4934   67 2306 -3572.0000 -3762.5197  5.33%   537  330s
  1179   880 -3650.7449   74 2236 -3572.0000 -3762.5197  5.33%   544  335s
  1197   892 -3639.3555   83 2139 -3572.0000 -3762.5197  5.33%   550  340s
  1211   901 -3618.8490   90 2088 -3572.0000 -3762.5197  5.33%   558  345s
  1235   917 -3597.7961  102 1969 -3572.0000 -3762.5197  5.33%   561  350s
  1266   926 -3760.5347   20 2972 -3572.0000 -3762.5194  5.33%   560  356s
  1268   927 -3757.1415   21 2956 -3572.0000 -3762.5194  5.33%   566  360s
  1271   929 -3752.5436   23 2897 -3572.0000 -3762.5194  5.33%   573  365s
  1274   931 -3749.2067   24 2864 -3572.0000 -3762.5194  5.33%   580  370s
  1277   933 -3745.2694   26 2819 -3572.0000 -3762.5194  5.33%   587  375s
  1281   936 -3742.2358   28 2790 -3572.0000 -3762.5194  5.33%   595  380s
  1284   938 -3738.3272   29 2767 -3572.0000 -3762.5194  5.33%   601  385s
  1288   941 -3735.2958   31 2751 -3572.0000 -3762.5194  5.33%   609  390s
  1292   943 -3731.3613   33 2722 -3572.0000 -3762.5194  5.33%   616  395s
  1297   947 -3724.0288   36 2664 -3572.0000 -3762.5194  5.33%   624  401s
  1301   949 -3719.2375   38 2621 -3572.0000 -3762.5194  5.33%   630  405s
  1307   953 -3711.5875   41 2595 -3572.0000 -3762.5194  5.33%   637  410s
  1313   957 -3704.0605   44 2544 -3572.0000 -3762.5194  5.33%   645  415s
  1319   961 -3695.8277   47 2495 -3572.0000 -3762.5194  5.33%   652  420s
  1326   966 -3686.0646   50 2479 -3572.0000 -3762.5194  5.33%   659  425s
  1334   971 -3682.8721   54 2426 -3572.0000 -3762.5194  5.33%   665  430s
  1342   977 -3673.9712   58 2379 -3572.0000 -3762.5194  5.33%   672  435s
  1352   983 -3662.5817   63 2332 -3572.0000 -3762.5194  5.33%   678  440s
H 1353   935                    -3576.000000 -3762.5194  5.22%   677  440s
  1363   944 -3658.5706   69 2255 -3576.0000 -3762.5194  5.22%   684  445s
  1377   953 -3642.9695   76 2171 -3576.0000 -3762.5194  5.22%   687  450s
  1396   966 -3628.1219   85 2096 -3576.0000 -3762.5194  5.22%   690  455s
  1420   982 -3616.9383   97 1935 -3576.0000 -3762.5194  5.22%   690  460s
  1452  1003 -3593.7393  113 1890 -3576.0000 -3762.5194  5.22%   687  465s
  1497  1019 -3760.1584   20 2984 -3576.0000 -3761.1808  5.18%   681  471s
  1499  1020 -3757.2776   21 2949 -3576.0000 -3761.1808  5.18%   685  475s
  1501  1022 -3753.2246   22 2923 -3576.0000 -3761.1808  5.18%   691  480s
  1504  1024 -3749.0602   24 2872 -3576.0000 -3761.1808  5.18%   697  485s
  1507  1026 -3745.9081   25 2874 -3576.0000 -3761.1808  5.18%   702  490s
  1511  1028 -3743.3325   27 2800 -3576.0000 -3761.1808  5.18%   708  495s
  1515  1031 -3737.5643   29 2761 -3576.0000 -3761.1808  5.18%   713  500s
  1519  1034 -3728.9828   31 2732 -3576.0000 -3761.1808  5.18%   719  505s
  1522  1036 -3726.5123   33 2683 -3576.0000 -3761.1808  5.18%   725  510s

Cutting planes:
  Gomory: 22
  MIR: 93
  Flow cover: 1290
  Zero half: 429
  Mod-K: 3
  RLT: 137
  BQP: 184

Explored 1524 nodes (1112923 simplex iterations) in 512.00 seconds (621.16 work units)
Thread count was 1 (of 72 available processors)

Solution count 6: -3576 -3572 -3564 ... 0

Time limit reached
Best objective -3.576000000000e+03, best bound -3.760000000000e+03, gap 5.1454%

User-callback calls 23781, time in user-callback 0.10 sec

BQP_SOLUTION, 598, 2639, -1292.000000, 512.000581, 1, 1, -1, 1, 1, 1, 1, 1, 1, 1, 1, 1, 1, -1, 1, -1, 1, 1, 1, -1, -1, 1, 1, 1, 1, 1, -1, 1, 1, 1, -1, 1, 1, 1, 1, 1, 1, 1, 1, 1, -1, 1, -1, 1, 1, 1, -1, 1, 1, 1, -1, 1, -1, 1, -1, 1, 1, -1, 1, 1, -1, -1, 1, -1, 1, 1, -1, 1, 1, -1, 1, -1, -1, -1, 1, 1, -1, 1, 1, 1, 1, 1, -1, 1, 1, 1, -1, 1, -1, 1, 1, -1, 1, -1, -1, 1, 1, -1, 1, -1, 1, 1, -1, -1, -1, 1, 1, -1, -1, 1, 1, 1, 1, -1, -1, 1, -1, 1, -1, 1, 1, 1, -1, 1, -1, 1, 1, 1, -1, 1, 1, 1, -1, 1, -1, 1, 1, 1, -1, 1, 1, -1, 1, -1, -1, -1, 1, -1, 1, -1, -1, 1, 1, 1, -1, 1, -1, 1, 1, -1, 1, -1, 1, -1, -1, -1, 1, 1, -1, 1, -1, -1, 1, -1, -1, -1, 1, 1, 1, -1, -1, 1, 1, -1, 1, -1, 1, 1, -1, -1, -1, 1, 1, -1, 1, -1, 1, -1, -1, 1, -1, -1, 1, -1, 1, -1, 1, 1, 1, 1, -1, -1, 1, -1, 1, -1, 1, 1, -1, 1, -1, -1, 1, -1, -1, 1, -1, 1, -1, -1, 1, -1, 1, -1, 1, -1, -1, 1, -1, 1, -1, 1, 1, -1, -1, -1, 1, 1, -1, -1, 1, -1, -1, -1, -1, 1, 1, 1, -1, -1, -1, -1, -1, -1, -1, -1, -1, 1, -1, 1, -1, 1, -1, -1, -1, -1, -1, -1, -1, -1, -1, -1, -1, -1, 1, -1, -1, -1, 1, 1, -1, 1, -1, 1, -1, -1, 1, -1, -1, 1, -1, 1, 1, 1, -1, 1, 1, -1, -1, -1, -1, -1, 1, 1, -1, -1, -1, 1, 1, -1, -1, 1, -1, 1, -1, -1, 1, 1, 1, -1, 1, -1, 1, 1, -1, 1, -1, 1, 1, -1, -1, -1, 1, -1, -1, 1, -1, 1, 1, 1, -1, 1, 1, -1, -1, 1, 1, 1, -1, 1, 1, 1, -1, 1, -1, 1, 1, 1, 1, -1, 1, 1, 1, -1, -1, 1, -1, 1, -1, -1, 1, 1, 1, -1, -1, -1, 1, 1, -1, -1, 1, 1, 1, -1, 1, -1, 1, 1, -1, 1, -1, 1, 1, -1, 1, -1, 1, 1, -1, 1, -1, 1, 1, -1, 1, -1, 1, -1, 1, -1, 1, 1, 1, 1, -1, 1, 1, -1, 1, 1, -1, -1, 1, 1, -1, -1, 1, -1, -1, -1, -1, 1, 1, -1, 1, -1, 1, -1, -1, 1, -1, -1, 1, -1, 1, -1, -1, 1, -1, -1, 1, 1, 1, -1, 1, -1, -1, -1, -1, -1, -1, 1, -1, -1, 1, -1, -1, 1, -1, 1, -1, -1, 1, -1, 1, -1, -1, 1, 1, 1, -1, -1, 1, -1, 1, -1, -1, 1, -1, 1, -1, -1, 1, -1, 1, -1, -1, 1, 1, -1, -1, 1, 1, -1, 1, 1, 1, 1, -1, 1, -1, 1, 1, -1, 1, 1, -1, 1, -1, 1, -1, 1, 1, -1, -1, 1, 1, 1, -1, 1, 1, 1, -1, 1, 1, -1, 1, 1, -1, 1, 1, 1, 1, -1, 1, 1, 1, 1, 1, -1, 1, 1, 1, 1, -1, 1, 1, 1, 1, -1, 1, -1, 1, -1, 1, 1, 1, 1, -1, -1, 1, 1, 1, -1, 1, 1, 1, 1, 1, -1, -1, 1, 1, -1, 1, 1, 1, 1
BQP_DATA, 598, 2639, -1292.000000, -1476.000000, -3576.000000, -3760.000000, 512.000581, 1837, 1524
