Set parameter TSPort to value 51199
Set parameter TokenServer to value "open-license1.lanl.gov"
Set parameter TimeLimit to value 512
Set parameter Threads to value 1
Gurobi Optimizer version 10.0.3 build v10.0.3rc0 (linux64)

CPU model: Intel(R) Xeon(R) CPU E5-2695 v4 @ 2.10GHz, instruction set [SSE2|AVX|AVX2]
Thread count: 36 physical cores, 72 logical processors, using up to 1 threads

Optimize a model with 0 rows, 598 columns and 0 nonzeros
Model fingerprint: 0x4d346951
Model has 2577 quadratic objective terms
Variable types: 0 continuous, 598 integer (598 binary)
Coefficient statistics:
  Matrix range     [0e+00, 0e+00]
  Objective range  [2e+00, 3e+01]
  QObjective range [8e+00, 8e+00]
  Bounds range     [1e+00, 1e+00]
  RHS range        [0e+00, 0e+00]
Found heuristic solution: objective 0.0000000
Found heuristic solution: objective -1012.000000
Found heuristic solution: objective -3544.000000
Found heuristic solution: objective -3564.000000
Presolve time: 0.24s
Presolved: 2577 rows, 3175 columns, 7731 nonzeros
Variable types: 0 continuous, 3175 integer (3175 binary)

Root relaxation: objective -4.856000e+03, 774 iterations, 0.02 seconds (0.01 work units)

    Nodes    |    Current Node    |     Objective Bounds      |     Work
 Expl Unexpl |  Obj  Depth IntInf | Incumbent    BestBd   Gap | It/Node Time

     0     0 -4856.0000    0  598 -3564.0000 -4856.0000  36.3%     -    0s
     0     0 -4419.5000    0  834 -3564.0000 -4419.5000  24.0%     -    0s
     0     0 -4415.0000    0  836 -3564.0000 -4415.0000  23.9%     -    0s
     0     0 -4307.3333    0  919 -3564.0000 -4307.3333  20.9%     -    0s
     0     0 -4307.3333    0  915 -3564.0000 -4307.3333  20.9%     -    1s
     0     2 -4307.3333    0  909 -3564.0000 -4307.3333  20.9%     -    1s
   511   490 -3791.3333   73 1289 -3564.0000 -4296.3333  20.5%  93.3    5s
   531   503 -3673.8333   99 1664 -3564.0000 -3986.7936  11.9%  89.8   10s
   541   510 -3721.0000   87 2042 -3564.0000 -3922.9445  10.1%  88.1   15s
   551   517 -3694.5000   94 2404 -3564.0000 -3887.7402  9.08%  86.5   22s
   557   521 -3882.0928   21 2527 -3564.0000 -3882.0928  8.93%  85.6   25s
   560   523 -3859.0131   48 2578 -3564.0000 -3859.0131  8.28%  85.1   30s
   567   527 -3843.2372   44 2636 -3564.0000 -3843.2372  7.83%  84.1   35s
   575   533 -3829.6625   29 2688 -3564.0000 -3829.6625  7.45%  82.9   42s
   582   537 -3823.8395   25 2725 -3564.0000 -3823.8395  7.29%  81.9   46s
   589   542 -3602.6667  117 2752 -3564.0000 -3818.4721  7.14%  80.9   50s
   601   550 -3814.4124   24 2802 -3564.0000 -3814.4124  7.03%  79.3   55s
   614   559 -3809.9452   39 2803 -3564.0000 -3809.9452  6.90%  77.6   60s
   621   563 -3693.5833   91 2778 -3564.0000 -3804.5673  6.75%  76.8   65s
   639   575 -3622.8333  109 2836 -3564.0000 -3800.7709  6.64%  74.6   70s
   658   588 -3796.9434    9 2837 -3564.0000 -3796.9434  6.54%  72.5   75s
   671   597 -3737.8333   82 2845 -3564.0000 -3793.6752  6.44%  71.1   80s
   691   610 -3626.0000  112 2878 -3564.0000 -3790.2869  6.35%  69.0   85s
   709   622 -3787.2439   12 2880 -3564.0000 -3787.2439  6.26%  67.2   90s
   733   640 -3724.5833   85 2508 -3564.0000 -3785.9867  6.23%   328  100s
   734   640 -3644.8333  103 2728 -3564.0000 -3785.9867  6.23%   328  107s
   735   641 -3616.0000  116 2802 -3564.0000 -3785.9867  6.23%   327  110s
   743   646 -3732.0000   84 2868 -3564.0000 -3783.4704  6.16%   324  115s
   755   654 -3779.6482    8 2863 -3564.0000 -3779.6482  6.05%   319  120s
   766   662 -3592.8333  121 2873 -3564.0000 -3776.7151  5.97%   314  125s
   777   669 -3774.4994    9 2894 -3564.0000 -3774.4994  5.91%   310  130s
   791   678 -3626.0000  112 2898 -3564.0000 -3772.4816  5.85%   304  135s
   806   688 -3770.9483   38 2935 -3564.0000 -3770.9483  5.81%   298  140s
   817   696 -3656.5000  103 2899 -3564.0000 -3768.7854  5.75%   294  145s
   829   704 -3606.0000  117 2915 -3564.0000 -3766.6975  5.69%   290  150s
   844   714 -3764.4353   63 2935 -3564.0000 -3764.4353  5.62%   285  155s
   860   724 -3762.9783   48 2940 -3564.0000 -3762.9783  5.58%   280  160s
   879   737 -3660.1667  102 2957 -3564.0000 -3761.8839  5.55%   274  165s
   897   749 -3760.6606   37 2943 -3564.0000 -3760.6606  5.52%   268  170s
   917   762 -3656.5000  103 2946 -3564.0000 -3759.8635  5.50%   262  175s
   938   776 -3758.9853   55 2963 -3564.0000 -3758.9853  5.47%   256  180s
   958   790 -3758.4972    9 2957 -3564.0000 -3758.4972  5.46%   251  185s
   972   799 -3758.4086   43 2948 -3564.0000 -3758.4086  5.45%   248  194s
   973   802 -3755.7175   27 2900 -3564.0000 -3758.2993  5.45%   410  197s
   975   803 -3755.0494   28 2870 -3564.0000 -3756.7410  5.41%   415  200s
   978   805 -3752.3416   29 2858 -3564.0000 -3755.5973  5.38%   423  205s
   982   808 -3747.5817   31 2794 -3564.0000 -3755.5973  5.38%   436  211s
   986   810 -3743.7872   33 2759 -3564.0000 -3755.5973  5.38%   447  216s
   989   812 -3738.8847   35 2736 -3564.0000 -3755.5973  5.38%   456  220s
   993   815 -3733.0894   37 2690 -3564.0000 -3755.5973  5.38%   467  225s
   997   818 -3728.2923   39 2649 -3564.0000 -3755.5973  5.38%   476  231s
  1000   820 -3726.5511   40 2632 -3564.0000 -3755.5973  5.38%   483  236s
  1004   822 -3721.5326   42 2617 -3564.0000 -3755.5973  5.38%   489  240s
  1009   826 -3716.1992   45 2535 -3564.0000 -3755.5973  5.38%   500  246s
  1015   830 -3711.2390   48 2494 -3564.0000 -3755.5973  5.38%   508  250s
  1022   834 -3704.4983   51 2471 -3564.0000 -3755.5973  5.38%   516  255s
  1029   839 -3695.3600   55 2393 -3564.0000 -3755.5973  5.38%   525  260s
  1035   843 -3687.2471   58 2371 -3564.0000 -3755.5973  5.38%   535  265s
  1042   848 -3678.2322   61 2327 -3564.0000 -3755.5973  5.38%   545  270s
  1050   853 -3667.3179   65 2273 -3564.0000 -3755.5973  5.38%   556  275s
  1056   857 -3659.2534   68 2200 -3564.0000 -3755.5973  5.38%   566  280s
  1073   868 -3641.9933   77 2172 -3564.0000 -3755.5973  5.38%   571  285s
  1093   882 -3633.3679   87 2007 -3564.0000 -3755.5973  5.38%   575  290s
  1112   894 -3616.0846   96 1946 -3564.0000 -3755.5973  5.38%   580  295s
  1139   912 -3596.9809  110 1726 -3564.0000 -3755.5973  5.38%   582  300s
  1160   926 -3575.5929  120 1598 -3564.0000 -3755.5973  5.38%   586  305s
  1181   926 -3753.9899   28 2867 -3564.0000 -3755.5594  5.37%   586  311s
  1183   928 -3749.3921   29 2844 -3564.0000 -3755.5594  5.37%   594  316s
  1186   930 -3745.4190   31 2776 -3564.0000 -3755.5594  5.37%   600  320s
  1189   932 -3742.7306   32 2743 -3564.0000 -3755.5594  5.37%   607  325s
  1192   934 -3736.9891   34 2706 -3564.0000 -3755.5594  5.37%   616  331s
  1195   936 -3732.4306   35 2692 -3564.0000 -3755.5594  5.37%   624  335s
  1198   938 -3726.2811   37 2668 -3564.0000 -3755.5594  5.37%   632  340s
  1203   941 -3720.8453   39 2635 -3564.0000 -3755.5594  5.37%   640  346s
  1207   944 -3715.3481   41 2569 -3564.0000 -3755.5594  5.37%   646  350s
  1211   946 -3711.5645   43 2579 -3564.0000 -3755.5594  5.37%   654  355s
  1218   951 -3703.4758   47 2526 -3564.0000 -3755.5594  5.37%   660  360s
  1225   956 -3698.7399   50 2476 -3564.0000 -3755.5594  5.37%   666  365s
  1232   960 -3689.5862   54 2426 -3564.0000 -3755.5594  5.37%   674  370s
  1238   964 -3681.8578   57 2402 -3564.0000 -3755.5594  5.37%   681  375s
  1246   970 -3672.7305   61 2328 -3564.0000 -3755.5594  5.37%   687  380s
  1254   975 -3664.9973   65 2256 -3564.0000 -3755.5594  5.37%   694  385s
  1264   982 -3651.9979   70 2225 -3564.0000 -3755.5594  5.37%   701  390s
  1275   989 -3641.6490   75 2198 -3564.0000 -3755.5594  5.37%   707  395s
  1292  1000 -3633.3019   84 2147 -3564.0000 -3755.5594  5.37%   712  400s
  1307  1010 -3624.5452   91 1855 -3564.0000 -3755.5594  5.37%   718  405s
  1333  1028 -3616.9872  104 1747 -3564.0000 -3755.5594  5.37%   720  410s
  1355  1042 -3610.2888  115 1651 -3564.0000 -3755.5594  5.37%   724  415s
  1377  1057 -3600.4973  126 1605 -3564.0000 -3755.5594  5.37%   729  420s
  1404  1075 -3592.0983  140 1555 -3564.0000 -3755.5594  5.37%   731  425s
  1440  1099 -3570.5640  158 1444 -3564.0000 -3755.5594  5.37%   732  430s
  1463  1090 -3749.3881   29 2869 -3564.0000 -3754.9859  5.36%   733  436s
  1465  1092 -3746.6803   30 2827 -3564.0000 -3754.9859  5.36%   738  440s
  1468  1094 -3742.2377   31 2812 -3564.0000 -3754.9859  5.36%   747  446s
  1470  1095 -3739.3453   32 2762 -3564.0000 -3754.9859  5.36%   753  450s
  1474  1098 -3732.5153   34 2708 -3564.0000 -3754.9859  5.36%   763  457s
  1477  1100 -3731.5078   36 2666 -3564.0000 -3754.9859  5.36%   768  460s
  1481  1102 -3722.5855   38 2624 -3564.0000 -3754.9859  5.36%   775  466s
  1485  1105 -3718.7809   40 2561 -3564.0000 -3754.9859  5.36%   782  471s
  1488  1107 -3714.3457   41 2559 -3564.0000 -3754.9859  5.36%   788  475s
  1492  1110 -3705.6505   43 2511 -3564.0000 -3754.9859  5.36%   796  481s
  1496  1112 -3700.6762   45 2512 -3564.0000 -3754.9859  5.36%   802  485s
  1501  1116 -3696.4462   48 2450 -3564.0000 -3754.9859  5.36%   810  490s
  1507  1120 -3691.6462   51 2419 -3564.0000 -3754.9859  5.36%   816  495s
  1512  1123 -3684.0566   53 2385 -3564.0000 -3754.9859  5.36%   824  500s
  1519  1128 -3675.1283   57 2295 -3564.0000 -3754.9859  5.36%   832  505s
  1527  1133 -3672.2994   61 2293 -3564.0000 -3754.9859  5.36%   837  510s

Cutting planes:
  Gomory: 23
  MIR: 114
  Flow cover: 1203
  Zero half: 483
  Mod-K: 1
  RLT: 104
  BQP: 161

Explored 1531 nodes (1289171 simplex iterations) in 512.00 seconds (596.28 work units)
Thread count was 1 (of 72 available processors)

Solution count 4: -3564 -3544 -1012 0 

Time limit reached
Best objective -3.564000000000e+03, best bound -3.754000000000e+03, gap 5.3311%

User-callback calls 25244, time in user-callback 0.12 sec

BQP_SOLUTION, 598, 2577, -1285.000000, 512.000455, 1, -1, -1, 1, -1, 1, -1, 1, -1, 1, 1, 1, -1, 1, -1, 1, 1, -1, 1, -1, 1, 1, -1, 1, -1, 1, 1, -1, 1, -1, -1, 1, -1, 1, -1, 1, 1, -1, 1, -1, 1, 1, 1, 1, -1, 1, -1, 1, 1, -1, -1, 1, -1, 1, 1, 1, -1, 1, -1, 1, 1, 1, -1, 1, -1, 1, 1, -1, 1, -1, 1, -1, -1, 1, -1, 1, -1, -1, 1, -1, 1, -1, -1, 1, -1, 1, -1, -1, 1, -1, 1, 1, -1, 1, -1, 1, -1, -1, 1, -1, 1, 1, -1, -1, 1, 1, -1, -1, -1, 1, 1, 1, -1, -1, 1, 1, 1, -1, -1, 1, 1, -1, -1, 1, -1, 1, -1, -1, 1, -1, 1, 1, -1, 1, -1, 1, -1, 1, 1, -1, 1, -1, -1, 1, -1, 1, 1, 1, -1, 1, 1, 1, 1, 1, 1, 1, 1, -1, 1, -1, 1, 1, 1, 1, 1, 1, 1, -1, -1, 1, 1, 1, -1, 1, 1, 1, 1, 1, -1, 1, 1, 1, 1, -1, 1, 1, 1, 1, -1, 1, 1, 1, 1, -1, 1, 1, -1, 1, -1, 1, 1, -1, 1, 1, 1, -1, 1, 1, -1, -1, 1, -1, -1, 1, -1, 1, 1, 1, -1, 1, 1, 1, -1, 1, 1, 1, 1, -1, 1, 1, 1, 1, -1, 1, -1, 1, 1, -1, 1, -1, 1, -1, 1, 1, 1, 1, 1, -1, -1, 1, 1, -1, -1, 1, 1, 1, 1, 1, 1, 1, 1, 1, -1, 1, -1, 1, -1, -1, 1, -1, 1, 1, -1, 1, 1, 1, 1, -1, 1, 1, 1, 1, -1, -1, 1, 1, 1, -1, 1, 1, -1, -1, -1, 1, 1, 1, 1, -1, -1, -1, 1, -1, 1, -1, 1, -1, -1, -1, 1, -1, -1, -1, 1, -1, 1, -1, -1, -1, -1, -1, -1, -1, 1, -1, -1, -1, -1, -1, 1, -1, -1, -1, 1, -1, -1, -1, -1, -1, -1, 1, -1, -1, -1, -1, -1, -1, 1, -1, -1, 1, -1, -1, -1, -1, -1, -1, -1, -1, -1, -1, -1, 1, -1, -1, -1, -1, -1, 1, 1, -1, -1, -1, 1, 1, 1, -1, -1, -1, -1, 1, -1, 1, -1, -1, 1, -1, -1, -1, -1, 1, -1, -1, -1, -1, 1, -1, -1, -1, -1, 1, 1, -1, -1, 1, -1, 1, -1, -1, 1, 1, 1, -1, -1, -1, 1, 1, -1, -1, 1, 1, -1, -1, -1, -1, 1, 1, -1, 1, 1, 1, -1, 1, -1, 1, 1, -1, 1, -1, 1, 1, -1, 1, -1, 1, 1, -1, -1, 1, 1, 1, -1, -1, -1, -1, 1, -1, 1, 1, 1, -1, 1, 1, 1, 1, 1, -1, 1, -1, 1, -1, 1, -1, 1, -1, 1, -1, 1, 1, 1, 1, -1, 1, 1, -1, 1, -1, 1, 1, -1, -1, -1, 1, 1, -1, -1, -1, 1, 1, 1, 1, -1, -1, 1, -1, 1, -1, 1, 1, -1, -1, -1, -1, 1, -1, -1, -1, -1, 1, -1, -1, -1, 1, 1, 1, -1, 1, -1, 1, 1, -1, 1, -1, -1, 1, -1, -1, -1, -1, 1, -1, 1, -1, 1, 1, -1, 1, 1, -1, -1, 1, 1, -1, 1, 1, 1, 1, -1, -1, -1, 1, 1, -1, -1, 1, 1, 1, 1, 1, 1, 1, 1, 1, -1, 1, 1, 1, -1, -1, 1, 1, 1, 1, -1, 1, 1, 1, 1, -1, 1, -1, 1, 1, -1, 1, 1, -1, 1, -1
BQP_DATA, 598, 2577, -1285.000000, -1475.000000, -3564.000000, -3754.000000, 512.000455, 1824, 1531
