Set parameter TSPort to value 51199
Set parameter TokenServer to value "open-license1.lanl.gov"
Set parameter TimeLimit to value 512
Set parameter Threads to value 1
Gurobi Optimizer version 10.0.3 build v10.0.3rc0 (linux64)

CPU model: Intel(R) Xeon(R) CPU E5-2695 v4 @ 2.10GHz, instruction set [SSE2|AVX|AVX2]
Thread count: 36 physical cores, 72 logical processors, using up to 1 threads

Optimize a model with 0 rows, 598 columns and 0 nonzeros
Model fingerprint: 0x59e51f64
Model has 2550 quadratic objective terms
Variable types: 0 continuous, 598 integer (598 binary)
Coefficient statistics:
  Matrix range     [0e+00, 0e+00]
  Objective range  [2e+00, 3e+01]
  QObjective range [8e+00, 8e+00]
  Bounds range     [1e+00, 1e+00]
  RHS range        [0e+00, 0e+00]
Found heuristic solution: objective 0.0000000
Found heuristic solution: objective -1008.000000
Found heuristic solution: objective -3560.000000
Found heuristic solution: objective -3574.000000
Presolve removed 0 rows and 1 columns
Presolve time: 0.25s
Presolved: 2549 rows, 3146 columns, 7647 nonzeros
Variable types: 0 continuous, 3146 integer (3146 binary)

Root relaxation: objective -4.816000e+03, 697 iterations, 0.01 seconds (0.01 work units)

    Nodes    |    Current Node    |     Objective Bounds      |     Work
 Expl Unexpl |  Obj  Depth IntInf | Incumbent    BestBd   Gap | It/Node Time

     0     0 -4816.0000    0  597 -3574.0000 -4816.0000  34.8%     -    0s
     0     0 -4368.5000    0  835 -3574.0000 -4368.5000  22.2%     -    0s
     0     0 -4364.5000    0  835 -3574.0000 -4364.5000  22.1%     -    0s
     0     0 -4266.0000    0  891 -3574.0000 -4266.0000  19.4%     -    0s
     0     0 -4266.0000    0  891 -3574.0000 -4266.0000  19.4%     -    1s
     0     2 -4266.0000    0  891 -3574.0000 -4266.0000  19.4%     -    1s
   514   500 -4014.8333   32 1007 -3574.0000 -4134.0000  15.7%  80.1    5s
   539   517 -3904.0585    4 1848 -3574.0000 -3904.0585  9.23%  76.4   11s
   550   524 -3631.0000  116 2230 -3574.0000 -3859.7628  8.00%  74.8   16s
   559   530 -3853.2738    4 2476 -3574.0000 -3853.2738  7.81%  73.6   20s
   562   532 -3826.1246   26 2512 -3574.0000 -3826.1246  7.05%  73.2   25s
   569   537 -3807.3625   68 2562 -3574.0000 -3807.3625  6.53%  72.3   30s
   577   542 -3725.0000   86 2624 -3574.0000 -3796.5515  6.23%  71.3   35s
   584   547 -3788.5675   38 2656 -3574.0000 -3788.5675  6.00%  70.5   40s
   598   556 -3772.0000   72 2703 -3574.0000 -3784.1204  5.88%  68.8   45s
   607   562 -3777.5584   46 2711 -3574.0000 -3777.5584  5.70%  67.8   50s
   622   572 -3773.3311   16 2749 -3574.0000 -3773.3311  5.58%  66.2   55s
   638   583 -3769.1328   21 2729 -3574.0000 -3769.1328  5.46%  64.5   60s
   655   594 -3765.0007   12 2764 -3574.0000 -3765.0007  5.34%  62.8   65s
   674   607 -3760.5082    8 2758 -3574.0000 -3760.5082  5.22%  61.1   70s
   704   627 -3757.9658   38 2792 -3574.0000 -3757.9658  5.15%  58.5   75s
   722   639 -3753.7915   16 2784 -3574.0000 -3753.7915  5.03%  57.0   80s
   736   650 -3753.5658   72 2401 -3574.0000 -3753.5658  5.02%   294   87s
   737   650 -3753.5658   37 2629 -3574.0000 -3753.5658  5.02%   293   92s
   738   651 -3753.5658   21 2701 -3574.0000 -3753.5658  5.02%   293   95s
   747   657 -3751.7239   35 2778 -3574.0000 -3751.7239  4.97%   290  100s
   763   668 -3670.0000  105 2806 -3574.0000 -3748.2360  4.88%   283  105s
   776   676 -3745.2301   57 2823 -3574.0000 -3745.2301  4.79%   279  110s
   793   688 -3630.0000  120 2838 -3574.0000 -3743.3607  4.74%   273  115s
   809   698 -3741.7536   21 2854 -3574.0000 -3741.7536  4.69%   267  120s
   827   710 -3729.3333   83 2846 -3574.0000 -3740.0375  4.65%   262  125s
   845   722 -3737.8706   73 2867 -3574.0000 -3737.8706  4.59%   256  130s
   871   740 -3715.0000   88 2881 -3574.0000 -3736.8438  4.56%   248  135s
   896   756 -3736.0146   15 2889 -3574.0000 -3736.0146  4.53%   241  140s
   924   775 -3735.0839   55 2892 -3574.0000 -3735.0839  4.51%   234  145s
   948   791 -3734.0633   64 2878 -3574.0000 -3734.0633  4.48%   228  150s
   970   806 -3732.9681   15 2904 -3574.0000 -3732.9681  4.45%   223  155s
   992   820 -3732.2098   26 2901 -3574.0000 -3732.2098  4.43%   218  160s
  1024   842 -3731.3077   55 2905 -3574.0000 -3731.3077  4.40%   211  165s
  1062   867 -3730.6467   26 2930 -3574.0000 -3730.6467  4.38%   204  170s
  1070   872 -3730.6078   15 2912 -3574.0000 -3730.6078  4.38%   202  177s
  1071   875 -3728.6078   21 2860 -3574.0000 -3730.2351  4.37%   347  180s
  1074   877 -3726.3537   22 2826 -3574.0000 -3726.7605  4.27%   355  185s
  1078   880 -3718.7467   24 2758 -3574.0000 -3726.7605  4.27%   363  190s
  1082   882 -3718.6521   26 2701 -3574.0000 -3726.7605  4.27%   376  196s
  1085   884 -3714.8239   28 2671 -3574.0000 -3726.7605  4.27%   385  200s
  1089   887 -3710.5040   30 2639 -3574.0000 -3726.7605  4.27%   395  205s
  1093   890 -3707.3219   32 2621 -3574.0000 -3726.7605  4.27%   406  210s
  1096   892 -3703.9571   33 2608 -3574.0000 -3726.7605  4.27%   416  215s
  1104   897 -3694.8675   37 2525 -3574.0000 -3726.7605  4.27%   424  220s
  1114   904 -3684.5332   42 2479 -3574.0000 -3726.7605  4.27%   431  225s
  1126   912 -3668.6478   48 2357 -3574.0000 -3726.7605  4.27%   441  230s
  1135   918 -3664.4457   53 2298 -3574.0000 -3726.7605  4.27%   448  235s
  1144   924 -3654.3511   57 2243 -3574.0000 -3726.7605  4.27%   462  240s
  1156   932 -3644.2032   63 2186 -3574.0000 -3726.7605  4.27%   471  245s
  1170   941 -3632.6658   70 2133 -3574.0000 -3726.7605  4.27%   477  250s
  1188   953 -3623.5938   79 2025 -3574.0000 -3726.7605  4.27%   484  255s
H 1205   912                    -3584.000000 -3726.7605  3.98%   487  258s
  1211   918 -3608.4990   91 1932 -3584.0000 -3726.7605  3.98%   489  260s
  1245   927 -3725.4699   22 2802 -3584.0000 -3726.7046  3.98%   491  266s
  1248   929 -3721.1714   24 2756 -3584.0000 -3726.7046  3.98%   497  270s
  1252   932 -3715.9841   26 2695 -3584.0000 -3726.7046  3.98%   504  275s
  1256   934 -3710.6339   28 2643 -3584.0000 -3726.7046  3.98%   512  280s
  1260   937 -3705.1757   30 2597 -3584.0000 -3726.7046  3.98%   520  285s
  1265   940 -3697.5168   32 2556 -3584.0000 -3726.7046  3.98%   529  291s
  1271   944 -3688.7125   35 2474 -3584.0000 -3726.7046  3.98%   536  296s
  1276   948 -3685.7126   38 2431 -3584.0000 -3726.7046  3.98%   543  300s
  1282   952 -3676.9831   41 2424 -3584.0000 -3726.7046  3.98%   551  305s
  1289   956 -3671.9698   44 2358 -3584.0000 -3726.7046  3.98%   558  310s
  1299   963 -3661.2480   49 2315 -3584.0000 -3726.7046  3.98%   565  315s
  1310   970 -3652.6849   55 2223 -3584.0000 -3726.7046  3.98%   571  320s
  1320   977 -3643.5625   60 2185 -3584.0000 -3726.7046  3.98%   578  325s
  1331   984 -3631.3165   65 2162 -3584.0000 -3726.7046  3.98%   585  330s
  1346   994 -3621.2958   73 2063 -3584.0000 -3726.7046  3.98%   591  335s
  1364  1006 -3609.5240   82 2002 -3584.0000 -3726.7046  3.98%   595  340s
  1388  1022 -3595.4779   94 1917 -3584.0000 -3726.7046  3.98%   597  345s
  1415  1019 -3722.9956   22 2820 -3584.0000 -3725.8013  3.96%   596  351s
  1417  1021 -3719.3645   23 2801 -3584.0000 -3725.8013  3.96%   602  355s
  1420  1023 -3713.2565   25 2734 -3584.0000 -3725.8013  3.96%   607  360s
  1424  1025 -3708.6717   27 2677 -3584.0000 -3725.8013  3.96%   613  365s
  1429  1029 -3701.8683   29 2634 -3584.0000 -3725.8013  3.96%   621  371s
  1434  1032 -3696.4829   32 2551 -3584.0000 -3725.8013  3.96%   626  375s
  1439  1035 -3690.5673   34 2519 -3584.0000 -3725.8013  3.96%   632  380s
  1444  1039 -3682.3530   37 2456 -3584.0000 -3725.8013  3.96%   639  385s
  1451  1043 -3672.6088   40 2416 -3584.0000 -3725.8013  3.96%   645  390s
  1458  1048 -3668.8763   44 2352 -3584.0000 -3725.8013  3.96%   651  395s
  1465  1053 -3660.9699   47 2338 -3584.0000 -3725.8013  3.96%   657  400s
  1474  1059 -3658.1431   52 2253 -3584.0000 -3725.8013  3.96%   663  405s
  1485  1066 -3649.1768   57 2214 -3584.0000 -3725.8013  3.96%   669  410s
  1496  1073 -3641.8918   63 2145 -3584.0000 -3725.8013  3.96%   674  415s
  1509  1082 -3625.9856   69 2051 -3584.0000 -3725.8013  3.96%   677  420s
  1526  1093 -3616.0265   78 1972 -3584.0000 -3725.8013  3.96%   680  425s
  1550  1109 -3599.9782   90 1900 -3584.0000 -3725.8013  3.96%   681  430s
  1586  1121 -3723.2549   23 2812 -3584.0000 -3725.7673  3.96%   680  438s
  1587  1122 -3719.8436   24 2786 -3584.0000 -3725.7673  3.96%   682  440s
  1590  1124 -3717.5099   25 2758 -3584.0000 -3725.7673  3.96%   687  445s
  1594  1127 -3716.0125   25 2751 -3584.0000 -3725.7673  3.96%   693  450s
  1598  1129 -3712.2335   27 2693 -3584.0000 -3725.7673  3.96%   699  456s
  1602  1132 -3711.1774   28 2659 -3584.0000 -3725.7673  3.96%   704  460s
  1605  1134 -3707.5288   29 2650 -3584.0000 -3725.7673  3.96%   711  466s
  1609  1137 -3707.2783   29 2650 -3584.0000 -3725.7673  3.96%   716  470s
  1613  1139 -3699.4392   32 2602 -3584.0000 -3725.7673  3.96%   721  475s
  1617  1142 -3698.7982   32 2593 -3584.0000 -3725.7673  3.96%   725  480s
  1622  1145 -3696.3016   33 2593 -3584.0000 -3725.7673  3.96%   731  485s
  1628  1149 -3692.0626   35 2541 -3584.0000 -3725.7673  3.96%   736  490s
  1634  1153 -3688.0295   36 2520 -3584.0000 -3725.7673  3.96%   742  495s
  1639  1157 -3683.9945   39 2495 -3584.0000 -3725.7673  3.96%   746  500s
  1647  1162 -3678.5132   43 2407 -3584.0000 -3725.7673  3.96%   750  505s
  1655  1167 -3672.3818   46 2355 -3584.0000 -3725.7673  3.96%   755  510s

Cutting planes:
  Gomory: 23
  MIR: 111
  Flow cover: 1275
  Zero half: 402
  Mod-K: 3
  RLT: 120
  BQP: 170

Explored 1659 nodes (1260354 simplex iterations) in 512.00 seconds (601.75 work units)
Thread count was 1 (of 72 available processors)

Solution count 5: -3584 -3574 -3560 ... 0

Time limit reached
Best objective -3.584000000000e+03, best bound -3.724000000000e+03, gap 3.9062%

User-callback calls 26926, time in user-callback 0.12 sec

BQP_SOLUTION, 598, 2550, -1318.000000, 512.000486, 1, 1, 1, -1, 1, -1, 1, -1, 1, -1, -1, 1, -1, -1, 1, -1, 1, -1, 1, -1, -1, -1, -1, -1, 1, 1, -1, 1, -1, -1, 1, -1, -1, -1, -1, -1, -1, -1, 1, 1, -1, -1, 1, -1, 1, -1, -1, 1, -1, -1, -1, -1, -1, 1, 1, -1, -1, -1, 1, 1, -1, -1, 1, -1, -1, 1, -1, 1, 1, -1, -1, -1, 1, 1, -1, -1, -1, 1, 1, -1, -1, 1, -1, 1, 1, -1, -1, 1, 1, -1, 1, -1, 1, 1, -1, 1, -1, 1, 1, 1, 1, -1, 1, 1, -1, 1, -1, -1, 1, 1, 1, -1, 1, 1, 1, 1, -1, 1, 1, 1, 1, 1, 1, 1, -1, -1, 1, 1, 1, 1, 1, 1, -1, -1, 1, -1, 1, 1, 1, 1, 1, -1, 1, -1, 1, 1, 1, 1, 1, 1, 1, -1, 1, -1, 1, 1, 1, 1, -1, 1, 1, 1, -1, 1, 1, 1, 1, -1, 1, 1, 1, 1, -1, 1, 1, -1, 1, -1, 1, 1, 1, -1, -1, 1, 1, 1, 1, -1, 1, 1, 1, 1, -1, 1, 1, 1, -1, 1, -1, 1, 1, 1, -1, -1, 1, 1, 1, -1, 1, 1, 1, -1, -1, 1, 1, 1, 1, -1, -1, -1, 1, 1, -1, -1, 1, 1, -1, -1, 1, 1, 1, 1, -1, -1, -1, 1, -1, -1, -1, -1, 1, -1, -1, 1, 1, 1, -1, 1, -1, 1, 1, -1, 1, 1, 1, -1, -1, -1, 1, 1, -1, 1, -1, 1, 1, -1, -1, -1, 1, -1, -1, -1, -1, 1, 1, 1, -1, -1, -1, -1, 1, -1, -1, 1, 1, -1, -1, -1, 1, -1, -1, -1, -1, 1, 1, 1, -1, -1, 1, 1, -1, -1, -1, 1, 1, -1, -1, 1, -1, 1, -1, -1, 1, 1, 1, 1, -1, -1, -1, 1, -1, -1, -1, 1, 1, -1, -1, -1, 1, 1, -1, -1, -1, 1, 1, -1, -1, -1, 1, 1, 1, -1, -1, 1, 1, 1, -1, -1, 1, -1, 1, -1, 1, 1, 1, -1, -1, -1, 1, 1, -1, -1, 1, 1, -1, -1, 1, -1, 1, 1, -1, 1, -1, 1, -1, -1, -1, 1, 1, 1, -1, -1, 1, 1, 1, -1, -1, 1, -1, 1, -1, -1, 1, 1, 1, -1, -1, 1, -1, 1, -1, -1, 1, -1, 1, 1, -1, 1, -1, 1, -1, -1, 1, 1, 1, -1, -1, -1, 1, -1, -1, -1, 1, 1, -1, -1, 1, 1, -1, 1, -1, 1, 1, 1, 1, -1, 1, 1, -1, -1, -1, -1, 1, 1, -1, -1, 1, 1, 1, -1, -1, 1, 1, 1, -1, 1, 1, 1, 1, -1, -1, 1, 1, 1, -1, 1, -1, 1, 1, -1, 1, -1, 1, 1, -1, 1, 1, 1, -1, -1, 1, 1, 1, -1, -1, 1, 1, 1, 1, -1, 1, 1, 1, -1, -1, 1, 1, 1, 1, -1, 1, 1, 1, -1, -1, 1, 1, 1, 1, -1, 1, 1, -1, -1, -1, -1, 1, 1, 1, -1, -1, 1, 1, 1, -1, 1, 1, -1, -1, 1, -1, 1, 1, 1, -1, -1, 1, -1, -1, -1, -1, 1, -1, 1, 1, -1, -1, -1, -1, 1, -1, 1, -1, 1, -1, -1, -1, 1, -1, 1, -1, 1, -1, 1, 1, -1, 1, -1, 1, 1, 1, 1, -1, 1, -1, -1, 1, 1, -1, 1, -1, 1, -1, 1, 1, -1, -1, -1, -1, 1, -1, 1, 1, 1, 1, -1, -1, 1
BQP_DATA, 598, 2550, -1318.000000, -1458.000000, -3584.000000, -3724.000000, 512.000486, 1814, 1659
