Set parameter TSPort to value 51199
Set parameter TokenServer to value "open-license1.lanl.gov"
Set parameter TimeLimit to value 8192
Set parameter Threads to value 1
Gurobi Optimizer version 10.0.3 build v10.0.3rc0 (linux64)

CPU model: Intel(R) Xeon(R) CPU E5-2695 v4 @ 2.10GHz, instruction set [SSE2|AVX|AVX2]
Thread count: 36 physical cores, 72 logical processors, using up to 1 threads

Optimize a model with 0 rows, 2897 columns and 0 nonzeros
Model fingerprint: 0x898c5814
Model has 13365 quadratic objective terms
Variable types: 0 continuous, 2897 integer (2897 binary)
Coefficient statistics:
  Matrix range     [0e+00, 0e+00]
  Objective range  [2e+00, 3e+01]
  QObjective range [8e+00, 8e+00]
  Bounds range     [1e+00, 1e+00]
  RHS range        [0e+00, 0e+00]
Found heuristic solution: objective 0.0000000
Found heuristic solution: objective -4920.000000
Found heuristic solution: objective -17732.00000
Found heuristic solution: objective -17796.00000
Presolve time: 0.34s
Presolved: 13365 rows, 16262 columns, 40095 nonzeros
Variable types: 0 continuous, 16262 integer (16262 binary)

Root relaxation: objective -2.492400e+04, 4013 iterations, 0.06 seconds (0.03 work units)

    Nodes    |    Current Node    |     Objective Bounds      |     Work
 Expl Unexpl |  Obj  Depth IntInf | Incumbent    BestBd   Gap | It/Node Time

     0     0 -24924.000    0 2897 -17796.000 -24924.000  40.1%     -    0s
     0     0 -23324.000    0 3682 -17796.000 -23324.000  31.1%     -    1s
     0     0 -23095.000    0 3814 -17796.000 -23095.000  29.8%     -    1s
     0     0 -23085.333    0 3824 -17796.000 -23085.333  29.7%     -    1s
     0     0 -22707.833    0 4069 -17796.000 -22707.833  27.6%     -    2s
     0     0 -22707.833    0 4051 -17796.000 -22707.833  27.6%     -    2s
     0     2 -22707.833    0 4044 -17796.000 -22707.833  27.6%     -    3s
    47    49 -22489.500   24 4270 -17796.000 -22703.833  27.6%   183    5s
   290   292 -21470.500  145 4986 -17796.000 -22703.833  27.6%   104   10s
   530   532 -20524.500  265 5339 -17796.000 -22703.833  27.6%  93.9   15s
H  540   540                    -17802.00000 -22703.833  27.5%  93.8   15s
   707   709 -19919.000  354 5503 -17802.000 -22703.833  27.5%  86.0   20s
   864   866 -19439.000  433 5612 -17802.000 -22703.833  27.5%  80.8   25s
  1039  1041 -18960.900  520 5707 -17802.000 -22703.833  27.5%  76.4   30s
H 1196  1196                    -17804.00000 -22703.833  27.5%  74.0   33s
H 1300  1300                    -17806.00000 -22703.833  27.5%  72.4   34s
  1321  1323 -18304.400  663 5482 -17806.000 -22703.833  27.5%  71.8   35s
H 1404  1404                    -17808.00000 -22703.833  27.5%  70.0   36s
H 1430  1430                    -17816.00000 -22703.833  27.4%  69.4   36s
H 1456  1456                    -17822.00000 -22703.833  27.4%  69.2   37s
H 1508  1508                    -17824.00000 -22703.833  27.4%  68.2   37s
H 1560  1560                    -17830.00000 -22703.833  27.3%  67.1   38s
H 1590  1550                    -17840.00000 -22703.833  27.3%  67.0   38s
H 1595  1550                    -17842.00000 -22703.833  27.2%  67.1   40s
  1600  1554 -19902.000  357 4373 -17842.000 -22124.167  24.0%  66.9   45s
  1602  1555 -18386.800  639 4975 -17842.000 -21547.382  20.8%  66.8   51s
  1609  1560 -18755.900  562 5629 -17842.000 -21112.256  18.3%  66.5   69s
  1610  1560 -20993.961   76 6168 -17842.000 -20993.961  17.7%  66.5   88s
  1611  1561 -20955.764  100 6302 -17842.000 -20955.764  17.5%  66.4  104s
  1612  1562 -20842.500  221 6369 -17842.000 -20946.461  17.4%  66.4  112s
  1613  1562 -20942.439  202 6526 -17842.000 -20942.439  17.4%  66.3  116s
  1617  1565 -19321.500  452 6762 -17842.000 -20939.920  17.4%  66.2  120s
  1622  1568 -18871.900  544 7123 -17842.000 -20669.205  15.8%  66.0  183s
  1623  1569 -18280.900  669 7668 -17842.000 -20581.227  15.4%  65.9  251s
  1624  1570 -20232.500  308 7890 -17842.000 -20554.310  15.2%  65.9  293s
  1625  1570 -20546.104  240 8185 -17842.000 -20546.104  15.2%  65.8  306s
  1626  1571 -20543.037  109 8225 -17842.000 -20543.037  15.1%  65.8  315s
  1627  1572 -20540.617  115 8328 -17842.000 -20540.617  15.1%  65.8  321s
  1628  1572 -20539.955  187 8319 -17842.000 -20539.955  15.1%  65.7  325s
  1632  1575 -17898.150  766 8437 -17842.000 -20539.515  15.1%  65.6  330s
  1638  1579 -18251.400  676 9049 -17842.000 -20282.836  13.7%  65.3  471s
  1639  1580 -17957.150  748 9428 -17842.000 -20223.487  13.3%  65.3  576s
  1640  1580 -20206.797  240 9556 -17842.000 -20206.797  13.3%  65.2  636s
  1641  1581 -20075.000  332 9756 -17842.000 -20202.340  13.2%  65.2  656s
  1642  1582 -20199.565   92 9898 -17842.000 -20199.565  13.2%  65.2  671s
  1643  1582 -18630.900  588 9941 -17842.000 -20198.636  13.2%  65.1  679s
  1644  1583 -19413.000  438 9968 -17842.000 -20198.159  13.2%  65.1  685s
  1646  1584 -20197.751   11 10017 -17842.000 -20197.751  13.2%  65.0  691s
  1649  1586 -20197.695   55 10073 -17842.000 -20197.695  13.2%  64.9  695s
  1650  1587 -20022.488  207 10368 -17842.000 -20022.488  12.2%  64.8  883s
  1651  1588 -19778.000  375 10762 -17842.000 -19975.146  12.0%  64.8  995s
  1652  1588 -19954.207   32 11259 -17842.000 -19954.207  11.8%  64.8 1079s
  1653  1589 -18777.900  559 11426 -17842.000 -19948.208  11.8%  64.7 1119s
  1654  1590 -19945.911  147 11452 -17842.000 -19945.911  11.8%  64.7 1140s
  1655  1590 -19944.959  247 11477 -17842.000 -19944.959  11.8%  64.7 1152s
  1656  1591 -18307.400  663 11510 -17842.000 -19944.422  11.8%  64.6 1159s
  1657  1592 -19944.236  207 11583 -17842.000 -19944.236  11.8%  64.6 1164s
  1658  1592 -19862.000  363 11577 -17842.000 -19944.176  11.8%  64.5 1167s
  1660  1594 -19944.101  322 11599 -17842.000 -19944.101  11.8%  64.5 1170s
  1663  1596 -19811.096  324 12494 -17842.000 -19811.096  11.0%  64.3 1431s
  1664  1596 -19011.900  506 12705 -17842.000 -19784.377  10.9%  64.3 1577s
  1665  1597 -18253.400  675 12925 -17842.000 -19777.550  10.8%  64.3 1644s
  1666  1598 -19775.432  357 12976 -17842.000 -19775.432  10.8%  64.2 1672s
  1667  1598 -17902.150  764 12999 -17842.000 -19774.545  10.8%  64.2 1688s
  1668  1599 -19334.500  450 13015 -17842.000 -19774.289  10.8%  64.1 1696s
  1669  1600 -18131.900  701 13040 -17842.000 -19774.172  10.8%  64.1 1702s
  1670  1600 -18652.900  583 13088 -17842.000 -19774.133  10.8%  64.1 1705s
  1673  1602 -19774.098  115 13121 -17842.000 -19774.098  10.8%  64.0 1710s
  1675  1604 -19707.855   99 13185 -17842.000 -19707.855  10.5%  63.9 1928s
  1676  1604 -19693.941  111 13352 -17842.000 -19693.941  10.4%  63.8 2055s
  1677  1605 -19691.281  128 13346 -17842.000 -19691.281  10.4%  63.8 2095s
  1678  1606 -19690.460  155 13370 -17842.000 -19690.460  10.4%  63.8 2112s
  1679  1606 -19690.085  301 13432 -17842.000 -19690.085  10.4%  63.7 2126s
  1680  1607 -19222.500  468 13461 -17842.000 -19689.950  10.4%  63.7 2132s
  1681  1608 -19689.813  229 13500 -17842.000 -19689.813  10.4%  63.7 2137s
  1682  1608 -18596.900  593 13499 -17842.000 -19689.772  10.4%  63.6 2141s
  1684  1610 -19689.742  140 13503 -17842.000 -19689.742  10.4%  63.5 2145s
  1687  1612 -18584.900  596 13388 -17842.000 -19647.870  10.1%  63.4 2350s
  1688  1612 -19089.500  490 13527 -17842.000 -19639.667  10.1%  63.4 2447s
  1689  1613 -19637.851  195 13602 -17842.000 -19637.851  10.1%  63.4 2487s
  1690  1614 -19637.262   59 13623 -17842.000 -19637.262  10.1%  63.3 2502s
  1691  1614 -19636.968  252 13666 -17842.000 -19636.968  10.1%  63.3 2512s
  1692  1615 -18437.400  627 13670 -17842.000 -19636.899  10.1%  63.2 2516s
  1694  1616 -18026.400  730 13702 -17842.000 -19636.865  10.1%  63.2 2520s
  1696  1618 -19636.861  105 13715 -17842.000 -19636.861  10.1%  63.1 2525s
  1697  1618 -19603.456  346 13558 -17842.000 -19603.456  9.87%  63.1 2722s
  1698  1619 -18386.800  639 13668 -17842.000 -19595.474  9.83%  63.0 2828s
  1699  1620 -18871.900  544 13707 -17842.000 -19594.017  9.82%  63.0 2870s
  1700  1620 -19593.595  357 13748 -17842.000 -19593.595  9.82%  62.9 2888s
  1701  1621 -18490.900  616 13793 -17842.000 -19593.507  9.82%  62.9 2894s
  1702  1622 -18386.800  639 13796 -17842.000 -19593.464  9.82%  62.9 2897s
  1703  1622 -19126.500  482 13811 -17842.000 -19593.451  9.82%  62.8 2900s
  1706  1624 -19214.500  469 13737 -17842.000 -19563.035  9.65%  62.7 3110s
  1707  1625 -19557.727  395 13827 -17842.000 -19557.727  9.62%  62.7 3205s
  1708  1626 -19556.684  353 13869 -17842.000 -19556.684  9.61%  62.6 3232s
  1709  1626 -18755.900  562 13935 -17842.000 -19556.204  9.61%  62.6 3247s
  1710  1627 -19556.091   76 13961 -17842.000 -19556.091  9.61%  62.6 3253s
  1711  1628 -19556.012  100 13970 -17842.000 -19556.012  9.61%  62.5 3257s
  1712  1628 -19555.993  221 13953 -17842.000 -19555.993  9.61%  62.5 3261s
  1714  1630 -19555.986  407 13982 -17842.000 -19555.986  9.61%  62.4 3265s
  1715  1630 -18173.900  692 13841 -17842.000 -19534.354  9.49%  62.4 3443s
  1716  1631 -18967.900  520 13945 -17842.000 -19529.964  9.46%  62.4 3530s
  1717  1632 -19321.500  452 13967 -17842.000 -19529.188  9.46%  62.3 3552s
  1718  1632 -19528.936  267 13996 -17842.000 -19528.936  9.45%  62.3 3562s
  1719  1633 -18374.400  643 13994 -17842.000 -19528.860  9.45%  62.2 3567s
  1721  1634 -18779.900  558 14033 -17842.000 -19528.833  9.45%  62.2 3571s
  1723  1636 -18280.900  669 13859 -17842.000 -19512.000  9.36%  62.1 3746s
  1724  1636 -19507.981  308 13917 -17842.000 -19507.981  9.34%  62.1 3819s
  1725  1637 -19507.189  240 13981 -17842.000 -19507.189  9.33%  62.0 3844s
  1726  1638 -19506.996  109 14028 -17842.000 -19506.996  9.33%  62.0 3853s
  1727  1638 -19506.922  115 14032 -17842.000 -19506.922  9.33%  62.0 3858s
  1728  1639 -19506.902  187 14050 -17842.000 -19506.902  9.33%  61.9 3862s
  1730  1640 -18967.900  520 14073 -17842.000 -19506.893  9.33%  61.8 3865s
H 1730  1555                    -17846.00000 -19489.222  9.21%  61.8 4037s
  1732  1557 -17898.150  766 14005 -17846.000 -19485.684  9.19%  61.8 4119s
  1733  1557 -19485.072  150 14031 -17846.000 -19485.072  9.18%  61.7 4139s
  1734  1558 -18513.900  613 14067 -17846.000 -19484.868  9.18%  61.7 4148s
  1735  1559 -18383.200  640 14071 -17846.000 -19484.799  9.18%  61.7 4153s
  1736  1559 -18036.400  727 14104 -17846.000 -19484.779  9.18%  61.6 4156s
  1739  1561 -17957.150  748 13985 -17846.000 -19472.470  9.11%  61.5 4314s
  1740  1562 -19469.607  240 14037 -17846.000 -19469.607  9.10%  61.5 4374s
  1741  1563 -19468.917  332 14101 -17846.000 -19468.917  9.09%  61.5 4396s
  1742  1563 -19468.783   92 14153 -17846.000 -19468.783  9.09%  61.4 4404s
  1743  1564 -18630.900  588 14162 -17846.000 -19468.741  9.09%  61.4 4408s
  1744  1565 -19413.000  438 14170 -17846.000 -19468.731  9.09%  61.4 4411s
H 1745  1484                    -17850.00000 -19455.241  8.99%  61.3 4559s
  1747  1486 -19452.371  121 14118 -17850.000 -19452.371  8.98%  61.2 4622s
  1748  1486 -19451.665  295 14144 -17850.000 -19451.665  8.97%  61.2 4644s
  1749  1487 -19451.525   55 14186 -17850.000 -19451.525  8.97%  61.2 4652s
  1750  1488 -19451.481  207 14209 -17850.000 -19451.481  8.97%  61.1 4658s
  1751  1488 -19451.462  375 14222 -17850.000 -19451.462  8.97%  61.1 4661s
  1754  1490 -19441.577  147 14102 -17850.000 -19441.577  8.92%  61.0 4803s
  1755  1491 -19439.384  247 14171 -17850.000 -19439.384  8.90%  61.0 4866s
  1756  1492 -18307.400  663 14258 -17850.000 -19438.869  8.90%  60.9 4891s
  1757  1492 -19438.713  207 14268 -17850.000 -19438.713  8.90%  60.9 4901s
  1758  1493 -19438.632  363 14287 -17850.000 -19438.632  8.90%  60.9 4907s
  1759  1494 -19438.595  223 14300 -17850.000 -19438.595  8.90%  60.8 4912s
  1760  1494 -19438.582  322 14291 -17850.000 -19438.582  8.90%  60.8 4915s
  1762  1496 -19426.909   37 14152 -17850.000 -19426.909  8.83%  60.7 5074s
  1763  1496 -19424.078  324 14252 -17850.000 -19424.078  8.82%  60.7 5151s
  1764  1497 -19011.900  506 14259 -17850.000 -19423.474  8.81%  60.7 5175s
  1765  1498 -18253.400  675 14286 -17850.000 -19423.290  8.81%  60.6 5185s
  1766  1498 -19423.237  357 14310 -17850.000 -19423.237  8.81%  60.6 5192s
  1767  1499 -17902.150  764 14334 -17850.000 -19423.215  8.81%  60.6 5196s
  1769  1500 -18131.900  701 14351 -17850.000 -19423.202  8.81%  60.5 5200s
  1770  1501 -18652.900  583 14247 -17850.000 -19417.057  8.78%  60.5 5311s
  1771  1502 -19415.397  262 14301 -17850.000 -19415.397  8.77%  60.4 5357s
  1772  1502 -19245.500  465 14309 -17850.000 -19414.944  8.77%  60.4 5374s
  1773  1503 -19414.682  115 14329 -17850.000 -19414.682  8.77%  60.3 5388s
  1774  1504 -19182.000  473 14377 -17850.000 -19414.631  8.77%  60.3 5393s
  1775  1504 -19414.597   99 14376 -17850.000 -19414.597  8.77%  60.3 5396s
  1777  1506 -19414.584  128 14384 -17850.000 -19414.584  8.77%  60.2 5401s
  1778  1506 -19406.278  155 14230 -17850.000 -19406.278  8.72%  60.2 5536s
  1779  1507 -19404.518  301 14343 -17850.000 -19404.518  8.71%  60.1 5586s
  1780  1508 -19222.500  468 14401 -17850.000 -19404.088  8.71%  60.1 5604s
  1781  1508 -19403.961  229 14414 -17850.000 -19403.961  8.71%  60.1 5614s
  1782  1509 -18596.900  593 14435 -17850.000 -19403.917  8.71%  60.0 5619s
  1783  1510 -18110.400  707 14438 -17850.000 -19403.904  8.71%  60.0 5622s
  1786  1512 -19397.985  193 14288 -17850.000 -19397.985  8.67%  59.9 5732s
  1787  1512 -18584.900  596 14355 -17850.000 -19396.209  8.66%  59.9 5787s
  1788  1513 -19089.500  490 14411 -17850.000 -19395.871  8.66%  59.8 5803s
  1789  1514 -19395.718  195 14431 -17850.000 -19395.718  8.66%  59.8 5815s
  1790  1514 -19395.681   59 14464 -17850.000 -19395.681  8.66%  59.8 5820s
  1793  1516 -18383.200  640 14336 -17850.000 -19388.646  8.62%  59.7 5947s
  1794  1517 -18026.400  730 14400 -17850.000 -19386.624  8.61%  59.6 6006s
  1795  1518 -19386.131  245 14451 -17850.000 -19386.131  8.61%  59.6 6032s
  1796  1518 -19386.024  105 14466 -17850.000 -19386.024  8.61%  59.6 6043s
  1797  1519 -19385.916  346 14460 -17850.000 -19385.916  8.60%  59.5 6052s
  1798  1520 -18386.800  639 14472 -17850.000 -19385.894  8.60%  59.5 6055s
  1801  1522 -18490.900  616 14458 -17850.000 -19385.186  8.60%  59.4 6076s
  1802  1522 -18386.800  639 14457 -17850.000 -19385.024  8.60%  59.4 6087s
  1804  1524 -19385.009  228 14491 -17850.000 -19385.009  8.60%  59.3 6090s
  1812  1529 -19385.007  221 14497 -17850.000 -19385.007  8.60%  59.1 6095s
  1820  1535 -19385.007   49 5265 -17850.000 -19385.007  8.60%  1755 6104s
  1821  1536 -18779.900  558 6392 -17850.000 -19385.007  8.60%  1754 6129s
  1822  1537 -18871.900  544 8064 -17850.000 -19385.007  8.60%  1753 6203s
  1823  1537 -18280.900  669 9658 -17850.000 -19385.007  8.60%  1752 6353s
  1824  1538 -19385.007  308 11103 -17850.000 -19385.007  8.60%  1751 6539s
  1825  1539 -19385.007  240 12930 -17850.000 -19385.007  8.60%  1750 6835s
  1826  1539 -19385.007  109 13661 -17850.000 -19385.007  8.60%  1749 7158s
  1827  1540 -19385.007  115 14052 -17850.000 -19385.007  8.60%  1748 7434s
  1828  1541 -19385.007  187 14218 -17850.000 -19385.007  8.60%  1747 7575s
  1829  1541 -19385.007  288 14275 -17850.000 -19385.007  8.60%  1746 7633s
  1830  1542 -18967.900  520 14351 -17850.000 -19385.007  8.60%  1745 7655s
  1831  1543 -19385.007  413 14383 -17850.000 -19385.007  8.60%  1744 7666s
  1832  1543 -17898.150  766 14396 -17850.000 -19385.007  8.60%  1743 7679s
  1833  1544 -19385.007  150 14431 -17850.000 -19385.007  8.60%  1742 7685s
  1835  1545 -18383.200  640 14451 -17850.000 -19385.007  8.60%  1740 7690s
  1837  1547 -19385.007  112 14455 -17850.000 -19385.007  8.60%  1739 7697s
  1838  1547 -18251.400  676 14391 -17850.000 -19366.997  8.50%  1738 7921s
  1839  1548 -17957.150  748 14447 -17850.000 -19364.882  8.49%  1737 7987s
  1840  1549 -19364.626  240 14454 -17850.000 -19364.626  8.49%  1736 8002s
  1841  1549 -19364.556  332 14478 -17850.000 -19364.556  8.48%  1735 8010s
  1844  1551 -19364.528  438 14500 -17850.000 -19364.528  8.48%  1732 8018s
  1845  1552 -17969.150  743 14455 -17850.000 -19353.628  8.42%  1731 8190s

Cutting planes:
  Gomory: 88
  MIR: 432
  Flow cover: 5276
  Zero half: 1878
  Mod-K: 76
  RLT: 597
  BQP: 869

Explored 1845 nodes (4365858 simplex iterations) in 8192.00 seconds (12707.60 work units)
Thread count was 1 (of 72 available processors)

Solution count 10: -17850 -17846 -17842 ... -17806

Time limit reached
Best objective -1.785000000000e+04, best bound -1.935200000000e+04, gap 8.4146%

User-callback calls 22675, time in user-callback 0.12 sec

BQP_SOLUTION, 2897, 13365, -6291.000000, 8192.002341, 1, -1, 1, 1, 1, -1, -1, 1, 1, 1, 1, 1, -1, 1, -1, -1, 1, -1, 1, -1, 1, -1, 1, -1, 1, -1, -1, 1, -1, 1, -1, 1, -1, 1, 1, 1, 1, 1, 1, -1, 1, -1, 1, -1, 1, -1, 1, 1, 1, 1, -1, -1, 1, 1, -1, 1, 1, -1, 1, 1, -1, 1, 1, -1, 1, -1, 1, -1, 1, 1, 1, 1, 1, -1, 1, -1, -1, 1, -1, -1, 1, -1, 1, -1, 1, -1, 1, -1, 1, -1, 1, -1, -1, -1, 1, -1, 1, 1, 1, -1, 1, 1, 1, -1, -1, 1, -1, 1, 1, -1, -1, 1, -1, 1, 1, 1, 1, 1, 1, -1, -1, 1, -1, 1, 1, -1, -1, 1, -1, 1, -1, 1, 1, -1, 1, -1, 1, -1, -1, 1, -1, 1, 1, 1, -1, 1, -1, 1, 1, -1, 1, -1, 1, -1, -1, 1, 1, -1, -1, 1, 1, 1, -1, -1, -1, -1, 1, 1, -1, -1, 1, 1, -1, -1, 1, 1, 1, -1, 1, 1, -1, 1, 1, 1, -1, 1, -1, -1, 1, 1, -1, -1, 1, 1, 1, 1, -1, -1, -1, 1, 1, 1, 1, 1, 1, 1, -1, -1, 1, -1, 1, -1, -1, -1, 1, -1, 1, -1, 1, -1, 1, -1, 1, 1, -1, -1, 1, 1, -1, -1, 1, 1, 1, 1, 1, -1, 1, 1, 1, 1, -1, 1, -1, -1, 1, -1, -1, -1, -1, 1, -1, -1, 1, -1, -1, 1, 1, -1, -1, 1, 1, -1, 1, 1, -1, -1, 1, -1, -1, 1, 1, 1, -1, 1, 1, -1, 1, 1, 1, -1, 1, 1, 1, -1, 1, -1, -1, 1, -1, 1, -1, 1, -1, 1, 1, -1, 1, -1, 1, -1, -1, -1, 1, 1, -1, 1, -1, 1, -1, 1, 1, -1, -1, 1, 1, 1, 1, -1, 1, -1, -1, -1, 1, -1, 1, -1, 1, 1, -1, 1, -1, 1, 1, -1, -1, 1, 1, 1, 1, 1, -1, -1, 1, -1, -1, -1, -1, 1, -1, 1, -1, 1, -1, 1, 1, -1, 1, 1, -1, 1, -1, -1, -1, -1, 1, 1, -1, -1, 1, -1, 1, 1, -1, -1, -1, 1, -1, 1, -1, 1, -1, -1, 1, 1, -1, -1, 1, -1, 1, -1, 1, -1, 1, 1, 1, -1, 1, 1, 1, -1, 1, -1, 1, 1, 1, -1, -1, -1, 1, -1, -1, 1, -1, -1, 1, 1, 1, -1, -1, -1, 1, -1, -1, -1, -1, 1, 1, 1, -1, -1, 1, 1, -1, -1, -1, 1, 1, 1, -1, -1, -1, 1, -1, -1, -1, 1, -1, 1, 1, 1, -1, -1, 1, 1, 1, -1, -1, 1, 1, 1, -1, -1, -1, 1, 1, 1, -1, -1, 1, 1, 1, -1, -1, -1, 1, -1, -1, -1, -1, -1, 1, 1, -1, -1, -1, 1, 1, 1, -1, -1, 1, 1, -1, 1, -1, -1, -1, 1, 1, -1, -1, 1, 1, 1, -1, 1, -1, 1, -1, 1, -1, -1, -1, 1, 1, -1, -1, -1, 1, 1, 1, -1, -1, -1, 1, -1, -1, -1, 1, -1, 1, -1, -1, 1, 1, 1, 1, -1, -1, -1, -1, 1, -1, -1, -1, 1, 1, 1, -1, 1, 1, -1, -1, -1, -1, 1, 1, 1, -1, -1, -1, 1, -1, 1, 1, -1, -1, 1, 1, 1, -1, -1, 1, -1, 1, 1, -1, 1, -1, 1, 1, -1, -1, -1, 1, -1, 1, -1, -1, -1, 1, 1, -1, -1, 1, 1, -1, 1, -1, 1, -1, 1, 1, 1, 1, 1, 1, -1, 1, -1, -1, -1, 1, -1, 1, 1, -1, 1, -1, -1, -1, -1, 1, 1, 1, -1, -1, -1, 1, -1, 1, -1, 1, -1, 1, 1, -1, 1, 1, 1, -1, 1, -1, -1, 1, 1, 1, 1, 1, -1, 1, -1, -1, -1, 1, 1, 1, 1, 1, -1, 1, -1, -1, 1, -1, -1, 1, 1, 1, -1, 1, 1, -1, -1, 1, -1, 1, 1, 1, 1, -1, 1, -1, -1, 1, -1, -1, 1, 1, -1, 1, 1, 1, 1, 1, -1, -1, -1, -1, 1, 1, -1, 1, 1, -1, 1, -1, 1, -1, -1, 1, -1, -1, 1, 1, 1, 1, -1, -1, -1, 1, 1, -1, 1, 1, 1, 1, 1, -1, 1, -1, 1, 1, -1, -1, 1, 1, -1, 1, -1, -1, 1, -1, 1, -1, 1, 1, 1, -1, 1, -1, -1, -1, -1, 1, 1, 1, 1, -1, 1, 1, -1, -1, 1, -1, 1, 1, -1, 1, 1, -1, 1, -1, -1, 1, -1, 1, 1, -1, -1, 1, 1, 1, 1, -1, -1, -1, 1, 1, -1, 1, -1, -1, 1, -1, 1, -1, 1, 1, 1, -1, 1, 1, -1, -1, -1, -1, -1, -1, 1, -1, -1, 1, -1, 1, -1, -1, 1, -1, 1, -1, -1, -1, -1, -1, 1, 1, -1, -1, -1, 1, 1, 1, -1, 1, -1, -1, 1, 1, -1, 1, -1, 1, 1, -1, -1, 1, -1, -1, -1, 1, 1, -1, -1, 1, -1, -1, -1, -1, -1, -1, 1, -1, -1, -1, 1, -1, -1, -1, 1, -1, 1, 1, 1, 1, -1, -1, -1, -1, -1, -1, -1, -1, 1, 1, 1, -1, -1, -1, -1, 1, 1, -1, -1, -1, 1, 1, -1, 1, -1, -1, 1, -1, 1, -1, 1, 1, -1, 1, -1, -1, -1, 1, -1, 1, -1, 1, 1, 1, -1, -1, -1, -1, 1, -1, -1, 1, 1, 1, -1, -1, -1, -1, -1, 1, 1, 1, 1, -1, -1, -1, -1, -1, 1, -1, 1, -1, 1, 1, -1, 1, -1, -1, -1, -1, 1, 1, -1, 1, 1, 1, -1, -1, -1, -1, -1, -1, 1, -1, 1, 1, -1, -1, -1, -1, -1, -1, 1, 1, -1, -1, 1, 1, -1, -1, -1, -1, -1, -1, 1, 1, 1, 1, 1, -1, -1, -1, -1, -1, 1, -1, 1, -1, 1, 1, -1, -1, -1, -1, -1, -1, 1, 1, -1, 1, -1, -1, 1, -1, -1, 1, -1, 1, 1, -1, 1, 1, 1, -1, -1, 1, -1, -1, 1, 1, 1, -1, -1, 1, -1, -1, 1, 1, -1, 1, 1, -1, -1, 1, 1, -1, -1, -1, -1, -1, 1, -1, -1, -1, 1, -1, -1, -1, -1, -1, 1, -1, -1, -1, 1, 1, -1, -1, -1, -1, -1, 1, -1, -1, 1, -1, 1, 1, -1, -1, 1, -1, 1, -1, -1, -1, -1, 1, -1, 1, -1, -1, -1, 1, -1, 1, -1, -1, 1, 1, -1, -1, -1, -1, -1, 1, -1, -1, -1, 1, 1, -1, -1, -1, -1, 1, -1, -1, 1, -1, 1, 1, 1, 1, 1, -1, -1, 1, -1, -1, -1, 1, 1, -1, -1, -1, -1, -1, 1, -1, -1, -1, 1, 1, 1, -1, 1, -1, -1, 1, -1, -1, -1, -1, 1, 1, -1, 1, 1, -1, -1, -1, -1, -1, -1, -1, 1, -1, -1, -1, -1, -1, 1, -1, 1, -1, 1, 1, -1, 1, -1, -1, 1, 1, -1, -1, 1, 1, 1, 1, 1, -1, -1, 1, -1, -1, -1, 1, 1, -1, 1, 1, -1, -1, 1, -1, 1, -1, -1, 1, -1, 1, -1, 1, -1, 1, 1, -1, -1, 1, 1, -1, 1, -1, 1, -1, -1, 1, -1, -1, 1, -1, -1, 1, 1, 1, -1, -1, -1, -1, -1, -1, -1, 1, 1, -1, 1, -1, 1, 1, -1, -1, -1, 1, -1, 1, -1, 1, 1, -1, 1, 1, -1, 1, -1, 1, 1, -1, 1, 1, -1, 1, -1, -1, 1, 1, -1, 1, -1, 1, 1, -1, 1, 1, -1, -1, 1, -1, 1, -1, 1, 1, -1, -1, -1, 1, -1, 1, -1, 1, -1, 1, 1, 1, 1, -1, 1, -1, 1, 1, -1, -1, 1, 1, -1, -1, 1, 1, -1, -1, 1, 1, -1, 1, 1, -1, -1, 1, -1, -1, -1, -1, 1, -1, 1, 1, -1, -1, 1, 1, -1, -1, 1, 1, -1, 1, 1, -1, -1, 1, 1, 1, -1, 1, -1, 1, 1, -1, -1, 1, -1, 1, 1, -1, -1, 1, -1, 1, 1, -1, -1, 1, -1, -1, 1, 1, -1, 1, 1, 1, -1, -1, 1, 1, 1, 1, 1, 1, 1, 1, -1, -1, -1, -1, 1, 1, -1, 1, -1, 1, 1, 1, -1, -1, -1, 1, 1, -1, 1, 1, 1, 1, -1, -1, 1, -1, 1, -1, -1, -1, 1, -1, 1, 1, -1, 1, 1, 1, 1, -1, 1, 1, 1, 1, 1, -1, 1, -1, 1, 1, -1, -1, 1, -1, -1, 1, 1, 1, -1, 1, 1, 1, 1, -1, 1, 1, 1, 1, 1, -1, -1, 1, 1, 1, -1, -1, -1, 1, 1, 1, -1, 1, 1, 1, 1, -1, -1, 1, -1, 1, 1, -1, 1, 1, -1, 1, -1, -1, -1, 1, 1, 1, -1, 1, 1, 1, 1, -1, -1, 1, 1, 1, -1, 1, 1, 1, 1, -1, -1, -1, 1, 1, 1, 1, -1, 1, 1, 1, -1, -1, -1, 1, 1, 1, -1, 1, 1, 1, 1, -1, -1, -1, 1, 1, 1, -1, -1, 1, 1, 1, -1, 1, -1, 1, 1, 1, 1, -1, 1, 1, 1, -1, -1, 1, 1, 1, 1, 1, -1, 1, -1, 1, 1, -1, -1, -1, 1, 1, 1, 1, 1, 1, 1, 1, -1, 1, 1, 1, 1, -1, 1, 1, 1, 1, -1, 1, 1, -1, 1, 1, -1, 1, -1, 1, 1, -1, -1, 1, 1, 1, -1, 1, 1, -1, 1, 1, -1, -1, -1, 1, -1, 1, -1, -1, 1, -1, 1, -1, -1, -1, 1, -1, 1, -1, 1, -1, 1, 1, -1, 1, 1, -1, 1, 1, -1, 1, 1, -1, 1, 1, -1, 1, -1, -1, 1, -1, 1, -1, -1, -1, -1, 1, -1, -1, -1, 1, -1, 1, -1, -1, 1, 1, -1, 1, -1, -1, 1, -1, -1, 1, -1, -1, 1, -1, 1, 1, -1, 1, 1, 1, -1, 1, -1, 1, 1, 1, -1, -1, 1, -1, -1, 1, 1, -1, 1, -1, -1, 1, -1, -1, -1, -1, -1, 1, -1, 1, 1, -1, -1, 1, -1, -1, -1, 1, -1, 1, -1, 1, -1, -1, -1, 1, -1, -1, -1, 1, 1, 1, 1, -1, 1, -1, 1, -1, -1, 1, -1, 1, 1, 1, -1, -1, -1, -1, 1, -1, 1, -1, 1, 1, -1, -1, -1, -1, 1, 1, 1, -1, -1, 1, 1, -1, -1, 1, 1, -1, -1, 1, -1, -1, 1, 1, 1, -1, 1, -1, 1, -1, 1, -1, 1, 1, 1, 1, 1, 1, -1, 1, -1, -1, -1, 1, -1, 1, 1, -1, -1, -1, 1, -1, 1, -1, 1, -1, 1, -1, -1, 1, -1, 1, 1, 1, 1, 1, 1, 1, -1, -1, 1, 1, 1, 1, 1, 1, 1, -1, 1, -1, -1, -1, -1, 1, 1, 1, -1, 1, -1, 1, -1, -1, -1, 1, 1, 1, 1, -1, 1, -1, 1, -1, 1, -1, -1, 1, 1, -1, 1, -1, 1, -1, 1, 1, 1, -1, 1, 1, 1, -1, 1, -1, -1, 1, -1, 1, -1, 1, 1, 1, 1, 1, 1, 1, 1, -1, 1, -1, 1, 1, 1, -1, -1, 1, 1, -1, 1, -1, 1, 1, 1, 1, -1, 1, -1, 1, -1, 1, 1, -1, 1, 1, 1, 1, 1, -1, 1, 1, 1, -1, 1, 1, 1, 1, 1, 1, 1, -1, 1, 1, -1, 1, -1, 1, 1, 1, -1, 1, 1, 1, 1, -1, 1, 1, -1, 1, 1, -1, 1, 1, 1, 1, -1, -1, 1, 1, 1, 1, -1, 1, -1, 1, 1, -1, -1, -1, 1, 1, 1, 1, 1, 1, 1, -1, -1, 1, 1, 1, 1, -1, 1, 1, 1, 1, 1, -1, 1, 1, 1, 1, 1, 1, 1, -1, 1, 1, -1, 1, 1, -1, 1, 1, -1, 1, 1, 1, 1, -1, 1, 1, 1, 1, 1, -1, 1, -1, 1, 1, 1, -1, 1, 1, -1, 1, 1, 1, -1, 1, 1, -1, -1, 1, 1, -1, 1, -1, 1, 1, 1, 1, 1, -1, 1, -1, -1, 1, 1, -1, -1, 1, 1, 1, 1, -1, -1, -1, -1, 1, -1, 1, 1, 1, 1, 1, -1, 1, -1, 1, 1, -1, -1, 1, 1, 1, -1, 1, 1, -1, 1, -1, -1, 1, -1, 1, 1, 1, 1, -1, -1, 1, 1, -1, -1, -1, 1, 1, 1, 1, -1, -1, 1, 1, -1, 1, -1, 1, 1, 1, 1, 1, -1, 1, 1, -1, -1, 1, 1, 1, 1, -1, -1, 1, 1, -1, 1, -1, 1, -1, 1, 1, 1, -1, 1, 1, 1, -1, -1, -1, 1, 1, 1, 1, -1, 1, 1, 1, -1, -1, -1, -1, 1, 1, 1, -1, -1, 1, 1, -1, 1, 1, -1, 1, -1, 1, 1, -1, 1, 1, -1, -1, 1, -1, 1, 1, 1, -1, -1, 1, 1, -1, -1, -1, 1, 1, 1, 1, -1, 1, 1, 1, -1, 1, -1, -1, -1, 1, 1, 1, -1, 1, 1, -1, -1, -1, -1, 1, 1, 1, 1, -1, 1, 1, -1, 1, -1, -1, -1, 1, 1, 1, -1, -1, 1, -1, -1, -1, -1, 1, 1, 1, -1, -1, 1, -1, 1, -1, -1, -1, 1, -1, 1, -1, 1, 1, -1, -1, -1, 1, 1, 1, 1, -1, 1, -1, 1, -1, 1, 1, -1, 1, -1, 1, -1, -1, -1, 1, -1, -1, 1, 1, 1, 1, -1, -1, -1, 1, 1, -1, 1, -1, -1, 1, 1, 1, -1, -1, -1, 1, 1, 1, 1, -1, 1, -1, 1, -1, 1, -1, 1, -1, 1, -1, 1, 1, 1, 1, -1, 1, -1, -1, 1, 1, -1, 1, -1, -1, -1, -1, -1, -1, 1, 1, 1, 1, -1, -1, 1, 1, 1, -1, 1, -1, 1, 1, -1, 1, 1, 1, -1, -1, 1, -1, -1, 1, 1, -1, 1, 1, -1, -1, -1, 1, -1, 1, 1, 1, 1, -1, 1, 1, -1, 1, 1, -1, 1, -1, 1, -1, 1, -1, -1, -1, -1, -1, -1, -1, 1, 1, -1, 1, 1, 1, -1, 1, -1, -1, 1, 1, -1, -1, 1, -1, -1, -1, -1, -1, 1, -1, 1, -1, -1, 1, 1, 1, -1, 1, 1, -1, 1, 1, 1, -1, 1, -1, 1, -1, 1, 1, -1, -1, 1, -1, -1, 1, 1, -1, -1, 1, 1, -1, 1, 1, -1, -1, -1, -1, 1, -1, 1, -1, -1, 1, 1, -1, -1, -1, 1, 1, -1, 1, 1, -1, -1, 1, 1, -1, 1, -1, 1, -1, -1, -1, 1, 1, -1, -1, -1, -1, 1, -1, -1, 1, 1, -1, -1, 1, -1, -1, -1, -1, -1, -1, 1, 1, 1, -1, 1, 1, 1, 1, 1, -1, 1, -1, 1, 1, -1, 1, -1, 1, -1, -1, -1, -1, 1, 1, -1, 1, -1, -1, 1, 1, -1, -1, -1, 1, 1, -1, 1, -1, -1, 1, 1, -1, -1, -1, 1, 1, -1, 1, -1, 1, 1, -1, -1, 1, -1, 1, 1, 1, -1, 1, 1, 1, -1, -1, -1, 1, 1, 1, -1, 1, -1, -1, 1, -1, -1, -1, 1, 1, 1, 1, 1, -1, 1, 1, -1, -1, -1, 1, 1, 1, 1, 1, -1, -1, 1, -1, -1, -1, 1, 1, -1, 1, -1, -1, -1, 1, -1, -1, 1, 1, 1, 1, 1, 1, -1, 1, 1, -1, -1, -1, 1, 1, 1, 1, 1, -1, 1, 1, 1, -1, -1, -1, 1, 1, 1, -1, 1, -1, 1, 1, -1, -1, -1, 1, 1, 1, -1, -1, 1, 1, 1, -1, -1, -1, 1, 1, 1, 1, -1, 1, 1, -1, -1, -1, 1, 1, 1, 1, -1, -1, -1, 1, -1, -1, 1, 1, 1, 1, 1, -1, -1, 1, -1, 1, -1, -1, 1, 1, 1, -1, -1, 1, -1, -1, 1, -1, -1, 1, -1, 1, 1, -1, 1, -1, 1, -1, -1, -1, 1, 1, 1, 1, -1, -1, -1, -1, 1, -1, -1, 1, 1, 1, -1, -1, 1, -1, -1, 1, -1, -1, 1, 1, -1, 1, -1, 1, -1, -1, 1, -1, 1, -1, 1, 1, 1, -1, -1, -1, -1, 1, -1, 1, -1, 1, 1, -1, -1, 1, -1, 1, -1, -1, 1, -1, 1, 1, 1, 1, 1, 1, 1, -1, -1, -1, -1, 1, -1, 1, -1, 1, 1, -1, -1, 1, -1, -1, 1, 1, -1, 1, 1, 1, -1, -1, 1, -1, 1, 1, 1, -1, 1, 1, -1, -1, -1, 1, 1, -1, 1, 1, 1, 1, -1, 1, -1, 1, 1, 1, -1, 1, 1, -1, -1, 1, 1, -1, -1, 1, 1, -1, 1, 1, -1, 1, 1, 1, -1, -1, 1, 1, -1, 1, 1, 1, 1, -1, 1, 1, -1, 1, 1, -1, -1, 1, -1, 1, 1, 1, 1, -1, -1, 1, -1, 1, 1, -1, 1, 1, 1, 1, -1, -1, 1, -1, -1, 1, 1, -1, 1, 1, 1, -1, 1, 1, -1, 1, 1, 1, 1, 1, 1, -1, 1, -1, 1, -1, -1, 1, 1, -1, 1, -1, 1, -1, 1, 1, 1, -1, 1, 1, -1, -1
BQP_DATA, 2897, 13365, -6291.000000, -7793.000000, -17850.000000, -19352.000000, 8192.002341, 7750, 1845
