Set parameter TSPort to value 51199
Set parameter TokenServer to value "open-license1.lanl.gov"
Set parameter TimeLimit to value 256
Set parameter Threads to value 1
Gurobi Optimizer version 10.0.3 build v10.0.3rc0 (linux64)

CPU model: Intel(R) Xeon(R) CPU E5-2695 v4 @ 2.10GHz, instruction set [SSE2|AVX|AVX2]
Thread count: 36 physical cores, 72 logical processors, using up to 1 threads

Optimize a model with 0 rows, 862 columns and 0 nonzeros
Model fingerprint: 0x9210e391
Model has 3832 quadratic objective terms
Variable types: 0 continuous, 862 integer (862 binary)
Coefficient statistics:
  Matrix range     [0e+00, 0e+00]
  Objective range  [2e+00, 3e+01]
  QObjective range [8e+00, 8e+00]
  Bounds range     [1e+00, 1e+00]
  RHS range        [0e+00, 0e+00]
Found heuristic solution: objective 0.0000000
Found heuristic solution: objective -1454.000000
Found heuristic solution: objective -5228.000000
Found heuristic solution: objective -5266.000000
Presolve time: 0.25s
Presolved: 3832 rows, 4694 columns, 11496 nonzeros
Variable types: 0 continuous, 4694 integer (4694 binary)

Root relaxation: objective -7.217000e+03, 1062 iterations, 0.02 seconds (0.01 work units)

    Nodes    |    Current Node    |     Objective Bounds      |     Work
 Expl Unexpl |  Obj  Depth IntInf | Incumbent    BestBd   Gap | It/Node Time

     0     0 -7217.0000    0  862 -5266.0000 -7217.0000  37.0%     -    0s
     0     0 -6597.5000    0 1196 -5266.0000 -6597.5000  25.3%     -    0s
     0     0 -6471.3333    0 1314 -5266.0000 -6471.3333  22.9%     -    1s
     0     0 -6471.3333    0 1298 -5266.0000 -6471.3333  22.9%     -    1s
     0     2 -6470.8333    0 1292 -5266.0000 -6470.8333  22.9%     -    1s
   324   326 -5403.0000  163 1662 -5266.0000 -6459.3333  22.7%  86.9    5s
   522   496 -6065.5538   23 1792 -5266.0000 -6065.5538  15.2%  94.0   12s
   524   498 -5980.0000   65 1951 -5266.0000 -6041.3242  14.7%  93.7   15s
   533   504 -5837.0000   89 2328 -5266.0000 -5945.9179  12.9%  92.1   22s
   534   504 -5929.2725   46 2503 -5266.0000 -5929.2725  12.6%  91.9   26s
   546   512 -5633.0000  119 2897 -5266.0000 -5844.3336  11.0%  89.9   38s
   547   513 -5668.0000  114 3066 -5266.0000 -5831.9726  10.7%  89.7   42s
   549   514 -5827.1289    8 3166 -5266.0000 -5827.1289  10.7%  89.4   45s
   556   519 -5778.5758   22 3371 -5266.0000 -5778.5758  9.73%  88.3   58s
   557   520 -5768.6820    4 3509 -5266.0000 -5768.6820  9.55%  88.1   63s
   558   520 -5719.0000  106 3527 -5266.0000 -5766.1782  9.50%  88.0   65s
   565   525 -5733.5919   10 3839 -5266.0000 -5733.5919  8.88%  86.9   80s
   567   526 -5727.9864   26 3879 -5266.0000 -5727.9864  8.77%  86.6   85s
   573   530 -5708.7736    3 3930 -5266.0000 -5708.7736  8.41%  85.7   98s
   574   531 -5703.9507   45 4000 -5266.0000 -5703.9507  8.32%  85.5  103s
   575   532 -5702.9626   99 4009 -5266.0000 -5702.9626  8.30%  85.4  105s
   581   536 -5693.0971   76 4003 -5266.0000 -5693.0971  8.11%  84.5  114s
   582   536 -5690.4583   62 4048 -5266.0000 -5690.4583  8.06%  84.3  118s
   583   537 -5486.0000  148 4075 -5266.0000 -5690.0607  8.05%  84.2  120s
   588   540 -5685.0004    4 4064 -5266.0000 -5685.0004  7.96%  83.5  126s
   592   543 -5445.0000  157 4111 -5266.0000 -5683.6150  7.93%  82.9  130s
   594   544 -5678.4738   23 4109 -5266.0000 -5678.4738  7.83%  82.6  136s
   597   546 -5676.9132   88 4120 -5266.0000 -5676.9132  7.80%  82.2  140s
   602   550 -5672.2097   52 4079 -5266.0000 -5672.2097  7.71%  81.5  146s
   606   552 -5463.0000  153 4118 -5266.0000 -5670.4539  7.68%  81.0  150s
   610   555 -5666.6192   32 4095 -5266.0000 -5666.6192  7.61%  80.5  155s
   616   559 -5661.6901    4 4115 -5266.0000 -5661.6901  7.51%  79.7  164s
   617   560 -5660.7713   24 4136 -5266.0000 -5660.7713  7.50%  79.6  166s
   623   564 -5657.8798   53 4133 -5266.0000 -5657.8798  7.44%  78.8  172s
   625   565 -5656.8538   46 4146 -5266.0000 -5656.8538  7.42%  78.5  175s
   631   569 -5654.4738   30 4122 -5266.0000 -5654.4738  7.38%  77.8  180s
   639   574 -5529.0000  139 4163 -5266.0000 -5651.6542  7.32%  76.8  187s
   645   578 -5649.7798   40 4153 -5266.0000 -5649.7798  7.29%  76.1  190s
   652   583 -5645.6769   53 4151 -5266.0000 -5645.6769  7.21%  75.3  198s
   653   584 -5495.0000  146 4167 -5266.0000 -5644.7302  7.19%  75.2  200s
   659   588 -5353.0000  175 4187 -5266.0000 -5642.7629  7.15%  74.5  205s
   665   592 -5640.4896   10 4183 -5266.0000 -5640.4896  7.11%  73.8  211s
   669   594 -5440.0000  158 4232 -5266.0000 -5639.7771  7.10%  73.4  215s
   673   597 -5637.6367    3 4229 -5266.0000 -5637.6367  7.06%  72.9  220s
   679   601 -5636.0759   89 4200 -5266.0000 -5636.0759  7.03%  72.3  225s
   685   605 -5634.2026   95 4213 -5266.0000 -5634.2026  6.99%  71.7  230s
   691   609 -5632.8817   50 4219 -5266.0000 -5632.8817  6.97%  71.0  235s
   697   613 -5631.3023   88 4215 -5266.0000 -5631.3023  6.94%  70.4  241s
   712   624 -5630.8683   53 1346 -5266.0000 -5630.8683  6.93%   654  245s
   713   625 -5455.0000  155 2618 -5266.0000 -5630.8683  6.93%   653  255s

Cutting planes:
  Gomory: 42
  MIR: 148
  Flow cover: 1389
  Zero half: 657
  Mod-K: 9
  RLT: 150
  BQP: 227

Explored 713 nodes (520932 simplex iterations) in 256.00 seconds (300.99 work units)
Thread count was 1 (of 72 available processors)

Solution count 4: -5266 -5228 -1454 0 

Time limit reached
Best objective -5.266000000000e+03, best bound -5.630000000000e+03, gap 6.9123%

User-callback calls 7501, time in user-callback 0.03 sec

BQP_SOLUTION, 862, 3832, -1881.000000, 256.000855, 1, -1, 1, 1, 1, -1, 1, -1, 1, 1, 1, -1, 1, 1, -1, 1, 1, -1, 1, -1, 1, -1, 1, -1, 1, -1, -1, 1, 1, 1, 1, 1, -1, 1, 1, 1, 1, -1, 1, -1, 1, 1, 1, 1, -1, 1, 1, 1, 1, 1, -1, -1, 1, 1, 1, 1, -1, 1, 1, -1, 1, 1, -1, 1, 1, 1, 1, 1, 1, 1, 1, 1, 1, 1, 1, 1, 1, 1, 1, 1, -1, 1, 1, 1, 1, 1, 1, 1, -1, 1, 1, 1, 1, -1, 1, 1, 1, 1, 1, 1, 1, 1, 1, 1, 1, 1, -1, 1, 1, 1, 1, 1, 1, -1, 1, -1, 1, 1, 1, -1, 1, 1, 1, 1, 1, -1, -1, 1, 1, 1, -1, 1, -1, 1, 1, 1, -1, 1, 1, -1, 1, 1, 1, -1, -1, 1, 1, -1, 1, -1, 1, 1, 1, 1, -1, -1, -1, -1, 1, 1, -1, -1, -1, -1, 1, -1, -1, -1, -1, -1, 1, 1, -1, -1, -1, -1, 1, -1, 1, -1, -1, -1, -1, 1, -1, -1, -1, -1, 1, -1, -1, -1, -1, -1, 1, -1, -1, -1, 1, 1, -1, 1, -1, -1, -1, 1, -1, -1, -1, -1, -1, 1, 1, -1, -1, -1, -1, 1, -1, -1, -1, -1, -1, 1, -1, -1, -1, -1, 1, -1, -1, -1, -1, -1, -1, 1, 1, -1, -1, -1, -1, 1, -1, 1, -1, -1, -1, 1, -1, -1, -1, -1, -1, 1, 1, 1, -1, -1, 1, 1, 1, 1, -1, -1, -1, 1, 1, 1, -1, 1, -1, 1, -1, 1, -1, 1, 1, 1, -1, 1, -1, -1, 1, 1, 1, 1, 1, 1, 1, 1, 1, -1, 1, 1, -1, -1, 1, -1, -1, 1, 1, 1, 1, -1, 1, 1, 1, 1, 1, 1, 1, 1, 1, 1, 1, 1, -1, 1, 1, -1, 1, 1, 1, -1, 1, -1, 1, 1, 1, 1, 1, -1, 1, 1, 1, 1, 1, -1, 1, 1, -1, -1, 1, -1, -1, 1, 1, -1, 1, -1, 1, 1, 1, 1, 1, -1, -1, -1, 1, 1, -1, 1, -1, 1, 1, 1, 1, -1, 1, 1, 1, -1, -1, -1, 1, -1, 1, 1, -1, -1, 1, -1, -1, -1, -1, -1, 1, -1, 1, 1, 1, -1, 1, 1, 1, 1, -1, -1, 1, -1, -1, -1, -1, -1, 1, -1, -1, -1, -1, -1, 1, 1, 1, -1, 1, -1, -1, 1, -1, -1, -1, 1, -1, 1, -1, -1, 1, -1, -1, 1, -1, -1, -1, 1, 1, -1, 1, -1, 1, 1, 1, 1, 1, -1, 1, 1, -1, -1, 1, -1, 1, 1, -1, -1, 1, -1, -1, 1, 1, 1, -1, -1, 1, 1, 1, 1, -1, -1, 1, 1, 1, 1, -1, -1, 1, 1, -1, 1, -1, -1, 1, 1, -1, 1, -1, -1, 1, 1, -1, -1, -1, -1, 1, 1, -1, 1, -1, -1, 1, 1, -1, -1, -1, 1, 1, -1, -1, 1, -1, 1, 1, -1, -1, 1, -1, 1, 1, -1, -1, 1, -1, 1, 1, -1, -1, -1, -1, -1, 1, 1, -1, 1, -1, -1, 1, 1, -1, 1, -1, -1, 1, 1, 1, 1, 1, -1, 1, 1, -1, 1, 1, -1, -1, 1, -1, 1, 1, -1, 1, -1, 1, 1, 1, -1, -1, -1, 1, 1, 1, 1, -1, 1, -1, 1, 1, -1, -1, -1, 1, -1, -1, -1, 1, -1, 1, 1, -1, -1, 1, -1, 1, 1, 1, -1, -1, 1, -1, 1, -1, -1, -1, -1, 1, 1, 1, 1, -1, -1, 1, 1, -1, -1, 1, -1, 1, 1, 1, -1, -1, 1, -1, 1, 1, -1, -1, -1, 1, 1, 1, -1, 1, -1, -1, 1, -1, -1, -1, -1, -1, -1, -1, -1, -1, 1, -1, 1, -1, -1, 1, -1, -1, 1, -1, -1, -1, -1, 1, 1, -1, -1, 1, -1, 1, -1, -1, -1, 1, -1, -1, 1, -1, -1, 1, -1, 1, -1, -1, -1, 1, 1, -1, 1, 1, -1, 1, -1, -1, -1, -1, -1, -1, 1, 1, -1, 1, -1, 1, -1, -1, -1, -1, -1, -1, 1, -1, -1, -1, -1, 1, 1, -1, -1, -1, -1, 1, -1, -1, 1, -1, 1, 1, -1, 1, -1, 1, -1, 1, -1, -1, 1, 1, -1, 1, -1, 1, -1, -1, -1, 1, -1, 1, 1, -1, 1, 1, -1, -1, 1, -1, 1, 1, -1, -1, -1, 1, 1, 1, 1, -1, 1, -1, 1, 1, 1, -1, 1, -1, 1, -1, -1, -1, -1, -1, -1, 1, 1, -1, 1, -1, 1, 1, 1, 1, -1, -1, 1, 1, 1, -1, 1, -1, 1, 1, 1, -1, 1, -1, -1, 1, 1, -1, 1, -1, 1, 1, -1, -1, 1, -1, 1, 1, 1, -1, 1, 1, 1, 1, 1, -1, 1, -1, 1, 1, 1, -1, 1, -1, 1, 1, 1, 1, 1, 1, -1, 1, 1, -1, 1, 1, -1, 1, 1, -1, 1, 1, -1, 1, 1, 1, -1, 1, -1, 1, -1, 1, 1, 1, -1, 1, 1, -1, -1
BQP_DATA, 862, 3832, -1881.000000, -2245.000000, -5266.000000, -5630.000000, 256.000855, 2245, 713
