Set parameter TSPort to value 51199
Set parameter TokenServer to value "open-license1.lanl.gov"
Set parameter TimeLimit to value 256
Set parameter Threads to value 1
Gurobi Optimizer version 10.0.3 build v10.0.3rc0 (linux64)

CPU model: Intel(R) Xeon(R) CPU E5-2695 v4 @ 2.10GHz, instruction set [SSE2|AVX|AVX2]
Thread count: 36 physical cores, 72 logical processors, using up to 1 threads

Optimize a model with 0 rows, 862 columns and 0 nonzeros
Model fingerprint: 0xbd6f2847
Model has 3785 quadratic objective terms
Variable types: 0 continuous, 862 integer (862 binary)
Coefficient statistics:
  Matrix range     [0e+00, 0e+00]
  Objective range  [2e+00, 3e+01]
  QObjective range [8e+00, 8e+00]
  Bounds range     [1e+00, 1e+00]
  RHS range        [0e+00, 0e+00]
Found heuristic solution: objective 0.0000000
Found heuristic solution: objective -1460.000000
Found heuristic solution: objective -5118.000000
Found heuristic solution: objective -5136.000000
Presolve removed 0 rows and 3 columns
Presolve time: 0.27s
Presolved: 3782 rows, 4641 columns, 11346 nonzeros
Variable types: 0 continuous, 4641 integer (4641 binary)

Root relaxation: objective -7.048000e+03, 1043 iterations, 0.02 seconds (0.01 work units)

    Nodes    |    Current Node    |     Objective Bounds      |     Work
 Expl Unexpl |  Obj  Depth IntInf | Incumbent    BestBd   Gap | It/Node Time

     0     0 -7048.0000    0  859 -5136.0000 -7048.0000  37.2%     -    0s
     0     0 -6440.6667    0 1183 -5136.0000 -6440.6667  25.4%     -    0s
     0     0 -6437.0000    0 1176 -5136.0000 -6437.0000  25.3%     -    1s
     0     0 -6289.1494    0 1314 -5136.0000 -6289.1494  22.5%     -    1s
     0     0 -6289.1494    0 1279 -5136.0000 -6289.1494  22.5%     -    1s
     0     2 -6289.1494    0 1279 -5136.0000 -6289.1494  22.5%     -    1s
   405   405 -5138.0000  203 1471 -5136.0000 -6280.5661  22.3%  75.2    5s
   520   496 -5244.0000  170 1927 -5136.0000 -5901.3490  14.9%  76.3   11s
   531   503 -5491.5000  115 2332 -5136.0000 -5787.7418  12.7%  74.7   19s
   532   504 -5709.5000   80 2507 -5136.0000 -5769.9456  12.3%  74.5   23s
   534   505 -5204.0000  184 2584 -5136.0000 -5761.8960  12.2%  74.3   25s
   541   510 -5699.0237   68 2812 -5136.0000 -5699.0237  11.0%  73.3   34s
   542   511 -5684.9140   40 2983 -5136.0000 -5684.9140  10.7%  73.2   39s
   543   511 -5681.9136   47 3058 -5136.0000 -5681.9136  10.6%  73.0   41s
   553   518 -5633.3056   37 3444 -5136.0000 -5633.3056  9.68%  71.7   55s
   555   519 -5481.5000  117 3538 -5136.0000 -5623.4918  9.49%  71.4   61s
   563   525 -5524.0000  107 3731 -5136.0000 -5590.1118  8.84%  70.4   75s
   564   525 -5353.0000  141 3816 -5136.0000 -5583.2119  8.71%  70.3   80s
   568   528 -5580.4373   46 3847 -5136.0000 -5580.4373  8.65%  69.8   85s
   574   532 -5261.0000  166 3867 -5136.0000 -5563.4822  8.32%  69.1   95s
   575   533 -5560.2395   94 3924 -5136.0000 -5560.2395  8.26%  69.0  100s
   582   537 -5551.0972   15 3922 -5136.0000 -5551.0972  8.08%  68.1  111s
   583   538 -5548.8158   51 3958 -5136.0000 -5548.8158  8.04%  68.0  115s
   591   543 -5524.0000  107 3941 -5136.0000 -5543.2463  7.93%  67.1  122s
   592   544 -5248.0000  169 3990 -5136.0000 -5541.9919  7.90%  67.0  125s
   599   549 -5535.6210   56 3998 -5136.0000 -5535.6210  7.78%  66.2  133s
   600   549 -5534.2631   17 4017 -5136.0000 -5534.2631  7.75%  66.1  135s
   607   554 -5198.0000  185 4012 -5136.0000 -5530.3223  7.68%  65.3  142s
   609   555 -5208.0000  183 4063 -5136.0000 -5529.0853  7.65%  65.1  145s
   614   559 -5305.0000  155 4031 -5136.0000 -5525.9575  7.59%  64.6  150s
   621   563 -5219.0000  179 4042 -5136.0000 -5519.9719  7.48%  63.9  159s
   622   564 -5518.8203   21 4058 -5136.0000 -5518.8203  7.45%  63.7  162s
   628   568 -5514.6248   49 4058 -5136.0000 -5514.6248  7.37%  63.1  169s
   629   569 -5513.3765   31 4072 -5136.0000 -5513.3765  7.35%  63.0  171s
   635   573 -5363.0000  138 4079 -5136.0000 -5510.3227  7.29%  62.4  178s
   636   573 -5509.4464   65 4087 -5136.0000 -5509.4464  7.27%  62.3  180s
   642   577 -5507.4533   40 4095 -5136.0000 -5507.4533  7.23%  61.8  185s
   648   581 -5184.0000  190 4117 -5136.0000 -5504.9657  7.18%  61.2  190s
   654   585 -5503.5951   97 4094 -5136.0000 -5503.5951  7.16%  60.6  195s
   660   589 -5501.6218    4 4102 -5136.0000 -5501.6218  7.12%  60.1  200s
   667   594 -5499.7600   33 4108 -5136.0000 -5499.7600  7.08%  59.4  206s
   673   598 -5184.0000  191 4107 -5136.0000 -5498.3033  7.05%  58.9  211s
   680   603 -5496.6859   88 4127 -5136.0000 -5496.6859  7.02%  58.3  216s
   686   607 -5363.0000  138 4141 -5136.0000 -5495.2140  6.99%  57.8  221s
   702   618 -5257.0000  167  859 -5136.0000 -5494.7872  6.99%   636  225s
   704   620 -5494.7872   40 2727 -5136.0000 -5494.7872  6.99%   635  235s

Cutting planes:
  Gomory: 32
  MIR: 140
  Flow cover: 1429
  Zero half: 650
  Mod-K: 8
  RLT: 146
  BQP: 224

Explored 704 nodes (528617 simplex iterations) in 256.01 seconds (291.68 work units)
Thread count was 1 (of 72 available processors)

Solution count 4: -5136 -5118 -1460 0 

Time limit reached
Best objective -5.136000000000e+03, best bound -5.494000000000e+03, gap 6.9704%

User-callback calls 6882, time in user-callback 0.03 sec

BQP_SOLUTION, 862, 3785, -1873.000000, 256.007431, -1, 1, -1, 1, 1, -1, 1, -1, 1, -1, 1, 1, 1, -1, 1, -1, 1, -1, 1, -1, 1, 1, 1, -1, 1, -1, 1, -1, 1, -1, 1, -1, 1, -1, 1, 1, 1, -1, 1, -1, 1, -1, 1, -1, 1, -1, 1, -1, 1, -1, 1, -1, 1, 1, 1, 1, 1, -1, 1, -1, -1, -1, -1, -1, -1, 1, 1, 1, -1, -1, 1, 1, 1, -1, -1, -1, 1, -1, 1, 1, -1, -1, 1, -1, -1, 1, -1, -1, 1, -1, 1, -1, -1, -1, 1, 1, 1, -1, 1, -1, 1, 1, -1, -1, -1, -1, 1, 1, 1, -1, -1, -1, 1, 1, 1, 1, -1, 1, -1, 1, 1, 1, -1, -1, -1, 1, 1, 1, -1, -1, 1, -1, 1, 1, -1, -1, -1, 1, -1, 1, -1, 1, 1, -1, 1, 1, -1, -1, 1, 1, 1, -1, -1, 1, -1, 1, 1, 1, -1, 1, -1, -1, 1, 1, -1, 1, 1, 1, 1, 1, -1, 1, -1, -1, 1, 1, -1, 1, -1, 1, 1, 1, -1, 1, 1, 1, 1, 1, -1, -1, -1, 1, -1, 1, -1, 1, 1, 1, -1, 1, -1, 1, 1, 1, -1, -1, -1, 1, 1, 1, -1, -1, 1, -1, 1, 1, 1, -1, 1, 1, 1, -1, -1, -1, 1, -1, 1, -1, -1, -1, 1, 1, 1, 1, -1, -1, 1, 1, -1, 1, -1, -1, -1, 1, 1, 1, -1, -1, 1, 1, -1, 1, -1, 1, -1, -1, -1, -1, -1, -1, 1, -1, 1, 1, -1, 1, -1, 1, 1, 1, -1, -1, -1, -1, 1, 1, -1, 1, -1, 1, 1, 1, -1, 1, 1, -1, 1, 1, -1, -1, 1, 1, 1, -1, -1, 1, 1, -1, 1, -1, 1, 1, 1, 1, -1, -1, 1, -1, 1, -1, 1, -1, -1, 1, -1, 1, 1, -1, 1, 1, 1, 1, 1, -1, -1, 1, 1, -1, -1, -1, 1, 1, 1, 1, -1, 1, 1, 1, 1, 1, -1, -1, -1, 1, 1, 1, -1, 1, -1, 1, 1, 1, -1, -1, -1, 1, 1, 1, -1, -1, 1, -1, 1, -1, -1, -1, 1, -1, 1, -1, 1, -1, 1, -1, 1, 1, -1, 1, 1, -1, 1, -1, 1, -1, 1, -1, 1, 1, -1, -1, 1, 1, -1, -1, 1, -1, 1, 1, -1, -1, 1, -1, 1, -1, 1, 1, 1, -1, 1, -1, -1, 1, 1, 1, -1, 1, -1, 1, 1, 1, 1, -1, -1, -1, 1, 1, 1, 1, -1, 1, 1, 1, -1, -1, 1, 1, 1, -1, -1, -1, -1, 1, -1, -1, -1, -1, -1, 1, 1, -1, -1, -1, 1, -1, 1, -1, -1, 1, -1, 1, -1, -1, -1, -1, 1, -1, -1, -1, -1, -1, 1, 1, -1, -1, -1, 1, 1, -1, 1, -1, -1, 1, 1, 1, -1, 1, -1, 1, 1, 1, 1, -1, -1, 1, -1, 1, -1, 1, -1, 1, 1, 1, -1, -1, 1, 1, 1, -1, 1, -1, 1, 1, 1, 1, 1, -1, 1, 1, -1, -1, 1, -1, 1, 1, -1, 1, 1, -1, 1, 1, 1, -1, 1, 1, -1, 1, -1, -1, 1, 1, -1, 1, -1, -1, 1, 1, -1, 1, -1, 1, 1, 1, 1, 1, -1, -1, 1, 1, -1, 1, 1, -1, -1, 1, 1, 1, -1, 1, 1, 1, 1, 1, -1, -1, -1, 1, 1, -1, -1, 1, -1, 1, 1, 1, -1, 1, 1, 1, 1, 1, -1, 1, -1, 1, 1, 1, 1, 1, -1, 1, 1, 1, -1, 1, -1, 1, 1, 1, -1, -1, -1, 1, 1, 1, -1, 1, -1, 1, 1, 1, -1, 1, -1, 1, 1, 1, -1, 1, -1, 1, 1, 1, -1, 1, 1, 1, 1, 1, -1, 1, 1, 1, 1, 1, -1, 1, 1, 1, 1, 1, 1, 1, 1, 1, 1, 1, -1, 1, 1, -1, -1, -1, -1, 1, 1, -1, -1, 1, -1, 1, 1, 1, 1, -1, -1, 1, 1, 1, -1, 1, -1, 1, 1, 1, -1, 1, -1, -1, 1, 1, -1, 1, 1, -1, 1, 1, -1, -1, -1, 1, 1, 1, -1, -1, -1, -1, -1, 1, 1, 1, -1, -1, -1, -1, 1, -1, -1, -1, 1, 1, -1, 1, -1, 1, -1, -1, -1, -1, -1, 1, -1, 1, -1, 1, -1, 1, -1, 1, -1, -1, 1, -1, -1, 1, 1, 1, 1, -1, 1, -1, 1, 1, -1, 1, -1, 1, -1, -1, 1, -1, -1, -1, -1, -1, -1, -1, -1, -1, 1, 1, -1, 1, 1, -1, 1, -1, 1, 1, -1, -1, 1, -1, 1, 1, -1, -1, -1, -1, 1, -1, 1, -1, -1, -1, 1, -1, -1, 1, -1, -1, 1, -1, -1, -1, 1, -1, 1, 1, 1, -1, -1, -1, 1, -1, 1, -1, -1, -1, 1, -1, -1, -1, 1, 1, -1, -1, 1, 1, -1, -1, 1, 1, 1, -1, 1, 1, 1, -1, -1, 1, -1, 1, -1, 1, 1, -1, 1, -1, 1, 1, -1, 1, 1, 1, -1, 1, 1, 1, -1, -1, 1, -1
BQP_DATA, 862, 3785, -1873.000000, -2231.000000, -5136.000000, -5494.000000, 256.007431, 2259, 704
