Set parameter TSPort to value 51199
Set parameter TokenServer to value "open-license1.lanl.gov"
Set parameter TimeLimit to value 128
Set parameter Threads to value 1
Gurobi Optimizer version 10.0.3 build v10.0.3rc0 (linux64)

CPU model: Intel(R) Xeon(R) CPU E5-2695 v4 @ 2.10GHz, instruction set [SSE2|AVX|AVX2]
Thread count: 36 physical cores, 72 logical processors, using up to 1 threads

Optimize a model with 0 rows, 215 columns and 0 nonzeros
Model fingerprint: 0x1c7bf2a3
Model has 841 quadratic objective terms
Variable types: 0 continuous, 215 integer (215 binary)
Coefficient statistics:
  Matrix range     [0e+00, 0e+00]
  Objective range  [2e+00, 3e+01]
  QObjective range [8e+00, 8e+00]
  Bounds range     [1e+00, 1e+00]
  RHS range        [0e+00, 0e+00]
Found heuristic solution: objective 0.0000000
Found heuristic solution: objective -372.0000000
Found heuristic solution: objective -1212.000000
Found heuristic solution: objective -1218.000000
Presolve time: 0.27s
Presolved: 841 rows, 1056 columns, 2523 nonzeros
Variable types: 0 continuous, 1056 integer (1056 binary)

Root relaxation: objective -1.606000e+03, 245 iterations, 0.00 seconds (0.00 work units)

    Nodes    |    Current Node    |     Objective Bounds      |     Work
 Expl Unexpl |  Obj  Depth IntInf | Incumbent    BestBd   Gap | It/Node Time

     0     0 -1606.0000    0  215 -1218.0000 -1606.0000  31.9%     -    0s
     0     0 -1452.0000    0  300 -1218.0000 -1452.0000  19.2%     -    0s
     0     0 -1450.0000    0  301 -1218.0000 -1450.0000  19.0%     -    0s
     0     0 -1411.5000    0  336 -1218.0000 -1411.5000  15.9%     -    0s
     0     0 -1411.5000    0  325 -1218.0000 -1411.5000  15.9%     -    0s
     0     2 -1411.5000    0  325 -1218.0000 -1411.5000  15.9%     -    0s
   563   498 -1289.3852   16  838 -1218.0000 -1289.3852  5.86%  74.1    5s
   628   543 -1275.0660   21  914 -1218.0000 -1275.0660  4.69%   102   10s
   695   589 -1234.6058   49  685 -1218.0000 -1270.8458  4.34%   151   15s
H  707   565                    -1228.000000 -1270.8458  3.49%   155   15s
*  708   535              56    -1230.000000 -1270.8458  3.32%   155   15s
   772   558 -1243.7631   42  711 -1230.0000 -1269.2186  3.19%   189   20s
   847   588 -1246.4722   42  712 -1230.0000 -1265.9378  2.92%   219   25s
   970   597 -1232.1809   46  704 -1230.0000 -1265.3551  2.87%   238   30s
  1062   628 -1235.3216   47  712 -1230.0000 -1264.2363  2.78%   263   35s
  1164   638 infeasible   47      -1230.0000 -1262.6780  2.66%   278   40s
  1272   650 -1232.8116   46  669 -1230.0000 -1262.2929  2.63%   286   45s
  1369   672 -1240.5926   42  709 -1230.0000 -1261.2724  2.54%   296   50s
  1508   655     cutoff   46      -1230.0000 -1260.0793  2.45%   297   55s
  1616   672 -1249.0593   39  732 -1230.0000 -1259.3712  2.39%   303   60s
  1731   695 -1237.7524   42  738 -1230.0000 -1258.7198  2.33%   307   65s
  1851   703 -1240.1592   43  727 -1230.0000 -1257.7149  2.25%   309   70s
  1963   709     cutoff   45      -1230.0000 -1257.1643  2.21%   312   75s
  2073   706 -1241.3206   43  731 -1230.0000 -1256.7759  2.18%   315   80s
  2198   723 -1232.7693   45  710 -1230.0000 -1256.6032  2.16%   315   85s
  2309   766 -1253.1486   38  777 -1230.0000 -1256.3435  2.14%   317   90s
  2422   813     cutoff   45      -1230.0000 -1255.9707  2.11%   318   95s
  2537   843 -1236.2643   42  736 -1230.0000 -1255.3339  2.06%   318  100s
  2651   876 -1244.5148   39  760 -1230.0000 -1254.9785  2.03%   318  105s
  2763   913 -1250.7646   39  765 -1230.0000 -1254.5085  1.99%   317  110s
  2876   970 -1237.8697   47  661 -1230.0000 -1254.1885  1.97%   318  115s
  2991  1008 -1234.5400   45  697 -1230.0000 -1254.1221  1.96%   318  120s
  3087  1033 -1244.5736   40  743 -1230.0000 -1253.9642  1.95%   319  125s

Cutting planes:
  Gomory: 29
  MIR: 36
  Flow cover: 25
  Zero half: 445
  RLT: 44
  BQP: 59

Explored 3150 nodes (1007716 simplex iterations) in 128.00 seconds (118.53 work units)
Thread count was 1 (of 72 available processors)

Solution count 6: -1230 -1228 -1218 ... 0

Time limit reached
Best objective -1.230000000000e+03, best bound -1.252000000000e+03, gap 1.7886%

User-callback calls 18834, time in user-callback 0.09 sec

BQP_SOLUTION, 215, 841, -465.000000, 128.000428, 1, 1, 1, 1, -1, 1, 1, 1, 1, 1, 1, 1, 1, 1, -1, -1, 1, 1, 1, 1, 1, 1, 1, 1, 1, 1, 1, 1, 1, 1, 1, 1, 1, 1, 1, 1, 1, 1, 1, 1, 1, 1, 1, 1, 1, 1, 1, 1, 1, 1, 1, -1, 1, 1, 1, 1, 1, -1, -1, 1, -1, 1, -1, 1, -1, 1, 1, -1, -1, -1, 1, -1, -1, -1, 1, -1, 1, -1, -1, -1, -1, 1, -1, -1, -1, -1, -1, 1, 1, -1, -1, 1, -1, -1, 1, 1, -1, -1, -1, -1, 1, -1, -1, 1, -1, 1, 1, -1, -1, 1, 1, -1, 1, -1, 1, 1, -1, -1, 1, 1, 1, 1, -1, 1, -1, -1, 1, 1, -1, -1, 1, -1, -1, 1, -1, 1, 1, -1, -1, 1, -1, -1, 1, -1, 1, 1, 1, 1, 1, -1, 1, -1, -1, 1, -1, -1, -1, 1, -1, -1, 1, -1, 1, -1, -1, -1, 1, -1, 1, -1, -1, -1, 1, 1, -1, 1, -1, -1, 1, -1, 1, -1, -1, 1, 1, -1, 1, 1, -1, 1, -1, -1, -1, 1, -1, 1, -1, 1, -1, 1, -1, -1, 1, -1, -1, 1, 1, -1, 1, -1, -1, 1, -1, 1, 1
BQP_DATA, 215, 841, -465.000000, -487.000000, -1230.000000, -1252.000000, 128.000428, 535, 3150
