Set parameter TSPort to value 51199
Set parameter TokenServer to value "open-license1.lanl.gov"
Set parameter TimeLimit to value 128
Set parameter Threads to value 1
Gurobi Optimizer version 10.0.3 build v10.0.3rc0 (linux64)

CPU model: Intel(R) Xeon(R) CPU E5-2695 v4 @ 2.10GHz, instruction set [SSE2|AVX|AVX2]
Thread count: 36 physical cores, 72 logical processors, using up to 1 threads

Optimize a model with 0 rows, 215 columns and 0 nonzeros
Model fingerprint: 0x53829e68
Model has 860 quadratic objective terms
Variable types: 0 continuous, 215 integer (215 binary)
Coefficient statistics:
  Matrix range     [0e+00, 0e+00]
  Objective range  [2e+00, 3e+01]
  QObjective range [8e+00, 8e+00]
  Bounds range     [1e+00, 1e+00]
  RHS range        [0e+00, 0e+00]
Found heuristic solution: objective 0.0000000
Found heuristic solution: objective -370.0000000
Found heuristic solution: objective -1214.000000
Found heuristic solution: objective -1230.000000
Presolve time: 0.27s
Presolved: 860 rows, 1075 columns, 2580 nonzeros
Variable types: 0 continuous, 1075 integer (1075 binary)

Root relaxation: objective -1.639000e+03, 263 iterations, 0.00 seconds (0.00 work units)

    Nodes    |    Current Node    |     Objective Bounds      |     Work
 Expl Unexpl |  Obj  Depth IntInf | Incumbent    BestBd   Gap | It/Node Time

     0     0 -1639.0000    0  215 -1230.0000 -1639.0000  33.3%     -    0s
     0     0 -1467.5000    0  313 -1230.0000 -1467.5000  19.3%     -    0s
     0     0 -1465.5000    0  314 -1230.0000 -1465.5000  19.1%     -    0s
     0     0 -1428.1667    0  356 -1230.0000 -1428.1667  16.1%     -    0s
     0     0 -1428.1667    0  350 -1230.0000 -1428.1667  16.1%     -    0s
     0     2 -1428.1667    0  348 -1230.0000 -1428.1667  16.1%     -    0s
   562   493 -1310.1029   13  867 -1230.0000 -1310.1029  6.51%  75.3    5s
   617   531 -1275.0000   27  927 -1230.0000 -1295.9930  5.37%   107   10s
   675   571 -1273.4889   31  822 -1230.0000 -1285.8138  4.54%   144   15s
   753   615 -1250.1445   40  743 -1230.0000 -1285.8109  4.54%   182   20s
   851   666 -1233.4599   55  521 -1230.0000 -1283.6260  4.36%   206   25s
   940   706 -1264.1809   34  788 -1230.0000 -1281.6206  4.20%   230   30s
  1042   760 -1261.6667   35  772 -1230.0000 -1281.6092  4.20%   248   35s
  1178   799 -1260.4449   36  756 -1230.0000 -1280.4975  4.11%   256   40s
  1272   833 -1257.6430   35  780 -1230.0000 -1280.2653  4.09%   267   45s
  1390   890 -1253.8989   36  771 -1230.0000 -1279.4281  4.02%   274   50s
  1511   925 -1256.2089   36  776 -1230.0000 -1277.1391  3.83%   279   55s
  1628   962 -1243.9064   46  689 -1230.0000 -1276.5745  3.79%   287   60s
  1728   996 -1245.3079   38  711 -1230.0000 -1275.8967  3.73%   297   65s
  1837  1031 -1253.6559   35  757 -1230.0000 -1275.1451  3.67%   304   70s
  1965  1055 -1261.7112   33  790 -1230.0000 -1275.0213  3.66%   308   75s
  2079  1072 -1250.8901   36  764 -1230.0000 -1274.1114  3.59%   312   80s
  2190  1105 -1249.5288   38  749 -1230.0000 -1274.0135  3.58%   315   85s
  2289  1139 -1252.1180   37  756 -1230.0000 -1273.7543  3.56%   321   90s
  2394  1188 -1243.7939   41  711 -1230.0000 -1273.3461  3.52%   324   95s
  2488  1249 -1270.0650   29  861 -1230.0000 -1273.2103  3.51%   329  100s
  2594  1315 -1252.7621   38  713 -1230.0000 -1273.1527  3.51%   331  105s
  2704  1388 -1232.7939   48  671 -1230.0000 -1273.0075  3.50%   332  110s
  2812  1443 -1233.0607   47  698 -1230.0000 -1272.8673  3.49%   336  115s
  2926  1507 -1265.2351   32  813 -1230.0000 -1272.6410  3.47%   338  120s
  3029  1568 -1260.7319   34  783 -1230.0000 -1271.7601  3.40%   338  125s

Cutting planes:
  Gomory: 20
  MIR: 44
  Flow cover: 26
  Zero half: 503
  RLT: 43
  BQP: 54

Explored 3090 nodes (1047153 simplex iterations) in 128.00 seconds (119.11 work units)
Thread count was 1 (of 72 available processors)

Solution count 4: -1230 -1214 -370 0 

Time limit reached
Best objective -1.230000000000e+03, best bound -1.270000000000e+03, gap 3.2520%

User-callback calls 17547, time in user-callback 0.08 sec

BQP_SOLUTION, 215, 860, -451.000000, 128.001268, -1, 1, 1, 1, -1, 1, 1, -1, 1, -1, 1, 1, 1, -1, 1, -1, -1, 1, 1, -1, 1, 1, -1, 1, 1, 1, 1, 1, -1, 1, 1, -1, 1, 1, -1, 1, -1, -1, 1, -1, -1, 1, -1, -1, 1, 1, -1, 1, 1, -1, 1, 1, -1, 1, 1, -1, 1, -1, 1, 1, -1, 1, -1, 1, 1, -1, 1, 1, 1, 1, 1, -1, 1, -1, 1, 1, -1, -1, 1, 1, -1, 1, 1, -1, 1, 1, -1, -1, 1, -1, 1, 1, -1, 1, 1, -1, -1, 1, 1, 1, -1, 1, 1, -1, 1, 1, -1, -1, 1, -1, -1, 1, 1, 1, -1, -1, -1, -1, -1, 1, -1, 1, 1, -1, -1, 1, -1, -1, -1, -1, -1, -1, -1, -1, 1, 1, -1, -1, 1, -1, 1, 1, -1, 1, 1, -1, 1, -1, 1, 1, -1, 1, 1, -1, -1, 1, 1, -1, 1, 1, -1, 1, 1, -1, -1, 1, -1, 1, 1, -1, 1, 1, 1, 1, -1, 1, -1, 1, 1, 1, -1, 1, -1, 1, 1, -1, 1, -1, -1, 1, 1, -1, -1, 1, -1, -1, 1, -1, 1, -1, 1, -1, 1, -1, -1, 1, -1, -1, -1, -1, -1, 1, 1, -1, 1
BQP_DATA, 215, 860, -451.000000, -491.000000, -1230.000000, -1270.000000, 128.001268, 593, 3090
