Set parameter TSPort to value 51199
Set parameter TokenServer to value "open-license1.lanl.gov"
Set parameter TimeLimit to value 8
Set parameter Threads to value 1
Gurobi Optimizer version 10.0.3 build v10.0.3rc0 (linux64)

CPU model: Intel(R) Xeon(R) CPU E5-2695 v4 @ 2.10GHz, instruction set [SSE2|AVX|AVX2]
Thread count: 36 physical cores, 72 logical processors, using up to 1 threads

Optimize a model with 0 rows, 383 columns and 0 nonzeros
Model fingerprint: 0xc5a82fc2
Model has 1570 quadratic objective terms
Variable types: 0 continuous, 383 integer (383 binary)
Coefficient statistics:
  Matrix range     [0e+00, 0e+00]
  Objective range  [2e+00, 3e+01]
  QObjective range [8e+00, 8e+00]
  Bounds range     [1e+00, 1e+00]
  RHS range        [0e+00, 0e+00]
Found heuristic solution: objective 0.0000000
Found heuristic solution: objective -640.0000000
Found heuristic solution: objective -2150.000000
Found heuristic solution: objective -2168.000000
Presolve removed 0 rows and 1 columns
Presolve time: 0.22s
Presolved: 1569 rows, 1951 columns, 4707 nonzeros
Variable types: 0 continuous, 1951 integer (1951 binary)

Root relaxation: objective -2.930000e+03, 480 iterations, 0.01 seconds (0.00 work units)

    Nodes    |    Current Node    |     Objective Bounds      |     Work
 Expl Unexpl |  Obj  Depth IntInf | Incumbent    BestBd   Gap | It/Node Time

     0     0 -2930.0000    0  382 -2168.0000 -2930.0000  35.1%     -    0s
     0     0 -2655.0000    0  527 -2168.0000 -2655.0000  22.5%     -    0s
     0     0 -2654.7500    0  538 -2168.0000 -2654.7500  22.5%     -    0s
     0     0 -2577.0000    0  612 -2168.0000 -2577.0000  18.9%     -    0s
     0     0 -2577.0000    0  592 -2168.0000 -2577.0000  18.9%     -    0s
     0     2 -2577.0000    0  581 -2168.0000 -2577.0000  18.9%     -    1s
   524   479 -2345.5000   33  974 -2168.0000 -2423.7110  11.8%  80.9    5s

Cutting planes:
  Gomory: 23
  MIR: 79
  Flow cover: 352
  Zero half: 326
  RLT: 65
  BQP: 78

Explored 537 nodes (68184 simplex iterations) in 8.00 seconds (6.70 work units)
Thread count was 1 (of 72 available processors)

Solution count 4: -2168 -2150 -640 0 

Time limit reached
Best objective -2.168000000000e+03, best bound -2.356000000000e+03, gap 8.6716%

User-callback calls 2354, time in user-callback 0.01 sec

BQP_SOLUTION, 383, 1570, -808.000000, 8.000651, 1, 1, -1, -1, 1, -1, -1, 1, 1, -1, -1, -1, 1, -1, -1, -1, 1, -1, -1, 1, 1, -1, -1, 1, 1, -1, 1, -1, -1, 1, 1, -1, 1, 1, 1, -1, 1, 1, -1, -1, 1, 1, -1, 1, 1, 1, 1, -1, 1, -1, 1, -1, 1, -1, 1, -1, 1, -1, 1, 1, 1, 1, 1, -1, 1, 1, 1, 1, -1, 1, 1, -1, 1, 1, 1, -1, 1, 1, -1, 1, 1, 1, 1, 1, 1, 1, -1, 1, 1, -1, 1, -1, -1, 1, -1, -1, 1, -1, -1, -1, 1, -1, 1, 1, 1, -1, 1, 1, 1, -1, -1, 1, 1, -1, 1, -1, 1, 1, -1, 1, 1, -1, -1, 1, 1, 1, -1, -1, 1, 1, -1, 1, -1, -1, -1, 1, -1, -1, -1, 1, -1, 1, -1, -1, -1, 1, -1, 1, -1, -1, 1, -1, -1, 1, -1, -1, -1, -1, 1, -1, -1, 1, -1, 1, -1, 1, -1, -1, -1, 1, -1, -1, -1, -1, -1, -1, -1, -1, -1, -1, -1, 1, -1, -1, -1, -1, -1, -1, -1, 1, -1, -1, -1, 1, 1, 1, -1, 1, 1, -1, -1, -1, 1, -1, -1, -1, 1, -1, -1, 1, 1, -1, -1, -1, 1, -1, -1, 1, 1, -1, 1, 1, -1, -1, -1, -1, 1, -1, 1, -1, 1, 1, -1, -1, 1, -1, -1, -1, 1, -1, -1, 1, 1, 1, -1, 1, 1, 1, 1, 1, 1, 1, 1, 1, 1, 1, -1, -1, 1, 1, 1, 1, 1, 1, 1, 1, 1, 1, -1, 1, 1, 1, 1, 1, 1, 1, -1, 1, 1, -1, 1, 1, 1, 1, 1, 1, 1, 1, 1, 1, -1, -1, 1, 1, 1, -1, -1, -1, 1, -1, 1, 1, -1, -1, 1, -1, -1, 1, -1, 1, -1, 1, -1, 1, -1, 1, -1, 1, -1, 1, -1, 1, 1, 1, -1, 1, -1, 1, -1, 1, -1, 1, -1, 1, 1, -1, -1, 1, 1, 1, 1, 1, 1, 1, -1, -1, 1, 1, -1, 1, 1, 1, 1, -1, 1, 1, -1, 1, 1, 1, 1, -1, 1, 1, 1, -1, 1, 1, 1, 1, 1, -1, 1, -1, 1, 1, 1, 1, 1, 1, 1, -1, -1
BQP_DATA, 383, 1570, -808.000000, -996.000000, -2168.000000, -2356.000000, 8.000651, 780, 537
