Set parameter TSPort to value 51199
Set parameter TokenServer to value "open-license1.lanl.gov"
Set parameter TimeLimit to value 8
Set parameter Threads to value 1
Gurobi Optimizer version 10.0.3 build v10.0.3rc0 (linux64)

CPU model: Intel(R) Xeon(R) CPU E5-2695 v4 @ 2.10GHz, instruction set [SSE2|AVX|AVX2]
Thread count: 36 physical cores, 72 logical processors, using up to 1 threads

Optimize a model with 0 rows, 383 columns and 0 nonzeros
Model fingerprint: 0xf359e8b9
Model has 1628 quadratic objective terms
Variable types: 0 continuous, 383 integer (383 binary)
Coefficient statistics:
  Matrix range     [0e+00, 0e+00]
  Objective range  [2e+00, 3e+01]
  QObjective range [8e+00, 8e+00]
  Bounds range     [1e+00, 1e+00]
  RHS range        [0e+00, 0e+00]
Found heuristic solution: objective 0.0000000
Found heuristic solution: objective -652.0000000
Found heuristic solution: objective -2314.000000
Found heuristic solution: objective -2332.000000
Presolve removed 0 rows and 1 columns
Presolve time: 0.21s
Presolved: 1627 rows, 2009 columns, 4881 nonzeros
Variable types: 0 continuous, 2009 integer (2009 binary)

Root relaxation: objective -3.114000e+03, 483 iterations, 0.01 seconds (0.00 work units)

    Nodes    |    Current Node    |     Objective Bounds      |     Work
 Expl Unexpl |  Obj  Depth IntInf | Incumbent    BestBd   Gap | It/Node Time

     0     0 -3114.0000    0  382 -2332.0000 -3114.0000  33.5%     -    0s
     0     0 -2824.5000    0  541 -2332.0000 -2824.5000  21.1%     -    0s
     0     0 -2822.5000    0  542 -2332.0000 -2822.5000  21.0%     -    0s
     0     0 -2749.5000    0  608 -2332.0000 -2749.5000  17.9%     -    0s
     0     0 -2749.5000    0  591 -2332.0000 -2749.5000  17.9%     -    0s
     0     2 -2749.5000    0  587 -2332.0000 -2749.5000  17.9%     -    0s
   523   453 -2523.0000   29  962 -2332.0000 -2579.0182  10.6%  82.1    5s

Cutting planes:
  Gomory: 30
  MIR: 81
  Flow cover: 361
  Zero half: 342
  RLT: 69
  BQP: 85

Explored 537 nodes (67495 simplex iterations) in 8.00 seconds (6.63 work units)
Thread count was 1 (of 72 available processors)

Solution count 4: -2332 -2314 -652 0 

Time limit reached
Best objective -2.332000000000e+03, best bound -2.510000000000e+03, gap 7.6329%

User-callback calls 2400, time in user-callback 0.01 sec

BQP_SOLUTION, 383, 1628, -846.000000, 8.001768, -1, 1, 1, 1, 1, 1, -1, 1, -1, 1, -1, 1, -1, 1, 1, -1, -1, 1, -1, 1, -1, 1, 1, 1, -1, 1, 1, 1, -1, 1, -1, 1, -1, 1, 1, 1, -1, 1, 1, 1, -1, 1, 1, 1, -1, 1, 1, 1, -1, 1, 1, 1, -1, 1, 1, 1, -1, -1, 1, 1, -1, 1, 1, -1, -1, 1, 1, -1, -1, 1, 1, 1, -1, -1, 1, -1, -1, -1, 1, -1, -1, -1, -1, 1, 1, -1, 1, -1, -1, -1, 1, -1, 1, 1, 1, 1, -1, 1, 1, -1, -1, 1, 1, -1, -1, 1, -1, -1, -1, 1, 1, -1, -1, 1, 1, -1, -1, 1, 1, -1, -1, 1, 1, -1, -1, 1, 1, -1, -1, 1, 1, -1, 1, 1, -1, -1, 1, 1, 1, -1, 1, 1, 1, 1, 1, 1, -1, 1, 1, 1, -1, 1, 1, 1, -1, 1, 1, 1, -1, 1, 1, -1, 1, 1, 1, 1, -1, 1, -1, -1, -1, 1, 1, -1, 1, 1, 1, -1, -1, 1, 1, 1, 1, 1, 1, -1, -1, 1, -1, 1, -1, 1, -1, 1, -1, -1, 1, 1, 1, 1, 1, 1, -1, 1, 1, 1, -1, 1, 1, 1, -1, 1, 1, 1, -1, -1, 1, 1, -1, 1, 1, 1, -1, 1, 1, 1, -1, 1, 1, 1, -1, 1, 1, -1, -1, -1, 1, -1, -1, -1, 1, -1, 1, -1, 1, -1, -1, -1, -1, -1, -1, -1, 1, -1, 1, -1, -1, -1, -1, -1, -1, -1, -1, -1, 1, -1, 1, -1, 1, -1, -1, -1, -1, -1, -1, -1, -1, -1, 1, -1, 1, -1, -1, 1, -1, -1, 1, -1, -1, -1, 1, -1, -1, 1, 1, 1, -1, -1, 1, -1, 1, -1, 1, 1, -1, -1, 1, 1, -1, -1, 1, -1, -1, -1, 1, -1, -1, -1, 1, 1, -1, 1, -1, 1, -1, -1, 1, 1, -1, -1, 1, -1, 1, 1, -1, -1, 1, -1, 1, -1, 1, 1, 1, -1, 1, 1, 1, -1, 1, 1, 1, -1, 1, 1, 1, -1, 1, 1, 1, -1, 1, 1, 1, -1, 1, 1, 1, 1, -1, 1, 1, -1, -1, 1, 1, 1, 1, 1, 1, -1, 1, 1, 1
BQP_DATA, 383, 1628, -846.000000, -1024.000000, -2332.000000, -2510.000000, 8.001768, 814, 537
