Set parameter TSPort to value 51199
Set parameter TokenServer to value "open-license1.lanl.gov"
Set parameter TimeLimit to value 4096
Set parameter Threads to value 1
Gurobi Optimizer version 10.0.3 build v10.0.3rc0 (linux64)

CPU model: Intel(R) Xeon(R) CPU E5-2695 v4 @ 2.10GHz, instruction set [SSE2|AVX|AVX2]
Thread count: 36 physical cores, 72 logical processors, using up to 1 threads

Optimize a model with 0 rows, 1940 columns and 0 nonzeros
Model fingerprint: 0x34e1f079
Model has 8837 quadratic objective terms
Variable types: 0 continuous, 1940 integer (1940 binary)
Coefficient statistics:
  Matrix range     [0e+00, 0e+00]
  Objective range  [2e+00, 3e+01]
  QObjective range [8e+00, 8e+00]
  Bounds range     [1e+00, 1e+00]
  RHS range        [0e+00, 0e+00]
Found heuristic solution: objective 0.0000000
Found heuristic solution: objective -3344.000000
Found heuristic solution: objective -12132.00000
Found heuristic solution: objective -12218.00000
Presolve removed 0 rows and 2 columns
Presolve time: 0.38s
Presolved: 8835 rows, 10773 columns, 26505 nonzeros
Variable types: 0 continuous, 10773 integer (10773 binary)

Root relaxation: objective -1.670800e+04, 2723 iterations, 0.04 seconds (0.02 work units)

    Nodes    |    Current Node    |     Objective Bounds      |     Work
 Expl Unexpl |  Obj  Depth IntInf | Incumbent    BestBd   Gap | It/Node Time

     0     0 -16708.000    0 1938 -12218.000 -16708.000  36.7%     -    0s
     0     0 -15581.000    0 2503 -12218.000 -15581.000  27.5%     -    1s
     0     0 -15475.333    0 2566 -12218.000 -15475.333  26.7%     -    1s
     0     0 -15469.333    0 2567 -12218.000 -15469.333  26.6%     -    1s
     0     0 -15200.250    0 2791 -12218.000 -15200.250  24.4%     -    1s
     0     0 -15200.250    0 2759 -12218.000 -15200.250  24.4%     -    2s
     0     2 -15200.250    0 2758 -12218.000 -15200.250  24.4%     -    2s
   115   117 -14673.625   58 3242 -12218.000 -15186.250  24.3%   121    5s
   429   431 -13473.000  215 3803 -12218.000 -15186.250  24.3%  96.8   10s
   747   749 -12607.000  375 3753 -12218.000 -15186.250  24.3%  79.0   15s
   976   935 -12221.333  472 3378 -12218.000 -15186.250  24.3%  70.4   20s
   988   938 -12731.000  341 3266 -12218.000 -14508.500  18.7%  69.7   26s
   996   944 -12835.000  321 3928 -12218.000 -14179.821  16.1%  69.2   36s
   997   944 -12441.250  410 4069 -12218.000 -14118.884  15.6%  69.1   44s
   998   945 -12618.000  374 4269 -12218.000 -14104.445  15.4%  69.0   48s
  1000   946 -14098.758    8 4337 -12218.000 -14098.758  15.4%  68.9   50s
  1008   952 -12348.500  439 4957 -12218.000 -13883.599  13.6%  68.3   83s
  1009   952 -12718.000  344 5253 -12218.000 -13842.719  13.3%  68.3  106s
  1010   953 -13833.237  115 5378 -12218.000 -13833.237  13.2%  68.2  117s
  1011   954 -13254.500  249 5433 -12218.000 -13827.953  13.2%  68.1  123s
  1012   954 -13316.500  238 5504 -12218.000 -13825.666  13.2%  68.1  126s
  1016   957 -12856.000  317 5598 -12218.000 -13824.521  13.1%  67.8  130s
  1020   960 -12622.000  372 6002 -12218.000 -13658.510  11.8%  67.5  186s
  1021   960 -12890.000  312 6342 -12218.000 -13626.065  11.5%  67.5  221s
  1022   961 -12403.000  420 6489 -12218.000 -13618.584  11.5%  67.4  233s
  1023   962 -12555.250  386 6572 -12218.000 -13615.219  11.4%  67.3  241s
  1025   963 -12543.250  388 6633 -12218.000 -13613.464  11.4%  67.2  247s
  1029   966 -13213.000  255 6681 -12218.000 -13613.180  11.4%  67.0  250s
  1032   968 -13494.765   45 7062 -12218.000 -13494.765  10.4%  66.8  327s
  1033   968 -13280.000  245 7373 -12218.000 -13468.174  10.2%  66.7  377s
  1034   969 -13462.921  202 7548 -12218.000 -13462.921  10.2%  66.6  394s
  1035   970 -12825.000  323 7581 -12218.000 -13461.380  10.2%  66.6  401s
  1036   970 -13460.743   91 7687 -12218.000 -13460.743  10.2%  66.5  405s
  1039   972 -13460.249  125 7663 -12218.000 -13460.249  10.2%  66.3  410s
  1043   975 -13368.864   61 8301 -12218.000 -13368.864  9.42%  66.1  507s
  1044   976 -13350.118  158 8467 -12218.000 -13350.118  9.27%  66.0  563s
  1045   976 -13346.522   56 8533 -12218.000 -13346.522  9.24%  65.9  581s
  1046   977 -12624.000  370 8577 -12218.000 -13345.670  9.23%  65.9  588s
  1047   978 -13345.427  146 8628 -12218.000 -13345.427  9.23%  65.8  591s
  1050   980 -13345.271  143 8646 -12218.000 -13345.271  9.23%  65.6  595s
  1053   982 -13294.592  130 8489 -12218.000 -13294.592  8.81%  65.4  677s
  1054   982 -12739.000  339 8706 -12218.000 -13285.239  8.73%  65.4  721s
  1055   983 -13283.578   87 8771 -12218.000 -13283.578  8.72%  65.3  732s
  1056   984 -13282.832  197 8860 -12218.000 -13282.832  8.72%  65.2  739s
  1057   984 -13282.686  136 8888 -12218.000 -13282.686  8.71%  65.2  743s
  1059   986 -13282.627   90 8906 -12218.000 -13282.627  8.71%  65.1  745s
  1061   987 -13249.674   92 8824 -12218.000 -13249.674  8.44%  64.9  818s
  1062   988 -12866.000  315 8939 -12218.000 -13242.405  8.38%  64.9  858s
  1063   988 -13241.113   52 8984 -12218.000 -13241.113  8.37%  64.8  873s
  1064   989 -13240.830  179 8996 -12218.000 -13240.830  8.37%  64.8  876s
  1065   990 -13055.000  281 9033 -12218.000 -13240.669  8.37%  64.7  880s
  1069   992 -13141.000  267 9053 -12218.000 -13240.575  8.37%  64.4  886s
  1070   993 -13214.745  110 9017 -12218.000 -13214.745  8.16%  64.4  950s
  1071   994 -13210.397  156 9070 -12218.000 -13210.397  8.12%  64.3  982s
  1072   994 -13209.415   15 9118 -12218.000 -13209.415  8.11%  64.3  992s
  1073   995 -13034.000  284 9138 -12218.000 -13209.110  8.11%  64.2  997s
  1074   996 -12371.500  430 9154 -12218.000 -13208.996  8.11%  64.1 1000s
  1078   998 -13188.447  117 9060 -12218.000 -13188.447  7.94%  63.9 1072s
  1079   999 -13184.853   50 9184 -12218.000 -13184.853  7.91%  63.9 1103s
  1080  1000 -12730.000  342 9217 -12218.000 -13184.029  7.91%  63.8 1113s
  1081  1000 -13183.609  147 9228 -12218.000 -13183.609  7.90%  63.7 1121s
  1083  1002 -13091.000  275 9277 -12218.000 -13183.420  7.90%  63.6 1125s
H 1085   951                    -12222.00000 -13170.678  7.76%  63.5 1181s
  1087   952 -12365.500  433 9245 -12222.000 -13167.173  7.73%  63.4 1212s
  1088   953 -12731.000  341 9270 -12222.000 -13166.510  7.73%  63.3 1220s
  1090   954 -13166.208   23 9323 -12222.000 -13166.208  7.73%  63.2 1226s
  1094   957 -12519.250  393 9267 -12222.000 -13156.372  7.64%  63.0 1277s
  1095   958 -12873.000  314 9343 -12222.000 -13153.760  7.62%  62.9 1301s
  1096   958 -12835.000  321 9367 -12222.000 -13153.341  7.62%  62.9 1307s
  1097   959 -12441.250  410 9392 -12222.000 -13153.232  7.62%  62.8 1310s
  1101   962 -13143.246  170 9271 -12222.000 -13143.246  7.54%  62.6 1362s
  1102   962 -12702.000  348 9350 -12222.000 -13141.206  7.52%  62.5 1382s
  1103   963 -13140.767  134 9392 -12222.000 -13140.767  7.52%  62.5 1389s
  1104   964 -12806.000  326 9403 -12222.000 -13140.624  7.52%  62.4 1392s
  1107   966 -12986.000  295 9431 -12222.000 -13140.581  7.52%  62.2 1395s
  1108   966 -12348.500  439 9295 -12222.000 -13129.716  7.43%  62.2 1449s
  1109   967 -12718.000  344 9342 -12222.000 -13127.350  7.41%  62.1 1472s
  1110   968 -13126.974  115 9379 -12222.000 -13126.974  7.40%  62.1 1478s
  1111   968 -13126.871  249 9400 -12222.000 -13126.871  7.40%  62.0 1481s
  1115   971 -13118.831  268 9357 -12222.000 -13118.831  7.34%  61.8 1532s
  1116   972 -12856.000  317 9409 -12222.000 -13116.765  7.32%  61.7 1552s
  1117   972 -12880.000  313 9445 -12222.000 -13116.269  7.32%  61.7 1563s
  1118   973 -13116.172  176 9470 -12222.000 -13116.172  7.32%  61.6 1565s
  1122   976 -12403.000  420 9402 -12222.000 -13109.095  7.26%  61.4 1620s
  1123   976 -12555.250  386 9421 -12222.000 -13106.953  7.24%  61.3 1641s
  1124   977 -12617.000  374 9506 -12222.000 -13106.638  7.24%  61.3 1647s
  1126   978 -13106.511   38 9471 -12222.000 -13106.511  7.24%  61.2 1651s
  1129   980 -13099.403  255 9374 -12222.000 -13099.403  7.18%  61.0 1700s
  1130   981 -13097.150  239 9488 -12222.000 -13097.150  7.16%  61.0 1723s
  1131   982 -12873.000  314 9520 -12222.000 -13096.623  7.16%  60.9 1733s
  1132   982 -13096.466   45 9553 -12222.000 -13096.466  7.15%  60.9 1738s
  1133   983 -13096.420  245 9572 -12222.000 -13096.420  7.15%  60.8 1740s
  1137   986 -12519.250  393 9501 -12222.000 -13089.816  7.10%  60.6 1792s
  1138   986 -13088.344   44 9549 -12222.000 -13088.344  7.09%  60.5 1812s
  1139   987 -13088.016  125 9532 -12222.000 -13088.016  7.09%  60.5 1819s
  1140   988 -12486.250  402 9577 -12222.000 -13087.960  7.09%  60.4 1822s
  1143   990 -13087.919   61 9589 -12222.000 -13087.919  7.08%  60.3 1825s
  1144   990 -13082.091  158 9469 -12222.000 -13082.091  7.04%  60.2 1865s
  1145   991 -13080.520   56 9557 -12222.000 -13080.520  7.02%  60.2 1886s
  1146   992 -12624.000  370 9586 -12222.000 -13080.263  7.02%  60.1 1893s
  1147   992 -13080.152  146 9602 -12222.000 -13080.152  7.02%  60.1 1898s
  1148   993 -13080.116  178 9614 -12222.000 -13080.116  7.02%  60.0 1900s
  1151   995 -13079.899  196 9603 -12222.000 -13079.899  7.02%  59.9 1905s
  1155   998 -13079.845   87 9636 -12222.000 -13079.845  7.02%  59.7 1910s
  1157   999 -13079.424  136 9615 -12222.000 -13079.424  7.02%  59.5 1918s
  1158  1000 -12577.250  382 9627 -12222.000 -13079.309  7.01%  59.5 1922s
  1160  1001 -12348.500  438 9648 -12222.000 -13079.280  7.01%  59.4 1925s
  1163  1003 -13079.081   52 9640 -12222.000 -13079.081  7.01%  59.2 1930s
  1168  1006 -13078.751   32 9632 -12222.000 -13078.751  7.01%  59.0 1938s
  1169  1007 -13078.673  267 9629 -12222.000 -13078.673  7.01%  58.9 1941s
  1176  1012 -13078.652   83 9667 -12222.000 -13078.652  7.01%  58.6 1945s
  1184  1018 -12352.500  437 4355 -12222.000 -13078.652  7.01%  1362 1961s
  1185  1019 -13078.652   80 5986 -12222.000 -13078.652  7.01%  1361 2015s
  1186  1020 -13078.652  186 7831 -12222.000 -13078.652  7.01%  1360 2129s
  1187  1020 -12365.500  433 9162 -12222.000 -13078.652  7.01%  1359 2283s
  1188  1021 -12731.000  341 9386 -12222.000 -13078.652  7.01%  1358 2368s
  1189  1022 -13078.652  118 9485 -12222.000 -13078.652  7.01%  1357 2402s
  1190  1022 -13078.652   23 9526 -12222.000 -13078.652  7.01%  1356 2419s
  1191  1023 -12250.333  466 9570 -12222.000 -13078.652  7.01%  1354 2424s
  1192  1024 -13078.652  271 9601 -12222.000 -13078.652  7.01%  1353 2427s
  1193  1024 -12307.833  450 9599 -12222.000 -13078.652  7.01%  1352 2431s
  1196  1026 -12835.000  321 9633 -12222.000 -13078.652  7.01%  1349 2435s
  1197  1027 -12441.250  410 9520 -12222.000 -13068.707  6.93%  1348 2498s
  1198  1028 -12618.000  374 9541 -12222.000 -13067.927  6.92%  1347 2508s
  1199  1028 -13067.796  217 9571 -12222.000 -13067.796  6.92%  1345 2511s
  1202  1030 -12702.000  348 9589 -12222.000 -13067.770  6.92%  1342 2515s
  1203  1031 -13055.111  134 9578 -12222.000 -13055.111  6.82%  1341 2584s
  1204  1032 -12806.000  326 9627 -12222.000 -13053.205  6.80%  1340 2608s
  1205  1032 -13052.820  214 9632 -12222.000 -13052.820  6.80%  1339 2616s
  1206  1033 -13052.706  121 9669 -12222.000 -13052.706  6.80%  1338 2620s
  1208  1034 -12348.500  439 9669 -12222.000 -13052.674  6.80%  1335 2625s
  1209  1035 -12718.000  344 9614 -12222.000 -13043.816  6.72%  1334 2683s
  1210  1036 -13041.891  115 9669 -12222.000 -13041.891  6.71%  1333 2709s
  1211  1036 -13041.566  249 9685 -12222.000 -13041.566  6.71%  1332 2717s
  1212  1037 -13041.401  238 9709 -12222.000 -13041.401  6.70%  1331 2722s
  1213  1038 -13041.364   84 9719 -12222.000 -13041.364  6.70%  1330 2725s
  1217  1040 -12880.000  313 9689 -12222.000 -13034.586  6.65%  1326 2781s
  1218  1041 -13033.484  176 9714 -12222.000 -13033.484  6.64%  1324 2800s
  1219  1042 -13033.207  210 9759 -12222.000 -13033.207  6.64%  1323 2808s
  1220  1042 -12622.000  372 9780 -12222.000 -13033.115  6.64%  1322 2811s
  1223  1044 -12555.250  386 9803 -12222.000 -13033.089  6.64%  1319 2816s
  1224  1045 -12617.000  374 9689 -12222.000 -13027.111  6.59%  1318 2864s
  1225  1046 -12543.250  388 9756 -12222.000 -13025.912  6.58%  1317 2884s
  1226  1046 -13025.652   38 9779 -12222.000 -13025.652  6.58%  1316 2891s
  1228  1048 -13025.554   72 9797 -12222.000 -13025.554  6.57%  1314 2896s
  1230  1049 -13025.542  239 9801 -12222.000 -13025.542  6.57%  1311 2900s
  1231  1050 -12873.000  314 9728 -12222.000 -13021.756  6.54%  1310 2940s
  1232  1050 -13020.829   45 9783 -12222.000 -13020.829  6.54%  1309 2957s
  1233  1051 -13020.571  245 9795 -12222.000 -13020.571  6.53%  1308 2965s
  1236  1053 -13020.496   91 9833 -12222.000 -13020.496  6.53%  1305 2970s
  1238  1054 -13016.913   44 9759 -12222.000 -13016.913  6.50%  1303 3013s
  1239  1055 -13016.254  125 9791 -12222.000 -13016.254  6.50%  1302 3027s
  1240  1056 -12486.250  402 9813 -12222.000 -13016.115  6.50%  1301 3032s
  1241  1056 -12934.000  304 9812 -12222.000 -13016.066  6.50%  1300 3035s
  1244  1058 -13016.045  158 9835 -12222.000 -13016.045  6.50%  1297 3040s
  1245  1059 -13012.048   56 9781 -12222.000 -13012.048  6.46%  1296 3080s
  1246  1060 -12624.000  370 9794 -12222.000 -13011.100  6.46%  1295 3097s
  1247  1060 -13010.892  146 9806 -12222.000 -13010.892  6.45%  1294 3104s
  1248  1061 -13010.849  178 9828 -12222.000 -13010.849  6.45%  1293 3106s
  1250  1062 -13010.829  143 9850 -12222.000 -13010.829  6.45%  1291 3111s
  1251  1063 -13007.533  196 9777 -12222.000 -13007.533  6.43%  1289 3149s
  1252  1064 -12635.000  368 9813 -12222.000 -13006.779  6.42%  1288 3164s
  1253  1064 -13006.673  130 9847 -12222.000 -13006.673  6.42%  1287 3168s
  1254  1065 -12739.000  339 9859 -12222.000 -13006.591  6.42%  1286 3171s
  1256  1066 -13006.568  197 9899 -12222.000 -13006.568  6.42%  1284 3176s
  1257  1067 -13003.657  136 9794 -12222.000 -13003.657  6.40%  1283 3212s
  1258  1068 -12577.250  382 9863 -12222.000 -13002.906  6.39%  1282 3229s
  1259  1068 -13002.761   90 9888 -12222.000 -13002.761  6.39%  1281 3235s
  1262  1070 -12866.000  315 9900 -12222.000 -13002.701  6.39%  1278 3242s
  1263  1071 -12999.918   52 9845 -12222.000 -12999.918  6.36%  1277 3276s
  1264  1072 -12999.145  179 9872 -12222.000 -12999.145  6.36%  1276 3290s
  1265  1072 -12998.956  281 9891 -12222.000 -12998.956  6.36%  1275 3296s
  1267  1074 -12998.877   55 9920 -12222.000 -12998.877  6.36%  1273 3301s
  1269  1075 -12998.868  267 9928 -12222.000 -12998.868  6.36%  1271 3305s
H 1269  1019                    -12226.00000 -12996.465  6.30%  1271 3338s
  1271  1020 -12995.999  156 9890 -12226.000 -12995.999  6.30%  1269 3350s
  1272  1021 -12995.879   15 9910 -12226.000 -12995.879  6.30%  1268 3355s
  1276  1024 -12995.840   83 9931 -12226.000 -12995.840  6.30%  1264 3362s
  1277  1024 -12993.627  254 9842 -12226.000 -12993.627  6.28%  1263 3390s
  1278  1025 -12992.945  117 9885 -12226.000 -12992.945  6.27%  1262 3406s
  1279  1026 -12992.736   50 9900 -12226.000 -12992.736  6.27%  1261 3412s
  1280  1026 -12730.000  342 9926 -12226.000 -12992.679  6.27%  1260 3416s
  1282  1028 -12543.250  388 9940 -12226.000 -12992.659  6.27%  1258 3420s
  1283  1028 -12989.802  275 9868 -12226.000 -12989.802  6.25%  1257 3457s
  1284  1029 -12352.500  437 9914 -12226.000 -12989.070  6.24%  1256 3473s
  1285  1030 -12988.899   80 9948 -12226.000 -12988.899  6.24%  1255 3480s
  1288  1032 -12731.000  341 9971 -12226.000 -12988.844  6.24%  1252 3487s
  1289  1032 -12987.095  118 9916 -12226.000 -12987.095  6.23%  1251 3513s
  1290  1033 -12986.684   23 9932 -12226.000 -12986.684  6.22%  1250 3525s
  1292  1034 -12986.557  271 9987 -12226.000 -12986.557  6.22%  1249 3531s
  1294  1036 -12519.250  393 9996 -12226.000 -12986.544  6.22%  1247 3535s
  1295  1036 -12873.000  314 9912 -12226.000 -12985.025  6.21%  1246 3558s
  1296  1037 -12835.000  321 9942 -12226.000 -12984.610  6.20%  1245 3569s
  1297  1038 -12441.250  410 9952 -12226.000 -12984.509  6.20%  1244 3574s
  1298  1038 -12618.000  374 9974 -12226.000 -12984.491  6.20%  1243 3576s
  1301  1040 -12984.469  170 9983 -12226.000 -12984.469  6.20%  1240 3580s
  1302  1041 -12702.000  348 9902 -12226.000 -12982.377  6.19%  1239 3609s
  1303  1042 -12981.917  134 9952 -12226.000 -12981.917  6.18%  1238 3622s
  1304  1042 -12806.000  326 9972 -12226.000 -12981.830  6.18%  1237 3626s
  1307  1044 -12981.794  295 9997 -12226.000 -12981.794  6.18%  1234 3631s
  1308  1045 -12348.500  439 9943 -12226.000 -12980.498  6.17%  1233 3655s
  1309  1046 -12718.000  344 9964 -12226.000 -12980.170  6.17%  1232 3665s
  1311  1047 -12980.044  249 10001 -12226.000 -12980.044  6.17%  1230 3671s
  1314  1049 -12978.549   24 9957 -12226.000 -12978.549  6.16%  1228 3698s
  1315  1050 -12978.161  268 9983 -12226.000 -12978.161  6.15%  1227 3709s
  1316  1050 -12856.000  317 9987 -12226.000 -12978.080  6.15%  1226 3713s
  1317  1051 -12880.000  313 10006 -12226.000 -12978.058  6.15%  1225 3715s
  1320  1053 -12622.000  372 9927 -12226.000 -12976.020  6.13%  1222 3747s
  1321  1054 -12890.000  312 9939 -12226.000 -12975.459  6.13%  1221 3760s
  1323  1055 -12555.250  386 9972 -12226.000 -12975.333  6.13%  1219 3767s
  1326  1057 -12975.309   38 9987 -12226.000 -12975.309  6.13%  1217 3772s
  1327  1058 -12677.000  361 9926 -12226.000 -12973.526  6.11%  1216 3799s
  1328  1058 -12973.016   72 9979 -12226.000 -12973.016  6.11%  1215 3811s
  1329  1059 -12972.929  255 9981 -12226.000 -12972.929  6.11%  1214 3816s
  1332  1061 -12972.906   45 10015 -12226.000 -12972.906  6.11%  1211 3821s
  1333  1062 -12970.584  245 9954 -12226.000 -12970.584  6.09%  1210 3855s
  1334  1062 -12969.812  202 9982 -12226.000 -12969.812  6.08%  1209 3874s
  1335  1063 -12825.000  323 9992 -12226.000 -12969.654  6.08%  1208 3881s
  1337  1064 -12519.250  393 10025 -12226.000 -12969.583  6.08%  1207 3886s
  1340  1066 -12486.250  402 9957 -12226.000 -12968.068  6.07%  1204 3913s
  1341  1067 -12934.000  304 10000 -12226.000 -12967.701  6.07%  1203 3924s
  1342  1068 -12967.631   43 10015 -12226.000 -12967.631  6.07%  1202 3927s
  1344  1069 -12967.605  158 10030 -12226.000 -12967.605  6.07%  1200 3930s
  1346  1070 -12624.000  370 9977 -12226.000 -12965.757  6.05%  1198 3960s
  1347  1071 -12965.175  146 9997 -12226.000 -12965.175  6.05%  1198 3974s
  1348  1072 -12965.039  178 10019 -12226.000 -12965.039  6.04%  1197 3980s
  1351  1074 -12964.986  196 10055 -12226.000 -12964.986  6.04%  1194 3987s
  1352  1074 -12635.000  368 9994 -12226.000 -12964.064  6.04%  1193 4004s
  1353  1075 -12963.602  130 10003 -12226.000 -12963.602  6.03%  1192 4015s
  1355  1076 -12963.469   87 10059 -12226.000 -12963.469  6.03%  1191 4022s
  1357  1078 -12963.459  136 10052 -12226.000 -12963.459  6.03%  1189 4025s
  1358  1078 -12577.250  382 10015 -12226.000 -12962.432  6.02%  1188 4043s
  1359  1079 -12962.156   90 10013 -12226.000 -12962.156  6.02%  1187 4052s
  1360  1080 -12348.500  438 10040 -12226.000 -12962.081  6.02%  1186 4056s
  1362  1081 -12866.000  315 10047 -12226.000 -12962.033  6.02%  1184 4060s
  1364  1082 -12961.284  179 10005 -12226.000 -12961.284  6.01%  1183 4079s
  1365  1083 -12960.996  281 10035 -12226.000 -12960.996  6.01%  1182 4088s
  1366  1084 -12679.000  356 10058 -12226.000 -12960.899  6.01%  1181 4093s
  1367  1084 -12960.871   55 10044 -12226.000 -12960.871  6.01%  1180 4095s

Cutting planes:
  Gomory: 55
  MIR: 320
  Flow cover: 4000
  Zero half: 1247
  Mod-K: 19
  RLT: 367
  BQP: 596

Explored 1367 nodes (3275676 simplex iterations) in 4096.00 seconds (6082.98 work units)
Thread count was 1 (of 72 available processors)

Solution count 6: -12226 -12222 -12218 ... 0

Time limit reached
Best objective -1.222600000000e+04, best bound -1.296000000000e+04, gap 6.0036%

User-callback calls 26979, time in user-callback 0.13 sec

BQP_SOLUTION, 1940, 8837, -4355.000000, 4096.000660, -1, -1, -1, 1, 1, 1, -1, 1, -1, -1, 1, 1, 1, -1, 1, 1, 1, 1, 1, -1, 1, 1, 1, 1, 1, 1, -1, -1, -1, 1, -1, 1, 1, -1, 1, 1, 1, -1, 1, -1, 1, 1, 1, 1, -1, 1, -1, 1, -1, 1, 1, 1, 1, 1, -1, -1, -1, 1, 1, 1, -1, 1, 1, -1, -1, 1, -1, 1, 1, 1, 1, -1, 1, -1, -1, -1, -1, 1, 1, 1, 1, -1, -1, -1, 1, 1, 1, 1, 1, 1, -1, -1, -1, -1, -1, -1, 1, 1, -1, -1, 1, -1, 1, -1, 1, 1, 1, -1, 1, -1, 1, -1, 1, 1, 1, 1, 1, -1, -1, -1, -1, -1, 1, 1, 1, 1, -1, -1, -1, 1, -1, 1, 1, -1, 1, -1, -1, -1, -1, 1, 1, 1, -1, -1, -1, 1, -1, 1, -1, -1, 1, -1, 1, -1, 1, -1, 1, -1, 1, 1, -1, -1, -1, 1, -1, -1, -1, -1, 1, -1, 1, 1, -1, -1, -1, -1, -1, 1, -1, -1, -1, 1, -1, -1, -1, -1, 1, -1, -1, 1, -1, -1, -1, -1, -1, 1, 1, -1, -1, 1, -1, 1, -1, -1, -1, -1, -1, -1, 1, -1, -1, -1, -1, 1, -1, -1, 1, -1, -1, -1, -1, 1, -1, -1, 1, -1, -1, -1, -1, -1, 1, -1, -1, 1, 1, 1, -1, -1, -1, 1, 1, -1, -1, 1, -1, -1, -1, -1, -1, -1, -1, -1, 1, 1, -1, 1, -1, -1, 1, 1, -1, 1, 1, -1, -1, -1, -1, 1, -1, -1, 1, 1, -1, 1, -1, -1, 1, 1, -1, 1, 1, -1, -1, -1, 1, 1, 1, -1, -1, 1, -1, -1, 1, 1, 1, -1, 1, 1, -1, -1, -1, 1, 1, 1, 1, 1, 1, 1, -1, 1, -1, -1, 1, -1, -1, 1, 1, -1, 1, 1, 1, 1, -1, 1, 1, 1, 1, -1, 1, 1, -1, -1, 1, 1, -1, -1, 1, -1, -1, -1, -1, -1, 1, -1, 1, 1, 1, 1, -1, -1, -1, 1, 1, 1, 1, -1, 1, -1, -1, -1, 1, 1, 1, 1, 1, 1, 1, -1, -1, -1, 1, -1, 1, -1, 1, -1, -1, -1, -1, 1, 1, 1, -1, 1, -1, -1, -1, 1, -1, 1, 1, -1, -1, -1, -1, -1, -1, -1, -1, 1, 1, -1, 1, -1, 1, -1, -1, -1, 1, -1, -1, 1, -1, -1, -1, 1, -1, 1, 1, -1, -1, 1, 1, 1, 1, -1, 1, 1, 1, 1, -1, -1, -1, 1, -1, 1, -1, 1, -1, 1, -1, 1, -1, 1, 1, 1, -1, -1, 1, -1, 1, -1, 1, 1, 1, -1, 1, -1, -1, -1, -1, -1, 1, -1, -1, -1, -1, 1, -1, 1, -1, 1, -1, -1, -1, -1, -1, -1, -1, -1, 1, 1, -1, -1, -1, -1, -1, 1, 1, 1, 1, 1, -1, -1, -1, -1, -1, 1, -1, -1, -1, 1, -1, 1, -1, -1, 1, 1, 1, -1, 1, -1, 1, -1, -1, 1, 1, -1, -1, -1, -1, 1, -1, -1, 1, -1, 1, 1, 1, -1, 1, -1, -1, -1, 1, 1, -1, 1, -1, 1, -1, 1, 1, 1, -1, 1, -1, 1, -1, -1, 1, -1, 1, -1, 1, -1, -1, -1, -1, 1, 1, -1, -1, 1, -1, 1, -1, 1, 1, -1, -1, -1, 1, 1, -1, 1, -1, 1, 1, -1, -1, -1, -1, -1, -1, -1, 1, 1, -1, 1, -1, 1, -1, -1, 1, 1, 1, -1, -1, -1, -1, 1, 1, -1, 1, 1, -1, -1, -1, -1, -1, -1, 1, 1, 1, -1, -1, -1, 1, -1, 1, -1, 1, 1, 1, -1, 1, -1, -1, -1, 1, 1, 1, -1, -1, -1, 1, 1, 1, 1, 1, 1, -1, -1, -1, -1, 1, 1, 1, -1, -1, -1, -1, 1, 1, -1, 1, 1, 1, 1, -1, -1, 1, 1, -1, 1, 1, 1, -1, -1, -1, -1, 1, -1, 1, 1, -1, -1, -1, -1, -1, 1, -1, 1, 1, 1, -1, 1, -1, -1, 1, -1, -1, 1, -1, -1, -1, -1, -1, -1, 1, 1, -1, 1, -1, -1, 1, -1, 1, 1, 1, 1, 1, -1, -1, -1, -1, 1, -1, 1, 1, 1, -1, -1, 1, -1, -1, 1, 1, 1, 1, -1, -1, 1, -1, -1, 1, 1, 1, 1, 1, -1, -1, -1, 1, -1, 1, 1, 1, -1, -1, -1, 1, -1, -1, 1, 1, 1, -1, -1, -1, 1, -1, 1, 1, 1, -1, 1, -1, -1, -1, 1, 1, 1, 1, -1, 1, -1, -1, -1, 1, -1, 1, 1, -1, -1, -1, 1, -1, -1, -1, 1, 1, -1, 1, -1, -1, -1, 1, 1, -1, 1, 1, -1, -1, -1, -1, 1, -1, 1, 1, 1, -1, -1, 1, -1, -1, -1, 1, 1, -1, -1, -1, -1, -1, -1, -1, 1, 1, -1, -1, 1, -1, -1, -1, 1, -1, 1, 1, -1, -1, -1, -1, -1, -1, 1, 1, 1, -1, -1, 1, -1, 1, -1, 1, 1, 1, -1, -1, -1, 1, -1, 1, 1, 1, -1, -1, 1, -1, -1, -1, -1, 1, 1, -1, 1, 1, -1, -1, -1, 1, 1, 1, -1, -1, 1, 1, -1, -1, 1, 1, 1, -1, -1, 1, -1, 1, -1, 1, 1, 1, 1, -1, -1, 1, -1, -1, 1, 1, 1, -1, -1, 1, 1, -1, -1, 1, -1, 1, -1, -1, -1, 1, -1, 1, 1, 1, -1, 1, -1, 1, 1, -1, -1, 1, 1, -1, 1, -1, -1, 1, -1, 1, 1, 1, -1, 1, -1, -1, 1, -1, 1, 1, 1, -1, -1, 1, -1, 1, -1, 1, 1, 1, -1, 1, -1, -1, 1, -1, 1, 1, 1, -1, 1, -1, 1, -1, 1, -1, 1, 1, 1, -1, -1, 1, -1, -1, -1, 1, -1, 1, -1, 1, 1, -1, -1, -1, 1, -1, 1, 1, 1, -1, -1, 1, -1, -1, 1, -1, 1, 1, -1, 1, -1, 1, 1, -1, 1, -1, 1, -1, 1, -1, 1, 1, -1, 1, 1, 1, -1, 1, -1, -1, 1, -1, 1, 1, -1, -1, 1, -1, 1, 1, -1, 1, 1, 1, -1, 1, -1, -1, -1, -1, 1, -1, 1, -1, -1, -1, 1, 1, -1, 1, 1, 1, -1, 1, -1, 1, -1, -1, -1, 1, 1, -1, 1, -1, 1, -1, -1, 1, 1, -1, 1, -1, -1, -1, 1, -1, 1, 1, -1, -1, -1, 1, 1, 1, -1, 1, 1, -1, 1, -1, 1, 1, -1, -1, 1, 1, -1, -1, -1, 1, 1, 1, -1, 1, 1, -1, -1, -1, -1, 1, -1, 1, -1, 1, -1, -1, -1, -1, 1, 1, -1, -1, 1, -1, -1, -1, 1, 1, 1, -1, -1, 1, 1, -1, 1, 1, 1, 1, -1, 1, 1, 1, -1, -1, -1, 1, 1, 1, -1, 1, 1, 1, -1, -1, 1, 1, 1, -1, 1, -1, -1, -1, -1, 1, 1, 1, -1, -1, -1, -1, -1, -1, 1, 1, -1, 1, 1, -1, -1, -1, 1, 1, 1, -1, 1, -1, -1, -1, -1, 1, 1, 1, 1, 1, -1, -1, -1, -1, 1, 1, 1, -1, 1, -1, -1, 1, 1, -1, 1, 1, 1, 1, -1, -1, -1, 1, -1, 1, 1, -1, 1, -1, -1, -1, -1, 1, 1, -1, 1, 1, -1, 1, -1, -1, -1, 1, 1, -1, 1, -1, 1, -1, 1, -1, 1, 1, -1, 1, -1, 1, -1, -1, -1, 1, 1, 1, 1, -1, 1, -1, -1, -1, 1, 1, 1, 1, -1, 1, 1, -1, 1, -1, 1, 1, 1, -1, 1, -1, -1, -1, 1, -1, 1, -1, -1, 1, -1, -1, 1, 1, 1, 1, -1, 1, -1, -1, 1, 1, 1, -1, 1, -1, 1, 1, 1, -1, 1, 1, 1, 1, -1, -1, 1, 1, -1, 1, 1, 1, -1, 1, 1, -1, 1, -1, 1, 1, 1, 1, 1, -1, 1, -1, 1, 1, 1, 1, -1, -1, -1, 1, 1, 1, 1, 1, -1, -1, 1, -1, 1, 1, 1, -1, 1, 1, -1, -1, 1, 1, 1, 1, -1, 1, 1, -1, -1, -1, 1, 1, 1, -1, 1, 1, -1, -1, 1, 1, 1, 1, -1, 1, 1, -1, 1, -1, 1, 1, 1, 1, 1, -1, -1, 1, 1, 1, 1, 1, -1, 1, 1, -1, -1, 1, 1, 1, 1, -1, 1, 1, -1, 1, 1, 1, 1, 1, 1, 1, 1, -1, -1, 1, 1, 1, 1, -1, 1, 1, -1, -1, 1, 1, 1, 1, -1, 1, 1, -1, -1, 1, 1, 1, 1, 1, 1, 1, -1, -1, 1, 1, 1, 1, -1, 1, 1, -1, -1, 1, -1, 1, 1, -1, 1, 1, 1, -1, 1, 1, 1, 1, -1, 1, 1, -1, 1, 1, -1, 1, 1, -1, 1, 1, -1, -1, -1, 1, -1, 1, 1, -1, 1, 1, 1, 1, 1, 1, 1, -1, 1, -1, -1, 1, 1, 1, -1, 1, 1, 1, -1, 1, -1, 1, -1, 1, 1, -1, 1, -1, 1, -1, 1, 1, 1, -1, -1, 1, 1, -1, 1, 1, 1, -1, 1, -1, 1, 1, 1, -1, 1, -1, 1, -1, -1, -1, 1, -1, 1, 1, 1, -1, 1, -1, 1, 1, -1, 1, 1, 1, 1, -1, -1, 1, 1, 1, 1, 1, 1, 1, -1, -1, 1, -1, 1, -1, 1, 1, 1, 1, 1, -1, 1, 1, 1, -1, 1, 1, -1, -1, -1, 1, -1, -1, 1, 1, 1, -1, 1, -1, -1, 1, 1, 1, 1, 1, -1, -1, -1, -1, 1, 1, 1, 1, 1, -1, -1, -1, 1, 1, 1, 1, 1, -1, -1, -1, -1, -1, 1, 1, 1, 1, 1, 1, -1, 1, -1, 1, -1, -1, 1, 1, -1, -1, -1, -1, -1, -1, -1, 1, 1, -1, -1, 1, -1, -1, 1, 1, 1, 1, -1, 1, -1, -1, -1, 1, 1, 1, 1, 1, -1, 1, 1, 1, 1, -1, 1, 1, -1, -1, -1, -1, -1, 1, 1, 1, -1, 1, 1, -1, 1, -1, 1, -1, 1, 1, -1, 1, -1, 1, -1, 1, -1, 1, 1, 1, -1, 1, -1, -1, -1, -1, -1, 1, 1, -1, 1, -1, 1, -1, 1, -1, 1, 1, -1, 1, -1, 1, -1, -1, 1, 1, 1, -1, 1, -1, 1, -1, -1, 1, -1, 1, -1, 1, 1, 1, 1, -1, 1, 1, 1, -1, 1, -1, 1, 1, -1, 1, 1, 1, -1, 1, -1, 1, -1, 1, 1, 1, 1, -1, 1, -1, 1, -1, 1, -1, 1, 1, -1, 1, 1, 1, 1, 1, -1, 1, 1, -1, 1, -1, 1, -1, 1, -1, 1, 1, -1, 1, 1, 1, -1, 1, -1, 1, 1, -1, 1, 1, 1, 1, 1, -1, 1, -1, -1, 1, 1, 1, 1, 1, -1, 1, 1, 1, 1, 1, 1, 1, -1, 1, 1, 1, 1, 1, 1, 1, 1, -1, 1, 1, -1, -1, 1, 1, -1, -1, 1, -1, 1, -1, -1, 1, 1, 1, 1, 1, -1, 1, 1, 1, 1, 1, 1, 1, 1, 1, 1, 1, -1, -1, 1, 1, 1, -1, -1, 1, -1, 1, -1, 1, -1, 1, 1, 1, 1, 1, -1, -1, 1, 1, 1, 1, -1, 1, 1, 1, -1, -1, 1, -1, 1, 1, -1, 1, 1, 1, 1, 1, 1, -1, 1, -1, 1, -1, 1, 1, 1, -1, 1, -1, 1, 1, 1, 1, -1, 1, -1, -1, 1, 1, 1
BQP_DATA, 1940, 8837, -4355.000000, -5089.000000, -12226.000000, -12960.000000, 4096.000660, 5641, 1367
