Set parameter TSPort to value 51199
Set parameter TokenServer to value "open-license1.lanl.gov"
Set parameter TimeLimit to value 4096
Set parameter Threads to value 1
Gurobi Optimizer version 10.0.3 build v10.0.3rc0 (linux64)

CPU model: Intel(R) Xeon(R) CPU E5-2695 v4 @ 2.10GHz, instruction set [SSE2|AVX|AVX2]
Thread count: 36 physical cores, 72 logical processors, using up to 1 threads

Optimize a model with 0 rows, 1940 columns and 0 nonzeros
Model fingerprint: 0x5834cb9b
Model has 8793 quadratic objective terms
Variable types: 0 continuous, 1940 integer (1940 binary)
Coefficient statistics:
  Matrix range     [0e+00, 0e+00]
  Objective range  [2e+00, 3e+01]
  QObjective range [8e+00, 8e+00]
  Bounds range     [1e+00, 1e+00]
  RHS range        [0e+00, 0e+00]
Found heuristic solution: objective 0.0000000
Found heuristic solution: objective -3300.000000
Found heuristic solution: objective -11812.00000
Found heuristic solution: objective -11834.00000
Presolve removed 0 rows and 2 columns
Presolve time: 0.38s
Presolved: 8791 rows, 10729 columns, 26373 nonzeros
Variable types: 0 continuous, 10729 integer (10729 binary)

Root relaxation: objective -1.647200e+04, 2734 iterations, 0.04 seconds (0.02 work units)

    Nodes    |    Current Node    |     Objective Bounds      |     Work
 Expl Unexpl |  Obj  Depth IntInf | Incumbent    BestBd   Gap | It/Node Time

     0     0 -16472.000    0 1938 -11834.000 -16472.000  39.2%     -    0s
     0     0 -15355.000    0 2498 -11834.000 -15355.000  29.8%     -    1s
     0     0 -15278.000    0 2538 -11834.000 -15278.000  29.1%     -    1s
     0     0 -15275.500    0 2548 -11834.000 -15275.500  29.1%     -    1s
     0     0 -15069.000    0 2689 -11834.000 -15069.000  27.3%     -    1s
     0     0 -15069.000    0 2675 -11834.000 -15069.000  27.3%     -    2s
     0     2 -15069.000    0 2669 -11834.000 -15069.000  27.3%     -    2s
   144   146 -14425.500   72 3194 -11834.000 -15057.000  27.2%   110    5s
   521   523 -13072.000  261 3577 -11834.000 -15057.000  27.2%  80.9   10s
   864   866 -12192.000  433 3751 -11834.000 -15057.000  27.2%  68.8   15s
H  962   962                    -11836.00000 -15057.000  27.2%  65.6   17s
  1085  1049 -14265.000   92 1938 -11836.000 -15057.000  27.2%  61.5   20s
  1089  1052 -14285.711   10 3304 -11836.000 -14285.711  20.7%  61.3   25s
  1095  1056 -13980.370   62 3857 -11836.000 -13980.370  18.1%  61.0   35s
  1096  1057 -12816.000  302 4138 -11836.000 -13922.724  17.6%  60.9   43s
  1097  1057 -13000.000  273 4151 -11836.000 -13913.353  17.6%  60.9   46s
  1102  1061 -12191.000  434 4376 -11836.000 -13906.778  17.5%  60.6   50s
  1108  1065 -12064.000  463 4864 -11836.000 -13671.511  15.5%  60.2   86s
  1109  1065 -13436.000  208 5293 -11836.000 -13626.884  15.1%  60.2  111s
  1110  1066 -13616.869   80 5393 -11836.000 -13616.869  15.0%  60.1  119s
  1111  1067 -13612.903  126 5505 -11836.000 -13612.903  15.0%  60.1  123s
  1112  1067 -13611.434  139 5526 -11836.000 -13611.434  15.0%  60.0  126s
  1119  1072 -13610.811   46 5650 -11836.000 -13610.811  15.0%  59.7  130s
  1120  1073 -12672.500  334 5971 -11836.000 -13438.586  13.5%  59.6  185s
  1121  1073 -12161.000  441 6379 -11836.000 -13403.458  13.2%  59.6  226s
  1122  1074 -12320.500  408 6441 -11836.000 -13394.170  13.2%  59.5  240s
  1123  1075 -13391.230  123 6535 -11836.000 -13391.230  13.1%  59.4  246s
  1124  1075 -12672.500  334 6603 -11836.000 -13390.066  13.1%  59.4  250s
  1129  1079 -13389.428   97 6728 -11836.000 -13389.428  13.1%  59.1  255s
  1132  1081 -13263.308  203 7053 -11836.000 -13263.308  12.1%  59.0  334s
  1133  1081 -13238.375  172 7541 -11836.000 -13238.375  11.8%  58.9  374s
  1134  1082 -12612.500  348 7703 -11836.000 -13232.067  11.8%  58.9  392s
  1135  1083 -12231.000  425 7837 -11836.000 -13230.176  11.8%  58.8  401s
  1137  1084 -12238.000  424 7930 -11836.000 -13229.430  11.8%  58.7  407s
  1141  1087 -13229.275  233 7938 -11836.000 -13229.275  11.8%  58.5  410s
  1143  1088 -13164.456  169 8001 -11836.000 -13164.456  11.2%  58.4  481s
  1144  1089 -12290.000  414 8075 -11836.000 -13154.015  11.1%  58.4  510s
  1145  1089 -13152.085  189 8162 -11836.000 -13152.085  11.1%  58.3  519s
  1146  1090 -13151.301   88 8154 -11836.000 -13151.301  11.1%  58.3  525s
  1149  1092 -12396.000  391 8217 -11836.000 -13150.910  11.1%  58.1  530s
  1154  1095 -13105.164  155 8247 -11836.000 -13105.164  10.7%  57.8  597s
  1155  1096 -11974.500  485 8387 -11836.000 -13097.198  10.7%  57.8  630s
  1156  1097 -12973.000  278 8429 -11836.000 -13095.611  10.6%  57.7  639s
  1157  1097 -13095.092   76 8528 -11836.000 -13095.092  10.6%  57.7  644s
  1158  1098 -12198.000  432 8541 -11836.000 -13094.804  10.6%  57.6  648s
  1159  1099 -12268.000  419 8511 -11836.000 -13094.704  10.6%  57.6  650s
  1164  1102 -13054.612  141 8536 -11836.000 -13054.612  10.3%  57.4  721s
  1165  1103 -12958.000  280 8735 -11836.000 -13046.101  10.2%  57.3  760s
  1166  1103 -12509.500  370 8746 -11836.000 -13044.598  10.2%  57.3  771s
  1167  1104 -13044.196  197 8791 -11836.000 -13044.196  10.2%  57.2  775s
  1169  1105 -11885.500  516 8824 -11836.000 -13044.001  10.2%  57.1  780s
  1172  1107 -13015.983  257 8805 -11836.000 -13015.983  10.0%  57.0  849s
  1173  1108 -12532.500  366 8850 -11836.000 -13009.705  9.92%  56.9  883s
  1174  1109 -13008.425  254 8918 -11836.000 -13008.425  9.91%  56.9  893s
  1175  1109 -12474.500  377 8919 -11836.000 -13008.036  9.90%  56.8  897s
  1177  1111 -12331.500  405 8936 -11836.000 -13007.893  9.90%  56.7  901s
  1180  1113 -11999.500  480 8949 -11836.000 -12985.552  9.71%  56.6  964s
  1181  1113 -12573.500  357 9031 -11836.000 -12980.912  9.67%  56.5  995s
  1182  1114 -12747.500  316 9060 -11836.000 -12979.876  9.66%  56.5 1003s
  1183  1115 -12238.000  424 9060 -11836.000 -12979.613  9.66%  56.4 1009s
  1184  1115 -12669.500  336 9088 -11836.000 -12979.559  9.66%  56.4 1011s
  1187  1117 -11877.500  519 9123 -11836.000 -12979.529  9.66%  56.2 1015s
  1188  1118 -11855.000  526 9059 -11836.000 -12961.778  9.51%  56.2 1073s
  1189  1119 -12958.183   10 9127 -11836.000 -12958.183  9.48%  56.1 1100s
  1190  1119 -12169.000  438 9140 -11836.000 -12957.533  9.48%  56.1 1110s
  1192  1121 -12727.500  321 9163 -11836.000 -12957.318  9.47%  56.0 1115s
  1196  1123 -12816.000  302 9145 -11836.000 -12943.916  9.36%  55.8 1168s
  1197  1124 -12940.734  273 9218 -11836.000 -12940.734  9.33%  55.8 1191s
  1198  1125 -12036.500  471 9237 -11836.000 -12940.060  9.33%  55.7 1198s
  1199  1125 -12939.881   40 9264 -11836.000 -12939.881  9.33%  55.7 1202s
  1201  1127 -12939.834  135 9285 -11836.000 -12939.834  9.33%  55.6 1205s
  1204  1129 -12926.170  113 9202 -11836.000 -12926.170  9.21%  55.4 1259s
  1205  1129 -12923.225  268 9262 -11836.000 -12923.225  9.19%  55.4 1282s
  1206  1130 -12666.500  337 9287 -11836.000 -12922.857  9.18%  55.4 1289s
  1207  1131 -11992.500  482 9313 -11836.000 -12922.668  9.18%  55.3 1293s
  1209  1132 -12922.618  208 9329 -11836.000 -12922.618  9.18%  55.2 1295s
  1212  1134 -12912.923  139 9239 -11836.000 -12912.923  9.10%  55.1 1341s
  1213  1135 -12910.580   14 9279 -11836.000 -12910.580  9.08%  55.0 1361s
  1214  1135 -12910.116  109 9321 -11836.000 -12910.116  9.07%  55.0 1367s
  1216  1137 -12080.000  459 9340 -11836.000 -12909.993  9.07%  54.9 1371s
  1220  1139 -12672.500  334 9263 -11836.000 -12900.122  8.99%  54.7 1421s
  1221  1140 -12161.000  441 9321 -11836.000 -12898.088  8.97%  54.7 1439s
  1222  1141 -12320.500  408 9353 -11836.000 -12897.567  8.97%  54.6 1446s
  1223  1141 -12897.420  123 9380 -11836.000 -12897.420  8.97%  54.6 1450s
  1227  1144 -12737.500  319 9353 -11836.000 -12888.727  8.89%  54.4 1501s
  1228  1145 -12887.016  257 9381 -11836.000 -12887.016  8.88%  54.4 1518s
  1229  1145 -12886.750   97 9421 -11836.000 -12886.750  8.88%  54.3 1523s
  1230  1146 -11971.500  486 9429 -11836.000 -12886.667  8.88%  54.3 1525s
  1234  1149 -12612.500  348 9364 -11836.000 -12876.511  8.79%  54.1 1579s
  1235  1149 -12231.000  425 9407 -11836.000 -12874.257  8.77%  54.1 1604s
  1236  1150 -12873.869  283 9451 -11836.000 -12873.869  8.77%  54.0 1611s
  1237  1151 -12238.000  424 9468 -11836.000 -12873.755  8.77%  54.0 1615s
  1241  1153 -12866.207  233 9371 -11836.000 -12866.207  8.70%  53.8 1664s
  1242  1154 -12864.438  218 9438 -11836.000 -12864.438  8.69%  53.7 1684s
  1243  1155 -12864.039  169 9480 -11836.000 -12864.039  8.69%  53.7 1691s
  1245  1156 -12863.903  189 9514 -11836.000 -12863.903  8.68%  53.6 1695s
  1257  1166 -12863.892   76 3297 -11836.000 -12863.892  8.68%  1142 1701s
  1258  1166 -12198.000  432 4472 -11836.000 -12863.892  8.68%  1142 1716s
  1259  1167 -12268.000  419 6265 -11836.000 -12863.892  8.68%  1141 1774s
  1260  1168 -12863.892  125 7920 -11836.000 -12863.892  8.68%  1140 1893s
  1261  1168 -12396.000  391 9117 -11836.000 -12863.892  8.68%  1139 2036s
  1262  1169 -12863.892   64 9299 -11836.000 -12863.892  8.68%  1138 2106s
  1263  1170 -12416.500  386 9382 -11836.000 -12863.892  8.68%  1137 2139s
  1264  1170 -12863.892  141 9421 -11836.000 -12863.892  8.68%  1136 2157s
  1265  1171 -12863.892  280 9474 -11836.000 -12863.892  8.68%  1135 2165s
  1267  1172 -12863.892  197 9498 -11836.000 -12863.892  8.68%  1133 2170s
  1270  1174 -12849.775  288 9460 -11836.000 -12849.775  8.57%  1131 2244s
  1271  1175 -11922.000  505 9454 -11836.000 -12847.843  8.55%  1130 2266s
  1272  1176 -12847.405  257 9496 -11836.000 -12847.405  8.55%  1129 2274s
  1273  1176 -12532.500  366 9501 -11836.000 -12847.277  8.54%  1128 2278s
  1275  1178 -12474.500  377 9523 -11836.000 -12847.247  8.54%  1126 2280s
  1277  1179 -12331.500  405 9496 -11836.000 -12834.080  8.43%  1125 2349s
  1278  1180 -12460.500  379 9531 -11836.000 -12832.194  8.42%  1124 2370s
  1279  1180 -12831.778   85 9554 -11836.000 -12831.778  8.41%  1123 2378s
  1280  1181 -11999.500  480 9574 -11836.000 -12831.651  8.41%  1122 2382s
  1283  1183 -12238.000  424 9584 -11836.000 -12831.611  8.41%  1119 2387s
  1284  1184 -12669.500  336 9539 -11836.000 -12820.076  8.31%  1118 2456s
  1285  1184 -12818.324   92 9597 -11836.000 -12818.324  8.30%  1118 2479s
  1286  1185 -12314.500  410 9635 -11836.000 -12817.937  8.30%  1117 2488s
  1287  1186 -11877.500  519 9646 -11836.000 -12817.881  8.30%  1116 2491s
  1290  1188 -12169.000  438 9662 -11836.000 -12817.861  8.30%  1113 2496s
  1291  1188 -12627.500  344 9631 -11836.000 -12811.184  8.24%  1112 2547s
  1292  1189 -12727.500  321 9677 -11836.000 -12809.883  8.23%  1111 2566s
  1293  1190 -12656.500  339 9699 -11836.000 -12809.621  8.23%  1111 2573s
  1294  1190 -12169.000  438 9718 -11836.000 -12809.564  8.23%  1110 2576s
  1297  1192 -12809.543  273 9724 -11836.000 -12809.543  8.23%  1107 2580s
  1298  1193 -12036.500  471 9644 -11836.000 -12802.850  8.17%  1106 2636s
  1299  1194 -12801.483   40 9680 -11836.000 -12801.483  8.16%  1105 2656s
  1300  1194 -12801.213  111 9716 -11836.000 -12801.213  8.15%  1105 2664s
  1301  1195 -12801.172  135 9718 -11836.000 -12801.172  8.15%  1104 2666s
  1304  1197 -12801.143  113 9739 -11836.000 -12801.143  8.15%  1101 2671s
  1305  1198 -12796.125  268 9661 -11836.000 -12796.125  8.11%  1100 2715s
  1306  1198 -12666.500  337 9735 -11836.000 -12794.707  8.10%  1100 2737s
  1307  1199 -11992.500  482 9750 -11836.000 -12794.425  8.10%  1099 2745s
  1310  1201 -12794.344   80 9775 -11836.000 -12794.344  8.10%  1096 2753s
  1311  1202 -12790.726  126 9715 -11836.000 -12790.726  8.07%  1095 2790s
  1312  1202 -12789.913  139 9757 -11836.000 -12789.913  8.06%  1095 2805s
  1313  1203 -12789.753   14 9771 -11836.000 -12789.753  8.06%  1094 2811s
  1315  1204 -12789.686  100 9808 -11836.000 -12789.686  8.06%  1092 2815s
  1318  1206 -12326.500  407 9738 -11836.000 -12785.045  8.02%  1090 2864s
  1319  1207 -12784.093   46 9780 -11836.000 -12784.093  8.01%  1089 2882s
  1320  1208 -12672.500  334 9799 -11836.000 -12783.784  8.01%  1088 2891s
  1322  1209 -12320.500  408 9836 -11836.000 -12783.710  8.01%  1086 2896s
  1324  1210 -12672.500  334 9781 -11836.000 -12780.702  7.98%  1085 2935s
  1325  1211 -12779.923  180 9797 -11836.000 -12779.923  7.98%  1084 2950s
  1326  1212 -12385.000  394 9835 -11836.000 -12779.796  7.97%  1083 2955s
  1329  1214 -12779.750   97 9856 -11836.000 -12779.750  7.97%  1081 2961s
  1330  1214 -11971.500  486 9771 -11836.000 -12776.263  7.94%  1080 3000s
  1331  1215 -12594.500  353 9816 -11836.000 -12775.388  7.94%  1079 3018s
  1332  1216 -12775.183  203 9849 -11836.000 -12775.183  7.93%  1078 3025s
  1336  1218 -12775.126  283 9867 -11836.000 -12775.126  7.93%  1075 3032s
  1337  1219 -12238.000  424 9801 -11836.000 -12772.178  7.91%  1074 3068s
  1338  1220 -12771.668   24 9827 -11836.000 -12771.668  7.91%  1073 3081s
  1339  1220 -12771.580  241 9857 -11836.000 -12771.580  7.90%  1072 3085s
  1342  1222 -12771.532  218 9876 -11836.000 -12771.532  7.90%  1070 3092s
  1343  1223 -12768.723  169 9792 -11836.000 -12768.723  7.88%  1069 3126s
  1344  1224 -12290.000  414 9869 -11836.000 -12768.088  7.88%  1068 3140s
  1345  1224 -12767.970  189 9878 -11836.000 -12767.970  7.87%  1068 3145s
  1349  1227 -12396.000  391 9905 -11836.000 -12767.907  7.87%  1065 3153s
  1350  1228 -12434.500  383 9853 -11836.000 -12764.765  7.85%  1064 3189s
  1351  1228 -12583.500  355 9870 -11836.000 -12764.093  7.84%  1063 3203s
  1352  1229 -12764.016  184 9887 -11836.000 -12764.016  7.84%  1062 3207s
  1354  1230 -12763.981  155 9916 -11836.000 -12763.981  7.84%  1061 3210s
  1356  1232 -12761.998  278 9840 -11836.000 -12761.998  7.82%  1059 3242s
  1357  1232 -12761.581   76 9885 -11836.000 -12761.581  7.82%  1058 3253s
  1358  1233 -12198.000  432 9905 -11836.000 -12761.488  7.82%  1057 3257s
  1360  1234 -12761.452  125 9914 -11836.000 -12761.452  7.82%  1056 3260s
  1362  1236 -12759.340   64 9853 -11836.000 -12759.340  7.80%  1054 3290s
  1363  1236 -12416.500  386 9888 -11836.000 -12758.751  7.80%  1054 3305s
  1364  1237 -12758.599  141 9920 -11836.000 -12758.599  7.79%  1053 3311s
  1366  1238 -12509.500  370 9942 -11836.000 -12758.542  7.79%  1051 3315s
  1369  1240 -11885.500  516 9884 -11836.000 -12756.669  7.78%  1049 3346s
  1370  1241 -12756.342  288 9921 -11836.000 -12756.342  7.78%  1048 3356s
  1371  1242 -11922.000  505 9941 -11836.000 -12756.259  7.78%  1047 3360s
  1375  1244 -12474.500  377 9950 -11836.000 -12756.225  7.77%  1044 3366s
  1376  1245 -11942.000  497 9871 -11836.000 -12754.553  7.76%  1044 3392s
  1377  1246 -12331.500  405 9913 -11836.000 -12754.122  7.76%  1043 3405s
  1379  1247 -12753.965   85 9934 -11836.000 -12753.965  7.76%  1041 3413s
  1380  1248 -11999.500  480 9947 -11836.000 -12753.945  7.76%  1041 3415s
H 1382  1184                    -11838.00000 -12752.369  7.72%  1039 3445s
  1384  1185 -12669.500  336 9914 -11838.000 -12751.859  7.72%  1038 3459s
  1385  1186 -12751.751   92 9937 -11838.000 -12751.751  7.72%  1037 3464s
  1386  1187 -12314.500  410 9937 -11838.000 -12751.721  7.72%  1036 3467s
  1389  1189 -12751.693   10 9947 -11838.000 -12751.693  7.72%  1034 3471s
  1390  1189 -12169.000  438 9904 -11838.000 -12750.137  7.71%  1033 3496s
  1391  1190 -12627.500  344 9940 -11838.000 -12749.608  7.70%  1032 3511s
  1392  1191 -12727.500  321 9956 -11838.000 -12749.517  7.70%  1032 3515s
  1395  1193 -12749.474   62 9971 -11838.000 -12749.474  7.70%  1029 3521s
  1396  1193 -12747.611  302 9918 -11838.000 -12747.611  7.68%  1029 3550s
  1397  1194 -12747.071  273 9946 -11838.000 -12747.071  7.68%  1028 3564s
  1398  1195 -12036.500  471 9968 -11838.000 -12746.932  7.68%  1027 3570s
  1402  1197 -12191.000  434 9995 -11838.000 -12746.871  7.68%  1024 3577s
  1403  1198 -12744.926  167 9926 -11838.000 -12744.926  7.66%  1024 3606s
  1404  1199 -12744.549  113 9947 -11838.000 -12744.549  7.66%  1023 3617s
  1405  1199 -12744.456  268 9972 -11838.000 -12744.456  7.66%  1022 3622s
  1406  1200 -12666.500  337 9987 -11838.000 -12744.429  7.66%  1021 3625s
  1409  1202 -12744.391  208 10000 -11838.000 -12744.391  7.66%  1019 3630s
  1410  1203 -12742.776   80 9918 -11838.000 -12742.776  7.64%  1018 3656s
  1411  1203 -12742.329  126 9963 -11838.000 -12742.329  7.64%  1018 3668s
  1412  1204 -12742.213  139 9986 -11838.000 -12742.213  7.64%  1017 3673s
  1413  1205 -12742.182   14 9989 -11838.000 -12742.182  7.64%  1016 3676s
  1415  1206 -12742.172  100 9998 -11838.000 -12742.172  7.64%  1015 3680s
  1416  1207 -12080.000  459 9959 -11838.000 -12741.096  7.63%  1014 3700s
  1417  1207 -12740.771  284 10004 -11838.000 -12740.771  7.63%  1013 3711s
  1419  1209 -12740.691   46 9998 -11838.000 -12740.691  7.63%  1012 3716s
  1422  1211 -12320.500  408 9945 -11838.000 -12739.397  7.61%  1010 3742s
  1423  1211 -12739.076  123 9987 -11838.000 -12739.076  7.61%  1009 3753s
  1424  1212 -12672.500  334 9985 -11838.000 -12739.014  7.61%  1008 3757s
  1426  1213 -12385.000  394 10012 -11838.000 -12738.981  7.61%  1007 3760s
  1428  1215 -12737.853  257 9978 -11838.000 -12737.853  7.60%  1006 3783s
  1429  1215 -12737.604   97 10013 -11838.000 -12737.604  7.60%  1005 3791s
  1431  1217 -12594.500  353 10019 -11838.000 -12737.551  7.60%  1004 3796s
  1434  1219 -12612.500  348 9990 -11838.000 -12736.420  7.59%  1001 3819s
  1435  1219 -12231.000  425 10013 -11838.000 -12736.123  7.59%  1001 3828s
  1436  1220 -12736.021  283 10028 -11838.000 -12736.021  7.59%  1000 3832s
  1438  1221 -12735.999   24 10042 -11838.000 -12735.999  7.59%   999 3835s
  1440  1223 -12734.548  309 9981 -11838.000 -12734.548  7.57%   997 3861s
  1441  1223 -12734.200  233 10012 -11838.000 -12734.200  7.57%   997 3872s
  1442  1224 -12734.123  218 10010 -11838.000 -12734.123  7.57%   996 3876s
  1444  1225 -12290.000  414 10028 -11838.000 -12734.068  7.57%   994 3881s
  1447  1227 -12733.441  113 9998 -11838.000 -12733.441  7.56%   992 3898s
  1448  1228 -12379.500  395 10008 -11838.000 -12733.233  7.56%   992 3906s
  1450  1229 -12434.500  383 10024 -11838.000 -12733.159  7.56%   990 3911s
  1453  1231 -11933.500  500 10001 -11838.000 -12732.244  7.55%   988 3935s
  1454  1232 -12732.014  155 10019 -11838.000 -12732.014  7.55%   988 3943s
  1455  1233 -11974.500  485 10030 -11838.000 -12731.939  7.55%   987 3948s
  1456  1233 -12731.903  278 10035 -11838.000 -12731.903  7.55%   986 3951s
  1458  1235 -12198.000  432 10050 -11838.000 -12731.889  7.55%   985 3955s
  1459  1235 -12268.000  419 9982 -11838.000 -12731.040  7.54%   984 3973s
  1460  1236 -12730.710  125 10004 -11838.000 -12730.710  7.54%   984 3984s
  1461  1237 -12396.000  391 10026 -11838.000 -12730.668  7.54%   983 3987s
  1463  1238 -12416.500  386 10030 -11838.000 -12730.653  7.54%   982 3991s
  1464  1239 -12729.549  141 9980 -11838.000 -12729.549  7.53%   981 4013s
  1465  1239 -12729.250  280 9995 -11838.000 -12729.250  7.53%   980 4024s
  1466  1240 -12509.500  370 10020 -11838.000 -12729.163  7.53%   980 4028s
  1467  1241 -12729.141  197 10035 -11838.000 -12729.141  7.53%   979 4030s
H 1469  1176                    -11840.00000 -12728.134  7.50%   978 4054s
  1471  1177 -11922.000  505 10011 -11840.000 -12727.953  7.50%   976 4061s
  1473  1179 -12532.500  366 10028 -11840.000 -12727.885  7.50%   975 4066s
  1476  1181 -11942.000  497 9983 -11840.000 -12726.820  7.49%   973 4089s

Cutting planes:
  Gomory: 57
  MIR: 298
  Flow cover: 4123
  Zero half: 1237
  Mod-K: 28
  RLT: 406
  BQP: 544

Explored 1476 nodes (3254824 simplex iterations) in 4096.00 seconds (6147.64 work units)
Thread count was 1 (of 72 available processors)

Solution count 7: -11840 -11838 -11836 ... 0

Time limit reached
Best objective -1.184000000000e+04, best bound -1.272600000000e+04, gap 7.4831%

User-callback calls 29142, time in user-callback 0.14 sec

BQP_SOLUTION, 1940, 8793, -4161.000000, 4096.001301, 1, -1, -1, 1, -1, 1, 1, -1, -1, -1, -1, 1, -1, 1, 1, 1, 1, -1, -1, 1, -1, -1, -1, 1, -1, 1, -1, -1, -1, 1, -1, -1, 1, 1, -1, -1, -1, -1, 1, -1, 1, -1, -1, 1, -1, -1, -1, -1, -1, -1, -1, 1, -1, -1, 1, 1, 1, -1, -1, -1, -1, 1, -1, -1, -1, -1, -1, -1, 1, -1, -1, -1, -1, -1, 1, -1, -1, -1, 1, -1, -1, 1, -1, 1, -1, -1, 1, -1, 1, -1, 1, 1, 1, -1, -1, 1, -1, -1, -1, -1, 1, 1, 1, -1, 1, 1, -1, 1, 1, -1, 1, -1, 1, 1, -1, 1, -1, -1, -1, 1, -1, -1, -1, 1, -1, -1, 1, -1, 1, -1, -1, 1, -1, -1, 1, 1, 1, -1, 1, -1, 1, -1, -1, 1, 1, 1, 1, 1, -1, 1, -1, 1, -1, 1, 1, -1, 1, -1, 1, 1, -1, -1, 1, -1, 1, 1, 1, -1, 1, 1, 1, 1, -1, 1, 1, -1, 1, -1, 1, -1, 1, -1, 1, 1, 1, 1, -1, 1, 1, -1, 1, 1, 1, 1, 1, 1, 1, 1, 1, -1, 1, -1, 1, 1, -1, 1, 1, 1, -1, 1, 1, -1, 1, -1, 1, 1, -1, 1, 1, 1, 1, -1, 1, 1, -1, -1, 1, -1, 1, 1, 1, 1, 1, 1, -1, 1, 1, -1, 1, -1, 1, 1, -1, -1, 1, 1, 1, -1, -1, 1, 1, 1, 1, -1, 1, 1, 1, -1, -1, 1, -1, -1, 1, 1, 1, -1, -1, -1, 1, -1, -1, 1, -1, 1, 1, -1, -1, 1, -1, 1, -1, 1, 1, -1, -1, 1, 1, -1, 1, -1, 1, 1, 1, -1, 1, 1, 1, 1, 1, 1, -1, 1, -1, 1, -1, -1, 1, -1, -1, 1, -1, -1, 1, 1, 1, -1, -1, 1, -1, -1, -1, -1, 1, -1, -1, 1, 1, -1, -1, -1, 1, -1, -1, -1, 1, -1, -1, 1, -1, 1, -1, 1, -1, 1, 1, -1, -1, -1, 1, -1, 1, -1, 1, -1, -1, -1, -1, 1, -1, 1, -1, 1, 1, -1, -1, -1, 1, -1, -1, 1, -1, -1, -1, 1, 1, -1, 1, -1, 1, 1, -1, -1, -1, -1, 1, -1, -1, 1, -1, 1, -1, -1, 1, 1, -1, -1, 1, 1, -1, -1, -1, 1, -1, 1, 1, -1, 1, -1, -1, -1, 1, -1, 1, -1, 1, 1, -1, -1, -1, -1, 1, 1, -1, 1, -1, 1, -1, -1, 1, 1, 1, 1, 1, -1, -1, -1, 1, 1, -1, 1, 1, 1, -1, 1, -1, -1, 1, 1, -1, 1, 1, -1, -1, -1, 1, 1, -1, 1, 1, 1, -1, -1, -1, 1, 1, 1, 1, -1, 1, -1, -1, -1, -1, 1, 1, 1, -1, 1, 1, -1, -1, 1, 1, 1, 1, -1, 1, -1, -1, -1, 1, 1, 1, 1, 1, 1, 1, -1, -1, 1, 1, -1, 1, 1, -1, 1, -1, -1, 1, 1, 1, 1, 1, 1, -1, -1, -1, -1, 1, 1, -1, -1, 1, -1, -1, -1, -1, 1, 1, -1, 1, 1, -1, -1, -1, -1, 1, -1, 1, 1, 1, -1, -1, -1, 1, -1, 1, 1, 1, 1, 1, -1, -1, 1, 1, 1, -1, 1, 1, -1, 1, 1, 1, 1, 1, -1, 1, -1, -1, 1, -1, 1, 1, 1, 1, 1, 1, -1, -1, -1, 1, 1, 1, 1, -1, 1, -1, -1, -1, -1, 1, -1, -1, 1, 1, -1, -1, -1, 1, 1, 1, 1, 1, 1, -1, -1, 1, 1, 1, 1, -1, -1, 1, -1, 1, -1, -1, 1, 1, 1, 1, 1, 1, -1, -1, 1, 1, -1, 1, 1, 1, -1, 1, -1, 1, 1, 1, -1, 1, 1, -1, -1, -1, 1, 1, -1, 1, -1, 1, -1, 1, 1, 1, 1, 1, -1, 1, 1, 1, -1, -1, 1, -1, 1, -1, 1, 1, -1, 1, 1, 1, 1, -1, -1, 1, 1, -1, 1, 1, 1, 1, 1, -1, 1, 1, -1, 1, 1, 1, 1, 1, 1, 1, 1, -1, 1, 1, 1, 1, 1, -1, 1, 1, -1, -1, 1, 1, -1, 1, -1, 1, -1, 1, -1, 1, 1, -1, 1, -1, 1, -1, 1, -1, 1, 1, 1, 1, -1, 1, -1, 1, -1, 1, 1, 1, 1, 1, 1, -1, 1, -1, 1, 1, -1, 1, 1, 1, -1, 1, -1, 1, 1, 1, -1, 1, 1, 1, 1, -1, 1, 1, 1, -1, -1, -1, 1, 1, 1, 1, 1, 1, -1, -1, 1, -1, -1, 1, -1, 1, 1, -1, -1, -1, 1, 1, 1, -1, 1, 1, 1, 1, -1, 1, -1, 1, -1, -1, 1, 1, 1, 1, -1, -1, 1, 1, -1, 1, -1, 1, -1, 1, -1, 1, 1, -1, 1, 1, 1, -1, 1, -1, 1, 1, -1, 1, 1, 1, -1, 1, -1, 1, -1, 1, 1, -1, 1, 1, 1, -1, 1, 1, 1, -1, 1, 1, 1, 1, 1, 1, -1, 1, 1, -1, 1, -1, -1, -1, 1, 1, -1, -1, -1, 1, -1, -1, -1, 1, -1, 1, 1, 1, -1, -1, 1, 1, 1, 1, -1, -1, 1, 1, -1, 1, 1, 1, 1, -1, -1, 1, -1, 1, 1, -1, 1, -1, 1, -1, 1, 1, -1, 1, 1, 1, 1, -1, -1, 1, 1, -1, -1, 1, -1, 1, -1, -1, -1, -1, 1, -1, -1, 1, 1, -1, -1, 1, 1, -1, -1, 1, 1, 1, -1, -1, 1, -1, -1, -1, 1, 1, 1, 1, -1, 1, -1, 1, -1, -1, 1, 1, -1, 1, -1, -1, -1, 1, 1, 1, -1, 1, 1, 1, 1, -1, 1, 1, -1, 1, -1, 1, 1, 1, 1, -1, 1, -1, -1, -1, -1, 1, -1, -1, 1, 1, 1, -1, 1, -1, -1, -1, 1, -1, 1, -1, -1, 1, -1, 1, 1, 1, -1, 1, -1, -1, -1, -1, 1, 1, -1, 1, 1, -1, -1, -1, 1, -1, -1, 1, -1, -1, 1, -1, -1, -1, 1, -1, 1, -1, 1, -1, -1, 1, -1, 1, 1, 1, 1, -1, -1, 1, -1, 1, 1, -1, 1, 1, -1, -1, -1, -1, -1, 1, -1, 1, -1, -1, 1, -1, 1, 1, 1, -1, 1, -1, -1, -1, -1, 1, 1, 1, -1, 1, -1, -1, -1, -1, 1, 1, 1, 1, 1, -1, -1, -1, 1, -1, 1, -1, 1, -1, -1, -1, 1, 1, -1, -1, -1, 1, 1, -1, -1, -1, -1, 1, -1, 1, 1, 1, -1, 1, -1, 1, 1, 1, 1, -1, 1, -1, -1, -1, 1, 1, 1, 1, -1, -1, 1, -1, -1, -1, 1, 1, 1, -1, 1, -1, -1, -1, -1, 1, 1, -1, 1, -1, 1, -1, 1, -1, 1, -1, 1, 1, -1, 1, -1, 1, 1, -1, 1, -1, -1, -1, 1, -1, 1, -1, -1, 1, 1, -1, 1, 1, -1, 1, 1, -1, -1, 1, -1, -1, 1, -1, 1, 1, -1, 1, -1, -1, 1, -1, 1, -1, -1, 1, -1, -1, -1, 1, -1, 1, 1, -1, -1, 1, -1, -1, -1, 1, 1, 1, -1, 1, 1, 1, -1, 1, 1, 1, 1, -1, 1, -1, 1, -1, 1, 1, 1, 1, 1, -1, -1, -1, -1, -1, 1, 1, 1, -1, 1, 1, 1, -1, 1, 1, -1, 1, 1, -1, 1, 1, -1, 1, 1, 1, 1, 1, 1, -1, 1, -1, 1, -1, 1, 1, 1, -1, 1, -1, -1, -1, 1, 1, 1, -1, 1, 1, -1, -1, -1, 1, 1, -1, 1, 1, 1, -1, -1, -1, 1, 1, 1, 1, -1, -1, 1, -1, 1, 1, -1, 1, -1, -1, 1, -1, -1, 1, 1, -1, -1, 1, 1, 1, 1, -1, 1, 1, -1, 1, 1, 1, 1, -1, -1, -1, 1, 1, 1, -1, -1, 1, -1, 1, 1, 1, -1, 1, 1, -1, 1, -1, -1, -1, 1, 1, -1, -1, -1, 1, -1, -1, 1, 1, 1, -1, 1, -1, 1, -1, 1, 1, 1, 1, -1, -1, 1, 1, -1, -1, 1, 1, 1, -1, -1, -1, 1, -1, -1, 1, 1, 1, -1, 1, -1, 1, 1, 1, 1, 1, 1, 1, -1, -1, 1, 1, -1, 1, 1, 1, -1, -1, -1, 1, -1, 1, 1, 1, 1, -1, -1, 1, 1, 1, -1, 1, 1, 1, -1, -1, -1, 1, -1, 1, 1, 1, 1, -1, -1, -1, 1, -1, 1, 1, -1, -1, -1, -1, 1, 1, -1, 1, 1, 1, 1, -1, -1, -1, 1, 1, 1, 1, 1, 1, -1, -1, -1, 1, -1, 1, 1, 1, 1, -1, -1, -1, -1, -1, 1, 1, 1, -1, -1, 1, -1, 1, 1, -1, 1, 1, 1, -1, -1, -1, 1, -1, -1, 1, 1, 1, -1, -1, -1, 1, 1, -1, 1, 1, 1, -1, 1, -1, 1, -1, 1, 1, 1, -1, -1, -1, -1, -1, -1, 1, 1, -1, -1, -1, -1, -1, 1, -1, 1, 1, 1, -1, -1, -1, 1, -1, -1, -1, 1, -1, -1, 1, -1, -1, -1, -1, 1, 1, 1, -1, 1, 1, -1, 1, -1, 1, 1, -1, -1, -1, 1, 1, -1, -1, 1, 1, -1, -1, -1, 1, -1, -1, -1, 1, -1, -1, -1, -1, -1, -1, 1, -1, 1, -1, 1, -1, -1, -1, -1, 1, -1, 1, -1, -1, -1, -1, -1, -1, -1, 1, 1, 1, -1, -1, -1, -1, -1, -1, -1, 1, 1, -1, -1, -1, -1, 1, -1, 1, 1, 1, -1, -1, -1, 1, 1, -1, 1, 1, 1, -1, -1, 1, 1, 1, 1, -1, 1, 1, -1, 1, -1, 1, -1, -1, 1, 1, -1, 1, -1, 1, -1, 1, 1, 1, 1, -1, -1, -1, 1, 1, -1, -1, 1, 1, 1, -1, -1, -1, 1, -1, 1, 1, 1, 1, -1, 1, 1, -1, 1, 1, -1, 1, 1, -1, -1, 1, 1, -1, 1, -1, 1, -1, -1, 1, -1, 1, 1, -1, 1, -1, 1, -1, -1, -1, 1, -1, 1, 1, -1, 1, -1, -1, 1, -1, 1, 1, -1, -1, 1, -1, -1, -1, -1, 1, -1, 1, -1, 1, -1, -1, 1, -1, 1, 1, -1, 1, -1, -1, -1, -1, 1, 1, 1, -1, 1, -1, -1, -1, -1, -1, -1, -1, 1, -1, -1, 1, -1, -1, 1, 1, 1, -1, -1, 1, 1, -1, -1, 1, -1, 1, 1, -1, -1, -1, 1, -1, -1, 1, -1, -1, -1, -1, 1, -1, 1, -1, 1, 1, -1, -1, 1, -1, -1, -1, 1, 1, 1, -1, -1, -1, -1, -1, -1, -1, 1, -1, 1, -1, -1, -1, -1, 1, -1, 1, 1, -1, -1, -1, 1, 1, -1, -1, 1, 1, -1, -1, 1, -1, -1, 1, -1, 1, 1, 1, 1, -1, -1, 1, -1, -1, -1, 1, -1, 1, -1, 1, 1, -1, -1, -1, 1, -1, -1, -1, -1, -1, 1, 1, -1, 1, -1, 1, -1, -1, 1, 1, 1, -1, 1, 1, 1, -1, 1, 1, 1, -1, -1, 1, -1, 1, 1, 1, 1, 1, 1, -1, 1, -1, 1, 1, -1, 1, 1, -1, -1, 1, 1, 1, 1, -1, 1, 1, -1, 1, -1, 1, 1, 1, -1, 1, 1, -1, 1, 1, 1, 1, 1, -1, -1, 1, -1, -1, 1, -1, 1, 1, -1, 1, 1, 1, -1, 1, 1, 1, -1, 1, -1, 1, 1, 1, 1, 1, -1, 1, -1, 1, 1, 1, -1
BQP_DATA, 1940, 8793, -4161.000000, -5047.000000, -11840.000000, -12726.000000, 4096.001301, 5743, 1476
