Set parameter TSPort to value 51199
Set parameter TokenServer to value "open-license1.lanl.gov"
Set parameter TimeLimit to value 4096
Set parameter Threads to value 1
Gurobi Optimizer version 10.0.3 build v10.0.3rc0 (linux64)

CPU model: Intel(R) Xeon(R) CPU E5-2695 v4 @ 2.10GHz, instruction set [SSE2|AVX|AVX2]
Thread count: 36 physical cores, 72 logical processors, using up to 1 threads

Optimize a model with 0 rows, 1940 columns and 0 nonzeros
Model fingerprint: 0x6d62c07d
Model has 8761 quadratic objective terms
Variable types: 0 continuous, 1940 integer (1940 binary)
Coefficient statistics:
  Matrix range     [0e+00, 0e+00]
  Objective range  [2e+00, 3e+01]
  QObjective range [8e+00, 8e+00]
  Bounds range     [1e+00, 1e+00]
  RHS range        [0e+00, 0e+00]
Found heuristic solution: objective 0.0000000
Found heuristic solution: objective -3258.000000
Found heuristic solution: objective -11788.00000
Found heuristic solution: objective -11844.00000
Presolve removed 0 rows and 2 columns
Presolve time: 0.40s
Presolved: 8759 rows, 10697 columns, 26277 nonzeros
Variable types: 0 continuous, 10697 integer (10697 binary)

Root relaxation: objective -1.648500e+04, 2815 iterations, 0.04 seconds (0.02 work units)

    Nodes    |    Current Node    |     Objective Bounds      |     Work
 Expl Unexpl |  Obj  Depth IntInf | Incumbent    BestBd   Gap | It/Node Time

     0     0 -16485.000    0 1938 -11844.000 -16485.000  39.2%     -    0s
     0     0 -15355.000    0 2502 -11844.000 -15355.000  29.6%     -    1s
     0     0 -15215.000    0 2584 -11844.000 -15215.000  28.5%     -    1s
     0     0 -15210.000    0 2587 -11844.000 -15210.000  28.4%     -    1s
     0     0 -14919.750    0 2818 -11844.000 -14919.750  26.0%     -    2s
     0     0 -14919.750    0 2781 -11844.000 -14919.750  26.0%     -    2s
     0     2 -14919.750    0 2779 -11844.000 -14919.750  26.0%     -    3s
   120   122 -14348.667   60 3223 -11844.000 -14905.750  25.9%   109    5s
   444   446 -13198.833  222 3686 -11844.000 -14905.750  25.9%  89.1   10s
   752   754 -12341.583  377 3706 -11844.000 -14905.750  25.9%  79.6   15s
H  783   783                    -11856.00000 -14905.750  25.7%  78.6   15s
  1035  1019 -11865.000  517 3286 -11856.000 -14905.750  25.7%  70.7   20s
  1049  1021 -12483.917  351 3159 -11856.000 -14390.363  21.4%  70.3   25s
  1057  1026 -11889.000  508 3993 -11856.000 -13919.626  17.4%  69.8   38s
  1058  1027 -12101.500  442 4204 -11856.000 -13861.307  16.9%  69.7   46s
  1059  1027 -11987.000  473 4301 -11856.000 -13846.781  16.8%  69.7   51s
  1061  1029 -12116.500  437 4460 -11856.000 -13840.549  16.7%  69.5   55s
  1069  1034 -13634.238   38 4856 -11856.000 -13634.238  15.0%  69.0   92s
  1070  1035 -11977.000  475 5292 -11856.000 -13598.982  14.7%  69.0  113s
  1071  1035 -13589.600   84 5389 -11856.000 -13589.600  14.6%  68.9  124s
  1072  1036 -13587.132   47 5438 -11856.000 -13587.132  14.6%  68.8  127s
  1074  1037 -12745.500  298 5503 -11856.000 -13585.527  14.6%  68.7  130s
  1081  1042 -13584.730  101 5669 -11856.000 -13584.730  14.6%  68.2  135s
  1082  1043 -13427.570   40 6123 -11856.000 -13427.570  13.3%  68.2  189s
  1083  1043 -12840.500  282 6436 -11856.000 -13397.604  13.0%  68.1  224s
  1084  1044 -12396.917  366 6511 -11856.000 -13390.450  12.9%  68.1  236s
  1085  1045 -12646.000  320 6634 -11856.000 -13387.124  12.9%  68.0  244s
  1086  1045 -13386.317    2 6687 -11856.000 -13386.317  12.9%  67.9  247s
  1088  1047 -13385.876   99 6772 -11856.000 -13385.876  12.9%  67.8  250s
  1094  1051 -13271.156  213 7074 -11856.000 -13271.156  11.9%  67.4  327s
  1095  1051 -12269.583  397 7425 -11856.000 -13244.416  11.7%  67.4  376s
  1096  1052 -12478.917  352 7517 -11856.000 -13239.633  11.7%  67.3  391s
  1097  1053 -13238.227  135 7528 -11856.000 -13238.227  11.7%  67.3  398s
  1098  1053 -13237.669  212 7594 -11856.000 -13237.669  11.7%  67.2  401s
  1101  1055 -12198.000  413 7634 -11856.000 -13237.353  11.7%  67.0  405s
  1105  1058 -13143.805   77 8237 -11856.000 -13143.805  10.9%  66.8  499s
  1106  1059 -11975.000  476 8516 -11856.000 -13128.168  10.7%  66.7  545s
  1107  1059 -13124.869    3 8633 -11856.000 -13124.869  10.7%  66.6  561s
  1108  1060 -13124.075  235 8683 -11856.000 -13124.075  10.7%  66.6  567s
  1109  1061 -12676.500  315 8688 -11856.000 -13123.623  10.7%  66.5  571s
  1110  1061 -11894.000  503 8702 -11856.000 -13123.332  10.7%  66.5  575s
  1114  1064 -11918.000  495 8745 -11856.000 -13123.239  10.7%  66.2  581s
  1115  1065 -12701.500  308 8610 -11856.000 -13087.969  10.4%  66.2  640s
  1116  1065 -11959.000  480 8743 -11856.000 -13080.307  10.3%  66.1  673s
  1117  1066 -12067.000  449 8768 -11856.000 -13079.303  10.3%  66.0  681s
  1118  1067 -12079.000  446 8778 -11856.000 -13079.012  10.3%  66.0  687s
  1120  1068 -13078.922  228 8838 -11856.000 -13078.922  10.3%  65.9  690s
  1123  1070 -12900.833  271 8749 -11856.000 -13051.820  10.1%  65.7  756s
  1124  1071 -11894.000  503 8801 -11856.000 -13046.044  10.0%  65.6  789s
  1125  1071 -13045.124  246 8831 -11856.000 -13045.124  10.0%  65.6  797s
  1126  1072 -13044.857  246 8861 -11856.000 -13044.857  10.0%  65.5  801s
  1128  1073 -13044.698   30 8921 -11856.000 -13044.698  10.0%  65.4  806s
  1132  1076 -13021.952  189 8917 -11856.000 -13021.952  9.83%  65.2  869s
  1133  1077 -12148.000  428 8978 -11856.000 -13017.122  9.79%  65.1  903s
  1134  1077 -12478.917  352 8976 -11856.000 -13015.850  9.78%  65.1  917s
  1135  1078 -13015.542  148 9011 -11856.000 -13015.542  9.78%  65.0  921s
  1137  1079 -13015.382  216 9070 -11856.000 -13015.382  9.78%  64.9  925s
  1140  1081 -12994.719  209 8947 -11856.000 -12994.719  9.60%  64.7  987s
  1141  1082 -12025.500  462 9017 -11856.000 -12989.932  9.56%  64.7 1017s
  1142  1083 -12988.964  125 9047 -11856.000 -12988.964  9.56%  64.6 1026s
  1143  1083 -12132.000  432 9084 -11856.000 -12988.659  9.55%  64.5 1030s
  1147  1086 -11894.000  503 9054 -11856.000 -12970.386  9.40%  64.3 1094s
  1148  1087 -12868.833  276 9094 -11856.000 -12967.067  9.37%  64.3 1121s
  1149  1087 -12483.917  351 9142 -11856.000 -12966.456  9.37%  64.2 1129s
  1150  1088 -12966.258  126 9167 -11856.000 -12966.258  9.36%  64.2 1133s
  1151  1089 -12627.500  323 9184 -11856.000 -12966.199  9.36%  64.1 1135s
  1154  1091 -12116.500  437 9170 -11856.000 -12953.352  9.26%  63.9 1190s
  1155  1091 -12757.500  296 9204 -11856.000 -12950.885  9.23%  63.9 1211s
  1156  1092 -12950.524    2 9238 -11856.000 -12950.524  9.23%  63.8 1217s
  1158  1093 -12101.500  442 9279 -11856.000 -12950.419  9.23%  63.7 1220s
  1161  1095 -12116.500  437 9191 -11856.000 -12939.674  9.14%  63.5 1274s
  1162  1096 -12937.188  143 9270 -11856.000 -12937.188  9.12%  63.5 1296s
  1163  1097 -12186.333  415 9310 -11856.000 -12936.788  9.12%  63.4 1302s
  1164  1097 -12936.705   41 9313 -11856.000 -12936.705  9.12%  63.4 1305s
  1169  1101 -12926.855   38 9241 -11856.000 -12926.855  9.03%  63.1 1357s
  1170  1101 -11977.000  475 9305 -11856.000 -12924.432  9.01%  63.1 1380s
  1171  1102 -12924.066   84 9341 -11856.000 -12924.066  9.01%  63.0 1387s
  1172  1103 -12923.958   47 9349 -11856.000 -12923.958  9.01%  62.9 1390s
  1176  1105 -12058.500  453 9302 -11856.000 -12915.767  8.94%  62.7 1435s
  1177  1106 -12598.500  327 9361 -11856.000 -12914.088  8.92%  62.7 1452s
  1178  1107 -12913.814    4 9388 -11856.000 -12913.814  8.92%  62.6 1457s
  1180  1108 -12913.713  232 9414 -11856.000 -12913.713  8.92%  62.5 1460s
  1183  1110 -12840.500  282 9317 -11856.000 -12905.798  8.85%  62.4 1506s
  1184  1111 -12396.917  366 9341 -11856.000 -12904.144  8.84%  62.3 1524s
  1185  1111 -12646.000  320 9400 -11856.000 -12903.871  8.84%  62.3 1530s
  1189  1114 -12903.760  132 9412 -11856.000 -12903.760  8.84%  62.0 1535s
  1191  1115 -12897.756   60 9378 -11856.000 -12897.756  8.79%  61.9 1573s
  1192  1116 -11946.000  485 9414 -11856.000 -12896.019  8.77%  61.9 1593s
  1193  1117 -12639.500  321 9448 -11856.000 -12895.787  8.77%  61.8 1598s
  1194  1117 -12895.672  213 9469 -11856.000 -12895.672  8.77%  61.8 1601s
  1197  1119 -12895.595  135 9496 -11856.000 -12895.595  8.77%  61.6 1605s
  1199  1121 -12890.765  209 9406 -11856.000 -12890.765  8.73%  61.5 1641s
  1200  1121 -12280.583  393 9478 -11856.000 -12889.513  8.72%  61.5 1656s
  1201  1122 -12198.000  413 9494 -11856.000 -12889.293  8.72%  61.4 1661s
  1203  1123 -12889.207  270 9519 -11856.000 -12889.207  8.71%  61.3 1665s
  1206  1125 -11975.000  476 9430 -11856.000 -12883.434  8.67%  61.2 1703s
  1207  1126 -12882.279    3 9486 -11856.000 -12882.279  8.66%  61.1 1718s
  1208  1127 -12882.010  235 9502 -11856.000 -12882.010  8.65%  61.1 1723s
  1209  1127 -12676.500  315 9513 -11856.000 -12881.962  8.65%  61.0 1725s
  1213  1130 -12198.000  413 9451 -11856.000 -12877.651  8.62%  60.8 1760s
  1214  1131 -11918.000  495 9471 -11856.000 -12876.810  8.61%  60.8 1771s
  1215  1131 -12701.500  308 9509 -11856.000 -12876.612  8.61%  60.7 1775s
  1217  1133 -12067.000  449 9529 -11856.000 -12876.516  8.61%  60.6 1780s
  1220  1135 -12875.856  228 9493 -11856.000 -12875.856  8.60%  60.5 1787s
  1221  1135 -12875.704   26 9516 -11856.000 -12875.704  8.60%  60.4 1791s
  1225  1138 -12875.646  246 9542 -11856.000 -12875.646  8.60%  60.2 1795s
  1237  1147 -12875.640  216 4431 -11856.000 -12875.640  8.60%  1175 1814s
  1238  1148 -12190.333  414 6257 -11856.000 -12875.640  8.60%  1174 1873s
  1239  1149 -12875.640  193 8094 -11856.000 -12875.640  8.60%  1173 1992s
  1240  1149 -12875.640  209 9156 -11856.000 -12875.640  8.60%  1172 2133s
  1241  1150 -12025.500  462 9313 -11856.000 -12875.640  8.60%  1171 2213s
  1242  1151 -12875.640  125 9366 -11856.000 -12875.640  8.60%  1170 2248s
  1243  1151 -12132.000  432 9444 -11856.000 -12875.640  8.60%  1169 2261s
  1244  1152 -12875.640  253 9471 -11856.000 -12875.640  8.60%  1168 2267s
  1245  1153 -12310.583  386 9487 -11856.000 -12875.640  8.60%  1167 2270s
  1249  1155 -12483.917  351 9526 -11856.000 -12875.640  8.60%  1163 2275s
  1250  1156 -12862.735  126 9468 -11856.000 -12862.735  8.49%  1162 2343s
  1251  1157 -12627.500  323 9490 -11856.000 -12861.144  8.48%  1161 2361s
  1252  1157 -12701.500  308 9529 -11856.000 -12860.849  8.48%  1160 2366s
  1254  1159 -12116.500  437 9540 -11856.000 -12860.752  8.47%  1159 2370s
  1257  1161 -11889.000  508 9495 -11856.000 -12850.948  8.39%  1156 2435s
  1258  1161 -12101.500  442 9528 -11856.000 -12849.564  8.38%  1155 2451s
  1259  1162 -11987.000  473 9554 -11856.000 -12849.364  8.38%  1154 2456s
  1262  1164 -12849.314  143 9570 -11856.000 -12849.314  8.38%  1151 2461s
  1263  1165 -12186.333  415 9526 -11856.000 -12840.850  8.31%  1150 2522s
  1264  1165 -12839.599   41 9590 -11856.000 -12839.599  8.30%  1149 2539s
  1265  1166 -12145.000  429 9577 -11856.000 -12839.347  8.29%  1149 2546s
  1266  1167 -12839.243    8 9604 -11856.000 -12839.243  8.29%  1148 2550s
  1270  1169 -11977.000  475 9616 -11856.000 -12839.172  8.29%  1144 2557s
  1271  1170 -12830.884   84 9537 -11856.000 -12830.884  8.22%  1143 2618s
  1272  1171 -12829.268   47 9605 -11856.000 -12829.268  8.21%  1142 2638s
  1273  1171 -11933.000  489 9617 -11856.000 -12828.874  8.21%  1141 2647s
  1274  1172 -12745.500  298 9644 -11856.000 -12828.773  8.20%  1140 2651s
  1277  1174 -12598.500  327 9651 -11856.000 -12828.735  8.20%  1138 2656s
  1278  1175 -12823.476    4 9626 -11856.000 -12823.476  8.16%  1137 2701s
  1279  1175 -12822.526  172 9654 -11856.000 -12822.526  8.15%  1136 2716s
  1280  1176 -12822.304  232 9673 -11856.000 -12822.304  8.15%  1135 2721s
  1281  1177 -12822.215  101 9699 -11856.000 -12822.215  8.15%  1134 2725s
  1284  1179 -12396.917  366 9614 -11856.000 -12817.072  8.11%  1132 2779s
  1285  1179 -12646.000  320 9669 -11856.000 -12815.620  8.09%  1131 2801s
  1286  1180 -12815.386    2 9687 -11856.000 -12815.386  8.09%  1130 2808s
  1287  1181 -12815.316  278 9718 -11856.000 -12815.316  8.09%  1129 2812s
  1289  1182 -12815.286  132 9738 -11856.000 -12815.286  8.09%  1127 2815s
  1291  1183 -12810.746   60 9678 -11856.000 -12810.746  8.05%  1125 2865s
  1292  1184 -11946.000  485 9707 -11856.000 -12809.772  8.04%  1125 2882s
  1293  1185 -12639.500  321 9722 -11856.000 -12809.510  8.04%  1124 2890s
  1296  1187 -12478.917  352 9754 -11856.000 -12809.446  8.04%  1121 2897s
  1297  1187 -12805.515  135 9691 -11856.000 -12805.515  8.01%  1120 2938s
  1298  1188 -12804.656  212 9718 -11856.000 -12804.656  8.00%  1119 2955s
  1299  1189 -12804.489  209 9716 -11856.000 -12804.489  8.00%  1118 2961s
  1301  1190 -12198.000  413 9753 -11856.000 -12804.408  8.00%  1117 2966s
  1303  1191 -12804.398  270 9759 -11856.000 -12804.398  8.00%  1115 2970s
  1304  1192 -12801.994  159 9725 -11856.000 -12801.994  7.98%  1114 3000s
  1305  1193 -12801.195   77 9742 -11856.000 -12801.195  7.97%  1113 3016s
  1306  1193 -11975.000  476 9761 -11856.000 -12801.019  7.97%  1112 3022s
  1308  1195 -12800.982  235 9792 -11856.000 -12800.982  7.97%  1111 3025s
  1310  1196 -11894.000  503 9741 -11856.000 -12798.231  7.95%  1109 3064s
  1311  1197 -12797.522  180 9798 -11856.000 -12797.522  7.94%  1108 3080s
  1312  1197 -12797.390  265 9797 -11856.000 -12797.390  7.94%  1107 3086s
  1315  1199 -12701.500  308 9828 -11856.000 -12797.349  7.94%  1105 3093s
  1316  1200 -11959.000  480 9757 -11856.000 -12794.978  7.92%  1104 3125s
  1317  1201 -12067.000  449 9800 -11856.000 -12794.251  7.91%  1103 3141s
  1318  1201 -12079.000  446 9827 -11856.000 -12794.138  7.91%  1102 3146s
  1320  1203 -12794.075  228 9837 -11856.000 -12794.075  7.91%  1101 3150s
  1322  1204 -12726.500  301 9781 -11856.000 -12791.962  7.89%  1099 3184s
  1323  1205 -12791.296  271 9811 -11856.000 -12791.296  7.89%  1098 3198s
  1324  1205 -11894.000  503 9830 -11856.000 -12791.184  7.89%  1097 3203s
  1325  1206 -12791.160  246 9832 -11856.000 -12791.160  7.89%  1097 3205s
  1328  1208 -12788.395   30 9792 -11856.000 -12788.395  7.86%  1094 3243s
  1329  1209 -12787.878    3 9807 -11856.000 -12787.878  7.86%  1093 3255s
  1331  1210 -12589.500  329 9836 -11856.000 -12787.751  7.86%  1092 3261s
  1333  1211 -12148.000  428 9856 -11856.000 -12787.741  7.86%  1090 3266s
  1334  1212 -12478.917  352 9796 -11856.000 -12784.961  7.84%  1089 3302s
  1335  1213 -12784.187  148 9823 -11856.000 -12784.187  7.83%  1088 3319s
  1336  1213 -12519.917  345 9839 -11856.000 -12783.971  7.83%  1087 3327s
  1337  1214 -12783.899  216 9863 -11856.000 -12783.899  7.83%  1087 3331s
  1340  1216 -12783.861  209 9876 -11856.000 -12783.861  7.83%  1084 3336s
  1341  1217 -12025.500  462 9845 -11856.000 -12782.127  7.81%  1083 3364s
  1342  1217 -12781.638  125 9867 -11856.000 -12781.638  7.81%  1083 3377s
  1343  1218 -12132.000  432 9868 -11856.000 -12781.525  7.81%  1082 3383s
  1344  1219 -12781.496  253 9884 -11856.000 -12781.496  7.81%  1081 3385s
  1347  1221 -11894.000  503 9866 -11856.000 -12779.469  7.79%  1079 3419s
  1348  1221 -12779.058  276 9889 -11856.000 -12779.058  7.79%  1078 3431s
  1349  1222 -12483.917  351 9899 -11856.000 -12778.969  7.78%  1077 3435s
  1353  1225 -12778.921  198 9913 -11856.000 -12778.921  7.78%  1074 3441s
  1354  1225 -12116.500  437 9830 -11856.000 -12777.462  7.77%  1073 3467s
  1355  1226 -12757.500  296 9864 -11856.000 -12777.037  7.77%  1072 3479s
  1356  1227 -12776.942    2 9874 -11856.000 -12776.942  7.77%  1071 3484s
  1357  1227 -11889.000  508 9881 -11856.000 -12776.918  7.77%  1071 3486s
  1360  1229 -12325.583  382 9810 -11856.000 -12775.168  7.75%  1068 3517s
  1361  1230 -12116.500  437 9844 -11856.000 -12774.828  7.75%  1068 3527s
  1362  1231 -12774.741  143 9866 -11856.000 -12774.741  7.75%  1067 3532s
  1364  1232 -12774.714   41 9890 -11856.000 -12774.714  7.75%  1065 3535s
  1366  1233 -12773.598    8 9869 -11856.000 -12773.598  7.74%  1064 3559s
  1367  1234 -12773.361  140 9888 -11856.000 -12773.361  7.74%  1063 3568s
  1368  1235 -12773.294  137 9900 -11856.000 -12773.294  7.74%  1062 3572s
  1370  1236 -11977.000  475 9910 -11856.000 -12773.274  7.74%  1060 3575s
  1372  1237 -12771.892   47 9832 -11856.000 -12771.892  7.73%  1059 3602s
  1373  1238 -11933.000  489 9883 -11856.000 -12771.530  7.72%  1058 3614s
  1374  1239 -12745.500  298 9915 -11856.000 -12771.452  7.72%  1057 3618s
  1375  1239 -12771.422  265 9923 -11856.000 -12771.422  7.72%  1057 3621s
  1378  1241 -12771.398    4 9934 -11856.000 -12771.398  7.72%  1054 3625s
  1379  1242 -12770.374  172 9882 -11856.000 -12770.374  7.71%  1054 3646s
  1380  1243 -12770.001  232 9916 -11856.000 -12770.001  7.71%  1053 3657s
  1381  1243 -12769.932  101 9914 -11856.000 -12769.932  7.71%  1052 3661s
  1385  1246 -12646.000  320 9950 -11856.000 -12769.896  7.71%  1049 3666s
  1386  1247 -12769.081    2 9892 -11856.000 -12769.081  7.70%  1048 3683s
  1387  1247 -12768.840  278 9923 -11856.000 -12768.840  7.70%  1047 3692s
  1388  1248 -12768.765   99 9935 -11856.000 -12768.765  7.70%  1047 3696s
  1391  1250 -12768.731   60 9969 -11856.000 -12768.731  7.70%  1044 3702s
  1392  1251 -11946.000  485 9893 -11856.000 -12767.891  7.69%  1044 3721s
  1393  1251 -12639.500  321 9924 -11856.000 -12767.620  7.69%  1043 3730s
  1395  1253 -12269.583  397 9948 -11856.000 -12767.538  7.69%  1041 3736s
  1397  1254 -12767.531  135 9958 -11856.000 -12767.531  7.69%  1040 3740s
  1398  1255 -12766.667  212 9910 -11856.000 -12766.667  7.68%  1039 3760s
  1399  1255 -12766.338  209 9929 -11856.000 -12766.338  7.68%  1039 3770s
  1401  1257 -12198.000  413 9947 -11856.000 -12766.257  7.68%  1037 3776s
  1404  1259 -12765.334  159 9905 -11856.000 -12765.334  7.67%  1035 3799s
  1405  1259 -12765.120   77 9914 -11856.000 -12765.120  7.67%  1034 3808s
  1406  1260 -11975.000  476 9949 -11856.000 -12765.055  7.67%  1033 3812s
  1409  1262 -12676.500  315 9968 -11856.000 -12765.032  7.67%  1031 3817s
  1410  1263 -11894.000  503 9889 -11856.000 -12764.193  7.66%  1030 3836s
  1411  1263 -12764.015  180 9917 -11856.000 -12764.015  7.66%  1030 3844s
  1412  1264 -12763.972  265 9927 -11856.000 -12763.972  7.66%  1029 3847s
  1414  1265 -11918.000  495 9945 -11856.000 -12763.958  7.66%  1027 3851s
  1415  1266 -12701.500  308 9899 -11856.000 -12763.126  7.65%  1027 3868s
  1416  1267 -11959.000  480 9934 -11856.000 -12762.908  7.65%  1026 3877s
  1417  1267 -12067.000  449 9929 -11856.000 -12762.859  7.65%  1025 3880s
  1420  1269 -12762.836  228 9957 -11856.000 -12762.836  7.65%  1023 3885s
H 1420  1202                    -11870.00000 -12761.907  7.51%  1023 3904s
  1422  1204 -12726.500  301 9930 -11870.000 -12761.603  7.51%  1022 3915s
  1424  1205 -11894.000  503 9969 -11870.000 -12761.517  7.51%  1020 3921s
  1426  1206 -12761.510  246 9981 -11870.000 -12761.510  7.51%  1019 3925s
  1427  1207 -12198.333  413 9939 -11870.000 -12760.758  7.50%  1018 3942s
  1428  1208 -12760.425   30 9943 -11870.000 -12760.425  7.50%  1017 3954s
  1429  1208 -12760.347    3 9951 -11870.000 -12760.347  7.50%  1017 3958s
  1430  1209 -12064.500  451 9971 -11870.000 -12760.320  7.50%  1016 3960s
  1433  1211 -12148.000  428 9921 -11870.000 -12759.292  7.49%  1014 3984s
  1434  1212 -12478.917  352 9948 -11870.000 -12758.963  7.49%  1013 3995s
  1436  1213 -12519.917  345 9959 -11870.000 -12758.886  7.49%  1012 4001s
  1438  1214 -12190.333  414 9984 -11870.000 -12758.875  7.49%  1010 4005s
  1439  1215 -12758.209  193 9914 -11870.000 -12758.209  7.48%  1010 4021s
  1440  1216 -12758.060  209 9940 -11870.000 -12758.060  7.48%  1009 4028s
  1441  1216 -12025.500  462 9971 -11870.000 -12758.027  7.48%  1008 4031s
  1443  1218 -12132.000  432 9982 -11870.000 -12758.017  7.48%  1007 4035s
  1444  1218 -12757.656  253 9929 -11870.000 -12757.656  7.48%  1006 4047s
  1445  1219 -12310.583  386 9945 -11870.000 -12757.537  7.48%  1005 4052s
  1446  1220 -12757.508  238 9962 -11870.000 -12757.508  7.48%  1005 4055s
  1449  1222 -12483.917  351 9896 -11870.000 -12756.962  7.47%  1003 4072s
  1450  1222 -12756.834  126 9930 -11870.000 -12756.834  7.47%  1002 4078s
  1451  1223 -12627.500  323 9956 -11870.000 -12756.810  7.47%  1001 4081s
  1455  1226 -12756.780  296 9972 -11870.000 -12756.780  7.47%   999 4087s

Cutting planes:
  Gomory: 51
  MIR: 330
  Flow cover: 3919
  Zero half: 1320
  Mod-K: 32
  RLT: 351
  BQP: 597

Explored 1455 nodes (3135292 simplex iterations) in 4096.00 seconds (6169.24 work units)
Thread count was 1 (of 72 available processors)

Solution count 6: -11870 -11856 -11844 ... 0

Time limit reached
Best objective -1.187000000000e+04, best bound -1.275600000000e+04, gap 7.4642%

User-callback calls 31181, time in user-callback 0.16 sec

BQP_SOLUTION, 1940, 8761, -4146.000000, 4096.002304, 1, -1, -1, -1, -1, 1, -1, 1, -1, 1, -1, -1, 1, -1, -1, -1, 1, -1, 1, -1, 1, -1, -1, -1, -1, -1, 1, -1, 1, -1, -1, -1, 1, -1, 1, -1, -1, 1, -1, 1, -1, -1, -1, -1, 1, -1, 1, -1, -1, -1, -1, -1, 1, -1, -1, 1, -1, 1, -1, -1, -1, -1, 1, -1, 1, -1, 1, -1, -1, -1, -1, -1, 1, 1, 1, 1, -1, -1, -1, -1, -1, 1, 1, 1, -1, -1, -1, -1, 1, 1, -1, 1, -1, -1, 1, -1, -1, -1, -1, 1, -1, 1, -1, -1, -1, -1, -1, -1, 1, 1, -1, 1, -1, -1, -1, -1, 1, 1, 1, -1, 1, -1, -1, -1, -1, 1, 1, 1, -1, 1, -1, -1, 1, -1, 1, 1, -1, 1, -1, -1, -1, -1, -1, 1, 1, 1, -1, 1, -1, -1, -1, -1, 1, 1, -1, 1, -1, -1, -1, 1, -1, 1, 1, 1, -1, 1, -1, 1, 1, -1, 1, -1, 1, 1, 1, 1, -1, -1, -1, -1, -1, 1, 1, 1, -1, 1, -1, -1, -1, -1, 1, -1, -1, 1, 1, -1, -1, -1, -1, 1, 1, -1, -1, 1, -1, -1, -1, 1, 1, 1, 1, -1, 1, 1, 1, -1, -1, 1, 1, -1, 1, 1, -1, -1, 1, 1, -1, -1, 1, 1, -1, 1, -1, -1, -1, 1, -1, -1, 1, -1, 1, -1, -1, 1, 1, -1, 1, 1, 1, 1, -1, -1, -1, 1, -1, 1, 1, 1, 1, 1, -1, -1, 1, -1, 1, 1, 1, 1, 1, -1, -1, 1, -1, 1, -1, 1, 1, -1, 1, -1, 1, -1, -1, 1, 1, 1, -1, -1, -1, 1, -1, -1, 1, 1, 1, -1, -1, 1, -1, -1, 1, 1, 1, -1, 1, -1, -1, -1, 1, -1, 1, 1, -1, 1, -1, 1, -1, 1, 1, 1, 1, -1, -1, 1, -1, -1, -1, 1, 1, 1, -1, -1, -1, 1, 1, -1, 1, 1, 1, 1, -1, 1, -1, -1, -1, -1, 1, -1, 1, 1, 1, 1, 1, -1, -1, 1, -1, -1, 1, 1, -1, 1, 1, -1, 1, 1, 1, 1, -1, -1, 1, -1, -1, 1, -1, -1, 1, 1, -1, 1, 1, -1, -1, 1, -1, 1, 1, -1, -1, 1, -1, 1, -1, 1, 1, 1, 1, -1, 1, -1, -1, 1, -1, 1, 1, -1, 1, 1, -1, 1, 1, 1, 1, 1, 1, 1, 1, 1, 1, 1, 1, 1, -1, 1, -1, 1, -1, 1, 1, 1, -1, 1, 1, -1, 1, -1, 1, 1, -1, -1, 1, 1, 1, -1, -1, 1, 1, 1, 1, 1, 1, 1, 1, -1, 1, 1, -1, -1, -1, 1, 1, -1, 1, 1, 1, 1, -1, -1, 1, 1, 1, 1, 1, 1, 1, 1, -1, 1, 1, 1, 1, -1, 1, 1, -1, -1, -1, 1, 1, 1, 1, 1, 1, -1, -1, 1, -1, -1, 1, -1, 1, -1, -1, -1, -1, 1, -1, 1, -1, 1, 1, -1, -1, 1, -1, 1, 1, 1, 1, -1, -1, -1, -1, -1, -1, -1, 1, -1, 1, -1, 1, 1, -1, -1, 1, 1, -1, -1, 1, 1, -1, -1, -1, 1, 1, 1, -1, 1, 1, -1, 1, -1, 1, -1, -1, 1, -1, 1, -1, -1, -1, 1, -1, -1, 1, 1, -1, -1, 1, -1, 1, -1, -1, 1, -1, -1, -1, -1, -1, -1, 1, -1, 1, -1, -1, 1, -1, -1, -1, -1, -1, -1, 1, 1, -1, -1, -1, 1, -1, -1, 1, -1, -1, -1, -1, -1, -1, 1, -1, -1, -1, -1, 1, -1, 1, -1, 1, -1, 1, 1, 1, -1, 1, -1, -1, 1, -1, -1, -1, 1, 1, 1, -1, -1, -1, -1, 1, -1, 1, 1, 1, -1, -1, -1, -1, 1, -1, 1, -1, 1, -1, -1, 1, -1, -1, -1, 1, -1, -1, -1, -1, -1, 1, 1, -1, 1, -1, -1, -1, -1, 1, 1, -1, -1, 1, 1, -1, -1, 1, -1, 1, -1, -1, -1, 1, -1, 1, -1, 1, -1, 1, -1, 1, 1, -1, -1, 1, 1, -1, 1, -1, 1, 1, 1, -1, -1, 1, -1, 1, 1, -1, 1, 1, 1, -1, 1, -1, 1, 1, -1, 1, 1, 1, -1, 1, 1, 1, 1, -1, 1, -1, -1, -1, -1, -1, 1, -1, -1, 1, 1, -1, 1, 1, -1, -1, 1, -1, 1, -1, -1, 1, 1, -1, -1, 1, -1, 1, -1, 1, -1, 1, -1, 1, -1, -1, 1, -1, -1, 1, -1, 1, -1, 1, -1, 1, -1, 1, 1, -1, 1, 1, 1, -1, -1, 1, 1, 1, -1, 1, 1, 1, -1, 1, 1, 1, 1, -1, 1, 1, 1, -1, 1, -1, 1, 1, -1, -1, 1, 1, -1, -1, 1, 1, 1, -1, 1, 1, 1, 1, -1, 1, 1, 1, 1, -1, 1, 1, 1, 1, 1, 1, 1, -1, -1, 1, 1, -1, -1, 1, 1, 1, 1, -1, 1, 1, -1, -1, 1, 1, 1, 1, 1, -1, 1, -1, -1, 1, 1, 1, -1, 1, 1, 1, -1, -1, 1, 1, 1, 1, -1, 1, 1, -1, -1, 1, -1, 1, 1, -1, 1, 1, -1, -1, 1, 1, 1, 1, -1, -1, 1, 1, -1, 1, 1, 1, 1, 1, 1, 1, 1, -1, 1, 1, 1, 1, 1, -1, 1, -1, -1, 1, 1, 1, 1, -1, 1, -1, 1, 1, -1, 1, 1, 1, -1, 1, 1, -1, -1, -1, 1, 1, 1, 1, -1, 1, 1, -1, -1, 1, 1, 1, 1, -1, -1, 1, -1, -1, -1, 1, 1, 1, -1, 1, 1, -1, -1, 1, 1, 1, 1, -1, 1, 1, -1, 1, 1, -1, 1, -1, 1, 1, 1, 1, 1, 1, -1, 1, -1, 1, -1, 1, 1, -1, 1, 1, -1, -1, -1, -1, 1, 1, -1, -1, -1, 1, -1, 1, -1, 1, -1, 1, -1, -1, 1, -1, -1, 1, -1, 1, 1, -1, 1, -1, -1, 1, -1, 1, -1, 1, 1, 1, -1, -1, 1, -1, 1, -1, 1, -1, 1, 1, -1, -1, -1, 1, -1, -1, 1, -1, 1, -1, 1, -1, 1, -1, 1, 1, -1, 1, -1, 1, -1, 1, 1, 1, -1, 1, -1, -1, -1, -1, -1, 1, -1, 1, -1, 1, -1, -1, 1, -1, 1, -1, 1, -1, -1, 1, -1, -1, -1, -1, -1, -1, -1, 1, -1, -1, -1, -1, -1, 1, 1, -1, -1, -1, 1, -1, -1, -1, 1, -1, -1, 1, -1, -1, -1, 1, -1, 1, 1, -1, 1, -1, -1, 1, -1, 1, -1, 1, -1, 1, -1, -1, -1, -1, 1, -1, -1, -1, 1, -1, 1, -1, 1, -1, -1, 1, -1, 1, -1, -1, -1, 1, 1, 1, 1, 1, 1, 1, 1, -1, -1, 1, -1, 1, -1, -1, 1, -1, 1, -1, 1, -1, -1, -1, 1, 1, 1, 1, 1, 1, -1, 1, 1, 1, 1, 1, 1, -1, -1, -1, 1, -1, 1, 1, 1, 1, -1, -1, 1, 1, -1, 1, 1, 1, -1, 1, -1, 1, 1, -1, 1, 1, -1, 1, 1, -1, 1, 1, -1, 1, 1, 1, -1, 1, -1, 1, 1, 1, -1, 1, 1, 1, 1, 1, 1, 1, 1, -1, -1, -1, 1, 1, -1, 1, 1, 1, 1, 1, 1, 1, -1, 1, 1, 1, -1, 1, 1, 1, 1, 1, -1, -1, 1, 1, 1, 1, 1, 1, 1, 1, 1, 1, 1, 1, 1, 1, 1, -1, -1, 1, -1, 1, 1, 1, 1, -1, -1, -1, 1, -1, 1, 1, -1, 1, 1, -1, -1, 1, 1, -1, 1, 1, -1, 1, -1, 1, 1, 1, -1, 1, 1, 1, -1, -1, 1, 1, 1, -1, 1, 1, -1, 1, -1, 1, 1, -1, -1, 1, 1, -1, 1, -1, 1, 1, 1, -1, 1, 1, 1, -1, -1, 1, 1, 1, -1, 1, 1, -1, -1, 1, -1, 1, -1, -1, -1, -1, 1, 1, 1, -1, 1, 1, -1, -1, -1, 1, 1, 1, 1, 1, -1, 1, -1, 1, -1, 1, 1, -1, 1, 1, -1, -1, 1, -1, 1, -1, 1, 1, 1, -1, -1, 1, -1, -1, 1, -1, 1, 1, -1, -1, 1, 1, -1, 1, -1, 1, 1, -1, -1, 1, 1, 1, 1, -1, 1, -1, -1, 1, 1, -1, 1, -1, 1, 1, -1, -1, -1, 1, 1, -1, 1, -1, 1, 1, -1, 1, 1, -1, 1, -1, -1, 1, 1, -1, -1, 1, -1, -1, 1, 1, 1, 1, -1, -1, 1, 1, -1, 1, -1, 1, -1, -1, -1, 1, 1, -1, 1, -1, 1, -1, -1, -1, 1, -1, -1, 1, -1, 1, 1, -1, 1, 1, -1, -1, 1, -1, -1, 1, -1, -1, 1, 1, -1, 1, -1, -1, 1, -1, -1, 1, 1, -1, 1, 1, -1, 1, -1, 1, 1, 1, -1, -1, -1, 1, -1, -1, -1, 1, -1, -1, 1, -1, 1, -1, -1, -1, 1, 1, -1, 1, -1, -1, -1, -1, -1, 1, -1, -1, -1, -1, 1, -1, -1, -1, 1, -1, -1, -1, -1, 1, -1, -1, 1, 1, -1, -1, 1, -1, 1, -1, -1, -1, 1, -1, 1, -1, -1, -1, -1, -1, -1, 1, 1, -1, -1, 1, 1, -1, -1, -1, 1, 1, -1, -1, -1, 1, -1, -1, -1, 1, 1, -1, -1, -1, 1, -1, 1, -1, 1, 1, 1, -1, -1, 1, -1, -1, 1, 1, 1, -1, -1, -1, 1, 1, -1, -1, 1, 1, -1, -1, -1, 1, 1, 1, -1, 1, -1, -1, -1, 1, 1, 1, 1, 1, 1, 1, -1, -1, -1, 1, -1, -1, -1, 1, 1, -1, -1, 1, 1, 1, -1, -1, 1, -1, 1, -1, 1, 1, 1, 1, -1, 1, 1, -1, -1, -1, 1, 1, -1, -1, 1, 1, -1, -1, -1, 1, 1, 1, -1, 1, 1, -1, 1, -1, -1, -1, 1, -1, 1, -1, -1, -1, -1, 1, 1, -1, -1, 1, 1, 1, -1, -1, 1, -1, 1, -1, 1, 1, -1, 1, -1, 1, -1, 1, -1, 1, 1, 1, -1, -1, 1, -1, 1, -1, 1, 1, -1, 1, -1, 1, -1, 1, -1, 1, -1, 1, -1, -1, -1, 1, -1, -1, -1, 1, -1, -1, 1, -1, 1, -1, -1, 1, -1, 1, -1, 1, 1, -1, 1, -1, 1, 1, 1, -1, 1, 1, -1, -1, 1, 1, 1, 1, 1, 1, -1, -1, 1, -1, 1, 1, 1, -1, 1, 1, -1, 1, -1, -1, 1, 1, 1, -1, 1, -1, 1, 1, 1, 1, 1, 1, 1, -1, -1, 1, 1, -1, 1, 1, -1, 1, -1, 1, -1, 1, 1, 1, 1, 1, -1, -1, 1, -1, 1, -1, 1, 1, -1, 1, 1, 1, -1, 1, 1, 1, 1, -1, 1, -1, 1, -1, 1, 1, 1, -1, 1, 1, 1, -1, -1, 1, 1, 1, -1, 1, 1, 1, -1, 1, -1, 1, 1, 1, -1, 1, 1, -1, -1, 1, -1, 1, -1, 1, -1, 1, 1, -1, 1, -1, 1, 1, -1, 1, -1, 1, -1, 1, 1, -1, 1, -1, 1, 1, 1, -1, 1, -1, 1, 1, -1, 1, 1, 1, -1, 1, -1, -1, 1, -1, 1, 1, 1, -1, -1, 1, -1, 1, 1, -1, 1, -1, -1, 1, -1, 1, -1, 1, 1, 1, 1, -1, -1, 1, -1, 1, -1, 1, -1, 1, 1, 1, 1, 1, 1, 1, 1, 1, -1, 1, -1
BQP_DATA, 1940, 8761, -4146.000000, -5032.000000, -11870.000000, -12756.000000, 4096.002304, 5652, 1455
