Set parameter TSPort to value 51199
Set parameter TokenServer to value "open-license1.lanl.gov"
Set parameter TimeLimit to value 128
Set parameter Threads to value 1
Gurobi Optimizer version 10.0.3 build v10.0.3rc0 (linux64)

CPU model: Intel(R) Xeon(R) CPU E5-2695 v4 @ 2.10GHz, instruction set [SSE2|AVX|AVX2]
Thread count: 36 physical cores, 72 logical processors, using up to 1 threads

Optimize a model with 0 rows, 598 columns and 0 nonzeros
Model fingerprint: 0x42016272
Model has 2609 quadratic objective terms
Variable types: 0 continuous, 598 integer (598 binary)
Coefficient statistics:
  Matrix range     [0e+00, 0e+00]
  Objective range  [2e+00, 3e+01]
  QObjective range [8e+00, 8e+00]
  Bounds range     [1e+00, 1e+00]
  RHS range        [0e+00, 0e+00]
Found heuristic solution: objective 0.0000000
Found heuristic solution: objective -984.0000000
Found heuristic solution: objective -3464.000000
Found heuristic solution: objective -3506.000000
Presolve time: 0.24s
Presolved: 2609 rows, 3207 columns, 7827 nonzeros
Variable types: 0 continuous, 3207 integer (3207 binary)

Root relaxation: objective -4.810000e+03, 710 iterations, 0.01 seconds (0.01 work units)

    Nodes    |    Current Node    |     Objective Bounds      |     Work
 Expl Unexpl |  Obj  Depth IntInf | Incumbent    BestBd   Gap | It/Node Time

     0     0 -4810.0000    0  598 -3506.0000 -4810.0000  37.2%     -    0s
     0     0 -4373.3333    0  825 -3506.0000 -4373.3333  24.7%     -    0s
     0     0 -4373.3333    0  825 -3506.0000 -4373.3333  24.7%     -    0s
     0     0 -4272.1667    0  894 -3506.0000 -4272.1667  21.9%     -    0s
     0     0 -4272.1667    0  879 -3506.0000 -4272.1667  21.9%     -    1s
     0     2 -4272.1667    0  878 -3506.0000 -4272.1667  21.9%     -    1s
   511   494 -3654.0000   95 1305 -3506.0000 -4261.1667  21.5%  86.5    5s
   533   509 -3791.0000   71 1721 -3506.0000 -3910.5281  11.5%  82.9   10s
   543   515 -3849.0054   20 2064 -3506.0000 -3849.0054  9.78%  81.4   15s
   553   522 -3814.8041   35 2374 -3506.0000 -3814.8041  8.81%  79.9   21s
   562   528 -3587.0000  113 2563 -3506.0000 -3787.6847  8.03%  78.7   28s
   564   529 -3784.0974   57 2615 -3506.0000 -3784.0974  7.93%  78.4   30s
   570   533 -3707.0000   83 2642 -3506.0000 -3769.1438  7.51%  77.6   35s
   578   539 -3679.0000   89 2689 -3506.0000 -3757.9493  7.19%  76.5   41s
   585   543 -3604.0000  109 2695 -3506.0000 -3751.3624  7.00%  75.6   45s
   594   549 -3623.0000  109 2752 -3506.0000 -3744.8263  6.81%  74.4   50s
   605   557 -3740.4328   69 2779 -3506.0000 -3740.4328  6.69%  73.1   55s
   613   562 -3734.0202   13 2790 -3506.0000 -3734.0202  6.50%  72.1   60s
   626   571 -3729.3412   19 2820 -3506.0000 -3729.3412  6.37%  70.6   65s
   643   582 -3723.8835   20 2818 -3506.0000 -3723.8835  6.21%  68.7   70s
   657   591 -3718.8654   56 2839 -3506.0000 -3718.8654  6.07%  67.3   75s
   674   603 -3715.4049   47 2848 -3506.0000 -3715.4049  5.97%  65.6   80s
   694   616 -3623.0000  109 2886 -3506.0000 -3712.4426  5.89%  63.7   85s
   714   629 -3709.2326   35 2871 -3506.0000 -3709.2326  5.80%  61.9   90s
   743   650 -3707.7871   20 2491 -3506.0000 -3707.7871  5.76%   318  101s
   744   650 -3707.7871   25 2733 -3506.0000 -3707.7871  5.76%   318  108s
   745   651 -3671.0000   97 2816 -3506.0000 -3707.7871  5.76%   317  111s
   753   656 -3706.3348   35 2850 -3506.0000 -3706.3348  5.71%   314  115s
   762   662 -3587.0000  113 2881 -3506.0000 -3703.1687  5.62%   310  120s
   774   670 -3700.4246   47 2898 -3506.0000 -3700.4246  5.55%   305  125s

Cutting planes:
  Gomory: 28
  MIR: 121
  Flow cover: 1073
  Zero half: 400
  Mod-K: 5
  RLT: 116
  BQP: 161

Explored 781 nodes (316455 simplex iterations) in 128.00 seconds (140.91 work units)
Thread count was 1 (of 72 available processors)

Solution count 4: -3506 -3464 -984 0 

Time limit reached
Best objective -3.506000000000e+03, best bound -3.698000000000e+03, gap 5.4763%

User-callback calls 7493, time in user-callback 0.03 sec

BQP_SOLUTION, 598, 2609, -1305.000000, 128.000541, -1, 1, -1, 1, 1, 1, -1, -1, 1, 1, 1, -1, 1, 1, -1, -1, 1, -1, 1, 1, -1, 1, -1, 1, 1, -1, 1, 1, -1, -1, -1, -1, 1, -1, 1, -1, 1, 1, -1, 1, 1, -1, 1, 1, -1, -1, 1, 1, 1, -1, -1, 1, -1, 1, -1, 1, -1, 1, -1, -1, 1, -1, 1, -1, 1, 1, 1, 1, -1, -1, 1, 1, -1, 1, -1, 1, 1, 1, -1, 1, 1, 1, 1, -1, 1, 1, 1, -1, -1, -1, 1, 1, 1, -1, -1, 1, 1, -1, -1, 1, 1, 1, 1, -1, 1, 1, 1, 1, -1, -1, 1, 1, 1, -1, 1, 1, 1, 1, -1, 1, 1, 1, 1, -1, -1, 1, 1, -1, 1, 1, 1, 1, 1, 1, -1, 1, 1, 1, 1, 1, -1, 1, -1, 1, 1, 1, 1, 1, -1, -1, 1, -1, 1, 1, -1, 1, 1, 1, 1, -1, 1, -1, 1, 1, 1, -1, 1, 1, 1, 1, -1, 1, 1, -1, 1, -1, 1, -1, -1, -1, -1, 1, -1, 1, 1, 1, 1, -1, 1, 1, -1, 1, -1, -1, -1, 1, 1, -1, -1, 1, -1, 1, -1, -1, -1, -1, 1, 1, -1, 1, 1, 1, -1, -1, -1, 1, 1, -1, -1, -1, 1, -1, 1, -1, -1, 1, -1, 1, -1, -1, 1, -1, -1, -1, -1, 1, -1, 1, -1, 1, 1, 1, 1, -1, -1, -1, 1, -1, -1, -1, -1, -1, 1, -1, 1, -1, 1, -1, -1, -1, 1, -1, -1, -1, -1, 1, -1, -1, -1, 1, 1, 1, 1, -1, 1, -1, 1, -1, -1, 1, -1, -1, 1, -1, 1, -1, 1, -1, -1, 1, -1, -1, -1, 1, 1, 1, 1, 1, -1, 1, -1, -1, 1, -1, -1, -1, -1, 1, -1, 1, -1, -1, 1, -1, -1, 1, -1, 1, -1, 1, -1, -1, 1, 1, -1, -1, 1, -1, 1, -1, 1, 1, 1, 1, -1, 1, -1, 1, 1, -1, -1, 1, 1, 1, -1, 1, -1, 1, -1, -1, -1, 1, -1, -1, -1, -1, -1, 1, 1, -1, 1, -1, 1, -1, -1, 1, -1, -1, 1, -1, 1, -1, 1, 1, -1, 1, 1, 1, -1, -1, -1, 1, -1, 1, -1, 1, -1, 1, 1, -1, -1, 1, 1, -1, -1, -1, 1, -1, 1, -1, 1, -1, 1, 1, -1, -1, 1, -1, -1, -1, -1, -1, 1, -1, -1, -1, -1, 1, -1, -1, -1, 1, 1, -1, -1, -1, 1, -1, -1, -1, -1, 1, 1, -1, -1, 1, 1, -1, -1, 1, 1, 1, -1, -1, -1, -1, -1, -1, -1, 1, -1, -1, -1, -1, 1, -1, -1, 1, -1, -1, 1, -1, -1, 1, 1, 1, -1, 1, 1, 1, 1, -1, 1, 1, 1, -1, 1, -1, -1, 1, -1, 1, 1, 1, 1, -1, 1, 1, 1, 1, -1, 1, -1, -1, 1, 1, 1, 1, 1, 1, -1, 1, 1, -1, 1, 1, 1, 1, 1, -1, -1, 1, 1, 1, -1, 1, 1, 1, 1, 1, -1, 1, 1, -1, 1, -1, 1, 1, 1, 1, -1, 1, 1, -1, 1, -1, 1, 1, 1, -1, 1, 1, 1, 1, -1, 1, 1, 1, -1, 1, 1, 1, 1, 1, -1, 1, -1, 1, 1, 1, 1, 1, 1, 1, -1, -1, 1, 1, -1, 1, 1, 1, 1, 1, -1, 1, 1, 1, 1, 1, 1, 1, 1, -1, 1, 1, 1, 1, 1, -1, 1, 1, 1, 1, -1, -1, 1, -1
BQP_DATA, 598, 2609, -1305.000000, -1497.000000, -3506.000000, -3698.000000, 128.000541, 1627, 781
