Set parameter TSPort to value 51199
Set parameter TokenServer to value "open-license1.lanl.gov"
Set parameter TimeLimit to value 128
Set parameter Threads to value 1
Gurobi Optimizer version 10.0.3 build v10.0.3rc0 (linux64)

CPU model: Intel(R) Xeon(R) CPU E5-2695 v4 @ 2.10GHz, instruction set [SSE2|AVX|AVX2]
Thread count: 36 physical cores, 72 logical processors, using up to 1 threads

Optimize a model with 0 rows, 598 columns and 0 nonzeros
Model fingerprint: 0xabf91c05
Model has 2587 quadratic objective terms
Variable types: 0 continuous, 598 integer (598 binary)
Coefficient statistics:
  Matrix range     [0e+00, 0e+00]
  Objective range  [2e+00, 3e+01]
  QObjective range [8e+00, 8e+00]
  Bounds range     [1e+00, 1e+00]
  RHS range        [0e+00, 0e+00]
Found heuristic solution: objective 0.0000000
Found heuristic solution: objective -1008.000000
Found heuristic solution: objective -3546.000000
Found heuristic solution: objective -3564.000000
Presolve time: 0.23s
Presolved: 2587 rows, 3185 columns, 7761 nonzeros
Variable types: 0 continuous, 3185 integer (3185 binary)

Root relaxation: objective -4.874000e+03, 708 iterations, 0.02 seconds (0.01 work units)

    Nodes    |    Current Node    |     Objective Bounds      |     Work
 Expl Unexpl |  Obj  Depth IntInf | Incumbent    BestBd   Gap | It/Node Time

     0     0 -4874.0000    0  598 -3564.0000 -4874.0000  36.8%     -    0s
     0     0 -4425.0000    0  827 -3564.0000 -4425.0000  24.2%     -    0s
     0     0 -4421.0000    0  834 -3564.0000 -4421.0000  24.0%     -    0s
     0     0 -4336.0938    0  934 -3564.0000 -4336.0938  21.7%     -    0s
     0     0 -4336.0938    0  917 -3564.0000 -4336.0938  21.7%     -    1s
     0     2 -4336.0938    0  910 -3564.0000 -4336.0938  21.7%     -    1s
   513   497 -4016.5000   44  598 -3564.0000 -4328.3750  21.4%  80.2    5s
   534   511 -3988.2339   17 1756 -3564.0000 -3988.2339  11.9%  77.1   10s
   545   519 -3931.2110   41 2052 -3564.0000 -3931.2110  10.3%  75.5   16s
   554   525 -3912.5000   57 2277 -3564.0000 -3918.2130  9.94%  74.3   20s
   556   526 -3885.3943    6 2396 -3564.0000 -3885.3943  9.02%  74.0   25s
   564   531 -3727.0000   94 2601 -3564.0000 -3859.6863  8.30%  73.0   32s
   566   533 -3766.5000   85 2674 -3564.0000 -3853.5150  8.12%  72.7   35s
   575   539 -3754.0000   89 2698 -3564.0000 -3838.7176  7.71%  71.6   41s
   584   545 -3753.0000   82 2726 -3564.0000 -3830.9517  7.49%  70.5   46s
   592   550 -3824.1272   20 2737 -3564.0000 -3824.1272  7.30%  69.5   51s
   600   555 -3817.5070   35 2783 -3564.0000 -3817.5070  7.11%  68.6   55s
   609   561 -3812.5972   62 2797 -3564.0000 -3812.5972  6.98%  67.6   60s
   621   569 -3806.4478   12 2805 -3564.0000 -3806.4478  6.80%  66.3   65s
   628   574 -3801.2628   54 2819 -3564.0000 -3801.2628  6.66%  65.5   70s
   641   583 -3796.6728   49 2820 -3564.0000 -3796.6728  6.53%  64.2   75s
   651   589 -3781.3333   76 2871 -3564.0000 -3793.1172  6.43%  63.2   80s
   670   602 -3787.9024   18 2854 -3564.0000 -3787.9024  6.28%  61.4   85s
   684   611 -3753.0000   82 2887 -3564.0000 -3785.0951  6.20%  60.2   90s
   709   628 -3782.5371   62 2903 -3564.0000 -3782.5371  6.13%  58.1   95s
   731   643 -3780.3212   58 2913 -3564.0000 -3780.3212  6.07%  56.3  100s
   750   657 -3596.0000  131 2588 -3564.0000 -3779.6225  6.05%   339  110s
   751   657 -3779.6225   76 2791 -3564.0000 -3779.6225  6.05%   339  116s
   752   658 -3779.6225   36 2857 -3564.0000 -3779.6225  6.05%   338  120s
   761   664 -3778.8356   29 2918 -3564.0000 -3778.8356  6.03%   334  125s

Cutting planes:
  Gomory: 25
  MIR: 98
  Flow cover: 1058
  Zero half: 416
  Mod-K: 5
  RLT: 112
  BQP: 154

Explored 767 nodes (321865 simplex iterations) in 128.00 seconds (146.51 work units)
Thread count was 1 (of 72 available processors)

Solution count 4: -3564 -3546 -1008 0 

Time limit reached
Best objective -3.564000000000e+03, best bound -3.776000000000e+03, gap 5.9484%

User-callback calls 6831, time in user-callback 0.03 sec

BQP_SOLUTION, 598, 2587, -1277.000000, 128.000439, 1, 1, -1, -1, 1, 1, 1, 1, 1, -1, -1, -1, -1, 1, -1, 1, -1, 1, -1, 1, -1, 1, 1, 1, -1, 1, 1, 1, -1, 1, -1, -1, 1, -1, -1, 1, 1, 1, -1, -1, 1, -1, 1, -1, 1, -1, -1, 1, -1, 1, -1, 1, -1, -1, 1, 1, -1, 1, 1, 1, 1, -1, 1, -1, 1, -1, -1, -1, 1, -1, -1, 1, 1, 1, -1, -1, -1, 1, -1, -1, -1, -1, 1, -1, -1, -1, 1, -1, 1, -1, 1, 1, -1, 1, 1, 1, -1, 1, -1, -1, 1, -1, 1, -1, 1, 1, -1, 1, 1, 1, 1, -1, 1, -1, 1, 1, -1, 1, 1, -1, 1, -1, 1, 1, 1, 1, -1, 1, -1, 1, 1, -1, 1, -1, 1, -1, 1, 1, -1, 1, 1, 1, 1, -1, 1, 1, -1, -1, -1, 1, 1, 1, -1, -1, 1, 1, 1, -1, -1, 1, 1, 1, -1, 1, 1, 1, -1, -1, 1, 1, 1, -1, -1, 1, 1, 1, 1, -1, 1, 1, -1, 1, 1, 1, 1, 1, -1, -1, 1, 1, -1, -1, 1, 1, 1, -1, -1, 1, 1, -1, 1, -1, -1, 1, 1, -1, -1, 1, 1, 1, 1, -1, -1, 1, 1, -1, 1, -1, 1, 1, 1, -1, -1, -1, 1, -1, 1, -1, 1, 1, -1, -1, 1, 1, 1, -1, -1, 1, 1, -1, -1, 1, 1, 1, -1, -1, 1, 1, 1, -1, -1, 1, -1, -1, 1, -1, 1, 1, -1, -1, -1, 1, -1, -1, 1, -1, -1, 1, -1, 1, -1, 1, -1, -1, -1, -1, -1, 1, -1, -1, -1, -1, 1, -1, 1, -1, 1, -1, 1, 1, -1, 1, -1, 1, -1, 1, -1, 1, -1, 1, -1, 1, -1, -1, 1, -1, -1, 1, 1, 1, -1, -1, 1, -1, 1, -1, -1, 1, 1, 1, -1, -1, -1, -1, 1, -1, 1, 1, 1, 1, -1, 1, -1, 1, 1, -1, 1, 1, -1, 1, -1, -1, 1, 1, 1, -1, -1, 1, -1, 1, 1, -1, 1, 1, 1, -1, -1, 1, 1, 1, -1, 1, 1, -1, 1, -1, 1, 1, 1, 1, 1, 1, 1, 1, 1, -1, 1, 1, 1, 1, -1, 1, 1, 1, 1, -1, 1, 1, -1, 1, -1, 1, 1, 1, -1, 1, 1, -1, -1, 1, -1, 1, 1, 1, 1, 1, 1, 1, -1, 1, -1, 1, 1, -1, 1, 1, 1, 1, -1, 1, 1, 1, 1, 1, 1, 1, -1, 1, 1, -1, 1, -1, -1, -1, -1, 1, 1, 1, -1, 1, -1, 1, 1, -1, -1, 1, -1, 1, 1, -1, 1, 1, 1, 1, -1, 1, -1, -1, -1, -1, 1, 1, -1, -1, 1, -1, 1, -1, 1, 1, -1, 1, -1, 1, -1, 1, 1, -1, -1, 1, 1, 1, 1, 1, -1, 1, 1, -1, 1, 1, 1, -1, -1, -1, 1, -1, 1, -1, 1, 1, 1, -1, 1, -1, 1, 1, -1, 1, -1, -1, 1, -1, 1, 1, -1, -1, 1, -1, 1, 1, 1, 1, -1, -1, -1, 1, 1, -1, -1, 1, -1, -1, -1, 1, -1, -1, -1, 1, -1, 1, -1, 1, -1, 1, -1, -1, -1, 1, -1, -1, -1, 1, 1, 1, -1, -1, -1, 1, -1, -1, -1, -1, 1, 1, -1, -1, -1, 1, -1, 1, -1, -1, 1, 1, 1, -1, -1, 1, -1, 1, 1, -1, 1, 1, 1, -1, -1, 1, 1, -1, 1, -1, 1, 1, 1, -1, -1, -1
BQP_DATA, 598, 2587, -1277.000000, -1489.000000, -3564.000000, -3776.000000, 128.000439, 1602, 767
