Set parameter TSPort to value 51199
Set parameter TokenServer to value "open-license1.lanl.gov"
Set parameter TimeLimit to value 128
Set parameter Threads to value 1
Gurobi Optimizer version 10.0.3 build v10.0.3rc0 (linux64)

CPU model: Intel(R) Xeon(R) CPU E5-2695 v4 @ 2.10GHz, instruction set [SSE2|AVX|AVX2]
Thread count: 36 physical cores, 72 logical processors, using up to 1 threads

Optimize a model with 0 rows, 598 columns and 0 nonzeros
Model fingerprint: 0xb960504d
Model has 2573 quadratic objective terms
Variable types: 0 continuous, 598 integer (598 binary)
Coefficient statistics:
  Matrix range     [0e+00, 0e+00]
  Objective range  [2e+00, 3e+01]
  QObjective range [8e+00, 8e+00]
  Bounds range     [1e+00, 1e+00]
  RHS range        [0e+00, 0e+00]
Found heuristic solution: objective 0.0000000
Found heuristic solution: objective -1044.000000
Found heuristic solution: objective -3500.000000
Found heuristic solution: objective -3518.000000
Presolve removed 0 rows and 2 columns
Presolve time: 0.24s
Presolved: 2572 rows, 3168 columns, 7716 nonzeros
Variable types: 0 continuous, 3168 integer (3168 binary)

Root relaxation: objective -4.827000e+03, 749 iterations, 0.02 seconds (0.01 work units)

    Nodes    |    Current Node    |     Objective Bounds      |     Work
 Expl Unexpl |  Obj  Depth IntInf | Incumbent    BestBd   Gap | It/Node Time

     0     0 -4827.0000    0  596 -3518.0000 -4827.0000  37.2%     -    0s
     0     0 -4365.6667    0  840 -3518.0000 -4365.6667  24.1%     -    0s
     0     0 -4360.3333    0  846 -3518.0000 -4360.3333  23.9%     -    0s
     0     0 -4264.1000    0  928 -3518.0000 -4264.1000  21.2%     -    0s
     0     0 -4264.1000    0  915 -3518.0000 -4264.1000  21.2%     -    1s
     0     2 -4264.1000    0  911 -3518.0000 -4264.1000  21.2%     -    1s
   511   488 -3650.5000   99 1286 -3518.0000 -4254.8833  20.9%  84.5    5s
   534   503 -3543.0000  136 1717 -3518.0000 -3936.3817  11.9%  80.9   10s
   543   509 -3846.1667   60 2114 -3518.0000 -3875.5209  10.2%  79.5   16s
   551   515 -3576.0000  122 2409 -3518.0000 -3843.4114  9.25%  78.4   22s
   553   516 -3834.0049   32 2551 -3518.0000 -3834.0049  8.98%  78.1   25s
   559   520 -3810.9933   62 2583 -3518.0000 -3810.9933  8.33%  77.3   30s
   566   525 -3766.3333   70 2690 -3518.0000 -3805.1781  8.16%  76.3   35s
   568   526 -3723.5000   83 2708 -3518.0000 -3790.6421  7.75%  76.0   40s
   580   534 -3784.0021   38 2765 -3518.0000 -3784.0021  7.56%  74.5   45s
   588   539 -3664.5000   91 2725 -3518.0000 -3776.3539  7.34%  73.5   50s
   598   546 -3771.1970   18 2774 -3518.0000 -3771.1970  7.20%  72.2   55s
   609   553 -3759.2500   75 2783 -3518.0000 -3763.0211  6.96%  70.9   61s
   618   559 -3760.0817   67 2807 -3518.0000 -3760.0817  6.88%  69.9   65s
   635   571 -3653.0000   94 2816 -3518.0000 -3755.9899  6.76%  68.0   70s
   656   585 -3752.6888   20 2850 -3518.0000 -3752.6888  6.67%  65.8   75s
   675   597 -3748.7722   29 2828 -3518.0000 -3748.7722  6.56%  64.0   80s
   703   616 -3746.6533   61 2834 -3518.0000 -3746.6533  6.50%  61.4   85s
   735   639 -3653.0000   94 2569 -3518.0000 -3745.2926  6.46%   310   96s
   736   639 -3745.2926   19 2703 -3518.0000 -3745.2926  6.46%   309  101s
   738   641 -3601.5000  113 2820 -3518.0000 -3745.2926  6.46%   308  106s
   750   649 -3637.5000   97 2862 -3518.0000 -3743.4111  6.41%   303  110s
   763   657 -3739.8454   65 2881 -3518.0000 -3739.8454  6.31%   298  115s
   778   667 -3732.5000   80 2883 -3518.0000 -3736.7469  6.22%   292  120s
   793   677 -3734.7196   66 2894 -3518.0000 -3734.7196  6.16%   287  125s

Cutting planes:
  Gomory: 21
  MIR: 116
  Flow cover: 1031
  Zero half: 447
  Mod-K: 4
  RLT: 98
  BQP: 158

Explored 799 nodes (312716 simplex iterations) in 128.00 seconds (139.61 work units)
Thread count was 1 (of 72 available processors)

Solution count 4: -3518 -3500 -1044 0 

Time limit reached
Best objective -3.518000000000e+03, best bound -3.732000000000e+03, gap 6.0830%

User-callback calls 7981, time in user-callback 0.03 sec

BQP_SOLUTION, 598, 2573, -1265.000000, 128.000634, 1, 1, -1, 1, -1, 1, -1, -1, 1, -1, 1, 1, -1, -1, 1, 1, -1, -1, 1, -1, -1, 1, 1, -1, -1, 1, 1, -1, -1, -1, 1, -1, -1, -1, -1, 1, 1, -1, 1, -1, 1, 1, -1, 1, -1, 1, 1, -1, -1, -1, 1, 1, -1, -1, 1, 1, 1, -1, 1, -1, 1, -1, -1, 1, -1, 1, -1, 1, 1, -1, 1, 1, -1, 1, -1, 1, -1, 1, 1, -1, 1, 1, -1, 1, -1, 1, 1, -1, 1, -1, 1, 1, -1, -1, -1, 1, 1, -1, 1, -1, 1, 1, -1, 1, 1, 1, 1, -1, 1, -1, 1, 1, 1, 1, -1, 1, 1, -1, -1, -1, 1, -1, 1, -1, -1, 1, -1, -1, 1, -1, 1, 1, -1, -1, -1, 1, -1, 1, -1, 1, 1, 1, -1, -1, -1, 1, 1, -1, 1, -1, -1, 1, 1, -1, 1, 1, 1, 1, 1, 1, -1, 1, -1, 1, -1, 1, 1, -1, -1, -1, -1, 1, -1, 1, -1, 1, 1, -1, 1, -1, 1, -1, 1, 1, 1, 1, -1, -1, -1, -1, 1, 1, 1, 1, -1, 1, -1, 1, 1, -1, 1, 1, -1, 1, -1, 1, 1, -1, 1, 1, -1, 1, -1, 1, -1, 1, 1, 1, 1, 1, -1, 1, -1, 1, 1, -1, 1, 1, 1, 1, -1, 1, 1, -1, -1, 1, -1, 1, -1, -1, 1, 1, -1, -1, -1, -1, -1, 1, 1, -1, 1, -1, -1, 1, -1, -1, -1, -1, -1, -1, -1, -1, -1, 1, 1, -1, 1, 1, -1, -1, -1, -1, 1, -1, -1, 1, 1, 1, -1, 1, -1, 1, 1, -1, 1, -1, 1, -1, 1, 1, -1, 1, -1, -1, 1, -1, 1, 1, 1, 1, -1, 1, 1, -1, -1, -1, 1, -1, 1, -1, -1, 1, 1, -1, -1, 1, 1, 1, 1, -1, -1, 1, 1, -1, -1, 1, 1, -1, -1, -1, -1, 1, 1, 1, -1, 1, 1, 1, 1, -1, -1, 1, 1, -1, -1, -1, 1, 1, 1, -1, -1, 1, 1, -1, -1, -1, 1, 1, -1, -1, -1, 1, 1, -1, -1, -1, 1, 1, 1, -1, -1, 1, 1, -1, -1, -1, 1, 1, 1, 1, -1, -1, 1, -1, -1, 1, 1, 1, 1, -1, -1, -1, 1, 1, -1, 1, -1, -1, -1, 1, -1, 1, 1, -1, -1, 1, -1, -1, 1, 1, 1, -1, 1, 1, 1, -1, -1, 1, 1, 1, -1, -1, 1, 1, 1, 1, 1, -1, 1, 1, -1, 1, -1, 1, 1, -1, 1, -1, 1, 1, -1, -1, -1, 1, -1, -1, -1, -1, 1, -1, 1, -1, 1, 1, 1, 1, -1, 1, 1, 1, 1, -1, 1, -1, 1, -1, -1, -1, 1, -1, 1, 1, 1, 1, -1, 1, 1, -1, -1, -1, 1, 1, -1, -1, 1, 1, 1, 1, -1, 1, 1, -1, -1, -1, -1, 1, 1, -1, 1, -1, 1, -1, 1, 1, -1, 1, -1, 1, 1, -1, 1, 1, -1, -1, 1, -1, 1, -1, 1, -1, 1, -1, 1, -1, -1, 1, 1, 1, 1, 1, 1, -1, -1, 1, -1, 1, -1, 1, 1, 1, -1, 1, 1, 1, 1, -1, 1, -1, 1, 1, -1, 1, -1, 1, 1, -1, -1, 1, 1, 1, -1, -1, 1, 1, 1, -1, -1, -1, 1, 1, -1, -1, 1, 1, 1, 1, -1, 1, 1, 1, -1, 1, 1, 1, 1, -1, -1, 1, 1, 1, 1, -1, 1, 1, -1, 1, -1, 1
BQP_DATA, 598, 2573, -1265.000000, -1479.000000, -3518.000000, -3732.000000, 128.000634, 1619, 799
