Set parameter TSPort to value 51199
Set parameter TokenServer to value "open-license1.lanl.gov"
Set parameter TimeLimit to value 128
Set parameter Threads to value 1
Gurobi Optimizer version 10.0.3 build v10.0.3rc0 (linux64)

CPU model: Intel(R) Xeon(R) CPU E5-2695 v4 @ 2.10GHz, instruction set [SSE2|AVX|AVX2]
Thread count: 36 physical cores, 72 logical processors, using up to 1 threads

Optimize a model with 0 rows, 598 columns and 0 nonzeros
Model fingerprint: 0x55fcaf3a
Model has 2530 quadratic objective terms
Variable types: 0 continuous, 598 integer (598 binary)
Coefficient statistics:
  Matrix range     [0e+00, 0e+00]
  Objective range  [2e+00, 3e+01]
  QObjective range [8e+00, 8e+00]
  Bounds range     [1e+00, 1e+00]
  RHS range        [0e+00, 0e+00]
Found heuristic solution: objective 0.0000000
Found heuristic solution: objective -1046.000000
Found heuristic solution: objective -3550.000000
Found heuristic solution: objective -3588.000000
Presolve removed 0 rows and 1 columns
Presolve time: 0.24s
Presolved: 2529 rows, 3126 columns, 7587 nonzeros
Variable types: 0 continuous, 3126 integer (3126 binary)

Root relaxation: objective -4.813000e+03, 730 iterations, 0.01 seconds (0.01 work units)

    Nodes    |    Current Node    |     Objective Bounds      |     Work
 Expl Unexpl |  Obj  Depth IntInf | Incumbent    BestBd   Gap | It/Node Time

     0     0 -4813.0000    0  597 -3588.0000 -4813.0000  34.1%     -    0s
     0     0 -4391.0000    0  822 -3588.0000 -4391.0000  22.4%     -    0s
     0     0 -4388.6667    0  830 -3588.0000 -4388.6667  22.3%     -    0s
     0     0 -4280.5833    0  941 -3588.0000 -4280.5833  19.3%     -    0s
     0     0 -4280.5833    0  922 -3588.0000 -4280.5833  19.3%     -    1s
     0     2 -4280.5417    0  915 -3588.0000 -4280.5417  19.3%     -    1s
   513   484 -4157.6667   15  597 -3588.0000 -4257.3333  18.7%  81.7    5s
   530   496 -3650.5000  107 1814 -3588.0000 -3951.5263  10.1%  79.1   10s
   539   502 -3665.5000  100 2087 -3588.0000 -3897.9698  8.64%  77.8   15s
   546   506 -3858.9740   39 2347 -3588.0000 -3858.9740  7.55%  76.8   21s
   553   511 -3818.5000   65 2579 -3588.0000 -3832.2535  6.81%  75.8   28s
   557   514 -3637.3333  111 2613 -3588.0000 -3828.4293  6.70%  75.3   30s
   560   516 -3612.0000  120 2632 -3588.0000 -3813.2428  6.28%  74.9   35s
   567   520 -3804.9031   42 2672 -3588.0000 -3804.9031  6.05%  73.9   40s
   576   526 -3797.1448   20 2682 -3588.0000 -3797.1448  5.83%  72.8   45s
   585   532 -3792.7217   49 2739 -3588.0000 -3792.7217  5.71%  71.7   50s
   593   538 -3635.5000  111 2743 -3588.0000 -3787.7880  5.57%  70.7   55s
   606   546 -3783.8910    9 2764 -3588.0000 -3783.8910  5.46%  69.2   60s
   620   556 -3778.4444   19 2782 -3588.0000 -3778.4444  5.31%  67.6   65s
   631   563 -3704.5000   92 2757 -3588.0000 -3773.7372  5.18%  66.4   70s
   646   573 -3769.5505   39 2782 -3588.0000 -3769.5505  5.06%  64.9   75s
   662   584 -3765.7521   22 2801 -3588.0000 -3765.7521  4.95%  63.3   80s
   680   596 -3762.7941   46 2804 -3588.0000 -3762.7941  4.87%  61.6   85s
   698   609 -3762.2728   45 2544 -3588.0000 -3762.2728  4.86%   324   94s
   699   609 -3762.2728   40 2715 -3588.0000 -3762.2728  4.86%   323   99s
   700   610 -3634.5000  112 2766 -3588.0000 -3762.2728  4.86%   323  101s
   707   615 -3762.2728    5 2840 -3588.0000 -3762.2728  4.86%   320  105s
   717   621 -3759.0516   69 2822 -3588.0000 -3759.0516  4.77%   315  110s
   729   629 -3756.2499   59 2843 -3588.0000 -3756.2499  4.69%   310  115s
   738   635 -3753.3848   37 2839 -3588.0000 -3753.3848  4.61%   306  120s
   748   642 -3750.8163   72 2840 -3588.0000 -3750.8163  4.54%   302  125s

Cutting planes:
  Gomory: 23
  MIR: 88
  Flow cover: 1079
  Zero half: 428
  Mod-K: 4
  RLT: 92
  BQP: 143

Explored 754 nodes (315512 simplex iterations) in 128.00 seconds (138.13 work units)
Thread count was 1 (of 72 available processors)

Solution count 4: -3588 -3550 -1046 0 

Time limit reached
Best objective -3.588000000000e+03, best bound -3.750000000000e+03, gap 4.5151%

User-callback calls 7884, time in user-callback 0.04 sec

BQP_SOLUTION, 598, 2530, -1305.000000, 128.000535, 1, 1, 1, 1, -1, -1, -1, 1, 1, -1, 1, -1, -1, 1, -1, 1, -1, -1, -1, -1, -1, -1, 1, -1, -1, 1, -1, -1, 1, -1, 1, 1, -1, 1, -1, 1, -1, -1, -1, 1, 1, 1, -1, -1, 1, 1, -1, -1, -1, -1, 1, -1, -1, 1, -1, 1, 1, -1, -1, -1, 1, -1, -1, -1, -1, 1, -1, -1, -1, -1, -1, 1, -1, 1, 1, 1, -1, 1, -1, -1, 1, 1, -1, -1, 1, 1, 1, -1, -1, 1, 1, 1, -1, -1, 1, 1, 1, -1, -1, 1, 1, -1, 1, -1, 1, 1, 1, -1, -1, 1, -1, 1, -1, -1, 1, 1, 1, -1, 1, 1, 1, 1, -1, 1, 1, 1, 1, -1, -1, 1, 1, 1, 1, -1, 1, -1, 1, -1, 1, -1, 1, 1, -1, 1, 1, 1, 1, -1, -1, 1, -1, 1, -1, 1, 1, -1, 1, -1, 1, -1, -1, -1, -1, 1, -1, -1, 1, -1, 1, 1, -1, -1, -1, -1, -1, -1, 1, -1, 1, -1, 1, 1, -1, -1, -1, -1, -1, -1, 1, -1, -1, 1, -1, 1, -1, 1, -1, -1, 1, -1, -1, -1, -1, -1, -1, -1, 1, -1, 1, 1, 1, -1, -1, -1, -1, -1, -1, -1, 1, 1, 1, -1, -1, 1, -1, 1, -1, -1, -1, -1, -1, 1, -1, -1, 1, 1, 1, -1, -1, 1, 1, 1, -1, -1, 1, 1, -1, -1, 1, 1, 1, -1, -1, -1, 1, 1, -1, -1, -1, 1, 1, -1, -1, -1, 1, -1, 1, -1, -1, 1, 1, 1, -1, -1, -1, 1, 1, -1, -1, -1, 1, 1, -1, -1, 1, 1, 1, -1, 1, 1, 1, 1, -1, -1, -1, 1, 1, -1, -1, -1, -1, 1, 1, -1, -1, -1, 1, -1, 1, -1, -1, 1, -1, 1, -1, -1, 1, 1, 1, -1, -1, 1, 1, -1, -1, 1, 1, 1, -1, -1, -1, 1, -1, -1, 1, -1, 1, -1, -1, -1, 1, 1, -1, 1, -1, -1, 1, -1, -1, -1, 1, 1, -1, 1, -1, 1, 1, -1, -1, -1, 1, -1, -1, 1, -1, 1, -1, 1, 1, -1, 1, -1, -1, 1, -1, 1, -1, -1, 1, -1, 1, 1, 1, 1, -1, 1, -1, -1, 1, -1, -1, 1, 1, 1, 1, -1, -1, -1, 1, 1, -1, 1, -1, 1, 1, -1, 1, -1, 1, 1, -1, 1, -1, 1, -1, 1, 1, -1, 1, 1, -1, 1, -1, 1, -1, 1, 1, -1, 1, 1, 1, 1, -1, 1, 1, -1, 1, -1, 1, 1, -1, 1, 1, 1, 1, 1, 1, -1, 1, 1, 1, -1, 1, 1, 1, 1, 1, 1, -1, 1, -1, 1, 1, 1, 1, 1, 1, -1, 1, 1, 1, 1, 1, -1, 1, 1, 1, 1, 1, 1, 1, 1, 1, 1, -1, 1, 1, 1, 1, -1, 1, 1, 1, 1, 1, 1, 1, 1, 1, 1, -1, 1, 1, -1, 1, 1, 1, 1, 1, 1, -1, 1, 1, 1, -1, 1, 1, 1, 1, 1, -1, 1, 1, -1, 1, -1, 1, 1, 1, -1, 1, 1, 1, -1, 1, 1, 1, 1, -1, -1, 1, -1, 1, 1, -1, -1, 1, 1, 1, -1, -1, 1, 1, 1, -1, 1, -1, 1, 1, 1, 1, -1, 1, 1, -1, -1, 1, 1, 1, -1, 1, 1, 1, 1, -1, 1, -1, 1, 1, -1, -1, 1, 1, 1, 1, -1, -1, 1, 1, -1, 1, 1, -1, 1, 1, -1, -1, 1
BQP_DATA, 598, 2530, -1305.000000, -1467.000000, -3588.000000, -3750.000000, 128.000535, 1622, 754
