Set parameter TSPort to value 51199
Set parameter TokenServer to value "open-license1.lanl.gov"
Set parameter TimeLimit to value 2
Set parameter Threads to value 1
Gurobi Optimizer version 10.0.3 build v10.0.3rc0 (linux64)

CPU model: Intel(R) Xeon(R) CPU E5-2695 v4 @ 2.10GHz, instruction set [SSE2|AVX|AVX2]
Thread count: 36 physical cores, 72 logical processors, using up to 1 threads

Optimize a model with 0 rows, 96 columns and 0 nonzeros
Model fingerprint: 0x55833b03
Model has 331 quadratic objective terms
Variable types: 0 continuous, 96 integer (96 binary)
Coefficient statistics:
  Matrix range     [0e+00, 0e+00]
  Objective range  [2e+00, 2e+01]
  QObjective range [8e+00, 8e+00]
  Bounds range     [1e+00, 1e+00]
  RHS range        [0e+00, 0e+00]
Found heuristic solution: objective 0.0000000
Found heuristic solution: objective -166.0000000
Found heuristic solution: objective -524.0000000
Presolve time: 0.15s
Presolved: 331 rows, 427 columns, 993 nonzeros
Variable types: 0 continuous, 427 integer (427 binary)

Root relaxation: objective -6.690000e+02, 105 iterations, 0.00 seconds (0.00 work units)

    Nodes    |    Current Node    |     Objective Bounds      |     Work
 Expl Unexpl |  Obj  Depth IntInf | Incumbent    BestBd   Gap | It/Node Time

     0     0 -669.00000    0   96 -524.00000 -669.00000  27.7%     -    0s
     0     0 -596.00000    0  144 -524.00000 -596.00000  13.7%     -    0s
     0     0 -595.00000    0  142 -524.00000 -595.00000  13.5%     -    0s
     0     0 -580.75000    0  168 -524.00000 -580.75000  10.8%     -    0s
     0     0 -580.75000    0  152 -524.00000 -580.75000  10.8%     -    0s
     0     2 -580.00000    0  152 -524.00000 -580.00000  10.7%     -    0s

Cutting planes:
  Gomory: 3
  MIR: 21
  Zero half: 68
  RLT: 10
  BQP: 16

Explored 1002 nodes (52107 simplex iterations) in 2.00 seconds (0.86 work units)
Thread count was 1 (of 72 available processors)

Solution count 3: -524 -166 0 

Time limit reached
Best objective -5.240000000000e+02, best bound -5.520000000000e+02, gap 5.3435%

User-callback calls 2993, time in user-callback 0.02 sec

BQP_SOLUTION, 96, 331, -186.000000, 2.000505, 1, -1, 1, 1, 1, 1, 1, -1, 1, 1, 1, -1, 1, -1, 1, 1, 1, 1, 1, 1, 1, 1, 1, 1, 1, -1, 1, -1, 1, -1, 1, 1, 1, 1, -1, 1, -1, 1, -1, 1, -1, 1, 1, 1, -1, 1, -1, 1, -1, 1, -1, 1, -1, -1, -1, 1, -1, 1, -1, 1, -1, -1, -1, -1, -1, 1, -1, -1, -1, -1, -1, -1, -1, 1, -1, -1, 1, -1, -1, -1, 1, -1, -1, -1, 1, 1, 1, -1, -1, 1, 1, 1, 1, 1, -1, 1
BQP_DATA, 96, 331, -186.000000, -214.000000, -524.000000, -552.000000, 2.000505, 92, 1002
