Set parameter TSPort to value 51199
Set parameter TokenServer to value "open-license1.lanl.gov"
Set parameter TimeLimit to value 1024
Set parameter Threads to value 1
Gurobi Optimizer version 10.0.3 build v10.0.3rc0 (linux64)

CPU model: Intel(R) Xeon(R) CPU E5-2695 v4 @ 2.10GHz, instruction set [SSE2|AVX|AVX2]
Thread count: 36 physical cores, 72 logical processors, using up to 1 threads

Optimize a model with 0 rows, 383 columns and 0 nonzeros
Model fingerprint: 0xce3521af
Model has 1590 quadratic objective terms
Variable types: 0 continuous, 383 integer (383 binary)
Coefficient statistics:
  Matrix range     [0e+00, 0e+00]
  Objective range  [2e+00, 3e+01]
  QObjective range [8e+00, 8e+00]
  Bounds range     [1e+00, 1e+00]
  RHS range        [0e+00, 0e+00]
Found heuristic solution: objective 0.0000000
Found heuristic solution: objective -652.0000000
Found heuristic solution: objective -2224.000000
Found heuristic solution: objective -2248.000000
Presolve time: 0.24s
Presolved: 1590 rows, 1973 columns, 4770 nonzeros
Variable types: 0 continuous, 1973 integer (1973 binary)

Root relaxation: objective -2.998000e+03, 457 iterations, 0.01 seconds (0.00 work units)

    Nodes    |    Current Node    |     Objective Bounds      |     Work
 Expl Unexpl |  Obj  Depth IntInf | Incumbent    BestBd   Gap | It/Node Time

     0     0 -2998.0000    0  383 -2248.0000 -2998.0000  33.4%     -    0s
     0     0 -2720.5000    0  540 -2248.0000 -2720.5000  21.0%     -    0s
     0     0 -2715.0000    0  538 -2248.0000 -2715.0000  20.8%     -    0s
     0     0 -2659.8182    0  600 -2248.0000 -2659.8182  18.3%     -    0s
     0     0 -2659.8182    0  596 -2248.0000 -2659.8182  18.3%     -    0s
     0     2 -2658.8182    0  586 -2248.0000 -2658.8182  18.3%     -    0s
   520   467 -2471.5000   25  924 -2248.0000 -2496.2790  11.0%  86.3    5s
   544   483 -2329.7500   50 1547 -2248.0000 -2399.3702  6.73%  82.5   10s
   560   494 -2375.0063   23 1671 -2248.0000 -2375.0063  5.65%  80.2   15s
   579   506 -2263.8333   74 1713 -2248.0000 -2362.0443  5.07%  77.6   20s
   611   528 -2353.5127   28 1713 -2248.0000 -2353.5127  4.69%  73.5   25s
   656   558 -2348.3693   17 1763 -2248.0000 -2348.3693  4.46%  68.4   30s
   707   593 -2345.9961    9 1249 -2248.0000 -2345.9961  4.36%   191   35s
   715   598 -2345.9692   27 1760 -2248.0000 -2345.9692  4.36%   189   40s
   744   618 -2329.7500   50 1771 -2248.0000 -2341.8424  4.17%   182   45s
   758   629 -2338.7317   23 1709 -2248.0000 -2338.7317  4.04%   231   50s
   769   636 -2327.6677   29 1548 -2248.0000 -2338.6138  4.03%   252   55s
   786   648 -2314.9491   37 1408 -2248.0000 -2338.6138  4.03%   275   60s
   809   663 -2296.2470   49 1286 -2248.0000 -2338.6138  4.03%   295   65s
*  835   633              62    -2284.000000 -2338.6138  2.39%   303   67s
   844   629 -2330.4557   26 1635 -2284.0000 -2338.6138  2.39%   309   70s
   856   637 -2318.0182   32 1535 -2284.0000 -2338.6138  2.39%   326   75s
   876   651 -2299.3195   42 1398 -2284.0000 -2338.6138  2.39%   344   80s
   902   656 -2328.4194   26 1646 -2284.0000 -2335.6964  2.26%   359   85s
   917   666 -2314.5464   34 1506 -2284.0000 -2335.6964  2.26%   374   90s
   939   681 -2297.1231   45 1361 -2284.0000 -2335.6964  2.26%   390   95s
   966   687 -2327.2702   27 1606 -2284.0000 -2335.6926  2.26%   400  100s
   983   698 -2314.1364   35 1500 -2284.0000 -2335.6926  2.26%   416  105s
  1003   711 -2302.0236   40 1455 -2284.0000 -2335.6926  2.26%   430  110s
  1035   723 -2328.8101   26 1643 -2284.0000 -2334.0056  2.19%   438  115s
  1049   732 -2316.2146   31 1546 -2284.0000 -2334.0056  2.19%   452  120s
  1066   743 -2303.8293   36 1491 -2284.0000 -2334.0056  2.19%   465  125s
  1091   760 -2292.1196   43 1414 -2284.0000 -2334.0056  2.19%   476  130s
  1114   765 -2322.8723   28 1584 -2284.0000 -2332.5533  2.13%   484  135s
  1134   779 -2306.5925   36 1499 -2284.0000 -2332.5533  2.13%   496  140s
  1175   798 -2329.7150   26 1655 -2284.0000 -2332.5515  2.13%   500  145s
  1193   810 -2291.0981   44 1371 -2284.0000 -2332.5515  2.13%   508  150s
H 1228   751                    -2286.000000 -2332.5515  2.04%   506  153s
  1235   748 -2325.6312   26 1679 -2286.0000 -2331.6527  2.00%   510  155s
  1260   757 -2290.1605   44 1384 -2286.0000 -2331.6527  2.00%   515  160s
  1284   763     cutoff   44      -2286.0000 -2331.6504  2.00%   522  165s
  1308   771 -2295.8480   42 1415 -2286.0000 -2331.2383  1.98%   528  170s
  1330   773 -2318.0311   32 1539 -2286.0000 -2331.2379  1.98%   536  175s
  1350   787 -2299.8477   40 1438 -2286.0000 -2331.2379  1.98%   543  180s
  1382   800 -2327.1682   27 1645 -2286.0000 -2331.2260  1.98%   548  185s
  1406   810 -2288.2730   46 1358 -2286.0000 -2331.2260  1.98%   554  190s
  1422   817 -2314.7132   30 1573 -2286.0000 -2331.0005  1.97%   562  195s
  1441   829 -2292.4882   38 1449 -2286.0000 -2331.0005  1.97%   569  200s
  1466   834 -2303.6693   39 1427 -2286.0000 -2330.9998  1.97%   573  205s
  1495   845 -2298.4593   41 1395 -2286.0000 -2330.6968  1.96%   578  210s
  1520   848 -2307.8579   36 1468 -2286.0000 -2330.6877  1.95%   581  215s
  1542   853 -2314.3269   31 1577 -2286.0000 -2329.9290  1.92%   586  220s
  1570   859 -2314.7483   33 1514 -2286.0000 -2329.7100  1.91%   589  225s
  1597   863 -2319.1697   29 1554 -2286.0000 -2329.4020  1.90%   592  230s
  1615   875 -2296.4863   38 1430 -2286.0000 -2329.4020  1.90%   600  235s
  1640   879 -2318.9691   32 1526 -2286.0000 -2329.3943  1.90%   604  240s
  1667   887 -2314.1766   34 1476 -2286.0000 -2329.0671  1.88%   607  245s
  1693   894 -2321.8013   29 1604 -2286.0000 -2328.8598  1.87%   610  250s
  1710   906 -2309.8098   33 1546 -2286.0000 -2328.8598  1.87%   616  255s
  1732   920 -2300.8554   40 1450 -2286.0000 -2328.8598  1.87%   621  260s
  1759   936     cutoff   47      -2286.0000 -2328.8598  1.87%   625  265s
  1784   945 -2291.2083   45 1394 -2286.0000 -2328.8557  1.87%   628  270s
  1815   951 -2291.4666   46 1365 -2286.0000 -2328.8100  1.87%   629  275s
  1839   955 -2291.3100   41 1434 -2286.0000 -2328.4194  1.86%   632  280s
  1862   956 -2312.5019   32 1537 -2286.0000 -2328.4151  1.86%   635  285s
  1884   969     cutoff   40      -2286.0000 -2328.4151  1.86%   639  290s
  1908   973 -2293.6268   42 1433 -2286.0000 -2328.0142  1.84%   642  295s
  1930   977 -2294.1977   40 1406 -2286.0000 -2328.0105  1.84%   646  300s
  1957   983 -2294.3219   43 1391 -2286.0000 -2327.8927  1.83%   648  305s
  1987   985 -2301.3174   40 1429 -2286.0000 -2327.6236  1.82%   648  310s
  2038   969 -2323.6095   28 1611 -2286.0000 -2327.4790  1.81%   644  315s
  2064   975 -2322.6316   30 1570 -2286.0000 -2327.4532  1.81%   645  320s
H 2079   916                    -2288.000000 -2327.4532  1.72%   647  323s
  2094   910 -2323.6243   27 1659 -2288.0000 -2327.4489  1.72%   647  325s
  2110   920 -2307.1963   34 1533 -2288.0000 -2327.4489  1.72%   651  330s
  2131   934 -2295.8729   41 1437 -2288.0000 -2327.4489  1.72%   654  335s
  2154   942 -2299.8254   38 1475 -2288.0000 -2327.2678  1.72%   658  340s
  2175   948 -2299.6601   38 1414 -2288.0000 -2327.2672  1.72%   660  345s
  2199   954 -2296.8376   40 1408 -2288.0000 -2327.1523  1.71%   662  350s
  2224   958 infeasible   43      -2288.0000 -2326.9007  1.70%   664  355s
  2244   966 -2308.3472   36 1481 -2288.0000 -2326.7428  1.69%   667  360s
  2271   972 -2321.0205   28 1620 -2288.0000 -2326.5682  1.69%   670  365s
  2288   983 -2300.5024   36 1492 -2288.0000 -2326.5682  1.69%   673  370s
  2312   987 -2310.5528   35 1514 -2288.0000 -2326.5663  1.69%   675  375s
  2341   994 -2302.6063   39 1450 -2288.0000 -2326.2798  1.67%   676  380s
  2365  1003 -2295.1263   40 1417 -2288.0000 -2326.2571  1.67%   678  385s
  2394  1012     cutoff   43      -2288.0000 -2326.2506  1.67%   678  390s
  2414  1028 -2306.1352   37 1445 -2288.0000 -2326.1486  1.67%   681  395s
  2439  1053 -2292.6833   44 1367 -2288.0000 -2326.1486  1.67%   683  400s
  2466  1072 -2290.6152   45 1402 -2288.0000 -2325.6861  1.65%   685  405s
  2499  1085 -2319.7556   27 1656 -2288.0000 -2325.5550  1.64%   684  410s
  2521  1097 -2321.0500   28 1632 -2288.0000 -2325.4024  1.63%   686  415s
  2547  1113 -2313.6009   32 1524 -2288.0000 -2325.3752  1.63%   687  420s
  2574  1132 -2303.3946   40 1435 -2288.0000 -2325.0847  1.62%   688  425s
  2605  1150     cutoff   42      -2288.0000 -2324.9786  1.62%   688  430s
  2629  1164 -2304.1366   35 1486 -2288.0000 -2324.9057  1.61%   690  435s
  2655  1176 -2302.7365   38 1466 -2288.0000 -2324.9048  1.61%   691  440s
  2696  1179 -2318.3353   30 1571 -2288.0000 -2324.9027  1.61%   688  445s
  2726  1197 -2313.8304   33 1530 -2288.0000 -2324.8909  1.61%   688  450s
  2744  1215 -2302.8287   38 1444 -2288.0000 -2324.8909  1.61%   691  455s
  2779  1238 -2319.2392   29 1621 -2288.0000 -2324.8308  1.61%   691  460s
  2803  1248 -2319.5038   31 1541 -2288.0000 -2324.7585  1.61%   692  465s
  2822  1267 -2300.4210   40 1430 -2288.0000 -2324.7585  1.61%   694  470s
  2849  1284 -2298.9042   40 1424 -2288.0000 -2324.4647  1.59%   695  475s
  2882  1295 -2317.3129   31 1561 -2288.0000 -2324.4007  1.59%   696  480s
  2902  1303 -2314.9543   31 1542 -2288.0000 -2324.3658  1.59%   697  485s
  2927  1320 -2303.8820   38 1436 -2288.0000 -2324.2959  1.59%   698  490s
  2956  1337 -2293.2753   42 1381 -2288.0000 -2324.2420  1.58%   698  495s
  2988  1349 -2318.7640   30 1590 -2288.0000 -2324.1458  1.58%   698  500s
  3003  1364 -2300.5986   38 1441 -2288.0000 -2324.1458  1.58%   700  505s
  3025  1374 -2317.1369   29 1621 -2288.0000 -2324.1159  1.58%   700  510s
  3043  1392 -2302.6379   38 1451 -2288.0000 -2324.1159  1.58%   702  515s
  3071  1408 -2318.7811   31 1538 -2288.0000 -2323.9828  1.57%   702  520s
  3097  1420 -2313.7901   32 1533 -2288.0000 -2323.9415  1.57%   703  525s
  3122  1433 -2309.7034   34 1520 -2288.0000 -2323.9401  1.57%   703  530s
  3146  1447 -2300.0037   36 1441 -2288.0000 -2323.8313  1.57%   705  535s
  3172  1457 -2290.4173   40 1454 -2288.0000 -2323.8044  1.56%   705  540s
  3200  1469 -2320.1476   28 1620 -2288.0000 -2323.7300  1.56%   706  545s
  3223  1484 -2316.5760   30 1558 -2288.0000 -2323.7058  1.56%   707  550s
  3251  1500 -2305.0783   37 1466 -2288.0000 -2323.6656  1.56%   707  555s
  3273  1514 -2306.7659   34 1526 -2288.0000 -2323.6201  1.56%   709  560s
  3309  1528 -2292.1961   42 1431 -2288.0000 -2323.6201  1.56%   708  565s
  3345  1528 -2314.1982   31 1559 -2288.0000 -2323.6070  1.56%   706  570s
  3361  1544 -2306.5004   34 1526 -2288.0000 -2323.6070  1.56%   709  575s
  3380  1563 -2295.5661   40 1418 -2288.0000 -2323.6070  1.56%   711  580s
  3408  1575 -2315.4482   31 1523 -2288.0000 -2323.5502  1.55%   711  585s
  3431  1590 -2295.6674   40 1427 -2288.0000 -2323.5502  1.55%   712  590s
  3459  1602 -2297.0830   40 1448 -2288.0000 -2323.5468  1.55%   713  595s
  3492  1615 -2318.5362   29 1651 -2288.0000 -2323.4219  1.55%   713  600s
  3521  1626 -2319.6633   29 1600 -2288.0000 -2323.3561  1.55%   713  605s
  3543  1640 -2315.6741   32 1535 -2288.0000 -2323.3263  1.54%   714  610s
  3568  1655 -2303.6045   36 1467 -2288.0000 -2323.2866  1.54%   714  615s
  3595  1670 -2297.1337   40 1457 -2288.0000 -2323.2113  1.54%   715  620s
  3624  1682 -2291.5798   41 1396 -2288.0000 -2323.1521  1.54%   715  625s
  3653  1691 -2316.7365   29 1590 -2288.0000 -2323.0289  1.53%   715  630s
  3670  1708 -2307.2267   34 1524 -2288.0000 -2323.0289  1.53%   717  635s
  3695  1723 -2319.1126   28 1615 -2288.0000 -2322.9470  1.53%   718  640s
  3718  1734 -2318.3021   30 1611 -2288.0000 -2322.9390  1.53%   719  645s
  3741  1745 -2316.1589   30 1576 -2288.0000 -2322.9285  1.53%   720  650s
  3762  1756 -2308.4603   34 1504 -2288.0000 -2322.8706  1.52%   721  655s
  3786  1766 -2307.0259   34 1512 -2288.0000 -2322.8706  1.52%   722  660s
  3811  1781 -2295.7958   40 1440 -2288.0000 -2322.8365  1.52%   723  665s
  3833  1795 -2301.3021   38 1454 -2288.0000 -2322.8215  1.52%   724  670s
  3857  1811 -2302.2268   39 1457 -2288.0000 -2322.8210  1.52%   725  675s
  3888  1825 -2317.4799   30 1581 -2288.0000 -2322.7930  1.52%   725  680s
  3912  1833 -2316.0534   31 1573 -2288.0000 -2322.7594  1.52%   725  685s
  3930  1851 -2309.0891   34 1527 -2288.0000 -2322.7594  1.52%   727  690s
  3955  1876 -2300.0875   39 1434 -2288.0000 -2322.7594  1.52%   728  695s
  3982  1903 -2293.1100   43 1359 -2288.0000 -2322.7594  1.52%   728  700s
  4003  1922     cutoff   45      -2288.0000 -2322.7594  1.52%   730  705s
  4038  1911 -2302.3846   38 1423 -2288.0000 -2322.7448  1.52%   729  710s
  4066  1929 -2290.3874   45 1360 -2288.0000 -2322.6838  1.52%   728  715s
  4097  1938 -2318.9765   31 1561 -2288.0000 -2322.5114  1.51%   728  720s
  4120  1947 -2315.9904   31 1571 -2288.0000 -2322.5100  1.51%   729  725s
  4141  1968 -2293.8308   39 1454 -2288.0000 -2322.5100  1.51%   731  730s
  4171  1980     cutoff   43      -2288.0000 -2322.2546  1.50%   730  735s
  4198  1995 -2315.0225   32 1537 -2288.0000 -2322.2106  1.50%   731  740s
  4225  2010 -2303.9010   37 1454 -2288.0000 -2322.2093  1.50%   731  745s
  4254  2023 -2295.9097   41 1401 -2288.0000 -2322.1911  1.49%   731  750s
  4279  2036 -2308.6095   34 1544 -2288.0000 -2322.0826  1.49%   731  755s
  4304  2061 -2291.4320   44 1404 -2288.0000 -2322.0826  1.49%   732  760s
  4331  2070 -2315.2304   31 1568 -2288.0000 -2322.0703  1.49%   732  765s
  4354  2085 -2309.1088   33 1534 -2288.0000 -2321.9621  1.48%   732  770s
  4378  2097 -2310.5301   32 1509 -2288.0000 -2321.9340  1.48%   733  775s
  4403  2114 -2317.7356   29 1631 -2288.0000 -2321.8868  1.48%   734  780s
  4426  2127 -2313.3993   33 1505 -2288.0000 -2321.8791  1.48%   734  785s
  4454  2143 -2304.6290   34 1513 -2288.0000 -2321.8674  1.48%   735  790s
  4474  2163 -2291.8338   39 1464 -2288.0000 -2321.8674  1.48%   736  795s
  4501  2176 -2297.0403   40 1447 -2288.0000 -2321.8401  1.48%   736  800s
  4530  2191     cutoff   48      -2288.0000 -2321.7882  1.48%   736  805s
  4562  2207 -2312.3584   34 1533 -2288.0000 -2321.7818  1.48%   736  810s
  4583  2228 -2299.1257   42 1390 -2288.0000 -2321.7818  1.48%   737  815s
  4613  2250 -2293.5647   44 1379 -2288.0000 -2321.7706  1.48%   737  820s
  4649  2258 -2293.7030   40 1444 -2288.0000 -2321.6800  1.47%   736  825s
  4680  2269 -2319.1086   30 1587 -2288.0000 -2321.6281  1.47%   735  830s
  4704  2279 -2317.5609   31 1582 -2288.0000 -2321.6278  1.47%   736  835s
  4730  2289 -2312.3240   33 1535 -2288.0000 -2321.5951  1.47%   736  840s
  4758  2307 -2300.5103   40 1404 -2288.0000 -2321.5904  1.47%   736  845s
  4791  2319 -2316.9055   30 1591 -2288.0000 -2321.5622  1.47%   736  850s
  4809  2337 -2301.1221   36 1507 -2288.0000 -2321.5622  1.47%   737  855s
  4841  2349 -2314.0036   29 1602 -2288.0000 -2321.5593  1.47%   737  861s
  4861  2357 -2317.5488   29 1608 -2288.0000 -2321.5097  1.46%   737  865s
  4881  2377 -2304.1792   35 1485 -2288.0000 -2321.5097  1.46%   739  870s
  4902  2398 -2291.5673   42 1403 -2288.0000 -2321.5097  1.46%   740  875s
  4934  2406 -2318.1459   30 1593 -2288.0000 -2321.4892  1.46%   739  880s
  4959  2423 -2306.2734   36 1453 -2288.0000 -2321.4673  1.46%   740  885s
  4986  2440 -2293.6944   43 1380 -2288.0000 -2321.4612  1.46%   740  890s
  5013  2451 -2316.4664   32 1570 -2288.0000 -2321.4039  1.46%   740  895s
  5038  2462 -2311.8514   31 1579 -2288.0000 -2321.3819  1.46%   740  900s
  5064  2476 -2295.2600   40 1389 -2288.0000 -2321.3431  1.46%   740  905s
  5092  2485 -2315.0490   32 1581 -2288.0000 -2321.2812  1.45%   741  910s
  5115  2496 -2314.8906   31 1576 -2288.0000 -2321.2791  1.45%   741  915s
  5136  2517 -2302.0606   37 1443 -2288.0000 -2321.2791  1.45%   742  920s
  5159  2540 -2292.6878   41 1405 -2288.0000 -2321.2791  1.45%   743  925s
  5191  2548 -2318.8237   31 1586 -2288.0000 -2321.2412  1.45%   742  930s
  5220  2558     cutoff   45      -2288.0000 -2321.2412  1.45%   742  935s
  5250  2570 -2290.2628   44 1389 -2288.0000 -2321.1939  1.45%   742  940s
  5278  2578 -2312.0297   31 1576 -2288.0000 -2321.1879  1.45%   742  945s
  5303  2591 -2308.6589   36 1487 -2288.0000 -2321.1859  1.45%   742  950s
  5329  2609 -2290.7485   43 1408 -2288.0000 -2321.1836  1.45%   743  955s
  5359  2617 -2291.7735   42 1436 -2288.0000 -2321.1609  1.45%   743  960s
  5379  2631 -2300.9187   39 1431 -2288.0000 -2321.0592  1.44%   744  965s
  5407  2643 -2296.6815   38 1423 -2288.0000 -2321.0459  1.44%   744  970s
  5431  2655 -2307.3978   34 1530 -2288.0000 -2321.0385  1.44%   744  975s
  5451  2675 -2296.9720   40 1424 -2288.0000 -2321.0385  1.44%   745  980s
  5476  2692 -2307.0523   35 1497 -2288.0000 -2321.0194  1.44%   745  985s
  5502  2700 -2311.9081   32 1540 -2288.0000 -2321.0183  1.44%   745  990s
  5520  2718 -2294.1650   38 1431 -2288.0000 -2321.0183  1.44%   747  995s
  5546  2732 -2291.3292   42 1408 -2288.0000 -2320.9652  1.44%   747 1000s
  5575  2745 -2307.1353   35 1499 -2288.0000 -2320.9388  1.44%   747 1005s
  5604  2764 -2294.3057   43 1404 -2288.0000 -2320.8548  1.44%   747 1010s
  5632  2772 -2317.3964   32 1575 -2288.0000 -2320.8049  1.43%   747 1015s
  5662  2790 -2303.3925   38 1464 -2288.0000 -2320.7800  1.43%   746 1020s

Cutting planes:
  Gomory: 12
  MIR: 62
  Flow cover: 779
  Zero half: 363
  RLT: 73
  BQP: 112

Explored 5686 nodes (4245244 simplex iterations) in 1024.00 seconds (1109.36 work units)
Thread count was 1 (of 72 available processors)

Solution count 7: -2288 -2286 -2284 ... 0

Time limit reached
Best objective -2.288000000000e+03, best bound -2.320000000000e+03, gap 1.3986%

User-callback calls 56583, time in user-callback 0.28 sec

BQP_SOLUTION, 383, 1590, -880.000000, 1024.000421, -1, 1, -1, 1, -1, -1, 1, -1, -1, -1, -1, -1, -1, 1, 1, -1, -1, 1, -1, -1, -1, -1, 1, -1, -1, -1, -1, -1, -1, 1, -1, 1, 1, -1, -1, -1, -1, -1, 1, -1, -1, -1, -1, -1, -1, 1, -1, -1, -1, -1, 1, -1, -1, 1, -1, -1, 1, -1, -1, -1, 1, -1, 1, 1, 1, -1, -1, -1, -1, -1, -1, -1, -1, -1, -1, -1, 1, -1, -1, -1, 1, -1, -1, -1, -1, -1, -1, -1, 1, -1, 1, 1, -1, -1, 1, -1, 1, 1, -1, -1, -1, -1, -1, 1, -1, -1, 1, 1, -1, -1, -1, -1, -1, -1, 1, -1, -1, -1, 1, -1, -1, -1, 1, -1, -1, 1, 1, -1, -1, -1, 1, -1, -1, 1, -1, -1, 1, -1, 1, 1, -1, 1, -1, 1, -1, 1, -1, -1, 1, 1, -1, 1, -1, 1, 1, 1, -1, -1, 1, -1, -1, -1, 1, 1, -1, -1, 1, 1, -1, -1, 1, 1, 1, -1, 1, 1, -1, -1, 1, 1, 1, -1, 1, 1, 1, -1, 1, 1, 1, -1, 1, 1, 1, -1, -1, 1, 1, 1, -1, 1, 1, 1, -1, 1, 1, -1, 1, 1, -1, 1, -1, 1, 1, 1, -1, 1, 1, 1, -1, 1, -1, 1, -1, 1, 1, 1, -1, 1, 1, -1, 1, -1, 1, 1, 1, 1, 1, 1, 1, 1, 1, 1, -1, 1, 1, 1, -1, 1, 1, 1, 1, 1, 1, 1, -1, 1, 1, 1, 1, -1, 1, -1, 1, -1, 1, 1, 1, 1, -1, 1, 1, -1, 1, 1, -1, -1, 1, 1, -1, 1, 1, -1, 1, 1, 1, -1, 1, 1, 1, 1, 1, 1, 1, -1, 1, 1, 1, 1, 1, 1, 1, -1, 1, 1, 1, -1, 1, 1, 1, 1, 1, 1, 1, -1, -1, 1, 1, -1, 1, 1, 1, -1, -1, -1, 1, 1, -1, 1, 1, 1, -1, 1, 1, 1, 1, 1, 1, -1, -1, 1, 1, 1, -1, 1, 1, -1, -1, 1, 1, -1, 1, 1, 1, 1, -1, 1, 1, 1, -1, 1, 1, 1, -1, -1, 1, -1, -1, 1, 1, 1, -1, 1, 1, 1, 1, 1, -1, 1, -1, 1, 1, -1, 1
BQP_DATA, 383, 1590, -880.000000, -912.000000, -2288.000000, -2320.000000, 1024.000421, 1216, 5686
