Set parameter TSPort to value 51199
Set parameter TokenServer to value "open-license1.lanl.gov"
Set parameter TimeLimit to value 1024
Set parameter Threads to value 1
Gurobi Optimizer version 10.0.3 build v10.0.3rc0 (linux64)

CPU model: Intel(R) Xeon(R) CPU E5-2695 v4 @ 2.10GHz, instruction set [SSE2|AVX|AVX2]
Thread count: 36 physical cores, 72 logical processors, using up to 1 threads

Optimize a model with 0 rows, 383 columns and 0 nonzeros
Model fingerprint: 0xfe698159
Model has 1608 quadratic objective terms
Variable types: 0 continuous, 383 integer (383 binary)
Coefficient statistics:
  Matrix range     [0e+00, 0e+00]
  Objective range  [2e+00, 3e+01]
  QObjective range [8e+00, 8e+00]
  Bounds range     [1e+00, 1e+00]
  RHS range        [0e+00, 0e+00]
Found heuristic solution: objective 0.0000000
Found heuristic solution: objective -662.0000000
Found heuristic solution: objective -2204.000000
Found heuristic solution: objective -2226.000000
Presolve time: 0.23s
Presolved: 1608 rows, 1991 columns, 4824 nonzeros
Variable types: 0 continuous, 1991 integer (1991 binary)

Root relaxation: objective -3.015000e+03, 431 iterations, 0.01 seconds (0.00 work units)

    Nodes    |    Current Node    |     Objective Bounds      |     Work
 Expl Unexpl |  Obj  Depth IntInf | Incumbent    BestBd   Gap | It/Node Time

     0     0 -3015.0000    0  383 -2226.0000 -3015.0000  35.4%     -    0s
     0     0 -2705.6667    0  553 -2226.0000 -2705.6667  21.5%     -    0s
     0     0 -2646.5000    0  588 -2226.0000 -2646.5000  18.9%     -    0s
     0     0 -2646.5000    0  585 -2226.0000 -2646.5000  18.9%     -    0s
     0     2 -2646.0625    0  578 -2226.0000 -2646.0625  18.9%     -    0s
   525   468 -2253.0000   73 1115 -2226.0000 -2456.4660  10.4%  79.0    5s
   544   481 -2267.3333   66 1590 -2226.0000 -2395.1359  7.60%  76.3   10s
   562   493 -2370.1598   16 1676 -2226.0000 -2370.1598  6.48%  73.8   15s
   580   505 -2349.6667   41 1703 -2226.0000 -2357.4545  5.91%  71.5   20s
   607   523 -2304.5000   59 1737 -2226.0000 -2348.5578  5.51%  68.4   25s
   653   554 -2341.4238   27 1766 -2226.0000 -2341.4238  5.19%  63.5   30s
   706   590 -2337.0892   16 1267 -2226.0000 -2337.0892  4.99%   188   35s
   715   596 -2279.3333   61 1760 -2226.0000 -2336.8157  4.98%   185   40s
   743   615 -2332.4071   46 1775 -2226.0000 -2332.4071  4.78%   178   45s
   777   637 -2330.3134    4 1800 -2226.0000 -2330.3134  4.69%   171   50s
   821   667 -2325.2500   51 1791 -2226.0000 -2327.9939  4.58%   161   55s
   864   695 -2325.8515    6 1790 -2226.0000 -2325.8515  4.49%   153   61s
   871   702 -2317.7267   32 1688 -2226.0000 -2323.5521  4.38%   229   65s
   883   710 -2304.1548   38 1572 -2226.0000 -2323.5521  4.38%   251   70s
   898   720 -2292.8216   45 1456 -2226.0000 -2323.5521  4.38%   268   75s
   915   731 -2271.1559   54 1358 -2226.0000 -2323.5521  4.38%   284   80s
   960   761 -2242.5879   76 1101 -2226.0000 -2323.5521  4.38%   298   85s
   987   765 -2313.7890   33 1639 -2226.0000 -2323.5483  4.38%   309   90s
  1001   775 -2298.6884   40 1519 -2226.0000 -2323.5483  4.38%   324   95s
  1022   789 -2278.9382   51 1380 -2226.0000 -2323.5483  4.38%   340  100s
  1063   816 -2253.9224   71 1132 -2226.0000 -2323.5483  4.38%   351  105s
H 1080   763                    -2246.000000 -2323.5483  3.45%   350  106s
  1095   767 -2312.0892   34 1623 -2246.0000 -2321.0082  3.34%   358  110s
H 1107   735                    -2248.000000 -2321.0082  3.25%   368  114s
  1110   739 -2291.2079   41 1508 -2248.0000 -2321.0082  3.25%   372  115s
  1132   754 -2277.9652   52 1387 -2248.0000 -2321.0082  3.25%   385  120s
  1176   770 -2318.0484   31 1744 -2248.0000 -2321.0076  3.25%   392  125s
  1188   778 -2301.6334   38 1565 -2248.0000 -2321.0076  3.25%   404  130s
  1204   789 -2289.1122   44 1459 -2248.0000 -2321.0076  3.25%   416  135s
  1223   802 -2280.6613   48 1430 -2248.0000 -2321.0076  3.25%   429  140s
  1261   827 -2252.6830   69 1154 -2248.0000 -2321.0076  3.25%   436  145s
  1282   830 -2306.8377   35 1624 -2248.0000 -2319.7250  3.19%   443  150s
  1295   839 -2293.5440   41 1533 -2248.0000 -2319.7250  3.19%   454  155s
  1316   853 -2275.4104   50 1434 -2248.0000 -2319.7250  3.19%   463  160s
  1358   881 -2251.6795   68 1187 -2248.0000 -2319.7250  3.19%   466  165s
  1379   881 -2300.6429   38 1574 -2248.0000 -2319.7238  3.19%   471  170s
  1396   892 -2288.1774   44 1504 -2248.0000 -2319.7238  3.19%   482  175s
  1414   904 -2278.6629   48 1453 -2248.0000 -2319.7238  3.19%   490  180s
H 1431   864                    -2250.000000 -2319.7238  3.10%   498  184s
  1436   870 -2266.8055   56 1363 -2250.0000 -2319.7238  3.10%   500  185s
  1474   885 -2311.8396   33 1689 -2250.0000 -2318.2103  3.03%   504  190s
  1491   896 -2270.7951   50 1398 -2250.0000 -2318.2103  3.03%   511  195s
  1527   890 -2308.8140   34 1643 -2250.0000 -2318.2076  3.03%   512  200s
  1553   908 -2256.2385   60 1343 -2250.0000 -2318.2076  3.03%   518  205s
  1572   908 -2286.6570   40 1566 -2250.0000 -2318.0460  3.02%   523  210s
  1595   912 -2309.7150   34 1646 -2250.0000 -2317.4461  3.00%   529  215s
  1619   928 -2270.4048   58 1322 -2250.0000 -2317.4461  3.00%   534  220s
  1653   940 -2303.5104   36 1624 -2250.0000 -2317.4356  3.00%   534  225s
  1665   948 -2295.1312   39 1553 -2250.0000 -2317.4356  3.00%   542  230s
  1686   962 -2280.5303   49 1439 -2250.0000 -2317.4356  3.00%   548  235s
  1709   978 -2267.5177   54 1371 -2250.0000 -2317.4356  3.00%   555  240s
  1739   998 -2256.7844   59 1321 -2250.0000 -2317.4356  3.00%   558  245s
  1765  1004 -2295.5354   39 1574 -2250.0000 -2317.2262  2.99%   560  250s
  1792  1012 -2313.1388   32 1704 -2250.0000 -2317.2218  2.99%   564  255s
  1804  1020 -2292.5962   38 1559 -2250.0000 -2317.2218  2.99%   571  260s
  1818  1029 -2277.1887   43 1515 -2250.0000 -2317.2218  2.99%   577  265s
  1840  1044 -2262.3630   50 1426 -2250.0000 -2317.2218  2.99%   582  270s
  1863  1045 -2307.2101   34 1673 -2250.0000 -2317.0593  2.98%   585  275s
  1881  1057 -2260.6301   52 1403 -2250.0000 -2317.0593  2.98%   590  280s
  1903  1062 -2284.0953   45 1498 -2250.0000 -2317.0581  2.98%   594  285s
  1929  1069 -2303.7885   36 1618 -2250.0000 -2315.7813  2.92%   596  290s
  1953  1085 -2259.1719   60 1342 -2250.0000 -2315.7813  2.92%   599  295s
  1978  1094 -2280.3131   47 1440 -2250.0000 -2315.7793  2.92%   602  300s
  2004  1097 -2307.5854   34 1646 -2250.0000 -2315.5114  2.91%   602  306s
  2017  1106 -2275.3619   47 1486 -2250.0000 -2315.5114  2.91%   606  310s
  2042  1111 -2303.4789   36 1629 -2250.0000 -2315.3920  2.91%   609  315s
  2057  1121 -2287.2862   43 1494 -2250.0000 -2315.3920  2.91%   614  320s
  2079  1135 -2268.4373   54 1359 -2250.0000 -2315.3920  2.91%   618  325s
  2116  1150 -2311.2810   33 1718 -2250.0000 -2314.4641  2.87%   619  330s
  2130  1159 -2283.8607   47 1456 -2250.0000 -2314.4641  2.87%   622  335s
  2165  1167 -2300.1107   37 1606 -2250.0000 -2314.4640  2.87%   622  340s
  2190  1175 -2310.2941   33 1718 -2250.0000 -2314.4544  2.86%   625  345s
  2203  1184 -2294.8181   39 1580 -2250.0000 -2314.4544  2.86%   629  350s
  2220  1195 -2284.5276   45 1494 -2250.0000 -2314.4544  2.86%   633  355s
  2241  1209 -2273.5750   50 1450 -2250.0000 -2314.4544  2.86%   637  360s
  2270  1229 -2254.3615   62 1337 -2250.0000 -2314.4544  2.86%   639  365s
  2297  1233 -2285.2058   44 1501 -2250.0000 -2314.1517  2.85%   640  370s
  2322  1239 -2300.9040   37 1604 -2250.0000 -2314.1495  2.85%   642  375s
  2347  1256 -2256.8981   62 1286 -2250.0000 -2314.1495  2.85%   643  380s
  2371  1256 -2284.9996   43 1527 -2250.0000 -2314.1056  2.85%   645  385s
  2393  1261 -2306.4179   35 1628 -2250.0000 -2313.6250  2.83%   647  390s
  2406  1269 -2281.8866   43 1553 -2250.0000 -2313.6250  2.83%   652  395s
  2430  1285 -2259.5289   51 1445 -2250.0000 -2313.6250  2.83%   655  400s
  2449  1284 -2299.1415   38 1578 -2250.0000 -2313.6240  2.83%   656  405s
  2479  1294 -2308.5187   34 1665 -2250.0000 -2313.6070  2.83%   658  410s
  2497  1306 -2263.9000   52 1358 -2250.0000 -2313.6070  2.83%   661  415s
  2521  1310 -2292.1286   41 1517 -2250.0000 -2313.6038  2.83%   663  420s
  2550  1322 -2306.2532   35 1631 -2250.0000 -2313.4414  2.82%   663  425s
  2579  1342 -2262.7824   64 1292 -2250.0000 -2313.4414  2.82%   664  430s
  2607  1346 -2288.0768   43 1516 -2250.0000 -2313.4377  2.82%   665  435s
  2635  1355 -2306.6303   35 1683 -2250.0000 -2313.2421  2.81%   667  440s
  2652  1372 -2269.5473   52 1420 -2250.0000 -2313.2421  2.81%   670  445s
  2679  1387 -2298.7620   37 1579 -2250.0000 -2312.9161  2.80%   672  450s
  2692  1400 -2288.6205   43 1504 -2250.0000 -2312.9161  2.80%   676  455s
  2714  1422 -2276.0080   51 1405 -2250.0000 -2312.9161  2.80%   680  460s
  2740  1448 -2259.9274   59 1332 -2250.0000 -2312.9161  2.80%   684  465s
  2770  1462 -2307.2300   34 1655 -2250.0000 -2312.7755  2.79%   685  470s
  2792  1484 -2267.9376   56 1342 -2250.0000 -2312.7755  2.79%   687  475s
  2816  1500 -2287.7519   41 1520 -2250.0000 -2312.2559  2.77%   688  480s
  2844  1512 -2304.3334   36 1606 -2250.0000 -2312.1660  2.76%   689  485s
  2870  1538 -2258.0298   62 1327 -2250.0000 -2312.1660  2.76%   690  490s
  2894  1550 -2277.4505   46 1487 -2250.0000 -2312.1644  2.76%   691  495s
  2917  1565 -2300.1911   38 1588 -2250.0000 -2312.1555  2.76%   694  500s
  2930  1578 -2284.4026   45 1453 -2250.0000 -2312.1555  2.76%   698  505s
  2949  1597 -2262.9148   54 1365 -2250.0000 -2312.1555  2.76%   703  510s
  2982  1622 -2309.1338   34 1674 -2250.0000 -2312.0886  2.76%   705  515s
  2993  1633 -2279.0547   43 1515 -2250.0000 -2312.0886  2.76%   708  520s
  3006  1646 -2273.7744   46 1442 -2250.0000 -2312.0886  2.76%   711  526s
  3026  1654 -2252.1700   54 1404 -2250.0000 -2312.0886  2.76%   713  530s
  3043  1665 -2276.2189   48 1425 -2250.0000 -2312.0859  2.76%   716  535s
  3071  1681 -2295.0163   39 1564 -2250.0000 -2312.0308  2.76%   716  540s
  3096  1702 -2253.4019   61 1339 -2250.0000 -2312.0308  2.76%   717  545s
  3115  1713 -2275.2879   47 1457 -2250.0000 -2311.8369  2.75%   719  550s
  3133  1723 -2296.2612   39 1568 -2250.0000 -2311.8228  2.75%   722  555s
  3168  1750 -2308.1256   34 1675 -2250.0000 -2311.7417  2.74%   721  560s
  3178  1760 -2293.8888   38 1568 -2250.0000 -2311.7417  2.74%   724  565s
  3199  1781 -2275.9618   49 1414 -2250.0000 -2311.7417  2.74%   726  570s
  3233  1815 -2255.0081   65 1157 -2250.0000 -2311.7417  2.74%   725  575s
  3256  1828 -2282.9054   43 1526 -2250.0000 -2311.5974  2.74%   726  580s
  3290  1840 -2307.3803   34 1673 -2250.0000 -2311.5365  2.73%   725  585s
  3310  1860 -2264.3320   54 1371 -2250.0000 -2311.5365  2.73%   726  590s
  3338  1876 -2282.1307   43 1512 -2250.0000 -2311.3628  2.73%   726  595s
  3367  1891 -2305.4985   35 1658 -2250.0000 -2311.3598  2.73%   726  600s
  3388  1912 -2264.0074   56 1364 -2250.0000 -2311.3598  2.73%   727  605s
  3412  1928 -2280.9592   43 1527 -2250.0000 -2311.2807  2.72%   728  610s
  3433  1939 -2297.1803   38 1571 -2250.0000 -2311.2534  2.72%   729  615s
  3469  1967 -2308.8630   34 1680 -2250.0000 -2311.1652  2.72%   727  620s
  3487  1985 -2267.6932   52 1390 -2250.0000 -2311.1652  2.72%   729  625s
  3511  1999 -2291.6336   41 1559 -2250.0000 -2311.1573  2.72%   730  630s
  3528  2016 -2271.8689   48 1458 -2250.0000 -2311.1573  2.72%   732  635s
  3553  2029 -2302.4082   37 1676 -2250.0000 -2311.0095  2.71%   734  640s
  3570  2046 -2259.4345   54 1425 -2250.0000 -2311.0095  2.71%   735  645s
  3597  2050 -2291.8043   39 1584 -2250.0000 -2310.8851  2.71%   735  650s
  3622  2067 -2303.0261   36 1588 -2250.0000 -2310.8849  2.71%   736  655s
  3639  2084 -2288.0144   42 1492 -2250.0000 -2310.8849  2.71%   738  660s
  3662  2107 -2274.4637   52 1338 -2250.0000 -2310.8849  2.71%   739  665s
  3695  2140 -2256.8991   63 1180 -2250.0000 -2310.8849  2.71%   738  670s
  3723  2156 -2279.9836   47 1390 -2250.0000 -2310.7468  2.70%   738  675s
  3757  2182 -2300.8746   37 1607 -2250.0000 -2310.7446  2.70%   736  680s
  3775  2200 -2284.1485   46 1452 -2250.0000 -2310.7446  2.70%   738  685s
  3801  2226 -2262.0088   59 1309 -2250.0000 -2310.7446  2.70%   738  690s
  3827  2242 -2290.2480   43 1504 -2250.0000 -2310.7381  2.70%   738  695s
  3857  2262 -2301.3260   36 1624 -2250.0000 -2310.6461  2.70%   738  700s
  3885  2286 -2252.7574   61 1282 -2250.0000 -2310.6461  2.70%   738  705s
  3904  2299 -2276.6019   49 1428 -2250.0000 -2310.6458  2.70%   739  710s
  3935  2318 -2294.3012   39 1554 -2250.0000 -2310.5653  2.69%   738  715s
  3966  2341 -2307.6349   34 1692 -2250.0000 -2310.5615  2.69%   738  720s
  3987  2362 -2268.8859   55 1359 -2250.0000 -2310.5615  2.69%   739  725s
  4008  2373 -2300.4054   36 1635 -2250.0000 -2310.3418  2.68%   738  733s
  4013  2378 -2284.3719   41 1529 -2250.0000 -2310.3418  2.68%   739  735s
  4037  2390 -2300.7900   36 1630 -2250.0000 -2310.1914  2.68%   739  740s
  4062  2415 -2252.9790   61 1356 -2250.0000 -2310.1914  2.68%   740  745s
  4079  2422 -2295.7595   38 1595 -2250.0000 -2310.1571  2.67%   742  750s
  4095  2438 -2273.7791   45 1514 -2250.0000 -2310.1571  2.67%   743  755s
  4119  2454 -2300.9498   37 1608 -2250.0000 -2310.1140  2.67%   744  760s
  4136  2471 -2287.5166   44 1484 -2250.0000 -2310.1140  2.67%   746  765s
  4158  2493 -2273.8593   53 1414 -2250.0000 -2310.1140  2.67%   747  770s
  4195  2526 -2253.2423   67 1290 -2250.0000 -2310.1140  2.67%   745  775s
  4215  2540 -2269.2464   50 1457 -2250.0000 -2310.1116  2.67%   746  780s
  4246  2553 -2293.6729   40 1553 -2250.0000 -2309.8864  2.66%   746  785s
  4281  2572 -2307.3018   34 1684 -2250.0000 -2309.8239  2.66%   745  790s
  4298  2589 -2265.3220   51 1432 -2250.0000 -2309.8239  2.66%   746  795s
  4325  2602 -2289.1573   39 1542 -2250.0000 -2309.7100  2.65%   746  800s
  4348  2613 -2304.9230   35 1669 -2250.0000 -2309.5833  2.65%   746  805s
  4366  2631 -2265.8652   53 1414 -2250.0000 -2309.5833  2.65%   748  810s
  4388  2645 -2287.0498   43 1527 -2250.0000 -2309.5818  2.65%   748  815s
  4416  2665 -2299.1299   39 1546 -2250.0000 -2309.5660  2.65%   749  820s
  4440  2681 -2301.4499   37 1598 -2250.0000 -2309.5366  2.65%   749  825s
  4472  2705 -2306.5461   35 1654 -2250.0000 -2309.5345  2.65%   748  830s
  4495  2728 -2258.7178   58 1362 -2250.0000 -2309.5345  2.65%   749  835s
  4512  2737 -2293.9618   39 1591 -2250.0000 -2309.3121  2.64%   751  840s
  4529  2754 -2277.0942   47 1474 -2250.0000 -2309.3121  2.64%   752  845s
  4555  2778     cutoff   60      -2250.0000 -2309.3121  2.64%   752  850s
  4580  2784 -2292.4850   40 1552 -2250.0000 -2309.2148  2.63%   752  855s
  4600  2804 -2271.9722   51 1400 -2250.0000 -2309.2148  2.63%   753  860s
  4637  2841 -2252.8683   70 1176 -2250.0000 -2309.2148  2.63%   752  865s
  4653  2849 -2289.1173   40 1558 -2250.0000 -2309.1696  2.63%   754  870s
  4671  2867 -2275.5857   47 1479 -2250.0000 -2309.1696  2.63%   755  875s
  4696  2880 -2298.6853   37 1601 -2250.0000 -2309.1675  2.63%   756  880s
  4724  2896 -2303.9392   35 1686 -2250.0000 -2309.1671  2.63%   756  886s
  4740  2912 -2272.4569   51 1441 -2250.0000 -2309.1671  2.63%   757  890s
  4773  2929 -2288.1365   41 1557 -2250.0000 -2309.1643  2.63%   756  895s
  4797  2941 -2304.6995   35 1658 -2250.0000 -2309.1318  2.63%   756  900s
  4818  2962 -2260.0513   56 1370 -2250.0000 -2309.1318  2.63%   757  905s
  4842  2978 -2275.3097   48 1472 -2250.0000 -2309.1312  2.63%   758  910s
  4863  2991 -2289.1040   41 1519 -2250.0000 -2309.0736  2.63%   758  915s
  4886  3006 -2295.5921   38 1582 -2250.0000 -2309.0115  2.62%   759  920s
  4915  3025 -2305.3060   35 1661 -2250.0000 -2308.8612  2.62%   758  925s
  4938  3048 -2258.8224   58 1381 -2250.0000 -2308.8612  2.62%   759  930s
  4966  3066 -2275.9882   49 1436 -2250.0000 -2308.8139  2.61%   759  935s
  4990  3076 -2299.6019   36 1628 -2250.0000 -2308.8071  2.61%   759  940s
  5000  3086 -2290.0042   40 1578 -2250.0000 -2308.8071  2.61%   761  945s
  5011  3097 -2281.0020   44 1515 -2250.0000 -2308.8071  2.61%   761  950s
  5027  3113 -2268.8454   50 1467 -2250.0000 -2308.8071  2.61%   763  955s
  5060  3136 -2305.8504   35 1695 -2250.0000 -2308.7787  2.61%   763  960s
  5076  3152 -2269.4594   51 1434 -2250.0000 -2308.7787  2.61%   764  965s
  5101  3169 -2282.3924   45 1455 -2250.0000 -2308.7087  2.61%   764  970s
  5134  3186 -2297.4985   37 1613 -2250.0000 -2308.6522  2.61%   763  975s
  5157  3203 -2252.5130   56 1382 -2250.0000 -2308.6522  2.61%   764  980s
  5180  3220 -2267.2100   54 1400 -2250.0000 -2308.5921  2.60%   764  985s
  5207  3239 -2280.7876   47 1473 -2250.0000 -2308.5154  2.60%   764  990s
  5239  3259 -2293.4385   40 1539 -2250.0000 -2308.4077  2.60%   763  995s
  5274  3284 -2305.1335   35 1678 -2250.0000 -2308.2644  2.59%   762 1000s
  5287  3297 -2287.5361   42 1509 -2250.0000 -2308.2644  2.59%   764 1005s
  5307  3317 -2267.7416   52 1391 -2250.0000 -2308.2644  2.59%   765 1010s
  5339  3337 -2303.4917   35 1675 -2250.0000 -2308.2259  2.59%   765 1015s
  5354  3352 -2273.7734   50 1406 -2250.0000 -2308.2259  2.59%   766 1020s

Cutting planes:
  Gomory: 14
  MIR: 66
  Flow cover: 883
  Zero half: 324
  RLT: 109
  BQP: 137

Explored 5375 nodes (4118679 simplex iterations) in 1024.00 seconds (1124.08 work units)
Thread count was 1 (of 72 available processors)

Solution count 7: -2250 -2248 -2246 ... 0

Time limit reached
Best objective -2.250000000000e+03, best bound -2.308000000000e+03, gap 2.5778%

User-callback calls 59394, time in user-callback 0.38 sec

BQP_SOLUTION, 383, 1608, -843.000000, 1024.000574, -1, 1, -1, 1, 1, 1, -1, -1, -1, -1, 1, -1, 1, 1, -1, 1, 1, 1, 1, 1, 1, -1, 1, 1, 1, 1, -1, 1, -1, 1, -1, 1, -1, 1, -1, 1, 1, -1, -1, 1, -1, -1, -1, -1, 1, 1, -1, 1, -1, -1, -1, 1, 1, -1, 1, 1, -1, -1, 1, -1, 1, 1, 1, 1, -1, -1, 1, 1, 1, -1, 1, 1, 1, -1, 1, -1, 1, -1, 1, 1, 1, -1, 1, 1, 1, -1, -1, 1, 1, 1, -1, 1, 1, -1, 1, -1, 1, -1, 1, 1, 1, -1, 1, -1, 1, -1, 1, 1, 1, -1, 1, -1, 1, -1, -1, 1, 1, 1, -1, 1, 1, -1, -1, 1, -1, 1, -1, 1, 1, 1, 1, 1, 1, -1, 1, 1, -1, 1, -1, 1, 1, 1, -1, -1, 1, -1, 1, 1, -1, -1, 1, -1, 1, -1, 1, -1, 1, -1, 1, 1, -1, -1, 1, -1, 1, 1, 1, -1, -1, -1, -1, -1, 1, 1, -1, -1, -1, 1, -1, 1, -1, 1, -1, -1, -1, 1, -1, 1, -1, 1, -1, 1, -1, -1, 1, 1, -1, -1, -1, -1, 1, -1, 1, 1, -1, 1, 1, -1, -1, -1, 1, 1, -1, -1, 1, 1, -1, -1, 1, -1, 1, -1, 1, 1, 1, -1, 1, 1, -1, 1, 1, 1, 1, -1, 1, -1, 1, -1, 1, 1, 1, -1, 1, -1, -1, 1, 1, 1, 1, -1, 1, 1, 1, 1, -1, 1, 1, 1, -1, 1, -1, 1, 1, 1, 1, -1, 1, 1, 1, -1, -1, -1, 1, 1, -1, -1, -1, 1, -1, -1, -1, 1, -1, 1, -1, 1, -1, 1, -1, 1, -1, 1, 1, -1, 1, -1, -1, 1, 1, 1, -1, 1, -1, 1, -1, 1, -1, 1, -1, 1, 1, 1, -1, 1, 1, 1, -1, 1, 1, 1, -1, 1, 1, 1, -1, -1, 1, 1, -1, -1, 1, -1, -1, -1, 1, -1, 1, -1, 1, -1, -1, 1, 1, 1, -1, -1, 1, -1, -1, -1, 1, -1, 1, -1, 1, -1, 1, -1, 1, -1, -1, 1, 1, -1, 1, -1, -1, 1, -1, 1, -1, -1, -1, -1, -1, -1, -1, 1, -1, 1, -1, 1, -1
BQP_DATA, 383, 1608, -843.000000, -901.000000, -2250.000000, -2308.000000, 1024.000574, 1287, 5375
