Set parameter TSPort to value 51199
Set parameter TokenServer to value "open-license1.lanl.gov"
Set parameter TimeLimit to value 4096
Set parameter Threads to value 1
Gurobi Optimizer version 10.0.3 build v10.0.3rc0 (linux64)

CPU model: Intel(R) Xeon(R) CPU E5-2695 v4 @ 2.10GHz, instruction set [SSE2|AVX|AVX2]
Thread count: 36 physical cores, 72 logical processors, using up to 1 threads

Optimize a model with 0 rows, 598 columns and 0 nonzeros
Model fingerprint: 0x982d5d08
Model has 2559 quadratic objective terms
Variable types: 0 continuous, 598 integer (598 binary)
Coefficient statistics:
  Matrix range     [0e+00, 0e+00]
  Objective range  [2e+00, 3e+01]
  QObjective range [8e+00, 8e+00]
  Bounds range     [1e+00, 1e+00]
  RHS range        [0e+00, 0e+00]
Found heuristic solution: objective 0.0000000
Found heuristic solution: objective -1010.000000
Found heuristic solution: objective -3530.000000
Found heuristic solution: objective -3540.000000
Presolve removed 0 rows and 1 columns
Presolve time: 0.24s
Presolved: 2558 rows, 3155 columns, 7674 nonzeros
Variable types: 0 continuous, 3155 integer (3155 binary)

Root relaxation: objective -4.851000e+03, 747 iterations, 0.02 seconds (0.01 work units)

    Nodes    |    Current Node    |     Objective Bounds      |     Work
 Expl Unexpl |  Obj  Depth IntInf | Incumbent    BestBd   Gap | It/Node Time

     0     0 -4851.0000    0  597 -3540.0000 -4851.0000  37.0%     -    0s
     0     0 -4415.0000    0  814 -3540.0000 -4415.0000  24.7%     -    0s
     0     0 -4410.0000    0  821 -3540.0000 -4410.0000  24.6%     -    0s
     0     0 -4324.4167    0  905 -3540.0000 -4324.4167  22.2%     -    0s
     0     0 -4324.4167    0  896 -3540.0000 -4324.4167  22.2%     -    1s
     0     2 -4324.4167    0  896 -3540.0000 -4324.4167  22.2%     -    1s
   513   492 -4178.0000   20  597 -3540.0000 -4316.4167  21.9%  91.5    5s
   532   505 -3628.7500  119 1732 -3540.0000 -3972.0056  12.2%  88.3   10s
   542   512 -3915.9280   55 2092 -3540.0000 -3915.9280  10.6%  86.6   15s
   548   516 -3583.7500  130 2486 -3540.0000 -3876.4362  9.50%  85.7   21s
   556   521 -3854.9793   66 2563 -3540.0000 -3854.9793  8.90%  84.5   27s
   564   526 -3850.9784    8 2647 -3540.0000 -3850.9784  8.78%  83.3   30s
   566   528 -3837.3520   57 2666 -3540.0000 -3837.3520  8.40%  83.0   35s
   574   533 -3828.5622    5 2693 -3540.0000 -3828.5622  8.15%  81.8   40s
   586   541 -3583.7500  130 2728 -3540.0000 -3820.9227  7.94%  80.1   45s
   594   546 -3813.2042   22 2706 -3540.0000 -3813.2042  7.72%  79.0   50s
   605   554 -3741.0000   85 2754 -3540.0000 -3808.2342  7.58%  77.6   55s
   616   561 -3802.9346   53 2777 -3540.0000 -3802.9346  7.43%  76.2   60s
   633   572 -3798.4807   15 2760 -3540.0000 -3798.4807  7.30%  74.2   65s
   652   585 -3793.9673   66 2766 -3540.0000 -3793.9673  7.17%  72.0   70s
   670   597 -3762.7500   85 2786 -3540.0000 -3790.2394  7.07%  70.1   75s
   692   612 -3568.7500  134 2805 -3540.0000 -3787.3311  6.99%  67.9   80s
   718   629 -3784.2853   68 2797 -3540.0000 -3784.2853  6.90%  65.4   85s
   733   641 -3783.7347   15 2553 -3540.0000 -3783.7347  6.89%   317   94s
   734   641 -3783.7347   10 2715 -3540.0000 -3783.7347  6.89%   316   99s
   735   642 -3751.0000   83 2752 -3540.0000 -3783.7347  6.89%   316  101s
   743   647 -3781.7138   42 2812 -3540.0000 -3781.7138  6.83%   312  105s
   754   655 -3760.0000   80 2821 -3540.0000 -3778.9158  6.75%   308  110s
   770   665 -3762.7500   85 2860 -3540.0000 -3776.2730  6.67%   302  115s
   786   676 -3583.7500  130 2867 -3540.0000 -3774.4544  6.62%   295  120s
   798   684 -3771.5045   43 2879 -3540.0000 -3771.5045  6.54%   291  125s
   813   694 -3769.1732   20 2908 -3540.0000 -3769.1732  6.47%   286  130s
   828   704 -3767.0157   61 2904 -3540.0000 -3767.0157  6.41%   280  135s
   848   717 -3583.7500  130 2895 -3540.0000 -3765.4932  6.37%   274  140s
   868   731 -3764.1727   24 2904 -3540.0000 -3764.1727  6.33%   267  145s
   889   745 -3762.9161   11 2909 -3540.0000 -3762.9161  6.30%   261  150s
   913   761 -3761.7216   20 2915 -3540.0000 -3761.7216  6.26%   254  155s
   932   773 -3628.7500  119 2906 -3540.0000 -3760.2054  6.22%   249  160s
   951   786 -3733.7500   91 2937 -3540.0000 -3759.0372  6.19%   244  165s
   974   801 -3758.5062    5 2912 -3540.0000 -3758.5062  6.17%   238  170s
   975   802 -3758.5062   27 2912 -3540.0000 -3758.5062  6.17%   238  175s
   978   806 -3755.5189   20 2823 -3540.0000 -3756.4413  6.11%   394  180s
   981   808 -3750.4115   21 2801 -3540.0000 -3755.6245  6.09%   405  186s
   984   810 -3749.2939   23 2748 -3540.0000 -3755.6245  6.09%   412  190s
   987   812 -3744.5764   24 2743 -3540.0000 -3755.6245  6.09%   424  195s
   990   814 -3742.3019   26 2712 -3540.0000 -3755.6245  6.09%   434  200s
   994   817 -3739.3488   28 2659 -3540.0000 -3755.6245  6.09%   445  205s
   997   819 -3735.5018   29 2638 -3540.0000 -3755.6245  6.09%   455  210s
  1000   821 -3731.6244   31 2600 -3540.0000 -3755.6245  6.09%   460  215s
  1005   824 -3726.6915   33 2548 -3540.0000 -3755.6245  6.09%   472  221s
  1010   827 -3721.3057   36 2514 -3540.0000 -3755.6245  6.09%   481  225s
  1014   830 -3717.5613   38 2474 -3540.0000 -3755.6245  6.09%   490  230s
  1021   835 -3707.1142   41 2445 -3540.0000 -3755.6245  6.09%   501  235s
  1026   838 -3705.2931   44 2432 -3540.0000 -3755.6245  6.09%   509  240s
  1033   843 -3694.8791   47 2383 -3540.0000 -3755.6245  6.09%   522  246s
  1039   847 -3692.8590   50 2351 -3540.0000 -3755.6245  6.09%   531  250s
  1047   852 -3682.4833   54 2291 -3540.0000 -3755.6245  6.09%   539  255s
  1057   859 -3676.5261   59 2243 -3540.0000 -3755.6245  6.09%   547  260s
  1067   865 -3667.0947   64 2200 -3540.0000 -3755.6245  6.09%   556  265s
  1076   871 -3651.0540   69 2170 -3540.0000 -3755.6245  6.09%   568  270s
  1090   881 -3643.1623   76 2114 -3540.0000 -3755.6245  6.09%   574  275s
  1111   895 -3630.5130   86 1964 -3540.0000 -3755.6245  6.09%   578  280s
  1132   909 -3613.5466   97 1938 -3540.0000 -3755.6245  6.09%   583  285s
  1162   929 -3580.9802  112 1658 -3540.0000 -3755.6245  6.09%   585  290s
  1229   958 -3754.8576   20 2828 -3540.0000 -3755.6228  6.09%   572  296s
  1231   960 -3751.3831   21 2806 -3540.0000 -3755.6228  6.09%   578  300s
  1234   962 -3746.4300   23 2753 -3540.0000 -3755.6228  6.09%   586  305s
  1237   964 -3743.3156   24 2732 -3540.0000 -3755.6228  6.09%   593  310s
  1241   966 -3738.9227   26 2704 -3540.0000 -3755.6228  6.09%   602  316s
  1245   969 -3729.4097   28 2686 -3540.0000 -3755.6228  6.09%   610  321s
  1248   971 -3730.7014   30 2629 -3540.0000 -3755.6228  6.09%   614  325s
  1253   974 -3725.5985   32 2595 -3540.0000 -3755.6228  6.09%   621  330s
  1257   977 -3718.7062   34 2558 -3540.0000 -3755.6228  6.09%   628  335s
  1261   980 -3715.5578   36 2535 -3540.0000 -3755.6228  6.09%   635  340s
  1266   983 -3712.4381   39 2491 -3540.0000 -3755.6228  6.09%   644  345s
  1271   986 -3704.7170   41 2466 -3540.0000 -3755.6228  6.09%   650  350s
  1277   990 -3696.9247   44 2412 -3540.0000 -3755.6228  6.09%   656  355s
  1285   996 -3686.4719   48 2377 -3540.0000 -3755.6228  6.09%   663  360s
  1294  1002 -3676.8324   53 2299 -3540.0000 -3755.6228  6.09%   669  365s
  1305  1009 -3667.1210   58 2255 -3540.0000 -3755.6228  6.09%   672  370s
  1319  1018 -3653.0777   65 2154 -3540.0000 -3755.6228  6.09%   676  375s
  1335  1029 -3636.3462   73 2074 -3540.0000 -3755.6228  6.09%   680  380s
  1353  1041 -3628.6279   82 2024 -3540.0000 -3755.6228  6.09%   683  385s
  1374  1055 -3610.8296   93 1889 -3540.0000 -3755.6228  6.09%   684  390s
  1415  1082 -3593.1927  113 1591 -3540.0000 -3755.6228  6.09%   679  395s
  1465  1116 -3568.5407  138 1471 -3540.0000 -3755.6228  6.09%   672  400s
  1557  1175 -3544.7143  184  904 -3540.0000 -3755.6228  6.09%   650  405s
  1585  1177 -3749.3055   21 2824 -3540.0000 -3754.4364  6.06%   645  410s
  1588  1179 -3747.6175   22 2791 -3540.0000 -3754.4364  6.06%   650  415s
  1591  1181 -3741.2262   24 2765 -3540.0000 -3754.4364  6.06%   656  420s
  1594  1183 -3738.1024   25 2723 -3540.0000 -3754.4364  6.06%   662  425s
  1598  1185 -3730.6576   27 2682 -3540.0000 -3754.4364  6.06%   669  431s
  1601  1187 -3728.5324   29 2657 -3540.0000 -3754.4364  6.06%   673  435s
  1605  1190 -3724.2473   31 2615 -3540.0000 -3754.4364  6.06%   677  440s
  1609  1193 -3718.3292   33 2571 -3540.0000 -3754.4364  6.06%   682  445s
  1614  1196 -3714.3436   35 2534 -3540.0000 -3754.4364  6.06%   688  450s
  1618  1199 -3707.8309   37 2502 -3540.0000 -3754.4364  6.06%   693  455s
  1624  1203 -3701.0804   40 2468 -3540.0000 -3754.4364  6.06%   697  460s
  1629  1206 -3695.5788   43 2416 -3540.0000 -3754.4364  6.06%   704  465s
  1636  1211 -3690.6595   46 2365 -3540.0000 -3754.4364  6.06%   708  470s
  1643  1215 -3679.2730   50 2319 -3540.0000 -3754.4364  6.06%   715  476s
  1650  1220 -3670.5566   53 2301 -3540.0000 -3754.4364  6.06%   719  480s
  1661  1227 -3664.0607   59 2204 -3540.0000 -3754.4364  6.06%   722  485s
  1673  1235 -3654.5230   65 2156 -3540.0000 -3754.4364  6.06%   725  490s
  1687  1245 -3640.0153   72 2122 -3540.0000 -3754.4364  6.06%   728  495s
  1702  1255 -3629.6841   79 2032 -3540.0000 -3754.4364  6.06%   730  500s
  1724  1269 -3620.1607   90 1927 -3540.0000 -3754.4364  6.06%   730  505s
H 1731  1148                    -3552.000000 -3754.4364  5.70%   729  506s
  1756  1167 -3600.9071  106 1685 -3552.0000 -3754.4364  5.70%   728  510s
H 1758  1108                    -3558.000000 -3754.4364  5.52%   728  510s
H 1785  1072                    -3560.000000 -3754.4364  5.46%   723  513s
  1801  1085 -3587.5303  129 1474 -3560.0000 -3754.4364  5.46%   720  515s
H 1812  1049                    -3562.000000 -3754.4364  5.40%   718  516s
H 1866   929                    -3580.000006 -3754.4364  4.87%   702  518s
  1871   922 -3751.0465   21 2841 -3580.0000 -3754.3541  4.87%   703  521s
  1873   924 -3748.6086   22 2801 -3580.0000 -3754.3541  4.87%   707  525s
  1876   926 -3743.3209   24 2765 -3580.0000 -3754.3541  4.87%   711  530s
  1880   928 -3736.4237   27 2696 -3580.0000 -3754.3541  4.87%   716  535s
  1883   930 -3737.6920   26 2727 -3580.0000 -3754.3541  4.87%   720  540s
H 1887   888                    -3582.000000 -3754.3541  4.81%   723  545s
  1891   893 -3722.3404   32 2614 -3582.0000 -3754.3541  4.81%   728  550s
H 1893   810                    -3590.000000 -3754.3541  4.58%   729  552s
  1896   814 -3716.2286   35 2553 -3590.0000 -3754.3541  4.58%   732  555s
  1902   818 -3708.0731   38 2493 -3590.0000 -3754.3541  4.58%   737  560s
  1907   821 -3701.8820   40 2458 -3590.0000 -3754.3541  4.58%   741  565s
  1914   826 -3694.2571   43 2420 -3590.0000 -3754.3541  4.58%   745  570s
  1922   831 -3687.7895   48 2355 -3590.0000 -3754.3541  4.58%   748  575s
  1929   836 -3681.0302   50 2322 -3590.0000 -3754.3541  4.58%   752  580s
  1937   841 -3680.0479   51 2313 -3590.0000 -3754.3541  4.58%   756  585s
  1946   847 -3673.1977   53 2315 -3590.0000 -3754.3541  4.58%   759  590s
  1954   853 -3673.0768   53 2309 -3590.0000 -3754.3541  4.58%   764  595s
  1963   859 -3664.9943   58 2243 -3590.0000 -3754.3541  4.58%   766  600s
  1973   865 -3661.3904   60 2233 -3590.0000 -3754.3541  4.58%   769  605s
  1984   873 -3655.1402   64 2205 -3590.0000 -3754.3541  4.58%   771  610s
H 1991   834                    -3592.000000 -3754.3541  4.52%   772  612s
  1997   840 -3644.5181   71 2120 -3592.0000 -3754.3541  4.52%   773  615s
  2004   845 -3642.5271   75 2096 -3592.0000 -3754.3541  4.52%   774  621s
  2018   854 -3638.8649   77 2087 -3592.0000 -3754.3541  4.52%   775  625s
  2038   868 -3628.2820   89 1993 -3592.0000 -3754.3541  4.52%   774  630s
H 2043   806                    -3596.000000 -3754.3541  4.40%   774  631s
  2064   822 -3619.9868   92 1995 -3596.0000 -3754.3541  4.40%   773  635s
  2089   839 -3615.2383   95 1944 -3596.0000 -3754.3541  4.40%   772  640s
H 2121   818                    -3598.000000 -3754.3541  4.35%   768  644s
  2122   821 -3602.4965  102 1871 -3598.0000 -3754.3541  4.35%   768  645s
  2153   812 -3750.3434   21 2842 -3598.0000 -3751.3213  4.26%   763  650s
  2156   814 -3744.4689   23 2757 -3598.0000 -3751.3213  4.26%   767  655s
  2160   817 -3742.7680   24 2741 -3598.0000 -3751.3213  4.26%   770  660s
  2163   819 -3739.6498   25 2729 -3598.0000 -3751.3213  4.26%   774  665s
  2167   822 -3734.6769   27 2679 -3598.0000 -3751.3213  4.26%   779  671s
  2170   824 -3732.1970   28 2674 -3598.0000 -3751.3213  4.26%   783  676s
  2173   826 -3726.3136   30 2640 -3598.0000 -3751.3213  4.26%   785  680s
  2177   828 -3726.9881   30 2635 -3598.0000 -3751.3213  4.26%   789  685s
  2182   832 -3724.8246   31 2625 -3598.0000 -3751.3213  4.26%   793  690s
  2185   834 -3717.9272   33 2593 -3598.0000 -3751.3213  4.26%   796  695s
  2190   837 -3715.9374   34 2552 -3598.0000 -3751.3213  4.26%   801  701s
  2194   840 -3714.3176   35 2544 -3598.0000 -3751.3213  4.26%   804  705s
  2199   843 -3710.9186   36 2532 -3598.0000 -3751.3213  4.26%   807  711s
  2204   846 -3710.4363   36 2530 -3598.0000 -3751.3213  4.26%   811  715s
  2209   850 -3703.3231   38 2491 -3598.0000 -3751.3213  4.26%   815  721s
  2213   852 -3702.7285   39 2460 -3598.0000 -3751.3213  4.26%   818  725s
  2218   856 -3701.5610   40 2467 -3598.0000 -3751.3213  4.26%   821  730s
  2225   860 -3699.4805   41 2446 -3598.0000 -3751.3213  4.26%   823  735s
  2232   865 -3695.1742   42 2431 -3598.0000 -3751.3213  4.26%   827  740s
  2237   868 -3694.0793   43 2420 -3598.0000 -3751.3213  4.26%   831  745s
  2243   872 -3690.5230   44 2435 -3598.0000 -3751.3213  4.26%   834  750s
  2251   878 -3687.6679   46 2383 -3598.0000 -3751.3213  4.26%   836  755s
  2257   882 -3685.3855   46 2391 -3598.0000 -3751.3213  4.26%   840  760s
  2264   886 -3681.9178   48 2372 -3598.0000 -3751.3213  4.26%   843  765s
  2270   890 -3679.0858   48 2370 -3598.0000 -3751.3213  4.26%   847  770s
  2277   895 -3673.4415   50 2343 -3598.0000 -3751.3213  4.26%   850  775s
  2284   900 -3674.0213   52 2346 -3598.0000 -3751.3213  4.26%   853  780s
  2292   905 -3669.9944   53 2303 -3598.0000 -3751.3213  4.26%   856  785s
  2300   910 -3663.3306   57 2278 -3598.0000 -3751.3213  4.26%   859  790s
H 2309   874                    -3604.000000 -3751.3213  4.09%   860  794s
  2310   877 -3656.0574   59 2270 -3604.0000 -3751.3213  4.09%   862  795s
  2322   889 -3651.3927   65 2208 -3604.0000 -3751.3213  4.09%   863  800s
  2336   903 -3642.5679   70 2162 -3604.0000 -3751.3213  4.09%   864  805s
  2353   920 -3632.4766   76 2129 -3604.0000 -3751.3213  4.09%   866  811s
  2369   936 -3625.6750   80 2090 -3604.0000 -3751.3213  4.09%   865  815s
  2390   957 -3621.0180   90 2019 -3604.0000 -3751.3213  4.09%   864  820s
  2413   978 -3607.0826   98 1820 -3604.0000 -3751.3213  4.09%   863  825s
  2426   976 -3745.5366   23 2803 -3604.0000 -3751.3169  4.09%   863  830s
  2430   980 -3739.4588   25 2725 -3604.0000 -3751.3169  4.09%   867  836s
  2433   983 -3736.5602   26 2715 -3604.0000 -3751.3169  4.09%   869  841s
  2436   986 -3731.8670   26 2707 -3604.0000 -3751.3169  4.09%   874  847s
  2438   988 -3735.0816   27 2688 -3604.0000 -3751.3169  4.09%   876  850s
  2441   991 -3731.3074   28 2681 -3604.0000 -3751.3169  4.09%   880  856s
  2444   994 -3731.4055   28 2678 -3604.0000 -3751.3169  4.09%   883  861s
  2448   998 -3727.8021   30 2632 -3604.0000 -3751.3169  4.09%   886  866s
  2452  1002 -3727.3337   30 2646 -3604.0000 -3751.3169  4.09%   888  870s
  2457  1007 -3726.5723   31 2627 -3604.0000 -3751.3169  4.09%   891  875s
  2461  1011 -3723.7447   31 2612 -3604.0000 -3751.3169  4.09%   895  880s
  2465  1015 -3720.1367   33 2579 -3604.0000 -3751.3169  4.09%   897  885s
  2470  1020 -3720.9027   32 2612 -3604.0000 -3751.3169  4.09%   901  890s
  2475  1025 -3716.2742   34 2574 -3604.0000 -3751.3169  4.09%   904  895s
  2480  1030 -3712.6691   35 2546 -3604.0000 -3751.3169  4.09%   906  900s
  2486  1036 -3711.2648   36 2555 -3604.0000 -3751.3169  4.09%   909  905s
  2491  1041 -3709.7417   38 2538 -3604.0000 -3751.3169  4.09%   911  910s
  2496  1046 -3707.3221   39 2513 -3604.0000 -3751.3169  4.09%   914  915s
  2503  1053 -3700.7128   41 2489 -3604.0000 -3751.3169  4.09%   916  920s
  2509  1059 -3699.2631   43 2447 -3604.0000 -3751.3169  4.09%   919  925s
  2515  1065 -3695.1372   44 2418 -3604.0000 -3751.3169  4.09%   922  930s
  2521  1071 -3694.1745   45 2411 -3604.0000 -3751.3169  4.09%   925  935s
  2529  1079 -3690.2792   46 2402 -3604.0000 -3751.3169  4.09%   927  940s
  2536  1086 -3683.3311   49 2342 -3604.0000 -3751.3169  4.09%   929  945s
  2545  1095 -3679.1261   53 2299 -3604.0000 -3751.3169  4.09%   931  950s
  2553  1103 -3675.2990   54 2283 -3604.0000 -3751.3169  4.09%   934  955s
  2560  1110 -3671.5344   55 2294 -3604.0000 -3751.3169  4.09%   937  960s
  2567  1117 -3669.8987   56 2288 -3604.0000 -3751.3169  4.09%   940  965s
  2576  1126 -3665.1156   57 2275 -3604.0000 -3751.3169  4.09%   941  970s
  2588  1138 -3657.7198   60 2236 -3604.0000 -3751.3169  4.09%   943  975s
  2599  1149 -3652.7423   63 2166 -3604.0000 -3751.3169  4.09%   944  980s
  2612  1162 -3648.3594   67 2128 -3604.0000 -3751.3169  4.09%   945  985s
  2626  1176 -3642.0704   71 2110 -3604.0000 -3751.3169  4.09%   945  990s
  2643  1193 -3635.8318   74 2104 -3604.0000 -3751.3169  4.09%   945  995s
  2659  1209 -3630.8248   76 2074 -3604.0000 -3751.3169  4.09%   945 1000s
  2680  1230 -3623.0097   82 2025 -3604.0000 -3751.3169  4.09%   943 1005s
  2698  1248 -3613.5480   89 1995 -3604.0000 -3751.3169  4.09%   943 1010s
H 2699  1226                    -3606.000000 -3751.3169  4.03%   942 1010s
  2715  1228 -3747.3682   22 2823 -3606.0000 -3750.8506  4.02%   943 1016s
  2717  1230 -3737.8066   24 2779 -3606.0000 -3750.8506  4.02%   945 1020s
  2721  1234 -3726.1187   28 2695 -3606.0000 -3750.8506  4.02%   948 1025s
  2725  1238 -3715.2448   32 2608 -3606.0000 -3750.8506  4.02%   950 1030s
  2731  1244 -3702.5291   38 2505 -3606.0000 -3750.8506  4.02%   952 1035s
  2738  1251 -3682.9920   45 2435 -3606.0000 -3750.8506  4.02%   954 1040s
  2747  1260 -3661.6281   54 2317 -3606.0000 -3750.8506  4.02%   956 1045s
  2762  1275 -3636.0117   69 2155 -3606.0000 -3750.8506  4.02%   956 1050s
  2793  1292 -3747.2392   23 2816 -3606.0000 -3750.8506  4.02%   952 1057s
  2795  1294 -3740.8142   25 2760 -3606.0000 -3750.8506  4.02%   954 1060s
  2798  1297 -3732.0089   28 2676 -3606.0000 -3750.8506  4.02%   956 1065s
  2803  1302 -3719.7229   33 2582 -3606.0000 -3750.8506  4.02%   959 1070s
  2809  1308 -3704.4519   39 2483 -3606.0000 -3750.8506  4.02%   961 1075s
  2815  1314 -3688.7342   45 2418 -3606.0000 -3750.8506  4.02%   963 1080s
  2823  1322 -3667.5151   53 2305 -3606.0000 -3750.8506  4.02%   965 1085s
  2835  1334 -3642.7766   65 2195 -3606.0000 -3750.8506  4.02%   966 1090s
  2854  1353 -3608.3677   84 2029 -3606.0000 -3750.8506  4.02%   965 1095s
  2861  1352 -3741.7854   25 2761 -3606.0000 -3750.4113  4.00%   967 1100s
  2865  1356 -3731.0360   29 2678 -3606.0000 -3750.4113  4.00%   969 1106s
  2870  1361 -3719.3233   34 2620 -3606.0000 -3750.4113  4.00%   971 1110s
  2875  1366 -3706.0813   39 2526 -3606.0000 -3750.4113  4.00%   973 1115s
  2882  1373 -3684.8936   46 2441 -3606.0000 -3750.4113  4.00%   975 1120s
  2890  1381 -3663.1004   54 2356 -3606.0000 -3750.4113  4.00%   977 1125s
  2901  1392 -3635.2891   65 2252 -3606.0000 -3750.4113  4.00%   978 1130s
  2922  1403 -3747.0847   22 2818 -3606.0000 -3750.4086  4.00%   977 1137s
  2924  1405 -3740.3716   24 2779 -3606.0000 -3750.4086  4.00%   979 1140s
  2928  1409 -3729.6608   28 2697 -3606.0000 -3750.4086  4.00%   981 1145s
  2932  1413 -3718.6134   32 2622 -3606.0000 -3750.4086  4.00%   984 1150s
  2939  1420 -3703.5673   39 2501 -3606.0000 -3750.4086  4.00%   985 1155s
  2947  1428 -3686.8646   47 2406 -3606.0000 -3750.4086  4.00%   987 1160s
  2956  1437 -3663.9661   56 2301 -3606.0000 -3750.4086  4.00%   989 1165s
  2967  1448 -3638.8062   67 2214 -3606.0000 -3750.4086  4.00%   990 1170s
  2984  1465 -3609.5057   84 2068 -3606.0000 -3750.4086  4.00%   988 1175s
  2991  1464 -3741.9954   23 2797 -3606.0000 -3749.3052  3.97%   990 1184s
  2992  1465 -3742.4181   23 2786 -3606.0000 -3749.3052  3.97%   990 1185s
  2994  1467 -3738.3474   24 2762 -3606.0000 -3749.3052  3.97%   992 1193s
  2996  1469 -3736.5407   25 2745 -3606.0000 -3749.3052  3.97%   994 1196s
  2997  1470 -3735.1915   25 2730 -3606.0000 -3749.3052  3.97%   995 1202s
  3000  1473 -3733.3177   26 2742 -3606.0000 -3749.3052  3.97%   997 1206s
  3002  1475 -3733.9296   27 2701 -3606.0000 -3749.3052  3.97%   999 1210s
  3005  1478 -3731.2059   28 2675 -3606.0000 -3749.3052  3.97%  1002 1215s
  3006  1479 -3729.5196   29 2656 -3606.0000 -3749.3052  3.97%  1002 1234s
  3007  1480 -3728.3592   29 2641 -3606.0000 -3749.3052  3.97%  1003 1236s
  3010  1483 -3726.0481   30 2662 -3606.0000 -3749.3052  3.97%  1005 1240s
  3014  1487 -3723.9829   31 2617 -3606.0000 -3749.3052  3.97%  1007 1245s
  3019  1492 -3721.1056   32 2603 -3606.0000 -3749.3052  3.97%  1009 1250s
  3024  1497 -3720.3100   33 2573 -3606.0000 -3749.3052  3.97%  1011 1255s
  3029  1502 -3718.4112   33 2574 -3606.0000 -3749.3052  3.97%  1013 1260s
  3034  1507 -3715.2545   35 2542 -3606.0000 -3749.3052  3.97%  1015 1265s
  3039  1512 -3710.6554   36 2520 -3606.0000 -3749.3052  3.97%  1017 1270s
  3044  1517 -3709.5554   37 2533 -3606.0000 -3749.3052  3.97%  1019 1275s
  3049  1522 -3706.7947   38 2508 -3606.0000 -3749.3052  3.97%  1021 1280s
  3055  1528 -3702.7849   40 2482 -3606.0000 -3749.3052  3.97%  1023 1286s
  3060  1533 -3701.3121   42 2489 -3606.0000 -3749.3052  3.97%  1025 1290s
  3066  1539 -3698.6290   43 2483 -3606.0000 -3749.3052  3.97%  1027 1295s
  3072  1545 -3695.5579   44 2428 -3606.0000 -3749.3052  3.97%  1029 1300s
  3076  1549 -3691.7547   45 2422 -3606.0000 -3749.3052  3.97%  1032 1305s
  3083  1556 -3686.3221   48 2364 -3606.0000 -3749.3052  3.97%  1034 1310s
  3089  1562 -3684.4490   48 2363 -3606.0000 -3749.3052  3.97%  1035 1315s
  3096  1569 -3681.2059   49 2359 -3606.0000 -3749.3052  3.97%  1038 1320s
  3103  1576 -3678.2185   51 2318 -3606.0000 -3749.3052  3.97%  1039 1325s
  3111  1584 -3675.3794   53 2304 -3606.0000 -3749.3052  3.97%  1041 1330s
  3119  1592 -3671.1222   55 2273 -3606.0000 -3749.3052  3.97%  1043 1335s
  3127  1600 -3668.4066   55 2272 -3606.0000 -3749.3052  3.97%  1045 1340s
  3134  1607 -3662.9827   57 2271 -3606.0000 -3749.3052  3.97%  1047 1345s
  3144  1617 -3660.4034   58 2273 -3606.0000 -3749.3052  3.97%  1048 1350s
  3155  1628 -3654.9770   60 2240 -3606.0000 -3749.3052  3.97%  1048 1355s
  3166  1639 -3648.1926   62 2236 -3606.0000 -3749.3052  3.97%  1049 1360s
  3177  1650 -3643.1300   64 2223 -3606.0000 -3749.3052  3.97%  1050 1365s
  3190  1663 -3641.1662   68 2186 -3606.0000 -3749.3052  3.97%  1050 1370s
  3204  1677 -3635.0131   74 2085 -3606.0000 -3749.3052  3.97%  1050 1375s
  3219  1692 -3624.6709   79 2076 -3606.0000 -3749.3052  3.97%  1049 1380s
  3235  1708 -3618.3855   83 2025 -3606.0000 -3749.3052  3.97%  1049 1385s
  3252  1725 -3613.7755   86 1988 -3606.0000 -3749.3052  3.97%  1048 1390s
  3272  1729 -3744.8249   22 2849 -3606.0000 -3749.3007  3.97%  1047 1397s
  3274  1731 -3736.7948   24 2778 -3606.0000 -3749.3007  3.97%  1049 1401s
  3277  1734 -3729.9222   27 2693 -3606.0000 -3749.3007  3.97%  1051 1405s
  3281  1738 -3717.8479   31 2622 -3606.0000 -3749.3007  3.97%  1053 1411s
  3286  1743 -3706.8577   36 2567 -3606.0000 -3749.3007  3.97%  1055 1415s
  3291  1748 -3694.7846   41 2463 -3606.0000 -3749.3007  3.97%  1057 1420s
  3298  1755 -3679.1191   48 2373 -3606.0000 -3749.3007  3.97%  1059 1425s
  3307  1764 -3660.1640   57 2286 -3606.0000 -3749.3007  3.97%  1060 1430s
  3317  1774 -3634.6570   67 2182 -3606.0000 -3749.3007  3.97%  1061 1435s
  3338  1783     cutoff   80      -3606.0000 -3749.3007  3.97%  1059 1440s
  3341  1786 -3742.8991   23 2794 -3606.0000 -3749.1557  3.97%  1061 1445s
  3345  1790 -3738.2559   24 2776 -3606.0000 -3749.1557  3.97%  1063 1450s
  3348  1793 -3733.0219   26 2717 -3606.0000 -3749.1557  3.97%  1065 1455s
  3352  1797 -3735.7967   25 2739 -3606.0000 -3749.1557  3.97%  1067 1461s
  3355  1800 -3728.4834   28 2662 -3606.0000 -3749.1557  3.97%  1069 1465s
  3359  1804 -3724.4887   29 2644 -3606.0000 -3749.1557  3.97%  1071 1470s
  3364  1809 -3711.5263   33 2579 -3606.0000 -3749.1557  3.97%  1073 1475s
  3369  1814 -3704.3957   35 2545 -3606.0000 -3749.1557  3.97%  1075 1481s
  3374  1819 -3699.8431   37 2499 -3606.0000 -3749.1557  3.97%  1077 1485s
  3381  1826 -3692.5519   39 2476 -3606.0000 -3749.1557  3.97%  1078 1490s
  3386  1831 -3673.8281   44 2424 -3606.0000 -3749.1557  3.97%  1080 1495s
  3393  1838 -3667.4462   46 2372 -3606.0000 -3749.1557  3.97%  1082 1500s
  3399  1844 -3655.9656   49 2363 -3606.0000 -3749.1557  3.97%  1083 1505s
  3409  1854 -3642.3157   53 2309 -3606.0000 -3749.1557  3.97%  1084 1510s
  3419  1864 -3628.6015   57 2248 -3606.0000 -3749.1557  3.97%  1085 1515s
  3428  1873 -3623.5089   59 2261 -3606.0000 -3749.1557  3.97%  1086 1520s
  3437  1882 -3613.0414   62 2226 -3606.0000 -3749.1557  3.97%  1087 1525s
  3453  1884 -3744.6150   24 2816 -3606.0000 -3749.1537  3.97%  1087 1532s
  3455  1886 -3736.1053   26 2738 -3606.0000 -3749.1537  3.97%  1090 1537s
  3457  1888 -3728.4695   28 2692 -3606.0000 -3749.1537  3.97%  1091 1540s
  3462  1893 -3717.6910   33 2585 -3606.0000 -3749.1537  3.97%  1093 1545s
  3467  1898 -3702.7925   38 2493 -3606.0000 -3749.1537  3.97%  1094 1550s
  3472  1903 -3689.9485   43 2443 -3606.0000 -3749.1537  3.97%  1096 1555s
  3480  1911 -3670.5282   51 2330 -3606.0000 -3749.1537  3.97%  1097 1560s
  3490  1921 -3647.7257   61 2210 -3606.0000 -3749.1537  3.97%  1098 1565s
  3510  1941 -3615.9900   81 2077 -3606.0000 -3749.1537  3.97%  1096 1570s
  3524  1947 -3740.0519   25 2774 -3606.0000 -3748.1519  3.94%  1096 1576s
  3528  1951 -3731.3962   29 2670 -3606.0000 -3748.1519  3.94%  1097 1581s
  3533  1956 -3718.4321   34 2560 -3606.0000 -3748.1519  3.94%  1099 1585s
  3539  1962 -3706.4415   40 2482 -3606.0000 -3748.1519  3.94%  1100 1590s
  3546  1969 -3688.9216   47 2341 -3606.0000 -3748.1519  3.94%  1101 1595s
  3557  1980 -3663.9095   58 2219 -3606.0000 -3748.1519  3.94%  1102 1600s
  3571  1994 -3636.6442   72 2117 -3606.0000 -3748.1519  3.94%  1101 1605s
  3594  2009 -3744.2219   23 2834 -3606.0000 -3748.1504  3.94%  1099 1612s
  3596  2011 -3736.1182   25 2765 -3606.0000 -3748.1504  3.94%  1101 1616s
  3599  2014 -3728.1968   28 2690 -3606.0000 -3748.1504  3.94%  1102 1620s
  3604  2019 -3717.4018   33 2608 -3606.0000 -3748.1504  3.94%  1104 1625s
  3609  2024 -3706.0405   38 2530 -3606.0000 -3748.1504  3.94%  1106 1630s
  3615  2030 -3689.8102   44 2447 -3606.0000 -3748.1504  3.94%  1107 1635s
  3624  2039 -3672.0742   53 2304 -3606.0000 -3748.1504  3.94%  1108 1640s
  3634  2049 -3647.9561   63 2212 -3606.0000 -3748.1504  3.94%  1108 1645s
  3651  2066 -3620.3893   80 2043 -3606.0000 -3748.1504  3.94%  1107 1650s
  3668  2073 -3742.6572   23 2827 -3606.0000 -3747.6157  3.93%  1106 1656s
  3671  2076 -3734.1187   26 2719 -3606.0000 -3747.6157  3.93%  1107 1660s
  3675  2080 -3722.3913   30 2624 -3606.0000 -3747.6157  3.93%  1109 1665s
  3681  2086 -3708.1358   36 2517 -3606.0000 -3747.6157  3.93%  1111 1670s
  3687  2092 -3694.5313   42 2455 -3606.0000 -3747.6157  3.93%  1112 1675s
  3695  2100 -3672.0819   50 2369 -3606.0000 -3747.6157  3.93%  1113 1680s
  3706  2111 -3648.3530   61 2250 -3606.0000 -3747.6157  3.93%  1113 1685s
  3720  2125 -3616.8948   75 2117 -3606.0000 -3747.6157  3.93%  1113 1690s
  3732  2127 -3743.6435   23 2833 -3606.0000 -3747.6131  3.93%  1113 1695s
  3735  2130 -3735.9302   26 2735 -3606.0000 -3747.6131  3.93%  1114 1700s
  3739  2134 -3723.4685   30 2671 -3606.0000 -3747.6131  3.93%  1117 1705s
  3744  2139 -3712.0039   35 2570 -3606.0000 -3747.6131  3.93%  1118 1710s
  3751  2146 -3696.4803   42 2465 -3606.0000 -3747.6131  3.93%  1119 1715s
  3757  2152 -3680.7300   48 2401 -3606.0000 -3747.6131  3.93%  1121 1720s
  3767  2162 -3661.5202   58 2264 -3606.0000 -3747.6131  3.93%  1121 1725s
  3782  2177 -3632.5036   73 2124 -3606.0000 -3747.6131  3.93%  1120 1730s
  3804  2191 -3741.6979   23 2832 -3606.0000 -3747.3679  3.92%  1119 1737s
  3806  2193 -3738.9608   24 2794 -3606.0000 -3747.3679  3.92%  1120 1741s
  3809  2196 -3734.4394   26 2754 -3606.0000 -3747.3679  3.92%  1122 1745s
  3812  2199 -3730.5302   27 2744 -3606.0000 -3747.3679  3.92%  1124 1750s
  3816  2203 -3727.9361   29 2672 -3606.0000 -3747.3679  3.92%  1125 1755s
  3820  2207 -3722.8725   31 2633 -3606.0000 -3747.3679  3.92%  1126 1760s
  3826  2213 -3713.0604   34 2561 -3606.0000 -3747.3679  3.92%  1128 1765s
  3831  2218 -3707.4617   37 2519 -3606.0000 -3747.3679  3.92%  1129 1770s
  3837  2224 -3699.8257   40 2488 -3606.0000 -3747.3679  3.92%  1131 1775s
  3843  2230 -3692.2104   43 2456 -3606.0000 -3747.3679  3.92%  1132 1780s
  3848  2235 -3680.7959   45 2424 -3606.0000 -3747.3679  3.92%  1134 1785s
  3854  2241 -3680.1403   48 2404 -3606.0000 -3747.3679  3.92%  1135 1790s
  3861  2248 -3673.1152   52 2335 -3606.0000 -3747.3679  3.92%  1137 1795s
  3870  2257 -3665.6873   56 2250 -3606.0000 -3747.3679  3.92%  1137 1800s
  3880  2267 -3653.9040   61 2228 -3606.0000 -3747.3679  3.92%  1138 1805s
  3893  2280 -3645.2661   68 2186 -3606.0000 -3747.3679  3.92%  1138 1810s
  3911  2298 -3635.3023   77 2089 -3606.0000 -3747.3679  3.92%  1136 1815s
  3928  2315 -3619.7750   85 2023 -3606.0000 -3747.3679  3.92%  1135 1820s
  3953  2322 -3746.1172   23 2833 -3606.0000 -3747.2340  3.92%  1132 1826s
  3956  2325 -3738.6640   26 2743 -3606.0000 -3747.2340  3.92%  1135 1831s
  3960  2329 -3728.7332   30 2646 -3606.0000 -3747.2340  3.92%  1136 1836s
  3964  2333 -3718.5550   34 2580 -3606.0000 -3747.2340  3.92%  1137 1840s
  3971  2340 -3700.6185   41 2486 -3606.0000 -3747.2340  3.92%  1138 1845s
  3980  2349 -3682.8662   50 2379 -3606.0000 -3747.2340  3.92%  1139 1850s
  3988  2357 -3663.7936   58 2296 -3606.0000 -3747.2340  3.92%  1140 1856s
  3994  2363 -3648.8181   64 2239 -3606.0000 -3747.2340  3.92%  1140 1861s
  4004  2373 -3625.2322   74 2180 -3606.0000 -3747.2340  3.92%  1140 1865s
  4027  2380 -3743.3596   24 2810 -3606.0000 -3747.1882  3.92%  1138 1872s
  4029  2382 -3733.9965   26 2738 -3606.0000 -3747.1882  3.92%  1139 1876s
  4032  2385 -3724.2764   29 2675 -3606.0000 -3747.1882  3.92%  1141 1881s
  4037  2390 -3713.3853   34 2592 -3606.0000 -3747.1882  3.92%  1142 1885s
  4042  2395 -3702.0679   39 2479 -3606.0000 -3747.1882  3.92%  1143 1890s
  4048  2401 -3685.4291   45 2412 -3606.0000 -3747.1882  3.92%  1144 1895s
  4055  2408 -3668.4234   52 2329 -3606.0000 -3747.1882  3.92%  1146 1900s
  4064  2417 -3647.9622   61 2209 -3606.0000 -3747.1882  3.92%  1147 1905s
  4085  2438 -3618.3753   82 2026 -3606.0000 -3747.1882  3.92%  1144 1910s
  4096  2441 -3739.3221   24 2774 -3606.0000 -3747.1706  3.91%  1144 1915s
  4100  2445 -3734.6440   26 2726 -3606.0000 -3747.1706  3.91%  1146 1920s
  4102  2447 -3733.9870   25 2753 -3606.0000 -3747.1706  3.91%  1147 1925s
  4105  2450 -3733.2210   26 2725 -3606.0000 -3747.1706  3.91%  1149 1930s
  4109  2454 -3731.0828   27 2705 -3606.0000 -3747.1706  3.91%  1151 1935s
  4113  2458 -3729.1222   28 2688 -3606.0000 -3747.1706  3.91%  1152 1940s
  4117  2462 -3729.2970   27 2700 -3606.0000 -3747.1706  3.91%  1154 1945s
  4121  2466 -3723.9108   29 2672 -3606.0000 -3747.1706  3.91%  1156 1951s
  4124  2469 -3721.6044   31 2615 -3606.0000 -3747.1706  3.91%  1157 1955s
  4128  2473 -3718.6243   32 2593 -3606.0000 -3747.1706  3.91%  1158 1960s
  4133  2478 -3715.6300   32 2620 -3606.0000 -3747.1706  3.91%  1160 1965s
  4136  2481 -3713.7729   34 2580 -3606.0000 -3747.1706  3.91%  1162 1970s
  4141  2486 -3711.7330   35 2577 -3606.0000 -3747.1706  3.91%  1163 1975s
  4146  2491 -3710.0727   35 2526 -3606.0000 -3747.1706  3.91%  1164 1980s
  4151  2496 -3705.5020   38 2487 -3606.0000 -3747.1706  3.91%  1166 1985s
  4157  2502 -3699.7462   39 2491 -3606.0000 -3747.1706  3.91%  1167 1990s
  4162  2507 -3700.2366   40 2453 -3606.0000 -3747.1706  3.91%  1168 1995s
  4168  2513 -3694.3240   41 2453 -3606.0000 -3747.1706  3.91%  1169 2000s
  4175  2520 -3690.2989   42 2418 -3606.0000 -3747.1706  3.91%  1170 2005s
  4182  2527 -3686.8706   44 2403 -3606.0000 -3747.1706  3.91%  1171 2010s
  4188  2533 -3683.6973   45 2384 -3606.0000 -3747.1706  3.91%  1172 2015s
  4194  2539 -3681.0401   46 2373 -3606.0000 -3747.1706  3.91%  1173 2020s
  4197  2542 -3678.6955   46 2368 -3606.0000 -3747.1706  3.91%  1176 2025s
  4203  2548 -3672.8451   48 2351 -3606.0000 -3747.1706  3.91%  1177 2030s
  4209  2554 -3672.1547   49 2365 -3606.0000 -3747.1706  3.91%  1178 2035s
  4217  2562 -3669.4657   50 2361 -3606.0000 -3747.1706  3.91%  1180 2040s
  4223  2568 -3665.8071   52 2342 -3606.0000 -3747.1706  3.91%  1181 2045s
  4232  2577 -3660.1462   55 2272 -3606.0000 -3747.1706  3.91%  1182 2050s
  4241  2586 -3655.2170   56 2271 -3606.0000 -3747.1706  3.91%  1182 2055s
  4252  2597 -3645.9214   63 2175 -3606.0000 -3747.1706  3.91%  1182 2060s
  4265  2610 -3638.3838   66 2154 -3606.0000 -3747.1706  3.91%  1182 2065s
  4282  2627 -3627.8009   72 2083 -3606.0000 -3747.1706  3.91%  1181 2070s
  4300  2645 -3618.8238   76 2057 -3606.0000 -3747.1706  3.91%  1179 2075s
  4323  2668 -3608.2551   88 1876 -3606.0000 -3747.1706  3.91%  1176 2080s
  4331  2666 -3740.0493   25 2761 -3606.0000 -3747.1683  3.91%  1176 2085s
  4335  2670 -3729.6090   29 2682 -3606.0000 -3747.1683  3.91%  1178 2090s
  4340  2675 -3715.4052   34 2583 -3606.0000 -3747.1683  3.91%  1180 2096s
  4344  2679 -3704.3026   38 2507 -3606.0000 -3747.1683  3.91%  1181 2100s
  4350  2685 -3689.3202   44 2445 -3606.0000 -3747.1683  3.91%  1182 2105s
  4360  2695 -3665.0899   54 2300 -3606.0000 -3747.1683  3.91%  1182 2110s
  4370  2705 -3640.7760   64 2205 -3606.0000 -3747.1683  3.91%  1183 2115s
  4387  2722 -3608.2189   81 2092 -3606.0000 -3747.1683  3.91%  1181 2120s
  4396  2721 -3738.1812   25 2755 -3606.0000 -3747.0842  3.91%  1182 2125s
  4400  2725 -3728.6343   29 2668 -3606.0000 -3747.0842  3.91%  1183 2130s
  4405  2730 -3715.6556   34 2550 -3606.0000 -3747.0842  3.91%  1184 2135s
  4411  2736 -3703.0806   40 2468 -3606.0000 -3747.0842  3.91%  1185 2140s
  4419  2744 -3684.1253   48 2370 -3606.0000 -3747.0842  3.91%  1186 2145s
  4428  2753 -3664.4917   57 2279 -3606.0000 -3747.0842  3.91%  1186 2150s
  4444  2769 -3633.1175   73 2152 -3606.0000 -3747.0842  3.91%  1185 2155s
  4464  2781 -3610.0652   86 2022 -3606.0000 -3747.0842  3.91%  1184 2160s
  4471  2780 -3738.5632   25 2751 -3606.0000 -3747.0433  3.91%  1185 2166s
  4474  2783 -3727.5871   28 2701 -3606.0000 -3747.0433  3.91%  1186 2171s
  4477  2786 -3719.0874   31 2628 -3606.0000 -3747.0433  3.91%  1188 2175s
  4483  2792 -3706.4074   37 2553 -3606.0000 -3747.0433  3.91%  1189 2180s
  4488  2797 -3692.5562   42 2485 -3606.0000 -3747.0433  3.91%  1190 2185s
  4497  2806 -3669.5305   51 2363 -3606.0000 -3747.0433  3.91%  1190 2190s
  4506  2815 -3646.7507   60 2222 -3606.0000 -3747.0433  3.91%  1191 2195s
  4521  2830 -3614.5572   75 2120 -3606.0000 -3747.0433  3.91%  1190 2200s
  4530  2831 -3740.3982   24 2790 -3606.0000 -3747.0430  3.91%  1191 2205s
  4533  2834 -3731.9813   27 2701 -3606.0000 -3747.0430  3.91%  1192 2210s
  4536  2837 -3732.0314   27 2726 -3606.0000 -3747.0430  3.91%  1194 2215s
  4540  2841 -3730.5528   27 2709 -3606.0000 -3747.0430  3.91%  1196 2221s
  4543  2844 -3719.3617   30 2653 -3606.0000 -3747.0430  3.91%  1197 2225s
  4547  2848 -3717.3924   31 2613 -3606.0000 -3747.0430  3.91%  1198 2230s
  4552  2853 -3707.0521   34 2549 -3606.0000 -3747.0430  3.91%  1199 2235s
  4557  2858 -3692.7274   38 2481 -3606.0000 -3747.0430  3.91%  1200 2240s
  4563  2864 -3688.3281   40 2451 -3606.0000 -3747.0430  3.91%  1202 2246s
  4568  2869 -3686.4110   40 2452 -3606.0000 -3747.0430  3.91%  1203 2251s
  4573  2874 -3683.3497   41 2443 -3606.0000 -3747.0430  3.91%  1204 2255s
  4580  2881 -3664.3686   47 2338 -3606.0000 -3747.0430  3.91%  1205 2260s
H 4581  2854                    -3608.000000 -3747.0430  3.85%  1205 2260s
  4588  2863 -3651.2713   51 2317 -3608.0000 -3747.0430  3.85%  1206 2265s
  4597  2872 -3650.0863   54 2261 -3608.0000 -3747.0430  3.85%  1206 2270s
  4606  2881 -3646.8942   55 2241 -3608.0000 -3747.0430  3.85%  1207 2275s
  4615  2890 -3623.3421   62 2192 -3608.0000 -3747.0430  3.85%  1207 2280s
  4626  2901 -3618.6318   64 2180 -3608.0000 -3747.0430  3.85%  1207 2285s
  4651  2902 -3741.9775   23 2840 -3608.0000 -3746.9059  3.85%  1205 2293s
  4652  2903 -3739.8455   24 2802 -3608.0000 -3746.9059  3.85%  1206 2295s
  4655  2906 -3731.2063   27 2700 -3608.0000 -3746.9059  3.85%  1207 2300s
  4660  2911 -3719.9903   32 2614 -3608.0000 -3746.9059  3.85%  1208 2305s
  4666  2917 -3705.0760   38 2502 -3608.0000 -3746.9059  3.85%  1209 2310s
  4672  2923 -3684.8240   44 2429 -3608.0000 -3746.9059  3.85%  1210 2316s
  4680  2931 -3667.5169   52 2324 -3608.0000 -3746.9059  3.85%  1211 2320s
  4691  2942 -3643.7160   63 2229 -3608.0000 -3746.9059  3.85%  1211 2325s
  4707  2958 -3610.3016   79 2081 -3608.0000 -3746.9059  3.85%  1210 2330s
  4714  2957 -3735.1070   26 2728 -3608.0000 -3746.4299  3.84%  1211 2336s
  4717  2960 -3726.0356   29 2668 -3608.0000 -3746.4299  3.84%  1212 2341s
  4722  2965 -3715.3322   34 2560 -3608.0000 -3746.4299  3.84%  1213 2345s
  4728  2971 -3695.8374   40 2474 -3608.0000 -3746.4299  3.84%  1214 2350s
  4735  2978 -3677.8929   47 2389 -3608.0000 -3746.4299  3.84%  1215 2355s
  4744  2987 -3656.4276   56 2285 -3608.0000 -3746.4299  3.84%  1215 2360s
  4760  3003 -3628.9530   72 2091 -3608.0000 -3746.4299  3.84%  1214 2365s
  4780  3012 -3740.0659   24 2811 -3608.0000 -3746.4280  3.84%  1213 2372s
  4783  3015 -3733.0373   27 2745 -3608.0000 -3746.4280  3.84%  1214 2375s
  4787  3019 -3724.3706   31 2616 -3608.0000 -3746.4280  3.84%  1215 2380s
  4792  3024 -3712.1090   36 2561 -3608.0000 -3746.4280  3.84%  1216 2385s
  4797  3029 -3696.7879   41 2484 -3608.0000 -3746.4280  3.84%  1217 2390s
  4805  3037 -3679.1540   49 2369 -3608.0000 -3746.4280  3.84%  1218 2395s
  4815  3047 -3655.4907   59 2276 -3608.0000 -3746.4280  3.84%  1218 2400s
  4825  3057 -3632.2792   69 2173 -3608.0000 -3746.4280  3.84%  1218 2405s
  4846  3068 -3739.3769   24 2806 -3608.0000 -3746.1141  3.83%  1217 2413s
  4848  3070 -3734.6089   26 2738 -3608.0000 -3746.1141  3.83%  1217 2415s
  4852  3074 -3725.8816   30 2659 -3608.0000 -3746.1141  3.83%  1218 2420s
  4858  3080 -3712.5374   36 2571 -3608.0000 -3746.1141  3.83%  1219 2425s
  4864  3086 -3695.7488   42 2487 -3608.0000 -3746.1141  3.83%  1220 2430s
  4871  3093 -3682.2905   49 2367 -3608.0000 -3746.1141  3.83%  1221 2435s
  4881  3103 -3655.6513   59 2280 -3608.0000 -3746.1141  3.83%  1221 2440s
  4896  3118 -3632.0683   74 2140 -3608.0000 -3746.1141  3.83%  1220 2445s
  4923  3127 -3611.2538   85 2023 -3608.0000 -3746.1141  3.83%  1217 2450s
  4963  3127 -3610.3424   86 2017 -3608.0000 -3746.1141  3.83%  1210 2455s
  4971  3127 -3736.4047   26 2719 -3608.0000 -3744.9094  3.79%  1211 2461s
  4975  3131 -3726.6291   30 2623 -3608.0000 -3744.9094  3.79%  1212 2465s
  4980  3136 -3713.3418   35 2543 -3608.0000 -3744.9094  3.79%  1213 2470s
  4985  3141 -3700.3196   40 2504 -3608.0000 -3744.9094  3.79%  1214 2477s
  4988  3144 -3694.2929   43 2467 -3608.0000 -3744.9094  3.79%  1214 2481s
  4991  3147 -3688.5160   46 2385 -3608.0000 -3744.9094  3.79%  1214 2486s
  4999  3155 -3672.9394   54 2308 -3608.0000 -3744.9094  3.79%  1214 2490s
  5010  3166 -3644.7250   65 2215 -3608.0000 -3744.9094  3.79%  1214 2498s
  5015  3171 -3636.0682   70 2171 -3608.0000 -3744.9094  3.79%  1214 2500s
  5035  3183 -3740.4634   24 2824 -3608.0000 -3744.9039  3.79%  1212 2507s
  5038  3186 -3734.5437   27 2705 -3608.0000 -3744.9039  3.79%  1213 2510s
  5042  3190 -3724.7199   31 2660 -3608.0000 -3744.9039  3.79%  1214 2515s
  5047  3195 -3711.4949   36 2564 -3608.0000 -3744.9039  3.79%  1215 2520s
  5052  3200 -3701.2182   41 2471 -3608.0000 -3744.9039  3.79%  1217 2525s
  5060  3208 -3683.5793   49 2395 -3608.0000 -3744.9039  3.79%  1217 2530s
  5072  3220 -3660.2212   61 2257 -3608.0000 -3744.9039  3.79%  1217 2535s
  5088  3236 -3633.7479   77 2121 -3608.0000 -3744.9039  3.79%  1216 2540s
  5112  3246 -3739.4335   24 2828 -3608.0000 -3744.8065  3.79%  1214 2548s
  5114  3248 -3735.9929   25 2755 -3608.0000 -3744.8065  3.79%  1215 2551s
  5116  3250 -3733.4754   26 2737 -3608.0000 -3744.8065  3.79%  1216 2555s
  5120  3254 -3730.2659   28 2708 -3608.0000 -3744.8065  3.79%  1217 2560s
  5125  3259 -3725.4320   29 2687 -3608.0000 -3744.8065  3.79%  1219 2566s
  5128  3262 -3722.5411   31 2650 -3608.0000 -3744.8065  3.79%  1220 2570s
  5133  3267 -3722.6723   31 2644 -3608.0000 -3744.8065  3.79%  1221 2575s
  5137  3271 -3718.8543   32 2635 -3608.0000 -3744.8065  3.79%  1222 2580s
  5143  3277 -3716.4721   34 2605 -3608.0000 -3744.8065  3.79%  1223 2585s
  5147  3281 -3712.8151   35 2564 -3608.0000 -3744.8065  3.79%  1224 2590s
  5152  3286 -3711.5248   36 2553 -3608.0000 -3744.8065  3.79%  1225 2595s
  5156  3290 -3706.1761   38 2522 -3608.0000 -3744.8065  3.79%  1227 2600s
  5160  3294 -3706.6185   38 2513 -3608.0000 -3744.8065  3.79%  1228 2605s
  5164  3298 -3702.5547   40 2486 -3608.0000 -3744.8065  3.79%  1229 2610s
  5170  3304 -3702.0461   40 2503 -3608.0000 -3744.8065  3.79%  1230 2615s
  5174  3308 -3699.6450   41 2494 -3608.0000 -3744.8065  3.79%  1232 2620s
  5178  3312 -3694.0310   42 2493 -3608.0000 -3744.8065  3.79%  1233 2625s
  5185  3319 -3688.0554   45 2423 -3608.0000 -3744.8065  3.79%  1234 2630s
  5192  3326 -3684.3252   48 2375 -3608.0000 -3744.8065  3.79%  1235 2635s
  5198  3332 -3683.0489   49 2385 -3608.0000 -3744.8065  3.79%  1236 2640s
  5205  3339 -3677.6780   51 2330 -3608.0000 -3744.8065  3.79%  1237 2645s
H 5209  3302                    -3610.000000 -3744.8065  3.73%  1237 2648s
  5212  3307 -3673.1392   53 2310 -3610.0000 -3744.8065  3.73%  1237 2650s
  5221  3316 -3664.0340   54 2311 -3610.0000 -3744.8065  3.73%  1238 2655s
  5230  3325 -3661.4355   59 2228 -3610.0000 -3744.8065  3.73%  1239 2660s
  5238  3333 -3654.6508   61 2209 -3610.0000 -3744.8065  3.73%  1239 2665s
  5251  3346 -3649.0638   65 2176 -3610.0000 -3744.8065  3.73%  1239 2670s
  5267  3362 -3636.6443   73 2119 -3610.0000 -3744.8065  3.73%  1238 2675s
  5284  3379 -3631.2395   79 2034 -3610.0000 -3744.8065  3.73%  1237 2680s
  5298  3393 -3624.2087   81 2006 -3610.0000 -3744.8065  3.73%  1236 2685s
  5318  3413 -3615.3656   90 1935 -3610.0000 -3744.8065  3.73%  1234 2690s
  5339  3418 -3736.7421   25 2764 -3610.0000 -3744.6140  3.73%  1232 2696s
  5342  3421 -3728.1308   28 2698 -3610.0000 -3744.6140  3.73%  1233 2700s
  5346  3425 -3716.8554   32 2604 -3610.0000 -3744.6140  3.73%  1235 2706s
  5351  3430 -3707.1907   37 2500 -3610.0000 -3744.6140  3.73%  1235 2710s
  5358  3437 -3687.0645   44 2432 -3610.0000 -3744.6140  3.73%  1236 2715s
  5366  3445 -3670.4011   52 2342 -3610.0000 -3744.6140  3.73%  1236 2720s
  5378  3457 -3645.7100   64 2206 -3610.0000 -3744.6140  3.73%  1236 2725s
  5394  3473 -3615.2322   80 2057 -3610.0000 -3744.6140  3.73%  1236 2730s
  5402  3473 -3736.9977   26 2739 -3610.0000 -3744.5757  3.73%  1236 2735s
  5406  3477 -3722.9566   30 2672 -3610.0000 -3744.5757  3.73%  1237 2740s
  5410  3481 -3713.3573   34 2619 -3610.0000 -3744.5757  3.73%  1238 2745s
  5415  3486 -3700.6663   39 2504 -3610.0000 -3744.5757  3.73%  1239 2750s
  5422  3493 -3684.1155   46 2414 -3610.0000 -3744.5757  3.73%  1240 2755s
  5432  3503 -3659.6306   56 2300 -3610.0000 -3744.5757  3.73%  1240 2760s
  5441  3512 -3641.1546   65 2178 -3610.0000 -3744.5757  3.73%  1241 2765s
  5466  3533 -3614.3218   87 1960 -3610.0000 -3744.5757  3.73%  1238 2770s
  5474  3533 -3737.4107   26 2741 -3610.0000 -3744.5676  3.73%  1238 2775s
  5479  3538 -3726.2304   31 2614 -3610.0000 -3744.5676  3.73%  1239 2780s
  5484  3543 -3712.2382   36 2532 -3610.0000 -3744.5676  3.73%  1240 2785s
  5491  3550 -3696.6123   43 2434 -3610.0000 -3744.5676  3.73%  1240 2790s
  5500  3559 -3679.3973   52 2327 -3610.0000 -3744.5676  3.73%  1241 2795s
  5512  3571 -3654.3478   64 2219 -3610.0000 -3744.5676  3.73%  1241 2800s
  5529  3588 -3623.2465   81 2048 -3610.0000 -3744.5676  3.73%  1239 2805s
  5543  3590 -3738.2003   25 2792 -3610.0000 -3744.2377  3.72%  1241 2815s
  5547  3594 -3729.4592   29 2666 -3610.0000 -3744.2377  3.72%  1242 2820s
  5552  3599 -3716.1323   34 2558 -3610.0000 -3744.2377  3.72%  1243 2825s
  5557  3604 -3704.0476   39 2461 -3610.0000 -3744.2377  3.72%  1244 2830s
  5565  3612 -3689.9793   47 2354 -3610.0000 -3744.2377  3.72%  1244 2835s
  5575  3622 -3670.4706   57 2279 -3610.0000 -3744.2377  3.72%  1244 2840s
  5589  3636 -3639.5203   71 2130 -3610.0000 -3744.2377  3.72%  1244 2845s
  5609  3646 -3740.1480   25 2796 -3610.0000 -3744.2204  3.72%  1242 2851s
  5612  3649 -3735.1654   27 2728 -3610.0000 -3744.2204  3.72%  1243 2855s
  5616  3653 -3730.1913   29 2683 -3610.0000 -3744.2204  3.72%  1244 2860s
  5621  3658 -3725.5039   31 2614 -3610.0000 -3744.2204  3.72%  1245 2865s
  5626  3663 -3720.7921   34 2571 -3610.0000 -3744.2204  3.72%  1246 2870s
  5631  3668 -3715.5831   36 2516 -3610.0000 -3744.2204  3.72%  1247 2875s
  5636  3673 -3707.1268   39 2469 -3610.0000 -3744.2204  3.72%  1248 2880s
  5642  3679 -3700.5073   42 2456 -3610.0000 -3744.2204  3.72%  1248 2885s
  5647  3684 -3692.9876   44 2432 -3610.0000 -3744.2204  3.72%  1250 2891s
  5652  3689 -3686.2126   47 2359 -3610.0000 -3744.2204  3.72%  1251 2895s
  5659  3696 -3680.8261   50 2324 -3610.0000 -3744.2204  3.72%  1252 2900s
  5667  3704 -3670.8931   54 2305 -3610.0000 -3744.2204  3.72%  1252 2905s
  5677  3714 -3658.7078   59 2213 -3610.0000 -3744.2204  3.72%  1252 2910s
  5688  3725 -3645.6470   65 2164 -3610.0000 -3744.2204  3.72%  1253 2915s
  5701  3738 -3635.4235   71 2138 -3610.0000 -3744.2204  3.72%  1252 2920s
  5716  3753 -3625.6755   79 2019 -3610.0000 -3744.2204  3.72%  1252 2925s
  5740  3773 -3614.5998   91 1874 -3610.0000 -3744.2204  3.72%  1249 2930s
  5749  3772 -3737.0284   25 2769 -3610.0000 -3743.7339  3.70%  1249 2935s
  5752  3775 -3734.3361   26 2733 -3610.0000 -3743.7339  3.70%  1250 2940s
  5756  3779 -3734.0202   26 2754 -3610.0000 -3743.7339  3.70%  1252 2946s
  5760  3783 -3717.8320   31 2600 -3610.0000 -3743.7339  3.70%  1252 2950s
  5764  3787 -3714.7530   32 2588 -3610.0000 -3743.7339  3.70%  1253 2955s
  5769  3792 -3704.1105   36 2531 -3610.0000 -3743.7339  3.70%  1254 2960s
  5773  3796 -3696.5299   38 2503 -3610.0000 -3743.7339  3.70%  1255 2965s
  5778  3801 -3690.4875   40 2492 -3610.0000 -3743.7339  3.70%  1256 2970s
  5784  3807 -3685.3928   43 2450 -3610.0000 -3743.7339  3.70%  1257 2975s
  5791  3814 -3686.3830   44 2434 -3610.0000 -3743.7339  3.70%  1258 2980s
  5797  3820 -3679.1921   47 2386 -3610.0000 -3743.7339  3.70%  1259 2985s
  5804  3827 -3668.0441   50 2339 -3610.0000 -3743.7339  3.70%  1260 2990s
  5811  3834 -3664.6471   52 2321 -3610.0000 -3743.7339  3.70%  1260 2995s
  5819  3842 -3662.7737   53 2295 -3610.0000 -3743.7339  3.70%  1261 3000s
  5829  3852 -3635.4913   61 2207 -3610.0000 -3743.7339  3.70%  1261 3005s
  5838  3861 -3624.5280   66 2164 -3610.0000 -3743.7339  3.70%  1262 3010s
  5854  3870 -3618.5648   70 2136 -3610.0000 -3743.7339  3.70%  1261 3015s
  5866  3872 -3735.8281   26 2767 -3610.0000 -3743.6363  3.70%  1260 3021s
  5870  3876 -3724.8162   30 2660 -3610.0000 -3743.6363  3.70%  1261 3026s
  5874  3880 -3713.8235   34 2575 -3610.0000 -3743.6363  3.70%  1262 3030s
  5881  3887 -3696.4789   41 2453 -3610.0000 -3743.6363  3.70%  1263 3035s
  5888  3894 -3683.1808   48 2373 -3610.0000 -3743.6363  3.70%  1263 3040s
  5898  3904 -3662.5559   58 2280 -3610.0000 -3743.6363  3.70%  1263 3045s
  5909  3915 -3641.6179   69 2160 -3610.0000 -3743.6363  3.70%  1263 3050s
  5930  3928 -3739.4641   24 2818 -3610.0000 -3743.5975  3.70%  1262 3057s
  5932  3930 -3734.6640   26 2728 -3610.0000 -3743.5975  3.70%  1262 3060s
  5936  3934 -3723.5050   30 2657 -3610.0000 -3743.5975  3.70%  1264 3065s
  5940  3938 -3713.3653   34 2574 -3610.0000 -3743.5975  3.70%  1264 3070s
  5946  3944 -3695.9928   40 2510 -3610.0000 -3743.5975  3.70%  1266 3076s
  5951  3949 -3681.8794   45 2418 -3610.0000 -3743.5975  3.70%  1266 3080s
  5958  3956 -3665.0753   52 2332 -3610.0000 -3743.5975  3.70%  1267 3085s
  5971  3969 -3636.4353   65 2218 -3610.0000 -3743.5975  3.70%  1267 3090s
  5984  3982 -3615.8449   78 2082 -3610.0000 -3743.5975  3.70%  1266 3095s
  5994  3984 -3731.4834   26 2728 -3610.0000 -3743.5724  3.70%  1266 3101s
  5996  3986 -3726.6122   28 2696 -3610.0000 -3743.5724  3.70%  1267 3105s
  5999  3989 -3717.0250   31 2630 -3610.0000 -3743.5724  3.70%  1268 3110s
  6004  3994 -3702.9833   36 2554 -3610.0000 -3743.5724  3.70%  1269 3115s
  6010  4000 -3688.1096   42 2453 -3610.0000 -3743.5724  3.70%  1270 3120s
  6012  4002 -3682.5187   44 2428 -3610.0000 -3743.5724  3.70%  1270 3132s
  6016  4006 -3672.3532   48 2396 -3610.0000 -3743.5724  3.70%  1270 3135s
  6025  4015 -3650.4461   57 2281 -3610.0000 -3743.5724  3.70%  1271 3140s
  6042  4032 -3624.2485   74 2053 -3610.0000 -3743.5724  3.70%  1269 3145s
  6058  4040 -3736.1092   25 2761 -3610.0000 -3743.4882  3.70%  1268 3151s
  6061  4043 -3727.3311   28 2711 -3610.0000 -3743.4882  3.70%  1269 3155s
  6066  4048 -3717.2782   33 2601 -3610.0000 -3743.4882  3.70%  1270 3160s
  6072  4054 -3698.5989   39 2499 -3610.0000 -3743.4882  3.70%  1271 3166s
  6076  4058 -3683.5542   43 2459 -3610.0000 -3743.4882  3.70%  1272 3170s
  6087  4069 -3662.7201   54 2334 -3610.0000 -3743.4882  3.70%  1272 3175s
  6100  4082 -3638.1206   67 2204 -3610.0000 -3743.4882  3.70%  1271 3180s
  6124  4092 -3738.4209   25 2806 -3610.0000 -3743.3784  3.69%  1270 3188s
  6125  4093 -3736.2876   26 2763 -3610.0000 -3743.3784  3.69%  1270 3190s
  6129  4097 -3731.7457   28 2709 -3610.0000 -3743.3784  3.69%  1271 3196s
  6132  4100 -3731.3134   28 2703 -3610.0000 -3743.3784  3.69%  1272 3200s
  6136  4104 -3725.7778   30 2680 -3610.0000 -3743.3784  3.69%  1273 3205s
  6139  4107 -3726.3127   30 2673 -3610.0000 -3743.3784  3.69%  1274 3210s
  6144  4112 -3723.5777   31 2665 -3610.0000 -3743.3784  3.69%  1276 3217s
  6147  4115 -3721.3794   32 2620 -3610.0000 -3743.3784  3.69%  1277 3220s
  6151  4119 -3718.8629   33 2599 -3610.0000 -3743.3784  3.69%  1277 3225s
  6156  4124 -3718.2139   33 2605 -3610.0000 -3743.3784  3.69%  1278 3230s
  6160  4128 -3716.4518   34 2588 -3610.0000 -3743.3784  3.69%  1279 3235s
  6165  4133 -3712.0823   35 2574 -3610.0000 -3743.3784  3.69%  1280 3240s
  6170  4138 -3711.4741   36 2528 -3610.0000 -3743.3784  3.69%  1281 3245s
  6174  4142 -3709.6483   37 2521 -3610.0000 -3743.3784  3.69%  1282 3250s
  6178  4146 -3709.6310   37 2501 -3610.0000 -3743.3784  3.69%  1283 3255s
  6182  4150 -3707.3070   37 2526 -3610.0000 -3743.3784  3.69%  1284 3260s
  6187  4155 -3702.8183   39 2492 -3610.0000 -3743.3784  3.69%  1285 3265s
  6194  4162 -3701.3659   40 2461 -3610.0000 -3743.3784  3.69%  1285 3270s
  6199  4167 -3698.7138   41 2456 -3610.0000 -3743.3784  3.69%  1286 3275s
  6204  4172 -3696.7830   42 2448 -3610.0000 -3743.3784  3.69%  1287 3280s
  6211  4179 -3692.2938   43 2432 -3610.0000 -3743.3784  3.69%  1287 3285s
  6217  4185 -3689.2897   45 2434 -3610.0000 -3743.3784  3.69%  1288 3290s
  6224  4192 -3685.3626   46 2409 -3610.0000 -3743.3784  3.69%  1289 3295s
  6231  4199 -3682.2956   48 2376 -3610.0000 -3743.3784  3.69%  1289 3300s
  6238  4206 -3676.6915   50 2364 -3610.0000 -3743.3784  3.69%  1290 3305s
  6248  4216 -3670.1940   52 2336 -3610.0000 -3743.3784  3.69%  1290 3310s
  6258  4226 -3662.6699   57 2271 -3610.0000 -3743.3784  3.69%  1290 3315s
  6267  4235 -3654.8918   59 2235 -3610.0000 -3743.3784  3.69%  1290 3320s
  6278  4246 -3645.4350   63 2192 -3610.0000 -3743.3784  3.69%  1290 3325s
  6294  4262 -3640.3121   70 2104 -3610.0000 -3743.3784  3.69%  1289 3330s
  6310  4278 -3633.1174   75 2087 -3610.0000 -3743.3784  3.69%  1288 3335s
  6325  4293 -3624.8943   79 2077 -3610.0000 -3743.3784  3.69%  1287 3340s
  6342  4310 -3615.2723   85 1981 -3610.0000 -3743.3784  3.69%  1286 3345s
  6359  4311 -3738.8786   24 2807 -3610.0000 -3743.3435  3.69%  1285 3351s
  6362  4314 -3731.2090   27 2683 -3610.0000 -3743.3435  3.69%  1286 3356s
  6366  4318 -3720.0590   31 2615 -3610.0000 -3743.3435  3.69%  1287 3361s
  6370  4322 -3709.3055   35 2551 -3610.0000 -3743.3435  3.69%  1287 3365s
  6377  4329 -3690.1528   42 2429 -3610.0000 -3743.3435  3.69%  1288 3370s
  6385  4337 -3671.3859   50 2318 -3610.0000 -3743.3435  3.69%  1289 3375s
  6397  4349 -3645.5736   62 2196 -3610.0000 -3743.3435  3.69%  1288 3380s
  6415  4367 -3612.3539   80 2028 -3610.0000 -3743.3435  3.69%  1287 3385s
  6422  4366 -3733.4067   26 2733 -3610.0000 -3743.3288  3.69%  1287 3390s
  6427  4371 -3720.1042   31 2596 -3610.0000 -3743.3288  3.69%  1288 3396s
  6433  4377 -3704.8497   37 2490 -3610.0000 -3743.3288  3.69%  1289 3400s
  6439  4383 -3692.6291   43 2383 -3610.0000 -3743.3288  3.69%  1289 3405s
  6447  4391 -3673.5748   51 2333 -3610.0000 -3743.3288  3.69%  1289 3410s
  6456  4400 -3655.6264   60 2218 -3610.0000 -3743.3288  3.69%  1290 3415s
  6472  4416 -3623.5921   76 2060 -3610.0000 -3743.3288  3.69%  1289 3420s
  6487  4421 -3738.6161   26 2744 -3610.0000 -3743.2528  3.69%  1288 3425s
  6491  4425 -3724.5952   30 2677 -3610.0000 -3743.2528  3.69%  1289 3431s
  6496  4430 -3713.8701   35 2542 -3610.0000 -3743.2528  3.69%  1290 3435s
  6502  4436 -3697.2278   41 2485 -3610.0000 -3743.2528  3.69%  1290 3440s
  6506  4440 -3683.6659   45 2430 -3610.0000 -3743.2528  3.69%  1291 3445s
  6515  4449 -3659.8075   54 2315 -3610.0000 -3743.2528  3.69%  1292 3450s
  6528  4462 -3630.1577   67 2207 -3610.0000 -3743.2528  3.69%  1291 3455s
  6544  4466 -3740.5652   25 2800 -3610.0000 -3743.2269  3.69%  1290 3461s
  6547  4469 -3732.6475   28 2708 -3610.0000 -3743.2269  3.69%  1291 3465s
  6552  4474 -3718.6026   33 2592 -3610.0000 -3743.2269  3.69%  1292 3470s
  6557  4479 -3705.2384   38 2504 -3610.0000 -3743.2269  3.69%  1293 3475s
  6563  4485 -3691.1710   44 2409 -3610.0000 -3743.2269  3.69%  1293 3480s
  6573  4495 -3669.1356   54 2305 -3610.0000 -3743.2269  3.69%  1293 3485s
  6584  4506 -3645.1248   65 2177 -3610.0000 -3743.2269  3.69%  1293 3490s
  6598  4520 -3617.4977   79 2055 -3610.0000 -3743.2269  3.69%  1293 3495s
  6608  4522 -3734.8814   26 2743 -3610.0000 -3743.2247  3.69%  1293 3501s
  6611  4525 -3723.6387   29 2685 -3610.0000 -3743.2247  3.69%  1294 3506s
  6615  4529 -3712.7429   33 2615 -3610.0000 -3743.2247  3.69%  1295 3511s
  6620  4534 -3700.1592   38 2531 -3610.0000 -3743.2247  3.69%  1295 3515s
  6625  4539 -3686.0267   43 2464 -3610.0000 -3743.2247  3.69%  1296 3520s
  6633  4547 -3669.6989   51 2368 -3610.0000 -3743.2247  3.69%  1297 3525s
  6644  4558 -3643.9748   62 2258 -3610.0000 -3743.2247  3.69%  1297 3530s
  6663  4577 -3616.0434   81 2052 -3610.0000 -3743.2247  3.69%  1295 3535s
  6676  4576 -3736.6845   25 2786 -3610.0000 -3743.1568  3.69%  1294 3540s
  6680  4580 -3726.3766   29 2686 -3610.0000 -3743.1568  3.69%  1295 3545s
  6685  4585 -3714.8645   34 2608 -3610.0000 -3743.1568  3.69%  1296 3550s
  6691  4591 -3699.2094   40 2494 -3610.0000 -3743.1568  3.69%  1296 3555s
  6699  4599 -3680.9743   48 2364 -3610.0000 -3743.1568  3.69%  1297 3560s
  6709  4609 -3658.9482   58 2243 -3610.0000 -3743.1568  3.69%  1297 3565s
  6720  4620 -3635.6056   69 2130 -3610.0000 -3743.1568  3.69%  1297 3570s
  6740  4630 -3738.8909   26 2783 -3610.0000 -3743.0449  3.69%  1296 3577s
  6742  4632 -3732.3078   28 2696 -3610.0000 -3743.0449  3.69%  1296 3580s
  6746  4636 -3722.8307   32 2624 -3610.0000 -3743.0449  3.69%  1297 3585s
  6752  4642 -3705.7094   38 2484 -3610.0000 -3743.0449  3.69%  1298 3590s
  6758  4648 -3688.7720   44 2389 -3610.0000 -3743.0449  3.69%  1298 3595s
  6766  4656 -3667.7573   52 2314 -3610.0000 -3743.0449  3.69%  1299 3600s
  6779  4669 -3637.5856   65 2192 -3610.0000 -3743.0449  3.69%  1298 3605s
  6801  4679 -3736.9947   26 2778 -3610.0000 -3742.9896  3.68%  1297 3613s
  6803  4681 -3730.8622   28 2693 -3610.0000 -3742.9896  3.68%  1297 3615s
  6807  4685 -3723.9782   31 2649 -3610.0000 -3742.9896  3.68%  1298 3620s
  6812  4690 -3713.6892   34 2609 -3610.0000 -3742.9896  3.68%  1299 3625s
  6815  4693 -3705.5638   37 2566 -3610.0000 -3742.9896  3.68%  1300 3630s
  6821  4699 -3700.8789   39 2527 -3610.0000 -3742.9896  3.68%  1301 3635s
  6827  4705 -3696.1971   40 2538 -3610.0000 -3742.9896  3.68%  1301 3640s
  6833  4711 -3690.1175   43 2456 -3610.0000 -3742.9896  3.68%  1302 3645s
  6840  4718 -3681.2577   45 2419 -3610.0000 -3742.9896  3.68%  1302 3650s
  6847  4725 -3674.5805   47 2400 -3610.0000 -3742.9896  3.68%  1303 3655s
  6854  4732 -3669.0858   49 2397 -3610.0000 -3742.9896  3.68%  1303 3660s
  6862  4740 -3659.9093   51 2394 -3610.0000 -3742.9896  3.68%  1304 3665s
  6871  4749 -3648.8240   55 2324 -3610.0000 -3742.9896  3.68%  1304 3670s
  6880  4758 -3639.6257   59 2317 -3610.0000 -3742.9896  3.68%  1304 3675s
  6890  4768 -3614.2574   65 2235 -3610.0000 -3742.9896  3.68%  1305 3681s
  6909  4775 -3739.7165   25 2758 -3610.0000 -3742.9879  3.68%  1303 3688s
  6910  4776 -3735.4386   26 2730 -3610.0000 -3742.9879  3.68%  1304 3690s
  6914  4780 -3723.1276   30 2640 -3610.0000 -3742.9879  3.68%  1305 3695s
  6920  4786 -3707.2262   36 2520 -3610.0000 -3742.9879  3.68%  1305 3700s
  6927  4793 -3691.4685   43 2437 -3610.0000 -3742.9879  3.68%  1305 3705s
  6935  4801 -3671.2199   51 2347 -3610.0000 -3742.9879  3.68%  1306 3710s
  6946  4812 -3647.5225   62 2198 -3610.0000 -3742.9879  3.68%  1306 3715s
  6962  4828 -3619.8565   78 2071 -3610.0000 -3742.9879  3.68%  1305 3720s
  6987  4829 -3612.4747   81 2031 -3610.0000 -3742.9879  3.68%  1302 3725s
  7008  4826 -3737.6573   25 2766 -3610.0000 -3742.6566  3.67%  1300 3730s
  7012  4830 -3728.1711   29 2643 -3610.0000 -3742.6566  3.67%  1301 3735s
  7014  4832 -3722.7132   31 2625 -3610.0000 -3742.6566  3.67%  1301 3756s
  7017  4835 -3716.4669   34 2572 -3610.0000 -3742.6566  3.67%  1302 3760s
  7023  4841 -3702.4334   40 2489 -3610.0000 -3742.6566  3.67%  1302 3765s
  7032  4850 -3681.6228   49 2373 -3610.0000 -3742.6566  3.67%  1302 3770s
  7042  4860 -3658.9506   59 2267 -3610.0000 -3742.6566  3.67%  1303 3775s
  7055  4873 -3636.0413   72 2157 -3610.0000 -3742.6566  3.67%  1302 3780s
  7075  4881 -3737.8331   24 2817 -3610.0000 -3742.2377  3.66%  1301 3787s
  7077  4883 -3732.3446   26 2739 -3610.0000 -3742.2377  3.66%  1301 3790s
  7080  4886 -3732.0455   26 2739 -3610.0000 -3742.2377  3.66%  1302 3795s
  7083  4889 -3728.9962   27 2701 -3610.0000 -3742.2377  3.66%  1303 3800s
  7087  4893 -3728.1169   27 2710 -3610.0000 -3742.2377  3.66%  1304 3805s
  7090  4896 -3727.1717   28 2706 -3610.0000 -3742.2377  3.66%  1305 3810s
  7094  4900 -3721.7367   29 2657 -3610.0000 -3742.2377  3.66%  1306 3816s
  7098  4904 -3721.7851   30 2650 -3610.0000 -3742.2377  3.66%  1307 3820s
  7103  4909 -3719.6340   31 2662 -3610.0000 -3742.2377  3.66%  1307 3825s
  7107  4913 -3720.3684   30 2648 -3610.0000 -3742.2377  3.66%  1308 3830s
  7112  4918 -3715.8802   33 2620 -3610.0000 -3742.2377  3.66%  1309 3835s
  7118  4924 -3710.1509   35 2574 -3610.0000 -3742.2377  3.66%  1310 3841s
  7122  4928 -3709.9975   36 2543 -3610.0000 -3742.2377  3.66%  1310 3845s
  7127  4933 -3706.4364   36 2547 -3610.0000 -3742.2377  3.66%  1311 3850s
  7132  4938 -3704.9589   38 2515 -3610.0000 -3742.2377  3.66%  1311 3855s
  7139  4945 -3698.5661   41 2486 -3610.0000 -3742.2377  3.66%  1312 3860s
  7144  4950 -3698.4774   40 2494 -3610.0000 -3742.2377  3.66%  1313 3865s
  7151  4957 -3690.8432   43 2428 -3610.0000 -3742.2377  3.66%  1313 3870s
  7157  4963 -3687.7816   45 2422 -3610.0000 -3742.2377  3.66%  1314 3875s
  7164  4970 -3682.6602   48 2371 -3610.0000 -3742.2377  3.66%  1314 3880s
  7171  4977 -3676.8313   50 2358 -3610.0000 -3742.2377  3.66%  1315 3885s
  7179  4985 -3675.1685   52 2323 -3610.0000 -3742.2377  3.66%  1315 3890s
  7187  4993 -3670.0388   54 2305 -3610.0000 -3742.2377  3.66%  1315 3895s
  7197  5003 -3663.5404   56 2285 -3610.0000 -3742.2377  3.66%  1316 3900s
  7209  5015 -3653.3379   61 2237 -3610.0000 -3742.2377  3.66%  1315 3905s
  7220  5026 -3644.3340   67 2197 -3610.0000 -3742.2377  3.66%  1315 3910s
  7232  5038 -3637.9420   71 2158 -3610.0000 -3742.2377  3.66%  1315 3915s
  7246  5052 -3631.7030   75 2100 -3610.0000 -3742.2377  3.66%  1315 3920s
  7261  5067 -3624.8535   80 2069 -3610.0000 -3742.2377  3.66%  1314 3925s
  7281  5087 -3615.1506   86 1989 -3610.0000 -3742.2377  3.66%  1312 3930s
  7297  5089 -3734.2546   25 2771 -3610.0000 -3742.1932  3.66%  1311 3936s
  7300  5092 -3726.0693   28 2687 -3610.0000 -3742.1932  3.66%  1312 3940s
  7304  5096 -3716.4380   32 2615 -3610.0000 -3742.1932  3.66%  1313 3945s
  7311  5103 -3701.8030   39 2487 -3610.0000 -3742.1932  3.66%  1313 3950s
  7317  5109 -3687.1745   45 2386 -3610.0000 -3742.1932  3.66%  1314 3955s
  7326  5118 -3664.5530   54 2280 -3610.0000 -3742.1932  3.66%  1314 3960s
  7338  5130 -3636.9865   66 2149 -3610.0000 -3742.1932  3.66%  1314 3965s
  7362  5146 -3736.5070   25 2775 -3610.0000 -3742.1927  3.66%  1312 3972s
  7364  5148 -3732.1899   26 2733 -3610.0000 -3742.1927  3.66%  1312 3975s
  7368  5152 -3727.7013   28 2691 -3610.0000 -3742.1927  3.66%  1314 3982s
  7370  5154 -3724.4714   29 2661 -3610.0000 -3742.1927  3.66%  1314 3985s
  7375  5159 -3720.4680   32 2621 -3610.0000 -3742.1927  3.66%  1315 3990s
  7380  5164 -3714.8484   34 2557 -3610.0000 -3742.1927  3.66%  1315 3995s
  7385  5169 -3707.9332   37 2512 -3610.0000 -3742.1927  3.66%  1316 4000s
  7392  5176 -3699.0269   40 2460 -3610.0000 -3742.1927  3.66%  1316 4005s
  7399  5183 -3691.1760   44 2389 -3610.0000 -3742.1927  3.66%  1317 4010s
  7405  5189 -3682.9747   47 2366 -3610.0000 -3742.1927  3.66%  1317 4015s
  7412  5196 -3674.7721   50 2334 -3610.0000 -3742.1927  3.66%  1318 4020s
  7422  5206 -3665.4293   55 2293 -3610.0000 -3742.1927  3.66%  1318 4025s
  7431  5215 -3657.2220   60 2248 -3610.0000 -3742.1927  3.66%  1318 4030s
  7442  5226 -3644.6282   65 2207 -3610.0000 -3742.1927  3.66%  1318 4035s
  7457  5241 -3638.0257   73 2124 -3610.0000 -3742.1927  3.66%  1317 4040s
  7474  5258 -3624.1643   81 2082 -3610.0000 -3742.1927  3.66%  1316 4045s
  7492  5276 -3612.3042   90 2018 -3610.0000 -3742.1927  3.66%  1315 4050s
  7505  5277 -3736.1303   25 2787 -3610.0000 -3742.1566  3.66%  1314 4055s
  7509  5281 -3725.2447   29 2685 -3610.0000 -3742.1566  3.66%  1315 4060s
  7513  5285 -3714.8755   33 2610 -3610.0000 -3742.1566  3.66%  1316 4065s
  7519  5291 -3700.7472   39 2501 -3610.0000 -3742.1566  3.66%  1316 4070s
  7527  5299 -3683.3486   47 2414 -3610.0000 -3742.1566  3.66%  1317 4075s
  7536  5308 -3664.2177   56 2302 -3610.0000 -3742.1566  3.66%  1317 4080s
  7547  5319 -3642.2280   67 2206 -3610.0000 -3742.1566  3.66%  1317 4085s
  7569  5337 -3612.1597   86 2044 -3610.0000 -3742.1566  3.66%  1315 4090s
  7576  5336 -3733.3107   26 2756 -3610.0000 -3741.9903  3.66%  1315 4095s

Cutting planes:
  Gomory: 17
  MIR: 107
  Flow cover: 1469
  Zero half: 522
  Mod-K: 6
  RLT: 127
  BQP: 183

Explored 7577 nodes (9969547 simplex iterations) in 4096.00 seconds (4833.33 work units)
Thread count was 1 (of 72 available processors)

Solution count 10: -3610 -3608 -3606 ... -3580

Time limit reached
Best objective -3.610000000000e+03, best bound -3.740000000000e+03, gap 3.6011%

User-callback calls 115362, time in user-callback 0.57 sec

BQP_SOLUTION, 598, 2559, -1318.000000, 4096.000716, -1, 1, 1, 1, -1, -1, 1, -1, -1, 1, -1, -1, -1, -1, -1, 1, -1, 1, -1, -1, 1, -1, -1, 1, -1, -1, -1, -1, -1, -1, -1, 1, -1, -1, -1, -1, -1, -1, 1, -1, 1, -1, -1, 1, -1, -1, 1, -1, -1, -1, 1, -1, -1, -1, -1, -1, 1, -1, 1, -1, 1, -1, 1, -1, 1, 1, -1, -1, -1, -1, 1, -1, 1, -1, 1, 1, 1, -1, -1, 1, 1, -1, 1, 1, 1, 1, -1, 1, -1, 1, 1, -1, 1, 1, 1, 1, 1, 1, -1, 1, 1, 1, -1, -1, 1, -1, 1, 1, -1, -1, 1, -1, 1, 1, 1, 1, -1, 1, 1, 1, -1, 1, 1, 1, -1, 1, 1, 1, -1, 1, -1, 1, 1, -1, 1, -1, 1, 1, 1, -1, 1, 1, 1, 1, 1, -1, 1, 1, 1, 1, -1, 1, 1, 1, -1, 1, 1, 1, 1, -1, -1, -1, 1, -1, 1, -1, 1, 1, -1, 1, 1, -1, 1, 1, 1, 1, 1, 1, 1, 1, 1, 1, 1, -1, 1, 1, 1, 1, -1, 1, 1, 1, 1, 1, 1, 1, 1, 1, -1, 1, 1, 1, 1, -1, 1, 1, 1, 1, -1, 1, 1, 1, -1, 1, 1, 1, 1, 1, 1, 1, 1, 1, 1, -1, -1, 1, 1, -1, 1, 1, 1, 1, 1, 1, 1, 1, 1, -1, 1, 1, 1, 1, -1, 1, 1, 1, -1, 1, 1, 1, 1, 1, -1, 1, 1, -1, 1, -1, 1, 1, 1, 1, -1, 1, 1, 1, 1, -1, 1, 1, 1, 1, -1, 1, 1, -1, 1, 1, 1, 1, 1, 1, -1, -1, 1, -1, 1, -1, 1, 1, 1, 1, 1, -1, 1, -1, 1, -1, -1, 1, -1, -1, -1, -1, 1, -1, 1, -1, -1, -1, -1, -1, -1, -1, 1, 1, -1, -1, -1, -1, -1, -1, -1, 1, -1, -1, 1, -1, 1, -1, 1, -1, -1, 1, 1, 1, -1, -1, 1, -1, -1, -1, -1, 1, -1, 1, -1, -1, -1, -1, 1, -1, -1, 1, 1, 1, -1, -1, -1, 1, -1, -1, 1, -1, 1, -1, -1, 1, 1, -1, -1, -1, 1, 1, -1, 1, -1, 1, 1, 1, -1, -1, -1, 1, 1, 1, -1, 1, 1, 1, -1, -1, -1, 1, -1, -1, -1, -1, -1, -1, -1, -1, -1, 1, 1, -1, -1, -1, 1, 1, -1, -1, -1, 1, 1, -1, -1, -1, 1, -1, -1, 1, 1, 1, -1, -1, -1, -1, 1, -1, -1, -1, 1, 1, -1, -1, -1, -1, 1, 1, -1, -1, -1, 1, -1, -1, 1, -1, 1, -1, -1, 1, -1, 1, -1, -1, -1, 1, 1, -1, -1, -1, -1, 1, -1, -1, -1, -1, 1, 1, -1, -1, 1, -1, 1, -1, -1, -1, 1, 1, -1, 1, 1, 1, -1, -1, 1, -1, 1, 1, -1, 1, -1, 1, -1, -1, 1, 1, 1, 1, -1, -1, 1, 1, 1, -1, -1, 1, -1, 1, -1, -1, 1, 1, 1, -1, 1, 1, 1, -1, 1, -1, 1, 1, 1, -1, -1, 1, 1, 1, -1, 1, 1, 1, 1, 1, -1, 1, 1, -1, 1, 1, -1, 1, -1, 1, -1, 1, -1, -1, 1, -1, -1, -1, -1, 1, -1, 1, 1, -1, 1, -1, 1, 1, -1, 1, -1, -1, 1, -1, 1, 1, -1, 1, 1, 1, -1, -1, 1, 1, -1, 1, -1, 1, -1, 1, 1, -1, 1, 1, 1, -1, -1, 1, -1, -1, 1, -1
BQP_DATA, 598, 2559, -1318.000000, -1448.000000, -3610.000000, -3740.000000, 4096.000716, 2121, 7577
