Set parameter TSPort to value 51199
Set parameter TokenServer to value "open-license1.lanl.gov"
Set parameter TimeLimit to value 64
Set parameter Threads to value 1
Gurobi Optimizer version 10.0.3 build v10.0.3rc0 (linux64)

CPU model: Intel(R) Xeon(R) CPU E5-2695 v4 @ 2.10GHz, instruction set [SSE2|AVX|AVX2]
Thread count: 36 physical cores, 72 logical processors, using up to 1 threads

Optimize a model with 0 rows, 215 columns and 0 nonzeros
Model fingerprint: 0x4ee289df
Model has 869 quadratic objective terms
Variable types: 0 continuous, 215 integer (215 binary)
Coefficient statistics:
  Matrix range     [0e+00, 0e+00]
  Objective range  [2e+00, 3e+01]
  QObjective range [8e+00, 8e+00]
  Bounds range     [1e+00, 1e+00]
  RHS range        [0e+00, 0e+00]
Found heuristic solution: objective 0.0000000
Found heuristic solution: objective -346.0000000
Found heuristic solution: objective -1206.000000
Presolve time: 0.26s
Presolved: 869 rows, 1084 columns, 2607 nonzeros
Variable types: 0 continuous, 1084 integer (1084 binary)

Root relaxation: objective -1.615000e+03, 242 iterations, 0.00 seconds (0.00 work units)

    Nodes    |    Current Node    |     Objective Bounds      |     Work
 Expl Unexpl |  Obj  Depth IntInf | Incumbent    BestBd   Gap | It/Node Time

     0     0 -1615.0000    0  215 -1206.0000 -1615.0000  33.9%     -    0s
     0     0 -1449.0000    0  306 -1206.0000 -1449.0000  20.1%     -    0s
     0     0 -1449.0000    0  303 -1206.0000 -1449.0000  20.1%     -    0s
     0     0 -1407.0000    0  332 -1206.0000 -1407.0000  16.7%     -    0s
     0     0 -1407.0000    0  332 -1206.0000 -1407.0000  16.7%     -    0s
     0     2 -1406.5000    0  327 -1206.0000 -1406.5000  16.6%     -    0s
   564   502 -1249.0000   29  842 -1206.0000 -1285.8007  6.62%  68.4    5s
   621   542 -1265.0000   24  913 -1206.0000 -1267.8890  5.13%   103   10s
H  688   556                    -1212.000000 -1264.1962  4.31%   156   14s
   696   555 -1257.7702   30  816 -1212.0000 -1264.1919  4.31%   161   15s
H  707   526                    -1222.000000 -1264.1919  3.45%   169   16s
*  733   506              49    -1228.000000 -1264.1919  2.95%   178   17s
   776   512 -1256.9210   30  814 -1228.0000 -1262.8334  2.84%   198   20s
   855   543 -1255.2759   31  820 -1228.0000 -1261.1517  2.70%   230   25s
   961   538 -1231.2168   39  719 -1228.0000 -1259.5480  2.57%   251   30s
  1044   558     cutoff   41      -1228.0000 -1258.5669  2.49%   274   35s
  1133   570 -1238.6852   38  774 -1228.0000 -1256.8991  2.35%   292   40s
  1240   569 -1245.1979   34  753 -1228.0000 -1256.1794  2.29%   300   45s
  1342   585 -1231.5619   39  726 -1228.0000 -1255.2361  2.22%   308   50s
  1459   565 -1236.9531   36  752 -1228.0000 -1254.5670  2.16%   316   55s
  1569   574 -1241.0709   35  744 -1228.0000 -1253.6257  2.09%   324   60s

Cutting planes:
  Gomory: 21
  MIR: 43
  Flow cover: 25
  Zero half: 410
  RLT: 46
  BQP: 74

Explored 1662 nodes (549221 simplex iterations) in 64.00 seconds (60.41 work units)
Thread count was 1 (of 72 available processors)

Solution count 6: -1228 -1222 -1212 ... 0

Time limit reached
Best objective -1.228000000000e+03, best bound -1.252000000000e+03, gap 1.9544%

User-callback calls 7142, time in user-callback 0.03 sec

BQP_SOLUTION, 215, 869, -482.000000, 64.000332, 1, 1, 1, -1, 1, -1, -1, 1, 1, 1, 1, 1, -1, 1, 1, 1, 1, 1, 1, 1, 1, 1, 1, 1, 1, 1, 1, 1, 1, 1, 1, 1, 1, -1, 1, 1, 1, 1, 1, 1, 1, 1, 1, 1, 1, 1, 1, 1, 1, 1, 1, 1, 1, 1, 1, 1, 1, -1, 1, 1, -1, 1, 1, 1, 1, 1, 1, 1, 1, -1, 1, 1, 1, 1, 1, 1, 1, 1, 1, 1, 1, 1, 1, 1, 1, 1, 1, 1, 1, 1, 1, -1, 1, 1, 1, 1, 1, 1, 1, 1, 1, 1, 1, -1, 1, -1, 1, -1, 1, -1, -1, -1, -1, -1, 1, -1, -1, -1, -1, 1, -1, -1, -1, 1, -1, -1, -1, 1, -1, -1, -1, 1, -1, -1, -1, -1, -1, -1, -1, -1, -1, -1, -1, -1, -1, 1, -1, -1, -1, -1, -1, 1, -1, -1, 1, -1, -1, -1, 1, -1, -1, -1, -1, 1, -1, -1, -1, -1, -1, -1, -1, -1, 1, -1, 1, -1, 1, -1, -1, 1, -1, 1, 1, -1, -1, -1, -1, -1, -1, -1, 1, -1, -1, -1, -1, -1, -1, -1, 1, -1, 1, -1, 1, 1, -1, -1, -1, -1, 1, 1, -1, 1, -1, -1, 1
BQP_DATA, 215, 869, -482.000000, -506.000000, -1228.000000, -1252.000000, 64.000332, 499, 1662
