Set parameter TSPort to value 51199
Set parameter TokenServer to value "open-license1.lanl.gov"
Set parameter TimeLimit to value 2
Set parameter Threads to value 1
Gurobi Optimizer version 10.0.3 build v10.0.3rc0 (linux64)

CPU model: Intel(R) Xeon(R) CPU E5-2695 v4 @ 2.10GHz, instruction set [SSE2|AVX|AVX2]
Thread count: 36 physical cores, 72 logical processors, using up to 1 threads

Optimize a model with 0 rows, 215 columns and 0 nonzeros
Model fingerprint: 0x79d75204
Model has 835 quadratic objective terms
Variable types: 0 continuous, 215 integer (215 binary)
Coefficient statistics:
  Matrix range     [0e+00, 0e+00]
  Objective range  [2e+00, 2e+01]
  QObjective range [8e+00, 8e+00]
  Bounds range     [1e+00, 1e+00]
  RHS range        [0e+00, 0e+00]
Found heuristic solution: objective 0.0000000
Found heuristic solution: objective -352.0000000
Found heuristic solution: objective -1198.000000
Found heuristic solution: objective -1204.000000
Presolve time: 0.29s
Presolved: 835 rows, 1050 columns, 2505 nonzeros
Variable types: 0 continuous, 1050 integer (1050 binary)

Root relaxation: objective -1.578000e+03, 265 iterations, 0.00 seconds (0.00 work units)

    Nodes    |    Current Node    |     Objective Bounds      |     Work
 Expl Unexpl |  Obj  Depth IntInf | Incumbent    BestBd   Gap | It/Node Time

     0     0 -1578.0000    0  215 -1204.0000 -1578.0000  31.1%     -    0s
     0     0 -1438.0000    0  291 -1204.0000 -1438.0000  19.4%     -    0s
     0     0 -1436.0000    0  294 -1204.0000 -1436.0000  19.3%     -    0s
     0     0 -1394.5000    0  331 -1204.0000 -1394.5000  15.8%     -    0s
     0     0 -1394.5000    0  323 -1204.0000 -1394.5000  15.8%     -    0s
     0     2 -1393.5000    0  320 -1204.0000 -1393.5000  15.7%     -    0s

Cutting planes:
  Gomory: 11
  MIR: 56
  Zero half: 164
  RLT: 28
  BQP: 37

Explored 411 nodes (32622 simplex iterations) in 2.00 seconds (1.02 work units)
Thread count was 1 (of 72 available processors)

Solution count 4: -1204 -1198 -352 0 

Time limit reached
Best objective -1.204000000000e+03, best bound -1.370000000000e+03, gap 13.7874%

User-callback calls 1599, time in user-callback 0.01 sec

BQP_SOLUTION, 215, 835, -461.000000, 2.000438, 1, -1, 1, -1, 1, -1, -1, 1, 1, 1, -1, 1, -1, 1, 1, 1, 1, 1, -1, 1, 1, -1, 1, 1, -1, -1, 1, -1, -1, 1, 1, -1, 1, -1, -1, 1, -1, 1, 1, -1, 1, 1, 1, -1, 1, 1, 1, -1, 1, 1, -1, -1, -1, -1, -1, 1, -1, 1, -1, 1, 1, -1, -1, 1, -1, 1, 1, -1, -1, -1, -1, -1, 1, -1, -1, 1, -1, -1, 1, -1, -1, 1, -1, -1, 1, -1, -1, 1, -1, -1, 1, 1, -1, 1, -1, -1, 1, 1, 1, -1, -1, 1, 1, 1, 1, -1, -1, 1, 1, -1, 1, -1, 1, 1, -1, -1, 1, -1, -1, 1, 1, -1, 1, -1, -1, 1, 1, -1, 1, -1, 1, -1, 1, 1, 1, -1, -1, -1, 1, 1, -1, 1, -1, -1, 1, 1, 1, 1, -1, -1, 1, 1, 1, 1, 1, 1, 1, 1, 1, 1, 1, -1, 1, -1, 1, -1, 1, -1, -1, 1, 1, 1, 1, -1, -1, 1, -1, 1, 1, 1, 1, -1, -1, 1, 1, -1, 1, -1, -1, 1, 1, -1, 1, 1, -1, 1, 1, -1, 1, -1, -1, -1, 1, -1, 1, 1, -1, -1, 1, -1, -1, 1, 1, -1, 1
BQP_DATA, 215, 835, -461.000000, -627.000000, -1204.000000, -1370.000000, 2.000438, 231, 411
