Set parameter TSPort to value 51199
Set parameter TokenServer to value "open-license1.lanl.gov"
Set parameter TimeLimit to value 2048
Set parameter Threads to value 1
Gurobi Optimizer version 10.0.3 build v10.0.3rc0 (linux64)

CPU model: Intel(R) Xeon(R) CPU E5-2695 v4 @ 2.10GHz, instruction set [SSE2|AVX|AVX2]
Thread count: 36 physical cores, 72 logical processors, using up to 1 threads

Optimize a model with 0 rows, 383 columns and 0 nonzeros
Model fingerprint: 0x05840f1b
Model has 1595 quadratic objective terms
Variable types: 0 continuous, 383 integer (383 binary)
Coefficient statistics:
  Matrix range     [0e+00, 0e+00]
  Objective range  [2e+00, 3e+01]
  QObjective range [8e+00, 8e+00]
  Bounds range     [1e+00, 1e+00]
  RHS range        [0e+00, 0e+00]
Found heuristic solution: objective 0.0000000
Found heuristic solution: objective -646.0000000
Found heuristic solution: objective -2188.000000
Found heuristic solution: objective -2210.000000
Presolve removed 0 rows and 1 columns
Presolve time: 0.21s
Presolved: 1594 rows, 1976 columns, 4782 nonzeros
Variable types: 0 continuous, 1976 integer (1976 binary)

Root relaxation: objective -2.965000e+03, 475 iterations, 0.01 seconds (0.00 work units)

    Nodes    |    Current Node    |     Objective Bounds      |     Work
 Expl Unexpl |  Obj  Depth IntInf | Incumbent    BestBd   Gap | It/Node Time

     0     0 -2965.0000    0  382 -2210.0000 -2965.0000  34.2%     -    0s
     0     0 -2710.0000    0  510 -2210.0000 -2710.0000  22.6%     -    0s
     0     0 -2705.0000    0  514 -2210.0000 -2705.0000  22.4%     -    0s
     0     0 -2645.5000    0  558 -2210.0000 -2645.5000  19.7%     -    0s
     0     0 -2645.5000    0  552 -2210.0000 -2645.5000  19.7%     -    0s
     0     2 -2645.5000    0  551 -2210.0000 -2645.5000  19.7%     -    0s
   527   480 -2431.7568   24 1088 -2210.0000 -2431.7568  10.0%  73.2    5s
   544   491 -2364.5349   11 1568 -2210.0000 -2364.5349  6.99%  70.9   10s
   560   502 -2333.4280   10 1652 -2210.0000 -2333.4280  5.58%  68.9   15s
   576   512 -2323.0263   40 1695 -2210.0000 -2323.0263  5.11%  67.0   20s
   603   530 -2313.6733   13 1725 -2210.0000 -2313.6733  4.69%  64.0   25s
   643   557 -2306.8844   48 1754 -2210.0000 -2306.8844  4.38%  60.0   30s
   694   591 -2302.6882    7 1788 -2210.0000 -2302.6882  4.19%  55.6   35s
   710   603 -2269.5000   54 1741 -2210.0000 -2302.4567  4.18%   189   40s
   732   618 -2280.0000   53 1771 -2210.0000 -2299.0716  4.03%   184   45s
   754   633 -2297.0300   46 1779 -2210.0000 -2297.0300  3.94%   178   50s
   761   639 -2286.6001   28 1697 -2210.0000 -2294.9658  3.84%   239   55s
   772   647 -2274.2685   33 1588 -2210.0000 -2294.9658  3.84%   263   60s
   787   657 -2263.0995   41 1443 -2210.0000 -2294.9658  3.84%   284   65s
   808   671 -2244.9051   51 1354 -2210.0000 -2294.9658  3.84%   304   70s
H  835   654                    -2214.000000 -2294.9658  3.66%   315   73s
   855   659 -2216.1135   72 1070 -2214.0000 -2294.9658  3.66%   319   75s
   867   661 -2284.4950   30 1613 -2214.0000 -2294.9656  3.66%   335   80s
   880   670 -2269.1686   37 1544 -2214.0000 -2294.9656  3.66%   353   85s
   902   684 -2247.8543   48 1403 -2214.0000 -2294.9656  3.66%   369   90s
   933   705 -2222.5495   63 1266 -2214.0000 -2294.9656  3.66%   380   95s
   971   718 -2285.8081   29 1637 -2214.0000 -2292.3891  3.54%   386  100s
   982   726 -2274.4893   34 1565 -2214.0000 -2292.3891  3.54%   403  105s
   995   734 -2259.3081   41 1472 -2214.0000 -2292.3891  3.54%   418  110s
  1011   745 -2240.3831   49 1365 -2214.0000 -2292.3891  3.54%   428  115s
  1051   772 -2221.5601   69 1186 -2214.0000 -2292.3891  3.54%   440  120s
  1076   776 -2283.1749   29 1682 -2214.0000 -2292.3884  3.54%   452  125s
  1087   784 -2272.5006   34 1580 -2214.0000 -2292.3884  3.54%   465  130s
  1102   794 -2262.1083   39 1503 -2214.0000 -2292.3884  3.54%   478  135s
  1122   807 -2252.8791   43 1463 -2214.0000 -2292.3884  3.54%   490  140s
  1148   824 -2230.5773   51 1376 -2214.0000 -2292.3884  3.54%   501  145s
  1180   846 -2216.3850   61 1311 -2214.0000 -2292.3884  3.54%   512  150s
  1197   847 -2277.2087   32 1587 -2214.0000 -2290.5518  3.46%   523  155s
  1209   855 -2271.2024   34 1543 -2214.0000 -2290.5518  3.46%   536  160s
  1224   865 -2254.0713   40 1466 -2214.0000 -2290.5518  3.46%   548  165s
  1246   880 -2243.4736   46 1425 -2214.0000 -2290.5518  3.46%   556  170s
  1273   898 -2226.1157   54 1331 -2214.0000 -2290.5518  3.46%   564  175s
  1307   906 -2275.9667   32 1598 -2214.0000 -2290.5465  3.46%   567  180s
  1319   914 -2270.5649   35 1548 -2214.0000 -2290.5465  3.46%   576  185s
  1333   924 -2261.6661   38 1524 -2214.0000 -2290.5465  3.46%   587  190s
  1351   936 -2252.8408   43 1401 -2214.0000 -2290.5465  3.46%   595  195s
  1372   950 -2241.3102   48 1373 -2214.0000 -2290.5465  3.46%   603  200s
  1401   969 -2229.3827   56 1290 -2214.0000 -2290.5465  3.46%   612  205s
H 1404   912                    -2218.000000 -2290.5465  3.27%   613  205s
H 1431   862                    -2220.000000 -2289.5904  3.13%   618  210s
  1458   882 -2223.1151   61 1247 -2220.0000 -2289.5904  3.13%   623  215s
  1483   879 -2262.4344   38 1509 -2220.0000 -2289.5881  3.13%   626  220s
  1507   887 -2283.9413   29 1677 -2220.0000 -2289.0087  3.11%   631  225s
  1522   897 -2239.4649   44 1488 -2220.0000 -2289.0087  3.11%   639  230s
  1544   897 -2273.2154   33 1588 -2220.0000 -2289.0085  3.11%   643  235s
  1573   909 -2285.8807   28 1679 -2220.0000 -2287.6562  3.05%   647  240s
  1582   915 -2279.0910   31 1592 -2220.0000 -2287.6562  3.05%   655  245s
  1593   922 -2274.1902   32 1571 -2220.0000 -2287.6562  3.05%   665  250s
  1606   931 -2266.8596   37 1493 -2220.0000 -2287.6562  3.05%   673  255s
  1625   943 -2255.7025   42 1446 -2220.0000 -2287.6562  3.05%   680  260s
  1647   958 -2243.3368   48 1361 -2220.0000 -2287.6562  3.05%   685  265s
  1675   977 -2230.7862   54 1304 -2220.0000 -2287.6562  3.05%   691  270s
  1703   982 -2268.4044   35 1523 -2220.0000 -2287.6387  3.05%   694  275s
  1732   990 -2284.0045   29 1653 -2220.0000 -2287.3945  3.04%   696  280s
  1743   997 -2272.0325   33 1539 -2220.0000 -2287.3945  3.04%   703  285s
  1758  1007 -2247.4957   41 1455 -2220.0000 -2287.3945  3.04%   710  290s
  1778  1020 -2224.8244   48 1370 -2220.0000 -2287.3945  3.04%   716  295s
  1806  1017 -2269.2309   35 1573 -2220.0000 -2287.3940  3.04%   717  300s
  1838  1030 -2282.9284   29 1679 -2220.0000 -2286.8859  3.01%   716  305s
  1852  1040 -2245.3441   43 1471 -2220.0000 -2286.8859  3.01%   721  310s
  1876  1046 -2269.4385   35 1547 -2220.0000 -2286.6905  3.00%   722  315s
  1908  1059 -2281.8189   29 1682 -2220.0000 -2286.6345  3.00%   722  320s
  1927  1072 -2237.9398   48 1396 -2220.0000 -2286.6345  3.00%   726  325s
  1952  1076 -2264.8472   36 1547 -2220.0000 -2286.5981  3.00%   726  330s
  1977  1085 -2282.4317   29 1709 -2220.0000 -2286.5931  3.00%   727  335s
  1989  1093 -2265.3800   35 1553 -2220.0000 -2286.5931  3.00%   732  340s
  2003  1102 -2251.8132   42 1489 -2220.0000 -2286.5931  3.00%   736  345s
  2017  1112 -2237.8277   49 1396 -2220.0000 -2286.5931  3.00%   739  350s
  2046  1115 -2278.1851   31 1629 -2220.0000 -2286.4593  2.99%   742  355s
  2070  1131 -2227.1240   55 1335 -2220.0000 -2286.4593  2.99%   744  360s
  2089  1132 -2256.6878   38 1507 -2220.0000 -2286.4587  2.99%   747  365s
  2113  1138 -2279.3077   31 1646 -2220.0000 -2285.8707  2.97%   750  370s
  2123  1144 -2272.8645   33 1596 -2220.0000 -2285.8707  2.97%   757  375s
  2137  1154 -2259.2527   40 1488 -2220.0000 -2285.8707  2.97%   762  380s
  2157  1167 -2246.4679   47 1416 -2220.0000 -2285.8707  2.97%   766  385s
  2191  1190 -2225.5969   63 1206 -2220.0000 -2285.8707  2.97%   769  390s
  2216  1192 -2252.3239   39 1495 -2220.0000 -2285.8071  2.96%   770  395s
  2236  1198 -2272.9303   33 1612 -2220.0000 -2285.8040  2.96%   773  400s
  2264  1208 -2281.5913   30 1653 -2220.0000 -2285.2611  2.94%   774  405s
  2281  1220 -2247.4049   47 1425 -2220.0000 -2285.2611  2.94%   776  410s
  2307  1227 -2268.9252   33 1593 -2220.0000 -2285.2606  2.94%   778  415s
  2319  1235 -2252.9207   38 1530 -2220.0000 -2285.2606  2.94%   783  420s
  2338  1248 -2231.2034   46 1457 -2220.0000 -2285.2606  2.94%   788  425s
  2361  1249 -2277.5047   31 1656 -2220.0000 -2284.8292  2.92%   791  430s
  2383  1267 -2229.6228   53 1381 -2220.0000 -2284.8292  2.92%   792  435s
  2405  1281 -2254.9855   39 1475 -2220.0000 -2284.7124  2.91%   794  440s
  2429  1297 -2271.9853   32 1592 -2220.0000 -2284.7121  2.91%   795  445s
  2446  1314 -2225.0585   49 1371 -2220.0000 -2284.7121  2.91%   798  450s
  2465  1323 -2255.3093   40 1504 -2220.0000 -2284.6582  2.91%   800  455s
  2503  1339 -2277.4573   31 1622 -2220.0000 -2284.5384  2.91%   798  460s
  2521  1357 -2231.0768   49 1386 -2220.0000 -2284.5384  2.91%   800  465s
  2544  1364 -2266.5730   37 1538 -2220.0000 -2284.2587  2.89%   802  470s
* 2593  1367              77    -2222.000000 -2284.2587  2.80%   795  474s
  2594  1368 -2279.8549   30 1637 -2222.0000 -2284.2530  2.80%   796  475s
  2606  1380 -2264.8281   37 1502 -2222.0000 -2284.2530  2.80%   801  480s
  2622  1396 -2256.1709   41 1447 -2222.0000 -2284.2530  2.80%   806  485s
  2644  1418 -2244.5873   48 1408 -2222.0000 -2284.2530  2.80%   808  490s
H 2670  1218                    -2230.000000 -2284.2530  2.43%   811  495s
  2691  1229 -2249.3232   43 1453 -2230.0000 -2284.2260  2.43%   812  500s
  2716  1240 -2265.2977   36 1551 -2230.0000 -2284.1152  2.43%   813  505s
  2743  1255 -2279.0275   32 1618 -2230.0000 -2284.1068  2.43%   813  510s
  2764  1276 -2233.1789   53 1370 -2230.0000 -2284.1068  2.43%   815  515s
  2783  1285 -2249.0183   41 1491 -2230.0000 -2284.1066  2.43%   816  520s
  2803  1293 -2271.9233   33 1609 -2230.0000 -2283.9380  2.42%   818  525s
  2818  1308 -2257.3883   41 1479 -2230.0000 -2283.9380  2.42%   823  530s
  2836  1326 -2242.7867   50 1353 -2230.0000 -2283.9380  2.42%   826  535s
  2858  1338 -2275.4526   32 1627 -2230.0000 -2283.6866  2.41%   828  540s
  2874  1354 -2250.9587   40 1495 -2230.0000 -2283.6866  2.41%   832  545s
  2902  1369 -2234.3858   47 1427 -2230.0000 -2283.6866  2.41%   833  550s
  2919  1382 -2247.8316   45 1389 -2230.0000 -2283.6843  2.41%   835  555s
  2944  1397 -2258.2549   39 1486 -2230.0000 -2283.2141  2.39%   835  560s
  2972  1409 -2271.0740   34 1564 -2230.0000 -2283.1749  2.38%   835  565s
  2996  1425 -2277.5123   31 1631 -2230.0000 -2283.1720  2.38%   836  570s
  3006  1435 -2252.8415   41 1501 -2230.0000 -2283.1720  2.38%   837  575s
  3027  1448 -2273.9625   32 1610 -2230.0000 -2283.1649  2.38%   839  580s
  3038  1459 -2268.3438   34 1603 -2230.0000 -2283.1649  2.38%   843  585s
  3053  1474 -2260.5954   39 1482 -2230.0000 -2283.1649  2.38%   847  590s
  3069  1490 -2251.8953   43 1434 -2230.0000 -2283.1649  2.38%   850  595s
  3090  1511 -2239.6235   50 1394 -2230.0000 -2283.1649  2.38%   853  600s
  3113  1526 -2262.2821   37 1514 -2230.0000 -2283.0618  2.38%   855  605s
  3136  1541 -2272.6560   33 1610 -2230.0000 -2282.9282  2.37%   855  610s
  3158  1555 -2233.4313   48 1418 -2230.0000 -2282.9282  2.37%   855  615s
  3174  1567 -2249.0291   43 1442 -2230.0000 -2282.7820  2.37%   857  620s
  3196  1579 -2264.8981   37 1514 -2230.0000 -2282.5421  2.36%   858  625s
  3220  1594 -2270.6729   33 1563 -2230.0000 -2282.5344  2.36%   859  630s
  3242  1604 -2279.3823   31 1650 -2230.0000 -2282.5334  2.36%   859  635s
  3262  1624 -2236.4987   51 1378 -2230.0000 -2282.5334  2.36%   860  640s
  3287  1632 -2257.2698   41 1470 -2230.0000 -2282.4343  2.35%   861  645s
  3310  1647 -2268.3070   34 1568 -2230.0000 -2282.3259  2.35%   862  650s
  3322  1659 -2264.3632   36 1554 -2230.0000 -2282.3259  2.35%   865  655s
  3338  1675 -2247.4898   42 1471 -2230.0000 -2282.3259  2.35%   868  660s
  3365  1690 -2274.0363   32 1625 -2230.0000 -2282.2021  2.34%   868  665s
  3386  1707 -2233.4372   50 1378 -2230.0000 -2282.2021  2.34%   868  670s
  3420  1703 -2278.4086   31 1654 -2230.0000 -2282.1457  2.34%   865  675s
  3440  1723 -2234.0099   51 1387 -2230.0000 -2282.1457  2.34%   866  680s
  3459  1730 -2266.6882   35 1535 -2230.0000 -2282.1182  2.34%   867  685s
  3478  1749 -2253.2371   41 1441 -2230.0000 -2282.1182  2.34%   868  690s
  3499  1770 -2238.5596   49 1363 -2230.0000 -2282.1182  2.34%   870  695s
  3522  1781 -2261.5955   37 1521 -2230.0000 -2281.9869  2.33%   869  700s
  3547  1792 -2274.4190   32 1631 -2230.0000 -2281.9599  2.33%   869  705s
  3559  1804 -2258.5034   38 1537 -2230.0000 -2281.9599  2.33%   871  710s
  3581  1826 -2236.1189   49 1431 -2230.0000 -2281.9599  2.33%   871  715s
  3602  1837 -2249.8268   43 1431 -2230.0000 -2281.9205  2.33%   872  720s
  3625  1848 -2265.2364   36 1526 -2230.0000 -2281.8824  2.33%   872  725s
  3650  1865 -2271.1310   33 1578 -2230.0000 -2281.8290  2.32%   872  730s
  3674  1883 -2234.4769   52 1360 -2230.0000 -2281.8290  2.32%   872  735s
  3693  1892 -2252.8382   41 1520 -2230.0000 -2281.8184  2.32%   872  740s
  3713  1904 -2262.8421   36 1546 -2230.0000 -2281.8020  2.32%   873  745s
  3738  1917 -2275.5600   32 1616 -2230.0000 -2281.7375  2.32%   873  750s
  3764  1935 -2276.4123   31 1594 -2230.0000 -2281.5908  2.31%   873  755s
  3788  1955 -2233.1266   52 1343 -2230.0000 -2281.5908  2.31%   873  760s
  3807  1962 -2266.0047   35 1551 -2230.0000 -2281.4578  2.31%   875  765s
  3823  1978 -2243.4345   44 1420 -2230.0000 -2281.4578  2.31%   877  770s
  3844  1987 -2272.3045   34 1570 -2230.0000 -2281.3344  2.30%   878  775s
  3860  2003 -2256.0444   42 1477 -2230.0000 -2281.3344  2.30%   880  780s
  3885  2028 -2237.8198   55 1278 -2230.0000 -2281.3344  2.30%   882  785s
  3912  2047 -2253.2163   40 1482 -2230.0000 -2281.2698  2.30%   882  790s
  3933  2056 -2265.2328   36 1580 -2230.0000 -2281.2180  2.30%   883  795s
  3961  2072 -2270.4735   33 1590 -2230.0000 -2281.0738  2.29%   882  800s
  3983  2086     cutoff   50      -2230.0000 -2281.0738  2.29%   882  805s
  3994  2093 -2263.3430   38 1535 -2230.0000 -2280.7303  2.27%   884  810s
  4021  2112 -2269.4627   34 1601 -2230.0000 -2280.7051  2.27%   883  815s
  4051  2126 -2276.4784   32 1626 -2230.0000 -2280.6926  2.27%   882  820s
  4068  2143 -2237.1131   49 1403 -2230.0000 -2280.6926  2.27%   884  825s
  4088  2151 -2254.7050   41 1465 -2230.0000 -2280.6821  2.27%   885  830s
  4113  2164 -2264.7606   36 1551 -2230.0000 -2280.6608  2.27%   884  835s
  4136  2175 -2275.0587   32 1611 -2230.0000 -2280.5765  2.27%   884  840s
  4161  2192 -2277.8229   30 1653 -2230.0000 -2280.5431  2.27%   885  845s
  4171  2202 -2267.5246   35 1558 -2230.0000 -2280.5431  2.27%   887  850s
  4187  2218 -2247.5146   43 1400 -2230.0000 -2280.5431  2.27%   890  855s
  4218  2227 -2232.4001   49 1375 -2230.0000 -2280.5431  2.27%   890  860s
  4232  2235 -2266.1183   34 1581 -2230.0000 -2280.5417  2.27%   892  865s
  4248  2251 -2253.3104   40 1466 -2230.0000 -2280.5417  2.27%   895  870s
  4268  2271 -2242.6811   46 1379 -2230.0000 -2280.5417  2.27%   897  875s
  4292  2281 -2271.1494   34 1563 -2230.0000 -2280.5026  2.26%   897  880s
  4307  2296 -2245.9034   41 1485 -2230.0000 -2280.5026  2.26%   900  885s
  4331  2310 -2233.5145   48 1374 -2230.0000 -2280.5026  2.26%   901  890s
  4348  2317 -2247.8483   42 1468 -2230.0000 -2280.5020  2.26%   902  895s
  4372  2331 -2258.7559   40 1479 -2230.0000 -2280.4442  2.26%   902  900s
  4401  2345 -2266.2110   35 1576 -2230.0000 -2280.3762  2.26%   901  905s
  4424  2356 -2276.2559   32 1638 -2230.0000 -2280.3224  2.26%   902  910s
  4454  2378 -2275.2777   31 1640 -2230.0000 -2280.3207  2.26%   901  915s
  4467  2391 -2239.3792   44 1482 -2230.0000 -2280.3207  2.26%   902  920s
  4485  2401 -2249.6931   40 1484 -2230.0000 -2280.2201  2.25%   903  925s
  4507  2413 -2264.9354   36 1566 -2230.0000 -2280.1780  2.25%   904  930s
  4528  2424 -2271.2609   34 1542 -2230.0000 -2280.1687  2.25%   904  935s
  4551  2439 -2235.2911   50 1389 -2230.0000 -2280.1687  2.25%   904  940s
  4570  2452 -2236.4980   45 1439 -2230.0000 -2280.0914  2.25%   905  945s
  4589  2461 -2265.8616   37 1492 -2230.0000 -2280.0734  2.25%   907  950s
  4604  2476 -2261.5460   39 1451 -2230.0000 -2280.0734  2.25%   909  955s
  4623  2495 -2246.5799   47 1365 -2230.0000 -2280.0734  2.25%   911  960s
  4650  2520     cutoff   54      -2230.0000 -2280.0734  2.25%   911  965s
  4673  2535 -2233.7239   50 1392 -2230.0000 -2280.0377  2.24%   911  970s
  4694  2544 -2250.2586   42 1453 -2230.0000 -2280.0216  2.24%   912  975s
  4721  2557 -2261.6259   37 1515 -2230.0000 -2279.9886  2.24%   911  980s
  4742  2570 -2268.3799   33 1568 -2230.0000 -2279.9835  2.24%   912  985s
  4770  2584 -2276.1861   32 1615 -2230.0000 -2279.9090  2.24%   912  990s
  4788  2602 -2232.2152   50 1359 -2230.0000 -2279.9090  2.24%   913  995s
  4808  2612 -2244.8157   44 1492 -2230.0000 -2279.8462  2.24%   913 1000s
  4829  2621 -2267.8292   35 1564 -2230.0000 -2279.8356  2.23%   915 1005s
  4845  2637 -2250.5224   43 1449 -2230.0000 -2279.8356  2.23%   917 1010s
  4872  2654     cutoff   53      -2230.0000 -2279.8356  2.23%   917 1015s
  4891  2669 -2239.6128   47 1383 -2230.0000 -2279.7572  2.23%   918 1020s
  4911  2681 -2249.2874   43 1427 -2230.0000 -2279.7264  2.23%   918 1025s
  4938  2688 -2263.2661   35 1562 -2230.0000 -2279.7057  2.23%   918 1030s
  4960  2702 -2273.8905   32 1598 -2230.0000 -2279.6837  2.23%   918 1035s
  4973  2715 -2265.9209   34 1563 -2230.0000 -2279.6837  2.23%   921 1040s
  4985  2727 -2262.7692   36 1541 -2230.0000 -2279.6837  2.23%   923 1045s
  4995  2737 -2263.5246   36 1522 -2230.0000 -2279.6837  2.23%   925 1050s
  5010  2752 -2261.4594   37 1490 -2230.0000 -2279.6837  2.23%   927 1057s
  5018  2760 -2260.3190   37 1529 -2230.0000 -2279.6837  2.23%   928 1060s
  5032  2774 -2254.7828   38 1516 -2230.0000 -2279.6837  2.23%   930 1065s
  5047  2789 -2258.1412   37 1541 -2230.0000 -2279.6837  2.23%   932 1070s
  5063  2805 -2255.8395   39 1506 -2230.0000 -2279.6837  2.23%   934 1075s
  5079  2821 -2253.4737   39 1525 -2230.0000 -2279.6837  2.23%   936 1080s
  5095  2837 -2250.8746   40 1499 -2230.0000 -2279.6837  2.23%   937 1085s
  5111  2853 -2248.7894   42 1466 -2230.0000 -2279.6837  2.23%   939 1090s
  5132  2874 -2243.5867   46 1444 -2230.0000 -2279.6837  2.23%   940 1095s
  5154  2896 -2240.5194   48 1410 -2230.0000 -2279.6837  2.23%   941 1100s
  5175  2917 -2233.1833   50 1401 -2230.0000 -2279.6837  2.23%   942 1105s
  5204  2928 -2234.7046   49 1396 -2230.0000 -2279.6837  2.23%   941 1110s
  5243  2918 -2260.6948   37 1533 -2230.0000 -2279.5357  2.22%   938 1115s
  5269  2935 -2261.2690   39 1509 -2230.0000 -2279.5174  2.22%   937 1120s
  5293  2949 -2266.1714   37 1556 -2230.0000 -2279.5157  2.22%   936 1125s
  5319  2963 -2272.7602   34 1609 -2230.0000 -2279.4621  2.22%   935 1130s
  5347  2979 -2273.4111   32 1624 -2230.0000 -2279.4072  2.22%   934 1135s
  5361  2993 -2259.6417   36 1559 -2230.0000 -2279.4072  2.22%   935 1140s
  5379  3011 -2239.5561   43 1487 -2230.0000 -2279.4072  2.22%   936 1145s
  5405  3019 -2258.2445   38 1552 -2230.0000 -2279.3868  2.21%   936 1150s
  5429  3031 -2265.4605   35 1560 -2230.0000 -2279.3819  2.21%   935 1155s
  5456  3044 -2273.7554   33 1605 -2230.0000 -2279.3088  2.21%   934 1160s
  5482  3060 -2232.7414   51 1382 -2230.0000 -2279.3088  2.21%   934 1165s
  5506  3076 -2237.5742   49 1397 -2230.0000 -2279.2771  2.21%   934 1170s
  5528  3088 -2250.8651   43 1465 -2230.0000 -2279.2749  2.21%   933 1175s
  5550  3100 -2265.1840   36 1565 -2230.0000 -2279.1817  2.21%   934 1180s
  5571  3121 -2245.9167   47 1441 -2230.0000 -2279.1817  2.21%   934 1185s
  5601  3139 -2272.2377   33 1611 -2230.0000 -2279.1409  2.20%   932 1190s
  5624  3152     cutoff   50      -2230.0000 -2279.1409  2.20%   932 1195s
  5646  3172 -2234.3886   51 1350 -2230.0000 -2279.1024  2.20%   933 1200s
  5671  3185     cutoff   49      -2230.0000 -2279.0823  2.20%   932 1205s
  5689  3195 -2262.6050   37 1520 -2230.0000 -2279.0669  2.20%   933 1210s
  5708  3214 -2244.4804   47 1378 -2230.0000 -2279.0669  2.20%   933 1215s
  5739  3229 -2261.1448   37 1570 -2230.0000 -2279.0641  2.20%   932 1220s
  5761  3243 -2266.8621   34 1586 -2230.0000 -2279.0632  2.20%   932 1225s
  5788  3258 -2272.8599   33 1643 -2230.0000 -2279.0230  2.20%   931 1230s
  5801  3271 -2265.1774   36 1566 -2230.0000 -2279.0230  2.20%   932 1235s
  5818  3288 -2250.9031   42 1505 -2230.0000 -2279.0230  2.20%   933 1240s
  5842  3298 -2272.9511   34 1607 -2230.0000 -2278.9873  2.20%   932 1245s
  5869  3315     cutoff   54      -2230.0000 -2278.9873  2.20%   932 1250s
  5888  3332 -2237.8600   48 1418 -2230.0000 -2278.9730  2.20%   932 1255s
  5910  3342 -2249.6518   42 1475 -2230.0000 -2278.8794  2.19%   932 1260s
  5930  3354 -2268.4810   35 1528 -2230.0000 -2278.7540  2.19%   932 1265s
  5949  3373 -2255.6981   41 1465 -2230.0000 -2278.7540  2.19%   933 1270s
  5971  3395 -2241.7046   47 1389 -2230.0000 -2278.7540  2.19%   933 1275s
  5999  3409 -2275.5377   32 1617 -2230.0000 -2278.7035  2.18%   932 1280s
  6012  3422 -2247.7419   45 1425 -2230.0000 -2278.7035  2.18%   933 1285s
  6055  3426     cutoff   53      -2230.0000 -2278.7035  2.18%   930 1290s
  6087  3430 -2262.7323   39 1498 -2230.0000 -2278.7032  2.18%   928 1295s
  6111  3444 -2262.9130   36 1561 -2230.0000 -2278.6647  2.18%   928 1300s
  6133  3458 -2266.9950   34 1528 -2230.0000 -2278.5292  2.18%   928 1305s
  6158  3471 -2273.6032   31 1643 -2230.0000 -2278.5136  2.18%   927 1310s
  6173  3486 -2234.0169   46 1395 -2230.0000 -2278.5136  2.18%   928 1315s
  6197  3500 -2236.8954   48 1416 -2230.0000 -2278.5083  2.18%   928 1320s
  6219  3511 -2247.7042   44 1420 -2230.0000 -2278.4190  2.17%   928 1325s
  6247  3525 -2253.6505   42 1456 -2230.0000 -2278.4142  2.17%   927 1330s
  6270  3538 -2266.8381   36 1550 -2230.0000 -2278.4129  2.17%   927 1335s
  6287  3555 -2241.1376   44 1459 -2230.0000 -2278.4129  2.17%   928 1340s
  6309  3567     cutoff   49      -2230.0000 -2278.4129  2.17%   928 1345s
  6332  3582 -2234.1512   50 1384 -2230.0000 -2278.4079  2.17%   928 1350s
  6352  3594 -2256.5707   40 1486 -2230.0000 -2278.4023  2.17%   928 1355s
  6376  3618 -2239.8256   49 1390 -2230.0000 -2278.4023  2.17%   928 1360s
  6400  3634 -2262.7324   36 1550 -2230.0000 -2278.3823  2.17%   928 1365s
  6425  3645 -2266.0113   35 1551 -2230.0000 -2278.3478  2.17%   927 1370s
  6449  3660 -2268.1445   34 1531 -2230.0000 -2278.3315  2.17%   927 1375s
  6473  3670 -2273.4704   33 1616 -2230.0000 -2278.2970  2.17%   926 1380s
  6499  3688     cutoff   54      -2230.0000 -2278.2970  2.17%   926 1385s
  6517  3700 -2240.5740   45 1461 -2230.0000 -2278.2950  2.17%   926 1390s
  6535  3708 -2250.5019   38 1557 -2230.0000 -2278.2861  2.17%   926 1395s
  6554  3719 -2258.2180   37 1564 -2230.0000 -2278.2577  2.16%   927 1400s
  6576  3731 -2266.5906   35 1566 -2230.0000 -2278.2468  2.16%   927 1405s
  6604  3743 -2275.0982   32 1616 -2230.0000 -2278.2079  2.16%   926 1410s
  6629  3760 -2272.3689   32 1644 -2230.0000 -2278.2022  2.16%   926 1415s
  6652  3773 -2273.5345   32 1643 -2230.0000 -2278.1851  2.16%   925 1420s
  6665  3786 -2259.3499   38 1541 -2230.0000 -2278.1851  2.16%   926 1425s
  6685  3806 -2243.1551   44 1470 -2230.0000 -2278.1851  2.16%   927 1430s
  6711  3822 -2266.8505   36 1566 -2230.0000 -2278.1588  2.16%   926 1435s
  6736  3837 -2269.5244   34 1606 -2230.0000 -2278.1297  2.16%   926 1440s
  6768  3853 -2233.8754   52 1388 -2230.0000 -2278.1297  2.16%   924 1445s
  6796  3859 -2252.1111   42 1471 -2230.0000 -2278.1213  2.16%   924 1450s
  6821  3874 -2256.3056   40 1503 -2230.0000 -2278.0969  2.16%   923 1455s
  6850  3891 -2265.0542   35 1557 -2230.0000 -2278.0500  2.15%   922 1460s
  6876  3905 -2272.5826   33 1606 -2230.0000 -2278.0343  2.15%   922 1465s
  6902  3923 -2232.3881   52 1366 -2230.0000 -2278.0343  2.15%   921 1470s
  6922  3939 -2236.4192   50 1353 -2230.0000 -2278.0332  2.15%   921 1475s
  6945  3952 -2240.2507   47 1400 -2230.0000 -2278.0124  2.15%   921 1480s
  6967  3966 -2260.5456   38 1522 -2230.0000 -2278.0056  2.15%   921 1485s
  6985  3984 -2246.0165   47 1410 -2230.0000 -2278.0056  2.15%   921 1490s
  7008  3998 -2261.0683   37 1554 -2230.0000 -2277.8977  2.15%   921 1495s
  7031  4007     cutoff   50      -2230.0000 -2277.8977  2.15%   920 1500s
  7047  4023 -2260.8237   39 1485 -2230.0000 -2277.8561  2.15%   921 1505s
  7068  4044 -2244.2990   46 1336 -2230.0000 -2277.8561  2.15%   922 1510s
  7098  4060 -2274.2718   31 1624 -2230.0000 -2277.8131  2.14%   921 1515s
  7115  4077 -2235.3452   48 1376 -2230.0000 -2277.8131  2.14%   921 1520s
  7132  4086 -2258.7642   36 1540 -2230.0000 -2277.8053  2.14%   921 1525s
  7150  4104 -2244.9880   42 1475 -2230.0000 -2277.8053  2.14%   922 1530s
H 7153  3995                    -2232.000000 -2277.8053  2.05%   922 1531s
  7178  4006 -2262.6013   36 1536 -2232.0000 -2277.7913  2.05%   921 1535s
  7205  4021 -2264.7401   34 1563 -2232.0000 -2277.7894  2.05%   920 1540s
  7229  4035 -2267.3931   37 1550 -2232.0000 -2277.7841  2.05%   920 1545s
  7258  4050 -2273.3740   32 1638 -2232.0000 -2277.7810  2.05%   919 1550s
  7279  4067 -2236.0597   50 1372 -2232.0000 -2277.7810  2.05%   919 1555s
  7296  4076 -2243.5994   43 1461 -2232.0000 -2277.7385  2.05%   920 1560s
  7323  4093 -2246.0905   46 1410 -2232.0000 -2277.7311  2.05%   919 1565s
  7346  4108 -2242.9876   45 1456 -2232.0000 -2277.6808  2.05%   919 1570s
  7373  4115 -2256.7165   39 1498 -2232.0000 -2277.6441  2.04%   919 1575s
  7396  4130 -2264.4545   35 1565 -2232.0000 -2277.5233  2.04%   919 1580s
  7413  4147 -2253.1963   41 1472 -2232.0000 -2277.5233  2.04%   919 1585s
  7434  4168 -2244.0564   45 1421 -2232.0000 -2277.5233  2.04%   920 1590s
  7459  4185 -2259.8516   38 1523 -2232.0000 -2277.5128  2.04%   919 1595s
  7484  4202 -2260.1877   38 1522 -2232.0000 -2277.5117  2.04%   919 1600s
  7508  4218 -2256.3894   37 1553 -2232.0000 -2277.5045  2.04%   919 1605s
  7543  4225 -2274.0552   32 1657 -2232.0000 -2277.4561  2.04%   917 1610s
  7556  4238 -2253.3613   38 1527 -2232.0000 -2277.4561  2.04%   918 1615s
  7578  4254     cutoff   46      -2232.0000 -2277.4561  2.04%   918 1620s
  7601  4267 -2245.1171   45 1424 -2232.0000 -2277.4482  2.04%   918 1625s
  7622  4278 -2263.2876   36 1542 -2232.0000 -2277.4391  2.04%   918 1630s
  7643  4299 -2241.4793   46 1436 -2232.0000 -2277.4391  2.04%   918 1635s
  7666  4314 -2250.3474   44 1469 -2232.0000 -2277.4070  2.03%   918 1640s
  7693  4321 -2264.8901   37 1532 -2232.0000 -2277.3542  2.03%   918 1645s
  7719  4337 -2270.2595   34 1564 -2232.0000 -2277.2920  2.03%   917 1650s
  7749  4355 -2273.3039   33 1596 -2232.0000 -2277.2647  2.03%   916 1655s
  7775  4371 -2234.4079   51 1333 -2232.0000 -2277.2647  2.03%   916 1660s
  7791  4383 -2259.1966   39 1497 -2232.0000 -2277.2364  2.03%   916 1665s
  7811  4403 -2241.6738   49 1407 -2232.0000 -2277.2364  2.03%   917 1670s
  7838  4418 -2262.9670   39 1478 -2232.0000 -2277.2317  2.03%   916 1675s
  7865  4435 -2258.7298   41 1434 -2232.0000 -2277.2081  2.03%   915 1680s
  7895  4451 -2260.3801   37 1547 -2232.0000 -2277.2018  2.03%   915 1685s
  7917  4463 -2263.3020   36 1578 -2232.0000 -2277.1922  2.02%   915 1690s
  7943  4475 -2267.2025   35 1572 -2232.0000 -2277.1915  2.02%   914 1695s
  7966  4488 -2264.8881   35 1572 -2232.0000 -2277.1805  2.02%   914 1700s
  7988  4498 -2271.9755   33 1613 -2232.0000 -2277.1713  2.02%   914 1705s
  8014  4512 -2273.3218   32 1626 -2232.0000 -2277.1618  2.02%   914 1710s
  8022  4520 -2257.3982   40 1474 -2232.0000 -2277.1618  2.02%   914 1715s
  8047  4533 -2265.6118   38 1505 -2232.0000 -2277.1585  2.02%   913 1720s
  8081  4559 -2264.2813   36 1583 -2232.0000 -2277.1313  2.02%   912 1725s
  8105  4575 -2265.6666   36 1544 -2232.0000 -2277.0553  2.02%   912 1730s
  8123  4593 -2253.8621   42 1465 -2232.0000 -2277.0553  2.02%   912 1735s
  8149  4619 -2240.5677   48 1393 -2232.0000 -2277.0553  2.02%   912 1740s
  8175  4631 -2246.1994   43 1433 -2232.0000 -2277.0149  2.02%   912 1745s
  8200  4648 -2244.5411   44 1400 -2232.0000 -2276.9232  2.01%   911 1750s
  8223  4659 -2263.5807   37 1539 -2232.0000 -2276.9215  2.01%   911 1755s
  8245  4681 -2240.2084   48 1410 -2232.0000 -2276.9215  2.01%   911 1760s
  8264  4692 -2251.9543   41 1502 -2232.0000 -2276.9185  2.01%   912 1765s
  8301  4699 -2234.5573   49 1386 -2232.0000 -2276.9185  2.01%   911 1770s
  8330  4700 -2260.3300   39 1531 -2232.0000 -2276.8923  2.01%   910 1775s
  8360  4720 -2254.6088   38 1513 -2232.0000 -2276.8769  2.01%   909 1780s
  8385  4727 -2269.6016   34 1578 -2232.0000 -2276.8764  2.01%   909 1785s
  8411  4741 -2273.3677   32 1620 -2232.0000 -2276.8589  2.01%   908 1790s
  8423  4753 -2256.7561   38 1529 -2232.0000 -2276.8589  2.01%   909 1795s
  8441  4763 -2255.9066   37 1489 -2232.0000 -2276.8329  2.01%   910 1800s
  8463  4771 -2264.8139   34 1609 -2232.0000 -2276.7996  2.01%   910 1805s
  8482  4782 -2271.3865   33 1625 -2232.0000 -2276.7918  2.01%   910 1810s
  8493  4793 -2262.9436   36 1568 -2232.0000 -2276.7918  2.01%   911 1815s
  8512  4812 -2251.5645   40 1478 -2232.0000 -2276.7918  2.01%   911 1820s
  8535  4835 -2240.6686   47 1374 -2232.0000 -2276.7918  2.01%   911 1825s
  8558  4850 -2255.4301   40 1494 -2232.0000 -2276.7566  2.01%   911 1830s
  8582  4864 -2254.7575   40 1474 -2232.0000 -2276.7328  2.00%   911 1835s
  8606  4880 -2256.7711   40 1458 -2232.0000 -2276.7260  2.00%   911 1840s
  8628  4892 -2257.9339   38 1509 -2232.0000 -2276.6952  2.00%   911 1845s
  8652  4904 -2258.3620   38 1517 -2232.0000 -2276.6879  2.00%   910 1850s
  8675  4918 -2255.8518   40 1473 -2232.0000 -2276.6848  2.00%   911 1855s
  8703  4936 -2252.1939   42 1440 -2232.0000 -2276.6572  2.00%   910 1860s
  8730  4951 -2251.8159   41 1486 -2232.0000 -2276.6279  2.00%   910 1865s
  8754  4963 -2256.5139   38 1550 -2232.0000 -2276.6148  2.00%   909 1870s
  8775  4974 -2257.0807   36 1561 -2232.0000 -2276.6110  2.00%   909 1875s
  8791  4990 -2245.6040   42 1478 -2232.0000 -2276.6110  2.00%   910 1880s
  8814  5001 -2268.0510   34 1606 -2232.0000 -2276.5775  2.00%   910 1885s
  8830  5017 -2256.0242   40 1499 -2232.0000 -2276.5775  2.00%   911 1890s
  8851  5038 -2240.9552   45 1438 -2232.0000 -2276.5775  2.00%   911 1895s
  8879  5053 -2268.6793   35 1583 -2232.0000 -2276.5291  2.00%   910 1900s
  8902  5068 -2268.2363   34 1606 -2232.0000 -2276.5187  1.99%   910 1905s
  8927  5082 -2269.7387   34 1595 -2232.0000 -2276.5152  1.99%   910 1910s
  8953  5099 -2272.6449   33 1646 -2232.0000 -2276.5117  1.99%   910 1915s
  8981  5115 -2270.6401   34 1582 -2232.0000 -2276.4803  1.99%   909 1920s
  9013  5127 -2241.3341   47 1421 -2232.0000 -2276.4803  1.99%   908 1925s
  9050  5125 -2272.4316   32 1597 -2232.0000 -2276.4555  1.99%   907 1930s
  9074  5139 -2271.7482   33 1599 -2232.0000 -2276.4468  1.99%   907 1936s
  9094  5153 -2235.7850   48 1398 -2232.0000 -2276.4468  1.99%   907 1940s
  9118  5173 -2234.5046   54 1280 -2232.0000 -2276.4452  1.99%   907 1945s
  9148  5187 -2244.2057   49 1358 -2232.0000 -2276.4191  1.99%   906 1950s
  9175  5204 -2246.3838   45 1382 -2232.0000 -2276.4118  1.99%   906 1955s
  9198  5217 -2261.7307   37 1495 -2232.0000 -2276.4117  1.99%   906 1960s
  9214  5233 -2253.7845   41 1444 -2232.0000 -2276.4117  1.99%   906 1965s
  9233  5252 -2244.8964   44 1421 -2232.0000 -2276.4117  1.99%   907 1970s
  9256  5267 -2258.7808   36 1536 -2232.0000 -2276.3789  1.99%   907 1975s
  9273  5284 -2241.2834   44 1426 -2232.0000 -2276.3789  1.99%   907 1980s
  9303  5294 -2250.1147   42 1460 -2232.0000 -2276.3514  1.99%   907 1985s
  9325  5306 -2252.2658   39 1496 -2232.0000 -2276.3380  1.99%   907 1990s
  9346  5317 -2256.3912   39 1530 -2232.0000 -2276.3224  1.99%   907 1995s
  9373  5330 -2259.4899   37 1524 -2232.0000 -2276.3187  1.99%   906 2000s
  9396  5339 -2265.1635   36 1547 -2232.0000 -2276.2408  1.98%   906 2005s
  9416  5351 -2268.8334   34 1623 -2232.0000 -2276.2384  1.98%   906 2010s
  9437  5364 -2270.2923   33 1650 -2232.0000 -2276.2378  1.98%   906 2015s
  9449  5376 -2256.1244   39 1513 -2232.0000 -2276.2378  1.98%   907 2020s
  9476  5393 -2272.1871   33 1630 -2232.0000 -2276.2261  1.98%   907 2025s
  9500  5407 -2272.4949   32 1614 -2232.0000 -2276.2074  1.98%   907 2030s
  9519  5420 -2236.0682   46 1387 -2232.0000 -2276.2074  1.98%   907 2035s
  9535  5430 -2262.1740   36 1567 -2232.0000 -2276.2063  1.98%   908 2040s
  9551  5446 -2254.9364   39 1522 -2232.0000 -2276.2063  1.98%   908 2045s

Cutting planes:
  Gomory: 15
  MIR: 71
  Flow cover: 840
  Zero half: 281
  RLT: 81
  BQP: 112

Explored 9561 nodes (8687695 simplex iterations) in 2048.00 seconds (2175.01 work units)
Thread count was 1 (of 72 available processors)

Solution count 10: -2232 -2230 -2222 ... 0

Time limit reached
Best objective -2.232000000000e+03, best bound -2.276000000000e+03, gap 1.9713%

User-callback calls 109655, time in user-callback 0.57 sec

BQP_SOLUTION, 383, 1595, -862.000000, 2048.000449, 1, -1, 1, -1, -1, 1, 1, 1, -1, 1, 1, -1, 1, -1, 1, 1, 1, -1, -1, 1, -1, 1, -1, 1, 1, 1, -1, 1, -1, 1, -1, 1, 1, 1, -1, 1, -1, 1, -1, 1, -1, 1, 1, 1, 1, 1, 1, -1, 1, 1, -1, 1, -1, 1, 1, 1, 1, 1, -1, 1, 1, 1, -1, 1, -1, 1, 1, 1, -1, 1, -1, 1, -1, 1, 1, -1, -1, 1, -1, -1, -1, 1, 1, -1, -1, 1, 1, -1, -1, 1, -1, -1, -1, -1, 1, -1, -1, 1, -1, -1, -1, 1, -1, -1, -1, 1, -1, -1, 1, 1, -1, -1, -1, 1, -1, -1, -1, 1, -1, -1, 1, 1, -1, 1, 1, 1, 1, -1, 1, 1, 1, 1, -1, -1, -1, 1, -1, -1, 1, 1, 1, -1, 1, 1, -1, 1, -1, 1, -1, -1, -1, 1, -1, -1, 1, 1, -1, 1, 1, 1, -1, -1, 1, 1, -1, -1, -1, 1, -1, -1, 1, 1, -1, -1, 1, 1, 1, -1, 1, 1, 1, -1, 1, -1, 1, -1, 1, 1, -1, -1, 1, -1, 1, -1, -1, -1, 1, -1, -1, 1, 1, -1, -1, -1, 1, -1, 1, 1, 1, -1, -1, 1, 1, -1, -1, 1, -1, 1, -1, -1, 1, -1, -1, 1, -1, 1, -1, -1, 1, 1, -1, 1, -1, -1, 1, -1, -1, 1, -1, -1, -1, 1, 1, -1, 1, -1, 1, -1, -1, 1, -1, -1, -1, 1, 1, -1, 1, 1, 1, 1, -1, 1, 1, 1, -1, 1, 1, -1, -1, -1, 1, -1, -1, -1, 1, 1, -1, -1, 1, 1, 1, -1, 1, 1, -1, -1, 1, 1, -1, 1, 1, -1, 1, 1, 1, 1, 1, 1, 1, 1, 1, 1, 1, 1, 1, 1, 1, -1, 1, 1, 1, -1, 1, 1, -1, -1, 1, 1, 1, -1, 1, 1, -1, -1, 1, 1, 1, -1, 1, 1, -1, -1, 1, 1, -1, -1, 1, -1, 1, -1, 1, -1, -1, -1, 1, -1, -1, -1, 1, 1, -1, -1, 1, 1, -1, -1, 1, -1, 1, -1, 1, 1, -1, -1, -1, 1, -1, -1, -1, 1, 1, -1, -1, 1, -1, -1, 1, 1, -1, 1, -1, 1, 1
BQP_DATA, 383, 1595, -862.000000, -906.000000, -2232.000000, -2276.000000, 2048.000449, 1207, 9561
