Set parameter TSPort to value 51199
Set parameter TokenServer to value "open-license1.lanl.gov"
Set parameter TimeLimit to value 2048
Set parameter Threads to value 1
Gurobi Optimizer version 10.0.3 build v10.0.3rc0 (linux64)

CPU model: Intel(R) Xeon(R) CPU E5-2695 v4 @ 2.10GHz, instruction set [SSE2|AVX|AVX2]
Thread count: 36 physical cores, 72 logical processors, using up to 1 threads

Optimize a model with 0 rows, 383 columns and 0 nonzeros
Model fingerprint: 0x66eacecd
Model has 1627 quadratic objective terms
Variable types: 0 continuous, 383 integer (383 binary)
Coefficient statistics:
  Matrix range     [0e+00, 0e+00]
  Objective range  [2e+00, 3e+01]
  QObjective range [8e+00, 8e+00]
  Bounds range     [1e+00, 1e+00]
  RHS range        [0e+00, 0e+00]
Found heuristic solution: objective 0.0000000
Found heuristic solution: objective -662.0000000
Found heuristic solution: objective -2298.000000
Found heuristic solution: objective -2300.000000
Presolve removed 0 rows and 4 columns
Presolve time: 0.21s
Presolved: 1622 rows, 2001 columns, 4866 nonzeros
Variable types: 0 continuous, 2001 integer (2001 binary)

Root relaxation: objective -3.077000e+03, 441 iterations, 0.01 seconds (0.00 work units)

    Nodes    |    Current Node    |     Objective Bounds      |     Work
 Expl Unexpl |  Obj  Depth IntInf | Incumbent    BestBd   Gap | It/Node Time

     0     0 -3077.0000    0  379 -2300.0000 -3077.0000  33.8%     -    0s
     0     0 -2773.0000    0  540 -2300.0000 -2773.0000  20.6%     -    0s
     0     0 -2773.0000    0  540 -2300.0000 -2773.0000  20.6%     -    0s
     0     0 -2714.9682    0  621 -2300.0000 -2714.9682  18.0%     -    0s
     0     0 -2714.9682    0  613 -2300.0000 -2714.9682  18.0%     -    0s
     0     2 -2714.9591    0  611 -2300.0000 -2714.9591  18.0%     -    0s
   530   466 -2335.3333   64 1139 -2300.0000 -2506.3759  8.97%  71.2    5s
   550   479 -2368.0000   60 1592 -2300.0000 -2448.5195  6.46%  68.6   10s
   564   488 -2423.5335    4 1718 -2300.0000 -2423.5335  5.37%  66.9   15s
   587   504 -2412.4021   15 1773 -2300.0000 -2412.4021  4.89%  64.3   20s
   613   521 -2334.3333   65 1809 -2300.0000 -2403.6772  4.51%  61.6   25s
   655   549 -2374.0000   59 1830 -2300.0000 -2395.9416  4.17%  57.6   30s
   708   584 -2391.0000   54 1852 -2300.0000 -2391.1139  3.96%  53.3   35s
   743   609 -2389.8671   46 1727 -2300.0000 -2389.8671  3.91%   186   40s
   762   621 -2370.0000   65 1848 -2300.0000 -2388.9397  3.87%   182   45s
   792   641 -2356.0000   69 1847 -2300.0000 -2386.4650  3.76%   175   50s
   822   663 -2384.1038   31 1805 -2300.0000 -2385.2726  3.71%   216   55s
   830   669 -2374.3602   35 1709 -2300.0000 -2382.6696  3.59%   231   60s
   841   676 -2362.1165   40 1623 -2300.0000 -2382.6696  3.59%   253   65s
   857   687 -2343.8791   48 1501 -2300.0000 -2382.6696  3.59%   271   70s
   882   703 -2319.6969   61 1317 -2300.0000 -2382.6696  3.59%   290   75s
   914   715 -2376.1843   33 1761 -2300.0000 -2382.6673  3.59%   303   80s
   926   723 -2363.2616   39 1646 -2300.0000 -2382.6673  3.59%   319   85s
   940   732 -2345.1870   46 1520 -2300.0000 -2382.6673  3.59%   336   90s
   960   745 -2331.3365   56 1339 -2300.0000 -2382.6673  3.59%   350   95s
  1006   774 -2307.3960   79 1105 -2300.0000 -2382.6673  3.59%   359  100s
  1035   779 -2368.2825   35 1726 -2300.0000 -2381.1444  3.53%   369  105s
  1047   787 -2351.3085   41 1604 -2300.0000 -2381.1444  3.53%   382  110s
  1064   799 -2335.5706   50 1478 -2300.0000 -2381.1444  3.53%   395  115s
  1093   818 -2311.4383   64 1359 -2300.0000 -2381.1444  3.53%   405  120s
  1113   823 -2367.1795   36 1708 -2300.0000 -2381.1427  3.53%   416  125s
  1127   833 -2353.4633   44 1545 -2300.0000 -2381.1427  3.53%   428  130s
  1147   846 -2337.3801   51 1439 -2300.0000 -2381.1427  3.53%   439  135s
  1180   868 -2315.9782   65 1237 -2300.0000 -2381.1427  3.53%   448  140s
H 1207   811                    -2308.000000 -2381.1427  3.17%   447  142s
  1217   810 -2368.7341   37 1695 -2308.0000 -2378.4335  3.05%   452  145s
  1230   818 -2355.0886   43 1572 -2308.0000 -2378.4335  3.05%   462  150s
  1248   830 -2342.2799   48 1505 -2308.0000 -2378.4335  3.05%   472  155s
H 1280   769                    -2314.000000 -2378.4335  2.78%   476  159s
  1283   773 -2317.9035   65 1226 -2314.0000 -2378.4335  2.78%   477  160s
  1306   772 -2362.9989   39 1661 -2314.0000 -2378.4334  2.78%   482  165s
  1323   783 -2345.6392   45 1553 -2314.0000 -2378.4334  2.78%   492  170s
  1342   796 -2331.9646   53 1424 -2314.0000 -2378.4334  2.78%   500  175s
  1374   817 -2317.9219   61 1367 -2314.0000 -2378.4334  2.78%   506  180s
  1395   818 -2356.9378   40 1615 -2314.0000 -2376.5783  2.70%   511  185s
  1421   824 -2319.8183   55 1426 -2314.0000 -2376.5783  2.70%   516  190s
  1452   814 -2358.6546   38 1656 -2314.0000 -2375.7105  2.67%   519  195s
  1479   824 -2320.8080   58 1418 -2314.0000 -2375.7105  2.67%   524  200s
  1499   828 -2341.8066   46 1546 -2314.0000 -2375.7084  2.67%   529  205s
  1520   835 -2356.4181   40 1636 -2314.0000 -2375.6514  2.66%   535  210s
  1550   841     cutoff   60      -2314.0000 -2375.6514  2.66%   539  215s
  1560   847 -2363.6277   37 1689 -2314.0000 -2375.6461  2.66%   546  220s
  1572   855 -2355.7075   41 1583 -2314.0000 -2375.6461  2.66%   554  225s
  1587   865 -2348.1099   44 1571 -2314.0000 -2375.6461  2.66%   561  230s
  1607   879 -2338.3262   48 1502 -2314.0000 -2375.6461  2.66%   567  235s
  1628   893 -2327.3779   55 1401 -2314.0000 -2375.6461  2.66%   573  240s
  1656   899 -2363.1309   37 1674 -2314.0000 -2374.7152  2.62%   576  245s
  1677   913 -2318.4508   58 1424 -2314.0000 -2374.7152  2.62%   581  250s
  1695   915 -2358.5852   40 1645 -2314.0000 -2374.6997  2.62%   586  255s
  1713   927 -2330.8700   50 1523 -2314.0000 -2374.6997  2.62%   591  260s
  1734   929 -2367.6272   35 1758 -2314.0000 -2374.4854  2.61%   597  265s
  1750   940 -2333.3524   51 1432 -2314.0000 -2374.4854  2.61%   602  270s
  1774   942 -2354.4208   40 1629 -2314.0000 -2374.4850  2.61%   605  275s
  1801   948 -2371.2760   34 1776 -2314.0000 -2373.9528  2.59%   608  280s
  1816   958 -2338.3947   49 1477 -2314.0000 -2373.9528  2.59%   613  285s
  1837   960 -2361.8699   39 1642 -2314.0000 -2373.9423  2.59%   618  290s
  1862   971 -2317.8176   59 1390 -2314.0000 -2373.9423  2.59%   621  295s
  1877   977 -2340.0714   48 1505 -2314.0000 -2373.7241  2.58%   625  300s
  1900   982 -2364.2638   38 1653 -2314.0000 -2373.3206  2.56%   628  305s
  1915   992 -2344.3270   45 1554 -2314.0000 -2373.3206  2.56%   634  310s
H 1937   944                    -2316.000000 -2373.3206  2.47%   637  315s
H 1959   847                    -2322.000000 -2373.3206  2.21%   636  317s
  1964   851 -2360.1983   39 1637 -2322.0000 -2373.3183  2.21%   639  320s
  1989   855 -2369.0951   35 1741 -2322.0000 -2372.9216  2.19%   641  325s
  1997   861 -2347.9477   43 1597 -2322.0000 -2372.9216  2.19%   644  330s
  2014   860 -2364.6368   37 1696 -2322.0000 -2372.4606  2.17%   647  335s
  2029   870 -2352.7237   42 1602 -2322.0000 -2372.4606  2.17%   651  340s
  2047   882 -2342.5617   48 1474 -2322.0000 -2372.4606  2.17%   655  345s
  2074   900 -2330.2132   55 1398 -2322.0000 -2372.4606  2.17%   657  350s
  2093   905 -2352.1921   41 1627 -2322.0000 -2372.2179  2.16%   661  355s
  2118   907 -2365.9596   38 1668 -2322.0000 -2372.2123  2.16%   663  360s
  2143   916 -2367.8535   37 1703 -2322.0000 -2371.8907  2.15%   665  365s
  2164   922     cutoff   53      -2322.0000 -2371.8907  2.15%   667  370s
  2177   931 -2344.2677   42 1605 -2322.0000 -2371.7588  2.14%   672  375s
  2193   937 -2328.0320   47 1524 -2322.0000 -2371.7588  2.14%   676  380s
  2217   933 -2355.0361   40 1611 -2322.0000 -2371.7522  2.14%   678  385s
H 2235   832                    -2326.000000 -2371.7522  1.97%   678  388s
  2238   834 -2362.7787   37 1676 -2326.0000 -2371.7226  1.97%   680  390s
  2264   838 -2329.8053   51 1473 -2326.0000 -2371.7226  1.97%   681  395s
  2283   846 -2332.8282   52 1464 -2326.0000 -2371.7040  1.96%   684  400s
  2302   846 -2347.7045   43 1585 -2326.0000 -2371.2752  1.95%   687  405s
  2338   839     cutoff   52      -2326.0000 -2371.2752  1.95%   684  410s
H 2346   784                    -2328.000000 -2371.2752  1.86%   683  410s
  2364   788 -2360.8693   38 1677 -2328.0000 -2371.1983  1.86%   685  415s
  2385   799 -2367.2236   36 1704 -2328.0000 -2370.7286  1.84%   687  420s
  2405   813 -2330.6504   51 1449 -2328.0000 -2370.7286  1.84%   689  425s
  2417   819 -2356.9109   39 1664 -2328.0000 -2370.6385  1.83%   693  430s
  2432   834 -2349.6462   42 1609 -2328.0000 -2370.6385  1.83%   697  435s
  2448   850 -2342.7755   44 1538 -2328.0000 -2370.6385  1.83%   700  440s
  2473   861 -2365.0484   37 1693 -2328.0000 -2370.6374  1.83%   701  445s
  2499   873 -2365.0605   36 1735 -2328.0000 -2370.4881  1.83%   702  450s
  2516   886 -2330.0956   50 1498 -2328.0000 -2370.4881  1.83%   704  455s
  2535   895 -2342.3325   47 1532 -2328.0000 -2370.4730  1.82%   706  460s
  2555   905 -2349.8600   43 1590 -2328.0000 -2370.4686  1.82%   708  465s
  2576   912 -2359.8870   37 1693 -2328.0000 -2370.4398  1.82%   710  470s
  2586   922 -2347.7742   42 1585 -2328.0000 -2370.4398  1.82%   715  475s
  2609   937 -2365.6766   36 1737 -2328.0000 -2370.4398  1.82%   717  480s
  2621   949 -2357.6250   39 1657 -2328.0000 -2370.4398  1.82%   720  485s
  2638   966 -2340.7237   45 1563 -2328.0000 -2370.4398  1.82%   722  490s
  2661   973 -2355.5786   42 1611 -2328.0000 -2370.2852  1.82%   723  495s
  2682   984 -2359.7200   39 1667 -2328.0000 -2370.1214  1.81%   725  500s
  2706   996 -2365.7964   38 1701 -2328.0000 -2370.1160  1.81%   726  505s
  2721  1005 -2330.4591   48 1517 -2328.0000 -2370.1160  1.81%   729  510s
  2737  1013 -2336.3159   48 1495 -2328.0000 -2369.6823  1.79%   732  515s
  2756  1020 -2357.0335   40 1646 -2328.0000 -2369.0941  1.77%   733  520s
  2770  1034 -2348.5888   43 1571 -2328.0000 -2369.0941  1.77%   736  525s
  2791  1055 -2335.3664   52 1454 -2328.0000 -2369.0941  1.77%   737  530s
  2814  1068 -2346.6889   45 1533 -2328.0000 -2368.9964  1.76%   738  535s
  2841  1077 -2353.4736   41 1631 -2328.0000 -2368.9931  1.76%   738  540s
  2865  1091 -2355.0307   41 1621 -2328.0000 -2368.8286  1.75%   738  545s
  2889  1101 -2359.4747   38 1680 -2328.0000 -2368.7826  1.75%   740  550s
  2915  1111 -2364.9107   36 1733 -2328.0000 -2368.7334  1.75%   740  555s
  2935  1126 -2330.9432   52 1466 -2328.0000 -2368.7334  1.75%   741  560s
  2959  1138     cutoff   55      -2328.0000 -2368.7278  1.75%   741  565s
  2984  1151 -2334.2488   52 1499 -2328.0000 -2368.6981  1.75%   742  570s
  2999  1156 -2355.5051   41 1614 -2328.0000 -2368.5953  1.74%   742  575s
  3012  1169 -2336.0580   48 1501 -2328.0000 -2368.5953  1.74%   744  580s
  3040  1173 -2355.2195   40 1644 -2328.0000 -2368.5727  1.74%   744  585s
  3072  1181 -2336.6508   49 1474 -2328.0000 -2368.5727  1.74%   743  590s
  3106  1179     cutoff   51      -2328.0000 -2368.5727  1.74%   741  595s
  3132  1193 -2330.2379   53 1441 -2328.0000 -2368.2867  1.73%   741  600s
  3147  1202 -2352.1895   43 1599 -2328.0000 -2368.2795  1.73%   744  605s
  3166  1221 -2339.8037   47 1507 -2328.0000 -2368.2795  1.73%   746  610s
  3191  1236 -2365.8686   36 1730 -2328.0000 -2368.2756  1.73%   746  615s
  3207  1250 -2331.2728   51 1476 -2328.0000 -2368.2756  1.73%   748  620s
  3227  1256 -2351.8704   43 1591 -2328.0000 -2368.2643  1.73%   750  625s
  3254  1271 -2361.8649   36 1737 -2328.0000 -2368.0731  1.72%   750  630s
  3274  1283 -2331.2081   49 1514 -2328.0000 -2368.0731  1.72%   751  635s
  3292  1293 -2331.3466   49 1468 -2328.0000 -2367.8581  1.71%   753  640s
  3314  1297 -2347.9001   44 1569 -2328.0000 -2367.8510  1.71%   753  645s
  3337  1310 -2345.6135   46 1526 -2328.0000 -2367.6966  1.71%   754  650s
  3366  1325 -2347.8359   46 1553 -2328.0000 -2367.6574  1.70%   753  655s
  3387  1334 -2350.9502   41 1603 -2328.0000 -2367.6235  1.70%   755  660s
  3410  1343 -2357.7904   39 1682 -2328.0000 -2367.5232  1.70%   755  665s
  3433  1354 -2361.2731   37 1719 -2328.0000 -2367.4448  1.69%   756  670s
  3445  1366 -2346.2164   43 1578 -2328.0000 -2367.4448  1.69%   758  675s
  3469  1375 -2363.2181   36 1723 -2328.0000 -2367.3290  1.69%   759  681s
  3484  1390 -2350.4976   42 1605 -2328.0000 -2367.3290  1.69%   760  685s
  3502  1408 -2337.1515   49 1490 -2328.0000 -2367.3290  1.69%   762  690s
  3529  1423 -2343.0653   47 1523 -2328.0000 -2367.3043  1.69%   762  695s
  3555  1437 -2341.7941   47 1529 -2328.0000 -2367.2549  1.69%   762  700s
  3575  1447 -2347.5976   44 1548 -2328.0000 -2367.2153  1.68%   763  705s
  3599  1459 -2342.7130   44 1553 -2328.0000 -2367.1795  1.68%   763  710s
  3623  1471 -2340.5794   47 1529 -2328.0000 -2367.1716  1.68%   764  715s
  3645  1481 -2344.5022   45 1531 -2328.0000 -2367.0982  1.68%   764  720s
  3666  1494 -2345.6754   45 1525 -2328.0000 -2367.0952  1.68%   765  725s
  3686  1502 -2353.7288   41 1628 -2328.0000 -2366.9931  1.67%   766  730s
  3707  1513 -2353.8806   40 1625 -2328.0000 -2366.8195  1.67%   767  735s
  3730  1526 -2358.4476   40 1632 -2328.0000 -2366.5606  1.66%   768  740s
  3746  1542 -2341.4492   48 1528 -2328.0000 -2366.5606  1.66%   769  745s
  3779  1549 -2332.8907   53 1448 -2328.0000 -2366.5606  1.66%   768  750s
  3799  1553 -2355.0655   40 1635 -2328.0000 -2366.5560  1.66%   769  755s
  3817  1571 -2339.8526   48 1494 -2328.0000 -2366.5560  1.66%   770  760s
  3845  1582 -2357.0725   38 1655 -2328.0000 -2366.4406  1.65%   770  765s
  3860  1597 -2335.2036   46 1490 -2328.0000 -2366.4406  1.65%   772  770s
  3884  1608 -2342.4128   46 1571 -2328.0000 -2366.3834  1.65%   772  775s
  3912  1624 -2337.2378   50 1475 -2328.0000 -2366.2888  1.64%   772  780s
  3933  1637 -2337.0228   48 1511 -2328.0000 -2366.2642  1.64%   772  785s
  3958  1652 -2333.8190   52 1485 -2328.0000 -2366.2630  1.64%   773  790s
  3981  1659 -2341.5864   47 1528 -2328.0000 -2366.2565  1.64%   773  795s
  3999  1669 -2342.1729   45 1577 -2328.0000 -2366.2484  1.64%   774  800s
  4019  1681 -2342.1503   47 1527 -2328.0000 -2366.1861  1.64%   775  805s
  4041  1691 -2341.4751   46 1535 -2328.0000 -2366.1694  1.64%   775  810s
  4060  1702 -2345.5266   45 1562 -2328.0000 -2366.1124  1.64%   777  815s
  4084  1712 -2355.9442   41 1626 -2328.0000 -2366.0574  1.63%   777  820s
  4096  1724 -2347.2316   43 1599 -2328.0000 -2366.0574  1.63%   779  825s
  4113  1741 -2337.4972   48 1530 -2328.0000 -2366.0574  1.63%   780  830s
  4139  1753 -2355.7155   40 1625 -2328.0000 -2366.0490  1.63%   780  835s
  4163  1767 -2354.8415   41 1625 -2328.0000 -2366.0216  1.63%   780  840s
  4186  1780 -2352.7459   41 1618 -2328.0000 -2366.0178  1.63%   781  845s
  4204  1788 -2354.0012   41 1618 -2328.0000 -2366.0077  1.63%   782  850s
  4226  1798 -2359.0470   39 1662 -2328.0000 -2365.9931  1.63%   782  855s
  4247  1807 -2358.4018   38 1714 -2328.0000 -2365.9583  1.63%   783  860s
  4269  1817 -2361.8869   39 1678 -2328.0000 -2365.9537  1.63%   784  865s
  4283  1831 -2345.8704   46 1501 -2328.0000 -2365.9537  1.63%   785  870s
  4309  1845 -2359.9314   38 1676 -2328.0000 -2365.9463  1.63%   785  875s
  4336  1858 -2331.3946   53 1451 -2328.0000 -2365.9463  1.63%   785  880s
  4349  1867 -2334.0721   47 1547 -2328.0000 -2365.8954  1.63%   787  885s
  4373  1873 -2334.5132   47 1533 -2328.0000 -2365.8773  1.63%   787  890s
  4391  1881 -2357.0511   39 1638 -2328.0000 -2365.8634  1.63%   788  895s
  4405  1895 -2353.1278   41 1616 -2328.0000 -2365.8634  1.63%   790  900s
  4422  1912 -2348.8632   42 1631 -2328.0000 -2365.8634  1.63%   792  905s
  4439  1929 -2346.6892   43 1575 -2328.0000 -2365.8634  1.63%   793  910s
  4459  1949 -2339.2131   48 1471 -2328.0000 -2365.8634  1.63%   794  915s
  4480  1970 -2335.3677   49 1485 -2328.0000 -2365.8634  1.63%   794  920s
  4500  1990 -2334.5948   50 1497 -2328.0000 -2365.8634  1.63%   796  925s
  4537  1999 -2362.5774   37 1710 -2328.0000 -2365.8612  1.63%   794  930s
  4557  2013 -2332.3935   52 1435 -2328.0000 -2365.8612  1.63%   795  935s
  4584  2022 -2332.8737   52 1470 -2328.0000 -2365.8273  1.62%   794  940s
  4604  2034 -2333.9779   49 1509 -2328.0000 -2365.7947  1.62%   795  945s
  4631  2043     cutoff   52      -2328.0000 -2365.7540  1.62%   794  950s
  4649  2057 -2338.0120   47 1524 -2328.0000 -2365.7494  1.62%   796  955s
  4675  2063 -2355.2511   41 1628 -2328.0000 -2365.7325  1.62%   795  960s
  4698  2072 -2357.6274   40 1637 -2328.0000 -2365.6872  1.62%   796  965s
  4720  2084 -2358.3292   39 1647 -2328.0000 -2365.3746  1.61%   796  970s
  4743  2097 -2354.7089   41 1651 -2328.0000 -2365.3641  1.60%   796  975s
  4767  2109 -2356.8059   39 1632 -2328.0000 -2365.2802  1.60%   796  980s
  4795  2119 -2330.7245   52 1447 -2328.0000 -2365.2802  1.60%   796  985s
  4810  2130 -2352.2897   43 1617 -2328.0000 -2365.2738  1.60%   797  990s
  4827  2147 -2345.0316   47 1527 -2328.0000 -2365.2738  1.60%   798  995s
  4848  2158 -2357.9162   40 1636 -2328.0000 -2365.2674  1.60%   799 1000s
  4871  2169 -2357.6486   39 1679 -2328.0000 -2365.2634  1.60%   799 1005s
  4894  2180 -2357.4776   39 1655 -2328.0000 -2365.2405  1.60%   799 1010s
  4915  2193 -2358.8716   37 1685 -2328.0000 -2365.2300  1.60%   800 1015s
  4931  2209 -2340.3109   45 1554 -2328.0000 -2365.2300  1.60%   801 1020s
  4953  2221 -2349.1597   44 1558 -2328.0000 -2365.1719  1.60%   802 1025s
  4974  2234 -2345.9754   46 1527 -2328.0000 -2365.1712  1.60%   802 1030s
  4995  2243 -2352.7181   41 1619 -2328.0000 -2365.1559  1.60%   802 1035s
  5012  2260 -2332.0783   51 1456 -2328.0000 -2365.1559  1.60%   803 1040s
  5037  2271 -2333.4656   51 1460 -2328.0000 -2365.0604  1.59%   803 1045s
  5064  2278 -2360.9037   38 1705 -2328.0000 -2365.0335  1.59%   803 1050s
  5090  2292 -2359.3955   39 1651 -2328.0000 -2364.9649  1.59%   803 1055s
  5108  2310 -2346.9464   46 1544 -2328.0000 -2364.9649  1.59%   804 1060s
  5130  2332 -2332.5340   53 1465 -2328.0000 -2364.9649  1.59%   804 1065s
  5152  2337 -2345.2358   44 1581 -2328.0000 -2364.9477  1.59%   805 1070s
  5179  2340     cutoff   51      -2328.0000 -2364.9477  1.59%   804 1075s
  5207  2340     cutoff   51      -2328.0000 -2364.9477  1.59%   804 1080s
  5232  2341 -2352.7427   40 1609 -2328.0000 -2364.9093  1.59%   804 1085s
  5256  2349 -2357.6587   37 1730 -2328.0000 -2364.9082  1.59%   804 1090s
  5278  2357     cutoff   49      -2328.0000 -2364.9082  1.59%   805 1095s
  5299  2368 -2361.0579   39 1681 -2328.0000 -2364.9014  1.59%   805 1100s
  5323  2376 -2355.9084   39 1705 -2328.0000 -2364.8326  1.58%   805 1105s
  5345  2388 -2353.6290   40 1616 -2328.0000 -2364.7912  1.58%   805 1110s
  5369  2402 -2348.2164   44 1578 -2328.0000 -2364.7827  1.58%   805 1115s
  5395  2416 -2347.0426   44 1579 -2328.0000 -2364.7185  1.58%   805 1120s
  5416  2423 -2357.7227   38 1674 -2328.0000 -2364.6941  1.58%   806 1125s
  5439  2434 -2357.1342   39 1675 -2328.0000 -2364.6116  1.57%   806 1130s
  5454  2449 -2351.7123   42 1593 -2328.0000 -2364.6116  1.57%   807 1135s
  5471  2466 -2340.3625   47 1501 -2328.0000 -2364.6116  1.57%   808 1140s
  5496  2491 -2332.2165   52 1469 -2328.0000 -2364.6116  1.57%   808 1145s
  5523  2498 -2358.7821   38 1714 -2328.0000 -2364.3999  1.56%   808 1150s
  5545  2508 -2361.2468   38 1690 -2328.0000 -2364.3541  1.56%   808 1155s
  5565  2520 -2359.8366   37 1710 -2328.0000 -2364.3292  1.56%   808 1160s
  5592  2531 -2360.9999   38 1673 -2328.0000 -2364.2614  1.56%   808 1165s
  5613  2540 -2360.8336   37 1728 -2328.0000 -2364.2127  1.56%   809 1170s
  5632  2549 -2358.3543   37 1712 -2328.0000 -2364.2028  1.56%   809 1175s
  5651  2558 -2361.8633   38 1694 -2328.0000 -2364.1852  1.55%   810 1180s
  5673  2568 -2359.5620   37 1728 -2328.0000 -2364.1826  1.55%   810 1185s
  5700  2579 -2358.2239   40 1665 -2328.0000 -2364.1817  1.55%   810 1190s
  5724  2594 -2354.1739   42 1576 -2328.0000 -2364.1798  1.55%   810 1195s
  5742  2612 -2344.9589   47 1524 -2328.0000 -2364.1798  1.55%   811 1200s
  5769  2625     cutoff   55      -2328.0000 -2364.1798  1.55%   811 1205s
  5783  2639 -2330.9303   50 1482 -2328.0000 -2364.0895  1.55%   812 1210s
  5806  2646 -2336.7258   49 1510 -2328.0000 -2364.0028  1.55%   812 1215s
  5841  2647 -2332.2725   52 1454 -2328.0000 -2364.0028  1.55%   811 1220s
  5883  2643 -2360.1879   39 1685 -2328.0000 -2363.9804  1.55%   809 1225s
  5905  2655 -2357.4947   40 1620 -2328.0000 -2363.9729  1.55%   809 1230s
  5923  2663 -2351.6139   40 1638 -2328.0000 -2363.9715  1.55%   809 1235s
  5946  2674 -2351.7065   43 1562 -2328.0000 -2363.9701  1.55%   810 1240s
  5972  2688 -2346.3116   44 1556 -2328.0000 -2363.9578  1.54%   809 1245s
  5996  2698 -2346.3126   43 1585 -2328.0000 -2363.9136  1.54%   809 1250s
  6012  2702 -2356.4455   41 1637 -2328.0000 -2363.8850  1.54%   810 1255s
  6028  2718 -2341.0380   49 1497 -2328.0000 -2363.8850  1.54%   811 1260s
  6050  2729 -2347.7785   43 1602 -2328.0000 -2363.8645  1.54%   811 1265s
  6069  2740 -2356.0909   40 1601 -2328.0000 -2363.8632  1.54%   812 1270s
  6085  2756 -2344.8048   45 1502 -2328.0000 -2363.8632  1.54%   813 1275s
  6105  2776 -2331.4198   52 1419 -2328.0000 -2363.8632  1.54%   814 1280s
  6127  2782 -2334.8916   48 1533 -2328.0000 -2363.8455  1.54%   814 1285s
  6149  2792 -2350.0941   43 1568 -2328.0000 -2363.8446  1.54%   814 1290s
  6174  2802 -2349.6886   43 1589 -2328.0000 -2363.8341  1.54%   814 1295s
  6197  2813 -2349.3022   42 1614 -2328.0000 -2363.8334  1.54%   814 1300s
  6222  2824 -2350.0427   42 1602 -2328.0000 -2363.8108  1.54%   814 1305s
  6242  2834 -2350.8921   41 1635 -2328.0000 -2363.8051  1.54%   814 1310s
  6262  2842 -2354.2663   39 1646 -2328.0000 -2363.7942  1.54%   815 1315s
  6287  2853 -2349.1116   43 1551 -2328.0000 -2363.7476  1.54%   815 1320s
  6313  2863 -2353.5208   42 1579 -2328.0000 -2363.6862  1.53%   815 1325s
  6338  2876 -2349.6987   43 1582 -2328.0000 -2363.6262  1.53%   815 1330s
  6360  2886 -2355.2097   40 1650 -2328.0000 -2363.6232  1.53%   815 1335s
  6374  2900 -2343.8626   44 1577 -2328.0000 -2363.6232  1.53%   816 1340s
  6397  2921 -2330.2183   53 1459 -2328.0000 -2363.6232  1.53%   816 1345s
  6417  2931 -2331.3675   52 1514 -2328.0000 -2363.6047  1.53%   816 1350s
  6442  2942     cutoff   52      -2328.0000 -2363.5748  1.53%   816 1355s
  6464  2950 -2334.2654   48 1509 -2328.0000 -2363.5449  1.53%   817 1360s
  6488  2952 -2349.5440   41 1607 -2328.0000 -2363.5135  1.53%   816 1365s
  6505  2969 -2330.1760   48 1498 -2328.0000 -2363.5135  1.53%   817 1370s
  6532  2978 -2331.4296   52 1494 -2328.0000 -2363.5004  1.52%   817 1375s
  6550  2988 -2346.4887   44 1561 -2328.0000 -2363.4870  1.52%   818 1380s
  6575  3001 -2360.3720   37 1709 -2328.0000 -2363.4803  1.52%   817 1385s
  6603  3013 -2358.3743   37 1720 -2328.0000 -2363.4027  1.52%   817 1390s
  6623  3023 -2359.9569   38 1701 -2328.0000 -2363.3798  1.52%   818 1395s
  6646  3034 -2358.4028   38 1707 -2328.0000 -2363.3795  1.52%   818 1400s
  6665  3043 -2358.3412   38 1706 -2328.0000 -2363.2759  1.52%   818 1405s
  6676  3054 -2351.5647   41 1657 -2328.0000 -2363.2759  1.52%   819 1410s
  6693  3071 -2337.9792   48 1515 -2328.0000 -2363.2759  1.52%   820 1415s
  6716  3080 -2342.1968   45 1537 -2328.0000 -2363.2336  1.51%   820 1420s
  6738  3086 -2348.0715   44 1573 -2328.0000 -2363.2191  1.51%   820 1425s
  6765  3097 -2344.0139   44 1601 -2328.0000 -2363.2172  1.51%   820 1430s
  6784  3106 -2348.0140   45 1546 -2328.0000 -2363.2165  1.51%   821 1435s
  6810  3118 -2344.7442   45 1548 -2328.0000 -2363.2165  1.51%   820 1440s
  6829  3129 -2335.8949   46 1545 -2328.0000 -2363.2043  1.51%   821 1445s
  6850  3136 -2339.7622   46 1538 -2328.0000 -2363.1288  1.51%   821 1450s
  6875  3151 -2332.1246   52 1424 -2328.0000 -2363.1132  1.51%   821 1455s
  6905  3163 -2330.5872   56 1299 -2328.0000 -2363.0808  1.51%   820 1460s
  6925  3169 -2358.7389   39 1676 -2328.0000 -2363.0326  1.50%   821 1465s
  6941  3185 -2346.0716   45 1570 -2328.0000 -2363.0326  1.50%   822 1470s
  6961  3205 -2331.6306   53 1340 -2328.0000 -2363.0326  1.50%   822 1475s
  6983  3209 -2350.0007   44 1553 -2328.0000 -2362.9971  1.50%   822 1480s
  7006  3222 -2343.7397   47 1502 -2328.0000 -2362.9957  1.50%   822 1485s
  7029  3231 -2351.0058   43 1599 -2328.0000 -2362.9733  1.50%   822 1490s
  7051  3249     cutoff   54      -2328.0000 -2362.9733  1.50%   822 1495s
  7079  3259 -2335.2663   51 1444 -2328.0000 -2362.9582  1.50%   822 1500s
  7116  3256     cutoff   53      -2328.0000 -2362.9582  1.50%   821 1505s
  7143  3269 -2358.6886   40 1662 -2328.0000 -2362.9336  1.50%   820 1510s
  7168  3284 -2353.4746   40 1649 -2328.0000 -2362.9162  1.50%   820 1515s
  7191  3295 -2353.9647   42 1609 -2328.0000 -2362.9148  1.50%   820 1520s
  7205  3309 -2339.0752   45 1557 -2328.0000 -2362.9148  1.50%   821 1525s
  7224  3318 -2346.1705   43 1578 -2328.0000 -2362.8859  1.50%   822 1530s
  7243  3327 -2343.8936   45 1552 -2328.0000 -2362.8603  1.50%   822 1535s
  7263  3339 -2346.8731   44 1552 -2328.0000 -2362.8384  1.50%   822 1540s
  7281  3357 -2340.6765   47 1496 -2328.0000 -2362.8384  1.50%   823 1545s
  7302  3368 -2359.2707   38 1696 -2328.0000 -2362.8382  1.50%   823 1550s
  7325  3379 -2352.3877   41 1605 -2328.0000 -2362.7956  1.49%   823 1555s
  7347  3387 -2356.2471   39 1690 -2328.0000 -2362.7770  1.49%   823 1560s
  7368  3396 -2331.3342   50 1510 -2328.0000 -2362.7770  1.49%   823 1565s
  7392  3406 -2356.6329   38 1702 -2328.0000 -2362.6353  1.49%   824 1571s
  7406  3414 -2332.9144   47 1536 -2328.0000 -2362.6353  1.49%   824 1575s
  7431  3423 -2359.5517   40 1679 -2328.0000 -2362.5923  1.49%   824 1580s
  7456  3434 -2354.8801   41 1602 -2328.0000 -2362.5905  1.49%   824 1585s
  7480  3446 -2352.7131   41 1611 -2328.0000 -2362.5829  1.49%   824 1590s
  7502  3458 -2347.4767   43 1587 -2328.0000 -2362.5740  1.49%   824 1595s
  7525  3471 -2330.6338   51 1469 -2328.0000 -2362.5740  1.49%   824 1600s
  7547  3485 -2342.4322   47 1536 -2328.0000 -2362.5717  1.49%   824 1605s
  7574  3500 -2358.6888   38 1689 -2328.0000 -2362.5663  1.48%   824 1610s
  7593  3509 -2355.9555   39 1666 -2328.0000 -2362.5584  1.48%   824 1615s
  7614  3520 -2354.1794   40 1638 -2328.0000 -2362.5389  1.48%   824 1620s
  7637  3533 -2350.6849   42 1553 -2328.0000 -2362.5374  1.48%   824 1625s
  7658  3542 -2349.7712   41 1629 -2328.0000 -2362.5195  1.48%   825 1630s
  7684  3548 -2331.1652   49 1489 -2328.0000 -2362.5195  1.48%   824 1635s
  7717  3545 -2333.0830   46 1541 -2328.0000 -2362.5195  1.48%   823 1640s
  7740  3554     cutoff   53      -2328.0000 -2362.5149  1.48%   824 1645s
  7768  3566 -2332.0507   52 1461 -2328.0000 -2362.5137  1.48%   823 1650s
  7797  3573 -2358.7395   39 1677 -2328.0000 -2362.4752  1.48%   823 1655s
  7817  3583 -2356.3288   39 1670 -2328.0000 -2362.4688  1.48%   823 1660s
  7837  3591 -2359.5257   38 1701 -2328.0000 -2362.4472  1.48%   823 1665s
  7851  3605 -2347.9665   43 1586 -2328.0000 -2362.4472  1.48%   824 1670s
  7870  3624 -2331.5786   52 1443 -2328.0000 -2362.4472  1.48%   825 1675s
  7891  3633 -2334.2383   46 1530 -2328.0000 -2362.4047  1.48%   825 1680s
  7916  3634 -2357.0077   40 1644 -2328.0000 -2362.3485  1.48%   825 1685s
  7939  3645 -2355.5735   40 1643 -2328.0000 -2362.3485  1.48%   825 1690s
  7963  3657 -2350.1043   41 1620 -2328.0000 -2362.3357  1.47%   825 1695s
  7979  3665 -2351.4275   42 1611 -2328.0000 -2362.3049  1.47%   825 1700s
  8001  3673 -2353.7507   41 1632 -2328.0000 -2362.2438  1.47%   825 1705s
  8029  3687 -2346.7309   46 1540 -2328.0000 -2362.2282  1.47%   825 1710s
  8050  3698 -2352.6444   41 1621 -2328.0000 -2362.1435  1.47%   825 1715s
  8069  3717 -2334.4692   50 1471 -2328.0000 -2362.1435  1.47%   826 1720s
  8094  3726 -2333.7565   48 1514 -2328.0000 -2362.1125  1.47%   826 1725s
  8118  3734 -2338.5369   48 1528 -2328.0000 -2362.1118  1.47%   826 1730s
  8142  3746 -2343.1363   45 1565 -2328.0000 -2362.1006  1.46%   826 1735s
  8168  3762 -2355.6558   41 1646 -2328.0000 -2362.0820  1.46%   826 1740s
  8189  3773 -2348.8300   41 1609 -2328.0000 -2362.0788  1.46%   826 1745s
  8212  3786 -2346.9382   43 1629 -2328.0000 -2362.0687  1.46%   826 1750s
  8233  3799 -2335.0723   48 1521 -2328.0000 -2362.0687  1.46%   826 1755s
  8258  3810 -2330.5756   53 1463 -2328.0000 -2362.0430  1.46%   826 1760s
  8280  3816 -2331.6852   48 1497 -2328.0000 -2361.9881  1.46%   826 1765s
  8302  3828 -2330.4239   53 1431 -2328.0000 -2361.9846  1.46%   826 1770s
  8341  3823 -2357.9714   38 1700 -2328.0000 -2361.9709  1.46%   825 1775s
  8362  3834 -2353.2760   40 1654 -2328.0000 -2361.9689  1.46%   825 1780s
  8389  3841 -2357.9179   38 1718 -2328.0000 -2361.9643  1.46%   824 1785s
  8408  3853 -2353.7298   40 1655 -2328.0000 -2361.9601  1.46%   825 1790s
  8433  3860 -2359.5770   39 1703 -2328.0000 -2361.9247  1.46%   825 1795s
  8451  3878 -2343.0858   47 1550 -2328.0000 -2361.9247  1.46%   825 1800s
  8474  3899 -2331.1101   55 1449 -2328.0000 -2361.9247  1.46%   826 1805s
  8502  3907 -2331.3172   52 1479 -2328.0000 -2361.9191  1.46%   825 1810s
  8527  3916 -2356.8282   39 1701 -2328.0000 -2361.9135  1.46%   825 1815s
  8548  3927 -2351.5872   42 1592 -2328.0000 -2361.9006  1.46%   825 1820s
  8574  3941 -2355.2850   39 1641 -2328.0000 -2361.8766  1.46%   825 1825s
  8593  3951 -2356.3738   40 1646 -2328.0000 -2361.8690  1.45%   826 1830s
  8620  3962 -2354.2179   41 1624 -2328.0000 -2361.8663  1.45%   825 1835s
  8642  3976 -2345.1223   45 1541 -2328.0000 -2361.8635  1.45%   825 1840s
  8665  3989 -2341.2284   45 1540 -2328.0000 -2361.8576  1.45%   826 1845s
  8691  3997 -2345.7345   45 1582 -2328.0000 -2361.8557  1.45%   825 1850s
  8711  4007 -2348.7464   44 1590 -2328.0000 -2361.8378  1.45%   826 1855s
  8730  4026 -2335.0672   51 1504 -2328.0000 -2361.8378  1.45%   826 1860s
  8753  4037 -2342.0250   47 1486 -2328.0000 -2361.8357  1.45%   826 1865s
  8781  4055 -2334.3486   54 1424 -2328.0000 -2361.8172  1.45%   826 1870s
  8810  4068     cutoff   54      -2328.0000 -2361.8091  1.45%   826 1875s
  8837  4077     cutoff   52      -2328.0000 -2361.8024  1.45%   825 1880s
  8863  4089 -2357.0831   40 1638 -2328.0000 -2361.7397  1.45%   825 1885s
  8886  4096 -2355.2917   39 1647 -2328.0000 -2361.7319  1.45%   825 1890s
  8900  4110 -2351.3656   41 1605 -2328.0000 -2361.7319  1.45%   826 1895s
  8916  4126 -2344.7660   42 1600 -2328.0000 -2361.7319  1.45%   826 1900s
  8935  4145 -2340.4293   45 1531 -2328.0000 -2361.7319  1.45%   827 1905s
  8954  4162 -2337.7532   46 1525 -2328.0000 -2361.7319  1.45%   828 1910s
  8989  4163     cutoff   49      -2328.0000 -2361.7319  1.45%   827 1915s
  9014  4166 -2346.6319   44 1572 -2328.0000 -2361.7194  1.45%   826 1920s
  9035  4177 -2342.6781   49 1476 -2328.0000 -2361.7031  1.45%   826 1925s
  9059  4191 -2335.2474   49 1503 -2328.0000 -2361.6924  1.45%   827 1930s
  9083  4199 -2350.9054   43 1602 -2328.0000 -2361.6837  1.45%   827 1935s
  9107  4223 -2331.5890   54 1457 -2328.0000 -2361.6837  1.45%   827 1940s
  9131  4233 -2334.6192   50 1456 -2328.0000 -2361.6829  1.45%   827 1945s
  9154  4240 -2336.6345   50 1487 -2328.0000 -2361.6661  1.45%   827 1950s
  9178  4248 -2331.3100   48 1549 -2328.0000 -2361.6574  1.45%   827 1955s
  9209  4259 -2356.9262   38 1691 -2328.0000 -2361.6354  1.44%   826 1960s
  9231  4269 -2354.5101   39 1662 -2328.0000 -2361.6330  1.44%   826 1965s
  9253  4277 -2355.1399   38 1710 -2328.0000 -2361.6261  1.44%   826 1970s
  9276  4288 -2357.7312   41 1635 -2328.0000 -2361.6063  1.44%   826 1975s
  9301  4301 -2350.8455   41 1615 -2328.0000 -2361.5619  1.44%   826 1980s
  9325  4311 -2348.3742   43 1588 -2328.0000 -2361.5616  1.44%   826 1985s
  9344  4322 -2351.1765   41 1624 -2328.0000 -2361.5510  1.44%   826 1990s
  9362  4340 -2340.1276   46 1542 -2328.0000 -2361.5510  1.44%   827 1995s
  9384  4352 -2353.0525   40 1606 -2328.0000 -2361.5143  1.44%   827 2000s
  9406  4362 -2353.1022   41 1595 -2328.0000 -2361.4808  1.44%   827 2005s
  9430  4376 -2345.1919   45 1527 -2328.0000 -2361.4391  1.44%   827 2010s
  9452  4390 -2340.0510   49 1456 -2328.0000 -2361.4381  1.44%   827 2015s
  9482  4402 -2332.2992   52 1484 -2328.0000 -2361.3433  1.43%   827 2020s
  9503  4411 -2330.9883   51 1492 -2328.0000 -2361.3349  1.43%   827 2025s
  9532  4420     cutoff   53      -2328.0000 -2361.3240  1.43%   827 2030s
  9558  4430 -2331.0654   52 1472 -2328.0000 -2361.3028  1.43%   827 2035s
  9606  4430 -2330.9695   53 1456 -2328.0000 -2361.3028  1.43%   825 2040s
  9630  4436 -2333.6087   48 1521 -2328.0000 -2361.2765  1.43%   825 2045s

Cutting planes:
  Gomory: 17
  MIR: 76
  Flow cover: 849
  Zero half: 334
  RLT: 65
  BQP: 131

Explored 9648 nodes (7954703 simplex iterations) in 2048.00 seconds (2288.51 work units)
Thread count was 1 (of 72 available processors)

Solution count 10: -2328 -2326 -2322 ... 0

Time limit reached
Best objective -2.328000000000e+03, best bound -2.360000000000e+03, gap 1.3746%

User-callback calls 101255, time in user-callback 0.47 sec

BQP_SOLUTION, 383, 1627, -878.000000, 2048.000419, -1, 1, -1, -1, 1, -1, 1, -1, -1, -1, 1, -1, 1, -1, 1, -1, 1, -1, 1, -1, 1, -1, 1, -1, 1, 1, 1, -1, -1, -1, 1, -1, 1, -1, 1, -1, 1, -1, 1, 1, 1, -1, 1, 1, 1, -1, 1, -1, -1, -1, 1, -1, -1, -1, 1, 1, 1, -1, 1, 1, 1, -1, 1, 1, 1, -1, 1, 1, 1, -1, 1, 1, 1, -1, 1, 1, 1, -1, 1, 1, 1, -1, 1, 1, 1, 1, 1, 1, 1, -1, 1, 1, 1, 1, 1, 1, -1, 1, 1, 1, 1, -1, 1, -1, -1, 1, -1, 1, -1, -1, 1, -1, 1, 1, -1, 1, 1, -1, 1, 1, 1, 1, -1, 1, -1, -1, -1, 1, 1, -1, 1, -1, 1, -1, 1, 1, -1, -1, 1, 1, -1, -1, -1, -1, -1, -1, 1, -1, -1, -1, 1, -1, -1, -1, 1, -1, -1, -1, 1, -1, -1, -1, 1, -1, -1, 1, 1, -1, -1, -1, 1, -1, -1, -1, 1, 1, -1, -1, 1, 1, -1, -1, 1, 1, 1, -1, -1, -1, -1, -1, 1, -1, -1, -1, 1, 1, -1, 1, 1, -1, -1, 1, 1, -1, 1, -1, 1, -1, -1, 1, 1, 1, -1, -1, 1, 1, -1, -1, 1, 1, -1, 1, 1, 1, -1, 1, 1, -1, 1, 1, 1, 1, 1, -1, 1, 1, 1, 1, 1, 1, 1, 1, 1, 1, -1, -1, 1, 1, 1, 1, 1, 1, -1, 1, 1, 1, 1, 1, 1, 1, 1, 1, 1, 1, 1, -1, 1, -1, 1, 1, 1, 1, 1, 1, 1, 1, 1, -1, 1, -1, 1, -1, 1, -1, -1, 1, 1, -1, -1, 1, 1, -1, 1, 1, 1, -1, -1, 1, 1, 1, -1, 1, -1, -1, -1, 1, 1, -1, -1, 1, 1, -1, -1, 1, -1, -1, -1, 1, 1, -1, 1, -1, -1, -1, -1, -1, 1, 1, -1, -1, -1, -1, -1, -1, 1, 1, -1, -1, -1, -1, -1, 1, -1, 1, -1, -1, 1, -1, -1, -1, -1, 1, -1, -1, -1, 1, -1, -1, -1, 1, -1, -1, -1, 1, -1, -1, -1, 1, -1, 1, -1, 1, 1, -1, -1, 1, 1, -1, -1, 1, -1, 1, -1
BQP_DATA, 383, 1627, -878.000000, -910.000000, -2328.000000, -2360.000000, 2048.000419, 1276, 9648
