Set parameter TSPort to value 51199
Set parameter TokenServer to value "open-license1.lanl.gov"
Set parameter TimeLimit to value 128
Set parameter Threads to value 1
Gurobi Optimizer version 10.0.3 build v10.0.3rc0 (linux64)

CPU model: Intel(R) Xeon(R) CPU E5-2695 v4 @ 2.10GHz, instruction set [SSE2|AVX|AVX2]
Thread count: 36 physical cores, 72 logical processors, using up to 1 threads

Optimize a model with 0 rows, 383 columns and 0 nonzeros
Model fingerprint: 0x435e4703
Model has 1614 quadratic objective terms
Variable types: 0 continuous, 383 integer (383 binary)
Coefficient statistics:
  Matrix range     [0e+00, 0e+00]
  Objective range  [2e+00, 3e+01]
  QObjective range [8e+00, 8e+00]
  Bounds range     [1e+00, 1e+00]
  RHS range        [0e+00, 0e+00]
Found heuristic solution: objective 0.0000000
Found heuristic solution: objective -664.0000000
Found heuristic solution: objective -2276.000000
Found heuristic solution: objective -2292.000000
Presolve time: 0.21s
Presolved: 1614 rows, 1997 columns, 4842 nonzeros
Variable types: 0 continuous, 1997 integer (1997 binary)

Root relaxation: objective -3.058000e+03, 463 iterations, 0.01 seconds (0.00 work units)

    Nodes    |    Current Node    |     Objective Bounds      |     Work
 Expl Unexpl |  Obj  Depth IntInf | Incumbent    BestBd   Gap | It/Node Time

     0     0 -3058.0000    0  383 -2292.0000 -3058.0000  33.4%     -    0s
     0     0 -2782.0000    0  533 -2292.0000 -2782.0000  21.4%     -    0s
     0     0 -2782.0000    0  533 -2292.0000 -2782.0000  21.4%     -    0s
     0     0 -2721.5000    0  574 -2292.0000 -2721.5000  18.7%     -    0s
     0     0 -2721.5000    0  566 -2292.0000 -2721.5000  18.7%     -    0s
     0     2 -2721.5000    0  555 -2292.0000 -2721.5000  18.7%     -    0s
   527   452 -2512.7953    7 1103 -2292.0000 -2512.7953  9.63%  84.4    5s
   543   462 -2318.0000   71 1590 -2292.0000 -2450.2398  6.90%  81.9   10s
   559   473 -2423.8828   18 1699 -2292.0000 -2423.8828  5.75%  79.6   15s
   572   482 -2408.5520   43 1733 -2292.0000 -2408.5520  5.09%  77.8   20s
   593   496 -2392.8333   47 1767 -2292.0000 -2399.0997  4.67%  75.0   25s
   638   526 -2393.5693    5 1803 -2292.0000 -2393.5693  4.43%  69.7   30s
   677   552 -2363.8333   54 1823 -2292.0000 -2387.8764  4.18%  65.7   35s
   711   576 -2385.6819   21 1731 -2292.0000 -2385.6819  4.09%   206   42s
   718   580 -2385.6819   55 1846 -2292.0000 -2385.6819  4.09%   204   45s
   743   597 -2318.0000   71 1857 -2292.0000 -2382.2219  3.94%   197   50s
   760   608 -2380.8494   32 1852 -2292.0000 -2380.8494  3.88%   193   55s
   768   616 -2371.2567   26 1702 -2292.0000 -2377.7409  3.74%   263   60s
   778   622 -2361.0003   31 1649 -2292.0000 -2377.7409  3.74%   285   65s
   794   633 -2351.0525   39 1493 -2292.0000 -2377.7409  3.74%   307   70s
   815   647 -2336.8161   50 1302 -2292.0000 -2377.7409  3.74%   321   75s
   852   672 -2303.4335   68 1174 -2292.0000 -2377.7409  3.74%   342   80s
   877   672 -2368.0181   26 1744 -2292.0000 -2377.6828  3.74%   352   85s
   886   678 -2361.5424   31 1646 -2292.0000 -2377.6828  3.74%   370   90s
   900   688 -2348.9680   38 1547 -2292.0000 -2377.6828  3.74%   387   95s
   912   696 -2336.4957   44 1452 -2292.0000 -2377.6828  3.74%   397  100s
   946   718 -2312.5267   61 1283 -2292.0000 -2377.6828  3.74%   413  105s
   985   730 -2370.8575   26 1749 -2292.0000 -2375.4062  3.64%   429  110s
   993   736 -2362.2146   30 1676 -2292.0000 -2375.4062  3.64%   443  115s
  1005   744 -2352.0268   36 1589 -2292.0000 -2375.4062  3.64%   457  120s
  1021   754 -2337.7577   44 1444 -2292.0000 -2375.4062  3.64%   473  125s

Cutting planes:
  Gomory: 15
  MIR: 78
  Flow cover: 693
  Zero half: 304
  RLT: 69
  BQP: 102

Explored 1036 nodes (500615 simplex iterations) in 128.00 seconds (139.42 work units)
Thread count was 1 (of 72 available processors)

Solution count 4: -2292 -2276 -664 0 

Time limit reached
Best objective -2.292000000000e+03, best bound -2.374000000000e+03, gap 3.5777%

User-callback calls 9487, time in user-callback 0.05 sec

BQP_SOLUTION, 383, 1614, -848.000000, 128.001872, 1, 1, 1, -1, 1, 1, -1, -1, -1, 1, -1, -1, -1, 1, 1, -1, -1, 1, -1, -1, 1, 1, 1, -1, 1, 1, -1, -1, -1, -1, 1, -1, -1, -1, 1, -1, 1, -1, 1, -1, -1, -1, -1, -1, 1, -1, 1, 1, 1, -1, -1, -1, -1, -1, 1, -1, -1, -1, 1, -1, -1, -1, 1, -1, 1, -1, 1, -1, 1, -1, 1, 1, 1, -1, -1, 1, 1, -1, 1, 1, 1, -1, 1, -1, -1, -1, -1, 1, 1, -1, -1, 1, 1, -1, -1, 1, 1, -1, 1, 1, -1, -1, -1, 1, -1, -1, -1, 1, -1, 1, 1, 1, -1, -1, -1, 1, 1, -1, 1, 1, -1, -1, -1, 1, 1, -1, 1, 1, -1, -1, 1, -1, -1, -1, -1, -1, -1, -1, 1, 1, -1, -1, 1, -1, -1, 1, 1, -1, 1, -1, 1, -1, -1, 1, 1, 1, 1, 1, 1, 1, -1, 1, 1, 1, -1, 1, 1, 1, -1, 1, -1, 1, -1, 1, 1, -1, 1, 1, 1, 1, -1, 1, 1, 1, 1, 1, -1, 1, 1, -1, 1, -1, -1, 1, -1, 1, 1, -1, -1, 1, 1, 1, -1, 1, 1, -1, -1, 1, -1, 1, -1, 1, -1, 1, -1, 1, -1, 1, -1, 1, -1, 1, -1, -1, 1, 1, 1, 1, -1, 1, 1, 1, 1, 1, 1, -1, 1, 1, -1, 1, 1, 1, 1, 1, 1, 1, -1, 1, 1, 1, 1, 1, 1, 1, 1, 1, 1, 1, 1, 1, 1, 1, -1, -1, 1, 1, 1, -1, 1, 1, -1, -1, 1, 1, 1, -1, 1, 1, 1, -1, 1, 1, -1, -1, 1, 1, 1, 1, 1, 1, -1, -1, 1, 1, 1, -1, -1, 1, -1, -1, 1, -1, 1, -1, 1, 1, -1, 1, -1, 1, -1, 1, -1, 1, -1, 1, 1, -1, 1, 1, -1, 1, -1, 1, -1, 1, -1, -1, 1, 1, -1, 1, -1, -1, -1, 1, -1, -1, -1, 1, -1, -1, 1, 1, -1, -1, 1, 1, -1, -1, 1, 1, -1, -1, -1, 1, 1, -1, -1, 1, -1, -1, 1, 1, 1, -1, -1, 1, 1, -1, 1, 1, -1, -1, -1, 1, 1, -1, -1, 1, 1, 1, -1
BQP_DATA, 383, 1614, -848.000000, -930.000000, -2292.000000, -2374.000000, 128.001872, 1090, 1036
