Set parameter TSPort to value 51199
Set parameter TokenServer to value "open-license1.lanl.gov"
Set parameter TimeLimit to value 128
Set parameter Threads to value 1
Gurobi Optimizer version 10.0.3 build v10.0.3rc0 (linux64)

CPU model: Intel(R) Xeon(R) CPU E5-2695 v4 @ 2.10GHz, instruction set [SSE2|AVX|AVX2]
Thread count: 36 physical cores, 72 logical processors, using up to 1 threads

Optimize a model with 0 rows, 383 columns and 0 nonzeros
Model fingerprint: 0x31b21972
Model has 1629 quadratic objective terms
Variable types: 0 continuous, 383 integer (383 binary)
Coefficient statistics:
  Matrix range     [0e+00, 0e+00]
  Objective range  [2e+00, 3e+01]
  QObjective range [8e+00, 8e+00]
  Bounds range     [1e+00, 1e+00]
  RHS range        [0e+00, 0e+00]
Found heuristic solution: objective 0.0000000
Found heuristic solution: objective -654.0000000
Found heuristic solution: objective -2262.000000
Found heuristic solution: objective -2276.000000
Presolve time: 0.24s
Presolved: 1629 rows, 2012 columns, 4887 nonzeros
Variable types: 0 continuous, 2012 integer (2012 binary)

Root relaxation: objective -3.077000e+03, 467 iterations, 0.01 seconds (0.00 work units)

    Nodes    |    Current Node    |     Objective Bounds      |     Work
 Expl Unexpl |  Obj  Depth IntInf | Incumbent    BestBd   Gap | It/Node Time

     0     0 -3077.0000    0  383 -2276.0000 -3077.0000  35.2%     -    0s
     0     0 -2800.0000    0  530 -2276.0000 -2800.0000  23.0%     -    0s
     0     0 -2799.0000    0  530 -2276.0000 -2799.0000  23.0%     -    0s
     0     0 -2722.0000    0  593 -2276.0000 -2722.0000  19.6%     -    0s
     0     0 -2722.0000    0  593 -2276.0000 -2722.0000  19.6%     -    0s
     0     2 -2722.0000    0  587 -2276.0000 -2722.0000  19.6%     -    0s
   527   479 -2506.7160    6 1118 -2276.0000 -2506.7160  10.1%  69.2    5s
   545   491 -2449.2151   21 1628 -2276.0000 -2449.2151  7.61%  66.9   10s
   560   501 -2425.6400   26 1699 -2276.0000 -2425.6400  6.57%  65.2   15s
   581   515 -2416.4841   20 1756 -2276.0000 -2416.4841  6.17%  62.8   20s
   604   530 -2305.5000   78 1774 -2276.0000 -2405.8412  5.70%  60.4   25s
   645   557 -2398.9794   21 1818 -2276.0000 -2398.9794  5.40%  56.6   30s
   692   589 -2393.4931   51 1822 -2276.0000 -2393.4931  5.16%  52.7   35s
   712   604 -2390.5000   51 1712 -2276.0000 -2392.9042  5.14%   187   40s
   729   615 -2389.8352   51 1815 -2276.0000 -2389.8352  5.00%   183   45s
   756   633 -2386.4749   41 1817 -2276.0000 -2386.4749  4.85%   176   50s
   791   656 -2383.1271    8 1822 -2276.0000 -2383.1271  4.71%   168   55s
   831   683 -2380.2968   24 1866 -2276.0000 -2380.2968  4.58%   160   60s
   857   702 -2377.6369   23 1819 -2276.0000 -2379.1532  4.53%   231   65s
   865   708 -2369.5402   27 1726 -2276.0000 -2376.7137  4.43%   246   70s
   874   714 -2357.4723   31 1645 -2276.0000 -2376.7137  4.43%   266   75s
   889   724 -2345.9470   39 1521 -2276.0000 -2376.7137  4.43%   287   80s
   909   737 -2333.5032   49 1375 -2276.0000 -2376.7137  4.43%   302   85s
   940   758 -2308.1382   64 1147 -2276.0000 -2376.7137  4.43%   321   90s
   982   776 -2368.5488   26 1746 -2276.0000 -2376.7089  4.42%   331   95s
   992   782 -2356.0389   31 1646 -2276.0000 -2376.7089  4.42%   346  100s
  1002   789 -2346.1957   36 1555 -2276.0000 -2376.7089  4.42%   358  106s
  1011   795 -2334.0493   40 1496 -2276.0000 -2376.7089  4.42%   368  110s
  1035   811 -2314.1894   52 1348 -2276.0000 -2376.7089  4.42%   383  115s
  1084   844 -2285.4165   77 1004 -2276.0000 -2376.7089  4.42%   391  120s
  1109   846 -2365.2355   27 1723 -2276.0000 -2374.6308  4.33%   399  125s

Cutting planes:
  Gomory: 15
  MIR: 60
  Flow cover: 778
  Zero half: 267
  Mod-K: 1
  RLT: 70
  BQP: 108

Explored 1115 nodes (454960 simplex iterations) in 128.00 seconds (143.20 work units)
Thread count was 1 (of 72 available processors)

Solution count 4: -2276 -2262 -654 0 

Time limit reached
Best objective -2.276000000000e+03, best bound -2.374000000000e+03, gap 4.3058%

User-callback calls 12641, time in user-callback 0.05 sec

BQP_SOLUTION, 383, 1629, -828.000000, 128.000499, -1, 1, 1, -1, -1, 1, -1, 1, 1, 1, -1, 1, 1, 1, -1, 1, 1, -1, 1, 1, 1, 1, 1, 1, -1, 1, 1, -1, 1, -1, 1, -1, 1, 1, 1, 1, 1, -1, 1, -1, 1, 1, 1, 1, 1, -1, 1, -1, 1, -1, 1, 1, 1, 1, 1, -1, -1, 1, -1, -1, 1, 1, -1, -1, -1, 1, 1, -1, 1, 1, -1, -1, -1, -1, -1, 1, -1, 1, -1, -1, -1, 1, -1, -1, -1, 1, -1, -1, -1, 1, -1, -1, -1, 1, -1, -1, -1, 1, -1, -1, -1, 1, -1, -1, -1, 1, -1, 1, -1, 1, -1, 1, -1, 1, 1, -1, 1, -1, -1, 1, -1, -1, 1, 1, -1, 1, 1, -1, -1, 1, 1, 1, -1, 1, 1, 1, -1, 1, 1, -1, 1, -1, 1, -1, -1, 1, 1, 1, 1, 1, 1, -1, 1, 1, 1, -1, 1, 1, 1, 1, -1, 1, 1, -1, -1, 1, 1, -1, -1, 1, -1, -1, -1, 1, 1, -1, 1, -1, 1, -1, -1, 1, 1, -1, -1, 1, 1, -1, -1, -1, 1, -1, 1, -1, 1, -1, 1, 1, 1, -1, 1, 1, 1, -1, 1, 1, 1, -1, 1, 1, 1, -1, 1, 1, 1, 1, 1, -1, 1, -1, 1, 1, 1, -1, 1, 1, 1, 1, -1, 1, 1, 1, -1, 1, 1, 1, -1, 1, 1, 1, 1, -1, 1, 1, -1, -1, 1, -1, -1, 1, -1, -1, -1, -1, 1, 1, -1, 1, 1, -1, -1, -1, 1, -1, 1, 1, 1, -1, 1, -1, -1, -1, 1, -1, -1, -1, -1, 1, 1, -1, -1, -1, -1, -1, -1, -1, -1, -1, 1, -1, -1, -1, 1, -1, 1, -1, 1, -1, 1, -1, 1, -1, 1, -1, 1, -1, 1, -1, 1, 1, -1, -1, 1, -1, -1, -1, 1, -1, -1, -1, 1, 1, -1, -1, 1, 1, -1, 1, 1, 1, -1, 1, 1, 1, -1, 1, 1, -1, -1, 1, 1, -1, -1, 1, -1, -1, 1, 1, 1, -1, -1, 1, 1, -1, -1, -1, 1, -1, 1, 1, 1, -1, -1, -1, 1, -1, 1, -1, 1, 1, 1, -1, 1, 1, -1, -1, 1, 1, -1, 1, 1, 1, -1
BQP_DATA, 383, 1629, -828.000000, -926.000000, -2276.000000, -2374.000000, 128.000499, 1121, 1115
