Set parameter TSPort to value 51199
Set parameter TokenServer to value "open-license1.lanl.gov"
Set parameter TimeLimit to value 2048
Set parameter Threads to value 1
Gurobi Optimizer version 10.0.3 build v10.0.3rc0 (linux64)

CPU model: Intel(R) Xeon(R) CPU E5-2695 v4 @ 2.10GHz, instruction set [SSE2|AVX|AVX2]
Thread count: 36 physical cores, 72 logical processors, using up to 1 threads

Optimize a model with 0 rows, 1532 columns and 0 nonzeros
Model fingerprint: 0x79125d6f
Model has 6899 quadratic objective terms
Variable types: 0 continuous, 1532 integer (1532 binary)
Coefficient statistics:
  Matrix range     [0e+00, 0e+00]
  Objective range  [2e+00, 3e+01]
  QObjective range [8e+00, 8e+00]
  Bounds range     [1e+00, 1e+00]
  RHS range        [0e+00, 0e+00]
Found heuristic solution: objective 0.0000000
Found heuristic solution: objective -2594.000000
Found heuristic solution: objective -9512.000000
Found heuristic solution: objective -9532.000000
Presolve removed 0 rows and 3 columns
Presolve time: 0.34s
Presolved: 6896 rows, 8425 columns, 20688 nonzeros
Variable types: 0 continuous, 8425 integer (8425 binary)

Root relaxation: objective -1.308700e+04, 2071 iterations, 0.03 seconds (0.01 work units)

    Nodes    |    Current Node    |     Objective Bounds      |     Work
 Expl Unexpl |  Obj  Depth IntInf | Incumbent    BestBd   Gap | It/Node Time

     0     0 -13087.000    0 1529 -9532.0000 -13087.000  37.3%     -    0s
     0     0 -12159.000    0 1994 -9532.0000 -12159.000  27.6%     -    0s
     0     0 -12047.500    0 2061 -9532.0000 -12047.500  26.4%     -    1s
     0     0 -12046.500    0 2063 -9532.0000 -12046.500  26.4%     -    1s
     0     0 -11908.833    0 2146 -9532.0000 -11908.833  24.9%     -    1s
     0     0 -11908.833    0 2139 -9532.0000 -11908.833  24.9%     -    1s
     0     2 -11908.833    0 2134 -9532.0000 -11908.833  24.9%     -    2s
   249   251 -10875.000  125 2824 -9532.0000 -11896.833  24.8%  86.5    5s
   759   718 -10026.000  262 3448 -9532.0000 -11896.833  24.8%  63.5   11s
   769   725 -9981.0000  271 3192 -9532.0000 -11077.241  16.2%  62.7   21s
   770   725 -10265.000  214 3351 -9532.0000 -11039.253  15.8%  62.6   25s
   779   731 -11024.897   95 3467 -9532.0000 -11024.897  15.7%  61.9   30s
   780   732 -10859.929  102 3821 -9532.0000 -10859.929  13.9%  61.8   47s
   781   733 -10832.947   31 4016 -9532.0000 -10832.947  13.6%  61.7   57s
   782   733 -10198.000  225 4122 -9532.0000 -10823.118  13.5%  61.6   61s
   785   735 -10620.000  162 4264 -9532.0000 -10817.980  13.5%  61.4   65s
   793   741 -9674.0000  329 4545 -9532.0000 -10698.778  12.2%  60.8   94s
   794   741 -10581.000  167 4864 -9532.0000 -10672.945  12.0%  60.7  112s
   795   742 -10666.291  112 4939 -9532.0000 -10666.291  11.9%  60.6  119s
   796   743 -9996.0000  269 5045 -9532.0000 -10664.173  11.9%  60.6  122s
   799   745 -10663.091   79 5105 -9532.0000 -10663.091  11.9%  60.3  125s
   804   748 -10280.000  212 5508 -9532.0000 -10565.362  10.8%  60.0  168s
   805   749 -10489.000  181 5675 -9532.0000 -10545.338  10.6%  59.9  193s
   806   749 -10541.026  159 5918 -9532.0000 -10541.026  10.6%  59.8  201s
   808   751 -9560.0000  360 5985 -9532.0000 -10539.007  10.6%  59.7  207s
   813   754 -10538.744   88 6047 -9532.0000 -10538.744  10.6%  59.3  211s
   814   755 -10462.055  174 6379 -9532.0000 -10462.055  9.76%  59.2  261s
   815   755 -10447.607  173 6497 -9532.0000 -10447.607  9.61%  59.1  290s
   816   756 -10443.693   70 6560 -9532.0000 -10443.693  9.56%  59.1  300s
   817   757 -10275.000  213 6592 -9532.0000 -10442.348  9.55%  59.0  305s
   823   761 -10441.840   48 6690 -9532.0000 -10441.840  9.55%  58.6  310s
   824   761 -10417.780  102 6600 -9532.0000 -10417.780  9.29%  58.5  344s
   825   762 -10090.000  247 6819 -9532.0000 -10412.269  9.23%  58.4  362s
   826   763 -9633.0000  341 6780 -9532.0000 -10411.070  9.22%  58.4  367s
   827   763 -9644.0000  337 6798 -9532.0000 -10410.584  9.22%  58.3  372s
   829   765 -10410.386   87 6872 -9532.0000 -10410.386  9.22%  58.1  375s
   833   767 -10386.626  100 6798 -9532.0000 -10386.626  8.97%  57.9  412s
   834   768 -10381.153  118 6912 -9532.0000 -10381.153  8.91%  57.8  432s
   835   769 -9987.0000  270 6965 -9532.0000 -10379.995  8.90%  57.7  438s
   836   769 -10379.745  133 6956 -9532.0000 -10379.745  8.89%  57.7  440s
   841   773 -10379.555   83 6996 -9532.0000 -10379.555  8.89%  57.3  446s
   842   773 -10160.000  233 6917 -9532.0000 -10365.465  8.74%  57.2  473s
   843   774 -10361.826  158 6999 -9532.0000 -10361.826  8.71%  57.2  486s
   844   775 -10035.000  259 7029 -9532.0000 -10360.514  8.69%  57.1  494s
   845   775 -10360.269   47 7054 -9532.0000 -10360.269  8.69%  57.0  498s
   847   777 -9860.0000  290 7063 -9532.0000 -10360.163  8.69%  56.9  500s
   851   779 -10345.560   78 7014 -9532.0000 -10345.560  8.54%  56.6  531s
   852   780 -9996.0000  269 7086 -9532.0000 -10342.126  8.50%  56.6  546s
   853   781 -10147.000  235 7125 -9532.0000 -10341.270  8.49%  56.5  553s
   854   781 -10147.000  236 7130 -9532.0000 -10341.189  8.49%  56.4  555s
   859   785 -10026.000  262 7061 -9532.0000 -10326.836  8.34%  56.1  589s
   860   785 -10324.371   74 7135 -9532.0000 -10324.371  8.31%  56.0  603s
   861   786 -9836.5000  294 7164 -9532.0000 -10323.958  8.31%  56.0  606s
   864   788 -10323.715   56 7207 -9532.0000 -10323.715  8.31%  55.8  610s
   867   790 -10313.873   34 7147 -9532.0000 -10313.873  8.20%  55.6  635s
   868   791 -10311.646  100 7184 -9532.0000 -10311.646  8.18%  55.5  649s
   869   791 -9981.0000  271 7259 -9532.0000 -10311.287  8.18%  55.5  653s
   871   793 -10311.127  148 7264 -9532.0000 -10311.127  8.17%  55.3  655s
   874   795 -10302.306  144 7220 -9532.0000 -10302.306  8.08%  55.2  684s
   875   795 -10300.018   19 7237 -9532.0000 -10300.018  8.06%  55.1  698s
   876   796 -9885.0000  286 7263 -9532.0000 -10299.591  8.05%  55.0  702s
   878   797 -10299.371  179 7294 -9532.0000 -10299.371  8.05%  54.9  705s
   881   799 -10291.432   31 7174 -9532.0000 -10291.432  7.97%  54.7  730s
   882   800 -10198.000  225 7278 -9532.0000 -10289.801  7.95%  54.7  740s
   884   801 -10289.379   24 7320 -9532.0000 -10289.379  7.95%  54.5  745s
   888   804 -10284.173  164 7322 -9532.0000 -10284.173  7.89%  54.3  765s
   889   805 -9591.0000  352 7327 -9532.0000 -10282.395  7.87%  54.2  778s
   890   805 -10259.000  215 7352 -9532.0000 -10281.994  7.87%  54.2  782s
   892   807 -10281.827  103 7379 -9532.0000 -10281.827  7.87%  54.0  785s
   896   809 -9996.0000  269 7330 -9532.0000 -10276.698  7.81%  53.8  807s
   897   810 -9693.0000  324 7368 -9532.0000 -10275.604  7.80%  53.7  815s
   899   811 -10275.298   79 7413 -9532.0000 -10275.298  7.80%  53.6  820s
   904   815 -10271.920  212 7354 -9532.0000 -10271.920  7.76%  53.3  841s
   905   815 -10271.225  181 7388 -9532.0000 -10271.225  7.76%  53.3  846s
   907   817 -10270.879   84 7419 -9532.0000 -10270.879  7.75%  53.1  851s
   911   819 -10270.388   19 7416 -9532.0000 -10270.388  7.75%  52.9  855s
   924   829 -10270.234  102 1529 -9532.0000 -10270.234  7.74%  1064  860s
   927   831 -9644.0000  337 4288 -9532.0000 -10270.234  7.74%  1060  880s
   928   832 -10225.000  221 6142 -9532.0000 -10270.234  7.74%  1059  942s
   929   833 -10270.234   87 7086 -9532.0000 -10270.234  7.74%  1058 1014s
   930   833 -10270.234  110 7257 -9532.0000 -10270.234  7.74%  1057 1054s
   931   834 -10270.234   47 7314 -9532.0000 -10270.234  7.74%  1056 1073s
   932   835 -10270.234  211 7376 -9532.0000 -10270.234  7.74%  1055 1081s
   934   836 -10270.234  118 7406 -9532.0000 -10270.234  7.74%  1052 1086s
   938   839 -10256.506   70 7394 -9532.0000 -10256.506  7.60%  1048 1130s
   939   839 -9912.0000  282 7399 -9532.0000 -10254.860  7.58%  1047 1140s
   943   842 -10254.519  158 7436 -9532.0000 -10254.519  7.58%  1042 1146s
   944   843 -10035.000  259 7453 -9532.0000 -10243.719  7.47%  1041 1182s
   945   843 -10241.999   47 7467 -9532.0000 -10241.999  7.45%  1040 1193s
   946   844 -10241.616   19 7455 -9532.0000 -10241.616  7.44%  1039 1197s
   949   846 -10241.519   72 7490 -9532.0000 -10241.519  7.44%  1036 1201s
   950   847 -9753.0000  309 7497 -9532.0000 -10234.619  7.37%  1035 1230s
   951   847 -10233.201   78 7551 -9532.0000 -10233.201  7.36%  1033 1243s
   952   848 -9996.0000  269 7543 -9532.0000 -10232.983  7.35%  1032 1247s
   956   851 -9927.0000  280 7580 -9532.0000 -10232.888  7.35%  1028 1251s
   957   851 -10226.663   15 7513 -9532.0000 -10226.663  7.29%  1027 1279s
   958   852 -10225.541  187 7569 -9532.0000 -10225.541  7.28%  1026 1290s
   960   853 -10225.294   74 7590 -9532.0000 -10225.294  7.27%  1024 1295s
   964   856 -10220.658   56 7552 -9532.0000 -10220.658  7.22%  1020 1321s
   965   857 -10219.694   69 7585 -9532.0000 -10219.694  7.21%  1018 1332s
   966   857 -10219.542   65 7606 -9532.0000 -10219.542  7.21%  1017 1335s
   970   860 -10219.482  214 7636 -9532.0000 -10219.482  7.21%  1013 1340s
   971   861 -10216.189  148 7563 -9532.0000 -10216.189  7.18%  1012 1360s
   972   861 -10215.549   61 7619 -9532.0000 -10215.549  7.17%  1011 1368s
   973   862 -9599.0000  349 7633 -9532.0000 -10215.405  7.17%  1010 1370s
   977   865 -10097.000  246 7593 -9532.0000 -10212.211  7.14%  1006 1396s
   978   865 -10211.472  179 7634 -9532.0000 -10211.472  7.13%  1005 1405s
   980   867 -10211.306  102 7659 -9532.0000 -10211.306  7.13%  1003 1410s
   984   869 -10208.267   24 7611 -9532.0000 -10208.267  7.09%   999 1433s
   985   870 -10207.542  162 7637 -9532.0000 -10207.542  7.09%   998 1440s
   988   872 -10207.350  164 7673 -9532.0000 -10207.350  7.09%   995 1445s
   991   874 -10204.558  182 7599 -9532.0000 -10204.558  7.06%   992 1465s
   992   875 -10203.972  103 7633 -9532.0000 -10203.972  7.05%   991 1473s
   993   875 -9674.0000  329 7652 -9532.0000 -10203.839  7.05%   990 1475s
   996   877 -9996.0000  269 7667 -9532.0000 -10203.789  7.05%   987 1480s
   997   878 -9693.0000  324 7641 -9532.0000 -10201.754  7.03%   986 1495s
   998   879 -10058.000  253 7664 -9532.0000 -10201.323  7.02%   985 1500s
  1001   881 -10061.000  252 7698 -9532.0000 -10201.157  7.02%   982 1505s
  1003   882 -10198.000  225 7681 -9532.0000 -10199.369  7.00%   980 1521s
  1004   883 -10198.867  212 7711 -9532.0000 -10198.867  7.00%   979 1528s
  1005   883 -10198.766  181 7726 -9532.0000 -10198.766  7.00%   978 1531s
  1009   886 -9578.0000  355 7751 -9532.0000 -10198.727  6.99%   974 1535s
  1010   887 -10196.393  155 7681 -9532.0000 -10196.393  6.97%   973 1553s
  1011   887 -10195.784   19 7702 -9532.0000 -10195.784  6.96%   972 1560s
  1014   889 -10195.648  174 7730 -9532.0000 -10195.648  6.96%   969 1565s
  1017   891 -10193.352  213 7658 -9532.0000 -10193.352  6.94%   966 1585s
  1018   892 -10192.739  125 7696 -9532.0000 -10192.739  6.93%   965 1593s
  1019   893 -10192.610   39 7693 -9532.0000 -10192.610  6.93%   965 1596s
  1022   895 -10192.567  198 7721 -9532.0000 -10192.567  6.93%   962 1600s
  1023   895 -10189.990   48 7685 -9532.0000 -10189.990  6.90%   961 1620s
  1024   896 -10189.395  102 7705 -9532.0000 -10189.395  6.90%   960 1628s
  1025   897 -10090.000  247 7729 -9532.0000 -10189.316  6.90%   959 1631s
  1029   899 -10187.383   87 7707 -9532.0000 -10187.383  6.88%   955 1649s
  1030   900 -10186.875  110 7727 -9532.0000 -10186.875  6.87%   954 1656s
  1032   901 -10186.741  211 7750 -9532.0000 -10186.741  6.87%   952 1660s
  1035   903 -9987.0000  270 7727 -9532.0000 -10185.090  6.85%   950 1678s
  1036   904 -10184.563  133 7786 -9532.0000 -10184.563  6.85%   949 1686s
  1038   905 -10184.402   70 7776 -9532.0000 -10184.402  6.84%   947 1690s
  1042   908 -10160.000  233 7729 -9532.0000 -10182.285  6.82%   943 1710s
  1043   909 -10181.874  158 7763 -9532.0000 -10181.874  6.82%   942 1716s
  1045   910 -10181.714   47 7799 -9532.0000 -10181.714  6.82%   941 1721s
  1048   912 -10179.940   47 7726 -9532.0000 -10179.940  6.80%   938 1738s
  1049   913 -10179.518   72 7773 -9532.0000 -10179.518  6.79%   937 1744s
  1050   913 -9753.0000  309 7790 -9532.0000 -10179.451  6.79%   936 1746s
  1052   915 -9996.0000  269 7810 -9532.0000 -10179.323  6.79%   934 1750s
  1055   917 -10178.191   48 7755 -9532.0000 -10178.191  6.78%   932 1763s
  1056   917 -9927.0000  280 7787 -9532.0000 -10177.992  6.78%   931 1767s
  1057   918 -10177.927   15 7810 -9532.0000 -10177.927  6.78%   930 1770s
  1061   921 -9836.5000  294 7768 -9532.0000 -10176.573  6.76%   926 1785s
  1062   921 -9568.5000  358 7795 -9532.0000 -10176.235  6.76%   925 1791s
  1064   923 -10176.160   56 7811 -9532.0000 -10176.160  6.76%   924 1795s
  1067   925 -10175.141   34 7789 -9532.0000 -10175.141  6.75%   921 1807s
  1068   925 -10174.861  100 7810 -9532.0000 -10174.861  6.74%   920 1812s
  1071   927 -10174.785  148 7846 -9532.0000 -10174.785  6.74%   918 1815s
  1073   929 -9599.0000  349 7780 -9532.0000 -10173.970  6.73%   916 1827s
  1074   929 -10173.833  144 7818 -9532.0000 -10173.833  6.73%   915 1830s
  1079   933 -10173.245   95 7785 -9532.0000 -10173.245  6.73%   911 1841s
  1080   933 -10173.062  102 7826 -9532.0000 -10173.062  6.73%   910 1845s
  1084   936 -10172.989   24 7838 -9532.0000 -10172.989  6.72%   907 1850s
  1085   937 -10172.030  162 7791 -9532.0000 -10172.030  6.71%   906 1861s
  1086   937 -10171.747  115 7818 -9532.0000 -10171.747  6.71%   905 1866s
  1090   940 -10171.680  215 7838 -9532.0000 -10171.680  6.71%   902 1871s
  1091   941 -10171.397  182 7778 -9532.0000 -10171.397  6.71%   901 1876s
  1093   942 -9674.0000  329 7834 -9532.0000 -10171.214  6.71%   899 1880s
  1097   945 -9693.0000  324 7795 -9532.0000 -10170.448  6.70%   896 1894s
  1098   945 -10058.000  253 7818 -9532.0000 -10170.172  6.70%   895 1899s
  1099   946 -10170.103   79 7846 -9532.0000 -10170.103  6.69%   894 1902s
  1102   948 -10170.080   27 7855 -9532.0000 -10170.080  6.69%   892 1905s
  1103   949 -10168.987  225 7798 -9532.0000 -10168.987  6.68%   891 1916s
  1104   949 -10168.736  212 7820 -9532.0000 -10168.736  6.68%   890 1921s
  1108   952 -9560.0000  360 7849 -9532.0000 -10168.664  6.68%   887 1926s
  1109   953 -9578.0000  355 7822 -9532.0000 -10168.334  6.68%   886 1931s
  1111   954 -10168.216   19 7856 -9532.0000 -10168.216  6.67%   885 1935s
  1114   956 -10167.668  174 7832 -9532.0000 -10167.668  6.67%   882 1945s
  1116   957 -10167.454   70 7859 -9532.0000 -10167.454  6.67%   881 1950s
  1119   959 -10166.584   39 7812 -9532.0000 -10166.584  6.66%   878 1961s
  1120   960 -9705.0000  321 7843 -9532.0000 -10166.242  6.65%   878 1967s
  1123   962 -10166.158   48 7856 -9532.0000 -10166.158  6.65%   875 1970s
  1126   964 -9633.0000  341 7831 -9532.0000 -10165.571  6.65%   873 1979s
  1127   965 -9644.0000  337 7836 -9532.0000 -10165.417  6.65%   872 1983s
  1129   966 -10165.378   87 7861 -9532.0000 -10165.378  6.64%   871 1985s
  1131   967 -10164.781   47 7821 -9532.0000 -10164.781  6.64%   869 1995s
  1133   969 -10164.535  100 7861 -9532.0000 -10164.535  6.64%   867 2001s
  1137   971 -10163.578   20 7828 -9532.0000 -10163.578  6.63%   864 2015s
  1138   972 -10163.298   70 7865 -9532.0000 -10163.298  6.62%   864 2020s
  1142   975 -10160.000  233 7887 -9532.0000 -10163.175  6.62%   861 2027s
  1143   975 -10162.678  158 7861 -9532.0000 -10162.678  6.62%   860 2034s
  1144   976 -10035.000  259 7887 -9532.0000 -10162.480  6.61%   859 2039s
  1145   977 -10162.421   47 7887 -9532.0000 -10162.421  6.61%   858 2040s

Cutting planes:
  Gomory: 45
  MIR: 246
  Flow cover: 3084
  Zero half: 1057
  Mod-K: 25
  RLT: 265
  BQP: 455

Explored 1148 nodes (2135769 simplex iterations) in 2048.00 seconds (2814.23 work units)
Thread count was 1 (of 72 available processors)

Solution count 4: -9532 -9512 -2594 0 

Time limit reached
Best objective -9.532000000000e+03, best bound -1.016200000000e+04, gap 6.6093%

User-callback calls 23057, time in user-callback 0.11 sec

BQP_SOLUTION, 1532, 6899, -3344.000000, 2048.001485, -1, -1, -1, -1, 1, -1, 1, -1, 1, 1, -1, 1, 1, 1, 1, -1, 1, 1, 1, -1, 1, 1, 1, -1, -1, 1, -1, 1, 1, 1, 1, -1, 1, -1, 1, -1, 1, 1, 1, 1, -1, 1, -1, -1, 1, 1, 1, 1, 1, 1, 1, -1, 1, 1, 1, -1, -1, -1, 1, -1, 1, 1, 1, 1, 1, 1, 1, -1, 1, 1, 1, 1, -1, -1, -1, -1, 1, 1, -1, 1, -1, 1, 1, -1, -1, 1, 1, -1, -1, 1, 1, -1, -1, 1, -1, 1, 1, -1, 1, -1, 1, 1, -1, 1, -1, 1, -1, -1, 1, 1, -1, -1, -1, 1, -1, -1, 1, 1, -1, 1, 1, 1, -1, -1, 1, 1, -1, -1, -1, 1, 1, -1, -1, 1, 1, -1, 1, 1, 1, -1, 1, 1, 1, -1, 1, 1, -1, -1, -1, 1, -1, 1, -1, -1, 1, -1, 1, 1, -1, -1, 1, 1, 1, -1, -1, 1, -1, -1, 1, 1, 1, -1, 1, 1, 1, -1, -1, -1, -1, 1, 1, 1, -1, -1, 1, 1, 1, -1, 1, 1, -1, 1, -1, 1, -1, 1, -1, -1, -1, 1, -1, 1, -1, 1, 1, -1, -1, -1, -1, 1, 1, 1, 1, -1, -1, -1, -1, 1, 1, 1, 1, -1, 1, 1, -1, -1, 1, 1, 1, 1, -1, -1, 1, 1, 1, 1, 1, -1, -1, 1, 1, 1, 1, 1, -1, -1, -1, -1, -1, 1, 1, 1, 1, -1, -1, -1, 1, 1, 1, -1, -1, -1, 1, -1, 1, 1, 1, 1, -1, -1, -1, 1, 1, 1, 1, 1, -1, -1, 1, 1, 1, 1, 1, 1, -1, -1, -1, 1, 1, -1, 1, -1, -1, -1, 1, 1, 1, -1, 1, -1, 1, -1, 1, -1, 1, -1, -1, -1, -1, 1, -1, 1, 1, -1, 1, 1, -1, -1, 1, 1, 1, -1, -1, 1, -1, -1, -1, -1, 1, -1, 1, 1, -1, 1, -1, -1, 1, -1, -1, 1, -1, -1, -1, 1, -1, -1, 1, 1, -1, 1, -1, -1, 1, -1, -1, 1, -1, -1, -1, -1, -1, 1, -1, 1, -1, -1, -1, -1, 1, -1, -1, 1, -1, 1, 1, 1, -1, -1, -1, 1, -1, -1, -1, -1, 1, -1, 1, -1, 1, -1, 1, 1, -1, -1, 1, -1, 1, -1, -1, -1, -1, -1, 1, -1, -1, -1, 1, 1, -1, -1, 1, 1, 1, -1, -1, -1, -1, -1, 1, -1, 1, -1, -1, -1, -1, -1, 1, 1, -1, -1, -1, 1, -1, -1, 1, 1, -1, 1, -1, 1, -1, -1, 1, -1, -1, 1, -1, 1, -1, -1, 1, 1, -1, -1, -1, 1, -1, -1, -1, -1, -1, -1, 1, 1, 1, -1, 1, 1, -1, -1, -1, -1, -1, -1, 1, -1, -1, -1, -1, 1, -1, 1, 1, -1, -1, -1, -1, -1, -1, 1, 1, -1, 1, -1, -1, -1, -1, 1, -1, -1, 1, -1, 1, 1, -1, 1, -1, -1, -1, -1, 1, 1, -1, 1, 1, -1, 1, -1, 1, 1, 1, -1, 1, -1, -1, -1, 1, 1, 1, 1, 1, 1, -1, -1, 1, 1, -1, 1, -1, -1, 1, -1, 1, 1, -1, 1, 1, -1, -1, 1, -1, 1, -1, -1, 1, 1, -1, 1, 1, 1, 1, 1, 1, -1, 1, 1, 1, 1, 1, -1, 1, 1, 1, 1, -1, 1, -1, 1, -1, 1, 1, -1, 1, -1, 1, 1, 1, 1, 1, 1, -1, 1, -1, 1, 1, 1, 1, 1, 1, 1, -1, 1, 1, 1, 1, 1, 1, 1, -1, -1, 1, 1, 1, 1, 1, 1, 1, 1, 1, 1, -1, 1, 1, -1, 1, -1, 1, 1, -1, 1, 1, 1, 1, -1, 1, 1, -1, 1, 1, 1, 1, -1, 1, 1, -1, 1, 1, -1, 1, 1, 1, 1, -1, 1, 1, 1, 1, -1, -1, 1, -1, -1, 1, -1, 1, -1, 1, 1, -1, 1, 1, -1, -1, 1, 1, -1, 1, 1, 1, -1, -1, -1, 1, -1, 1, 1, -1, -1, -1, 1, -1, 1, -1, 1, -1, -1, 1, 1, -1, 1, -1, 1, -1, -1, -1, -1, 1, 1, -1, 1, -1, -1, -1, 1, -1, -1, -1, 1, -1, -1, -1, -1, -1, 1, -1, -1, -1, -1, -1, -1, 1, -1, -1, -1, -1, -1, -1, -1, 1, -1, 1, 1, -1, -1, 1, -1, -1, 1, -1, -1, -1, -1, -1, -1, -1, 1, -1, -1, -1, 1, -1, 1, -1, 1, -1, 1, 1, 1, -1, 1, -1, -1, -1, 1, 1, -1, -1, 1, 1, -1, 1, 1, 1, 1, -1, 1, -1, -1, 1, 1, 1, 1, 1, 1, 1, -1, 1, 1, 1, -1, 1, -1, 1, -1, 1, 1, -1, -1, 1, 1, 1, -1, 1, 1, -1, -1, 1, -1, -1, -1, 1, -1, 1, -1, -1, 1, -1, 1, 1, 1, -1, 1, -1, 1, -1, -1, 1, -1, -1, -1, 1, -1, 1, -1, 1, 1, 1, -1, 1, 1, 1, -1, 1, 1, -1, 1, -1, 1, -1, 1, 1, -1, 1, -1, 1, 1, 1, 1, 1, 1, -1, -1, -1, 1, 1, -1, 1, -1, -1, -1, 1, 1, 1, -1, 1, -1, -1, -1, 1, 1, 1, 1, 1, 1, -1, -1, -1, 1, -1, 1, 1, -1, -1, 1, 1, 1, 1, -1, 1, -1, -1, 1, -1, -1, 1, 1, 1, -1, 1, -1, 1, 1, -1, 1, 1, -1, -1, -1, -1, 1, -1, 1, 1, 1, -1, -1, -1, 1, 1, -1, 1, 1, -1, -1, -1, 1, 1, -1, 1, 1, -1, -1, 1, 1, -1, 1, 1, -1, -1, -1, 1, 1, 1, 1, -1, -1, 1, -1, 1, 1, -1, 1, 1, -1, -1, 1, 1, 1, 1, 1, 1, 1, 1, 1, -1, 1, -1, 1, 1, 1, -1, 1, 1, -1, -1, 1, -1, 1, -1, 1, 1, -1, 1, -1, 1, 1, -1, 1, -1, -1, 1, 1, -1, 1, -1, 1, 1, -1, -1, 1, 1, 1, -1, 1, 1, -1, -1, 1, -1, 1, -1, 1, 1, -1, 1, 1, 1, 1, -1, 1, 1, -1, -1, 1, 1, 1, -1, 1, 1, -1, -1, 1, 1, 1, 1, 1, -1, -1, -1, 1, 1, 1, -1, 1, -1, 1, -1, 1, 1, -1, -1, 1, -1, -1, -1, -1, 1, 1, -1, -1, 1, -1, 1, 1, 1, 1, -1, 1, -1, 1, -1, 1, 1, 1, -1, 1, -1, -1, -1, 1, 1, 1, -1, -1, 1, -1, 1, 1, -1, -1, 1, -1, -1, 1, -1, 1, 1, 1, -1, -1, -1, 1, -1, -1, 1, 1, -1, -1, -1, -1, 1, 1, -1, 1, -1, 1, -1, 1, -1, -1, -1, 1, -1, -1, 1, -1, -1, -1, 1, -1, -1, 1, 1, 1, -1, -1, 1, -1, -1, -1, 1, -1, -1, 1, -1, -1, -1, 1, 1, -1, -1, 1, 1, -1, 1, 1, 1, -1, -1, 1, -1, 1, -1, -1, -1, 1, -1, 1, -1, -1, 1, -1, -1, 1, -1, 1, -1, -1, 1, 1, 1, 1, -1, 1, -1, -1, 1, 1, 1, 1, 1, -1, -1, -1, 1, 1, 1, 1, -1, 1, -1, -1, 1, 1, 1, 1, -1, 1, -1, -1, -1, 1, 1, 1, -1, 1, -1, -1, 1, 1, 1, 1, -1, 1, -1, -1, 1, 1, 1, -1, 1, -1, -1, -1, 1, 1, 1, -1, 1, 1, -1, -1, 1, 1, 1, -1, 1, 1, -1, 1, 1, 1, 1, -1, 1, -1, -1, -1, 1, 1, -1, 1, 1, -1, -1, -1, 1, 1, 1, 1, 1, -1, -1, -1, 1, 1, 1, -1, 1, 1, -1, -1, 1, 1, 1, -1, 1, -1, -1, 1, 1, 1, -1, 1, -1, -1, -1, -1, 1, 1, 1, -1, -1, 1, 1, -1, 1, 1, -1, 1, -1, 1, -1, -1, 1, 1, 1, 1, -1, 1, -1, 1, 1, -1, 1, -1, -1, 1, 1, 1, 1, -1, 1, -1, -1, 1, -1, 1, 1, 1, 1, -1, -1, 1, 1, 1, 1, 1, 1, 1, 1, 1, -1, 1, 1, -1, 1, -1, 1, 1, 1, 1, 1, 1, 1, 1, -1, 1, -1, 1, 1, 1, 1, 1, -1, 1, -1, 1, 1, -1, 1, 1, 1, 1, -1, 1, 1, 1, -1, 1, -1, -1, -1, 1, 1, 1, 1, 1, -1, 1, -1, 1, 1, 1, 1, 1, -1, -1, -1, 1, 1, 1, 1, 1, -1, 1, 1, -1, 1, 1, 1, -1, -1, 1, 1, 1, 1, 1, 1, -1, -1, 1, 1, 1, -1, 1, 1, 1, -1, 1, 1, 1, -1, 1, 1, -1, -1, 1, -1, 1, 1, 1, 1, -1, -1, -1, 1, 1, -1, 1, -1, 1, -1, 1, 1, -1, 1, 1, 1, -1, 1, 1, 1, 1, -1, 1, -1, 1, -1, -1, 1, -1, 1, 1, 1, -1, -1, 1, 1, 1, 1, 1, -1, 1, -1, -1, 1, 1, -1, -1, -1, 1, 1, -1, 1, -1, 1, -1, 1, -1, 1, -1
BQP_DATA, 1532, 6899, -3344.000000, -3974.000000, -9532.000000, -10162.000000, 2048.001485, 4457, 1148
