Set parameter TSPort to value 51199
Set parameter TokenServer to value "open-license1.lanl.gov"
Set parameter TimeLimit to value 8192
Set parameter Threads to value 1
Gurobi Optimizer version 10.0.3 build v10.0.3rc0 (linux64)

CPU model: Intel(R) Xeon(R) CPU E5-2695 v4 @ 2.10GHz, instruction set [SSE2|AVX|AVX2]
Thread count: 36 physical cores, 72 logical processors, using up to 1 threads

Optimize a model with 0 rows, 4046 columns and 0 nonzeros
Model fingerprint: 0x265d138a
Model has 18857 quadratic objective terms
Variable types: 0 continuous, 4046 integer (4046 binary)
Coefficient statistics:
  Matrix range     [0e+00, 0e+00]
  Objective range  [2e+00, 3e+01]
  QObjective range [8e+00, 8e+00]
  Bounds range     [1e+00, 1e+00]
  RHS range        [0e+00, 0e+00]
Found heuristic solution: objective 0.0000000
Found heuristic solution: objective -6816.000000
Found heuristic solution: objective -25114.00000
Found heuristic solution: objective -25204.00000
Presolve removed 0 rows and 2 columns
Presolve time: 0.53s
Presolved: 18855 rows, 22899 columns, 56565 nonzeros
Variable types: 0 continuous, 22899 integer (22899 binary)

Root relaxation: objective -3.521400e+04, 5675 iterations, 0.09 seconds (0.04 work units)

    Nodes    |    Current Node    |     Objective Bounds      |     Work
 Expl Unexpl |  Obj  Depth IntInf | Incumbent    BestBd   Gap | It/Node Time

     0     0 -35214.000    0 4044 -25204.000 -35214.000  39.7%     -    1s
     0     0 -33333.500    0 4962 -25204.000 -33333.500  32.3%     -    2s
     0     0 -32713.000    0 5299 -25204.000 -32713.000  29.8%     -    2s
     0     0 -32699.000    0 5308 -25204.000 -32699.000  29.7%     -    2s
     0     0 -32359.733    0 5521 -25204.000 -32359.733  28.4%     -    3s
     0     0 -32359.733    0 5474 -25204.000 -32359.733  28.4%     -    4s
     0     2 -32359.733    0 5465 -25204.000 -32359.733  28.4%     -    5s
   164   166 -31565.900   82 6269 -25204.000 -32347.733  28.3%   115   10s
   355   357 -30719.333  178 6725 -25204.000 -32347.733  28.3%  99.3   15s
   541   543 -29931.667  271 7128 -25204.000 -32347.733  28.3%  92.3   20s
   728   730 -29203.667  364 7473 -25204.000 -32347.733  28.3%  84.7   25s
   808   810 -28900.667  404 7555 -25204.000 -32347.733  28.3%  83.2   34s
   823   825 -28838.667  412 7550 -25204.000 -32347.733  28.3%  82.9   35s
   920   922 -28498.000  460 7661 -25204.000 -32347.733  28.3%  81.0   40s
H 1066  1066                    -25206.00000 -32347.733  28.3%  77.6   43s
  1153  1155 -27731.000  577 7781 -25206.000 -32347.733  28.3%  76.0   45s
H 1170  1170                    -25208.00000 -32347.733  28.3%  75.9   45s
H 1274  1274                    -25214.00000 -32347.733  28.3%  74.4   47s
H 1378  1378                    -25220.00000 -32347.733  28.3%  72.7   49s
  1397  1399 -26987.000  699 7929 -25220.000 -32347.733  28.3%  72.6   50s
H 1404  1404                    -25224.00000 -32347.733  28.2%  72.4   50s
H 1430  1430                    -25234.00000 -32347.733  28.2%  72.0   50s
H 1456  1456                    -25246.00000 -32347.733  28.1%  71.6   51s
H 1482  1482                    -25252.00000 -32347.733  28.1%  71.0   51s
H 1508  1508                    -25282.00000 -32347.733  27.9%  70.5   52s
H 1534  1534                    -25286.00000 -32347.733  27.9%  70.2   52s
H 1560  1560                    -25294.00000 -32347.733  27.9%  69.7   53s
H 1586  1586                    -25310.00000 -32347.733  27.8%  69.0   53s
H 1612  1612                    -25316.00000 -32347.733  27.8%  68.7   54s
  1635  1637 -26409.000  820 7910 -25316.000 -32347.733  27.8%  68.4   55s
H 1638  1638                    -25328.00000 -32347.733  27.7%  68.3   55s
H 1664  1664                    -25336.00000 -32347.733  27.7%  68.2   55s
H 1716  1716                    -25340.00000 -32347.733  27.7%  67.7   57s
H 1742  1742                    -25344.00000 -32347.733  27.6%  67.3   58s
H 1768  1768                    -25358.00000 -32347.733  27.6%  67.1   58s
  1780  1782 -26046.500  894 7722 -25358.000 -32347.733  27.6%  66.9   61s
H 1794  1794                    -25378.00000 -32347.733  27.5%  66.7   61s
H 1820  1820                    -25396.00000 -32347.733  27.4%  66.4   62s
H 1846  1846                    -25418.00000 -32347.733  27.3%  66.2   63s
H 1872  1872                    -25434.00000 -32347.733  27.2%  66.0   64s
H 1898  1898                    -25464.00000 -32347.733  27.0%  65.7   65s
H 1924  1924                    -25476.00000 -32347.733  27.0%  65.5   65s
H 1950  1950                    -25498.00000 -32347.733  26.9%  65.1   67s
H 1976  1976                    -25532.00000 -32347.733  26.7%  64.7   69s
  1991  1993 -25586.000 1001 7418 -25532.000 -32347.733  26.7%  64.6   70s
  2093  2011 -30456.333  211 9428 -25532.000 -32347.733  26.7%  63.3   75s
  2098  2014 -25874.500  931 6225 -25532.000 -31146.667  22.0%  63.1   80s
  2102  2017 -29968.667  267 6832 -25532.000 -30715.072  20.3%  63.0   85s
  2105  2019 -29088.667  379 7459 -25532.000 -30174.452  18.2%  62.9   97s
  2106  2020 -28392.000  477 7992 -25532.000 -29972.984  17.4%  62.9  115s
  2107  2020 -27395.000  628 8230 -25532.000 -29919.781  17.2%  62.9  137s
  2108  2021 -28004.000  535 8390 -25532.000 -29903.776  17.1%  62.8  148s
  2109  2022 -27546.000  606 8391 -25532.000 -29899.239  17.1%  62.8  153s
  2110  2022 -28453.000  467 8544 -25532.000 -29897.948  17.1%  62.8  155s
  2115  2026 -27333.000  638 8609 -25532.000 -29896.143  17.1%  62.6  160s
  2119  2028 -29104.667  377 8921 -25532.000 -29529.170  15.7%  62.5  258s
  2120  2029 -27812.000  564 9613 -25532.000 -29409.823  15.2%  62.5  344s
  2121  2030 -26194.000  866 9954 -25532.000 -29368.386  15.0%  62.5  414s
  2122  2030 -26006.500  904 10312 -25532.000 -29351.834  15.0%  62.4  439s
  2123  2031 -27065.000  685 10391 -25532.000 -29345.462  14.9%  62.4  452s
  2124  2032 -26588.000  774 10503 -25532.000 -29343.133  14.9%  62.4  461s
  2125  2032 -29342.039   37 10580 -25532.000 -29342.039  14.9%  62.3  466s
  2126  2033 -27679.000  585 10614 -25532.000 -29341.572  14.9%  62.3  470s
  2128  2034 -29340.962  131 10669 -25532.000 -29340.962  14.9%  62.3  476s
  2131  2036 -26248.000  852 10701 -25532.000 -29340.857  14.9%  62.2  480s
  2132  2037 -27812.000  564 11295 -25532.000 -28990.269  13.5%  62.1  694s
  2133  2038 -28920.745  366 11649 -25532.000 -28920.745  13.3%  62.1  859s
  2134  2038 -28868.165   41 11935 -25532.000 -28868.165  13.1%  62.1  993s
  2135  2039 -26830.000  724 12207 -25532.000 -28845.737  13.0%  62.1 1113s
  2136  2040 -26010.500  903 12352 -25532.000 -28838.436  13.0%  62.0 1154s
  2137  2040 -26216.000  858 12540 -25532.000 -28835.533  12.9%  62.0 1176s
  2138  2041 -27571.000  601 12663 -25532.000 -28834.008  12.9%  62.0 1192s
  2139  2042 -26558.000  782 12685 -25532.000 -28833.311  12.9%  61.9 1201s
  2140  2042 -28832.943  395 12753 -25532.000 -28832.943  12.9%  61.9 1208s
  2141  2043 -26640.000  762 12798 -25532.000 -28832.724  12.9%  61.9 1212s
  2142  2044 -28832.590  249 12792 -25532.000 -28832.590  12.9%  61.8 1216s
  2144  2045 -27419.000  625 12870 -25532.000 -28832.505  12.9%  61.8 1220s
  2147  2047 -26216.000  858 13058 -25532.000 -28589.242  12.0%  61.7 1545s
  2148  2048 -26094.500  885 13580 -25532.000 -28535.975  11.8%  61.7 1767s
  2149  2048 -27735.000  577 13927 -25532.000 -28488.910  11.6%  61.6 1982s
  2150  2049 -26094.500  885 14301 -25532.000 -28470.059  11.5%  61.6 2101s
  2151  2050 -27133.000  673 14575 -25532.000 -28462.703  11.5%  61.6 2172s
  2152  2050 -26357.000  832 14725 -25532.000 -28460.001  11.5%  61.6 2209s
  2153  2051 -26248.000  852 14764 -25532.000 -28458.541  11.5%  61.5 2233s
  2154  2052 -26438.000  815 14868 -25532.000 -28457.851  11.5%  61.5 2248s
  2155  2052 -25962.500  913 14845 -25532.000 -28457.548  11.5%  61.5 2257s
  2156  2053 -26863.000  719 14924 -25532.000 -28457.378  11.5%  61.4 2264s
  2157  2054 -28457.273   93 14927 -25532.000 -28457.273  11.5%  61.4 2270s
  2160  2056 -26060.500  892 14979 -25532.000 -28457.195  11.5%  61.3 2277s
  2162  2057 -25969.500  912 14966 -25532.000 -28457.153  11.5%  61.3 2281s
  2163  2058 -25929.500  919 14965 -25532.000 -28457.151  11.5%  61.2 2286s
  2164  2058 -28258.535  278 15313 -25532.000 -28258.535  10.7%  61.2 2760s
  2165  2059 -28226.727  250 15836 -25532.000 -28226.727  10.6%  61.2 3018s
  2166  2060 -27193.000  661 16107 -25532.000 -28201.428  10.5%  61.2 3258s
  2167  2060 -28194.718  314 16397 -25532.000 -28194.718  10.4%  61.1 3363s
  2168  2061 -28192.411  137 16469 -25532.000 -28192.411  10.4%  61.1 3410s
  2169  2062 -28191.528  353 16629 -25532.000 -28191.528  10.4%  61.1 3438s
  2170  2062 -28191.165  267 16725 -25532.000 -28191.165  10.4%  61.1 3453s
  2171  2063 -28191.025  151 16706 -25532.000 -28191.025  10.4%  61.0 3463s
  2172  2064 -27797.000  568 16767 -25532.000 -28190.961  10.4%  61.0 3469s
  2173  2064 -26604.000  770 16808 -25532.000 -28190.939  10.4%  61.0 3473s
  2175  2066 -26306.000  839 16796 -25532.000 -28190.933  10.4%  60.9 3477s
  2176  2066 -28077.620  207 16743 -25532.000 -28077.620  10.0%  60.9 3962s
  2177  2067 -26248.000  852 17252 -25532.000 -28056.036  9.89%  60.9 4216s
  2178  2068 -26298.000  840 17467 -25532.000 -28049.837  9.86%  60.8 4334s
  2179  2068 -28047.942  407 17496 -25532.000 -28047.942  9.85%  60.8 4388s
  2180  2069 -26013.500  902 17578 -25532.000 -28047.243  9.85%  60.8 4415s
  2181  2070 -28046.953  256 17659 -25532.000 -28046.953  9.85%  60.7 4431s
  2182  2070 -28046.880   40 17587 -25532.000 -28046.880  9.85%  60.7 4438s
  2183  2071 -28046.846  344 17663 -25532.000 -28046.846  9.85%  60.7 4443s
  2184  2072 -28046.830  438 17657 -25532.000 -28046.830  9.85%  60.7 4446s
  2186  2073 -27822.000  561 17680 -25532.000 -28046.822  9.85%  60.6 4452s
  2187  2074 -27241.000  654 17880 -25532.000 -27954.269  9.49%  60.6 4982s
  2188  2074 -27894.000  551 18179 -25532.000 -27937.107  9.42%  60.5 5244s
  2189  2075 -27932.785   64 18453 -25532.000 -27932.785  9.40%  60.5 5356s
  2190  2076 -25698.500  968 18439 -25532.000 -27931.135  9.40%  60.5 5407s
  2191  2076 -27930.732   20 18514 -25532.000 -27930.732  9.40%  60.5 5429s
  2192  2077 -27930.572  268 18547 -25532.000 -27930.572  9.39%  60.4 5440s
  2193  2078 -27930.457  211 18563 -25532.000 -27930.457  9.39%  60.4 5454s
  2194  2078 -27930.431  148 18592 -25532.000 -27930.431  9.39%  60.4 5459s
  2195  2079 -27930.420  145 18625 -25532.000 -27930.420  9.39%  60.4 5462s
  2196  2080 -27930.389   27 18640 -25532.000 -27930.389  9.39%  60.3 5467s
  2198  2081 -25874.500  931 18648 -25532.000 -27930.382  9.39%  60.3 5474s
H 2198  1975                    -25536.00000 -27860.584  9.10%  60.3 5997s
  2200  1976 -27845.764  461 18635 -25536.000 -27845.764  9.05%  60.2 6275s
  2201  1977 -27842.663  481 18795 -25536.000 -27842.663  9.03%  60.2 6373s
  2202  1978 -27841.768  267 18860 -25536.000 -27841.768  9.03%  60.2 6414s
  2203  1978 -27841.478  433 18894 -25536.000 -27841.478  9.03%  60.1 6443s
  2204  1979 -27425.000  624 18937 -25536.000 -27841.375  9.03%  60.1 6459s
  2205  1980 -27841.330  379 18943 -25536.000 -27841.330  9.03%  60.1 6468s
  2206  1980 -27841.318  477 18956 -25536.000 -27841.318  9.03%  60.1 6472s
  2207  1981 -27395.000  628 18977 -25536.000 -27841.312  9.03%  60.0 6475s
  2208  1982 -27841.311  535 18984 -25536.000 -27841.311  9.03%  60.0 6480s
  2209  1982 -27546.000  606 18809 -25536.000 -27788.811  8.82%  60.0 7005s
  2210  1983 -27778.542  467 19027 -25536.000 -27778.542  8.78%  59.9 7245s
  2211  1984 -27123.000  675 19075 -25536.000 -27776.733  8.77%  59.9 7320s
  2212  1984 -27776.078   14 19123 -25536.000 -27776.078  8.77%  59.9 7365s
  2213  1985 -26551.000  790 19214 -25536.000 -27775.843  8.77%  59.9 7383s
  2214  1986 -27775.767   35 19201 -25536.000 -27775.767  8.77%  59.8 7397s
  2215  1986 -27333.000  638 19241 -25536.000 -27775.745  8.77%  59.8 7403s
  2216  1987 -27775.728  105 19262 -25536.000 -27775.728  8.77%  59.8 7408s
  2217  1988 -27217.000  657 19268 -25536.000 -27775.725  8.77%  59.8 7415s
  2218  1988 -27729.352   27 19092 -25536.000 -27729.352  8.59%  59.7 7955s

Cutting planes:
  Gomory: 184
  MIR: 735
  Flow cover: 6785
  Zero half: 2360
  Mod-K: 146
  RLT: 829
  BQP: 1206

Explored 2218 nodes (3407807 simplex iterations) in 8192.00 seconds (12895.16 work units)
Thread count was 1 (of 72 available processors)

Solution count 10: -25536 -25532 -25498 ... -25358

Time limit reached
Best objective -2.553600000000e+04, best bound -2.772800000000e+04, gap 8.5840%

User-callback calls 24134, time in user-callback 0.12 sec

BQP_SOLUTION, 4046, 18857, -9179.000000, 8192.002993, -1, -1, 1, -1, -1, 1, 1, 1, 1, 1, -1, 1, -1, 1, -1, -1, 1, -1, 1, -1, 1, 1, 1, -1, -1, -1, 1, -1, -1, -1, -1, -1, 1, 1, 1, 1, -1, -1, -1, -1, 1, -1, 1, -1, 1, 1, 1, 1, 1, -1, 1, -1, 1, 1, 1, -1, -1, -1, 1, 1, 1, 1, 1, -1, -1, -1, 1, -1, -1, 1, -1, -1, 1, 1, 1, 1, -1, -1, -1, 1, -1, -1, -1, -1, -1, 1, 1, 1, 1, -1, -1, -1, 1, -1, -1, -1, -1, 1, 1, 1, 1, 1, -1, -1, -1, -1, 1, -1, -1, -1, 1, 1, 1, 1, -1, -1, 1, -1, -1, 1, 1, -1, 1, 1, 1, 1, 1, 1, -1, -1, 1, 1, 1, 1, -1, 1, -1, 1, 1, 1, 1, -1, -1, -1, 1, -1, 1, 1, -1, -1, 1, 1, -1, -1, 1, -1, 1, 1, -1, 1, -1, -1, 1, 1, 1, 1, -1, -1, -1, 1, 1, 1, -1, -1, -1, 1, 1, 1, -1, -1, -1, 1, 1, -1, 1, 1, 1, -1, 1, 1, 1, -1, -1, -1, -1, 1, -1, 1, -1, 1, 1, 1, 1, 1, -1, -1, -1, -1, 1, -1, 1, 1, -1, -1, 1, 1, 1, -1, -1, -1, -1, 1, 1, 1, 1, -1, 1, 1, 1, 1, 1, -1, -1, -1, 1, -1, 1, -1, 1, 1, 1, 1, 1, -1, 1, -1, -1, 1, -1, 1, -1, 1, 1, 1, -1, 1, 1, -1, -1, -1, -1, 1, -1, 1, -1, 1, -1, 1, 1, 1, 1, 1, -1, 1, 1, -1, 1, -1, 1, 1, -1, 1, 1, 1, -1, -1, -1, 1, 1, -1, 1, 1, 1, -1, 1, 1, 1, 1, -1, 1, 1, 1, -1, 1, 1, 1, -1, -1, 1, 1, 1, -1, 1, -1, -1, -1, -1, 1, -1, -1, 1, 1, -1, -1, -1, 1, -1, 1, -1, 1, 1, -1, -1, 1, 1, 1, 1, -1, 1, -1, -1, -1, 1, 1, -1, 1, -1, 1, 1, -1, -1, -1, 1, -1, -1, 1, 1, -1, -1, 1, 1, 1, -1, -1, -1, -1, -1, -1, 1, 1, -1, -1, 1, 1, 1, -1, -1, 1, 1, -1, -1, 1, 1, -1, -1, 1, -1, 1, -1, -1, 1, 1, -1, -1, 1, 1, -1, 1, 1, 1, -1, -1, -1, 1, -1, -1, -1, -1, -1, 1, -1, -1, -1, -1, 1, -1, 1, 1, -1, 1, -1, 1, -1, -1, 1, 1, 1, -1, -1, 1, -1, -1, -1, 1, 1, -1, -1, 1, -1, 1, -1, 1, -1, 1, -1, -1, 1, -1, 1, 1, 1, -1, 1, -1, 1, 1, -1, 1, -1, -1, 1, -1, -1, 1, -1, 1, -1, 1, -1, -1, 1, -1, 1, 1, 1, 1, -1, 1, 1, -1, 1, -1, -1, 1, -1, 1, 1, -1, 1, 1, 1, -1, -1, 1, -1, -1, 1, 1, -1, 1, 1, 1, -1, 1, -1, 1, 1, 1, -1, 1, 1, -1, 1, 1, -1, -1, 1, -1, 1, 1, 1, -1, 1, 1, -1, 1, 1, -1, 1, -1, 1, -1, 1, 1, -1, 1, 1, -1, 1, 1, 1, 1, -1, 1, 1, 1, 1, 1, -1, 1, -1, -1, 1, -1, 1, -1, 1, 1, 1, 1, -1, -1, 1, -1, 1, 1, 1, -1, 1, 1, 1, 1, 1, -1, -1, 1, -1, 1, 1, 1, 1, 1, 1, 1, -1, 1, -1, -1, 1, 1, -1, 1, -1, -1, 1, 1, 1, -1, 1, 1, 1, 1, 1, -1, 1, -1, -1, 1, -1, 1, 1, 1, 1, -1, 1, 1, 1, 1, 1, -1, 1, 1, 1, 1, 1, -1, 1, 1, -1, 1, 1, -1, -1, 1, 1, 1, 1, 1, -1, 1, 1, -1, 1, -1, -1, -1, 1, 1, 1, 1, 1, -1, 1, 1, -1, 1, -1, -1, -1, 1, 1, 1, 1, 1, -1, -1, 1, -1, 1, -1, -1, 1, 1, 1, -1, 1, 1, -1, -1, 1, 1, -1, 1, -1, -1, 1, 1, -1, 1, 1, 1, -1, 1, 1, -1, -1, 1, 1, 1, 1, 1, 1, 1, 1, -1, 1, 1, -1, -1, -1, 1, 1, 1, -1, 1, 1, -1, -1, 1, 1, -1, -1, -1, 1, 1, 1, 1, 1, 1, 1, -1, -1, 1, 1, 1, -1, 1, 1, 1, 1, 1, 1, -1, -1, 1, 1, -1, 1, -1, -1, -1, 1, -1, -1, 1, 1, -1, -1, 1, 1, -1, -1, 1, 1, -1, 1, 1, 1, -1, -1, 1, 1, 1, -1, -1, 1, -1, 1, 1, 1, 1, -1, 1, 1, 1, 1, -1, 1, 1, -1, 1, -1, 1, -1, 1, -1, 1, 1, -1, -1, -1, -1, -1, 1, -1, 1, 1, -1, -1, -1, 1, -1, -1, 1, 1, -1, 1, 1, 1, -1, 1, -1, 1, 1, -1, -1, 1, -1, -1, 1, 1, 1, -1, 1, 1, -1, 1, 1, -1, -1, 1, -1, 1, 1, 1, 1, -1, 1, -1, 1, -1, -1, 1, -1, -1, 1, 1, 1, 1, 1, 1, -1, 1, 1, -1, 1, 1, -1, 1, 1, 1, -1, -1, 1, -1, 1, -1, -1, -1, 1, -1, -1, 1, 1, 1, -1, 1, 1, 1, 1, -1, -1, 1, 1, -1, 1, 1, 1, -1, 1, -1, 1, 1, -1, -1, 1, 1, -1, 1, 1, -1, -1, 1, -1, 1, 1, -1, -1, 1, 1, 1, 1, 1, 1, -1, 1, 1, -1, 1, 1, -1, 1, 1, -1, 1, 1, 1, -1, 1, -1, 1, 1, -1, -1, 1, 1, 1, 1, 1, -1, -1, 1, 1, 1, 1, -1, -1, 1, -1, 1, 1, 1, -1, 1, 1, 1, 1, -1, -1, -1, 1, -1, 1, -1, 1, -1, 1, 1, 1, -1, 1, -1, -1, 1, 1, 1, -1, 1, 1, -1, 1, 1, 1, 1, -1, -1, 1, -1, -1, 1, 1, -1, 1, 1, 1, 1, -1, -1, 1, 1, 1, 1, -1, 1, 1, 1, 1, 1, 1, 1, -1, -1, 1, 1, 1, 1, -1, 1, 1, 1, 1, 1, 1, -1, -1, 1, -1, 1, -1, 1, -1, 1, 1, 1, 1, 1, 1, -1, 1, -1, 1, 1, 1, 1, 1, -1, 1, 1, 1, -1, -1, 1, 1, -1, -1, -1, 1, 1, -1, 1, 1, 1, 1, -1, 1, -1, -1, 1, -1, -1, 1, 1, 1, 1, 1, 1, -1, -1, 1, 1, 1, -1, 1, 1, 1, 1, 1, 1, -1, 1, -1, -1, -1, -1, 1, 1, 1, 1, 1, 1, 1, -1, 1, -1, 1, -1, 1, 1, -1, 1, 1, 1, 1, -1, -1, -1, 1, -1, -1, 1, 1, -1, 1, -1, 1, 1, 1, -1, 1, 1, -1, -1, -1, 1, 1, 1, 1, 1, 1, 1, -1, 1, 1, -1, -1, 1, -1, 1, 1, 1, 1, 1, 1, -1, 1, -1, -1, -1, 1, 1, 1, -1, 1, 1, 1, 1, 1, -1, -1, -1, -1, -1, 1, 1, -1, 1, 1, 1, 1, -1, 1, -1, -1, -1, -1, 1, 1, 1, 1, 1, 1, -1, 1, 1, -1, -1, 1, -1, 1, -1, -1, 1, 1, 1, 1, 1, 1, 1, -1, -1, 1, -1, -1, -1, -1, 1, 1, 1, 1, 1, 1, 1, 1, -1, 1, 1, -1, -1, 1, -1, 1, 1, -1, 1, -1, -1, -1, 1, -1, -1, 1, -1, 1, 1, 1, 1, 1, -1, -1, -1, 1, 1, 1, 1, 1, 1, 1, 1, 1, 1, -1, 1, -1, 1, -1, -1, 1, -1, -1, 1, -1, -1, 1, -1, -1, -1, 1, -1, -1, -1, 1, -1, 1, 1, 1, -1, -1, -1, -1, 1, -1, 1, -1, 1, -1, 1, -1, -1, 1, -1, 1, -1, 1, -1, -1, 1, 1, -1, 1, -1, 1, 1, -1, -1, 1, 1, -1, 1, -1, 1, -1, 1, -1, 1, 1, -1, 1, 1, -1, 1, -1, 1, -1, -1, 1, -1, 1, 1, 1, 1, 1, -1, 1, -1, -1, 1, 1, 1, 1, -1, 1, 1, 1, 1, -1, 1, -1, -1, 1, -1, 1, -1, -1, 1, -1, 1, -1, 1, 1, 1, -1, 1, -1, 1, -1, -1, 1, 1, -1, 1, -1, 1, 1, 1, -1, -1, 1, -1, -1, 1, 1, -1, -1, -1, 1, -1, 1, -1, 1, 1, -1, -1, 1, -1, 1, -1, 1, 1, -1, -1, 1, 1, 1, -1, 1, 1, -1, 1, -1, 1, 1, -1, 1, -1, -1, 1, 1, 1, 1, 1, 1, -1, 1, 1, -1, 1, -1, 1, 1, -1, 1, 1, -1, 1, -1, -1, 1, -1, 1, -1, -1, 1, -1, -1, 1, 1, 1, -1, -1, 1, -1, 1, -1, -1, 1, 1, -1, 1, 1, -1, -1, 1, 1, 1, 1, 1, -1, 1, 1, 1, -1, 1, 1, 1, -1, 1, 1, 1, -1, -1, 1, -1, 1, 1, 1, -1, 1, -1, 1, 1, -1, 1, -1, -1, 1, -1, -1, 1, 1, 1, -1, 1, 1, 1, -1, 1, -1, -1, 1, 1, 1, 1, -1, -1, 1, -1, 1, 1, -1, -1, 1, 1, 1, 1, 1, 1, -1, -1, -1, 1, -1, -1, 1, -1, 1, -1, 1, 1, -1, 1, 1, -1, 1, -1, -1, 1, 1, 1, 1, -1, 1, -1, -1, 1, -1, 1, -1, -1, 1, 1, 1, 1, -1, 1, -1, 1, -1, 1, 1, -1, -1, 1, 1, 1, 1, 1, 1, -1, -1, 1, -1, 1, -1, -1, 1, 1, -1, 1, -1, 1, -1, 1, -1, 1, 1, 1, -1, 1, 1, 1, 1, -1, -1, 1, -1, -1, -1, 1, 1, -1, -1, 1, -1, 1, 1, -1, -1, -1, -1, 1, -1, 1, -1, -1, 1, 1, 1, 1, -1, -1, 1, -1, -1, 1, 1, -1, 1, 1, -1, -1, 1, 1, -1, -1, 1, 1, -1, 1, 1, -1, 1, 1, -1, 1, -1, -1, 1, 1, 1, -1, 1, -1, -1, 1, 1, -1, 1, -1, -1, 1, 1, 1, -1, -1, 1, -1, -1, 1, -1, 1, -1, -1, 1, 1, -1, -1, 1, 1, -1, 1, -1, -1, 1, -1, 1, 1, -1, 1, 1, 1, -1, -1, 1, 1, 1, -1, -1, 1, -1, -1, 1, 1, -1, -1, 1, -1, 1, -1, 1, -1, 1, -1, 1, -1, 1, -1, -1, 1, -1, 1, -1, -1, -1, 1, 1, -1, 1, 1, -1, -1, -1, 1, 1, 1, -1, -1, 1, 1, -1, -1, -1, 1, -1, 1, -1, 1, 1, -1, -1, 1, 1, -1, -1, 1, 1, 1, -1, 1, -1, 1, -1, -1, 1, 1, 1, -1, -1, 1, 1, 1, -1, -1, 1, -1, -1, 1, 1, -1, 1, -1, 1, -1, 1, -1, 1, 1, 1, -1, 1, 1, 1, -1, -1, 1, 1, -1, 1, -1, 1, -1, -1, -1, 1, 1, -1, -1, 1, -1, 1, 1, -1, 1, -1, 1, -1, 1, -1, 1, -1, 1, 1, 1, 1, -1, 1, 1, -1, -1, 1, -1, -1, -1, 1, 1, 1, -1, -1, 1, -1, -1, 1, 1, -1, -1, 1, 1, 1, 1, 1, -1, 1, -1, -1, 1, 1, 1, -1, -1, 1, 1, 1, -1, 1, 1, 1, -1, 1, 1, 1, 1, -1, 1, 1, -1, 1, -1, 1, 1, -1, 1, 1, -1, -1, 1, -1, 1, 1, -1, -1, 1, 1, -1, -1, 1, 1, -1, -1, 1, 1, -1, 1, -1, 1, 1, -1, -1, 1, 1, -1, -1, -1, 1, 1, -1, -1, 1, 1, -1, -1, 1, 1, -1, -1, 1, 1, 1, -1, -1, 1, 1, -1, -1, 1, 1, -1, -1, 1, -1, 1, -1, -1, 1, 1, 1, -1, -1, 1, -1, 1, -1, -1, 1, -1, -1, 1, 1, -1, -1, 1, 1, -1, 1, -1, 1, 1, 1, -1, -1, 1, -1, -1, 1, 1, -1, -1, 1, 1, 1, 1, -1, 1, 1, -1, -1, -1, 1, -1, 1, 1, -1, 1, 1, 1, 1, -1, 1, -1, 1, -1, -1, -1, 1, -1, 1, 1, 1, -1, 1, -1, -1, 1, -1, -1, 1, 1, -1, -1, 1, 1, -1, -1, 1, -1, -1, -1, -1, 1, -1, -1, -1, 1, 1, -1, 1, -1, -1, -1, -1, -1, 1, 1, -1, -1, 1, -1, 1, 1, -1, 1, -1, -1, -1, 1, -1, 1, 1, 1, 1, -1, -1, -1, 1, -1, -1, -1, 1, -1, 1, 1, 1, -1, 1, -1, 1, -1, -1, -1, 1, 1, -1, -1, 1, -1, -1, 1, -1, -1, -1, -1, -1, -1, 1, -1, -1, 1, 1, 1, 1, -1, -1, -1, -1, 1, -1, 1, -1, 1, -1, 1, -1, 1, -1, -1, 1, -1, -1, -1, 1, 1, -1, 1, 1, -1, 1, -1, -1, -1, -1, -1, -1, 1, 1, 1, -1, 1, 1, -1, -1, -1, -1, -1, -1, -1, 1, 1, -1, 1, 1, 1, -1, 1, -1, -1, -1, -1, 1, 1, 1, -1, -1, 1, 1, -1, -1, -1, -1, -1, 1, 1, 1, -1, -1, 1, 1, -1, -1, 1, -1, -1, -1, 1, -1, 1, 1, 1, 1, 1, 1, -1, 1, 1, -1, -1, 1, 1, -1, 1, 1, 1, 1, 1, 1, 1, -1, -1, -1, 1, 1, -1, 1, 1, 1, 1, 1, -1, 1, -1, -1, -1, -1, 1, 1, 1, -1, 1, 1, 1, -1, 1, 1, -1, -1, 1, 1, 1, 1, 1, -1, 1, -1, -1, 1, 1, -1, -1, 1, -1, -1, 1, 1, -1, 1, 1, -1, 1, -1, 1, -1, 1, -1, -1, 1, 1, 1, -1, 1, -1, 1, -1, -1, -1, -1, 1, -1, 1, 1, 1, 1, 1, -1, 1, 1, 1, -1, -1, 1, -1, 1, 1, 1, -1, 1, 1, 1, 1, 1, -1, 1, 1, -1, 1, 1, 1, -1, 1, 1, -1, 1, -1, -1, 1, -1, 1, 1, 1, -1, 1, 1, -1, 1, 1, -1, 1, 1, -1, -1, 1, 1, 1, -1, 1, 1, -1, 1, 1, -1, 1, -1, -1, 1, -1, -1, -1, 1, -1, 1, 1, 1, 1, 1, -1, 1, 1, -1, 1, 1, 1, -1, 1, 1, 1, 1, 1, -1, -1, 1, 1, -1, 1, -1, -1, 1, 1, -1, 1, -1, -1, 1, 1, -1, -1, 1, -1, -1, 1, 1, 1, 1, -1, 1, -1, -1, 1, -1, 1, 1, -1, 1, 1, 1, -1, -1, -1, -1, -1, -1, -1, 1, 1, -1, 1, 1, 1, 1, -1, 1, 1, -1, 1, -1, -1, 1, -1, 1, 1, 1, -1, 1, -1, -1, 1, 1, -1, 1, 1, -1, 1, -1, 1, 1, -1, -1, 1, -1, 1, -1, -1, 1, 1, 1, 1, 1, -1, -1, -1, -1, -1, 1, -1, -1, -1, 1, -1, -1, 1, 1, -1, 1, -1, 1, -1, 1, -1, 1, 1, 1, 1, -1, -1, -1, -1, -1, 1, -1, -1, 1, -1, 1, -1, 1, 1, -1, 1, 1, -1, 1, -1, -1, -1, -1, 1, -1, 1, 1, -1, -1, 1, -1, -1, 1, -1, -1, 1, 1, 1, -1, 1, -1, -1, 1, 1, -1, 1, -1, -1, 1, 1, 1, -1, 1, -1, -1, -1, 1, -1, 1, -1, 1, 1, 1, 1, -1, 1, -1, -1, -1, 1, -1, 1, -1, -1, -1, 1, 1, -1, 1, -1, -1, -1, -1, -1, -1, -1, 1, -1, 1, 1, 1, 1, -1, 1, 1, -1, 1, -1, -1, 1, 1, 1, -1, 1, -1, -1, 1, 1, -1, 1, -1, 1, -1, 1, 1, -1, -1, 1, -1, 1, -1, -1, -1, 1, -1, -1, 1, -1, -1, -1, 1, -1, 1, 1, -1, -1, 1, -1, 1, 1, 1, -1, 1, -1, 1, 1, 1, -1, 1, 1, -1, 1, -1, -1, -1, 1, 1, -1, 1, -1, 1, 1, 1, -1, 1, 1, -1, -1, 1, -1, -1, 1, 1, -1, 1, -1, 1, 1, -1, 1, -1, -1, 1, -1, 1, 1, 1, -1, -1, -1, 1, -1, 1, -1, 1, 1, -1, -1, 1, 1, -1, 1, -1, 1, -1, 1, -1, -1, 1, 1, 1, 1, 1, -1, -1, -1, 1, -1, 1, -1, -1, 1, -1, 1, 1, -1, -1, 1, -1, 1, 1, 1, -1, -1, 1, -1, -1, 1, 1, 1, -1, 1, 1, -1, 1, -1, -1, -1, -1, -1, 1, 1, 1, 1, 1, 1, 1, -1, -1, -1, 1, -1, -1, 1, 1, 1, 1, 1, 1, -1, -1, 1, -1, -1, -1, -1, 1, 1, 1, 1, 1, 1, 1, -1, 1, -1, 1, -1, -1, 1, 1, -1, 1, 1, -1, -1, 1, -1, -1, -1, -1, -1, 1, -1, 1, 1, 1, 1, -1, 1, -1, -1, -1, -1, -1, 1, -1, 1, -1, 1, -1, -1, 1, 1, -1, -1, -1, 1, 1, -1, 1, 1, 1, 1, -1, 1, 1, -1, -1, -1, -1, 1, -1, 1, -1, 1, 1, -1, -1, 1, -1, -1, -1, -1, 1, -1, -1, -1, 1, 1, -1, -1, 1, -1, -1, -1, 1, 1, -1, 1, 1, 1, 1, -1, -1, 1, -1, -1, -1, -1, 1, -1, -1, 1, -1, -1, 1, -1, 1, -1, 1, -1, -1, 1, -1, -1, 1, 1, 1, 1, -1, -1, 1, -1, -1, -1, 1, -1, -1, 1, 1, 1, 1, -1, 1, -1, -1, 1, -1, -1, 1, 1, -1, 1, -1, -1, -1, -1, 1, -1, -1, -1, -1, 1, -1, 1, -1, -1, -1, -1, -1, 1, 1, -1, -1, -1, 1, -1, 1, 1, 1, -1, -1, 1, 1, -1, 1, -1, 1, -1, 1, 1, 1, -1, -1, 1, 1, -1, -1, -1, 1, 1, -1, 1, -1, 1, -1, 1, 1, -1, 1, -1, -1, -1, 1, -1, 1, -1, 1, 1, -1, -1, 1, -1, -1, -1, 1, 1, -1, 1, 1, 1, -1, 1, -1, 1, -1, -1, -1, -1, 1, -1, 1, -1, -1, -1, 1, -1, 1, 1, -1, -1, -1, 1, -1, -1, 1, 1, -1, 1, -1, 1, 1, -1, 1, 1, -1, -1, -1, 1, -1, 1, 1, -1, 1, 1, -1, -1, 1, 1, -1, 1, 1, 1, -1, 1, -1, -1, 1, -1, -1, 1, 1, 1, -1, 1, -1, -1, 1, -1, 1, 1, -1, -1, -1, 1, -1, -1, 1, -1, -1, 1, -1, -1, 1, 1, -1, -1, 1, 1, -1, 1, -1, -1, 1, -1, -1, 1, -1, -1, 1, 1, 1, -1, -1, -1, 1, 1, -1, 1, 1, -1, 1, 1, 1, -1, 1, 1, -1, 1, -1, -1, -1, 1, -1, 1, 1, 1, -1, -1, -1, -1, 1, 1, 1, 1, 1, -1, 1, 1, 1, 1, -1, 1, -1, 1, -1, -1, 1, 1, -1, 1, 1, 1, -1, -1, 1, -1, 1, -1, -1, 1, 1, 1, -1, 1, 1, 1, -1, 1, -1, -1, 1, -1, -1, 1, -1, -1, 1, 1, 1, -1, -1, -1, 1, 1, -1, 1, 1, -1, -1, -1, 1, 1, 1, 1, -1, 1, 1, -1, 1, 1, -1, -1, 1, 1, 1, -1, -1, -1, -1, 1, -1, 1, 1, 1, -1, 1, 1, 1, -1, 1, -1, -1, 1, -1, 1, 1, 1, -1, 1, 1, -1, 1, -1, -1, -1, 1, 1, -1, 1, 1, -1, 1, -1, 1, 1, -1, -1, -1, 1, -1, 1, 1, 1, -1, 1, -1, 1, 1, 1, 1, 1, -1, -1, 1, 1, -1, 1, -1, 1, 1, -1, 1, -1, -1, 1, 1, 1, 1, -1, -1, -1, 1, 1, -1, -1, -1, -1, 1, 1, -1, 1, -1, -1, -1, -1, 1, -1, 1, -1, -1, 1, 1, 1, 1, 1, -1, -1, -1, 1, 1, 1, -1, -1, -1, 1, 1, 1, 1, -1, 1, -1, 1, -1, -1, -1, -1, 1, 1, 1, -1, 1, -1, -1, -1, 1, -1, -1, -1, -1, -1, 1, 1, -1, 1, -1, -1, -1, -1, -1, -1, -1, -1, -1, 1, -1, 1, 1, -1, 1, -1, -1, 1, -1, -1, -1, -1, -1, 1, -1, 1, -1, -1, 1, -1, 1, -1, -1, 1, -1, -1, 1, -1, 1, -1, -1, -1, -1, 1, -1, -1, 1, -1, -1, 1, -1, 1, 1, -1, -1, -1, 1, -1, -1, -1, 1, -1, 1, -1, 1, -1, 1, 1, -1, 1, -1, 1, -1, 1, 1, -1, 1, 1, -1, -1, -1, 1, -1, -1, -1, 1, -1, 1, -1, -1, 1, -1, 1, -1, 1, -1, -1, -1, 1, -1, 1, 1, -1, 1, -1, 1, -1, -1, -1, -1, 1, -1, -1, 1, -1, 1, 1, 1, 1, 1, -1, -1, -1, -1, -1, -1, 1, -1, -1, 1, 1, 1, 1, -1, -1, -1, -1, -1, -1, 1, -1, -1, 1, -1, 1, 1, -1, -1, -1, -1, 1, -1, -1, 1, -1, -1, -1, -1, -1, -1, -1, 1, -1, 1, -1, -1, 1, -1, -1, 1, 1, -1, -1, 1, -1, -1, -1, 1, -1, 1, 1, -1, 1, 1, 1, -1, 1, -1, -1, 1, -1, 1, -1, 1, -1, 1, 1, 1, -1, -1, -1, -1, 1, -1, 1, -1, 1, -1, 1, -1, 1, -1, -1, 1, -1, 1, -1, 1, -1, 1, -1, 1, 1, 1, -1, 1, -1, -1, -1, 1, -1, -1, 1, -1, -1, 1, -1, 1, -1, 1, 1, -1, 1, 1, 1, -1, -1, -1, -1, 1, -1, 1, -1, 1, -1, 1, -1, 1, -1, 1, -1, 1, -1, -1, -1, 1, 1, -1, 1, -1, 1, -1, -1, -1, 1, -1, -1, 1, 1, 1, -1, -1, -1, -1, 1, 1, -1, 1, -1, 1, -1, -1, 1, -1, 1, -1, 1, 1, 1, -1, 1, -1, -1, 1, -1, -1, 1, -1, -1, -1, 1, -1, 1, -1, -1, 1, 1, 1, 1, 1, -1, -1, -1, 1, -1, -1, 1, -1, 1, -1, 1, 1, 1, -1, 1, -1, 1, -1, 1, -1, -1, 1, 1, 1, 1, 1, 1, -1, 1, 1, -1, -1, -1, 1, 1, 1, 1, 1, 1, 1, -1, -1, 1, -1, 1, -1, -1, -1, 1, 1, 1, 1, -1, 1, -1, 1, -1, -1, 1, -1, 1, -1, 1, 1, 1, -1, -1, -1, 1, -1, 1, -1, 1, -1, 1, 1, 1, -1, -1, -1, 1, -1, 1, 1, -1, 1, 1, -1, 1, 1, -1, 1, -1, -1, -1, 1, 1, -1, -1, 1, 1, 1, 1, 1, 1, -1, -1, 1, 1, -1, 1, 1, -1, 1, 1, 1, -1, -1, 1, -1, -1, 1, 1, -1, -1, 1, -1, 1, 1, 1, -1, -1, -1, -1, 1, -1, -1, 1, -1, 1, 1, 1, 1, 1, -1, 1, -1, 1, -1, -1, -1, 1, -1, 1, 1, 1, 1, -1, -1, -1, -1, 1, -1, 1, -1, 1, 1, 1, 1, 1, 1, -1, -1, 1, 1, -1, -1, -1, 1, 1, 1, 1, -1, -1, -1, -1, 1, -1, -1, -1, -1, 1, 1, 1, 1, 1, -1, -1, -1, 1, 1, -1, -1, -1, 1, 1, 1, 1, -1, -1, -1, -1, 1, 1, -1, -1, -1, -1, 1, 1, 1, -1, 1, 1, -1, 1, -1, -1, -1, -1, -1, -1, 1, 1, -1, 1, -1, 1, 1, -1, -1, -1, -1, 1, 1, 1, 1, -1, 1, -1, 1, 1, 1, -1, 1, -1, -1, 1, 1, 1, -1, -1, -1, 1, 1, -1, 1, -1, -1, -1, 1, 1, 1, -1, 1, -1, 1, -1, 1, -1, 1, -1, -1, 1, 1, 1, -1, 1, -1, -1, 1, 1, -1, -1, -1, 1, 1, 1, -1, 1, -1, 1, 1, 1, -1, 1, -1, -1, 1, 1, 1, -1, 1, -1, -1, 1, 1, 1, -1, -1, -1, 1, 1, 1, 1, -1, -1, -1, 1, 1, 1, 1, -1, -1, 1, 1, 1, -1, 1, 1, -1, 1, 1, -1, 1, 1, -1, 1, 1, -1, 1, -1, 1, -1, 1, 1, -1, 1, 1, -1, 1, -1, 1, 1, -1, -1, 1, 1, 1, 1, -1, 1, -1
BQP_DATA, 4046, 18857, -9179.000000, -11371.000000, -25536.000000, -27728.000000, 8192.002993, 10210, 2218
